
RAxML-NG v. 1.2.2 released on 11.04.2024 by The Exelixis Lab.
Developed by: Alexey M. Kozlov and Alexandros Stamatakis.
Contributors: Diego Darriba, Tomas Flouri, Benoit Morel, Sarah Lutteropp, Ben Bettisworth, Julia Haag, Anastasis Togkousidis.
Latest version: https://github.com/amkozlov/raxml-ng
Questions/problems/suggestions? Please visit: https://groups.google.com/forum/#!forum/raxml

System: AMD EPYC 7742 64-Core Processor, 128 cores, 1007 GB RAM

RAxML-NG was called at 03-Jul-2024 20:41:33 as follows:

raxml-ng --msa /data/jeremias/eucs/roadies/output/genes/gene_27_filtered.fa.aln --model GTR+G+F --redo --threads auto{4} --blopt nr_safe

Analysis options:
  run mode: ML tree search
  start tree(s): random (10) + parsimony (10)
  random seed: 1720003293
  tip-inner: OFF
  pattern compression: ON
  per-rate scalers: OFF
  site repeats: ON
  logLH epsilon: general: 10.000000, brlen-triplet: 1000.000000
  fast spr radius: AUTO
  spr subtree cutoff: 1.000000
  fast CLV updates: ON
  branch lengths: proportional (ML estimate, algorithm: NR-SAFE)
  SIMD kernels: AVX2
  parallelization: coarse-grained (auto), PTHREADS (auto)

WARNING: Running in REDO mode: existing checkpoints are ignored, and all result files will be overwritten!

[00:00:00] Reading alignment from file: /data/jeremias/eucs/roadies/output/genes/gene_27_filtered.fa.aln
[00:00:00] Loaded alignment with 36 taxa and 505 sites

WARNING: Sequences GCA_014182405.1_0 and GCA_004368105.3_0 are exactly identical!
WARNING: Sequences GCA_014182405.1_0 and GCA_016097485.1_0 are exactly identical!
WARNING: Duplicate sequences found: 2

NOTE: Reduced alignment (with duplicates and gap-only sites/taxa removed) 
NOTE: was saved to: /data/jeremias/eucs/roadies/output/genes/gene_27_filtered.fa.aln.raxml.reduced.phy

Alignment comprises 1 partitions and 127 patterns

Partition 0: noname
Model: GTR+FC+G4m
Alignment sites / patterns: 505 / 127
Gaps: 1.36 %
Invariant sites: 74.26 %


NOTE: Binary MSA file created: /data/jeremias/eucs/roadies/output/genes/gene_27_filtered.fa.aln.raxml.rba

Parallelization scheme autoconfig: 4 worker(s) x 1 thread(s)

[00:00:00] Generating 10 random starting tree(s) with 36 taxa
[00:00:00] Generating 10 parsimony starting tree(s) with 36 taxa
Parallel parsimony with 4 threads
Parallel reduction/worker buffer size: 1 KB  / 0 KB

[00:00:00] Data distribution: max. partitions/sites/weight per thread: 1 / 127 / 2032
[00:00:00] Data distribution: max. searches per worker: 5

Starting ML tree search with 20 distinct starting trees

[00:00:00 -3226.695274] Initial branch length optimization
[00:00:00 -2376.407263] Model parameter optimization (eps = 10.000000)
[00:00:00 -2238.694187] AUTODETECT spr round 1 (radius: 5)
[00:00:00 -1814.569814] AUTODETECT spr round 2 (radius: 10)
[00:00:00 -1671.377211] AUTODETECT spr round 3 (radius: 15)
[00:00:00 -1671.358875] SPR radius for FAST iterations: 10 (autodetect)
[00:00:00 -1671.358875] Model parameter optimization (eps = 3.000000)
[00:00:00 -1649.127649] FAST spr round 1 (radius: 10)
[00:00:00 -1622.972494] FAST spr round 2 (radius: 10)
[00:00:00 -1622.972319] Model parameter optimization (eps = 1.000000)
[00:00:00 -1622.000177] SLOW spr round 1 (radius: 5)
[00:00:00 -1622.000175] SLOW spr round 2 (radius: 10)
[00:00:00 -1622.000175] SLOW spr round 3 (radius: 15)
[00:00:00] [worker #3] ML tree search #4, logLikelihood: -1621.991302
[00:00:00 -1622.000175] SLOW spr round 4 (radius: 20)
[00:00:00 -1622.000175] SLOW spr round 5 (radius: 25)
[00:00:00 -1622.000175] Model parameter optimization (eps = 0.100000)

[00:00:00] [worker #0] ML tree search #1, logLikelihood: -1621.991299

[00:00:00] [worker #1] ML tree search #2, logLikelihood: -1621.991295
[00:00:00 -3233.190028] Initial branch length optimization
[00:00:00 -2417.886941] Model parameter optimization (eps = 10.000000)
[00:00:00] [worker #2] ML tree search #3, logLikelihood: -1621.991298
[00:00:00 -2261.802155] AUTODETECT spr round 1 (radius: 5)
[00:00:01 -1739.151718] AUTODETECT spr round 2 (radius: 10)
[00:00:01 -1698.693715] AUTODETECT spr round 3 (radius: 15)
[00:00:01 -1698.638282] SPR radius for FAST iterations: 10 (autodetect)
[00:00:01 -1698.638282] Model parameter optimization (eps = 3.000000)
[00:00:01 -1679.601650] FAST spr round 1 (radius: 10)
[00:00:01 -1626.312395] FAST spr round 2 (radius: 10)
[00:00:01 -1626.311782] Model parameter optimization (eps = 1.000000)
[00:00:01 -1624.513627] SLOW spr round 1 (radius: 5)
[00:00:01 -1624.513627] SLOW spr round 2 (radius: 10)
[00:00:01 -1622.149425] SLOW spr round 3 (radius: 15)
[00:00:01 -1622.149425] SLOW spr round 4 (radius: 20)
[00:00:01 -1622.149425] SLOW spr round 5 (radius: 25)
[00:00:01 -1622.149425] Model parameter optimization (eps = 0.100000)
[00:00:01] [worker #3] ML tree search #8, logLikelihood: -1621.991942

[00:00:01] [worker #0] ML tree search #5, logLikelihood: -1621.991300

[00:00:01 -3209.761268] Initial branch length optimization
[00:00:01 -2384.446093] Model parameter optimization (eps = 10.000000)
[00:00:01] [worker #1] ML tree search #6, logLikelihood: -1621.991764
[00:00:01 -2240.620042] AUTODETECT spr round 1 (radius: 5)
[00:00:01 -1804.296656] AUTODETECT spr round 2 (radius: 10)
[00:00:01 -1656.444727] AUTODETECT spr round 3 (radius: 15)
[00:00:01 -1656.437919] SPR radius for FAST iterations: 10 (autodetect)
[00:00:01 -1656.437919] Model parameter optimization (eps = 3.000000)
[00:00:01 -1632.151851] FAST spr round 1 (radius: 10)
[00:00:01] [worker #2] ML tree search #7, logLikelihood: -1621.991300
[00:00:01 -1624.732708] Model parameter optimization (eps = 1.000000)
[00:00:01 -1624.515156] SLOW spr round 1 (radius: 5)
[00:00:02] [worker #3] ML tree search #12, logLikelihood: -1621.991761
[00:00:02 -1624.515153] SLOW spr round 2 (radius: 10)
[00:00:02 -1622.155388] SLOW spr round 3 (radius: 15)
[00:00:02 -1622.155388] SLOW spr round 4 (radius: 20)
[00:00:02 -1622.155388] SLOW spr round 5 (radius: 25)
[00:00:02 -1622.155388] Model parameter optimization (eps = 0.100000)
[00:00:02] [worker #1] ML tree search #10, logLikelihood: -1621.991299

[00:00:02] [worker #0] ML tree search #9, logLikelihood: -1621.991480

[00:00:02 -2556.281888] Initial branch length optimization
[00:00:02 -1665.926687] Model parameter optimization (eps = 10.000000)
[00:00:02 -1628.797809] AUTODETECT spr round 1 (radius: 5)
[00:00:02] [worker #2] ML tree search #11, logLikelihood: -1621.991485
[00:00:02 -1622.269038] AUTODETECT spr round 2 (radius: 10)
[00:00:02 -1622.268916] SPR radius for FAST iterations: 5 (autodetect)
[00:00:02 -1622.268916] Model parameter optimization (eps = 3.000000)
[00:00:02 -1621.992712] FAST spr round 1 (radius: 5)
[00:00:02 -1621.992527] Model parameter optimization (eps = 1.000000)
[00:00:02 -1621.991300] SLOW spr round 1 (radius: 5)
[00:00:02] [worker #3] ML tree search #16, logLikelihood: -1621.991302
[00:00:02 -1621.991300] SLOW spr round 2 (radius: 10)
[00:00:02 -1621.991300] SLOW spr round 3 (radius: 15)
[00:00:02] [worker #1] ML tree search #14, logLikelihood: -1621.991483
[00:00:02 -1621.991300] SLOW spr round 4 (radius: 20)
[00:00:02 -1621.991300] SLOW spr round 5 (radius: 25)
[00:00:02 -1621.991300] Model parameter optimization (eps = 0.100000)

[00:00:02] [worker #0] ML tree search #13, logLikelihood: -1621.991299

[00:00:02 -2561.345465] Initial branch length optimization
[00:00:02 -1661.564095] Model parameter optimization (eps = 10.000000)
[00:00:02] [worker #2] ML tree search #15, logLikelihood: -1621.991299
[00:00:02 -1626.270240] AUTODETECT spr round 1 (radius: 5)
[00:00:02 -1622.079850] AUTODETECT spr round 2 (radius: 10)
[00:00:03 -1622.079700] SPR radius for FAST iterations: 5 (autodetect)
[00:00:03 -1622.079700] Model parameter optimization (eps = 3.000000)
[00:00:03 -1621.992169] FAST spr round 1 (radius: 5)
[00:00:03 -1621.992169] Model parameter optimization (eps = 1.000000)
[00:00:03 -1621.991760] SLOW spr round 1 (radius: 5)
[00:00:03] [worker #3] ML tree search #20, logLikelihood: -1621.991300
[00:00:03 -1621.991759] SLOW spr round 2 (radius: 10)
[00:00:03] [worker #1] ML tree search #18, logLikelihood: -1621.991757
[00:00:03 -1621.991759] SLOW spr round 3 (radius: 15)
[00:00:03 -1621.991759] SLOW spr round 4 (radius: 20)
[00:00:03 -1621.991759] SLOW spr round 5 (radius: 25)
[00:00:03 -1621.991759] Model parameter optimization (eps = 0.100000)

[00:00:03] [worker #0] ML tree search #17, logLikelihood: -1621.991758

[00:00:03] [worker #2] ML tree search #19, logLikelihood: -1621.991487

Optimized model parameters:

   Partition 0: noname
   Rate heterogeneity: GAMMA (4 cats, mean),  alpha: 99.879912 (ML),  weights&rates: (0.250000,0.875833) (0.250000,0.964716) (0.250000,1.029565) (0.250000,1.129886) 
   Base frequencies (empirical): 0.379322 0.215425 0.152409 0.252844 
   Substitution rates (ML): 0.687748 2.762993 0.761892 0.847600 3.209165 1.000000 


Final LogLikelihood: -1621.991295

AIC score: 3399.982589 / AICc score: 3428.912167 / BIC score: 3729.498147
Free parameters (model + branch lengths): 78

WARNING: Best ML tree contains 19 near-zero branches!

Best ML tree with collapsed near-zero branches saved to: /data/jeremias/eucs/roadies/output/genes/gene_27_filtered.fa.aln.raxml.bestTreeCollapsed
Best ML tree saved to: /data/jeremias/eucs/roadies/output/genes/gene_27_filtered.fa.aln.raxml.bestTree
All ML trees saved to: /data/jeremias/eucs/roadies/output/genes/gene_27_filtered.fa.aln.raxml.mlTrees
Optimized model saved to: /data/jeremias/eucs/roadies/output/genes/gene_27_filtered.fa.aln.raxml.bestModel

Execution log saved to: /data/jeremias/eucs/roadies/output/genes/gene_27_filtered.fa.aln.raxml.log

Analysis started: 03-Jul-2024 20:41:33 / finished: 03-Jul-2024 20:41:36

Elapsed time: 3.599 seconds

