
RAxML-NG v. 1.2.2 released on 11.04.2024 by The Exelixis Lab.
Developed by: Alexey M. Kozlov and Alexandros Stamatakis.
Contributors: Diego Darriba, Tomas Flouri, Benoit Morel, Sarah Lutteropp, Ben Bettisworth, Julia Haag, Anastasis Togkousidis.
Latest version: https://github.com/amkozlov/raxml-ng
Questions/problems/suggestions? Please visit: https://groups.google.com/forum/#!forum/raxml

System: AMD EPYC 7742 64-Core Processor, 128 cores, 1007 GB RAM

RAxML-NG was called at 29-Jul-2024 15:19:52 as follows:

raxml-ng --msa /data/jeremias/eucs/roadies/output/genes/gene_148_filtered.fa.aln --model GTR+G+F --redo --threads auto{4} --blopt nr_safe

Analysis options:
  run mode: ML tree search
  start tree(s): random (10) + parsimony (10)
  random seed: 1722230392
  tip-inner: OFF
  pattern compression: ON
  per-rate scalers: OFF
  site repeats: ON
  logLH epsilon: general: 10.000000, brlen-triplet: 1000.000000
  fast spr radius: AUTO
  spr subtree cutoff: 1.000000
  fast CLV updates: ON
  branch lengths: proportional (ML estimate, algorithm: NR-SAFE)
  SIMD kernels: AVX2
  parallelization: coarse-grained (auto), PTHREADS (auto)

WARNING: Running in REDO mode: existing checkpoints are ignored, and all result files will be overwritten!

[00:00:00] Reading alignment from file: /data/jeremias/eucs/roadies/output/genes/gene_148_filtered.fa.aln
[00:00:00] Loaded alignment with 360 taxa and 520 sites

WARNING: Sequences E_sid_E_mel_2 and E_victrix_6 are exactly identical!
WARNING: Sequences E_sid_E_mel_2 and E_melliodora_6 are exactly identical!
WARNING: Sequences E_sid_E_mel_0 and E_sideroxylon_1 are exactly identical!
WARNING: Duplicate sequences found: 3

NOTE: Reduced alignment (with duplicates and gap-only sites/taxa removed) 
NOTE: was saved to: /data/jeremias/eucs/roadies/output/genes/gene_148_filtered.fa.aln.raxml.reduced.phy

Alignment comprises 1 partitions and 500 patterns

Partition 0: noname
Model: GTR+FC+G4m
Alignment sites / patterns: 520 / 500
Gaps: 0.42 %
Invariant sites: 6.35 %


NOTE: Binary MSA file created: /data/jeremias/eucs/roadies/output/genes/gene_148_filtered.fa.aln.raxml.rba

Parallelization scheme autoconfig: 4 worker(s) x 1 thread(s)

[00:00:00] Generating 10 random starting tree(s) with 360 taxa
[00:00:00] Generating 10 parsimony starting tree(s) with 360 taxa
Parallel parsimony with 4 threads
Parallel reduction/worker buffer size: 1 KB  / 0 KB

[00:00:00] Data distribution: max. partitions/sites/weight per thread: 1 / 500 / 8000
[00:00:00] Data distribution: max. searches per worker: 5

Starting ML tree search with 20 distinct starting trees

[00:00:00 -47389.467288] Initial branch length optimization
[00:00:00 -39216.925439] Model parameter optimization (eps = 10.000000)
[00:00:04 -34718.651177] AUTODETECT spr round 1 (radius: 5)
[00:00:07 -31583.022069] AUTODETECT spr round 2 (radius: 10)
[00:00:10 -28048.047221] AUTODETECT spr round 3 (radius: 15)
[00:00:14 -26288.960095] AUTODETECT spr round 4 (radius: 20)
[00:00:19 -26155.010417] AUTODETECT spr round 5 (radius: 25)
[00:00:24 -25843.071940] SPR radius for FAST iterations: 25 (autodetect)
[00:00:24 -25843.071940] Model parameter optimization (eps = 3.000000)
[00:00:25 -25764.642200] FAST spr round 1 (radius: 25)
[00:00:33 -23716.664742] FAST spr round 2 (radius: 25)
[00:00:38 -23439.181296] FAST spr round 3 (radius: 25)
[00:00:45 -23338.182525] FAST spr round 4 (radius: 25)
[00:00:51 -23337.718247] Model parameter optimization (eps = 1.000000)
[00:00:53 -23150.229410] SLOW spr round 1 (radius: 5)
[00:01:01 -23143.251991] SLOW spr round 2 (radius: 10)
[00:01:09 -23142.611413] SLOW spr round 3 (radius: 15)
[00:01:19 -23142.611341] SLOW spr round 4 (radius: 20)
[00:01:31 -23142.611321] SLOW spr round 5 (radius: 25)
[00:01:45 -23140.946089] Model parameter optimization (eps = 0.100000)

[00:01:45] [worker #0] ML tree search #1, logLikelihood: -23140.734500

[00:01:46 -47720.501427] Initial branch length optimization
[00:01:46 -39430.851266] Model parameter optimization (eps = 10.000000)
[00:01:47] [worker #2] ML tree search #3, logLikelihood: -23137.502241
[00:01:48 -34857.011677] AUTODETECT spr round 1 (radius: 5)
[00:01:50 -31506.766691] AUTODETECT spr round 2 (radius: 10)
[00:01:53] [worker #3] ML tree search #4, logLikelihood: -23139.373172
[00:01:53 -27460.880469] AUTODETECT spr round 3 (radius: 15)
[00:01:54] [worker #1] ML tree search #2, logLikelihood: -23131.001341
[00:01:59 -26033.703600] AUTODETECT spr round 4 (radius: 20)
[00:02:06 -25092.923646] AUTODETECT spr round 5 (radius: 25)
[00:02:13 -25061.734587] SPR radius for FAST iterations: 25 (autodetect)
[00:02:13 -25061.734587] Model parameter optimization (eps = 3.000000)
[00:02:19 -24768.168111] FAST spr round 1 (radius: 25)
[00:02:26 -23233.235803] FAST spr round 2 (radius: 25)
[00:02:32 -23158.986732] FAST spr round 3 (radius: 25)
[00:02:36 -23147.517252] FAST spr round 4 (radius: 25)
[00:02:39 -23146.186139] Model parameter optimization (eps = 1.000000)
[00:02:39 -23146.042861] SLOW spr round 1 (radius: 5)
[00:02:46 -23135.034085] SLOW spr round 2 (radius: 5)
[00:02:52 -23133.871207] SLOW spr round 3 (radius: 10)
[00:02:59 -23132.182191] SLOW spr round 4 (radius: 15)
[00:03:08 -23132.182186] SLOW spr round 5 (radius: 20)
[00:03:21 -23132.182186] SLOW spr round 6 (radius: 25)
[00:03:27] [worker #2] ML tree search #7, logLikelihood: -23132.307919
[00:03:34 -23132.182186] Model parameter optimization (eps = 0.100000)

[00:03:34] [worker #0] ML tree search #5, logLikelihood: -23132.156930

[00:03:34 -47428.629693] Initial branch length optimization
[00:03:34 -39550.687424] Model parameter optimization (eps = 10.000000)
[00:03:36 -34962.712130] AUTODETECT spr round 1 (radius: 5)
[00:03:37] [worker #3] ML tree search #8, logLikelihood: -23138.983753
[00:03:38 -31075.292898] AUTODETECT spr round 2 (radius: 10)
[00:03:41 -27729.192246] AUTODETECT spr round 3 (radius: 15)
[00:03:45] [worker #1] ML tree search #6, logLikelihood: -23145.578542
[00:03:46 -25815.652285] AUTODETECT spr round 4 (radius: 20)
[00:03:52 -25368.714436] AUTODETECT spr round 5 (radius: 25)
[00:03:58 -25368.318272] SPR radius for FAST iterations: 25 (autodetect)
[00:03:58 -25368.318272] Model parameter optimization (eps = 3.000000)
[00:04:00 -25074.633402] FAST spr round 1 (radius: 25)
[00:04:06 -23335.317479] FAST spr round 2 (radius: 25)
[00:04:11 -23136.325457] FAST spr round 3 (radius: 25)
[00:04:16 -23128.149230] Model parameter optimization (eps = 1.000000)
[00:04:16 -23127.075566] SLOW spr round 1 (radius: 5)
[00:04:23 -23124.849709] SLOW spr round 2 (radius: 10)
[00:04:31 -23124.849446] SLOW spr round 3 (radius: 15)
[00:04:41 -23124.849445] SLOW spr round 4 (radius: 20)
[00:04:53 -23124.849445] SLOW spr round 5 (radius: 25)
[00:04:56] [worker #2] ML tree search #11, logLikelihood: -23139.740315
[00:05:05] [worker #3] ML tree search #12, logLikelihood: -23134.523068
[00:05:07 -23124.849445] Model parameter optimization (eps = 0.100000)

[00:05:07] [worker #0] ML tree search #9, logLikelihood: -23124.845691

[00:05:07 -30154.277328] Initial branch length optimization
[00:05:07 -25807.207149] Model parameter optimization (eps = 10.000000)
[00:05:08 -23473.302231] AUTODETECT spr round 1 (radius: 5)
[00:05:09 -23290.634152] AUTODETECT spr round 2 (radius: 10)
[00:05:12 -23240.022237] AUTODETECT spr round 3 (radius: 15)
[00:05:17] [worker #1] ML tree search #10, logLikelihood: -23134.273357
[00:05:17 -23225.094571] AUTODETECT spr round 4 (radius: 20)
[00:05:22 -23224.575218] AUTODETECT spr round 5 (radius: 25)
[00:05:27 -23224.553138] SPR radius for FAST iterations: 20 (autodetect)
[00:05:27 -23224.553138] Model parameter optimization (eps = 3.000000)
[00:05:28 -23224.125342] FAST spr round 1 (radius: 20)
[00:05:33 -23187.614306] FAST spr round 2 (radius: 20)
[00:05:37 -23172.012552] FAST spr round 3 (radius: 20)
[00:05:41 -23169.130437] Model parameter optimization (eps = 1.000000)
[00:05:42 -23169.002428] SLOW spr round 1 (radius: 5)
[00:05:49 -23152.158134] SLOW spr round 2 (radius: 5)
[00:05:55 -23147.239566] SLOW spr round 3 (radius: 10)
[00:06:02 -23144.206658] SLOW spr round 4 (radius: 15)
[00:06:11 -23143.016037] SLOW spr round 5 (radius: 20)
[00:06:23] [worker #2] ML tree search #15, logLikelihood: -23133.671479
[00:06:24] [worker #3] ML tree search #16, logLikelihood: -23137.387721
[00:06:25 -23143.015992] SLOW spr round 6 (radius: 25)
[00:06:37 -23143.015979] Model parameter optimization (eps = 0.100000)

[00:06:37] [worker #0] ML tree search #13, logLikelihood: -23142.918441

[00:06:37 -30252.029156] Initial branch length optimization
[00:06:38 -25884.024062] Model parameter optimization (eps = 10.000000)
[00:06:39 -23544.862802] AUTODETECT spr round 1 (radius: 5)
[00:06:40 -23359.161557] AUTODETECT spr round 2 (radius: 10)
[00:06:44] [worker #1] ML tree search #14, logLikelihood: -23144.238694
[00:06:44 -23261.892742] AUTODETECT spr round 3 (radius: 15)
[00:06:49 -23236.979064] AUTODETECT spr round 4 (radius: 20)
[00:06:54 -23231.397337] AUTODETECT spr round 5 (radius: 25)
[00:06:59 -23231.365463] SPR radius for FAST iterations: 20 (autodetect)
[00:06:59 -23231.365463] Model parameter optimization (eps = 3.000000)
[00:07:00 -23230.956343] FAST spr round 1 (radius: 20)
[00:07:05 -23166.332153] FAST spr round 2 (radius: 20)
[00:07:10 -23157.602557] Model parameter optimization (eps = 1.000000)
[00:07:10 -23157.509544] SLOW spr round 1 (radius: 5)
[00:07:17 -23141.507294] SLOW spr round 2 (radius: 5)
[00:07:23 -23140.405826] SLOW spr round 3 (radius: 10)
[00:07:30 -23140.346010] SLOW spr round 4 (radius: 15)
[00:07:39 -23138.482751] SLOW spr round 5 (radius: 20)
[00:07:50] [worker #3] ML tree search #20, logLikelihood: -23131.038969
[00:07:52 -23138.482737] SLOW spr round 6 (radius: 25)
[00:08:07] [worker #2] ML tree search #19, logLikelihood: -23138.543979
[00:08:08 -23138.482737] Model parameter optimization (eps = 0.100000)

[00:08:09] [worker #0] ML tree search #17, logLikelihood: -23138.410861

[00:08:27] [worker #1] ML tree search #18, logLikelihood: -23135.398350

Optimized model parameters:

   Partition 0: noname
   Rate heterogeneity: GAMMA (4 cats, mean),  alpha: 0.749338 (ML),  weights&rates: (0.250000,0.084743) (0.250000,0.385908) (0.250000,0.941864) (0.250000,2.587485) 
   Base frequencies (empirical): 0.262078 0.211147 0.209167 0.317608 
   Substitution rates (ML): 1.235043 10.461886 1.301679 0.517150 8.456472 1.000000 


Final LogLikelihood: -23124.845691

AIC score: 47701.691382 / AICc score: 1103305.691382 / BIC score: 50789.971100
Free parameters (model + branch lengths): 726

WARNING: Number of free parameters (K=726) is larger than alignment size (n=520).
         This might lead to overfitting and compromise tree inference results!


WARNING: Best ML tree contains 112 near-zero branches!

Best ML tree with collapsed near-zero branches saved to: /data/jeremias/eucs/roadies/output/genes/gene_148_filtered.fa.aln.raxml.bestTreeCollapsed
Best ML tree saved to: /data/jeremias/eucs/roadies/output/genes/gene_148_filtered.fa.aln.raxml.bestTree
All ML trees saved to: /data/jeremias/eucs/roadies/output/genes/gene_148_filtered.fa.aln.raxml.mlTrees
Optimized model saved to: /data/jeremias/eucs/roadies/output/genes/gene_148_filtered.fa.aln.raxml.bestModel

Execution log saved to: /data/jeremias/eucs/roadies/output/genes/gene_148_filtered.fa.aln.raxml.log

Analysis started: 29-Jul-2024 15:19:52 / finished: 29-Jul-2024 15:28:19

Elapsed time: 507.374 seconds

