
RAxML-NG v. 1.2.2 released on 11.04.2024 by The Exelixis Lab.
Developed by: Alexey M. Kozlov and Alexandros Stamatakis.
Contributors: Diego Darriba, Tomas Flouri, Benoit Morel, Sarah Lutteropp, Ben Bettisworth, Julia Haag, Anastasis Togkousidis.
Latest version: https://github.com/amkozlov/raxml-ng
Questions/problems/suggestions? Please visit: https://groups.google.com/forum/#!forum/raxml

System: AMD EPYC 7742 64-Core Processor, 128 cores, 1007 GB RAM

RAxML-NG was called at 03-Jul-2024 19:46:10 as follows:

raxml-ng --msa /data/jeremias/eucs/roadies/output/genes/gene_234_filtered.fa.aln --model GTR+G+F --redo --threads auto{4} --blopt nr_safe

Analysis options:
  run mode: ML tree search
  start tree(s): random (10) + parsimony (10)
  random seed: 1719999970
  tip-inner: OFF
  pattern compression: ON
  per-rate scalers: OFF
  site repeats: ON
  logLH epsilon: general: 10.000000, brlen-triplet: 1000.000000
  fast spr radius: AUTO
  spr subtree cutoff: 1.000000
  fast CLV updates: ON
  branch lengths: proportional (ML estimate, algorithm: NR-SAFE)
  SIMD kernels: AVX2
  parallelization: coarse-grained (auto), PTHREADS (auto)

WARNING: Running in REDO mode: existing checkpoints are ignored, and all result files will be overwritten!

[00:00:00] Reading alignment from file: /data/jeremias/eucs/roadies/output/genes/gene_234_filtered.fa.aln
[00:00:00] Loaded alignment with 319 taxa and 500 sites

Alignment comprises 1 partitions and 496 patterns

Partition 0: noname
Model: GTR+FC+G4m
Alignment sites / patterns: 500 / 496
Gaps: 1.60 %
Invariant sites: 2.00 %


NOTE: Binary MSA file created: /data/jeremias/eucs/roadies/output/genes/gene_234_filtered.fa.aln.raxml.rba

Parallelization scheme autoconfig: 4 worker(s) x 1 thread(s)

[00:00:00] Generating 10 random starting tree(s) with 319 taxa
[00:00:00] Generating 10 parsimony starting tree(s) with 319 taxa
Parallel parsimony with 4 threads
Parallel reduction/worker buffer size: 1 KB  / 0 KB

[00:00:00] Data distribution: max. partitions/sites/weight per thread: 1 / 496 / 7936
[00:00:00] Data distribution: max. searches per worker: 5

Starting ML tree search with 20 distinct starting trees

[00:00:00 -105792.817260] Initial branch length optimization
[00:00:00 -92874.919331] Model parameter optimization (eps = 10.000000)
[00:00:01 -88490.846977] AUTODETECT spr round 1 (radius: 5)
[00:00:02 -54153.549623] AUTODETECT spr round 2 (radius: 10)
[00:00:05 -39164.976111] AUTODETECT spr round 3 (radius: 15)
[00:00:09 -35391.238274] AUTODETECT spr round 4 (radius: 20)
[00:00:14 -34802.389671] AUTODETECT spr round 5 (radius: 25)
[00:00:21 -34801.689009] SPR radius for FAST iterations: 25 (autodetect)
[00:00:21 -34801.689009] Model parameter optimization (eps = 3.000000)
[00:00:22 -34410.511584] FAST spr round 1 (radius: 25)
[00:00:25 -31907.180951] FAST spr round 2 (radius: 25)
[00:00:27 -31461.233212] FAST spr round 3 (radius: 25)
[00:00:29 -31448.939034] FAST spr round 4 (radius: 25)
[00:00:30 -31448.471037] Model parameter optimization (eps = 1.000000)
[00:00:30 -31445.845425] SLOW spr round 1 (radius: 5)
[00:00:35 -31434.481723] SLOW spr round 2 (radius: 5)
[00:00:40 -31433.615463] SLOW spr round 3 (radius: 10)
[00:00:43 -31433.615454] SLOW spr round 4 (radius: 15)
[00:00:51 -31433.615454] SLOW spr round 5 (radius: 20)
[00:01:02 -31433.615454] SLOW spr round 6 (radius: 25)
[00:01:08] [worker #2] ML tree search #3, logLikelihood: -31437.295146
[00:01:10] [worker #3] ML tree search #4, logLikelihood: -31435.274158
[00:01:11] [worker #1] ML tree search #2, logLikelihood: -31437.396921
[00:01:14 -31433.615454] Model parameter optimization (eps = 0.100000)

[00:01:14] [worker #0] ML tree search #1, logLikelihood: -31433.604089

[00:01:14 -104290.601639] Initial branch length optimization
[00:01:14 -92188.111251] Model parameter optimization (eps = 10.000000)
[00:01:15 -87878.903812] AUTODETECT spr round 1 (radius: 5)
[00:01:17 -54050.118788] AUTODETECT spr round 2 (radius: 10)
[00:01:20 -36730.566338] AUTODETECT spr round 3 (radius: 15)
[00:01:24 -35441.658436] AUTODETECT spr round 4 (radius: 20)
[00:01:30 -35317.461406] AUTODETECT spr round 5 (radius: 25)
[00:01:37 -35317.226360] SPR radius for FAST iterations: 25 (autodetect)
[00:01:37 -35317.226360] Model parameter optimization (eps = 3.000000)
[00:01:39 -34916.647546] FAST spr round 1 (radius: 25)
[00:01:42 -31636.017521] FAST spr round 2 (radius: 25)
[00:01:44 -31498.794015] FAST spr round 3 (radius: 25)
[00:01:46 -31453.423532] FAST spr round 4 (radius: 25)
[00:01:47 -31453.421954] Model parameter optimization (eps = 1.000000)
[00:01:47 -31449.743619] SLOW spr round 1 (radius: 5)
[00:01:53 -31434.007073] SLOW spr round 2 (radius: 5)
[00:01:58 -31434.006853] SLOW spr round 3 (radius: 10)
[00:02:01 -31434.006842] SLOW spr round 4 (radius: 15)
[00:02:09 -31434.006841] SLOW spr round 5 (radius: 20)
[00:02:20] [worker #2] ML tree search #7, logLikelihood: -31436.599876
[00:02:21 -31434.006841] SLOW spr round 6 (radius: 25)
[00:02:22] [worker #3] ML tree search #8, logLikelihood: -31433.903232
[00:02:24] [worker #1] ML tree search #6, logLikelihood: -31435.304714
[00:02:33 -31434.006841] Model parameter optimization (eps = 0.100000)

[00:02:33] [worker #0] ML tree search #5, logLikelihood: -31433.991678

[00:02:33 -104880.451611] Initial branch length optimization
[00:02:33 -92748.762242] Model parameter optimization (eps = 10.000000)
[00:02:35 -88421.772980] AUTODETECT spr round 1 (radius: 5)
[00:02:36 -51717.806051] AUTODETECT spr round 2 (radius: 10)
[00:02:39 -40005.250355] AUTODETECT spr round 3 (radius: 15)
[00:02:43 -35842.074529] AUTODETECT spr round 4 (radius: 20)
[00:02:47 -35563.157076] AUTODETECT spr round 5 (radius: 25)
[00:02:52 -35562.783682] SPR radius for FAST iterations: 25 (autodetect)
[00:02:52 -35562.783682] Model parameter optimization (eps = 3.000000)
[00:02:54 -35187.719909] FAST spr round 1 (radius: 25)
[00:02:56 -31635.648714] FAST spr round 2 (radius: 25)
[00:02:59 -31453.693924] FAST spr round 3 (radius: 25)
[00:03:00 -31452.658517] Model parameter optimization (eps = 1.000000)
[00:03:00 -31447.470404] SLOW spr round 1 (radius: 5)
[00:03:06 -31435.739478] SLOW spr round 2 (radius: 5)
[00:03:11 -31434.881835] SLOW spr round 3 (radius: 10)
[00:03:15 -31434.881630] SLOW spr round 4 (radius: 15)
[00:03:18] [worker #3] ML tree search #12, logLikelihood: -31435.642745
[00:03:20] [worker #2] ML tree search #11, logLikelihood: -31439.927789
[00:03:22 -31434.881630] SLOW spr round 5 (radius: 20)
[00:03:34 -31434.881630] SLOW spr round 6 (radius: 25)
[00:03:38] [worker #1] ML tree search #10, logLikelihood: -31432.991696
[00:03:46 -31434.881630] Model parameter optimization (eps = 0.100000)

[00:03:46] [worker #0] ML tree search #9, logLikelihood: -31434.849567

[00:03:46 -37512.058063] Initial branch length optimization
[00:03:47 -34440.974457] Model parameter optimization (eps = 10.000000)
[00:03:48 -31697.077857] AUTODETECT spr round 1 (radius: 5)
[00:03:49 -31448.329720] AUTODETECT spr round 2 (radius: 10)
[00:03:52 -31448.223104] AUTODETECT spr round 3 (radius: 15)
[00:03:58 -31448.195089] SPR radius for FAST iterations: 10 (autodetect)
[00:03:58 -31448.195089] Model parameter optimization (eps = 3.000000)
[00:03:59 -31447.619523] FAST spr round 1 (radius: 10)
[00:04:01 -31442.637201] Model parameter optimization (eps = 1.000000)
[00:04:01 -31442.627838] SLOW spr round 1 (radius: 5)
[00:04:06 -31434.067509] SLOW spr round 2 (radius: 10)
[00:04:10 -31434.066363] SLOW spr round 3 (radius: 15)
[00:04:12] [worker #3] ML tree search #16, logLikelihood: -31432.915152
[00:04:15] [worker #2] ML tree search #15, logLikelihood: -31433.222341
[00:04:18 -31434.065322] SLOW spr round 4 (radius: 20)
[00:04:30 -31434.064296] SLOW spr round 5 (radius: 25)
[00:04:33] [worker #1] ML tree search #14, logLikelihood: -31433.384953
[00:04:42 -31434.063279] Model parameter optimization (eps = 0.100000)

[00:04:43] [worker #0] ML tree search #13, logLikelihood: -31434.051653

[00:04:43 -37485.204856] Initial branch length optimization
[00:04:43 -34229.739056] Model parameter optimization (eps = 10.000000)
[00:04:44 -31627.348561] AUTODETECT spr round 1 (radius: 5)
[00:04:45 -31454.500661] AUTODETECT spr round 2 (radius: 10)
[00:04:48 -31452.831604] AUTODETECT spr round 3 (radius: 15)
[00:04:54 -31452.811778] SPR radius for FAST iterations: 10 (autodetect)
[00:04:54 -31452.811778] Model parameter optimization (eps = 3.000000)
[00:04:54 -31452.433706] FAST spr round 1 (radius: 10)
[00:04:56 -31445.821370] Model parameter optimization (eps = 1.000000)
[00:04:56 -31445.813495] SLOW spr round 1 (radius: 5)
[00:05:01 -31432.401690] SLOW spr round 2 (radius: 5)
[00:05:06 -31432.131805] SLOW spr round 3 (radius: 10)
[00:05:10 -31432.001171] SLOW spr round 4 (radius: 15)
[00:05:10] [worker #2] ML tree search #19, logLikelihood: -31438.567543
[00:05:15] [worker #3] ML tree search #20, logLikelihood: -31434.917763
[00:05:17 -31432.000945] SLOW spr round 5 (radius: 20)
[00:05:29 -31432.000945] SLOW spr round 6 (radius: 25)
[00:05:30] [worker #1] ML tree search #18, logLikelihood: -31435.302259
[00:05:42 -31432.000945] Model parameter optimization (eps = 0.100000)

[00:05:42] [worker #0] ML tree search #17, logLikelihood: -31431.997506


Optimized model parameters:

   Partition 0: noname
   Rate heterogeneity: GAMMA (4 cats, mean),  alpha: 1.202364 (ML),  weights&rates: (0.250000,0.175481) (0.250000,0.530141) (0.250000,1.026837) (0.250000,2.267541) 
   Base frequencies (empirical): 0.273945 0.203108 0.249040 0.273907 
   Substitution rates (ML): 0.595221 4.888717 0.850777 0.288381 4.477099 1.000000 


Final LogLikelihood: -31431.997506

AIC score: 64151.995011 / AICc score: 894911.995011 / BIC score: 66866.202627
Free parameters (model + branch lengths): 644

WARNING: Number of free parameters (K=644) is larger than alignment size (n=500).
         This might lead to overfitting and compromise tree inference results!


WARNING: Best ML tree contains 32 near-zero branches!

Best ML tree with collapsed near-zero branches saved to: /data/jeremias/eucs/roadies/output/genes/gene_234_filtered.fa.aln.raxml.bestTreeCollapsed
Best ML tree saved to: /data/jeremias/eucs/roadies/output/genes/gene_234_filtered.fa.aln.raxml.bestTree
All ML trees saved to: /data/jeremias/eucs/roadies/output/genes/gene_234_filtered.fa.aln.raxml.mlTrees
Optimized model saved to: /data/jeremias/eucs/roadies/output/genes/gene_234_filtered.fa.aln.raxml.bestModel

Execution log saved to: /data/jeremias/eucs/roadies/output/genes/gene_234_filtered.fa.aln.raxml.log

Analysis started: 03-Jul-2024 19:46:10 / finished: 03-Jul-2024 19:51:52

Elapsed time: 342.316 seconds

