
RAxML-NG v. 1.2.2 released on 11.04.2024 by The Exelixis Lab.
Developed by: Alexey M. Kozlov and Alexandros Stamatakis.
Contributors: Diego Darriba, Tomas Flouri, Benoit Morel, Sarah Lutteropp, Ben Bettisworth, Julia Haag, Anastasis Togkousidis.
Latest version: https://github.com/amkozlov/raxml-ng
Questions/problems/suggestions? Please visit: https://groups.google.com/forum/#!forum/raxml

System: AMD EPYC 7742 64-Core Processor, 128 cores, 1007 GB RAM

RAxML-NG was called at 03-Jul-2024 20:24:30 as follows:

raxml-ng --msa /data/jeremias/eucs/roadies/output/genes/gene_186_filtered.fa.aln --model GTR+G+F --redo --threads auto{4} --blopt nr_safe

Analysis options:
  run mode: ML tree search
  start tree(s): random (10) + parsimony (10)
  random seed: 1720002270
  tip-inner: OFF
  pattern compression: ON
  per-rate scalers: OFF
  site repeats: ON
  logLH epsilon: general: 10.000000, brlen-triplet: 1000.000000
  fast spr radius: AUTO
  spr subtree cutoff: 1.000000
  fast CLV updates: ON
  branch lengths: proportional (ML estimate, algorithm: NR-SAFE)
  SIMD kernels: AVX2
  parallelization: coarse-grained (auto), PTHREADS (auto)

WARNING: Running in REDO mode: existing checkpoints are ignored, and all result files will be overwritten!

[00:00:00] Reading alignment from file: /data/jeremias/eucs/roadies/output/genes/gene_186_filtered.fa.aln
[00:00:00] Loaded alignment with 37 taxa and 525 sites

Alignment comprises 1 partitions and 140 patterns

Partition 0: noname
Model: GTR+FC+G4m
Alignment sites / patterns: 525 / 140
Gaps: 4.69 %
Invariant sites: 74.67 %


NOTE: Binary MSA file created: /data/jeremias/eucs/roadies/output/genes/gene_186_filtered.fa.aln.raxml.rba

Parallelization scheme autoconfig: 4 worker(s) x 1 thread(s)

[00:00:00] Generating 10 random starting tree(s) with 37 taxa
[00:00:00] Generating 10 parsimony starting tree(s) with 37 taxa
Parallel parsimony with 4 threads
Parallel reduction/worker buffer size: 1 KB  / 0 KB

[00:00:00] Data distribution: max. partitions/sites/weight per thread: 1 / 140 / 2240
[00:00:00] Data distribution: max. searches per worker: 5

Starting ML tree search with 20 distinct starting trees

[00:00:00 -3649.343538] Initial branch length optimization
[00:00:00 -2831.555987] Model parameter optimization (eps = 10.000000)
[00:00:00 -2597.580458] AUTODETECT spr round 1 (radius: 5)
[00:00:00 -2064.405102] AUTODETECT spr round 2 (radius: 10)
[00:00:00 -2051.626625] AUTODETECT spr round 3 (radius: 15)
[00:00:00 -2051.600448] SPR radius for FAST iterations: 10 (autodetect)
[00:00:00 -2051.600448] Model parameter optimization (eps = 3.000000)
[00:00:00 -2045.674371] FAST spr round 1 (radius: 10)
[00:00:00 -2034.287695] FAST spr round 2 (radius: 10)
[00:00:00 -2027.527910] Model parameter optimization (eps = 1.000000)
[00:00:00 -2027.405105] SLOW spr round 1 (radius: 5)
[00:00:00 -2026.863861] SLOW spr round 2 (radius: 10)
[00:00:00 -2026.863858] SLOW spr round 3 (radius: 15)
[00:00:00 -2026.863858] SLOW spr round 4 (radius: 20)
[00:00:00] [worker #1] ML tree search #2, logLikelihood: -2025.124993
[00:00:00] [worker #2] ML tree search #3, logLikelihood: -2024.704295
[00:00:00 -2026.863858] SLOW spr round 5 (radius: 25)
[00:00:00 -2026.863858] Model parameter optimization (eps = 0.100000)

[00:00:00] [worker #0] ML tree search #1, logLikelihood: -2026.855820

[00:00:00 -3690.356212] Initial branch length optimization
[00:00:00 -2873.499721] Model parameter optimization (eps = 10.000000)
[00:00:00] [worker #3] ML tree search #4, logLikelihood: -2022.863553
[00:00:00 -2623.772940] AUTODETECT spr round 1 (radius: 5)
[00:00:00 -2103.101443] AUTODETECT spr round 2 (radius: 10)
[00:00:00 -2080.089699] AUTODETECT spr round 3 (radius: 15)
[00:00:00 -2078.826247] AUTODETECT spr round 4 (radius: 20)
[00:00:00 -2078.619480] AUTODETECT spr round 5 (radius: 25)
[00:00:00 -2078.611818] SPR radius for FAST iterations: 20 (autodetect)
[00:00:00 -2078.611818] Model parameter optimization (eps = 3.000000)
[00:00:01 -2073.305098] FAST spr round 1 (radius: 20)
[00:00:01 -2035.968705] FAST spr round 2 (radius: 20)
[00:00:01 -2028.373908] Model parameter optimization (eps = 1.000000)
[00:00:01 -2028.063846] SLOW spr round 1 (radius: 5)
[00:00:01 -2026.560383] SLOW spr round 2 (radius: 10)
[00:00:01] [worker #1] ML tree search #6, logLikelihood: -2025.654932
[00:00:01 -2025.668722] SLOW spr round 3 (radius: 15)
[00:00:01] [worker #2] ML tree search #7, logLikelihood: -2027.896191
[00:00:01 -2025.668694] SLOW spr round 4 (radius: 20)
[00:00:01] [worker #3] ML tree search #8, logLikelihood: -2026.988000
[00:00:01 -2025.668694] SLOW spr round 5 (radius: 25)
[00:00:01 -2025.668694] Model parameter optimization (eps = 0.100000)

[00:00:01] [worker #0] ML tree search #5, logLikelihood: -2025.624791

[00:00:01 -3688.134757] Initial branch length optimization
[00:00:01 -2895.743365] Model parameter optimization (eps = 10.000000)
[00:00:01 -2655.492451] AUTODETECT spr round 1 (radius: 5)
[00:00:01 -2123.902792] AUTODETECT spr round 2 (radius: 10)
[00:00:01 -2075.134209] AUTODETECT spr round 3 (radius: 15)
[00:00:01 -2073.053779] AUTODETECT spr round 4 (radius: 20)
[00:00:01 -2073.006292] SPR radius for FAST iterations: 15 (autodetect)
[00:00:01 -2073.006292] Model parameter optimization (eps = 3.000000)
[00:00:01 -2067.922904] FAST spr round 1 (radius: 15)
[00:00:01 -2034.307683] FAST spr round 2 (radius: 15)
[00:00:01 -2027.048599] Model parameter optimization (eps = 1.000000)
[00:00:01 -2026.666509] SLOW spr round 1 (radius: 5)
[00:00:02] [worker #2] ML tree search #11, logLikelihood: -2024.426132
[00:00:02] [worker #1] ML tree search #10, logLikelihood: -2028.701048
[00:00:02 -2024.880160] SLOW spr round 2 (radius: 10)
[00:00:02 -2024.880135] SLOW spr round 3 (radius: 15)
[00:00:02] [worker #3] ML tree search #12, logLikelihood: -2026.826934
[00:00:02 -2024.880135] SLOW spr round 4 (radius: 20)
[00:00:02 -2024.880135] SLOW spr round 5 (radius: 25)
[00:00:02 -2024.880135] Model parameter optimization (eps = 0.100000)

[00:00:02] [worker #0] ML tree search #9, logLikelihood: -2024.759371

[00:00:02 -2913.102393] Initial branch length optimization
[00:00:02 -2091.554544] Model parameter optimization (eps = 10.000000)
[00:00:02 -2030.966260] AUTODETECT spr round 1 (radius: 5)
[00:00:02 -2030.966101] SPR radius for FAST iterations: 5 (autodetect)
[00:00:02 -2030.966101] Model parameter optimization (eps = 3.000000)
[00:00:02 -2030.966083] FAST spr round 1 (radius: 5)
[00:00:02 -2030.966083] Model parameter optimization (eps = 1.000000)
[00:00:02 -2030.966082] SLOW spr round 1 (radius: 5)
[00:00:02] [worker #2] ML tree search #15, logLikelihood: -2024.496523
[00:00:02 -2025.780280] SLOW spr round 2 (radius: 10)
[00:00:02] [worker #1] ML tree search #14, logLikelihood: -2024.704012
[00:00:02 -2025.780279] SLOW spr round 3 (radius: 15)
[00:00:02 -2025.780279] SLOW spr round 4 (radius: 20)
[00:00:02] [worker #3] ML tree search #16, logLikelihood: -2028.162177
[00:00:02 -2025.780279] SLOW spr round 5 (radius: 25)
[00:00:02 -2025.780279] Model parameter optimization (eps = 0.100000)

[00:00:02] [worker #0] ML tree search #13, logLikelihood: -2025.743287

[00:00:02 -2917.711224] Initial branch length optimization
[00:00:02 -2090.964873] Model parameter optimization (eps = 10.000000)
[00:00:02 -2028.771905] AUTODETECT spr round 1 (radius: 5)
[00:00:02 -2028.764340] SPR radius for FAST iterations: 5 (autodetect)
[00:00:03 -2028.764340] Model parameter optimization (eps = 3.000000)
[00:00:03 -2028.753706] FAST spr round 1 (radius: 5)
[00:00:03 -2028.588108] Model parameter optimization (eps = 1.000000)
[00:00:03 -2028.588094] SLOW spr round 1 (radius: 5)
[00:00:03] [worker #2] ML tree search #19, logLikelihood: -2026.856045
[00:00:03 -2028.587302] SLOW spr round 2 (radius: 10)
[00:00:03 -2028.587302] SLOW spr round 3 (radius: 15)
[00:00:03] [worker #1] ML tree search #18, logLikelihood: -2027.873950
[00:00:03 -2028.587302] SLOW spr round 4 (radius: 20)
[00:00:03 -2028.587302] SLOW spr round 5 (radius: 25)
[00:00:03 -2028.587302] Model parameter optimization (eps = 0.100000)

[00:00:03] [worker #0] ML tree search #17, logLikelihood: -2028.587301

[00:00:03] [worker #3] ML tree search #20, logLikelihood: -2026.523151

Optimized model parameters:

   Partition 0: noname
   Rate heterogeneity: GAMMA (4 cats, mean),  alpha: 0.323510 (ML),  weights&rates: (0.250000,0.007395) (0.250000,0.122864) (0.250000,0.633252) (0.250000,3.236489) 
   Base frequencies (empirical): 0.265651 0.238859 0.243775 0.251715 
   Substitution rates (ML): 0.640850 4.929527 1.501306 1.048482 3.630969 1.000000 


Final LogLikelihood: -2022.863553

AIC score: 4205.727105 / AICc score: 4234.916295 / BIC score: 4546.798966
Free parameters (model + branch lengths): 80

WARNING: Best ML tree contains 9 near-zero branches!

Best ML tree with collapsed near-zero branches saved to: /data/jeremias/eucs/roadies/output/genes/gene_186_filtered.fa.aln.raxml.bestTreeCollapsed
Best ML tree saved to: /data/jeremias/eucs/roadies/output/genes/gene_186_filtered.fa.aln.raxml.bestTree
All ML trees saved to: /data/jeremias/eucs/roadies/output/genes/gene_186_filtered.fa.aln.raxml.mlTrees
Optimized model saved to: /data/jeremias/eucs/roadies/output/genes/gene_186_filtered.fa.aln.raxml.bestModel

Execution log saved to: /data/jeremias/eucs/roadies/output/genes/gene_186_filtered.fa.aln.raxml.log

Analysis started: 03-Jul-2024 20:24:30 / finished: 03-Jul-2024 20:24:33

Elapsed time: 3.524 seconds

