
RAxML-NG v. 1.2.2 released on 11.04.2024 by The Exelixis Lab.
Developed by: Alexey M. Kozlov and Alexandros Stamatakis.
Contributors: Diego Darriba, Tomas Flouri, Benoit Morel, Sarah Lutteropp, Ben Bettisworth, Julia Haag, Anastasis Togkousidis.
Latest version: https://github.com/amkozlov/raxml-ng
Questions/problems/suggestions? Please visit: https://groups.google.com/forum/#!forum/raxml

System: AMD EPYC 7742 64-Core Processor, 128 cores, 1007 GB RAM

RAxML-NG was called at 03-Jul-2024 18:46:11 as follows:

raxml-ng --msa /data/jeremias/eucs/roadies/output/genes/gene_180_filtered.fa.aln --model GTR+G+F --redo --threads auto{4} --blopt nr_safe

Analysis options:
  run mode: ML tree search
  start tree(s): random (10) + parsimony (10)
  random seed: 1719996371
  tip-inner: OFF
  pattern compression: ON
  per-rate scalers: OFF
  site repeats: ON
  logLH epsilon: general: 10.000000, brlen-triplet: 1000.000000
  fast spr radius: AUTO
  spr subtree cutoff: 1.000000
  fast CLV updates: ON
  branch lengths: proportional (ML estimate, algorithm: NR-SAFE)
  SIMD kernels: AVX2
  parallelization: coarse-grained (auto), PTHREADS (auto)

WARNING: Running in REDO mode: existing checkpoints are ignored, and all result files will be overwritten!

[00:00:00] Reading alignment from file: /data/jeremias/eucs/roadies/output/genes/gene_180_filtered.fa.aln
[00:00:00] Loaded alignment with 71 taxa and 550 sites

WARNING: Sequences GCA_014182385.1_1 and GCA_014182545.1_1 are exactly identical!
WARNING: Sequences GCA_014182385.1_1 and GCF_016545825.1_1 are exactly identical!
WARNING: Sequences GCA_014182405.1_0 and GCA_017140255.1_1 are exactly identical!
WARNING: Sequences GCA_004368105.3_2 and GCA_016097485.1_1 are exactly identical!
WARNING: Sequences GCA_017140185.1_1 and GCA_016097615.1_3 are exactly identical!
WARNING: Sequences GCA_016097615.1_1 and GCA_016097615.1_2 are exactly identical!
WARNING: Duplicate sequences found: 6

NOTE: Reduced alignment (with duplicates and gap-only sites/taxa removed) 
NOTE: was saved to: /data/jeremias/eucs/roadies/output/genes/gene_180_filtered.fa.aln.raxml.reduced.phy

Alignment comprises 1 partitions and 277 patterns

Partition 0: noname
Model: GTR+FC+G4m
Alignment sites / patterns: 550 / 277
Gaps: 7.20 %
Invariant sites: 54.55 %


NOTE: Binary MSA file created: /data/jeremias/eucs/roadies/output/genes/gene_180_filtered.fa.aln.raxml.rba

Parallelization scheme autoconfig: 4 worker(s) x 1 thread(s)

[00:00:00] Generating 10 random starting tree(s) with 71 taxa
[00:00:00] Generating 10 parsimony starting tree(s) with 71 taxa
Parallel parsimony with 4 threads
Parallel reduction/worker buffer size: 1 KB  / 0 KB

[00:00:00] Data distribution: max. partitions/sites/weight per thread: 1 / 277 / 4432
[00:00:00] Data distribution: max. searches per worker: 5

Starting ML tree search with 20 distinct starting trees

[00:00:00 -11132.284251] Initial branch length optimization
[00:00:00 -8489.039089] Model parameter optimization (eps = 10.000000)
[00:00:00 -7295.762327] AUTODETECT spr round 1 (radius: 5)
[00:00:00 -4535.472435] AUTODETECT spr round 2 (radius: 10)
[00:00:00 -3509.300540] AUTODETECT spr round 3 (radius: 15)
[00:00:00 -3404.944582] AUTODETECT spr round 4 (radius: 20)
[00:00:00 -3404.943937] SPR radius for FAST iterations: 15 (autodetect)
[00:00:00 -3404.943937] Model parameter optimization (eps = 3.000000)
[00:00:01 -3178.945906] FAST spr round 1 (radius: 15)
[00:00:01 -3058.622309] FAST spr round 2 (radius: 15)
[00:00:01 -3028.348409] FAST spr round 3 (radius: 15)
[00:00:01 -3028.348012] Model parameter optimization (eps = 1.000000)
[00:00:01 -3026.942792] SLOW spr round 1 (radius: 5)
[00:00:02 -3026.942524] SLOW spr round 2 (radius: 10)
[00:00:02 -3022.949892] SLOW spr round 3 (radius: 15)
[00:00:03 -3022.949892] SLOW spr round 4 (radius: 20)
[00:00:03 -3022.949892] SLOW spr round 5 (radius: 25)
[00:00:03] [worker #3] ML tree search #4, logLikelihood: -3022.671636
[00:00:03 -3022.949892] Model parameter optimization (eps = 0.100000)

[00:00:03] [worker #0] ML tree search #1, logLikelihood: -3022.872223

[00:00:03 -10793.244818] Initial branch length optimization
[00:00:03 -7893.941616] Model parameter optimization (eps = 10.000000)
[00:00:03 -6854.855133] AUTODETECT spr round 1 (radius: 5)
[00:00:03 -4261.552880] AUTODETECT spr round 2 (radius: 10)
[00:00:04] [worker #1] ML tree search #2, logLikelihood: -3022.814097
[00:00:04] [worker #2] ML tree search #3, logLikelihood: -3023.065723
[00:00:04 -3405.760721] AUTODETECT spr round 3 (radius: 15)
[00:00:04 -3371.579331] AUTODETECT spr round 4 (radius: 20)
[00:00:04 -3371.152154] AUTODETECT spr round 5 (radius: 25)
[00:00:04 -3371.135057] SPR radius for FAST iterations: 20 (autodetect)
[00:00:04 -3371.135057] Model parameter optimization (eps = 3.000000)
[00:00:04 -3142.327392] FAST spr round 1 (radius: 20)
[00:00:05 -3100.786345] FAST spr round 2 (radius: 20)
[00:00:05 -3029.971476] FAST spr round 3 (radius: 20)
[00:00:05 -3029.971341] Model parameter optimization (eps = 1.000000)
[00:00:05 -3028.758249] SLOW spr round 1 (radius: 5)
[00:00:06 -3026.308549] SLOW spr round 2 (radius: 10)
[00:00:06 -3025.013276] SLOW spr round 3 (radius: 15)
[00:00:07 -3025.013245] SLOW spr round 4 (radius: 20)
[00:00:07] [worker #3] ML tree search #8, logLikelihood: -3022.671690
[00:00:07 -3025.013245] SLOW spr round 5 (radius: 25)
[00:00:07 -3025.013245] Model parameter optimization (eps = 0.100000)

[00:00:07] [worker #0] ML tree search #5, logLikelihood: -3024.874058

[00:00:07 -10840.761275] Initial branch length optimization
[00:00:07 -8356.337780] Model parameter optimization (eps = 10.000000)
[00:00:07] [worker #2] ML tree search #7, logLikelihood: -3024.874077
[00:00:07] [worker #1] ML tree search #6, logLikelihood: -3022.671840
[00:00:07 -7248.728012] AUTODETECT spr round 1 (radius: 5)
[00:00:08 -3991.287863] AUTODETECT spr round 2 (radius: 10)
[00:00:08 -3305.092013] AUTODETECT spr round 3 (radius: 15)
[00:00:08 -3304.487096] AUTODETECT spr round 4 (radius: 20)
[00:00:08 -3304.280675] AUTODETECT spr round 5 (radius: 25)
[00:00:08 -3304.231567] SPR radius for FAST iterations: 20 (autodetect)
[00:00:08 -3304.231567] Model parameter optimization (eps = 3.000000)
[00:00:09 -3079.215521] FAST spr round 1 (radius: 20)
[00:00:09 -3033.575730] FAST spr round 2 (radius: 20)
[00:00:09 -3030.103337] Model parameter optimization (eps = 1.000000)
[00:00:09 -3029.649491] SLOW spr round 1 (radius: 5)
[00:00:10 -3027.229561] SLOW spr round 2 (radius: 10)
[00:00:10] [worker #3] ML tree search #12, logLikelihood: -3026.356392
[00:00:10] [worker #2] ML tree search #11, logLikelihood: -3023.065584
[00:00:10 -3023.297404] SLOW spr round 3 (radius: 15)
[00:00:11 -3023.297404] SLOW spr round 4 (radius: 20)
[00:00:11 -3023.297404] SLOW spr round 5 (radius: 25)
[00:00:11 -3023.297404] Model parameter optimization (eps = 0.100000)

[00:00:11] [worker #0] ML tree search #9, logLikelihood: -3023.065541

[00:00:11 -4498.580256] Initial branch length optimization
[00:00:11 -3133.101046] Model parameter optimization (eps = 10.000000)
[00:00:12 -3032.490457] AUTODETECT spr round 1 (radius: 5)
[00:00:12] [worker #1] ML tree search #10, logLikelihood: -3024.874069
[00:00:12 -3023.344922] AUTODETECT spr round 2 (radius: 10)
[00:00:12 -3023.134361] AUTODETECT spr round 3 (radius: 15)
[00:00:12 -3023.134350] SPR radius for FAST iterations: 10 (autodetect)
[00:00:12 -3023.134350] Model parameter optimization (eps = 3.000000)
[00:00:12 -3023.015356] FAST spr round 1 (radius: 10)
[00:00:12 -3022.887567] Model parameter optimization (eps = 1.000000)
[00:00:12 -3022.872801] SLOW spr round 1 (radius: 5)
[00:00:13 -3022.872557] SLOW spr round 2 (radius: 10)
[00:00:13] [worker #2] ML tree search #15, logLikelihood: -3022.671666
[00:00:13] [worker #3] ML tree search #16, logLikelihood: -3023.065658
[00:00:13 -3022.872300] SLOW spr round 3 (radius: 15)
[00:00:14 -3022.872300] SLOW spr round 4 (radius: 20)
[00:00:14 -3022.872300] SLOW spr round 5 (radius: 25)
[00:00:15 -3022.872300] Model parameter optimization (eps = 0.100000)

[00:00:15] [worker #0] ML tree search #13, logLikelihood: -3022.872290

[00:00:15 -4508.496788] Initial branch length optimization
[00:00:15 -3143.972245] Model parameter optimization (eps = 10.000000)
[00:00:15] [worker #1] ML tree search #14, logLikelihood: -3023.065393
[00:00:15 -3044.538507] AUTODETECT spr round 1 (radius: 5)
[00:00:15 -3023.621059] AUTODETECT spr round 2 (radius: 10)
[00:00:15 -3022.746931] AUTODETECT spr round 3 (radius: 15)
[00:00:15 -3022.744815] SPR radius for FAST iterations: 10 (autodetect)
[00:00:15 -3022.744815] Model parameter optimization (eps = 3.000000)
[00:00:16 -3022.672773] FAST spr round 1 (radius: 10)
[00:00:16 -3022.671715] Model parameter optimization (eps = 1.000000)
[00:00:16 -3022.671608] SLOW spr round 1 (radius: 5)
[00:00:16] [worker #2] ML tree search #19, logLikelihood: -3023.065626
[00:00:16] [worker #3] ML tree search #20, logLikelihood: -3029.642527
[00:00:16 -3022.671586] SLOW spr round 2 (radius: 10)
[00:00:17 -3022.671586] SLOW spr round 3 (radius: 15)
[00:00:17 -3022.671586] SLOW spr round 4 (radius: 20)
[00:00:18 -3022.671586] SLOW spr round 5 (radius: 25)
[00:00:18 -3022.671586] Model parameter optimization (eps = 0.100000)

[00:00:18] [worker #0] ML tree search #17, logLikelihood: -3022.671584

[00:00:18] [worker #1] ML tree search #18, logLikelihood: -3022.672002

Optimized model parameters:

   Partition 0: noname
   Rate heterogeneity: GAMMA (4 cats, mean),  alpha: 1.712103 (ML),  weights&rates: (0.250000,0.256308) (0.250000,0.620434) (0.250000,1.060781) (0.250000,2.062477) 
   Base frequencies (empirical): 0.238880 0.148510 0.255657 0.356954 
   Substitution rates (ML): 4.328759 8.315801 2.157403 3.259245 8.851231 1.000000 


Final LogLikelihood: -3022.671584

AIC score: 6341.343168 / AICc score: 6451.328206 / BIC score: 6979.211073
Free parameters (model + branch lengths): 148

WARNING: Best ML tree contains 33 near-zero branches!

Best ML tree with collapsed near-zero branches saved to: /data/jeremias/eucs/roadies/output/genes/gene_180_filtered.fa.aln.raxml.bestTreeCollapsed
Best ML tree saved to: /data/jeremias/eucs/roadies/output/genes/gene_180_filtered.fa.aln.raxml.bestTree
All ML trees saved to: /data/jeremias/eucs/roadies/output/genes/gene_180_filtered.fa.aln.raxml.mlTrees
Optimized model saved to: /data/jeremias/eucs/roadies/output/genes/gene_180_filtered.fa.aln.raxml.bestModel

Execution log saved to: /data/jeremias/eucs/roadies/output/genes/gene_180_filtered.fa.aln.raxml.log

Analysis started: 03-Jul-2024 18:46:11 / finished: 03-Jul-2024 18:46:30

Elapsed time: 18.398 seconds

