
RAxML-NG v. 1.2.2 released on 11.04.2024 by The Exelixis Lab.
Developed by: Alexey M. Kozlov and Alexandros Stamatakis.
Contributors: Diego Darriba, Tomas Flouri, Benoit Morel, Sarah Lutteropp, Ben Bettisworth, Julia Haag, Anastasis Togkousidis.
Latest version: https://github.com/amkozlov/raxml-ng
Questions/problems/suggestions? Please visit: https://groups.google.com/forum/#!forum/raxml

System: AMD EPYC 7742 64-Core Processor, 128 cores, 1007 GB RAM

RAxML-NG was called at 29-Jul-2024 15:14:50 as follows:

raxml-ng --msa /data/jeremias/eucs/roadies/output/genes/gene_16_filtered.fa.aln --model GTR+G+F --redo --threads auto{4} --blopt nr_safe

Analysis options:
  run mode: ML tree search
  start tree(s): random (10) + parsimony (10)
  random seed: 1722230090
  tip-inner: OFF
  pattern compression: ON
  per-rate scalers: OFF
  site repeats: ON
  logLH epsilon: general: 10.000000, brlen-triplet: 1000.000000
  fast spr radius: AUTO
  spr subtree cutoff: 1.000000
  fast CLV updates: ON
  branch lengths: proportional (ML estimate, algorithm: NR-SAFE)
  SIMD kernels: AVX2
  parallelization: coarse-grained (auto), PTHREADS (auto)

WARNING: Running in REDO mode: existing checkpoints are ignored, and all result files will be overwritten!

[00:00:00] Reading alignment from file: /data/jeremias/eucs/roadies/output/genes/gene_16_filtered.fa.aln
[00:00:00] Loaded alignment with 34 taxa and 602 sites

Alignment comprises 1 partitions and 252 patterns

Partition 0: noname
Model: GTR+FC+G4m
Alignment sites / patterns: 602 / 252
Gaps: 16.55 %
Invariant sites: 64.29 %


NOTE: Binary MSA file created: /data/jeremias/eucs/roadies/output/genes/gene_16_filtered.fa.aln.raxml.rba

Parallelization scheme autoconfig: 4 worker(s) x 1 thread(s)

[00:00:00] Generating 10 random starting tree(s) with 34 taxa
[00:00:00] Generating 10 parsimony starting tree(s) with 34 taxa
Parallel parsimony with 4 threads
Parallel reduction/worker buffer size: 1 KB  / 0 KB

[00:00:00] Data distribution: max. partitions/sites/weight per thread: 1 / 252 / 4032
[00:00:00] Data distribution: max. searches per worker: 5

Starting ML tree search with 20 distinct starting trees

[00:00:00 -4335.058227] Initial branch length optimization
[00:00:00 -3736.240928] Model parameter optimization (eps = 10.000000)
[00:00:00 -3477.207266] AUTODETECT spr round 1 (radius: 5)
[00:00:00 -3033.028361] AUTODETECT spr round 2 (radius: 10)
[00:00:00 -3028.527493] AUTODETECT spr round 3 (radius: 15)
[00:00:00 -3028.401806] AUTODETECT spr round 4 (radius: 20)
[00:00:00 -3028.391608] SPR radius for FAST iterations: 15 (autodetect)
[00:00:00 -3028.391608] Model parameter optimization (eps = 3.000000)
[00:00:00 -3019.513168] FAST spr round 1 (radius: 15)
[00:00:00 -2934.252551] FAST spr round 2 (radius: 15)
[00:00:00 -2911.206170] FAST spr round 3 (radius: 15)
[00:00:00 -2911.066182] Model parameter optimization (eps = 1.000000)
[00:00:00 -2909.871495] SLOW spr round 1 (radius: 5)
[00:00:01 -2909.871452] SLOW spr round 2 (radius: 10)
[00:00:01] [worker #1] ML tree search #2, logLikelihood: -2909.871447
[00:00:01] [worker #2] ML tree search #3, logLikelihood: -2913.962237
[00:00:01 -2909.871452] SLOW spr round 3 (radius: 15)
[00:00:01] [worker #3] ML tree search #4, logLikelihood: -2909.871833
[00:00:01 -2909.871452] SLOW spr round 4 (radius: 20)
[00:00:01 -2909.871452] SLOW spr round 5 (radius: 25)
[00:00:01 -2909.871452] Model parameter optimization (eps = 0.100000)

[00:00:01] [worker #0] ML tree search #1, logLikelihood: -2909.871450

[00:00:01 -4421.790029] Initial branch length optimization
[00:00:01 -3806.938990] Model parameter optimization (eps = 10.000000)
[00:00:01 -3513.356446] AUTODETECT spr round 1 (radius: 5)
[00:00:01 -3005.731496] AUTODETECT spr round 2 (radius: 10)
[00:00:02 -3000.071570] AUTODETECT spr round 3 (radius: 15)
[00:00:02 -2999.683489] AUTODETECT spr round 4 (radius: 20)
[00:00:02 -2999.633701] SPR radius for FAST iterations: 15 (autodetect)
[00:00:02 -2999.633701] Model parameter optimization (eps = 3.000000)
[00:00:02 -2987.409734] FAST spr round 1 (radius: 15)
[00:00:02 -2917.611677] FAST spr round 2 (radius: 15)
[00:00:02 -2913.905693] Model parameter optimization (eps = 1.000000)
[00:00:02 -2912.888456] SLOW spr round 1 (radius: 5)
[00:00:02] [worker #1] ML tree search #6, logLikelihood: -2909.871477
[00:00:02] [worker #3] ML tree search #8, logLikelihood: -2910.190284
[00:00:02 -2912.084902] SLOW spr round 2 (radius: 10)
[00:00:02] [worker #2] ML tree search #7, logLikelihood: -2909.871447
[00:00:02 -2912.084853] SLOW spr round 3 (radius: 15)
[00:00:03 -2912.084853] SLOW spr round 4 (radius: 20)
[00:00:03 -2912.084853] SLOW spr round 5 (radius: 25)
[00:00:03 -2912.084853] Model parameter optimization (eps = 0.100000)

[00:00:03] [worker #0] ML tree search #5, logLikelihood: -2912.076249

[00:00:03 -4434.131685] Initial branch length optimization
[00:00:03 -3807.482383] Model parameter optimization (eps = 10.000000)
[00:00:03 -3512.827099] AUTODETECT spr round 1 (radius: 5)
[00:00:03 -3094.528685] AUTODETECT spr round 2 (radius: 10)
[00:00:03 -2972.678547] AUTODETECT spr round 3 (radius: 15)
[00:00:03 -2972.519229] AUTODETECT spr round 4 (radius: 20)
[00:00:03 -2972.503491] SPR radius for FAST iterations: 15 (autodetect)
[00:00:03 -2972.503491] Model parameter optimization (eps = 3.000000)
[00:00:03 -2960.158671] FAST spr round 1 (radius: 15)
[00:00:03 -2915.054770] FAST spr round 2 (radius: 15)
[00:00:03] [worker #3] ML tree search #12, logLikelihood: -2912.076240
[00:00:03 -2914.032165] Model parameter optimization (eps = 1.000000)
[00:00:03 -2913.352022] SLOW spr round 1 (radius: 5)
[00:00:03] [worker #2] ML tree search #11, logLikelihood: -2909.871538
[00:00:04] [worker #1] ML tree search #10, logLikelihood: -2909.871467
[00:00:04 -2912.188056] SLOW spr round 2 (radius: 10)
[00:00:04 -2912.187999] SLOW spr round 3 (radius: 15)
[00:00:04 -2912.187999] SLOW spr round 4 (radius: 20)
[00:00:04 -2912.187999] SLOW spr round 5 (radius: 25)
[00:00:04 -2912.187999] Model parameter optimization (eps = 0.100000)

[00:00:04] [worker #0] ML tree search #9, logLikelihood: -2912.076252

[00:00:04 -3674.297769] Initial branch length optimization
[00:00:04 -3071.205417] Model parameter optimization (eps = 10.000000)
[00:00:04 -2932.958164] AUTODETECT spr round 1 (radius: 5)
[00:00:04 -2911.210957] AUTODETECT spr round 2 (radius: 10)
[00:00:04 -2911.191432] SPR radius for FAST iterations: 5 (autodetect)
[00:00:04 -2911.191432] Model parameter optimization (eps = 3.000000)
[00:00:04 -2910.859807] FAST spr round 1 (radius: 5)
[00:00:04 -2910.565593] Model parameter optimization (eps = 1.000000)
[00:00:04 -2910.563447] SLOW spr round 1 (radius: 5)
[00:00:04] [worker #3] ML tree search #16, logLikelihood: -2912.076244
[00:00:05 -2909.875930] SLOW spr round 2 (radius: 10)
[00:00:05 -2909.875924] SLOW spr round 3 (radius: 15)
[00:00:05] [worker #1] ML tree search #14, logLikelihood: -2909.871588
[00:00:05 -2909.875924] SLOW spr round 4 (radius: 20)
[00:00:05 -2909.875924] SLOW spr round 5 (radius: 25)
[00:00:05 -2909.875924] Model parameter optimization (eps = 0.100000)
[00:00:05] [worker #2] ML tree search #15, logLikelihood: -2909.871442

[00:00:05] [worker #0] ML tree search #13, logLikelihood: -2909.871459

[00:00:05 -3670.487171] Initial branch length optimization
[00:00:05 -3063.730876] Model parameter optimization (eps = 10.000000)
[00:00:05 -2921.942758] AUTODETECT spr round 1 (radius: 5)
[00:00:05 -2916.621839] AUTODETECT spr round 2 (radius: 10)
[00:00:05 -2916.566615] SPR radius for FAST iterations: 5 (autodetect)
[00:00:05 -2916.566615] Model parameter optimization (eps = 3.000000)
[00:00:05 -2916.501883] FAST spr round 1 (radius: 5)
[00:00:05 -2916.501862] Model parameter optimization (eps = 1.000000)
[00:00:05 -2916.501857] SLOW spr round 1 (radius: 5)
[00:00:06] [worker #3] ML tree search #20, logLikelihood: -2909.871728
[00:00:06 -2912.579072] SLOW spr round 2 (radius: 10)
[00:00:06 -2912.578794] SLOW spr round 3 (radius: 15)
[00:00:06] [worker #1] ML tree search #18, logLikelihood: -2909.871451
[00:00:06 -2912.578794] SLOW spr round 4 (radius: 20)
[00:00:06] [worker #2] ML tree search #19, logLikelihood: -2909.871450
[00:00:06 -2912.578794] SLOW spr round 5 (radius: 25)
[00:00:06 -2912.578794] Model parameter optimization (eps = 0.100000)

[00:00:06] [worker #0] ML tree search #17, logLikelihood: -2912.542823


Optimized model parameters:

   Partition 0: noname
   Rate heterogeneity: GAMMA (4 cats, mean),  alpha: 0.694341 (ML),  weights&rates: (0.250000,0.072980) (0.250000,0.360848) (0.250000,0.922753) (0.250000,2.643419) 
   Base frequencies (empirical): 0.349766 0.199590 0.195141 0.255504 
   Substitution rates (ML): 1.674848 6.938916 1.196040 1.318550 10.226887 1.000000 


Final LogLikelihood: -2909.871442

AIC score: 5967.742885 / AICc score: 5988.805503 / BIC score: 6293.361936
Free parameters (model + branch lengths): 74

WARNING: Best ML tree contains 3 near-zero branches!

Best ML tree with collapsed near-zero branches saved to: /data/jeremias/eucs/roadies/output/genes/gene_16_filtered.fa.aln.raxml.bestTreeCollapsed
Best ML tree saved to: /data/jeremias/eucs/roadies/output/genes/gene_16_filtered.fa.aln.raxml.bestTree
All ML trees saved to: /data/jeremias/eucs/roadies/output/genes/gene_16_filtered.fa.aln.raxml.mlTrees
Optimized model saved to: /data/jeremias/eucs/roadies/output/genes/gene_16_filtered.fa.aln.raxml.bestModel

Execution log saved to: /data/jeremias/eucs/roadies/output/genes/gene_16_filtered.fa.aln.raxml.log

Analysis started: 29-Jul-2024 15:14:50 / finished: 29-Jul-2024 15:14:57

Elapsed time: 6.569 seconds

