
RAxML-NG v. 1.2.2 released on 11.04.2024 by The Exelixis Lab.
Developed by: Alexey M. Kozlov and Alexandros Stamatakis.
Contributors: Diego Darriba, Tomas Flouri, Benoit Morel, Sarah Lutteropp, Ben Bettisworth, Julia Haag, Anastasis Togkousidis.
Latest version: https://github.com/amkozlov/raxml-ng
Questions/problems/suggestions? Please visit: https://groups.google.com/forum/#!forum/raxml

System: AMD EPYC 7742 64-Core Processor, 128 cores, 1007 GB RAM

RAxML-NG was called at 29-Jul-2024 14:29:13 as follows:

raxml-ng --msa /data/jeremias/eucs/roadies/output/genes/gene_33_filtered.fa.aln --model GTR+G+F --redo --threads auto{4} --blopt nr_safe

Analysis options:
  run mode: ML tree search
  start tree(s): random (10) + parsimony (10)
  random seed: 1722227353
  tip-inner: OFF
  pattern compression: ON
  per-rate scalers: OFF
  site repeats: ON
  logLH epsilon: general: 10.000000, brlen-triplet: 1000.000000
  fast spr radius: AUTO
  spr subtree cutoff: 1.000000
  fast CLV updates: ON
  branch lengths: proportional (ML estimate, algorithm: NR-SAFE)
  SIMD kernels: AVX2
  parallelization: coarse-grained (auto), PTHREADS (auto)

WARNING: Running in REDO mode: existing checkpoints are ignored, and all result files will be overwritten!

[00:00:00] Reading alignment from file: /data/jeremias/eucs/roadies/output/genes/gene_33_filtered.fa.aln
[00:00:00] Loaded alignment with 293 taxa and 600 sites

WARNING: Sequences E_melliodora_0 and E_sideroxylon_2 are exactly identical!
WARNING: Sequences E_sideroxylon_0 and E_caleyi_1 are exactly identical!
WARNING: Sequences E_curtisii_1 and E_curtisii_0 are exactly identical!
WARNING: Duplicate sequences found: 3

NOTE: Reduced alignment (with duplicates and gap-only sites/taxa removed) 
NOTE: was saved to: /data/jeremias/eucs/roadies/output/genes/gene_33_filtered.fa.aln.raxml.reduced.phy

Alignment comprises 1 partitions and 575 patterns

Partition 0: noname
Model: GTR+FC+G4m
Alignment sites / patterns: 600 / 575
Gaps: 13.29 %
Invariant sites: 8.00 %


NOTE: Binary MSA file created: /data/jeremias/eucs/roadies/output/genes/gene_33_filtered.fa.aln.raxml.rba

Parallelization scheme autoconfig: 4 worker(s) x 1 thread(s)

[00:00:00] Generating 10 random starting tree(s) with 293 taxa
[00:00:00] Generating 10 parsimony starting tree(s) with 293 taxa
Parallel parsimony with 4 threads
Parallel reduction/worker buffer size: 1 KB  / 0 KB

[00:00:00] Data distribution: max. partitions/sites/weight per thread: 1 / 575 / 9200
[00:00:00] Data distribution: max. searches per worker: 5

Starting ML tree search with 20 distinct starting trees

[00:00:00 -94118.541971] Initial branch length optimization
[00:00:00 -77357.610023] Model parameter optimization (eps = 10.000000)
[00:00:02 -71503.249998] AUTODETECT spr round 1 (radius: 5)
[00:00:04 -48230.677707] AUTODETECT spr round 2 (radius: 10)
[00:00:06 -33353.365900] AUTODETECT spr round 3 (radius: 15)
[00:00:11 -26375.631928] AUTODETECT spr round 4 (radius: 20)
[00:00:17 -25759.247148] AUTODETECT spr round 5 (radius: 25)
[00:00:23 -25754.614307] SPR radius for FAST iterations: 25 (autodetect)
[00:00:23 -25754.614307] Model parameter optimization (eps = 3.000000)
[00:00:24 -25429.124412] FAST spr round 1 (radius: 25)
[00:00:26 -23229.473901] FAST spr round 2 (radius: 25)
[00:00:28 -23087.910284] FAST spr round 3 (radius: 25)
[00:00:29 -23076.116680] FAST spr round 4 (radius: 25)
[00:00:31 -23073.161543] Model parameter optimization (eps = 1.000000)
[00:00:31 -23069.031590] SLOW spr round 1 (radius: 5)
[00:00:36 -23063.058896] SLOW spr round 2 (radius: 10)
[00:00:40 -23063.058271] SLOW spr round 3 (radius: 15)
[00:00:53 -23063.058263] SLOW spr round 4 (radius: 20)
[00:01:05 -23063.058263] SLOW spr round 5 (radius: 25)
[00:01:10] [worker #1] ML tree search #2, logLikelihood: -23063.317468
[00:01:11] [worker #3] ML tree search #4, logLikelihood: -23064.309221
[00:01:14] [worker #2] ML tree search #3, logLikelihood: -23062.849278
[00:01:15 -23063.058263] Model parameter optimization (eps = 0.100000)

[00:01:15] [worker #0] ML tree search #1, logLikelihood: -23063.049751

[00:01:15 -93410.223217] Initial branch length optimization
[00:01:15 -77358.593885] Model parameter optimization (eps = 10.000000)
[00:01:17 -71471.772631] AUTODETECT spr round 1 (radius: 5)
[00:01:18 -44836.795733] AUTODETECT spr round 2 (radius: 10)
[00:01:21 -29410.288435] AUTODETECT spr round 3 (radius: 15)
[00:01:27 -25895.599128] AUTODETECT spr round 4 (radius: 20)
[00:01:34 -25769.426142] AUTODETECT spr round 5 (radius: 25)
[00:01:40 -25769.006118] SPR radius for FAST iterations: 25 (autodetect)
[00:01:40 -25769.006118] Model parameter optimization (eps = 3.000000)
[00:01:43 -25471.013560] FAST spr round 1 (radius: 25)
[00:01:48 -23177.937157] FAST spr round 2 (radius: 25)
[00:01:51 -23078.468109] FAST spr round 3 (radius: 25)
[00:01:53 -23074.887278] Model parameter optimization (eps = 1.000000)
[00:01:53 -23070.544817] SLOW spr round 1 (radius: 5)
[00:01:59 -23063.632975] SLOW spr round 2 (radius: 10)
[00:02:04 -23063.632447] SLOW spr round 3 (radius: 15)
[00:02:20 -23063.632439] SLOW spr round 4 (radius: 20)
[00:02:29] [worker #1] ML tree search #6, logLikelihood: -23066.711947
[00:02:33 -23063.632439] SLOW spr round 5 (radius: 25)
[00:02:37] [worker #3] ML tree search #8, logLikelihood: -23066.283380
[00:02:45 -23063.632439] Model parameter optimization (eps = 0.100000)

[00:02:46] [worker #0] ML tree search #5, logLikelihood: -23063.620473

[00:02:46 -94965.609917] Initial branch length optimization
[00:02:46 -78561.818783] Model parameter optimization (eps = 10.000000)
[00:02:48] [worker #2] ML tree search #7, logLikelihood: -23066.425102
[00:02:49 -72463.648339] AUTODETECT spr round 1 (radius: 5)
[00:02:50 -47680.071215] AUTODETECT spr round 2 (radius: 10)
[00:02:53 -34704.705967] AUTODETECT spr round 3 (radius: 15)
[00:02:58 -28991.997755] AUTODETECT spr round 4 (radius: 20)
[00:03:08 -28517.743905] AUTODETECT spr round 5 (radius: 25)
[00:03:16 -28516.102255] SPR radius for FAST iterations: 25 (autodetect)
[00:03:17 -28516.102255] Model parameter optimization (eps = 3.000000)
[00:03:21 -28183.022255] FAST spr round 1 (radius: 25)
[00:03:24 -23378.848561] FAST spr round 2 (radius: 25)
[00:03:26 -23081.352524] FAST spr round 3 (radius: 25)
[00:03:28 -23080.806539] Model parameter optimization (eps = 1.000000)
[00:03:29 -23068.241266] SLOW spr round 1 (radius: 5)
[00:03:35 -23064.000620] SLOW spr round 2 (radius: 10)
[00:03:40 -23064.000129] SLOW spr round 3 (radius: 15)
[00:03:41] [worker #3] ML tree search #12, logLikelihood: -23063.511113
[00:03:53] [worker #1] ML tree search #10, logLikelihood: -23065.719437
[00:03:53 -23064.000127] SLOW spr round 4 (radius: 20)
[00:04:09 -23064.000126] SLOW spr round 5 (radius: 25)
[00:04:15] [worker #2] ML tree search #11, logLikelihood: -23075.020464
[00:04:22 -23064.000126] Model parameter optimization (eps = 0.100000)

[00:04:22] [worker #0] ML tree search #9, logLikelihood: -23063.969104

[00:04:22 -29711.352709] Initial branch length optimization
[00:04:23 -24873.095423] Model parameter optimization (eps = 10.000000)
[00:04:24 -23226.955947] AUTODETECT spr round 1 (radius: 5)
[00:04:25 -23081.967651] AUTODETECT spr round 2 (radius: 10)
[00:04:29 -23081.880394] SPR radius for FAST iterations: 5 (autodetect)
[00:04:29 -23081.880394] Model parameter optimization (eps = 3.000000)
[00:04:29 -23081.616626] FAST spr round 1 (radius: 5)
[00:04:31 -23071.041057] FAST spr round 2 (radius: 5)
[00:04:32 -23067.719242] Model parameter optimization (eps = 1.000000)
[00:04:33 -23067.703854] SLOW spr round 1 (radius: 5)
[00:04:38 -23066.367123] SLOW spr round 2 (radius: 10)
[00:04:43 -23066.367087] SLOW spr round 3 (radius: 15)
[00:04:50] [worker #3] ML tree search #16, logLikelihood: -23077.319210
[00:04:58 -23066.367086] SLOW spr round 4 (radius: 20)
[00:05:10 -23066.367086] SLOW spr round 5 (radius: 25)
[00:05:15] [worker #1] ML tree search #14, logLikelihood: -23067.070697
[00:05:20 -23066.367086] Model parameter optimization (eps = 0.100000)

[00:05:20] [worker #0] ML tree search #13, logLikelihood: -23066.366686

[00:05:20 -29688.128873] Initial branch length optimization
[00:05:21] [worker #2] ML tree search #15, logLikelihood: -23063.948458
[00:05:21 -24841.226766] Model parameter optimization (eps = 10.000000)
[00:05:22 -23199.954825] AUTODETECT spr round 1 (radius: 5)
[00:05:23 -23090.596529] AUTODETECT spr round 2 (radius: 10)
[00:05:26 -23088.850824] AUTODETECT spr round 3 (radius: 15)
[00:05:33 -23088.810761] SPR radius for FAST iterations: 10 (autodetect)
[00:05:33 -23088.810761] Model parameter optimization (eps = 3.000000)
[00:05:33 -23088.181019] FAST spr round 1 (radius: 10)
[00:05:35 -23076.073119] FAST spr round 2 (radius: 10)
[00:05:36 -23076.072559] Model parameter optimization (eps = 1.000000)
[00:05:36 -23076.070348] SLOW spr round 1 (radius: 5)
[00:05:41 -23064.578868] SLOW spr round 2 (radius: 5)
[00:05:45 -23064.578521] SLOW spr round 3 (radius: 10)
[00:05:49 -23064.578469] SLOW spr round 4 (radius: 15)
[00:05:50] [worker #3] ML tree search #20, logLikelihood: -23065.322595
[00:06:00 -23064.578454] SLOW spr round 5 (radius: 20)
[00:06:06] [worker #1] ML tree search #18, logLikelihood: -23064.578979
[00:06:11 -23064.578450] SLOW spr round 6 (radius: 25)
[00:06:19] [worker #2] ML tree search #19, logLikelihood: -23064.325846
[00:06:22 -23064.578449] Model parameter optimization (eps = 0.100000)

[00:06:22] [worker #0] ML tree search #17, logLikelihood: -23064.564850


Optimized model parameters:

   Partition 0: noname
   Rate heterogeneity: GAMMA (4 cats, mean),  alpha: 2.903182 (ML),  weights&rates: (0.250000,0.381630) (0.250000,0.726023) (0.250000,1.081994) (0.250000,1.810353) 
   Base frequencies (empirical): 0.316563 0.115908 0.199789 0.367740 
   Substitution rates (ML): 1.432611 5.480980 0.802087 1.365156 7.155371 1.000000 


Final LogLikelihood: -23062.849278

AIC score: 47309.698556 / AICc score: 147611.412842 / BIC score: 49912.680912
Free parameters (model + branch lengths): 592

WARNING: Best ML tree contains 60 near-zero branches!

Best ML tree with collapsed near-zero branches saved to: /data/jeremias/eucs/roadies/output/genes/gene_33_filtered.fa.aln.raxml.bestTreeCollapsed
Best ML tree saved to: /data/jeremias/eucs/roadies/output/genes/gene_33_filtered.fa.aln.raxml.bestTree
All ML trees saved to: /data/jeremias/eucs/roadies/output/genes/gene_33_filtered.fa.aln.raxml.mlTrees
Optimized model saved to: /data/jeremias/eucs/roadies/output/genes/gene_33_filtered.fa.aln.raxml.bestModel

Execution log saved to: /data/jeremias/eucs/roadies/output/genes/gene_33_filtered.fa.aln.raxml.log

Analysis started: 29-Jul-2024 14:29:13 / finished: 29-Jul-2024 14:35:35

Elapsed time: 382.790 seconds

