
RAxML-NG v. 1.2.2 released on 11.04.2024 by The Exelixis Lab.
Developed by: Alexey M. Kozlov and Alexandros Stamatakis.
Contributors: Diego Darriba, Tomas Flouri, Benoit Morel, Sarah Lutteropp, Ben Bettisworth, Julia Haag, Anastasis Togkousidis.
Latest version: https://github.com/amkozlov/raxml-ng
Questions/problems/suggestions? Please visit: https://groups.google.com/forum/#!forum/raxml

System: AMD EPYC 7742 64-Core Processor, 128 cores, 1007 GB RAM

RAxML-NG was called at 29-Jul-2024 16:24:53 as follows:

raxml-ng --msa /data/jeremias/eucs/roadies/output/genes/gene_208_filtered.fa.aln --model GTR+G+F --redo --threads auto{4} --blopt nr_safe

Analysis options:
  run mode: ML tree search
  start tree(s): random (10) + parsimony (10)
  random seed: 1722234293
  tip-inner: OFF
  pattern compression: ON
  per-rate scalers: OFF
  site repeats: ON
  logLH epsilon: general: 10.000000, brlen-triplet: 1000.000000
  fast spr radius: AUTO
  spr subtree cutoff: 1.000000
  fast CLV updates: ON
  branch lengths: proportional (ML estimate, algorithm: NR-SAFE)
  SIMD kernels: AVX2
  parallelization: coarse-grained (auto), PTHREADS (auto)

WARNING: Running in REDO mode: existing checkpoints are ignored, and all result files will be overwritten!

[00:00:00] Reading alignment from file: /data/jeremias/eucs/roadies/output/genes/gene_208_filtered.fa.aln
[00:00:00] Loaded alignment with 36 taxa and 524 sites

Alignment comprises 1 partitions and 337 patterns

Partition 0: noname
Model: GTR+FC+G4m
Alignment sites / patterns: 524 / 337
Gaps: 6.68 %
Invariant sites: 39.89 %


NOTE: Binary MSA file created: /data/jeremias/eucs/roadies/output/genes/gene_208_filtered.fa.aln.raxml.rba

Parallelization scheme autoconfig: 4 worker(s) x 1 thread(s)

[00:00:00] Generating 10 random starting tree(s) with 36 taxa
[00:00:00] Generating 10 parsimony starting tree(s) with 36 taxa
Parallel parsimony with 4 threads
Parallel reduction/worker buffer size: 1 KB  / 0 KB

[00:00:00] Data distribution: max. partitions/sites/weight per thread: 1 / 337 / 5392
[00:00:00] Data distribution: max. searches per worker: 5

Starting ML tree search with 20 distinct starting trees

[00:00:00 -6278.577817] Initial branch length optimization
[00:00:00 -5241.478486] Model parameter optimization (eps = 10.000000)
[00:00:00 -4806.237091] AUTODETECT spr round 1 (radius: 5)
[00:00:00 -4181.015440] AUTODETECT spr round 2 (radius: 10)
[00:00:00 -3975.285193] AUTODETECT spr round 3 (radius: 15)
[00:00:00 -3973.930715] AUTODETECT spr round 4 (radius: 20)
[00:00:00 -3973.572101] AUTODETECT spr round 5 (radius: 25)
[00:00:00 -3973.431739] SPR radius for FAST iterations: 25 (autodetect)
[00:00:00 -3973.431739] Model parameter optimization (eps = 3.000000)
[00:00:00 -3936.895342] FAST spr round 1 (radius: 25)
[00:00:00 -3770.138966] FAST spr round 2 (radius: 25)
[00:00:00 -3769.648851] Model parameter optimization (eps = 1.000000)
[00:00:00 -3767.173582] SLOW spr round 1 (radius: 5)
[00:00:01 -3767.173185] SLOW spr round 2 (radius: 10)
[00:00:01 -3767.173185] SLOW spr round 3 (radius: 15)
[00:00:01] [worker #1] ML tree search #2, logLikelihood: -3768.040447
[00:00:01] [worker #3] ML tree search #4, logLikelihood: -3768.277257
[00:00:01 -3767.173185] SLOW spr round 4 (radius: 20)
[00:00:01 -3767.173185] SLOW spr round 5 (radius: 25)
[00:00:01 -3767.173185] Model parameter optimization (eps = 0.100000)

[00:00:01] [worker #0] ML tree search #1, logLikelihood: -3767.173172

[00:00:01 -6192.480501] Initial branch length optimization
[00:00:01 -5195.168605] Model parameter optimization (eps = 10.000000)
[00:00:01 -4764.774518] AUTODETECT spr round 1 (radius: 5)
[00:00:01] [worker #2] ML tree search #3, logLikelihood: -3766.953732
[00:00:02 -4087.595578] AUTODETECT spr round 2 (radius: 10)
[00:00:02 -3998.905569] AUTODETECT spr round 3 (radius: 15)
[00:00:02 -3998.268066] AUTODETECT spr round 4 (radius: 20)
[00:00:02 -3998.150543] AUTODETECT spr round 5 (radius: 25)
[00:00:02 -3998.130868] SPR radius for FAST iterations: 20 (autodetect)
[00:00:02 -3998.130868] Model parameter optimization (eps = 3.000000)
[00:00:02 -3967.433117] FAST spr round 1 (radius: 20)
[00:00:02 -3771.373551] FAST spr round 2 (radius: 20)
[00:00:02 -3769.850765] Model parameter optimization (eps = 1.000000)
[00:00:02 -3767.648092] SLOW spr round 1 (radius: 5)
[00:00:03] [worker #1] ML tree search #6, logLikelihood: -3766.026434
[00:00:03 -3767.176191] SLOW spr round 2 (radius: 10)
[00:00:03] [worker #2] ML tree search #7, logLikelihood: -3767.115163
[00:00:03 -3767.176136] SLOW spr round 3 (radius: 15)
[00:00:03 -3767.176136] SLOW spr round 4 (radius: 20)
[00:00:03 -3767.176136] SLOW spr round 5 (radius: 25)
[00:00:03] [worker #3] ML tree search #8, logLikelihood: -3766.026426
[00:00:03 -3767.176136] Model parameter optimization (eps = 0.100000)

[00:00:03] [worker #0] ML tree search #5, logLikelihood: -3767.173100

[00:00:03 -6259.275048] Initial branch length optimization
[00:00:04 -5245.647148] Model parameter optimization (eps = 10.000000)
[00:00:04 -4793.687299] AUTODETECT spr round 1 (radius: 5)
[00:00:04 -3936.281933] AUTODETECT spr round 2 (radius: 10)
[00:00:04 -3893.083934] AUTODETECT spr round 3 (radius: 15)
[00:00:04 -3892.904400] AUTODETECT spr round 4 (radius: 20)
[00:00:04 -3892.877319] SPR radius for FAST iterations: 15 (autodetect)
[00:00:04 -3892.877319] Model parameter optimization (eps = 3.000000)
[00:00:04 -3847.252109] FAST spr round 1 (radius: 15)
[00:00:04 -3782.250037] FAST spr round 2 (radius: 15)
[00:00:04] [worker #1] ML tree search #10, logLikelihood: -3767.114988
[00:00:04 -3782.249846] Model parameter optimization (eps = 1.000000)
[00:00:04 -3782.043454] SLOW spr round 1 (radius: 5)
[00:00:05] [worker #2] ML tree search #11, logLikelihood: -3766.026423
[00:00:05 -3782.043026] SLOW spr round 2 (radius: 10)
[00:00:05] [worker #3] ML tree search #12, logLikelihood: -3767.114986
[00:00:05 -3768.275223] SLOW spr round 3 (radius: 5)
[00:00:06] [worker #1] ML tree search #14, logLikelihood: -3767.173102
[00:00:06 -3767.390230] SLOW spr round 4 (radius: 10)
[00:00:06 -3767.390228] SLOW spr round 5 (radius: 15)
[00:00:07 -3767.390228] SLOW spr round 6 (radius: 20)
[00:00:07] [worker #2] ML tree search #15, logLikelihood: -3768.277421
[00:00:07 -3767.390228] SLOW spr round 7 (radius: 25)
[00:00:07 -3767.390228] Model parameter optimization (eps = 0.100000)

[00:00:07] [worker #0] ML tree search #9, logLikelihood: -3767.114987

[00:00:07] [worker #3] ML tree search #16, logLikelihood: -3767.173103
[00:00:07 -4757.124885] Initial branch length optimization
[00:00:07] [worker #1] ML tree search #18, logLikelihood: -3766.026417
[00:00:07 -4037.899535] Model parameter optimization (eps = 10.000000)
[00:00:07 -3776.314638] AUTODETECT spr round 1 (radius: 5)
[00:00:07 -3768.790014] AUTODETECT spr round 2 (radius: 10)
[00:00:07 -3768.772278] SPR radius for FAST iterations: 5 (autodetect)
[00:00:07 -3768.772278] Model parameter optimization (eps = 3.000000)
[00:00:07 -3768.755071] FAST spr round 1 (radius: 5)
[00:00:07 -3768.280821] Model parameter optimization (eps = 1.000000)
[00:00:07 -3768.277474] SLOW spr round 1 (radius: 5)
[00:00:08 -3768.277171] SLOW spr round 2 (radius: 10)
[00:00:08] [worker #2] ML tree search #19, logLikelihood: -3767.114976
[00:00:08 -3768.277171] SLOW spr round 3 (radius: 15)
[00:00:08 -3768.277171] SLOW spr round 4 (radius: 20)
[00:00:08 -3768.277171] SLOW spr round 5 (radius: 25)
[00:00:08 -3768.277171] Model parameter optimization (eps = 0.100000)

[00:00:08] [worker #0] ML tree search #13, logLikelihood: -3768.277169

[00:00:08 -4756.212597] Initial branch length optimization
[00:00:08 -4052.255571] Model parameter optimization (eps = 10.000000)
[00:00:09] [worker #3] ML tree search #20, logLikelihood: -3766.953141
[00:00:09 -3789.763213] AUTODETECT spr round 1 (radius: 5)
[00:00:09 -3768.099912] AUTODETECT spr round 2 (radius: 10)
[00:00:09 -3768.064596] SPR radius for FAST iterations: 5 (autodetect)
[00:00:09 -3768.064596] Model parameter optimization (eps = 3.000000)
[00:00:09 -3768.040628] FAST spr round 1 (radius: 5)
[00:00:09 -3767.124073] Model parameter optimization (eps = 1.000000)
[00:00:09 -3767.115555] SLOW spr round 1 (radius: 5)
[00:00:09 -3767.115157] SLOW spr round 2 (radius: 10)
[00:00:10 -3767.115157] SLOW spr round 3 (radius: 15)
[00:00:10 -3767.115157] SLOW spr round 4 (radius: 20)
[00:00:10 -3767.115157] SLOW spr round 5 (radius: 25)
[00:00:10 -3767.115157] Model parameter optimization (eps = 0.100000)

[00:00:10] [worker #0] ML tree search #17, logLikelihood: -3767.115138


Optimized model parameters:

   Partition 0: noname
   Rate heterogeneity: GAMMA (4 cats, mean),  alpha: 1.655240 (ML),  weights&rates: (0.250000,0.248339) (0.250000,0.612510) (0.250000,1.058372) (0.250000,2.080780) 
   Base frequencies (empirical): 0.323790 0.169507 0.220461 0.286242 
   Substitution rates (ML): 1.045367 5.765306 0.583781 0.874579 6.996524 1.000000 


Final LogLikelihood: -3766.026417

AIC score: 7688.052833 / AICc score: 7715.747215 / BIC score: 8020.449184
Free parameters (model + branch lengths): 78

WARNING: Best ML tree contains 4 near-zero branches!

Best ML tree with collapsed near-zero branches saved to: /data/jeremias/eucs/roadies/output/genes/gene_208_filtered.fa.aln.raxml.bestTreeCollapsed
Best ML tree saved to: /data/jeremias/eucs/roadies/output/genes/gene_208_filtered.fa.aln.raxml.bestTree
All ML trees saved to: /data/jeremias/eucs/roadies/output/genes/gene_208_filtered.fa.aln.raxml.mlTrees
Optimized model saved to: /data/jeremias/eucs/roadies/output/genes/gene_208_filtered.fa.aln.raxml.bestModel

Execution log saved to: /data/jeremias/eucs/roadies/output/genes/gene_208_filtered.fa.aln.raxml.log

Analysis started: 29-Jul-2024 16:24:53 / finished: 29-Jul-2024 16:25:03

Elapsed time: 10.544 seconds

