
RAxML-NG v. 1.2.2 released on 11.04.2024 by The Exelixis Lab.
Developed by: Alexey M. Kozlov and Alexandros Stamatakis.
Contributors: Diego Darriba, Tomas Flouri, Benoit Morel, Sarah Lutteropp, Ben Bettisworth, Julia Haag, Anastasis Togkousidis.
Latest version: https://github.com/amkozlov/raxml-ng
Questions/problems/suggestions? Please visit: https://groups.google.com/forum/#!forum/raxml

System: AMD EPYC 7742 64-Core Processor, 128 cores, 1007 GB RAM

RAxML-NG was called at 03-Jul-2024 20:36:46 as follows:

raxml-ng --msa /data/jeremias/eucs/roadies/output/genes/gene_194_filtered.fa.aln --model GTR+G+F --redo --threads auto{4} --blopt nr_safe

Analysis options:
  run mode: ML tree search
  start tree(s): random (10) + parsimony (10)
  random seed: 1720003006
  tip-inner: OFF
  pattern compression: ON
  per-rate scalers: OFF
  site repeats: ON
  logLH epsilon: general: 10.000000, brlen-triplet: 1000.000000
  fast spr radius: AUTO
  spr subtree cutoff: 1.000000
  fast CLV updates: ON
  branch lengths: proportional (ML estimate, algorithm: NR-SAFE)
  SIMD kernels: AVX2
  parallelization: coarse-grained (auto), PTHREADS (auto)

WARNING: Running in REDO mode: existing checkpoints are ignored, and all result files will be overwritten!

[00:00:00] Reading alignment from file: /data/jeremias/eucs/roadies/output/genes/gene_194_filtered.fa.aln
[00:00:00] Loaded alignment with 37 taxa and 508 sites

WARNING: Sequences GCA_014182695.1_0 and GCA_014182405.1_0 are exactly identical!
WARNING: Sequences GCA_014182695.1_0 and GCA_014182585.1_0 are exactly identical!
WARNING: Duplicate sequences found: 2

NOTE: Reduced alignment (with duplicates and gap-only sites/taxa removed) 
NOTE: was saved to: /data/jeremias/eucs/roadies/output/genes/gene_194_filtered.fa.aln.raxml.reduced.phy

Alignment comprises 1 partitions and 105 patterns

Partition 0: noname
Model: GTR+FC+G4m
Alignment sites / patterns: 508 / 105
Gaps: 1.61 %
Invariant sites: 76.38 %


NOTE: Binary MSA file created: /data/jeremias/eucs/roadies/output/genes/gene_194_filtered.fa.aln.raxml.rba

Parallelization scheme autoconfig: 4 worker(s) x 1 thread(s)

[00:00:00] Generating 10 random starting tree(s) with 37 taxa
[00:00:00] Generating 10 parsimony starting tree(s) with 37 taxa
Parallel parsimony with 4 threads
Parallel reduction/worker buffer size: 1 KB  / 0 KB

[00:00:00] Data distribution: max. partitions/sites/weight per thread: 1 / 105 / 1680
[00:00:00] Data distribution: max. searches per worker: 5

Starting ML tree search with 20 distinct starting trees

[00:00:00 -3306.723060] Initial branch length optimization
[00:00:00 -2351.472403] Model parameter optimization (eps = 10.000000)
[00:00:00 -2176.787838] AUTODETECT spr round 1 (radius: 5)
[00:00:00 -1835.025319] AUTODETECT spr round 2 (radius: 10)
[00:00:00 -1816.694875] AUTODETECT spr round 3 (radius: 15)
[00:00:00 -1816.467549] AUTODETECT spr round 4 (radius: 20)
[00:00:00 -1816.463490] SPR radius for FAST iterations: 15 (autodetect)
[00:00:00 -1816.463490] Model parameter optimization (eps = 3.000000)
[00:00:00 -1814.101154] FAST spr round 1 (radius: 15)
[00:00:00 -1696.662913] FAST spr round 2 (radius: 15)
[00:00:00 -1696.662897] Model parameter optimization (eps = 1.000000)
[00:00:00 -1690.820591] SLOW spr round 1 (radius: 5)
[00:00:00 -1688.968244] SLOW spr round 2 (radius: 10)
[00:00:00 -1688.968237] SLOW spr round 3 (radius: 15)
[00:00:00] [worker #2] ML tree search #3, logLikelihood: -1688.853794
[00:00:00 -1688.968237] SLOW spr round 4 (radius: 20)
[00:00:00] [worker #1] ML tree search #2, logLikelihood: -1690.015394
[00:00:00 -1688.968237] SLOW spr round 5 (radius: 25)
[00:00:00 -1688.968237] Model parameter optimization (eps = 0.100000)

[00:00:01] [worker #0] ML tree search #1, logLikelihood: -1688.853444

[00:00:01] [worker #3] ML tree search #4, logLikelihood: -1688.783401
[00:00:01 -3300.999501] Initial branch length optimization
[00:00:01 -2356.841487] Model parameter optimization (eps = 10.000000)
[00:00:01 -2182.333266] AUTODETECT spr round 1 (radius: 5)
[00:00:01 -1732.837807] AUTODETECT spr round 2 (radius: 10)
[00:00:01 -1711.090612] AUTODETECT spr round 3 (radius: 15)
[00:00:01 -1711.076455] SPR radius for FAST iterations: 10 (autodetect)
[00:00:01 -1711.076455] Model parameter optimization (eps = 3.000000)
[00:00:01 -1699.847751] FAST spr round 1 (radius: 10)
[00:00:01 -1693.652963] Model parameter optimization (eps = 1.000000)
[00:00:01 -1693.580097] SLOW spr round 1 (radius: 5)
[00:00:01 -1688.894413] SLOW spr round 2 (radius: 10)
[00:00:01] [worker #2] ML tree search #7, logLikelihood: -1688.853800
[00:00:01 -1688.894412] SLOW spr round 3 (radius: 15)
[00:00:01 -1688.894412] SLOW spr round 4 (radius: 20)
[00:00:01 -1688.894412] SLOW spr round 5 (radius: 25)
[00:00:01 -1688.894412] Model parameter optimization (eps = 0.100000)

[00:00:01] [worker #0] ML tree search #5, logLikelihood: -1688.853531

[00:00:01 -3293.941899] Initial branch length optimization
[00:00:01] [worker #3] ML tree search #8, logLikelihood: -1688.783108
[00:00:01 -2352.299450] Model parameter optimization (eps = 10.000000)
[00:00:01 -2181.168879] AUTODETECT spr round 1 (radius: 5)
[00:00:01] [worker #1] ML tree search #6, logLikelihood: -1688.783040
[00:00:01 -1752.601881] AUTODETECT spr round 2 (radius: 10)
[00:00:01 -1715.303049] AUTODETECT spr round 3 (radius: 15)
[00:00:01 -1714.760917] AUTODETECT spr round 4 (radius: 20)
[00:00:01 -1714.759111] SPR radius for FAST iterations: 15 (autodetect)
[00:00:01 -1714.759111] Model parameter optimization (eps = 3.000000)
[00:00:01 -1702.453050] FAST spr round 1 (radius: 15)
[00:00:01 -1693.228945] Model parameter optimization (eps = 1.000000)
[00:00:01 -1693.191728] SLOW spr round 1 (radius: 5)
[00:00:01] [worker #2] ML tree search #11, logLikelihood: -1688.783068
[00:00:02 -1690.265145] SLOW spr round 2 (radius: 10)
[00:00:02] [worker #3] ML tree search #12, logLikelihood: -1688.853483
[00:00:02 -1690.030088] SLOW spr round 3 (radius: 15)
[00:00:02 -1690.030052] SLOW spr round 4 (radius: 20)
[00:00:02 -1690.030052] SLOW spr round 5 (radius: 25)
[00:00:02 -1690.030052] Model parameter optimization (eps = 0.100000)

[00:00:02] [worker #0] ML tree search #9, logLikelihood: -1689.979190

[00:00:02 -2667.972310] Initial branch length optimization
[00:00:02 -1744.375531] Model parameter optimization (eps = 10.000000)
[00:00:02 -1704.599664] AUTODETECT spr round 1 (radius: 5)
[00:00:02] [worker #1] ML tree search #10, logLikelihood: -1688.853817
[00:00:02 -1690.571021] AUTODETECT spr round 2 (radius: 10)
[00:00:02 -1690.562441] SPR radius for FAST iterations: 5 (autodetect)
[00:00:02 -1690.562441] Model parameter optimization (eps = 3.000000)
[00:00:02] [worker #2] ML tree search #15, logLikelihood: -1688.783080
[00:00:02 -1690.418798] FAST spr round 1 (radius: 5)
[00:00:02 -1690.418767] Model parameter optimization (eps = 1.000000)
[00:00:02] [worker #3] ML tree search #16, logLikelihood: -1688.945573
[00:00:02 -1690.418406] SLOW spr round 1 (radius: 5)
[00:00:02 -1688.881159] SLOW spr round 2 (radius: 10)
[00:00:02 -1688.881141] SLOW spr round 3 (radius: 15)
[00:00:02 -1688.881141] SLOW spr round 4 (radius: 20)
[00:00:02 -1688.881141] SLOW spr round 5 (radius: 25)
[00:00:02 -1688.881141] Model parameter optimization (eps = 0.100000)

[00:00:02] [worker #0] ML tree search #13, logLikelihood: -1688.853860

[00:00:02 -2661.443326] Initial branch length optimization
[00:00:02 -1738.103763] Model parameter optimization (eps = 10.000000)
[00:00:02 -1697.014810] AUTODETECT spr round 1 (radius: 5)
[00:00:02 -1690.958224] AUTODETECT spr round 2 (radius: 10)
[00:00:02 -1690.955846] SPR radius for FAST iterations: 5 (autodetect)
[00:00:02 -1690.955846] Model parameter optimization (eps = 3.000000)
[00:00:02 -1690.909330] FAST spr round 1 (radius: 5)
[00:00:02 -1688.880248] Model parameter optimization (eps = 1.000000)
[00:00:02 -1688.853493] SLOW spr round 1 (radius: 5)
[00:00:02] [worker #1] ML tree search #14, logLikelihood: -1688.783076
[00:00:02] [worker #3] ML tree search #20, logLikelihood: -1688.853500
[00:00:02] [worker #2] ML tree search #19, logLikelihood: -1688.783031
[00:00:03 -1688.853490] SLOW spr round 2 (radius: 10)
[00:00:03 -1688.853490] SLOW spr round 3 (radius: 15)
[00:00:03 -1688.853490] SLOW spr round 4 (radius: 20)
[00:00:03 -1688.853490] SLOW spr round 5 (radius: 25)
[00:00:03 -1688.853490] Model parameter optimization (eps = 0.100000)

[00:00:03] [worker #0] ML tree search #17, logLikelihood: -1688.853454

[00:00:03] [worker #1] ML tree search #18, logLikelihood: -1688.783292

Optimized model parameters:

   Partition 0: noname
   Rate heterogeneity: GAMMA (4 cats, mean),  alpha: 0.489716 (ML),  weights&rates: (0.250000,0.031498) (0.250000,0.245149) (0.250000,0.812639) (0.250000,2.910715) 
   Base frequencies (empirical): 0.299573 0.196939 0.258044 0.245444 
   Substitution rates (ML): 2.129851 6.180559 1.711719 2.816834 9.128293 1.000000 


Final LogLikelihood: -1688.783031

AIC score: 3537.566062 / AICc score: 3567.917350 / BIC score: 3876.004578
Free parameters (model + branch lengths): 80

WARNING: Best ML tree contains 16 near-zero branches!

Best ML tree with collapsed near-zero branches saved to: /data/jeremias/eucs/roadies/output/genes/gene_194_filtered.fa.aln.raxml.bestTreeCollapsed
Best ML tree saved to: /data/jeremias/eucs/roadies/output/genes/gene_194_filtered.fa.aln.raxml.bestTree
All ML trees saved to: /data/jeremias/eucs/roadies/output/genes/gene_194_filtered.fa.aln.raxml.mlTrees
Optimized model saved to: /data/jeremias/eucs/roadies/output/genes/gene_194_filtered.fa.aln.raxml.bestModel

Execution log saved to: /data/jeremias/eucs/roadies/output/genes/gene_194_filtered.fa.aln.raxml.log

Analysis started: 03-Jul-2024 20:36:46 / finished: 03-Jul-2024 20:36:49

Elapsed time: 3.499 seconds

