
RAxML-NG v. 1.2.2 released on 11.04.2024 by The Exelixis Lab.
Developed by: Alexey M. Kozlov and Alexandros Stamatakis.
Contributors: Diego Darriba, Tomas Flouri, Benoit Morel, Sarah Lutteropp, Ben Bettisworth, Julia Haag, Anastasis Togkousidis.
Latest version: https://github.com/amkozlov/raxml-ng
Questions/problems/suggestions? Please visit: https://groups.google.com/forum/#!forum/raxml

System: AMD EPYC 7742 64-Core Processor, 128 cores, 1007 GB RAM

RAxML-NG was called at 29-Jul-2024 16:10:01 as follows:

raxml-ng --msa /data/jeremias/eucs/roadies/output/genes/gene_174_filtered.fa.aln --model GTR+G+F --redo --threads auto{4} --blopt nr_safe

Analysis options:
  run mode: ML tree search
  start tree(s): random (10) + parsimony (10)
  random seed: 1722233401
  tip-inner: OFF
  pattern compression: ON
  per-rate scalers: OFF
  site repeats: ON
  logLH epsilon: general: 10.000000, brlen-triplet: 1000.000000
  fast spr radius: AUTO
  spr subtree cutoff: 1.000000
  fast CLV updates: ON
  branch lengths: proportional (ML estimate, algorithm: NR-SAFE)
  SIMD kernels: AVX2
  parallelization: coarse-grained (auto), PTHREADS (auto)

WARNING: Running in REDO mode: existing checkpoints are ignored, and all result files will be overwritten!

[00:00:00] Reading alignment from file: /data/jeremias/eucs/roadies/output/genes/gene_174_filtered.fa.aln
[00:00:00] Loaded alignment with 360 taxa and 511 sites

WARNING: Sequences C_maculata_7 and C_maculata_8 are exactly identical!
WARNING: Sequences E_viminalis_1 and E_grandis_1 are exactly identical!
WARNING: Sequences E_albens_6 and E_paniculata_6 are exactly identical!
WARNING: Sequences E_guilfoylei_6 and E_guilfoylei_7 are exactly identical!
WARNING: Duplicate sequences found: 4

NOTE: Reduced alignment (with duplicates and gap-only sites/taxa removed) 
NOTE: was saved to: /data/jeremias/eucs/roadies/output/genes/gene_174_filtered.fa.aln.raxml.reduced.phy

Alignment comprises 1 partitions and 468 patterns

Partition 0: noname
Model: GTR+FC+G4m
Alignment sites / patterns: 511 / 468
Gaps: 2.63 %
Invariant sites: 10.37 %


NOTE: Binary MSA file created: /data/jeremias/eucs/roadies/output/genes/gene_174_filtered.fa.aln.raxml.rba

Parallelization scheme autoconfig: 4 worker(s) x 1 thread(s)

[00:00:00] Generating 10 random starting tree(s) with 360 taxa
[00:00:00] Generating 10 parsimony starting tree(s) with 360 taxa
Parallel parsimony with 4 threads
Parallel reduction/worker buffer size: 1 KB  / 0 KB

[00:00:00] Data distribution: max. partitions/sites/weight per thread: 1 / 468 / 7488
[00:00:00] Data distribution: max. searches per worker: 5

Starting ML tree search with 20 distinct starting trees

[00:00:00 -71118.281235] Initial branch length optimization
[00:00:00 -60237.842367] Model parameter optimization (eps = 10.000000)
[00:00:02 -55926.385810] AUTODETECT spr round 1 (radius: 5)
[00:00:03 -41159.485423] AUTODETECT spr round 2 (radius: 10)
[00:00:06 -30261.485871] AUTODETECT spr round 3 (radius: 15)
[00:00:09 -27451.896553] AUTODETECT spr round 4 (radius: 20)
[00:00:14 -27396.061236] AUTODETECT spr round 5 (radius: 25)
[00:00:19 -26778.466530] SPR radius for FAST iterations: 25 (autodetect)
[00:00:19 -26778.466530] Model parameter optimization (eps = 3.000000)
[00:00:20 -26655.507584] FAST spr round 1 (radius: 25)
[00:00:23 -22799.498647] FAST spr round 2 (radius: 25)
[00:00:24 -22650.214428] FAST spr round 3 (radius: 25)
[00:00:26 -22635.176776] FAST spr round 4 (radius: 25)
[00:00:27 -22635.176725] Model parameter optimization (eps = 1.000000)
[00:00:28 -22632.017223] SLOW spr round 1 (radius: 5)
[00:00:33 -22624.060250] SLOW spr round 2 (radius: 10)
[00:00:36 -22623.859881] SLOW spr round 3 (radius: 15)
[00:00:45 -22623.859758] SLOW spr round 4 (radius: 20)
[00:00:55 -22623.859734] SLOW spr round 5 (radius: 25)
[00:01:07 -22623.859729] Model parameter optimization (eps = 0.100000)

[00:01:07] [worker #0] ML tree search #1, logLikelihood: -22623.848120

[00:01:07 -70910.930802] Initial branch length optimization
[00:01:08 -60036.180595] Model parameter optimization (eps = 10.000000)
[00:01:09 -55838.339016] AUTODETECT spr round 1 (radius: 5)
[00:01:11 -41279.479262] AUTODETECT spr round 2 (radius: 10)
[00:01:11] [worker #2] ML tree search #3, logLikelihood: -22628.989461
[00:01:14] [worker #1] ML tree search #2, logLikelihood: -22623.575162
[00:01:15 -29560.453577] AUTODETECT spr round 3 (radius: 15)
[00:01:24 -26195.234804] AUTODETECT spr round 4 (radius: 20)
[00:01:31 -25766.362694] AUTODETECT spr round 5 (radius: 25)
[00:01:38 -25744.710332] SPR radius for FAST iterations: 25 (autodetect)
[00:01:38 -25744.710332] Model parameter optimization (eps = 3.000000)
[00:01:38 -25657.688662] FAST spr round 1 (radius: 25)
[00:01:41 -22726.134479] FAST spr round 2 (radius: 25)
[00:01:45] [worker #3] ML tree search #4, logLikelihood: -22618.334295
[00:01:45 -22666.759250] FAST spr round 3 (radius: 25)
[00:01:49 -22660.592037] Model parameter optimization (eps = 1.000000)
[00:01:50 -22657.103264] SLOW spr round 1 (radius: 5)
[00:02:00 -22649.863277] SLOW spr round 2 (radius: 10)
[00:02:08 -22649.859996] SLOW spr round 3 (radius: 15)
[00:02:19 -22647.854844] SLOW spr round 4 (radius: 20)
[00:02:35 -22647.851227] SLOW spr round 5 (radius: 25)
[00:02:53 -22647.850947] Model parameter optimization (eps = 0.100000)

[00:02:53] [worker #0] ML tree search #5, logLikelihood: -22647.783964

[00:02:53 -72009.557828] Initial branch length optimization
[00:02:53 -60403.612467] Model parameter optimization (eps = 10.000000)
[00:02:54] [worker #1] ML tree search #6, logLikelihood: -22628.951921
[00:02:56 -56089.816764] AUTODETECT spr round 1 (radius: 5)
[00:02:59 -42907.681602] AUTODETECT spr round 2 (radius: 10)
[00:03:01] [worker #2] ML tree search #7, logLikelihood: -22628.893403
[00:03:03 -30669.535415] AUTODETECT spr round 3 (radius: 15)
[00:03:09 -26019.544009] AUTODETECT spr round 4 (radius: 20)
[00:03:10] [worker #3] ML tree search #8, logLikelihood: -22618.339809
[00:03:15 -25355.534507] AUTODETECT spr round 5 (radius: 25)
[00:03:23 -25352.828647] SPR radius for FAST iterations: 25 (autodetect)
[00:03:23 -25352.828647] Model parameter optimization (eps = 3.000000)
[00:03:23 -25247.609569] FAST spr round 1 (radius: 25)
[00:03:27 -22841.387288] FAST spr round 2 (radius: 25)
[00:03:29 -22646.357421] FAST spr round 3 (radius: 25)
[00:03:32 -22632.888430] FAST spr round 4 (radius: 25)
[00:03:33 -22632.887653] Model parameter optimization (eps = 1.000000)
[00:03:34 -22630.964699] SLOW spr round 1 (radius: 5)
[00:03:42 -22620.745216] SLOW spr round 2 (radius: 5)
[00:03:48 -22620.312070] SLOW spr round 3 (radius: 10)
[00:03:52 -22620.311600] SLOW spr round 4 (radius: 15)
[00:04:03 -22620.311468] SLOW spr round 5 (radius: 20)
[00:04:19 -22620.311430] SLOW spr round 6 (radius: 25)
[00:04:25] [worker #1] ML tree search #10, logLikelihood: -22617.902847
[00:04:31 -22620.311420] Model parameter optimization (eps = 0.100000)

[00:04:31] [worker #0] ML tree search #9, logLikelihood: -22620.269274

[00:04:31 -28541.099567] Initial branch length optimization
[00:04:32 -24208.986446] Model parameter optimization (eps = 10.000000)
[00:04:33 -22910.015061] AUTODETECT spr round 1 (radius: 5)
[00:04:34 -22672.960830] AUTODETECT spr round 2 (radius: 10)
[00:04:39 -22656.555336] AUTODETECT spr round 3 (radius: 15)
[00:04:45 -22656.305010] AUTODETECT spr round 4 (radius: 20)
[00:04:45] [worker #2] ML tree search #11, logLikelihood: -22612.694988
[00:04:48] [worker #3] ML tree search #12, logLikelihood: -22618.327872
[00:04:53 -22656.212595] SPR radius for FAST iterations: 15 (autodetect)
[00:04:53 -22656.212595] Model parameter optimization (eps = 3.000000)
[00:04:54 -22655.405913] FAST spr round 1 (radius: 15)
[00:04:56 -22630.732119] FAST spr round 2 (radius: 15)
[00:04:58 -22627.397774] Model parameter optimization (eps = 1.000000)
[00:04:58 -22627.352138] SLOW spr round 1 (radius: 5)
[00:05:03 -22621.810093] SLOW spr round 2 (radius: 10)
[00:05:07 -22621.528498] SLOW spr round 3 (radius: 15)
[00:05:18 -22621.528340] SLOW spr round 4 (radius: 20)
[00:05:32 -22621.528340] SLOW spr round 5 (radius: 25)
[00:05:41] [worker #1] ML tree search #14, logLikelihood: -22616.544718
[00:05:47 -22621.528340] Model parameter optimization (eps = 0.100000)

[00:05:49] [worker #0] ML tree search #13, logLikelihood: -22621.508477

[00:05:49 -28348.152513] Initial branch length optimization
[00:05:49 -24091.058539] Model parameter optimization (eps = 10.000000)
[00:05:50 -22791.929511] AUTODETECT spr round 1 (radius: 5)
[00:05:51 -22688.681875] AUTODETECT spr round 2 (radius: 10)
[00:05:55 -22671.267500] AUTODETECT spr round 3 (radius: 15)
[00:06:00 -22671.139291] AUTODETECT spr round 4 (radius: 20)
[00:06:03] [worker #2] ML tree search #15, logLikelihood: -22622.553754
[00:06:05] [worker #3] ML tree search #16, logLikelihood: -22629.100988
[00:06:07 -22671.136456] SPR radius for FAST iterations: 15 (autodetect)
[00:06:07 -22671.136456] Model parameter optimization (eps = 3.000000)
[00:06:07 -22670.957129] FAST spr round 1 (radius: 15)
[00:06:09 -22646.444762] FAST spr round 2 (radius: 15)
[00:06:11 -22641.876687] Model parameter optimization (eps = 1.000000)
[00:06:11 -22641.851463] SLOW spr round 1 (radius: 5)
[00:06:17 -22631.373867] SLOW spr round 2 (radius: 5)
[00:06:23 -22627.287871] SLOW spr round 3 (radius: 10)
[00:06:29 -22626.093315] SLOW spr round 4 (radius: 15)
[00:06:48 -22626.029364] SLOW spr round 5 (radius: 20)
[00:07:08 -22626.029354] SLOW spr round 6 (radius: 25)
[00:07:09] [worker #1] ML tree search #18, logLikelihood: -22624.583080
[00:07:27 -22626.029353] Model parameter optimization (eps = 0.100000)

[00:07:27] [worker #0] ML tree search #17, logLikelihood: -22625.966700

[00:07:38] [worker #2] ML tree search #19, logLikelihood: -22623.368327
[00:07:44] [worker #3] ML tree search #20, logLikelihood: -22621.385917

Optimized model parameters:

   Partition 0: noname
   Rate heterogeneity: GAMMA (4 cats, mean),  alpha: 0.853271 (ML),  weights&rates: (0.250000,0.106833) (0.250000,0.427729) (0.250000,0.970689) (0.250000,2.494749) 
   Base frequencies (empirical): 0.290055 0.232534 0.145658 0.331753 
   Substitution rates (ML): 0.603692 4.928379 0.624743 0.865080 3.225431 1.000000 


Final LogLikelihood: -22612.694988

AIC score: 46677.389976 / AICc score: 1102281.389976 / BIC score: 49752.994299
Free parameters (model + branch lengths): 726

WARNING: Number of free parameters (K=726) is larger than alignment size (n=511).
         This might lead to overfitting and compromise tree inference results!


WARNING: Best ML tree contains 65 near-zero branches!

Best ML tree with collapsed near-zero branches saved to: /data/jeremias/eucs/roadies/output/genes/gene_174_filtered.fa.aln.raxml.bestTreeCollapsed
Best ML tree saved to: /data/jeremias/eucs/roadies/output/genes/gene_174_filtered.fa.aln.raxml.bestTree
All ML trees saved to: /data/jeremias/eucs/roadies/output/genes/gene_174_filtered.fa.aln.raxml.mlTrees
Optimized model saved to: /data/jeremias/eucs/roadies/output/genes/gene_174_filtered.fa.aln.raxml.bestModel

Execution log saved to: /data/jeremias/eucs/roadies/output/genes/gene_174_filtered.fa.aln.raxml.log

Analysis started: 29-Jul-2024 16:10:01 / finished: 29-Jul-2024 16:17:46

Elapsed time: 464.753 seconds

