
RAxML-NG v. 1.2.2 released on 11.04.2024 by The Exelixis Lab.
Developed by: Alexey M. Kozlov and Alexandros Stamatakis.
Contributors: Diego Darriba, Tomas Flouri, Benoit Morel, Sarah Lutteropp, Ben Bettisworth, Julia Haag, Anastasis Togkousidis.
Latest version: https://github.com/amkozlov/raxml-ng
Questions/problems/suggestions? Please visit: https://groups.google.com/forum/#!forum/raxml

System: AMD EPYC 7742 64-Core Processor, 128 cores, 1007 GB RAM

RAxML-NG was called at 29-Jul-2024 17:26:00 as follows:

raxml-ng --msa /data/jeremias/eucs/roadies/output/genes/gene_9_filtered.fa.aln --model GTR+G+F --redo --threads auto{4} --blopt nr_safe

Analysis options:
  run mode: ML tree search
  start tree(s): random (10) + parsimony (10)
  random seed: 1722237960
  tip-inner: OFF
  pattern compression: ON
  per-rate scalers: OFF
  site repeats: ON
  logLH epsilon: general: 10.000000, brlen-triplet: 1000.000000
  fast spr radius: AUTO
  spr subtree cutoff: 1.000000
  fast CLV updates: ON
  branch lengths: proportional (ML estimate, algorithm: NR-SAFE)
  SIMD kernels: AVX2
  parallelization: coarse-grained (auto), PTHREADS (auto)

WARNING: Running in REDO mode: existing checkpoints are ignored, and all result files will be overwritten!

[00:00:00] Reading alignment from file: /data/jeremias/eucs/roadies/output/genes/gene_9_filtered.fa.aln
[00:00:00] Loaded alignment with 41 taxa and 558 sites

Alignment comprises 1 partitions and 270 patterns

Partition 0: noname
Model: GTR+FC+G4m
Alignment sites / patterns: 558 / 270
Gaps: 9.89 %
Invariant sites: 54.48 %


NOTE: Binary MSA file created: /data/jeremias/eucs/roadies/output/genes/gene_9_filtered.fa.aln.raxml.rba

Parallelization scheme autoconfig: 4 worker(s) x 1 thread(s)

[00:00:00] Generating 10 random starting tree(s) with 41 taxa
[00:00:00] Generating 10 parsimony starting tree(s) with 41 taxa
Parallel parsimony with 4 threads
Parallel reduction/worker buffer size: 1 KB  / 0 KB

[00:00:00] Data distribution: max. partitions/sites/weight per thread: 1 / 270 / 4320
[00:00:00] Data distribution: max. searches per worker: 5

Starting ML tree search with 20 distinct starting trees

[00:00:00 -5416.821103] Initial branch length optimization
[00:00:00 -4281.035867] Model parameter optimization (eps = 10.000000)
[00:00:00 -3985.565343] AUTODETECT spr round 1 (radius: 5)
[00:00:00 -3074.787123] AUTODETECT spr round 2 (radius: 10)
[00:00:00 -2784.055894] AUTODETECT spr round 3 (radius: 15)
[00:00:00 -2783.639076] AUTODETECT spr round 4 (radius: 20)
[00:00:00 -2783.471642] AUTODETECT spr round 5 (radius: 25)
[00:00:00 -2783.378117] SPR radius for FAST iterations: 20 (autodetect)
[00:00:00 -2783.378117] Model parameter optimization (eps = 3.000000)
[00:00:00 -2708.435657] FAST spr round 1 (radius: 20)
[00:00:00 -2674.220977] FAST spr round 2 (radius: 20)
[00:00:01 -2674.220617] Model parameter optimization (eps = 1.000000)
[00:00:01 -2673.830033] SLOW spr round 1 (radius: 5)
[00:00:01 -2673.829990] SLOW spr round 2 (radius: 10)
[00:00:01 -2673.829990] SLOW spr round 3 (radius: 15)
[00:00:01] [worker #3] ML tree search #4, logLikelihood: -2673.827299
[00:00:01 -2673.829990] SLOW spr round 4 (radius: 20)
[00:00:01 -2673.829990] SLOW spr round 5 (radius: 25)
[00:00:01 -2673.829990] Model parameter optimization (eps = 0.100000)

[00:00:01] [worker #0] ML tree search #1, logLikelihood: -2673.827302

[00:00:01 -5491.869221] Initial branch length optimization
[00:00:01 -4297.435693] Model parameter optimization (eps = 10.000000)
[00:00:02 -3999.282886] AUTODETECT spr round 1 (radius: 5)
[00:00:02 -2901.510562] AUTODETECT spr round 2 (radius: 10)
[00:00:02] [worker #1] ML tree search #2, logLikelihood: -2673.827637
[00:00:02] [worker #2] ML tree search #3, logLikelihood: -2673.827476
[00:00:02 -2855.817652] AUTODETECT spr round 3 (radius: 15)
[00:00:02 -2855.606441] AUTODETECT spr round 4 (radius: 20)
[00:00:02 -2855.597513] SPR radius for FAST iterations: 15 (autodetect)
[00:00:02 -2855.597513] Model parameter optimization (eps = 3.000000)
[00:00:02 -2810.485540] FAST spr round 1 (radius: 15)
[00:00:02 -2685.845594] FAST spr round 2 (radius: 15)
[00:00:02 -2685.845586] Model parameter optimization (eps = 1.000000)
[00:00:02 -2673.827381] SLOW spr round 1 (radius: 5)
[00:00:02 -2673.827380] SLOW spr round 2 (radius: 10)
[00:00:03] [worker #3] ML tree search #8, logLikelihood: -2673.827304
[00:00:03 -2673.827380] SLOW spr round 3 (radius: 15)
[00:00:03 -2673.827380] SLOW spr round 4 (radius: 20)
[00:00:03 -2673.827380] SLOW spr round 5 (radius: 25)
[00:00:03 -2673.827380] Model parameter optimization (eps = 0.100000)

[00:00:03] [worker #0] ML tree search #5, logLikelihood: -2673.827300

[00:00:03 -5510.474350] Initial branch length optimization
[00:00:03 -4287.245339] Model parameter optimization (eps = 10.000000)
[00:00:03 -3970.158266] AUTODETECT spr round 1 (radius: 5)
[00:00:03 -2928.876207] AUTODETECT spr round 2 (radius: 10)
[00:00:04 -2856.862042] AUTODETECT spr round 3 (radius: 15)
[00:00:04] [worker #3] ML tree search #12, logLikelihood: -2674.079052
[00:00:04 -2852.740525] AUTODETECT spr round 4 (radius: 20)
[00:00:04 -2852.608799] AUTODETECT spr round 5 (radius: 25)
[00:00:04 -2852.519882] SPR radius for FAST iterations: 20 (autodetect)
[00:00:04 -2852.519882] Model parameter optimization (eps = 3.000000)
[00:00:04 -2792.845892] FAST spr round 1 (radius: 20)
[00:00:04] [worker #1] ML tree search #6, logLikelihood: -2673.827292
[00:00:04] [worker #2] ML tree search #7, logLikelihood: -2674.079075
[00:00:04 -2678.974067] FAST spr round 2 (radius: 20)
[00:00:04 -2678.974041] Model parameter optimization (eps = 1.000000)
[00:00:04 -2674.517592] SLOW spr round 1 (radius: 5)
[00:00:05 -2673.910530] SLOW spr round 2 (radius: 10)
[00:00:05] [worker #3] ML tree search #16, logLikelihood: -2673.827635
[00:00:05 -2673.894270] SLOW spr round 3 (radius: 15)
[00:00:05] [worker #2] ML tree search #11, logLikelihood: -2674.079052
[00:00:05 -2673.881132] SLOW spr round 4 (radius: 20)
[00:00:05 -2673.852107] SLOW spr round 5 (radius: 25)
[00:00:05 -2673.848994] Model parameter optimization (eps = 0.100000)

[00:00:05] [worker #0] ML tree search #9, logLikelihood: -2673.827742

[00:00:05 -3708.987037] Initial branch length optimization
[00:00:06 -2766.564979] Model parameter optimization (eps = 10.000000)
[00:00:06 -2675.337086] AUTODETECT spr round 1 (radius: 5)
[00:00:06 -2673.997944] AUTODETECT spr round 2 (radius: 10)
[00:00:06 -2673.919686] SPR radius for FAST iterations: 5 (autodetect)
[00:00:06 -2673.919686] Model parameter optimization (eps = 3.000000)
[00:00:06 -2673.880944] FAST spr round 1 (radius: 5)
[00:00:06 -2673.827489] Model parameter optimization (eps = 1.000000)
[00:00:06 -2673.827354] SLOW spr round 1 (radius: 5)
[00:00:06] [worker #1] ML tree search #10, logLikelihood: -2673.827653
[00:00:06 -2673.827353] SLOW spr round 2 (radius: 10)
[00:00:06] [worker #2] ML tree search #15, logLikelihood: -2674.079392
[00:00:07] [worker #3] ML tree search #20, logLikelihood: -2674.079058
[00:00:07 -2673.827353] SLOW spr round 3 (radius: 15)
[00:00:07 -2673.827353] SLOW spr round 4 (radius: 20)
[00:00:07 -2673.827353] SLOW spr round 5 (radius: 25)
[00:00:07 -2673.827353] Model parameter optimization (eps = 0.100000)

[00:00:07] [worker #0] ML tree search #13, logLikelihood: -2673.827350

[00:00:07 -3712.741400] Initial branch length optimization
[00:00:07 -2770.078056] Model parameter optimization (eps = 10.000000)
[00:00:07 -2677.060252] AUTODETECT spr round 1 (radius: 5)
[00:00:07] [worker #1] ML tree search #14, logLikelihood: -2674.079072
[00:00:08 -2674.091684] AUTODETECT spr round 2 (radius: 10)
[00:00:08 -2674.091009] SPR radius for FAST iterations: 5 (autodetect)
[00:00:08 -2674.091009] Model parameter optimization (eps = 3.000000)
[00:00:08 -2674.079544] FAST spr round 1 (radius: 5)
[00:00:08 -2674.079542] Model parameter optimization (eps = 1.000000)
[00:00:08 -2674.079403] SLOW spr round 1 (radius: 5)
[00:00:08] [worker #2] ML tree search #19, logLikelihood: -2673.827635
[00:00:08 -2674.079403] SLOW spr round 2 (radius: 10)
[00:00:09 -2674.079403] SLOW spr round 3 (radius: 15)
[00:00:09] [worker #1] ML tree search #18, logLikelihood: -2674.079395
[00:00:09 -2674.079403] SLOW spr round 4 (radius: 20)
[00:00:09 -2674.079403] SLOW spr round 5 (radius: 25)
[00:00:09 -2674.079403] Model parameter optimization (eps = 0.100000)

[00:00:09] [worker #0] ML tree search #17, logLikelihood: -2674.079403


Optimized model parameters:

   Partition 0: noname
   Rate heterogeneity: GAMMA (4 cats, mean),  alpha: 6.929376 (ML),  weights&rates: (0.250000,0.566682) (0.250000,0.839202) (0.250000,1.079118) (0.250000,1.514998) 
   Base frequencies (empirical): 0.378201 0.201785 0.140231 0.279783 
   Substitution rates (ML): 1.104549 4.023506 0.848080 1.332242 4.245289 1.000000 


Final LogLikelihood: -2673.827292

AIC score: 5523.654584 / AICc score: 5557.053305 / BIC score: 5904.198173
Free parameters (model + branch lengths): 88

WARNING: Best ML tree contains 14 near-zero branches!

Best ML tree with collapsed near-zero branches saved to: /data/jeremias/eucs/roadies/output/genes/gene_9_filtered.fa.aln.raxml.bestTreeCollapsed
Best ML tree saved to: /data/jeremias/eucs/roadies/output/genes/gene_9_filtered.fa.aln.raxml.bestTree
All ML trees saved to: /data/jeremias/eucs/roadies/output/genes/gene_9_filtered.fa.aln.raxml.mlTrees
Optimized model saved to: /data/jeremias/eucs/roadies/output/genes/gene_9_filtered.fa.aln.raxml.bestModel

Execution log saved to: /data/jeremias/eucs/roadies/output/genes/gene_9_filtered.fa.aln.raxml.log

Analysis started: 29-Jul-2024 17:26:00 / finished: 29-Jul-2024 17:26:10

Elapsed time: 9.606 seconds

