
RAxML-NG v. 1.2.2 released on 11.04.2024 by The Exelixis Lab.
Developed by: Alexey M. Kozlov and Alexandros Stamatakis.
Contributors: Diego Darriba, Tomas Flouri, Benoit Morel, Sarah Lutteropp, Ben Bettisworth, Julia Haag, Anastasis Togkousidis.
Latest version: https://github.com/amkozlov/raxml-ng
Questions/problems/suggestions? Please visit: https://groups.google.com/forum/#!forum/raxml

System: AMD EPYC 7742 64-Core Processor, 128 cores, 1007 GB RAM

RAxML-NG was called at 03-Jul-2024 18:18:44 as follows:

raxml-ng --msa /data/jeremias/eucs/roadies/output/genes/gene_146_filtered.fa.aln --model GTR+G+F --redo --threads auto{4} --blopt nr_safe

Analysis options:
  run mode: ML tree search
  start tree(s): random (10) + parsimony (10)
  random seed: 1719994724
  tip-inner: OFF
  pattern compression: ON
  per-rate scalers: OFF
  site repeats: ON
  logLH epsilon: general: 10.000000, brlen-triplet: 1000.000000
  fast spr radius: AUTO
  spr subtree cutoff: 1.000000
  fast CLV updates: ON
  branch lengths: proportional (ML estimate, algorithm: NR-SAFE)
  SIMD kernels: AVX2
  parallelization: coarse-grained (auto), PTHREADS (auto)

WARNING: Running in REDO mode: existing checkpoints are ignored, and all result files will be overwritten!

[00:00:00] Reading alignment from file: /data/jeremias/eucs/roadies/output/genes/gene_146_filtered.fa.aln
[00:00:00] Loaded alignment with 5 taxa and 559 sites

Alignment comprises 1 partitions and 62 patterns

Partition 0: noname
Model: GTR+FC+G4m
Alignment sites / patterns: 559 / 62
Gaps: 13.70 %
Invariant sites: 84.26 %


NOTE: Binary MSA file created: /data/jeremias/eucs/roadies/output/genes/gene_146_filtered.fa.aln.raxml.rba

Parallelization scheme autoconfig: 4 worker(s) x 1 thread(s)

[00:00:00] Generating 10 random starting tree(s) with 5 taxa
[00:00:00] Generating 10 parsimony starting tree(s) with 5 taxa
Parallel parsimony with 4 threads
Parallel reduction/worker buffer size: 1 KB  / 0 KB

[00:00:00] Data distribution: max. partitions/sites/weight per thread: 1 / 62 / 992
[00:00:00] Data distribution: max. searches per worker: 5

Starting ML tree search with 20 distinct starting trees

[00:00:00 -1554.217094] Initial branch length optimization
[00:00:00 -1399.235279] Model parameter optimization (eps = 10.000000)
[00:00:00 -1274.613496] AUTODETECT spr round 1 (radius: 5)
[00:00:00 -1177.852062] SPR radius for FAST iterations: 5 (autodetect)
[00:00:00 -1177.852062] Model parameter optimization (eps = 3.000000)
[00:00:00 -1166.718704] FAST spr round 1 (radius: 5)
[00:00:00 -1166.708632] Model parameter optimization (eps = 1.000000)
[00:00:00 -1166.264679] SLOW spr round 1 (radius: 5)
[00:00:00 -1166.264135] Model parameter optimization (eps = 0.100000)

[00:00:00] [worker #0] ML tree search #1, logLikelihood: -1166.176672

[00:00:00 -1554.231704] Initial branch length optimization
[00:00:00 -1399.315413] Model parameter optimization (eps = 10.000000)
[00:00:00 -1274.620273] AUTODETECT spr round 1 (radius: 5)
[00:00:00 -1177.867802] SPR radius for FAST iterations: 5 (autodetect)
[00:00:00 -1177.867802] Model parameter optimization (eps = 3.000000)
[00:00:00] [worker #1] ML tree search #2, logLikelihood: -1166.172015
[00:00:00] [worker #2] ML tree search #3, logLikelihood: -1166.165472
[00:00:00] [worker #3] ML tree search #4, logLikelihood: -1166.164645
[00:00:00 -1166.686556] FAST spr round 1 (radius: 5)
[00:00:00 -1166.684330] Model parameter optimization (eps = 1.000000)
[00:00:00 -1166.259387] SLOW spr round 1 (radius: 5)
[00:00:00 -1166.259046] Model parameter optimization (eps = 0.100000)

[00:00:00] [worker #0] ML tree search #5, logLikelihood: -1166.175807

[00:00:00 -1515.063811] Initial branch length optimization
[00:00:00 -1410.276669] Model parameter optimization (eps = 10.000000)
[00:00:00] [worker #1] ML tree search #6, logLikelihood: -1166.175807
[00:00:00] [worker #2] ML tree search #7, logLikelihood: -1166.166830
[00:00:00 -1283.863682] AUTODETECT spr round 1 (radius: 5)
[00:00:00 -1176.448422] SPR radius for FAST iterations: 5 (autodetect)
[00:00:00 -1176.448422] Model parameter optimization (eps = 3.000000)
[00:00:00] [worker #3] ML tree search #8, logLikelihood: -1166.171946
[00:00:00 -1166.329917] FAST spr round 1 (radius: 5)
[00:00:00 -1166.327825] Model parameter optimization (eps = 1.000000)
[00:00:00 -1166.186973] SLOW spr round 1 (radius: 5)
[00:00:00 -1166.186846] Model parameter optimization (eps = 0.100000)

[00:00:00] [worker #0] ML tree search #9, logLikelihood: -1166.165472

[00:00:00 -1357.251265] Initial branch length optimization
[00:00:00 -1202.894269] Model parameter optimization (eps = 10.000000)
[00:00:00 -1166.162646] AUTODETECT spr round 1 (radius: 5)
[00:00:00 -1166.162521] SPR radius for FAST iterations: 5 (autodetect)
[00:00:00] [worker #2] ML tree search #11, logLikelihood: -1166.162317
[00:00:00 -1166.162521] Model parameter optimization (eps = 3.000000)
[00:00:00 -1166.162302] FAST spr round 1 (radius: 5)
[00:00:00] [worker #3] ML tree search #12, logLikelihood: -1166.162304
[00:00:00] [worker #1] ML tree search #10, logLikelihood: -1166.174510
[00:00:00 -1166.162302] Model parameter optimization (eps = 1.000000)
[00:00:00 -1166.162285] SLOW spr round 1 (radius: 5)
[00:00:00 -1166.162285] Model parameter optimization (eps = 0.100000)

[00:00:00] [worker #0] ML tree search #13, logLikelihood: -1166.162284

[00:00:00 -1357.251265] Initial branch length optimization
[00:00:00 -1202.937361] Model parameter optimization (eps = 10.000000)
[00:00:00 -1166.162416] AUTODETECT spr round 1 (radius: 5)
[00:00:00 -1166.162321] SPR radius for FAST iterations: 5 (autodetect)
[00:00:00 -1166.162321] Model parameter optimization (eps = 3.000000)
[00:00:00 -1166.162299] FAST spr round 1 (radius: 5)
[00:00:00 -1166.162299] Model parameter optimization (eps = 1.000000)
[00:00:00 -1166.162297] SLOW spr round 1 (radius: 5)
[00:00:00] [worker #1] ML tree search #14, logLikelihood: -1166.162287
[00:00:00 -1166.162297] Model parameter optimization (eps = 0.100000)
[00:00:00] [worker #2] ML tree search #15, logLikelihood: -1166.162286

[00:00:00] [worker #0] ML tree search #17, logLikelihood: -1166.162295

[00:00:00] [worker #3] ML tree search #16, logLikelihood: -1166.162317
[00:00:00] [worker #1] ML tree search #18, logLikelihood: -1166.162304
[00:00:00] [worker #2] ML tree search #19, logLikelihood: -1166.162288
[00:00:00] [worker #3] ML tree search #20, logLikelihood: -1166.162301

Optimized model parameters:

   Partition 0: noname
   Rate heterogeneity: GAMMA (4 cats, mean),  alpha: 1.117424 (ML),  weights&rates: (0.250000,0.159770) (0.250000,0.509409) (0.250000,1.017025) (0.250000,2.313796) 
   Base frequencies (empirical): 0.311360 0.181177 0.196517 0.310945 
   Substitution rates (ML): 0.419945 3.296024 0.752744 0.630151 6.583565 1.000000 


Final LogLikelihood: -1166.162284

AIC score: 2364.324567 / AICc score: 2365.328257 / BIC score: 2433.542959
Free parameters (model + branch lengths): 16

Best ML tree saved to: /data/jeremias/eucs/roadies/output/genes/gene_146_filtered.fa.aln.raxml.bestTree
All ML trees saved to: /data/jeremias/eucs/roadies/output/genes/gene_146_filtered.fa.aln.raxml.mlTrees
Optimized model saved to: /data/jeremias/eucs/roadies/output/genes/gene_146_filtered.fa.aln.raxml.bestModel

Execution log saved to: /data/jeremias/eucs/roadies/output/genes/gene_146_filtered.fa.aln.raxml.log

Analysis started: 03-Jul-2024 18:18:44 / finished: 03-Jul-2024 18:18:45

Elapsed time: 0.982 seconds

