
RAxML-NG v. 1.2.2 released on 11.04.2024 by The Exelixis Lab.
Developed by: Alexey M. Kozlov and Alexandros Stamatakis.
Contributors: Diego Darriba, Tomas Flouri, Benoit Morel, Sarah Lutteropp, Ben Bettisworth, Julia Haag, Anastasis Togkousidis.
Latest version: https://github.com/amkozlov/raxml-ng
Questions/problems/suggestions? Please visit: https://groups.google.com/forum/#!forum/raxml

System: AMD EPYC 7742 64-Core Processor, 128 cores, 1007 GB RAM

RAxML-NG was called at 29-Jul-2024 14:47:22 as follows:

raxml-ng --msa /data/jeremias/eucs/roadies/output/genes/gene_204_filtered.fa.aln --model GTR+G+F --redo --threads auto{4} --blopt nr_safe

Analysis options:
  run mode: ML tree search
  start tree(s): random (10) + parsimony (10)
  random seed: 1722228442
  tip-inner: OFF
  pattern compression: ON
  per-rate scalers: OFF
  site repeats: ON
  logLH epsilon: general: 10.000000, brlen-triplet: 1000.000000
  fast spr radius: AUTO
  spr subtree cutoff: 1.000000
  fast CLV updates: ON
  branch lengths: proportional (ML estimate, algorithm: NR-SAFE)
  SIMD kernels: AVX2
  parallelization: coarse-grained (auto), PTHREADS (auto)

WARNING: Running in REDO mode: existing checkpoints are ignored, and all result files will be overwritten!

[00:00:00] Reading alignment from file: /data/jeremias/eucs/roadies/output/genes/gene_204_filtered.fa.aln
[00:00:00] Loaded alignment with 37 taxa and 510 sites

Alignment comprises 1 partitions and 188 patterns

Partition 0: noname
Model: GTR+FC+G4m
Alignment sites / patterns: 510 / 188
Gaps: 6.87 %
Invariant sites: 73.14 %


NOTE: Binary MSA file created: /data/jeremias/eucs/roadies/output/genes/gene_204_filtered.fa.aln.raxml.rba

Parallelization scheme autoconfig: 4 worker(s) x 1 thread(s)

[00:00:00] Generating 10 random starting tree(s) with 37 taxa
[00:00:00] Generating 10 parsimony starting tree(s) with 37 taxa
Parallel parsimony with 4 threads
Parallel reduction/worker buffer size: 1 KB  / 0 KB

[00:00:00] Data distribution: max. partitions/sites/weight per thread: 1 / 188 / 3008
[00:00:00] Data distribution: max. searches per worker: 5

Starting ML tree search with 20 distinct starting trees

[00:00:00 -3367.013972] Initial branch length optimization
[00:00:00 -2652.014179] Model parameter optimization (eps = 10.000000)
[00:00:00 -2489.149167] AUTODETECT spr round 1 (radius: 5)
[00:00:00 -2151.966636] AUTODETECT spr round 2 (radius: 10)
[00:00:00 -2111.919902] AUTODETECT spr round 3 (radius: 15)
[00:00:00 -2111.900760] SPR radius for FAST iterations: 10 (autodetect)
[00:00:00 -2111.900760] Model parameter optimization (eps = 3.000000)
[00:00:00 -2107.589089] FAST spr round 1 (radius: 10)
[00:00:00 -2087.678625] FAST spr round 2 (radius: 10)
[00:00:00 -2068.428291] FAST spr round 3 (radius: 10)
[00:00:00 -2068.344341] Model parameter optimization (eps = 1.000000)
[00:00:00 -2067.814431] SLOW spr round 1 (radius: 5)
[00:00:00 -2067.813842] SLOW spr round 2 (radius: 10)
[00:00:01 -2067.813841] SLOW spr round 3 (radius: 15)
[00:00:01 -2067.813841] SLOW spr round 4 (radius: 20)
[00:00:01 -2067.813841] SLOW spr round 5 (radius: 25)
[00:00:01 -2067.813841] Model parameter optimization (eps = 0.100000)

[00:00:01] [worker #0] ML tree search #1, logLikelihood: -2067.812256

[00:00:01 -3381.007099] Initial branch length optimization
[00:00:01 -2690.098174] Model parameter optimization (eps = 10.000000)
[00:00:01 -2525.128573] AUTODETECT spr round 1 (radius: 5)
[00:00:01] [worker #3] ML tree search #4, logLikelihood: -2067.812243
[00:00:01 -2200.660234] AUTODETECT spr round 2 (radius: 10)
[00:00:01] [worker #2] ML tree search #3, logLikelihood: -2070.568126
[00:00:01] [worker #1] ML tree search #2, logLikelihood: -2067.812243
[00:00:01 -2142.440165] AUTODETECT spr round 3 (radius: 15)
[00:00:01 -2142.414321] SPR radius for FAST iterations: 10 (autodetect)
[00:00:01 -2142.414321] Model parameter optimization (eps = 3.000000)
[00:00:01 -2138.386455] FAST spr round 1 (radius: 10)
[00:00:01 -2111.949875] FAST spr round 2 (radius: 10)
[00:00:01 -2071.780989] FAST spr round 3 (radius: 10)
[00:00:01 -2071.069853] Model parameter optimization (eps = 1.000000)
[00:00:01 -2070.473243] SLOW spr round 1 (radius: 5)
[00:00:02 -2070.472552] SLOW spr round 2 (radius: 10)
[00:00:02 -2070.472551] SLOW spr round 3 (radius: 15)
[00:00:02 -2070.472551] SLOW spr round 4 (radius: 20)
[00:00:02 -2070.472551] SLOW spr round 5 (radius: 25)
[00:00:02 -2070.472551] Model parameter optimization (eps = 0.100000)

[00:00:02] [worker #0] ML tree search #5, logLikelihood: -2070.469969

[00:00:02 -3379.258944] Initial branch length optimization
[00:00:02 -2665.512518] Model parameter optimization (eps = 10.000000)
[00:00:02 -2505.184736] AUTODETECT spr round 1 (radius: 5)
[00:00:02] [worker #1] ML tree search #6, logLikelihood: -2070.210016
[00:00:02] [worker #3] ML tree search #8, logLikelihood: -2070.568177
[00:00:02 -2171.321108] AUTODETECT spr round 2 (radius: 10)
[00:00:02 -2160.684043] AUTODETECT spr round 3 (radius: 15)
[00:00:02 -2160.487654] AUTODETECT spr round 4 (radius: 20)
[00:00:02 -2160.473570] SPR radius for FAST iterations: 15 (autodetect)
[00:00:02 -2160.473570] Model parameter optimization (eps = 3.000000)
[00:00:02 -2157.778332] FAST spr round 1 (radius: 15)
[00:00:02] [worker #2] ML tree search #7, logLikelihood: -2068.048408
[00:00:02 -2078.788717] FAST spr round 2 (radius: 15)
[00:00:03 -2070.439791] Model parameter optimization (eps = 1.000000)
[00:00:03 -2069.151945] SLOW spr round 1 (radius: 5)
[00:00:03 -2067.912622] SLOW spr round 2 (radius: 10)
[00:00:03 -2067.912621] SLOW spr round 3 (radius: 15)
[00:00:03 -2067.912621] SLOW spr round 4 (radius: 20)
[00:00:03 -2067.912621] SLOW spr round 5 (radius: 25)
[00:00:03 -2067.912621] Model parameter optimization (eps = 0.100000)

[00:00:03] [worker #0] ML tree search #9, logLikelihood: -2067.904525

[00:00:03 -2889.061246] Initial branch length optimization
[00:00:03 -2144.032493] Model parameter optimization (eps = 10.000000)
[00:00:03] [worker #3] ML tree search #12, logLikelihood: -2073.407695
[00:00:03 -2088.334398] AUTODETECT spr round 1 (radius: 5)
[00:00:03 -2072.993236] AUTODETECT spr round 2 (radius: 10)
[00:00:04 -2072.948857] SPR radius for FAST iterations: 5 (autodetect)
[00:00:04 -2072.948857] Model parameter optimization (eps = 3.000000)
[00:00:04 -2072.848889] FAST spr round 1 (radius: 5)
[00:00:04] [worker #2] ML tree search #11, logLikelihood: -2070.568208
[00:00:04 -2072.848869] Model parameter optimization (eps = 1.000000)
[00:00:04 -2072.848794] SLOW spr round 1 (radius: 5)
[00:00:04] [worker #1] ML tree search #10, logLikelihood: -2067.812253
[00:00:04 -2072.848652] SLOW spr round 2 (radius: 10)
[00:00:04 -2072.848652] SLOW spr round 3 (radius: 15)
[00:00:04 -2072.848652] SLOW spr round 4 (radius: 20)
[00:00:04 -2072.848652] SLOW spr round 5 (radius: 25)
[00:00:04 -2072.848652] Model parameter optimization (eps = 0.100000)

[00:00:04] [worker #0] ML tree search #13, logLikelihood: -2072.848648

[00:00:04 -2877.291782] Initial branch length optimization
[00:00:04] [worker #3] ML tree search #16, logLikelihood: -2067.951550
[00:00:04 -2140.273870] Model parameter optimization (eps = 10.000000)
[00:00:04 -2085.446182] AUTODETECT spr round 1 (radius: 5)
[00:00:04 -2073.002780] AUTODETECT spr round 2 (radius: 10)
[00:00:04] [worker #2] ML tree search #15, logLikelihood: -2067.812248
[00:00:04 -2072.978305] SPR radius for FAST iterations: 5 (autodetect)
[00:00:04 -2072.978305] Model parameter optimization (eps = 3.000000)
[00:00:04 -2072.846712] FAST spr round 1 (radius: 5)
[00:00:04 -2072.740080] Model parameter optimization (eps = 1.000000)
[00:00:04 -2072.724565] SLOW spr round 1 (radius: 5)
[00:00:05] [worker #1] ML tree search #14, logLikelihood: -2073.386652
[00:00:05 -2070.577907] SLOW spr round 2 (radius: 10)
[00:00:05] [worker #3] ML tree search #20, logLikelihood: -2069.353323
[00:00:05 -2070.577887] SLOW spr round 3 (radius: 15)
[00:00:05 -2070.577887] SLOW spr round 4 (radius: 20)
[00:00:05 -2070.577887] SLOW spr round 5 (radius: 25)
[00:00:05 -2070.577887] Model parameter optimization (eps = 0.100000)

[00:00:05] [worker #0] ML tree search #17, logLikelihood: -2070.568033

[00:00:05] [worker #2] ML tree search #19, logLikelihood: -2067.904572
[00:00:05] [worker #1] ML tree search #18, logLikelihood: -2069.234781

Optimized model parameters:

   Partition 0: noname
   Rate heterogeneity: GAMMA (4 cats, mean),  alpha: 0.373269 (ML),  weights&rates: (0.250000,0.013054) (0.250000,0.161524) (0.250000,0.700655) (0.250000,3.124767) 
   Base frequencies (empirical): 0.263415 0.219598 0.198885 0.318102 
   Substitution rates (ML): 0.987956 3.513143 0.693408 1.003402 3.192482 1.000000 


Final LogLikelihood: -2067.812243

AIC score: 4295.624486 / AICc score: 4325.834276 / BIC score: 4634.377344
Free parameters (model + branch lengths): 80

WARNING: Best ML tree contains 5 near-zero branches!

Best ML tree with collapsed near-zero branches saved to: /data/jeremias/eucs/roadies/output/genes/gene_204_filtered.fa.aln.raxml.bestTreeCollapsed
Best ML tree saved to: /data/jeremias/eucs/roadies/output/genes/gene_204_filtered.fa.aln.raxml.bestTree
All ML trees saved to: /data/jeremias/eucs/roadies/output/genes/gene_204_filtered.fa.aln.raxml.mlTrees
Optimized model saved to: /data/jeremias/eucs/roadies/output/genes/gene_204_filtered.fa.aln.raxml.bestModel

Execution log saved to: /data/jeremias/eucs/roadies/output/genes/gene_204_filtered.fa.aln.raxml.log

Analysis started: 29-Jul-2024 14:47:22 / finished: 29-Jul-2024 14:47:28

Elapsed time: 6.007 seconds

