
RAxML-NG v. 1.2.2 released on 11.04.2024 by The Exelixis Lab.
Developed by: Alexey M. Kozlov and Alexandros Stamatakis.
Contributors: Diego Darriba, Tomas Flouri, Benoit Morel, Sarah Lutteropp, Ben Bettisworth, Julia Haag, Anastasis Togkousidis.
Latest version: https://github.com/amkozlov/raxml-ng
Questions/problems/suggestions? Please visit: https://groups.google.com/forum/#!forum/raxml

System: AMD EPYC 7742 64-Core Processor, 128 cores, 1007 GB RAM

RAxML-NG was called at 29-Jul-2024 16:22:20 as follows:

raxml-ng --msa /data/jeremias/eucs/roadies/output/genes/gene_88_filtered.fa.aln --model GTR+G+F --redo --threads auto{4} --blopt nr_safe

Analysis options:
  run mode: ML tree search
  start tree(s): random (10) + parsimony (10)
  random seed: 1722234140
  tip-inner: OFF
  pattern compression: ON
  per-rate scalers: OFF
  site repeats: ON
  logLH epsilon: general: 10.000000, brlen-triplet: 1000.000000
  fast spr radius: AUTO
  spr subtree cutoff: 1.000000
  fast CLV updates: ON
  branch lengths: proportional (ML estimate, algorithm: NR-SAFE)
  SIMD kernels: AVX2
  parallelization: coarse-grained (auto), PTHREADS (auto)

WARNING: Running in REDO mode: existing checkpoints are ignored, and all result files will be overwritten!

[00:00:00] Reading alignment from file: /data/jeremias/eucs/roadies/output/genes/gene_88_filtered.fa.aln
[00:00:00] Loaded alignment with 330 taxa and 494 sites

Alignment comprises 1 partitions and 486 patterns

Partition 0: noname
Model: GTR+FC+G4m
Alignment sites / patterns: 494 / 486
Gaps: 0.54 %
Invariant sites: 2.63 %


NOTE: Binary MSA file created: /data/jeremias/eucs/roadies/output/genes/gene_88_filtered.fa.aln.raxml.rba

Parallelization scheme autoconfig: 4 worker(s) x 1 thread(s)

[00:00:00] Generating 10 random starting tree(s) with 330 taxa
[00:00:00] Generating 10 parsimony starting tree(s) with 330 taxa
Parallel parsimony with 4 threads
Parallel reduction/worker buffer size: 1 KB  / 0 KB

[00:00:00] Data distribution: max. partitions/sites/weight per thread: 1 / 486 / 7776
[00:00:00] Data distribution: max. searches per worker: 5

Starting ML tree search with 20 distinct starting trees

[00:00:00 -80525.102274] Initial branch length optimization
[00:00:00 -68531.754789] Model parameter optimization (eps = 10.000000)
[00:00:04 -62152.372473] AUTODETECT spr round 1 (radius: 5)
[00:00:05 -52143.841756] AUTODETECT spr round 2 (radius: 10)
[00:00:08 -42448.933826] AUTODETECT spr round 3 (radius: 15)
[00:00:13 -37672.633462] AUTODETECT spr round 4 (radius: 20)
[00:00:20 -36645.402249] AUTODETECT spr round 5 (radius: 25)
[00:00:28 -36645.227979] SPR radius for FAST iterations: 25 (autodetect)
[00:00:28 -36645.227979] Model parameter optimization (eps = 3.000000)
[00:00:30 -36578.890691] FAST spr round 1 (radius: 25)
[00:00:36 -33118.550429] FAST spr round 2 (radius: 25)
[00:00:40 -32893.127360] FAST spr round 3 (radius: 25)
[00:00:43 -32881.721917] FAST spr round 4 (radius: 25)
[00:00:46 -32880.895792] Model parameter optimization (eps = 1.000000)
[00:00:47 -32877.395171] SLOW spr round 1 (radius: 5)
[00:00:55 -32866.450740] SLOW spr round 2 (radius: 5)
[00:01:00 -32866.450010] SLOW spr round 3 (radius: 10)
[00:01:05 -32866.449999] SLOW spr round 4 (radius: 15)
[00:01:24 -32866.449999] SLOW spr round 5 (radius: 20)
[00:01:35] [worker #3] ML tree search #4, logLikelihood: -32866.652256
[00:01:43 -32866.449999] SLOW spr round 6 (radius: 25)
[00:01:45] [worker #1] ML tree search #2, logLikelihood: -32871.315691
[00:01:46] [worker #2] ML tree search #3, logLikelihood: -32866.929339
[00:01:59 -32866.449999] Model parameter optimization (eps = 0.100000)

[00:01:59] [worker #0] ML tree search #1, logLikelihood: -32866.272220

[00:01:59 -80220.833866] Initial branch length optimization
[00:01:59 -68394.044694] Model parameter optimization (eps = 10.000000)
[00:02:02 -62028.494214] AUTODETECT spr round 1 (radius: 5)
[00:02:04 -52325.421974] AUTODETECT spr round 2 (radius: 10)
[00:02:07 -41950.220323] AUTODETECT spr round 3 (radius: 15)
[00:02:14 -36591.661144] AUTODETECT spr round 4 (radius: 20)
[00:02:19 -36398.531694] AUTODETECT spr round 5 (radius: 25)
[00:02:26 -36398.433727] SPR radius for FAST iterations: 20 (autodetect)
[00:02:26 -36398.433727] Model parameter optimization (eps = 3.000000)
[00:02:28 -36322.531046] FAST spr round 1 (radius: 20)
[00:02:32 -33101.659463] FAST spr round 2 (radius: 20)
[00:02:35 -32880.927472] FAST spr round 3 (radius: 20)
[00:02:38 -32873.379528] Model parameter optimization (eps = 1.000000)
[00:02:39 -32871.890478] SLOW spr round 1 (radius: 5)
[00:02:47 -32868.725194] SLOW spr round 2 (radius: 10)
[00:02:55 -32868.724452] SLOW spr round 3 (radius: 15)
[00:03:06 -32868.724424] SLOW spr round 4 (radius: 20)
[[00:03:28] :03:28] [worker #1] [worker #3] ML tree search #6, logLikelihood: 8, logLikelihood: -32868.823565-32867.602810
 [[00:03:28] :03:28] [worker #1] [worker #3] ML tree search #6, logLikelihood: 8, logLikelihood: -32868.823565-32867.602810
 [00:03:32] [worker #2] ML tree search #7, logLikelihood: -32866.130109
[00:03:45 -32868.724423] SLOW spr round 5 (radius: 25)
[00:04:01 -32868.724423] Model parameter optimization (eps = 0.100000)

[00:04:01] [worker #0] ML tree search #5, logLikelihood: -32868.638937

[00:04:01 -80844.050557] Initial branch length optimization
[00:04:01 -68510.200825] Model parameter optimization (eps = 10.000000)
[00:04:05 -62078.403933] AUTODETECT spr round 1 (radius: 5)
[00:04:06 -53099.946472] AUTODETECT spr round 2 (radius: 10)
[00:04:11 -41277.209433] AUTODETECT spr round 3 (radius: 15)
[00:04:16 -37900.163198] AUTODETECT spr round 4 (radius: 20)
[00:04:22 -36877.318068] AUTODETECT spr round 5 (radius: 25)
[00:04:27 -36877.248810] SPR radius for FAST iterations: 20 (autodetect)
[00:04:27 -36877.248810] Model parameter optimization (eps = 3.000000)
[00:04:29 -36818.195967] FAST spr round 1 (radius: 20)
[00:04:32 -33272.435968] FAST spr round 2 (radius: 20)
[00:04:35 -32889.310385] FAST spr round 3 (radius: 20)
[00:04:37 -32884.995816] Model parameter optimization (eps = 1.000000)
[00:04:38 -32880.943339] SLOW spr round 1 (radius: 5)
[00:04:48 -32871.679413] SLOW spr round 2 (radius: 10)
[00:04:50] [worker #3] ML tree search #12, logLikelihood: -32667.607247
[00:04:55 -32869.981235] SLOW spr round 3 (radius: 15)
[00:05:02] [worker #2] ML tree search #11, logLikelihood: -32665.664070
[00:05:03] [worker #1] ML tree search #10, logLikelihood: -32869.062189
[00:05:07 -32869.981205] SLOW spr round 4 (radius: 20)
[00:05:24 -32869.981205] SLOW spr round 5 (radius: 25)
[00:05:38 -32869.981205] Model parameter optimization (eps = 0.100000)

[00:05:39] [worker #0] ML tree search #9, logLikelihood: -32869.567777

[00:05:39 -39935.220811] Initial branch length optimization
[00:05:39 -36366.725414] Model parameter optimization (eps = 10.000000)
[00:05:40 -33010.824620] AUTODETECT spr round 1 (radius: 5)
[00:05:42 -32753.619149] AUTODETECT spr round 2 (radius: 10)
[00:05:47 -32725.762608] AUTODETECT spr round 3 (radius: 15)
[00:05:56 -32725.700371] SPR radius for FAST iterations: 10 (autodetect)
[00:05:56 -32725.700371] Model parameter optimization (eps = 3.000000)
[00:05:56 -32725.439051] FAST spr round 1 (radius: 10)
[00:06:00 -32690.393757] FAST spr round 2 (radius: 10)
[00:06:03 -32685.424779] Model parameter optimization (eps = 1.000000)
[00:06:03 -32685.405429] SLOW spr round 1 (radius: 5)
[00:06:11 -32665.642943] SLOW spr round 2 (radius: 5)
[00:06:12] [worker #3] ML tree search #16, logLikelihood: -32663.661325
[00:06:18 -32665.636432] SLOW spr round 3 (radius: 10)
[00:06:19] [worker #2] ML tree search #15, logLikelihood: -32663.730303
[00:06:23 -32665.633410] SLOW spr round 4 (radius: 15)
[00:06:33] [worker #1] ML tree search #14, logLikelihood: -32664.617643
[00:06:38 -32665.632041] SLOW spr round 5 (radius: 20)
[00:06:59 -32665.631462] SLOW spr round 6 (radius: 25)
[00:07:14 -32665.631229] Model parameter optimization (eps = 0.100000)

[00:07:14] [worker #0] ML tree search #13, logLikelihood: -32665.619446

[00:07:14 -39925.815351] Initial branch length optimization
[00:07:15 -36391.464585] Model parameter optimization (eps = 10.000000)
[00:07:16 -33034.454966] AUTODETECT spr round 1 (radius: 5)
[00:07:17 -32763.033783] AUTODETECT spr round 2 (radius: 10)
[00:07:21 -32715.244134] AUTODETECT spr round 3 (radius: 15)
[00:07:27 -32715.089094] AUTODETECT spr round 4 (radius: 20)
[00:07:30] [worker #3] ML tree search #20, logLikelihood: -32668.634177
[00:07:35 -32714.983592] AUTODETECT spr round 5 (radius: 25)
[00:07:40 -32714.835947] SPR radius for FAST iterations: 25 (autodetect)
[00:07:40 -32714.835947] Model parameter optimization (eps = 3.000000)
[00:07:41 -32714.564978] FAST spr round 1 (radius: 25)
[00:07:44 -32678.128066] FAST spr round 2 (radius: 25)
[00:07:45 -32677.947694] Model parameter optimization (eps = 1.000000)
[00:07:46 -32677.887305] SLOW spr round 1 (radius: 5)
[00:07:52 -32664.132537] SLOW spr round 2 (radius: 5)
[00:07:56 -32664.132400] SLOW spr round 3 (radius: 10)
[00:08:01] [worker #2] ML tree search #19, logLikelihood: -32663.661116
[00:08:01 -32663.811195] SLOW spr round 4 (radius: 15)
[00:08:15 -32663.810941] SLOW spr round 5 (radius: 20)
[00:08:21] [worker #1] ML tree search #18, logLikelihood: -32664.392996
[00:08:32 -32663.810934] SLOW spr round 6 (radius: 25)
[00:08:50 -32663.810934] Model parameter optimization (eps = 0.100000)

[00:08:51] [worker #0] ML tree search #17, logLikelihood: -32663.780251


Optimized model parameters:

   Partition 0: noname
   Rate heterogeneity: GAMMA (4 cats, mean),  alpha: 0.976332 (ML),  weights&rates: (0.250000,0.132208) (0.250000,0.469520) (0.250000,0.995965) (0.250000,2.402307) 
   Base frequencies (empirical): 0.231087 0.229921 0.213744 0.325248 
   Substitution rates (ML): 1.428391 12.616719 1.581247 0.507005 6.792564 1.000000 


Final LogLikelihood: -32663.661116

AIC score: 66659.322231 / AICc score: 955103.322231 / BIC score: 69458.210886
Free parameters (model + branch lengths): 666

WARNING: Number of free parameters (K=666) is larger than alignment size (n=494).
         This might lead to overfitting and compromise tree inference results!


WARNING: Best ML tree contains 38 near-zero branches!

Best ML tree with collapsed near-zero branches saved to: /data/jeremias/eucs/roadies/output/genes/gene_88_filtered.fa.aln.raxml.bestTreeCollapsed
Best ML tree saved to: /data/jeremias/eucs/roadies/output/genes/gene_88_filtered.fa.aln.raxml.bestTree
All ML trees saved to: /data/jeremias/eucs/roadies/output/genes/gene_88_filtered.fa.aln.raxml.mlTrees
Optimized model saved to: /data/jeremias/eucs/roadies/output/genes/gene_88_filtered.fa.aln.raxml.bestModel

Execution log saved to: /data/jeremias/eucs/roadies/output/genes/gene_88_filtered.fa.aln.raxml.log

Analysis started: 29-Jul-2024 16:22:20 / finished: 29-Jul-2024 16:31:12

Elapsed time: 531.420 seconds

