
RAxML-NG v. 1.2.2 released on 11.04.2024 by The Exelixis Lab.
Developed by: Alexey M. Kozlov and Alexandros Stamatakis.
Contributors: Diego Darriba, Tomas Flouri, Benoit Morel, Sarah Lutteropp, Ben Bettisworth, Julia Haag, Anastasis Togkousidis.
Latest version: https://github.com/amkozlov/raxml-ng
Questions/problems/suggestions? Please visit: https://groups.google.com/forum/#!forum/raxml

System: AMD EPYC 7742 64-Core Processor, 128 cores, 1007 GB RAM

RAxML-NG was called at 29-Jul-2024 17:00:07 as follows:

raxml-ng --msa /data/jeremias/eucs/roadies/output/genes/gene_124_filtered.fa.aln --model GTR+G+F --redo --threads auto{4} --blopt nr_safe

Analysis options:
  run mode: ML tree search
  start tree(s): random (10) + parsimony (10)
  random seed: 1722236407
  tip-inner: OFF
  pattern compression: ON
  per-rate scalers: OFF
  site repeats: ON
  logLH epsilon: general: 10.000000, brlen-triplet: 1000.000000
  fast spr radius: AUTO
  spr subtree cutoff: 1.000000
  fast CLV updates: ON
  branch lengths: proportional (ML estimate, algorithm: NR-SAFE)
  SIMD kernels: AVX2
  parallelization: coarse-grained (auto), PTHREADS (auto)

WARNING: Running in REDO mode: existing checkpoints are ignored, and all result files will be overwritten!

[00:00:00] Reading alignment from file: /data/jeremias/eucs/roadies/output/genes/gene_124_filtered.fa.aln
[00:00:00] Loaded alignment with 29 taxa and 620 sites

Alignment comprises 1 partitions and 419 patterns

Partition 0: noname
Model: GTR+FC+G4m
Alignment sites / patterns: 620 / 419
Gaps: 19.93 %
Invariant sites: 33.39 %


NOTE: Binary MSA file created: /data/jeremias/eucs/roadies/output/genes/gene_124_filtered.fa.aln.raxml.rba

Parallelization scheme autoconfig: 4 worker(s) x 1 thread(s)

[00:00:00] Generating 10 random starting tree(s) with 29 taxa
[00:00:00] Generating 10 parsimony starting tree(s) with 29 taxa
Parallel parsimony with 4 threads
Parallel reduction/worker buffer size: 1 KB  / 0 KB

[00:00:00] Data distribution: max. partitions/sites/weight per thread: 1 / 419 / 6704
[00:00:00] Data distribution: max. searches per worker: 5

Starting ML tree search with 20 distinct starting trees

[00:00:00 -10747.003223] Initial branch length optimization
[00:00:00 -8333.913253] Model parameter optimization (eps = 10.000000)
[00:00:00 -7707.638452] AUTODETECT spr round 1 (radius: 5)
[00:00:00 -5118.451149] AUTODETECT spr round 2 (radius: 10)
[00:00:00 -4613.242659] AUTODETECT spr round 3 (radius: 15)
[00:00:00 -4611.490218] AUTODETECT spr round 4 (radius: 20)
[00:00:00 -4610.918547] AUTODETECT spr round 5 (radius: 25)
[00:00:00 -4610.741919] SPR radius for FAST iterations: 25 (autodetect)
[00:00:00 -4610.741919] Model parameter optimization (eps = 3.000000)
[00:00:00 -4516.328708] FAST spr round 1 (radius: 25)
[00:00:00 -4370.425407] FAST spr round 2 (radius: 25)
[00:00:01 -4370.359644] Model parameter optimization (eps = 1.000000)
[00:00:01 -4366.211172] SLOW spr round 1 (radius: 5)
[00:00:01 -4366.200626] SLOW spr round 2 (radius: 10)
[00:00:01] [worker #2] ML tree search #3, logLikelihood: -4366.152971
[00:00:01 -4366.196757] SLOW spr round 3 (radius: 15)
[00:00:01] [worker #1] ML tree search #2, logLikelihood: -4366.155188
[00:00:01 -4366.195070] SLOW spr round 4 (radius: 20)
[00:00:01 -4366.194329] SLOW spr round 5 (radius: 25)
[00:00:01 -4366.194002] Model parameter optimization (eps = 0.100000)

[00:00:01] [worker #0] ML tree search #1, logLikelihood: -4366.154788

[00:00:01 -10590.468746] Initial branch length optimization
[00:00:01 -7750.186626] Model parameter optimization (eps = 10.000000)
[00:00:02 -7168.308694] AUTODETECT spr round 1 (radius: 5)
[00:00:02 -5056.093971] AUTODETECT spr round 2 (radius: 10)
[00:00:02 -4533.814306] AUTODETECT spr round 3 (radius: 15)
[00:00:02 -4533.672143] AUTODETECT spr round 4 (radius: 20)
[00:00:02 -4533.640301] SPR radius for FAST iterations: 15 (autodetect)
[00:00:02 -4533.640301] Model parameter optimization (eps = 3.000000)
[00:00:02] [worker #3] ML tree search #4, logLikelihood: -4366.162511
[00:00:02 -4436.173884] FAST spr round 1 (radius: 15)
[00:00:02 -4369.751310] FAST spr round 2 (radius: 15)
[00:00:02 -4369.044941] Model parameter optimization (eps = 1.000000)
[00:00:02 -4366.184771] SLOW spr round 1 (radius: 5)
[00:00:03 -4366.184232] SLOW spr round 2 (radius: 10)
[00:00:03] [worker #2] ML tree search #7, logLikelihood: -4366.151753
[00:00:03 -4366.184023] SLOW spr round 3 (radius: 15)
[00:00:03 -4366.183933] SLOW spr round 4 (radius: 20)
[00:00:03 -4366.183894] SLOW spr round 5 (radius: 25)
[00:00:03 -4366.183878] Model parameter optimization (eps = 0.100000)

[00:00:03] [worker #0] ML tree search #5, logLikelihood: -4366.154040

[00:00:03 -10880.899891] Initial branch length optimization
[00:00:03 -8149.126687] Model parameter optimization (eps = 10.000000)
[00:00:03] [worker #1] ML tree search #6, logLikelihood: -4366.155681
[00:00:04 -7517.003138] AUTODETECT spr round 1 (radius: 5)
[00:00:04 -4756.509442] AUTODETECT spr round 2 (radius: 10)
[00:00:04 -4570.203089] AUTODETECT spr round 3 (radius: 15)
[00:00:04 -4569.431808] AUTODETECT spr round 4 (radius: 20)
[00:00:04 -4569.199625] AUTODETECT spr round 5 (radius: 25)
[00:00:04] [worker #3] ML tree search #8, logLikelihood: -4366.156202
[00:00:04 -4569.138203] SPR radius for FAST iterations: 20 (autodetect)
[00:00:04 -4569.138203] Model parameter optimization (eps = 3.000000)
[00:00:04 -4471.191259] FAST spr round 1 (radius: 20)
[00:00:04 -4370.748863] FAST spr round 2 (radius: 20)
[00:00:04 -4370.664516] Model parameter optimization (eps = 1.000000)
[00:00:04] [worker #2] ML tree search #11, logLikelihood: -4366.150143
[00:00:04 -4366.217698] SLOW spr round 1 (radius: 5)
[00:00:05 -4366.212318] SLOW spr round 2 (radius: 10)
[00:00:05 -4366.211034] SLOW spr round 3 (radius: 15)
[00:00:05 -4366.210491] SLOW spr round 4 (radius: 20)
[00:00:05 -4366.210259] SLOW spr round 5 (radius: 25)
[00:00:05 -4366.210160] Model parameter optimization (eps = 0.100000)

[00:00:05] [worker #0] ML tree search #9, logLikelihood: -4366.156950

[00:00:05 -5506.346459] Initial branch length optimization
[00:00:05 -4608.718956] Model parameter optimization (eps = 10.000000)
[00:00:05 -4386.911519] AUTODETECT spr round 1 (radius: 5)
[00:00:05 -4368.869814] AUTODETECT spr round 2 (radius: 10)
[00:00:05 -4368.753781] AUTODETECT spr round 3 (radius: 15)
[00:00:05 -4368.725420] SPR radius for FAST iterations: 10 (autodetect)
[00:00:05 -4368.725420] Model parameter optimization (eps = 3.000000)
[00:00:05] [worker #2] ML tree search #15, logLikelihood: -4366.150150
[00:00:05 -4368.543974] FAST spr round 1 (radius: 10)
[00:00:05] [worker #3] ML tree search #12, logLikelihood: -4366.150255
[00:00:05 -4367.972650] Model parameter optimization (eps = 1.000000)
[00:00:05 -4367.967156] SLOW spr round 1 (radius: 5)
[00:00:06 -4366.160193] SLOW spr round 2 (radius: 10)
[00:00:06] [worker #1] ML tree search #10, logLikelihood: -4366.160440
[00:00:06 -4366.159488] SLOW spr round 3 (radius: 15)
[00:00:06 -4366.159192] SLOW spr round 4 (radius: 20)
[00:00:06 -4366.159070] SLOW spr round 5 (radius: 25)
[00:00:06 -4366.159020] Model parameter optimization (eps = 0.100000)

[00:00:06] [worker #0] ML tree search #13, logLikelihood: -4366.150369

[00:00:06 -5475.609495] Initial branch length optimization
[00:00:06 -4623.430713] Model parameter optimization (eps = 10.000000)
[00:00:06 -4400.901923] AUTODETECT spr round 1 (radius: 5)
[00:00:06] [worker #2] ML tree search #19, logLikelihood: -4366.150446
[00:00:06 -4378.137020] AUTODETECT spr round 2 (radius: 10)
[00:00:07 -4378.123361] SPR radius for FAST iterations: 5 (autodetect)
[00:00:07 -4378.123361] Model parameter optimization (eps = 3.000000)
[00:00:07 -4377.921918] FAST spr round 1 (radius: 5)
[00:00:07 -4366.170473] FAST spr round 2 (radius: 5)
[00:00:07] [worker #3] ML tree search #16, logLikelihood: -4366.150792
[00:00:07 -4366.170201] Model parameter optimization (eps = 1.000000)
[00:00:07 -4366.150499] SLOW spr round 1 (radius: 5)
[00:00:07 -4366.150403] SLOW spr round 2 (radius: 10)
[00:00:07] [worker #1] ML tree search #14, logLikelihood: -4366.150106
[00:00:07 -4366.150391] SLOW spr round 3 (radius: 15)
[00:00:08 -4366.150386] SLOW spr round 4 (radius: 20)
[00:00:08 -4366.150384] SLOW spr round 5 (radius: 25)
[00:00:08 -4366.150383] Model parameter optimization (eps = 0.100000)

[00:00:08] [worker #0] ML tree search #17, logLikelihood: -4366.150128

[00:00:08] [worker #3] ML tree search #20, logLikelihood: -4366.150127
[00:00:08] [worker #1] ML tree search #18, logLikelihood: -4366.150250

Optimized model parameters:

   Partition 0: noname
   Rate heterogeneity: GAMMA (4 cats, mean),  alpha: 1.660530 (ML),  weights&rates: (0.250000,0.249090) (0.250000,0.613265) (0.250000,1.058606) (0.250000,2.079039) 
   Base frequencies (empirical): 0.296173 0.201848 0.202125 0.299854 
   Substitution rates (ML): 1.355617 6.733586 1.342963 1.211568 7.533318 1.000000 


Final LogLikelihood: -4366.150106

AIC score: 8860.300213 / AICc score: 8875.291204 / BIC score: 9143.802259
Free parameters (model + branch lengths): 64

WARNING: Best ML tree contains 1 near-zero branches!

Best ML tree with collapsed near-zero branches saved to: /data/jeremias/eucs/roadies/output/genes/gene_124_filtered.fa.aln.raxml.bestTreeCollapsed
Best ML tree saved to: /data/jeremias/eucs/roadies/output/genes/gene_124_filtered.fa.aln.raxml.bestTree
All ML trees saved to: /data/jeremias/eucs/roadies/output/genes/gene_124_filtered.fa.aln.raxml.mlTrees
Optimized model saved to: /data/jeremias/eucs/roadies/output/genes/gene_124_filtered.fa.aln.raxml.bestModel

Execution log saved to: /data/jeremias/eucs/roadies/output/genes/gene_124_filtered.fa.aln.raxml.log

Analysis started: 29-Jul-2024 17:00:07 / finished: 29-Jul-2024 17:00:16

Elapsed time: 8.750 seconds

