
RAxML-NG v. 1.2.2 released on 11.04.2024 by The Exelixis Lab.
Developed by: Alexey M. Kozlov and Alexandros Stamatakis.
Contributors: Diego Darriba, Tomas Flouri, Benoit Morel, Sarah Lutteropp, Ben Bettisworth, Julia Haag, Anastasis Togkousidis.
Latest version: https://github.com/amkozlov/raxml-ng
Questions/problems/suggestions? Please visit: https://groups.google.com/forum/#!forum/raxml

System: AMD EPYC 7742 64-Core Processor, 128 cores, 1007 GB RAM

RAxML-NG was called at 29-Jul-2024 15:57:32 as follows:

raxml-ng --msa /data/jeremias/eucs/roadies/output/genes/gene_22_filtered.fa.aln --model GTR+G+F --redo --threads auto{4} --blopt nr_safe

Analysis options:
  run mode: ML tree search
  start tree(s): random (10) + parsimony (10)
  random seed: 1722232652
  tip-inner: OFF
  pattern compression: ON
  per-rate scalers: OFF
  site repeats: ON
  logLH epsilon: general: 10.000000, brlen-triplet: 1000.000000
  fast spr radius: AUTO
  spr subtree cutoff: 1.000000
  fast CLV updates: ON
  branch lengths: proportional (ML estimate, algorithm: NR-SAFE)
  SIMD kernels: AVX2
  parallelization: coarse-grained (auto), PTHREADS (auto)

WARNING: Running in REDO mode: existing checkpoints are ignored, and all result files will be overwritten!

[00:00:00] Reading alignment from file: /data/jeremias/eucs/roadies/output/genes/gene_22_filtered.fa.aln
[00:00:00] Loaded alignment with 169 taxa and 636 sites

WARNING: Sequences E_sid_E_mel_1 and E_sideroxylon_1 are exactly identical!
WARNING: Sequences E_polyanthemos_2 and E_dawsonii_2 are exactly identical!
WARNING: Sequences E_globulus_1 and E_viminalis_1 are exactly identical!
WARNING: Sequences E_pauciflora_7 and E_pauciflora_6 are exactly identical!
WARNING: Duplicate sequences found: 4

NOTE: Reduced alignment (with duplicates and gap-only sites/taxa removed) 
NOTE: was saved to: /data/jeremias/eucs/roadies/output/genes/gene_22_filtered.fa.aln.raxml.reduced.phy

Alignment comprises 1 partitions and 577 patterns

Partition 0: noname
Model: GTR+FC+G4m
Alignment sites / patterns: 636 / 577
Gaps: 21.76 %
Invariant sites: 13.84 %


NOTE: Binary MSA file created: /data/jeremias/eucs/roadies/output/genes/gene_22_filtered.fa.aln.raxml.rba

Parallelization scheme autoconfig: 4 worker(s) x 1 thread(s)

[00:00:00] Generating 10 random starting tree(s) with 169 taxa
[00:00:00] Generating 10 parsimony starting tree(s) with 169 taxa
Parallel parsimony with 4 threads
Parallel reduction/worker buffer size: 1 KB  / 0 KB

[00:00:00] Data distribution: max. partitions/sites/weight per thread: 1 / 577 / 9232
[00:00:00] Data distribution: max. searches per worker: 5

Starting ML tree search with 20 distinct starting trees

[00:00:00 -69310.498310] Initial branch length optimization
[00:00:00 -54743.028068] Model parameter optimization (eps = 10.000000)
[00:00:05 -48497.281634] AUTODETECT spr round 1 (radius: 5)
[00:00:06 -27950.074992] AUTODETECT spr round 2 (radius: 10)
[00:00:08 -17008.458766] AUTODETECT spr round 3 (radius: 15)
[00:00:11 -16238.469825] AUTODETECT spr round 4 (radius: 20)
[00:00:14 -16226.773872] AUTODETECT spr round 5 (radius: 25)
[00:00:17 -16219.546519] SPR radius for FAST iterations: 25 (autodetect)
[00:00:17 -16219.546519] Model parameter optimization (eps = 3.000000)
[00:00:19 -15437.428532] FAST spr round 1 (radius: 25)
[00:00:22 -13495.704024] FAST spr round 2 (radius: 25)
[00:00:24 -13441.942720] FAST spr round 3 (radius: 25)
[00:00:25 -13430.577726] FAST spr round 4 (radius: 25)
[00:00:25 -13428.263971] Model parameter optimization (eps = 1.000000)
[00:00:26 -13419.518850] SLOW spr round 1 (radius: 5)
[00:00:29 -13419.068106] SLOW spr round 2 (radius: 10)
[00:00:31 -13419.066621] SLOW spr round 3 (radius: 15)
[00:00:35 -13419.065547] SLOW spr round 4 (radius: 20)
[00:00:39] [worker #1] ML tree search #2, logLikelihood: -13419.428595
[00:00:40] [worker #3] ML tree search #4, logLikelihood: -13423.541772
[00:00:40 -13419.064768] SLOW spr round 5 (radius: 25)
[00:00:43] [worker #2] ML tree search #3, logLikelihood: -13426.053069
[00:00:45 -13419.064198] Model parameter optimization (eps = 0.100000)

[00:00:45] [worker #0] ML tree search #1, logLikelihood: -13419.062877

[00:00:45 -68294.261996] Initial branch length optimization
[00:00:45 -53511.216201] Model parameter optimization (eps = 10.000000)
[00:00:53 -47623.343268] AUTODETECT spr round 1 (radius: 5)
[00:00:54 -24957.925674] AUTODETECT spr round 2 (radius: 10)
[00:00:55 -20068.610375] AUTODETECT spr round 3 (radius: 15)
[00:00:57 -16585.675370] AUTODETECT spr round 4 (radius: 20)
[00:00:59 -16092.711134] AUTODETECT spr round 5 (radius: 25)
[00:01:00 -16090.232420] SPR radius for FAST iterations: 25 (autodetect)
[00:01:00 -16090.232420] Model parameter optimization (eps = 3.000000)
[00:01:01 -15468.371210] FAST spr round 1 (radius: 25)
[00:01:02 -13663.857119] FAST spr round 2 (radius: 25)
[00:01:03 -13456.098486] FAST spr round 3 (radius: 25)
[00:01:05 -13432.479327] FAST spr round 4 (radius: 25)
[00:01:05 -13432.357261] Model parameter optimization (eps = 1.000000)
[00:01:05 -13421.471591] SLOW spr round 1 (radius: 5)
[00:01:09 -13419.801160] SLOW spr round 2 (radius: 10)
[00:01:11 -13419.800497] SLOW spr round 3 (radius: 15)
[00:01:14] [worker #1] ML tree search #6, logLikelihood: -13419.293033
[00:01:14 -13419.799990] SLOW spr round 4 (radius: 20)
[00:01:16] [worker #3] ML tree search #8, logLikelihood: -13425.695003
[00:01:17 -13419.799582] SLOW spr round 5 (radius: 25)
[00:01:20] [worker #2] ML tree search #7, logLikelihood: -13420.716105
[00:01:21 -13419.799250] Model parameter optimization (eps = 0.100000)

[00:01:21] [worker #0] ML tree search #5, logLikelihood: -13419.790366

[00:01:21 -67842.333023] Initial branch length optimization
[00:01:21 -52666.111464] Model parameter optimization (eps = 10.000000)
[00:01:24 -47207.646317] AUTODETECT spr round 1 (radius: 5)
[00:01:24 -28506.663253] AUTODETECT spr round 2 (radius: 10)
[00:01:26 -18459.087705] AUTODETECT spr round 3 (radius: 15)
[00:01:27 -15889.544730] AUTODETECT spr round 4 (radius: 20)
[00:01:29 -15790.715330] AUTODETECT spr round 5 (radius: 25)
[00:01:31 -15787.615394] SPR radius for FAST iterations: 25 (autodetect)
[00:01:31 -15787.615394] Model parameter optimization (eps = 3.000000)
[00:01:31 -15239.661275] FAST spr round 1 (radius: 25)
[00:01:33 -13549.113941] FAST spr round 2 (radius: 25)
[00:01:34 -13434.068818] FAST spr round 3 (radius: 25)
[00:01:35 -13429.932252] Model parameter optimization (eps = 1.000000)
[00:01:35 -13418.597896] SLOW spr round 1 (radius: 5)
[00:01:38 -13416.144146] SLOW spr round 2 (radius: 10)
[00:01:39] [worker #2] ML tree search #11, logLikelihood: -13419.854334
[00:01:40] [worker #3] ML tree search #12, logLikelihood: -13422.642222
[00:01:40 -13416.142924] SLOW spr round 3 (radius: 15)
[00:01:43 -13416.100748] SLOW spr round 4 (radius: 20)
[00:01:45] [worker #1] ML tree search #10, logLikelihood: -13417.830258
[00:01:47 -13416.100505] SLOW spr round 5 (radius: 25)
[00:01:51 -13416.100340] Model parameter optimization (eps = 0.100000)

[00:01:52] [worker #0] ML tree search #9, logLikelihood: -13416.086515

[00:01:52 -17541.286228] Initial branch length optimization
[00:01:52 -14398.337687] Model parameter optimization (eps = 10.000000)
[00:01:52 -13532.073301] AUTODETECT spr round 1 (radius: 5)
[00:01:53 -13449.410237] AUTODETECT spr round 2 (radius: 10)
[00:01:54 -13447.856713] AUTODETECT spr round 3 (radius: 15)
[00:01:56 -13447.807565] SPR radius for FAST iterations: 10 (autodetect)
[00:01:56 -13447.807565] Model parameter optimization (eps = 3.000000)
[00:01:56 -13447.610918] FAST spr round 1 (radius: 10)
[00:01:57 -13439.421398] Model parameter optimization (eps = 1.000000)
[00:01:57 -13439.394934] SLOW spr round 1 (radius: 5)
[00:01:59] [worker #2] ML tree search #15, logLikelihood: -13432.903559
[00:02:00 -13434.358005] SLOW spr round 2 (radius: 10)
[00:02:01] [worker #3] ML tree search #16, logLikelihood: -13422.752300
[00:02:02 -13433.515928] SLOW spr round 3 (radius: 15)
[00:02:05] [worker #1] ML tree search #14, logLikelihood: -13430.803398
[00:02:05 -13433.515758] SLOW spr round 4 (radius: 20)
[00:02:08 -13433.515702] SLOW spr round 5 (radius: 25)
[00:02:12 -13433.515652] Model parameter optimization (eps = 0.100000)

[00:02:12] [worker #0] ML tree search #13, logLikelihood: -13433.504394

[00:02:12 -17568.397886] Initial branch length optimization
[00:02:12 -14399.633747] Model parameter optimization (eps = 10.000000)
[00:02:13 -13525.893354] AUTODETECT spr round 1 (radius: 5)
[00:02:13 -13437.657439] AUTODETECT spr round 2 (radius: 10)
[00:02:15 -13430.817336] AUTODETECT spr round 3 (radius: 15)
[00:02:17 -13430.809053] SPR radius for FAST iterations: 10 (autodetect)
[00:02:17 -13430.809053] Model parameter optimization (eps = 3.000000)
[00:02:17 -13430.672581] FAST spr round 1 (radius: 10)
[00:02:19 -13423.581007] Model parameter optimization (eps = 1.000000)
[00:02:20 -13423.560920] SLOW spr round 1 (radius: 5)
[00:02:22] [worker #2] ML tree search #19, logLikelihood: -13420.793295
[00:02:23 -13420.645205] SLOW spr round 2 (radius: 10)
[00:02:24] [worker #3] ML tree search #20, logLikelihood: -13424.376546
[00:02:25 -13418.451309] SLOW spr round 3 (radius: 15)
[00:02:28 -13418.450512] SLOW spr round 4 (radius: 20)
[00:02:29] [worker #1] ML tree search #18, logLikelihood: -13416.607299
[00:02:32 -13418.449962] SLOW spr round 5 (radius: 25)
[00:02:36 -13418.449577] Model parameter optimization (eps = 0.100000)

[00:02:36] [worker #0] ML tree search #17, logLikelihood: -13418.442691


Optimized model parameters:

   Partition 0: noname
   Rate heterogeneity: GAMMA (4 cats, mean),  alpha: 4.671239 (ML),  weights&rates: (0.250000,0.487822) (0.250000,0.795631) (0.250000,1.083824) (0.250000,1.632723) 
   Base frequencies (empirical): 0.287787 0.196713 0.178021 0.337479 
   Substitution rates (ML): 1.218495 6.171145 0.862557 1.295592 5.291153 1.000000 


Final LogLikelihood: -13416.086515

AIC score: 27520.173030 / AICc score: 28335.843134 / BIC score: 29052.761336
Free parameters (model + branch lengths): 344

WARNING: Best ML tree contains 29 near-zero branches!

Best ML tree with collapsed near-zero branches saved to: /data/jeremias/eucs/roadies/output/genes/gene_22_filtered.fa.aln.raxml.bestTreeCollapsed
Best ML tree saved to: /data/jeremias/eucs/roadies/output/genes/gene_22_filtered.fa.aln.raxml.bestTree
All ML trees saved to: /data/jeremias/eucs/roadies/output/genes/gene_22_filtered.fa.aln.raxml.mlTrees
Optimized model saved to: /data/jeremias/eucs/roadies/output/genes/gene_22_filtered.fa.aln.raxml.bestModel

Execution log saved to: /data/jeremias/eucs/roadies/output/genes/gene_22_filtered.fa.aln.raxml.log

Analysis started: 29-Jul-2024 15:57:32 / finished: 29-Jul-2024 16:00:09

Elapsed time: 156.545 seconds

