
RAxML-NG v. 1.2.2 released on 11.04.2024 by The Exelixis Lab.
Developed by: Alexey M. Kozlov and Alexandros Stamatakis.
Contributors: Diego Darriba, Tomas Flouri, Benoit Morel, Sarah Lutteropp, Ben Bettisworth, Julia Haag, Anastasis Togkousidis.
Latest version: https://github.com/amkozlov/raxml-ng
Questions/problems/suggestions? Please visit: https://groups.google.com/forum/#!forum/raxml

System: AMD EPYC 7742 64-Core Processor, 128 cores, 1007 GB RAM

RAxML-NG was called at 29-Jul-2024 15:46:48 as follows:

raxml-ng --msa /data/jeremias/eucs/roadies/output/genes/gene_222_filtered.fa.aln --model GTR+G+F --redo --threads auto{4} --blopt nr_safe

Analysis options:
  run mode: ML tree search
  start tree(s): random (10) + parsimony (10)
  random seed: 1722232008
  tip-inner: OFF
  pattern compression: ON
  per-rate scalers: OFF
  site repeats: ON
  logLH epsilon: general: 10.000000, brlen-triplet: 1000.000000
  fast spr radius: AUTO
  spr subtree cutoff: 1.000000
  fast CLV updates: ON
  branch lengths: proportional (ML estimate, algorithm: NR-SAFE)
  SIMD kernels: AVX2
  parallelization: coarse-grained (auto), PTHREADS (auto)

WARNING: Running in REDO mode: existing checkpoints are ignored, and all result files will be overwritten!

[00:00:00] Reading alignment from file: /data/jeremias/eucs/roadies/output/genes/gene_222_filtered.fa.aln
[00:00:00] Loaded alignment with 118 taxa and 517 sites

WARNING: Sequences E_cladocalyx_0 and E_dawsonii_0 are exactly identical!
WARNING: Sequences E_microcorys_2 and E_pumila_3 are exactly identical!
WARNING: Sequences E_coolabah_0 and E_sideroxylon_0 are exactly identical!
WARNING: Sequences E_decipiens_0 and E_brandiana_0 are exactly identical!
WARNING: Duplicate sequences found: 4

NOTE: Reduced alignment (with duplicates and gap-only sites/taxa removed) 
NOTE: was saved to: /data/jeremias/eucs/roadies/output/genes/gene_222_filtered.fa.aln.raxml.reduced.phy

Alignment comprises 1 partitions and 324 patterns

Partition 0: noname
Model: GTR+FC+G4m
Alignment sites / patterns: 517 / 324
Gaps: 5.13 %
Invariant sites: 42.36 %


NOTE: Binary MSA file created: /data/jeremias/eucs/roadies/output/genes/gene_222_filtered.fa.aln.raxml.rba

Parallelization scheme autoconfig: 4 worker(s) x 1 thread(s)

[00:00:00] Generating 10 random starting tree(s) with 118 taxa
[00:00:00] Generating 10 parsimony starting tree(s) with 118 taxa
Parallel parsimony with 4 threads
Parallel reduction/worker buffer size: 1 KB  / 0 KB

[00:00:00] Data distribution: max. partitions/sites/weight per thread: 1 / 324 / 5184
[00:00:00] Data distribution: max. searches per worker: 5

Starting ML tree search with 20 distinct starting trees

[00:00:00 -17475.953866] Initial branch length optimization
[00:00:00 -14318.887989] Model parameter optimization (eps = 10.000000)
[00:00:00 -13085.389951] AUTODETECT spr round 1 (radius: 5)
[00:00:00 -7658.932024] AUTODETECT spr round 2 (radius: 10)
[00:00:01 -5821.579839] AUTODETECT spr round 3 (radius: 15)
[00:00:02 -5258.344185] AUTODETECT spr round 4 (radius: 20)
[00:00:02 -5222.701248] AUTODETECT spr round 5 (radius: 25)
[00:00:03 -5221.174327] SPR radius for FAST iterations: 25 (autodetect)
[00:00:03 -5221.174327] Model parameter optimization (eps = 3.000000)
[00:00:03 -5170.543463] FAST spr round 1 (radius: 25)
[00:00:04 -4606.683836] FAST spr round 2 (radius: 25)
[00:00:04 -4569.020092] FAST spr round 3 (radius: 25)
[00:00:04 -4531.257626] FAST spr round 4 (radius: 25)
[00:00:05 -4530.753467] Model parameter optimization (eps = 1.000000)
[00:00:05 -4522.543875] SLOW spr round 1 (radius: 5)
[00:00:06 -4522.542935] SLOW spr round 2 (radius: 10)
[00:00:07 -4515.765215] SLOW spr round 3 (radius: 15)
[00:00:08 -4515.765041] SLOW spr round 4 (radius: 20)
[00:00:09 -4515.765028] SLOW spr round 5 (radius: 25)
[00:00:10 -4515.765016] Model parameter optimization (eps = 0.100000)
[00:00:10] [worker #3] ML tree search #4, logLikelihood: -4510.770836
[00:00:10] [worker #1] ML tree search #2, logLikelihood: -4508.755581

[00:00:10] [worker #0] ML tree search #1, logLikelihood: -4515.607445

[00:00:10 -18056.893848] Initial branch length optimization
[00:00:10 -14934.172429] Model parameter optimization (eps = 10.000000)
[00:00:11] [worker #2] ML tree search #3, logLikelihood: -4511.535130
[00:00:11 -13596.001222] AUTODETECT spr round 1 (radius: 5)
[00:00:11 -7092.028586] AUTODETECT spr round 2 (radius: 10)
[00:00:12 -5263.774676] AUTODETECT spr round 3 (radius: 15)
[00:00:13 -5088.209544] AUTODETECT spr round 4 (radius: 20)
[00:00:14 -5085.436306] AUTODETECT spr round 5 (radius: 25)
[00:00:14 -5082.087125] SPR radius for FAST iterations: 25 (autodetect)
[00:00:14 -5082.087125] Model parameter optimization (eps = 3.000000)
[00:00:14 -4953.188013] FAST spr round 1 (radius: 25)
[00:00:15 -4577.402228] FAST spr round 2 (radius: 25)
[00:00:15 -4544.417596] FAST spr round 3 (radius: 25)
[00:00:16 -4534.890420] Model parameter optimization (eps = 1.000000)
[00:00:16 -4530.852801] SLOW spr round 1 (radius: 5)
[00:00:17 -4528.884134] SLOW spr round 2 (radius: 10)
[00:00:18 -4521.897690] SLOW spr round 3 (radius: 15)
[00:00:19 -4521.897462] SLOW spr round 4 (radius: 20)
[00:00:20 -4521.897462] SLOW spr round 5 (radius: 25)
[00:00:21] [worker #3] ML tree search #8, logLikelihood: -4516.402949
[00:00:21 -4521.897462] Model parameter optimization (eps = 0.100000)

[00:00:21] [worker #0] ML tree search #5, logLikelihood: -4521.745567

[00:00:21 -17655.676173] Initial branch length optimization
[00:00:21 -14303.852291] Model parameter optimization (eps = 10.000000)
[00:00:22 -13040.005924] AUTODETECT spr round 1 (radius: 5)
[00:00:22 -7184.590375] AUTODETECT spr round 2 (radius: 10)
[00:00:22] [worker #1] ML tree search #6, logLikelihood: -4508.081543
[00:00:23 -5409.179188] AUTODETECT spr round 3 (radius: 15)
[00:00:24 -5112.173200] AUTODETECT spr round 4 (radius: 20)
[00:00:24 -5108.808125] AUTODETECT spr round 5 (radius: 25)
[00:00:25 -5106.252002] SPR radius for FAST iterations: 25 (autodetect)
[00:00:25 -5106.252002] Model parameter optimization (eps = 3.000000)
[00:00:25 -4983.523212] FAST spr round 1 (radius: 25)
[00:00:25] [worker #2] ML tree search #7, logLikelihood: -4513.270981
[00:00:25 -4717.368615] FAST spr round 2 (radius: 25)
[00:00:26 -4544.313431] FAST spr round 3 (radius: 25)
[00:00:26 -4519.570666] FAST spr round 4 (radius: 25)
[00:00:26 -4518.177011] Model parameter optimization (eps = 1.000000)
[00:00:27 -4512.986086] SLOW spr round 1 (radius: 5)
[00:00:28 -4510.854299] SLOW spr round 2 (radius: 10)
[00:00:28] [worker #3] ML tree search #12, logLikelihood: -4507.253686
[00:00:28 -4510.840856] SLOW spr round 3 (radius: 15)
[00:00:30 -4510.840849] SLOW spr round 4 (radius: 20)
[00:00:31 -4510.840849] SLOW spr round 5 (radius: 25)
[00:00:32 -4510.840849] Model parameter optimization (eps = 0.100000)

[00:00:32] [worker #0] ML tree search #9, logLikelihood: -4510.770927

[00:00:32 -6246.658709] Initial branch length optimization
[00:00:32 -4720.118368] Model parameter optimization (eps = 10.000000)
[00:00:32 -4580.542806] AUTODETECT spr round 1 (radius: 5)
[00:00:32 -4533.753907] AUTODETECT spr round 2 (radius: 10)
[00:00:33 -4526.195946] AUTODETECT spr round 3 (radius: 15)
[00:00:33] [worker #1] ML tree search #10, logLikelihood: -4510.770838
[00:00:34] [worker #2] ML tree search #11, logLikelihood: -4515.289114
[00:00:34 -4525.829278] AUTODETECT spr round 4 (radius: 20)
[00:00:34 -4525.693486] AUTODETECT spr round 5 (radius: 25)
[00:00:35 -4525.567777] SPR radius for FAST iterations: 25 (autodetect)
[00:00:35 -4525.567777] Model parameter optimization (eps = 3.000000)
[00:00:35 -4525.465749] FAST spr round 1 (radius: 25)
[00:00:35 -4517.461464] Model parameter optimization (eps = 1.000000)
[00:00:35 -4517.416861] SLOW spr round 1 (radius: 5)
[00:00:35] [worker #3] ML tree search #16, logLikelihood: -4510.812593
[00:00:36 -4515.991075] SLOW spr round 2 (radius: 10)
[00:00:37 -4515.991011] SLOW spr round 3 (radius: 15)
[00:00:39 -4515.979209] SLOW spr round 4 (radius: 20)
[00:00:40 -4515.979199] SLOW spr round 5 (radius: 25)
[00:00:40 -4515.979199] Model parameter optimization (eps = 0.100000)

[00:00:40] [worker #0] ML tree search #13, logLikelihood: -4515.959182

[00:00:40 -6228.954818] Initial branch length optimization
[00:00:40 -4694.357131] Model parameter optimization (eps = 10.000000)
[00:00:41 -4551.325880] AUTODETECT spr round 1 (radius: 5)
[00:00:41 -4511.058561] AUTODETECT spr round 2 (radius: 10)
[00:00:41] [worker #2] ML tree search #15, logLikelihood: -4510.038832
[00:00:41 -4511.035428] SPR radius for FAST iterations: 5 (autodetect)
[00:00:41 -4511.035428] Model parameter optimization (eps = 3.000000)
[00:00:41 -4510.976831] FAST spr round 1 (radius: 5)
[00:00:42 -4509.549438] Model parameter optimization (eps = 1.000000)
[00:00:42 -4509.549354] SLOW spr round 1 (radius: 5)
[00:00:42] [worker #1] ML tree search #14, logLikelihood: -4509.318401
[00:00:43 -4509.246208] SLOW spr round 2 (radius: 10)
[00:00:43 -4509.246179] SLOW spr round 3 (radius: 15)
[00:00:44] [worker #3] ML tree search #20, logLikelihood: -4516.095732
[00:00:45 -4509.246179] SLOW spr round 4 (radius: 20)
[00:00:46 -4509.246179] SLOW spr round 5 (radius: 25)
[00:00:47 -4509.246179] Model parameter optimization (eps = 0.100000)

[00:00:47] [worker #0] ML tree search #17, logLikelihood: -4509.246149

[00:00:48] [worker #2] ML tree search #19, logLikelihood: -4509.246372
[00:00:51] [worker #1] ML tree search #18, logLikelihood: -4510.770969

Optimized model parameters:

   Partition 0: noname
   Rate heterogeneity: GAMMA (4 cats, mean),  alpha: 0.937190 (ML),  weights&rates: (0.250000,0.124257) (0.250000,0.457023) (0.250000,0.988760) (0.250000,2.429960) 
   Base frequencies (empirical): 0.291870 0.192553 0.183775 0.331801 
   Substitution rates (ML): 1.416640 5.226307 1.478301 2.382257 6.492763 1.000000 


Final LogLikelihood: -4507.253686

AIC score: 9498.507373 / AICc score: 9927.748249 / BIC score: 10526.533749
Free parameters (model + branch lengths): 242

WARNING: Best ML tree contains 36 near-zero branches!

Best ML tree with collapsed near-zero branches saved to: /data/jeremias/eucs/roadies/output/genes/gene_222_filtered.fa.aln.raxml.bestTreeCollapsed
Best ML tree saved to: /data/jeremias/eucs/roadies/output/genes/gene_222_filtered.fa.aln.raxml.bestTree
All ML trees saved to: /data/jeremias/eucs/roadies/output/genes/gene_222_filtered.fa.aln.raxml.mlTrees
Optimized model saved to: /data/jeremias/eucs/roadies/output/genes/gene_222_filtered.fa.aln.raxml.bestModel

Execution log saved to: /data/jeremias/eucs/roadies/output/genes/gene_222_filtered.fa.aln.raxml.log

Analysis started: 29-Jul-2024 15:46:48 / finished: 29-Jul-2024 15:47:39

Elapsed time: 51.142 seconds

