
RAxML-NG v. 1.2.2 released on 11.04.2024 by The Exelixis Lab.
Developed by: Alexey M. Kozlov and Alexandros Stamatakis.
Contributors: Diego Darriba, Tomas Flouri, Benoit Morel, Sarah Lutteropp, Ben Bettisworth, Julia Haag, Anastasis Togkousidis.
Latest version: https://github.com/amkozlov/raxml-ng
Questions/problems/suggestions? Please visit: https://groups.google.com/forum/#!forum/raxml

System: AMD EPYC 7742 64-Core Processor, 128 cores, 1007 GB RAM

RAxML-NG was called at 29-Jul-2024 15:11:43 as follows:

raxml-ng --msa /data/jeremias/eucs/roadies/output/genes/gene_188_filtered.fa.aln --model GTR+G+F --redo --threads auto{4} --blopt nr_safe

Analysis options:
  run mode: ML tree search
  start tree(s): random (10) + parsimony (10)
  random seed: 1722229903
  tip-inner: OFF
  pattern compression: ON
  per-rate scalers: OFF
  site repeats: ON
  logLH epsilon: general: 10.000000, brlen-triplet: 1000.000000
  fast spr radius: AUTO
  spr subtree cutoff: 1.000000
  fast CLV updates: ON
  branch lengths: proportional (ML estimate, algorithm: NR-SAFE)
  SIMD kernels: AVX2
  parallelization: coarse-grained (auto), PTHREADS (auto)

WARNING: Running in REDO mode: existing checkpoints are ignored, and all result files will be overwritten!

[00:00:00] Reading alignment from file: /data/jeremias/eucs/roadies/output/genes/gene_188_filtered.fa.aln
[00:00:00] Loaded alignment with 30 taxa and 530 sites

Alignment comprises 1 partitions and 201 patterns

Partition 0: noname
Model: GTR+FC+G4m
Alignment sites / patterns: 530 / 201
Gaps: 5.76 %
Invariant sites: 68.30 %


NOTE: Binary MSA file created: /data/jeremias/eucs/roadies/output/genes/gene_188_filtered.fa.aln.raxml.rba

Parallelization scheme autoconfig: 4 worker(s) x 1 thread(s)

[00:00:00] Generating 10 random starting tree(s) with 30 taxa
[00:00:00] Generating 10 parsimony starting tree(s) with 30 taxa
Parallel parsimony with 4 threads
Parallel reduction/worker buffer size: 1 KB  / 0 KB

[00:00:00] Data distribution: max. partitions/sites/weight per thread: 1 / 201 / 3216
[00:00:00] Data distribution: max. searches per worker: 5

Starting ML tree search with 20 distinct starting trees

[00:00:00 -3540.439997] Initial branch length optimization
[00:00:00 -2970.371425] Model parameter optimization (eps = 10.000000)
[00:00:00 -2805.356342] AUTODETECT spr round 1 (radius: 5)
[00:00:00 -2362.576078] AUTODETECT spr round 2 (radius: 10)
[00:00:00 -2358.385991] AUTODETECT spr round 3 (radius: 15)
[00:00:00 -2358.173708] AUTODETECT spr round 4 (radius: 20)
[00:00:00 -2358.164965] SPR radius for FAST iterations: 15 (autodetect)
[00:00:00 -2358.164965] Model parameter optimization (eps = 3.000000)
[00:00:00 -2346.960092] FAST spr round 1 (radius: 15)
[00:00:00 -2341.190594] Model parameter optimization (eps = 1.000000)
[00:00:00 -2341.153341] SLOW spr round 1 (radius: 5)
[00:00:00 -2328.201636] SLOW spr round 2 (radius: 5)
[00:00:00] [worker #2] ML tree search #3, logLikelihood: -2331.171263
[00:00:00] [worker #1] ML tree search #2, logLikelihood: -2328.334716
[00:00:00 -2327.818036] SLOW spr round 3 (radius: 10)
[00:00:00 -2327.818035] SLOW spr round 4 (radius: 15)
[00:00:00] [worker #3] ML tree search #4, logLikelihood: -2329.560500
[00:00:00 -2327.818035] SLOW spr round 5 (radius: 20)
[00:00:00 -2327.818035] SLOW spr round 6 (radius: 25)
[00:00:00 -2327.818035] Model parameter optimization (eps = 0.100000)

[00:00:00] [worker #0] ML tree search #1, logLikelihood: -2327.701621

[00:00:00 -3555.019559] Initial branch length optimization
[00:00:01 -2986.343138] Model parameter optimization (eps = 10.000000)
[00:00:01 -2817.307814] AUTODETECT spr round 1 (radius: 5)
[00:00:01 -2402.805250] AUTODETECT spr round 2 (radius: 10)
[00:00:01 -2378.586130] AUTODETECT spr round 3 (radius: 15)
[00:00:01 -2378.511002] SPR radius for FAST iterations: 10 (autodetect)
[00:00:01 -2378.511002] Model parameter optimization (eps = 3.000000)
[00:00:01 -2366.825450] FAST spr round 1 (radius: 10)
[00:00:01 -2329.184616] FAST spr round 2 (radius: 10)
[00:00:01] [worker #1] ML tree search #6, logLikelihood: -2329.534359
[00:00:01 -2327.778256] Model parameter optimization (eps = 1.000000)
[00:00:01] [worker #2] ML tree search #7, logLikelihood: -2329.560468
[00:00:01 -2327.302743] SLOW spr round 1 (radius: 5)
[00:00:01 -2327.302065] SLOW spr round 2 (radius: 10)
[00:00:01] [worker #3] ML tree search #8, logLikelihood: -2327.301713
[00:00:01 -2327.302064] SLOW spr round 3 (radius: 15)
[00:00:01 -2327.302064] SLOW spr round 4 (radius: 20)
[00:00:01 -2327.302064] SLOW spr round 5 (radius: 25)
[00:00:01 -2327.302064] Model parameter optimization (eps = 0.100000)

[00:00:01] [worker #0] ML tree search #5, logLikelihood: -2327.301712

[00:00:01 -3533.466934] Initial branch length optimization
[00:00:01 -2968.046217] Model parameter optimization (eps = 10.000000)
[00:00:02 -2807.882974] AUTODETECT spr round 1 (radius: 5)
[00:00:02 -2368.720601] AUTODETECT spr round 2 (radius: 10)
[00:00:02] [worker #2] ML tree search #11, logLikelihood: -2332.301342
[00:00:02 -2365.455561] AUTODETECT spr round 3 (radius: 15)
[00:00:02 -2364.673118] AUTODETECT spr round 4 (radius: 20)
[00:00:02 -2364.672826] SPR radius for FAST iterations: 15 (autodetect)
[00:00:02 -2364.672826] Model parameter optimization (eps = 3.000000)
[00:00:02] [worker #1] ML tree search #10, logLikelihood: -2329.881804
[00:00:02 -2353.140528] FAST spr round 1 (radius: 15)
[00:00:02 -2332.122807] FAST spr round 2 (radius: 15)
[00:00:02 -2329.936037] Model parameter optimization (eps = 1.000000)
[00:00:02 -2329.882071] SLOW spr round 1 (radius: 5)
[00:00:02] [worker #3] ML tree search #12, logLikelihood: -2328.334511
[00:00:02 -2329.881660] SLOW spr round 2 (radius: 10)
[00:00:02] [worker #2] ML tree search #15, logLikelihood: -2327.701665
[00:00:02 -2329.881660] SLOW spr round 3 (radius: 15)
[00:00:02 -2329.881660] SLOW spr round 4 (radius: 20)
[00:00:02 -2329.881660] SLOW spr round 5 (radius: 25)
[00:00:02 -2329.881660] Model parameter optimization (eps = 0.100000)

[00:00:02] [worker #0] ML tree search #9, logLikelihood: -2329.881620

[00:00:02 -3050.550963] Initial branch length optimization
[00:00:02] [worker #1] ML tree search #14, logLikelihood: -2329.881698
[00:00:02 -2433.556666] Model parameter optimization (eps = 10.000000)
[00:00:03 -2345.399542] AUTODETECT spr round 1 (radius: 5)
[00:00:03 -2332.351670] AUTODETECT spr round 2 (radius: 10)
[00:00:03 -2332.098654] AUTODETECT spr round 3 (radius: 15)
[00:00:03 -2331.993799] AUTODETECT spr round 4 (radius: 20)
[00:00:03 -2331.990389] SPR radius for FAST iterations: 15 (autodetect)
[00:00:03 -2331.990389] Model parameter optimization (eps = 3.000000)
[00:00:03 -2331.900087] FAST spr round 1 (radius: 15)
[00:00:03] [worker #3] ML tree search #16, logLikelihood: -2327.301717
[00:00:03 -2327.375556] Model parameter optimization (eps = 1.000000)
[00:00:03 -2327.301874] SLOW spr round 1 (radius: 5)
[00:00:03] [worker #2] ML tree search #19, logLikelihood: -2327.701667
[00:00:03 -2327.301720] SLOW spr round 2 (radius: 10)
[00:00:03 -2327.301720] SLOW spr round 3 (radius: 15)
[00:00:03] [worker #1] ML tree search #18, logLikelihood: -2332.664818
[00:00:03 -2327.301720] SLOW spr round 4 (radius: 20)
[00:00:03 -2327.301720] SLOW spr round 5 (radius: 25)
[00:00:03 -2327.301720] Model parameter optimization (eps = 0.100000)

[00:00:03] [worker #0] ML tree search #13, logLikelihood: -2327.301719

[00:00:03 -3073.134281] Initial branch length optimization
[00:00:03 -2439.584218] Model parameter optimization (eps = 10.000000)
[00:00:03 -2353.043776] AUTODETECT spr round 1 (radius: 5)
[00:00:03] [worker #3] ML tree search #20, logLikelihood: -2335.355393
[00:00:03 -2338.914663] AUTODETECT spr round 2 (radius: 10)
[00:00:04 -2338.886301] SPR radius for FAST iterations: 5 (autodetect)
[00:00:04 -2338.886301] Model parameter optimization (eps = 3.000000)
[00:00:04 -2338.568390] FAST spr round 1 (radius: 5)
[00:00:04 -2332.757693] Model parameter optimization (eps = 1.000000)
[00:00:04 -2332.697501] SLOW spr round 1 (radius: 5)
[00:00:04 -2329.635653] SLOW spr round 2 (radius: 10)
[00:00:04 -2329.635652] SLOW spr round 3 (radius: 15)
[00:00:04 -2329.635652] SLOW spr round 4 (radius: 20)
[00:00:04 -2329.635652] SLOW spr round 5 (radius: 25)
[00:00:04 -2329.635652] Model parameter optimization (eps = 0.100000)

[00:00:04] [worker #0] ML tree search #17, logLikelihood: -2329.560496


Optimized model parameters:

   Partition 0: noname
   Rate heterogeneity: GAMMA (4 cats, mean),  alpha: 0.511514 (ML),  weights&rates: (0.250000,0.035541) (0.250000,0.259366) (0.250000,0.828469) (0.250000,2.876624) 
   Base frequencies (empirical): 0.311399 0.287640 0.177856 0.223105 
   Substitution rates (ML): 0.942450 6.486265 0.821992 1.396473 3.761331 1.000000 


Final LogLikelihood: -2327.301712

AIC score: 4786.603424 / AICc score: 4805.704936 / BIC score: 5068.613307
Free parameters (model + branch lengths): 66

WARNING: Best ML tree contains 3 near-zero branches!

Best ML tree with collapsed near-zero branches saved to: /data/jeremias/eucs/roadies/output/genes/gene_188_filtered.fa.aln.raxml.bestTreeCollapsed
Best ML tree saved to: /data/jeremias/eucs/roadies/output/genes/gene_188_filtered.fa.aln.raxml.bestTree
All ML trees saved to: /data/jeremias/eucs/roadies/output/genes/gene_188_filtered.fa.aln.raxml.mlTrees
Optimized model saved to: /data/jeremias/eucs/roadies/output/genes/gene_188_filtered.fa.aln.raxml.bestModel

Execution log saved to: /data/jeremias/eucs/roadies/output/genes/gene_188_filtered.fa.aln.raxml.log

Analysis started: 29-Jul-2024 15:11:43 / finished: 29-Jul-2024 15:11:48

Elapsed time: 4.507 seconds

