
RAxML-NG v. 1.2.2 released on 11.04.2024 by The Exelixis Lab.
Developed by: Alexey M. Kozlov and Alexandros Stamatakis.
Contributors: Diego Darriba, Tomas Flouri, Benoit Morel, Sarah Lutteropp, Ben Bettisworth, Julia Haag, Anastasis Togkousidis.
Latest version: https://github.com/amkozlov/raxml-ng
Questions/problems/suggestions? Please visit: https://groups.google.com/forum/#!forum/raxml

System: AMD EPYC 7742 64-Core Processor, 128 cores, 1007 GB RAM

RAxML-NG was called at 29-Jul-2024 14:19:25 as follows:

raxml-ng --msa /data/jeremias/eucs/roadies/output/genes/gene_41_filtered.fa.aln --model GTR+G+F --redo --threads auto{4} --blopt nr_safe

Analysis options:
  run mode: ML tree search
  start tree(s): random (10) + parsimony (10)
  random seed: 1722226765
  tip-inner: OFF
  pattern compression: ON
  per-rate scalers: OFF
  site repeats: ON
  logLH epsilon: general: 10.000000, brlen-triplet: 1000.000000
  fast spr radius: AUTO
  spr subtree cutoff: 1.000000
  fast CLV updates: ON
  branch lengths: proportional (ML estimate, algorithm: NR-SAFE)
  SIMD kernels: AVX2
  parallelization: coarse-grained (auto), PTHREADS (auto)

WARNING: Running in REDO mode: existing checkpoints are ignored, and all result files will be overwritten!

[00:00:00] Reading alignment from file: /data/jeremias/eucs/roadies/output/genes/gene_41_filtered.fa.aln
[00:00:00] Loaded alignment with 38 taxa and 617 sites

WARNING: Sequences E_pauciflora_1 and E_pauciflora_0 are exactly identical!
WARNING: Duplicate sequences found: 1

NOTE: Reduced alignment (with duplicates and gap-only sites/taxa removed) 
NOTE: was saved to: /data/jeremias/eucs/roadies/output/genes/gene_41_filtered.fa.aln.raxml.reduced.phy

Alignment comprises 1 partitions and 270 patterns

Partition 0: noname
Model: GTR+FC+G4m
Alignment sites / patterns: 617 / 270
Gaps: 13.88 %
Invariant sites: 60.13 %


NOTE: Binary MSA file created: /data/jeremias/eucs/roadies/output/genes/gene_41_filtered.fa.aln.raxml.rba

Parallelization scheme autoconfig: 4 worker(s) x 1 thread(s)

[00:00:00] Generating 10 random starting tree(s) with 38 taxa
[00:00:00] Generating 10 parsimony starting tree(s) with 38 taxa
Parallel parsimony with 4 threads
Parallel reduction/worker buffer size: 1 KB  / 0 KB

[00:00:00] Data distribution: max. partitions/sites/weight per thread: 1 / 270 / 4320
[00:00:00] Data distribution: max. searches per worker: 5

Starting ML tree search with 20 distinct starting trees

[00:00:00 -5309.304093] Initial branch length optimization
[00:00:00 -4262.107305] Model parameter optimization (eps = 10.000000)
[00:00:00 -3996.474863] AUTODETECT spr round 1 (radius: 5)
[00:00:00 -3282.531293] AUTODETECT spr round 2 (radius: 10)
[00:00:00 -3034.758344] AUTODETECT spr round 3 (radius: 15)
[00:00:00 -3033.010472] AUTODETECT spr round 4 (radius: 20)
[00:00:00 -3032.753807] AUTODETECT spr round 5 (radius: 25)
[00:00:00 -3032.726637] SPR radius for FAST iterations: 20 (autodetect)
[00:00:00 -3032.726637] Model parameter optimization (eps = 3.000000)
[00:00:00 -2995.642226] FAST spr round 1 (radius: 20)
[00:00:00 -2922.023977] FAST spr round 2 (radius: 20)
[00:00:00 -2916.415460] Model parameter optimization (eps = 1.000000)
[00:00:00 -2915.906548] SLOW spr round 1 (radius: 5)
[00:00:01 -2915.901818] SLOW spr round 2 (radius: 10)
[00:00:01 -2915.901738] SLOW spr round 3 (radius: 15)
[00:00:01] [worker #2] ML tree search #3, logLikelihood: -2915.408521
[00:00:01 -2915.901728] SLOW spr round 4 (radius: 20)
[00:00:01] [worker #1] ML tree search #2, logLikelihood: -2917.728775
[00:00:01 -2915.901726] SLOW spr round 5 (radius: 25)
[00:00:01 -2915.901726] Model parameter optimization (eps = 0.100000)

[00:00:01] [worker #0] ML tree search #1, logLikelihood: -2915.898599

[00:00:01 -5321.357002] Initial branch length optimization
[00:00:01 -4256.199484] Model parameter optimization (eps = 10.000000)
[00:00:02] [worker #3] ML tree search #4, logLikelihood: -2915.408506
[00:00:02 -3991.952799] AUTODETECT spr round 1 (radius: 5)
[00:00:02 -3238.479157] AUTODETECT spr round 2 (radius: 10)
[00:00:02 -3187.448663] AUTODETECT spr round 3 (radius: 15)
[00:00:02 -3187.357579] SPR radius for FAST iterations: 10 (autodetect)
[00:00:02 -3187.357579] Model parameter optimization (eps = 3.000000)
[00:00:02 -3167.792488] FAST spr round 1 (radius: 10)
[00:00:02 -2931.040602] FAST spr round 2 (radius: 10)
[00:00:02 -2924.456693] Model parameter optimization (eps = 1.000000)
[00:00:02 -2916.321945] SLOW spr round 1 (radius: 5)
[00:00:03 -2915.419339] SLOW spr round 2 (radius: 10)
[00:00:03 -2915.419164] SLOW spr round 3 (radius: 15)
[00:00:03] [worker #2] ML tree search #7, logLikelihood: -2916.316366
[00:00:03] [worker #1] ML tree search #6, logLikelihood: -2915.898353
[00:00:03 -2915.419155] SLOW spr round 4 (radius: 20)
[00:00:03 -2915.419154] SLOW spr round 5 (radius: 25)
[00:00:03 -2915.419154] Model parameter optimization (eps = 0.100000)

[00:00:03] [worker #0] ML tree search #5, logLikelihood: -2915.408512

[00:00:03 -5345.535221] Initial branch length optimization
[00:00:03 -4255.201113] Model parameter optimization (eps = 10.000000)
[00:00:03] [worker #3] ML tree search #8, logLikelihood: -2915.898589
[00:00:03 -3988.618705] AUTODETECT spr round 1 (radius: 5)
[00:00:04 -3221.565133] AUTODETECT spr round 2 (radius: 10)
[00:00:04 -3212.373979] AUTODETECT spr round 3 (radius: 15)
[00:00:04 -3212.156527] AUTODETECT spr round 4 (radius: 20)
[00:00:04 -3212.132996] SPR radius for FAST iterations: 15 (autodetect)
[00:00:04 -3212.132996] Model parameter optimization (eps = 3.000000)
[00:00:04 -3189.593178] FAST spr round 1 (radius: 15)
[00:00:04 -2925.615067] FAST spr round 2 (radius: 15)
[00:00:04 -2925.308755] Model parameter optimization (eps = 1.000000)
[00:00:04 -2917.220661] SLOW spr round 1 (radius: 5)
[00:00:05] [worker #2] ML tree search #11, logLikelihood: -2915.391149
[00:00:05 -2917.218675] SLOW spr round 2 (radius: 10)
[00:00:05] [worker #1] ML tree search #10, logLikelihood: -2915.919813
[00:00:05] [worker #3] ML tree search #12, logLikelihood: -2917.728777
[00:00:05 -2917.218673] SLOW spr round 3 (radius: 15)
[00:00:05 -2917.218673] SLOW spr round 4 (radius: 20)
[00:00:05 -2917.218673] SLOW spr round 5 (radius: 25)
[00:00:05 -2917.218673] Model parameter optimization (eps = 0.100000)

[00:00:05] [worker #0] ML tree search #9, logLikelihood: -2917.218591

[00:00:05 -3902.600259] Initial branch length optimization
[00:00:05 -3024.272737] Model parameter optimization (eps = 10.000000)
[00:00:05 -2937.504566] AUTODETECT spr round 1 (radius: 5)
[00:00:05 -2916.449022] AUTODETECT spr round 2 (radius: 10)
[00:00:06 -2916.213096] AUTODETECT spr round 3 (radius: 15)
[00:00:06 -2916.046711] AUTODETECT spr round 4 (radius: 20)
[00:00:06 -2915.990361] SPR radius for FAST iterations: 15 (autodetect)
[00:00:06 -2915.990361] Model parameter optimization (eps = 3.000000)
[00:00:06 -2915.920064] FAST spr round 1 (radius: 15)
[00:00:06 -2915.441619] Model parameter optimization (eps = 1.000000)
[00:00:06 -2915.437493] SLOW spr round 1 (radius: 5)
[00:00:06] [worker #1] ML tree search #14, logLikelihood: -2915.417228
[00:00:06] [worker #3] ML tree search #16, logLikelihood: -2915.898583
[00:00:06] [worker #2] ML tree search #15, logLikelihood: -2915.391155
[00:00:06 -2915.410315] SLOW spr round 2 (radius: 10)
[00:00:06 -2915.408640] SLOW spr round 3 (radius: 15)
[00:00:06 -2915.408535] SLOW spr round 4 (radius: 20)
[00:00:07 -2915.408529] SLOW spr round 5 (radius: 25)
[00:00:07 -2915.408529] Model parameter optimization (eps = 0.100000)

[00:00:07] [worker #0] ML tree search #13, logLikelihood: -2915.408509

[00:00:07 -3888.362462] Initial branch length optimization
[00:00:07 -3018.568930] Model parameter optimization (eps = 10.000000)
[00:00:07 -2933.242795] AUTODETECT spr round 1 (radius: 5)
[00:00:07 -2918.410679] AUTODETECT spr round 2 (radius: 10)
[00:00:07 -2918.360998] SPR radius for FAST iterations: 5 (autodetect)
[00:00:07 -2918.360998] Model parameter optimization (eps = 3.000000)
[00:00:07 -2918.323343] FAST spr round 1 (radius: 5)
[00:00:07 -2916.176232] Model parameter optimization (eps = 1.000000)
[00:00:07 -2916.160655] SLOW spr round 1 (radius: 5)
[00:00:07] [worker #1] ML tree search #18, logLikelihood: -2917.218368
[00:00:07] [worker #3] ML tree search #20, logLikelihood: -2915.408507
[00:00:07] [worker #2] ML tree search #19, logLikelihood: -2916.643161
[00:00:07 -2915.934999] SLOW spr round 2 (radius: 10)
[00:00:08 -2915.934999] SLOW spr round 3 (radius: 15)
[00:00:08 -2915.934998] SLOW spr round 4 (radius: 20)
[00:00:08 -2915.934998] SLOW spr round 5 (radius: 25)
[00:00:08 -2915.934998] Model parameter optimization (eps = 0.100000)

[00:00:08] [worker #0] ML tree search #17, logLikelihood: -2915.920057


Optimized model parameters:

   Partition 0: noname
   Rate heterogeneity: GAMMA (4 cats, mean),  alpha: 1.078178 (ML),  weights&rates: (0.250000,0.152283) (0.250000,0.499052) (0.250000,1.011835) (0.250000,2.336830) 
   Base frequencies (empirical): 0.318691 0.186807 0.165660 0.328843 
   Substitution rates (ML): 1.367703 6.007259 1.167990 1.454889 4.233902 1.000000 


Final LogLikelihood: -2915.391149

AIC score: 5994.782299 / AICc score: 6020.272936 / BIC score: 6357.621559
Free parameters (model + branch lengths): 82

WARNING: Best ML tree contains 6 near-zero branches!

Best ML tree with collapsed near-zero branches saved to: /data/jeremias/eucs/roadies/output/genes/gene_41_filtered.fa.aln.raxml.bestTreeCollapsed
Best ML tree saved to: /data/jeremias/eucs/roadies/output/genes/gene_41_filtered.fa.aln.raxml.bestTree
All ML trees saved to: /data/jeremias/eucs/roadies/output/genes/gene_41_filtered.fa.aln.raxml.mlTrees
Optimized model saved to: /data/jeremias/eucs/roadies/output/genes/gene_41_filtered.fa.aln.raxml.bestModel

Execution log saved to: /data/jeremias/eucs/roadies/output/genes/gene_41_filtered.fa.aln.raxml.log

Analysis started: 29-Jul-2024 14:19:25 / finished: 29-Jul-2024 14:19:34

Elapsed time: 8.287 seconds

