
RAxML-NG v. 1.2.2 released on 11.04.2024 by The Exelixis Lab.
Developed by: Alexey M. Kozlov and Alexandros Stamatakis.
Contributors: Diego Darriba, Tomas Flouri, Benoit Morel, Sarah Lutteropp, Ben Bettisworth, Julia Haag, Anastasis Togkousidis.
Latest version: https://github.com/amkozlov/raxml-ng
Questions/problems/suggestions? Please visit: https://groups.google.com/forum/#!forum/raxml

System: AMD EPYC 7742 64-Core Processor, 128 cores, 1007 GB RAM

RAxML-NG was called at 03-Jul-2024 20:47:00 as follows:

raxml-ng --msa /data/jeremias/eucs/roadies/output/genes/gene_160_filtered.fa.aln --model GTR+G+F --redo --threads auto{4} --blopt nr_safe

Analysis options:
  run mode: ML tree search
  start tree(s): random (10) + parsimony (10)
  random seed: 1720003620
  tip-inner: OFF
  pattern compression: ON
  per-rate scalers: OFF
  site repeats: ON
  logLH epsilon: general: 10.000000, brlen-triplet: 1000.000000
  fast spr radius: AUTO
  spr subtree cutoff: 1.000000
  fast CLV updates: ON
  branch lengths: proportional (ML estimate, algorithm: NR-SAFE)
  SIMD kernels: AVX2
  parallelization: coarse-grained (auto), PTHREADS (auto)

WARNING: Running in REDO mode: existing checkpoints are ignored, and all result files will be overwritten!

[00:00:00] Reading alignment from file: /data/jeremias/eucs/roadies/output/genes/gene_160_filtered.fa.aln
[00:00:00] Loaded alignment with 278 taxa and 655 sites

WARNING: Sequences GCA_017140255.1_3 and GCA_017140185.1_5 are exactly identical!
WARNING: Sequences GCA_017140255.1_0 and GCA_016097545.1_0 are exactly identical!
WARNING: Sequences GCA_017140185.1_0 and GCA_016097485.1_0 are exactly identical!
WARNING: Duplicate sequences found: 3

NOTE: Reduced alignment (with duplicates and gap-only sites/taxa removed) 
NOTE: was saved to: /data/jeremias/eucs/roadies/output/genes/gene_160_filtered.fa.aln.raxml.reduced.phy

Alignment comprises 1 partitions and 634 patterns

Partition 0: noname
Model: GTR+FC+G4m
Alignment sites / patterns: 655 / 634
Gaps: 26.56 %
Invariant sites: 9.62 %


NOTE: Binary MSA file created: /data/jeremias/eucs/roadies/output/genes/gene_160_filtered.fa.aln.raxml.rba

Parallelization scheme autoconfig: 4 worker(s) x 1 thread(s)

[00:00:00] Generating 10 random starting tree(s) with 278 taxa
[00:00:00] Generating 10 parsimony starting tree(s) with 278 taxa
Parallel parsimony with 4 threads
Parallel reduction/worker buffer size: 1 KB  / 0 KB

[00:00:00] Data distribution: max. partitions/sites/weight per thread: 1 / 634 / 10144
[00:00:00] Data distribution: max. searches per worker: 5

Starting ML tree search with 20 distinct starting trees

[00:00:00 -120766.978893] Initial branch length optimization
[00:00:00 -98471.299812] Model parameter optimization (eps = 10.000000)
[00:00:02 -92903.307640] AUTODETECT spr round 1 (radius: 5)
[00:00:04 -51235.975004] AUTODETECT spr round 2 (radius: 10)
[00:00:07 -25255.790919] AUTODETECT spr round 3 (radius: 15)
[00:00:11 -22806.197909] AUTODETECT spr round 4 (radius: 20)
[00:00:16 -22652.269891] AUTODETECT spr round 5 (radius: 25)
[00:00:21 -22651.620151] SPR radius for FAST iterations: 25 (autodetect)
[00:00:21 -22651.620151] Model parameter optimization (eps = 3.000000)
[00:00:22 -22225.376999] FAST spr round 1 (radius: 25)
[00:00:25 -20466.353080] FAST spr round 2 (radius: 25)
[00:00:27 -20390.928876] FAST spr round 3 (radius: 25)
[00:00:28 -20380.124054] FAST spr round 4 (radius: 25)
[00:00:29 -20380.119694] Model parameter optimization (eps = 1.000000)
[00:00:30 -20375.493817] SLOW spr round 1 (radius: 5)
[00:00:35 -20365.459470] SLOW spr round 2 (radius: 5)
[00:00:40 -20365.383173] SLOW spr round 3 (radius: 10)
[00:00:43 -20361.074672] SLOW spr round 4 (radius: 15)
[00:00:53 -20361.074671] SLOW spr round 5 (radius: 20)
[00:01:06 -20361.074671] SLOW spr round 6 (radius: 25)
[00:01:12] [worker #1] ML tree search #2, logLikelihood: -20349.311408
[00:01:17 -20361.074671] Model parameter optimization (eps = 0.100000)

[00:01:18] [worker #0] ML tree search #1, logLikelihood: -20361.029012

[00:01:18 -118233.286151] Initial branch length optimization
[00:01:18 -95355.552218] Model parameter optimization (eps = 10.000000)
[00:01:20] [worker #2] ML tree search #3, logLikelihood: -20351.215176
[00:01:20 -90022.100807] AUTODETECT spr round 1 (radius: 5)
[00:01:22 -45407.361649] AUTODETECT spr round 2 (radius: 10)
[00:01:25 -27429.445430] AUTODETECT spr round 3 (radius: 15)
[00:01:29 -22836.956605] AUTODETECT spr round 4 (radius: 20)
[00:01:29] [worker #3] ML tree search #4, logLikelihood: -20348.106953
[00:01:35 -22834.130147] AUTODETECT spr round 5 (radius: 25)
[00:01:41 -22832.667209] SPR radius for FAST iterations: 25 (autodetect)
[00:01:41 -22832.667209] Model parameter optimization (eps = 3.000000)
[00:01:42 -22429.414840] FAST spr round 1 (radius: 25)
[00:01:44 -20428.751808] FAST spr round 2 (radius: 25)
[00:01:46 -20374.264940] FAST spr round 3 (radius: 25)
[00:01:48 -20370.415851] Model parameter optimization (eps = 1.000000)
[00:01:48 -20364.671279] SLOW spr round 1 (radius: 5)
[00:01:53 -20349.788296] SLOW spr round 2 (radius: 5)
[00:01:58 -20349.787306] SLOW spr round 3 (radius: 10)
[00:02:03 -20348.629659] SLOW spr round 4 (radius: 15)
[00:02:13 -20348.629610] SLOW spr round 5 (radius: 20)
[00:02:25 -20348.629610] SLOW spr round 6 (radius: 25)
[00:02:27] [worker #1] ML tree search #6, logLikelihood: -20346.568326
[00:02:34] [worker #2] ML tree search #7, logLikelihood: -20366.371078
[00:02:36 -20348.629610] Model parameter optimization (eps = 0.100000)

[00:02:36] [worker #0] ML tree search #5, logLikelihood: -20348.571696

[00:02:36 -117886.582751] Initial branch length optimization
[00:02:36 -94607.820289] Model parameter optimization (eps = 10.000000)
[00:02:38 -89192.734895] AUTODETECT spr round 1 (radius: 5)
[00:02:40 -47104.178039] AUTODETECT spr round 2 (radius: 10)
[00:02:43 -29279.458180] AUTODETECT spr round 3 (radius: 15)
[00:02:47 -24181.615360] AUTODETECT spr round 4 (radius: 20)
[00:02:52] [worker #3] ML tree search #8, logLikelihood: -20350.069811
[00:02:53 -23127.616682] AUTODETECT spr round 5 (radius: 25)
[00:02:59 -23123.667018] SPR radius for FAST iterations: 25 (autodetect)
[00:02:59 -23123.667018] Model parameter optimization (eps = 3.000000)
[00:03:00 -22686.786052] FAST spr round 1 (radius: 25)
[00:03:02 -20487.072989] FAST spr round 2 (radius: 25)
[00:03:04 -20427.258505] FAST spr round 3 (radius: 25)
[00:03:06 -20408.138992] FAST spr round 4 (radius: 25)
[00:03:08 -20367.533014] FAST spr round 5 (radius: 25)
[00:03:09 -20367.532770] Model parameter optimization (eps = 1.000000)
[00:03:09 -20361.255881] SLOW spr round 1 (radius: 5)
[00:03:14 -20356.390579] SLOW spr round 2 (radius: 10)
[00:03:19 -20355.139096] SLOW spr round 3 (radius: 15)
[00:03:29 -20355.139052] SLOW spr round 4 (radius: 20)
[00:03:42] [worker #2] ML tree search #11, logLikelihood: -20350.068964
[00:03:42 -20355.139052] SLOW spr round 5 (radius: 25)
[00:03:43] [worker #1] ML tree search #10, logLikelihood: -20360.530060
[00:03:54 -20355.139052] Model parameter optimization (eps = 0.100000)

[00:03:54] [worker #0] ML tree search #9, logLikelihood: -20355.127673

[00:03:54 -26057.120610] Initial branch length optimization
[00:03:54 -21395.359963] Model parameter optimization (eps = 10.000000)
[00:03:55 -20450.850109] AUTODETECT spr round 1 (radius: 5)
[00:03:57 -20383.763235] AUTODETECT spr round 2 (radius: 10)
[00:04:00 -20383.703054] SPR radius for FAST iterations: 5 (autodetect)
[00:04:00 -20383.703054] Model parameter optimization (eps = 3.000000)
[00:04:00 -20383.575711] FAST spr round 1 (radius: 5)
[00:04:02 -20361.099245] FAST spr round 2 (radius: 5)
[00:04:03 -20356.194360] Model parameter optimization (eps = 1.000000)
[00:04:03 -20356.161186] SLOW spr round 1 (radius: 5)
[00:04:05] [worker #3] ML tree search #12, logLikelihood: -20372.126406
[00:04:09 -20349.834857] SLOW spr round 2 (radius: 10)
[00:04:13 -20349.834341] SLOW spr round 3 (radius: 15)
[00:04:23 -20349.834252] SLOW spr round 4 (radius: 20)
[00:04:37 -20349.834235] SLOW spr round 5 (radius: 25)
[00:04:38] [worker #2] ML tree search #15, logLikelihood: -20350.317069
[00:04:47] [worker #1] ML tree search #14, logLikelihood: -20350.737479
[00:04:48 -20349.834232] Model parameter optimization (eps = 0.100000)

[00:04:48] [worker #0] ML tree search #13, logLikelihood: -20349.826150

[00:04:48 -26094.146988] Initial branch length optimization
[00:04:49 -21405.960470] Model parameter optimization (eps = 10.000000)
[00:04:49 -20449.071955] AUTODETECT spr round 1 (radius: 5)
[00:04:51 -20379.024446] AUTODETECT spr round 2 (radius: 10)
[00:04:54 -20370.274004] AUTODETECT spr round 3 (radius: 15)
[00:05:00 -20370.252097] SPR radius for FAST iterations: 10 (autodetect)
[00:05:00 -20370.252097] Model parameter optimization (eps = 3.000000)
[00:05:00 -20370.172311] FAST spr round 1 (radius: 10)
[00:05:02 -20365.743219] Model parameter optimization (eps = 1.000000)
[00:05:02 -20365.737722] SLOW spr round 1 (radius: 5)
[00:05:07 -20357.089791] SLOW spr round 2 (radius: 10)
[00:05:12 -20354.836290] SLOW spr round 3 (radius: 15)
[00:05:22] [worker #3] ML tree search #16, logLikelihood: -20367.387833
[00:05:22 -20354.827318] SLOW spr round 4 (radius: 20)
[00:05:35 -20354.827115] SLOW spr round 5 (radius: 25)
[00:05:39] [worker #2] ML tree search #19, logLikelihood: -20358.801076
[00:05:45 -20354.827085] Model parameter optimization (eps = 0.100000)

[00:05:45] [worker #0] ML tree search #17, logLikelihood: -20354.803649

[00:05:47] [worker #1] ML tree search #18, logLikelihood: -20358.487857
[00:06:34] [worker #3] ML tree search #20, logLikelihood: -20348.329558

Optimized model parameters:

   Partition 0: noname
   Rate heterogeneity: GAMMA (4 cats, mean),  alpha: 8.261271 (ML),  weights&rates: (0.250000,0.598779) (0.250000,0.855323) (0.250000,1.076053) (0.250000,1.469846) 
   Base frequencies (empirical): 0.307541 0.173562 0.193117 0.325780 
   Substitution rates (ML): 1.168988 3.785463 0.951645 1.302799 4.002585 1.000000 


Final LogLikelihood: -20346.568326

AIC score: 41817.136652 / AICc score: 48695.527957 / BIC score: 44337.501655
Free parameters (model + branch lengths): 562

WARNING: Best ML tree contains 76 near-zero branches!

Best ML tree with collapsed near-zero branches saved to: /data/jeremias/eucs/roadies/output/genes/gene_160_filtered.fa.aln.raxml.bestTreeCollapsed
Best ML tree saved to: /data/jeremias/eucs/roadies/output/genes/gene_160_filtered.fa.aln.raxml.bestTree
All ML trees saved to: /data/jeremias/eucs/roadies/output/genes/gene_160_filtered.fa.aln.raxml.mlTrees
Optimized model saved to: /data/jeremias/eucs/roadies/output/genes/gene_160_filtered.fa.aln.raxml.bestModel

Execution log saved to: /data/jeremias/eucs/roadies/output/genes/gene_160_filtered.fa.aln.raxml.log

Analysis started: 03-Jul-2024 20:47:00 / finished: 03-Jul-2024 20:53:35

Elapsed time: 394.968 seconds

