
RAxML-NG v. 1.2.2 released on 11.04.2024 by The Exelixis Lab.
Developed by: Alexey M. Kozlov and Alexandros Stamatakis.
Contributors: Diego Darriba, Tomas Flouri, Benoit Morel, Sarah Lutteropp, Ben Bettisworth, Julia Haag, Anastasis Togkousidis.
Latest version: https://github.com/amkozlov/raxml-ng
Questions/problems/suggestions? Please visit: https://groups.google.com/forum/#!forum/raxml

System: AMD EPYC 7742 64-Core Processor, 128 cores, 1007 GB RAM

RAxML-NG was called at 29-Jul-2024 15:50:33 as follows:

raxml-ng --msa /data/jeremias/eucs/roadies/output/genes/gene_46_filtered.fa.aln --model GTR+G+F --redo --threads auto{4} --blopt nr_safe

Analysis options:
  run mode: ML tree search
  start tree(s): random (10) + parsimony (10)
  random seed: 1722232233
  tip-inner: OFF
  pattern compression: ON
  per-rate scalers: OFF
  site repeats: ON
  logLH epsilon: general: 10.000000, brlen-triplet: 1000.000000
  fast spr radius: AUTO
  spr subtree cutoff: 1.000000
  fast CLV updates: ON
  branch lengths: proportional (ML estimate, algorithm: NR-SAFE)
  SIMD kernels: AVX2
  parallelization: coarse-grained (auto), PTHREADS (auto)

WARNING: Running in REDO mode: existing checkpoints are ignored, and all result files will be overwritten!

[00:00:00] Reading alignment from file: /data/jeremias/eucs/roadies/output/genes/gene_46_filtered.fa.aln
[00:00:00] Loaded alignment with 356 taxa and 504 sites

WARNING: Sequences E_dawsonii_0 and E_polyanthemos_0 are exactly identical!
WARNING: Sequences E_lansdowneana_0 and E_sid_E_mel_0 are exactly identical!
WARNING: Sequences E_lansdowneana_0 and E_melliodora_0 are exactly identical!
WARNING: Sequences E_lansdowneana_0 and E_paniculata_0 are exactly identical!
WARNING: Duplicate sequences found: 4

NOTE: Reduced alignment (with duplicates and gap-only sites/taxa removed) 
NOTE: was saved to: /data/jeremias/eucs/roadies/output/genes/gene_46_filtered.fa.aln.raxml.reduced.phy

Alignment comprises 1 partitions and 490 patterns

Partition 0: noname
Model: GTR+FC+G4m
Alignment sites / patterns: 504 / 490
Gaps: 0.87 %
Invariant sites: 4.96 %


NOTE: Binary MSA file created: /data/jeremias/eucs/roadies/output/genes/gene_46_filtered.fa.aln.raxml.rba

Parallelization scheme autoconfig: 4 worker(s) x 1 thread(s)

[00:00:00] Generating 10 random starting tree(s) with 356 taxa
[00:00:00] Generating 10 parsimony starting tree(s) with 356 taxa
Parallel parsimony with 4 threads
Parallel reduction/worker buffer size: 1 KB  / 0 KB

[00:00:00] Data distribution: max. partitions/sites/weight per thread: 1 / 490 / 7840
[00:00:00] Data distribution: max. searches per worker: 5

Starting ML tree search with 20 distinct starting trees

[00:00:00 -111046.320429] Initial branch length optimization
[00:00:00 -95979.876047] Model parameter optimization (eps = 10.000000)
[00:00:12 -89351.714169] AUTODETECT spr round 1 (radius: 5)
[00:00:15 -58742.471635] AUTODETECT spr round 2 (radius: 10)
[00:00:19 -44241.730943] AUTODETECT spr round 3 (radius: 15)
[00:00:26 -37643.527629] AUTODETECT spr round 4 (radius: 20)
[00:00:31 -36367.059836] AUTODETECT spr round 5 (radius: 25)
[00:00:39 -36363.354341] SPR radius for FAST iterations: 25 (autodetect)
[00:00:39 -36363.354341] Model parameter optimization (eps = 3.000000)
[00:00:41 -35885.112454] FAST spr round 1 (radius: 25)
[00:00:46 -31714.878359] FAST spr round 2 (radius: 25)
[00:00:50 -30983.830107] FAST spr round 3 (radius: 25)
[00:00:52 -30803.451494] FAST spr round 4 (radius: 25)
[00:00:54 -30797.780138] Model parameter optimization (eps = 1.000000)
[00:00:55 -30792.223493] SLOW spr round 1 (radius: 5)
[00:01:01 -30788.262240] SLOW spr round 2 (radius: 10)
[00:01:05 -30787.644841] SLOW spr round 3 (radius: 15)
[00:01:14 -30787.643991] SLOW spr round 4 (radius: 20)
[00:01:22 -30787.643984] SLOW spr round 5 (radius: 25)
[00:01:26] [worker #3] ML tree search #4, logLikelihood: -30786.988343
[00:01:32 -30787.643983] Model parameter optimization (eps = 0.100000)

[00:01:32] [worker #0] ML tree search #1, logLikelihood: -30787.583604

[00:01:32 -110151.170397] Initial branch length optimization
[00:01:33 -95274.469052] Model parameter optimization (eps = 10.000000)
[00:01:37 -88708.753786] AUTODETECT spr round 1 (radius: 5)
[00:01:38] [worker #1] ML tree search #2, logLikelihood: -30786.702384
[00:01:38] [worker #2] ML tree search #3, logLikelihood: -30790.294971
[00:01:39 -58267.550189] AUTODETECT spr round 2 (radius: 10)
[00:01:42 -42974.127781] AUTODETECT spr round 3 (radius: 15)
[00:01:46 -37516.835296] AUTODETECT spr round 4 (radius: 20)
[00:01:54 -35313.306089] AUTODETECT spr round 5 (radius: 25)
[00:02:03 -35310.582693] SPR radius for FAST iterations: 25 (autodetect)
[00:02:03 -35310.582693] Model parameter optimization (eps = 3.000000)
[00:02:05 -34890.275855] FAST spr round 1 (radius: 25)
[00:02:09 -31119.036719] FAST spr round 2 (radius: 25)
[00:02:13 -30807.271927] FAST spr round 3 (radius: 25)
[00:02:15 -30803.132813] Model parameter optimization (eps = 1.000000)
[00:02:16 -30800.533591] SLOW spr round 1 (radius: 5)
[00:02:24 -30786.335986] SLOW spr round 2 (radius: 5)
[00:02:28 -30786.317253] SLOW spr round 3 (radius: 10)
[00:02:33 -30786.317242] SLOW spr round 4 (radius: 15)
[00:02:42 -30786.317241] SLOW spr round 5 (radius: 20)
[00:02:51 -30786.317241] SLOW spr round 6 (radius: 25)
[00:03:03] [worker #3] ML tree search #8, logLikelihood: -30784.188517
[00:03:05 -30786.317241] Model parameter optimization (eps = 0.100000)

[00:03:06] [worker #0] ML tree search #5, logLikelihood: -30786.276066

[00:03:06 -109200.792891] Initial branch length optimization
[00:03:06 -94298.581818] Model parameter optimization (eps = 10.000000)
[00:03:09] [worker #2] ML tree search #7, logLikelihood: -30786.884154
[00:03:12 -87748.997324] AUTODETECT spr round 1 (radius: 5)
[00:03:14 -58732.040509] AUTODETECT spr round 2 (radius: 10)
[00:03:19 -42894.799578] AUTODETECT spr round 3 (radius: 15)
[00:03:21] [worker #1] ML tree search #6, logLikelihood: -30786.804284
[00:03:27 -37296.435301] AUTODETECT spr round 4 (radius: 20)
[00:03:37 -36116.736801] AUTODETECT spr round 5 (radius: 25)
[00:03:50 -35998.195372] SPR radius for FAST iterations: 25 (autodetect)
[00:03:50 -35998.195372] Model parameter optimization (eps = 3.000000)
[00:03:55 -35623.051869] FAST spr round 1 (radius: 25)
[00:04:00 -31196.502309] FAST spr round 2 (radius: 25)
[00:04:04 -30824.172052] FAST spr round 3 (radius: 25)
[00:04:08 -30808.269698] FAST spr round 4 (radius: 25)
[00:04:10] [worker #3] ML tree search #12, logLikelihood: -30787.556842
[00:04:10 -30808.269464] Model parameter optimization (eps = 1.000000)
[00:04:11 -30802.645730] SLOW spr round 1 (radius: 5)
[00:04:18 -30789.767570] SLOW spr round 2 (radius: 5)
[00:04:21] [worker #2] ML tree search #11, logLikelihood: -30783.299988
[00:04:22 -30789.767297] SLOW spr round 3 (radius: 10)
[00:04:27 -30789.767296] SLOW spr round 4 (radius: 15)
[00:04:40 -30789.767296] SLOW spr round 5 (radius: 20)
[00:04:53 -30789.767296] SLOW spr round 6 (radius: 25)
[00:05:05 -30789.767296] Model parameter optimization (eps = 0.100000)

[00:05:05] [worker #0] ML tree search #9, logLikelihood: -30789.723735

[00:05:05 -37665.627478] Initial branch length optimization
[00:05:05 -33000.494147] Model parameter optimization (eps = 10.000000)
[00:05:06 -31040.385535] AUTODETECT spr round 1 (radius: 5)
[00:05:08 -30865.317404] AUTODETECT spr round 2 (radius: 10)
[00:05:10] [worker #1] ML tree search #10, logLikelihood: -30788.048708
[00:05:11 -30854.352738] AUTODETECT spr round 3 (radius: 15)
[00:05:15 -30854.102559] AUTODETECT spr round 4 (radius: 20)
[00:05:18] [worker #3] ML tree search #16, logLikelihood: -30787.798873
[00:05:21 -30854.067962] SPR radius for FAST iterations: 15 (autodetect)
[00:05:21 -30854.067962] Model parameter optimization (eps = 3.000000)
[00:05:21 -30853.423116] FAST spr round 1 (radius: 15)
[00:05:24 -30804.666813] FAST spr round 2 (radius: 15)
[00:05:27 -30798.478217] Model parameter optimization (eps = 1.000000)
[00:05:27 -30798.449332] SLOW spr round 1 (radius: 5)
[00:05:35 -30789.840652] SLOW spr round 2 (radius: 10)
[00:05:42 -30789.839507] SLOW spr round 3 (radius: 15)
[00:05:52] [worker #2] ML tree search #15, logLikelihood: -30790.657126
[00:05:56 -30789.839426] SLOW spr round 4 (radius: 20)
[00:06:10 -30789.839421] SLOW spr round 5 (radius: 25)
[00:06:12] [worker #1] ML tree search #14, logLikelihood: -30786.878572
[00:06:25 -30789.839420] Model parameter optimization (eps = 0.100000)

[00:06:25] [worker #0] ML tree search #13, logLikelihood: -30789.833376

[00:06:25 -37831.703303] Initial branch length optimization
[00:06:26 -33054.470831] Model parameter optimization (eps = 10.000000)
[00:06:27 -31112.345409] AUTODETECT spr round 1 (radius: 5)
[00:06:29 -30864.206641] AUTODETECT spr round 2 (radius: 10)
[00:06:32 -30847.368084] AUTODETECT spr round 3 (radius: 15)
[00:06:35] [worker #3] ML tree search #20, logLikelihood: -30787.525551
[00:06:36 -30846.982458] AUTODETECT spr round 4 (radius: 20)
[00:06:42 -30846.924304] SPR radius for FAST iterations: 15 (autodetect)
[00:06:42 -30846.924304] Model parameter optimization (eps = 3.000000)
[00:06:43 -30846.399080] FAST spr round 1 (radius: 15)
[00:06:45 -30810.920517] FAST spr round 2 (radius: 15)
[00:06:47 -30800.404914] FAST spr round 3 (radius: 15)
[00:06:48 -30800.404885] Model parameter optimization (eps = 1.000000)
[00:06:49 -30800.352502] SLOW spr round 1 (radius: 5)
[00:06:54 -30789.607562] SLOW spr round 2 (radius: 5)
[00:06:56] [worker #2] ML tree search #19, logLikelihood: -30787.584730
[00:07:00 -30789.177435] SLOW spr round 3 (radius: 10)
[00:07:04 -30789.177416] SLOW spr round 4 (radius: 15)
[00:07:09] [worker #1] ML tree search #18, logLikelihood: -30787.617963
[00:07:13 -30789.177415] SLOW spr round 5 (radius: 20)
[00:07:24 -30789.177415] SLOW spr round 6 (radius: 25)
[00:07:38 -30789.177415] Model parameter optimization (eps = 0.100000)

[00:07:39] [worker #0] ML tree search #17, logLikelihood: -30789.164397


Optimized model parameters:

   Partition 0: noname
   Rate heterogeneity: GAMMA (4 cats, mean),  alpha: 1.130776 (ML),  weights&rates: (0.250000,0.162284) (0.250000,0.512815) (0.250000,1.018690) (0.250000,2.306211) 
   Base frequencies (empirical): 0.326844 0.226865 0.209194 0.237097 
   Substitution rates (ML): 0.662412 3.630212 1.050322 0.326369 4.257071 1.000000 


Final LogLikelihood: -30783.299988

AIC score: 63002.599977 / AICc score: 1095486.599977 / BIC score: 66034.409737
Free parameters (model + branch lengths): 718

WARNING: Number of free parameters (K=718) is larger than alignment size (n=504).
         This might lead to overfitting and compromise tree inference results!


WARNING: Best ML tree contains 68 near-zero branches!

Best ML tree with collapsed near-zero branches saved to: /data/jeremias/eucs/roadies/output/genes/gene_46_filtered.fa.aln.raxml.bestTreeCollapsed
Best ML tree saved to: /data/jeremias/eucs/roadies/output/genes/gene_46_filtered.fa.aln.raxml.bestTree
All ML trees saved to: /data/jeremias/eucs/roadies/output/genes/gene_46_filtered.fa.aln.raxml.mlTrees
Optimized model saved to: /data/jeremias/eucs/roadies/output/genes/gene_46_filtered.fa.aln.raxml.bestModel

Execution log saved to: /data/jeremias/eucs/roadies/output/genes/gene_46_filtered.fa.aln.raxml.log

Analysis started: 29-Jul-2024 15:50:33 / finished: 29-Jul-2024 15:58:12

Elapsed time: 459.305 seconds

