
RAxML-NG v. 1.2.2 released on 11.04.2024 by The Exelixis Lab.
Developed by: Alexey M. Kozlov and Alexandros Stamatakis.
Contributors: Diego Darriba, Tomas Flouri, Benoit Morel, Sarah Lutteropp, Ben Bettisworth, Julia Haag, Anastasis Togkousidis.
Latest version: https://github.com/amkozlov/raxml-ng
Questions/problems/suggestions? Please visit: https://groups.google.com/forum/#!forum/raxml

System: AMD EPYC 7742 64-Core Processor, 128 cores, 1007 GB RAM

RAxML-NG was called at 03-Jul-2024 18:16:06 as follows:

raxml-ng --msa /data/jeremias/eucs/roadies/output/genes/gene_11_filtered.fa.aln --model GTR+G+F --redo --threads auto{4} --blopt nr_safe

Analysis options:
  run mode: ML tree search
  start tree(s): random (10) + parsimony (10)
  random seed: 1719994566
  tip-inner: OFF
  pattern compression: ON
  per-rate scalers: OFF
  site repeats: ON
  logLH epsilon: general: 10.000000, brlen-triplet: 1000.000000
  fast spr radius: AUTO
  spr subtree cutoff: 1.000000
  fast CLV updates: ON
  branch lengths: proportional (ML estimate, algorithm: NR-SAFE)
  SIMD kernels: AVX2
  parallelization: coarse-grained (auto), PTHREADS (auto)

WARNING: Running in REDO mode: existing checkpoints are ignored, and all result files will be overwritten!

[00:00:00] Reading alignment from file: /data/jeremias/eucs/roadies/output/genes/gene_11_filtered.fa.aln
[00:00:00] Loaded alignment with 350 taxa and 506 sites

Alignment comprises 1 partitions and 485 patterns

Partition 0: noname
Model: GTR+FC+G4m
Alignment sites / patterns: 506 / 485
Gaps: 1.48 %
Invariant sites: 6.72 %


NOTE: Binary MSA file created: /data/jeremias/eucs/roadies/output/genes/gene_11_filtered.fa.aln.raxml.rba

Parallelization scheme autoconfig: 4 worker(s) x 1 thread(s)

[00:00:00] Generating 10 random starting tree(s) with 350 taxa
[00:00:00] Generating 10 parsimony starting tree(s) with 350 taxa
Parallel parsimony with 4 threads
Parallel reduction/worker buffer size: 1 KB  / 0 KB

[00:00:00] Data distribution: max. partitions/sites/weight per thread: 1 / 485 / 7760
[00:00:00] Data distribution: max. searches per worker: 5

Starting ML tree search with 20 distinct starting trees

[00:00:00 -46795.356235] Initial branch length optimization
[00:00:00 -38920.659158] Model parameter optimization (eps = 10.000000)
[00:00:02 -33862.876219] AUTODETECT spr round 1 (radius: 5)
[00:00:03 -30866.256403] AUTODETECT spr round 2 (radius: 10)
[00:00:06 -28116.626159] AUTODETECT spr round 3 (radius: 15)
[00:00:10 -26536.168896] AUTODETECT spr round 4 (radius: 20)
[00:00:15 -25848.194046] AUTODETECT spr round 5 (radius: 25)
[00:00:20 -25481.625061] SPR radius for FAST iterations: 25 (autodetect)
[00:00:20 -25481.625061] Model parameter optimization (eps = 3.000000)
[00:00:21 -25352.776147] FAST spr round 1 (radius: 25)
[00:00:28 -23864.520004] FAST spr round 2 (radius: 25)
[00:00:33 -23775.983735] FAST spr round 3 (radius: 25)
[00:00:37 -23770.593953] Model parameter optimization (eps = 1.000000)
[00:00:39 -23705.152193] SLOW spr round 1 (radius: 5)
[00:00:45 -23693.818282] SLOW spr round 2 (radius: 5)
[00:00:51 -23693.527443] SLOW spr round 3 (radius: 10)
[00:00:58 -23688.870949] SLOW spr round 4 (radius: 15)
[00:01:09 -23687.404314] SLOW spr round 5 (radius: 20)
[00:01:19 -23687.404024] SLOW spr round 6 (radius: 25)
[00:01:25] [worker #3] ML tree search #4, logLikelihood: -23691.632225
[00:01:28] [worker #1] ML tree search #2, logLikelihood: -23686.879104
[00:01:29 -23687.404024] Model parameter optimization (eps = 0.100000)

[00:01:30] [worker #0] ML tree search #1, logLikelihood: -23687.238353

[00:01:30 -46859.725485] Initial branch length optimization
[00:01:30 -38855.081872] Model parameter optimization (eps = 10.000000)
[00:01:32 -33823.489508] AUTODETECT spr round 1 (radius: 5)
[00:01:33 -31019.383711] AUTODETECT spr round 2 (radius: 10)
[00:01:36 -28265.887575] AUTODETECT spr round 3 (radius: 15)
[00:01:39 -26232.280897] AUTODETECT spr round 4 (radius: 20)
[00:01:43 -25462.865240] AUTODETECT spr round 5 (radius: 25)
[00:01:47 -25432.945910] SPR radius for FAST iterations: 25 (autodetect)
[00:01:47 -25432.945910] Model parameter optimization (eps = 3.000000)
[00:01:50 -25240.156767] FAST spr round 1 (radius: 25)
[00:01:51] [worker #2] ML tree search #3, logLikelihood: -23681.167695
[00:01:56 -23779.283061] FAST spr round 2 (radius: 25)
[00:02:01 -23709.058667] FAST spr round 3 (radius: 25)
[00:02:05 -23698.515280] FAST spr round 4 (radius: 25)
[00:02:08 -23697.814194] Model parameter optimization (eps = 1.000000)
[00:02:08 -23696.501782] SLOW spr round 1 (radius: 5)
[00:02:15 -23685.969946] SLOW spr round 2 (radius: 5)
[00:02:21 -23685.887818] SLOW spr round 3 (radius: 10)
[00:02:28 -23683.775510] SLOW spr round 4 (radius: 15)
[00:02:38 -23679.870606] SLOW spr round 5 (radius: 20)
[00:02:48 -23679.870583] SLOW spr round 6 (radius: 25)
[00:03:00] [worker #3] ML tree search #8, logLikelihood: -23689.129491
[00:03:02 -23679.870583] Model parameter optimization (eps = 0.100000)

[00:03:03] [worker #0] ML tree search #5, logLikelihood: -23679.791857

[00:03:03 -46396.357680] Initial branch length optimization
[00:03:03 -38757.483908] Model parameter optimization (eps = 10.000000)
[00:03:03] [worker #1] ML tree search #6, logLikelihood: -23687.752624
[00:03:05 -33742.000833] AUTODETECT spr round 1 (radius: 5)
[00:03:06 -30233.154573] AUTODETECT spr round 2 (radius: 10)
[00:03:09 -27387.082105] AUTODETECT spr round 3 (radius: 15)
[00:03:12 -25951.148720] AUTODETECT spr round 4 (radius: 20)
[00:03:17 -25325.523551] AUTODETECT spr round 5 (radius: 25)
[00:03:20] [worker #2] ML tree search #7, logLikelihood: -23695.920282
[00:03:21 -25286.152186] SPR radius for FAST iterations: 25 (autodetect)
[00:03:21 -25286.152186] Model parameter optimization (eps = 3.000000)
[00:03:23 -25107.898875] FAST spr round 1 (radius: 25)
[00:03:30 -23788.064339] FAST spr round 2 (radius: 25)
[00:03:35 -23732.654543] FAST spr round 3 (radius: 25)
[00:03:39 -23701.691827] FAST spr round 4 (radius: 25)
[00:03:42 -23699.562794] Model parameter optimization (eps = 1.000000)
[00:03:43 -23697.904344] SLOW spr round 1 (radius: 5)
[00:03:50 -23692.965673] SLOW spr round 2 (radius: 10)
[00:03:58 -23688.624702] SLOW spr round 3 (radius: 15)
[00:04:08 -23688.624572] SLOW spr round 4 (radius: 20)
[00:04:17] [worker #3] ML tree search #12, logLikelihood: -23693.406911
[00:04:18 -23688.624572] SLOW spr round 5 (radius: 25)
[00:04:29 -23688.624572] Model parameter optimization (eps = 0.100000)

[00:04:29] [worker #0] ML tree search #9, logLikelihood: -23688.472962

[00:04:29 -31383.854417] Initial branch length optimization
[00:04:30 -27242.757751] Model parameter optimization (eps = 10.000000)
[00:04:31 -24149.341973] AUTODETECT spr round 1 (radius: 5)
[00:04:32 -23905.519006] AUTODETECT spr round 2 (radius: 10)
[00:04:35 -23823.248957] AUTODETECT spr round 3 (radius: 15)
[00:04:36] [worker #1] ML tree search #10, logLikelihood: -23681.220136
[00:04:40 -23809.998538] AUTODETECT spr round 4 (radius: 20)
[00:04:45 -23795.456850] AUTODETECT spr round 5 (radius: 25)
[00:04:46] [worker #2] ML tree search #11, logLikelihood: -23684.158085
[00:04:49 -23795.381410] SPR radius for FAST iterations: 20 (autodetect)
[00:04:49 -23795.381410] Model parameter optimization (eps = 3.000000)
[00:04:49 -23794.161557] FAST spr round 1 (radius: 20)
[00:04:55 -23714.517937] FAST spr round 2 (radius: 20)
[00:04:59 -23707.823518] Model parameter optimization (eps = 1.000000)
[00:04:59 -23707.686907] SLOW spr round 1 (radius: 5)
[00:05:06 -23698.454420] SLOW spr round 2 (radius: 10)
[00:05:14 -23697.802392] SLOW spr round 3 (radius: 15)
[00:05:25 -23696.344350] SLOW spr round 4 (radius: 20)
[00:05:37 -23696.343846] SLOW spr round 5 (radius: 25)
[00:05:37] [worker #3] ML tree search #16, logLikelihood: -23690.246500
[00:05:48 -23696.343787] Model parameter optimization (eps = 0.100000)

[00:05:49] [worker #0] ML tree search #13, logLikelihood: -23696.295710

[00:05:49 -31342.340645] Initial branch length optimization
[00:05:49 -27186.407849] Model parameter optimization (eps = 10.000000)
[00:05:50 -24084.615865] AUTODETECT spr round 1 (radius: 5)
[00:05:50] [worker #1] ML tree search #14, logLikelihood: -23685.944692
[00:05:51 -23898.220733] AUTODETECT spr round 2 (radius: 10)
[00:05:54 -23796.990043] AUTODETECT spr round 3 (radius: 15)
[00:05:59 -23782.842351] AUTODETECT spr round 4 (radius: 20)
[00:06:04 -23782.799100] SPR radius for FAST iterations: 15 (autodetect)
[00:06:04 -23782.799100] Model parameter optimization (eps = 3.000000)
[00:06:05 -23782.071354] FAST spr round 1 (radius: 15)
[00:06:08] [worker #2] ML tree search #15, logLikelihood: -23691.196769
[00:06:10 -23718.188000] FAST spr round 2 (radius: 15)
[00:06:14 -23705.905110] FAST spr round 3 (radius: 15)
[00:06:17 -23705.904486] Model parameter optimization (eps = 1.000000)
[00:06:18 -23705.855711] SLOW spr round 1 (radius: 5)
[00:06:24 -23703.075715] SLOW spr round 2 (radius: 10)
[00:06:33 -23699.812610] SLOW spr round 3 (radius: 15)
[00:06:43 -23698.088315] SLOW spr round 4 (radius: 20)
[00:06:52 -23698.088309] SLOW spr round 5 (radius: 25)
[00:06:52] [worker #3] ML tree search #20, logLikelihood: -23688.509640
[00:07:07 -23698.088309] Model parameter optimization (eps = 0.100000)

[00:07:07] [worker #0] ML tree search #17, logLikelihood: -23697.987871

[00:07:17] [worker #1] ML tree search #18, logLikelihood: -23686.028255
[00:07:27] [worker #2] ML tree search #19, logLikelihood: -23688.716464

Optimized model parameters:

   Partition 0: noname
   Rate heterogeneity: GAMMA (4 cats, mean),  alpha: 0.689189 (ML),  weights&rates: (0.250000,0.071881) (0.250000,0.358384) (0.250000,0.920795) (0.250000,2.648940) 
   Base frequencies (empirical): 0.240144 0.256747 0.212031 0.291078 
   Substitution rates (ML): 1.040642 15.635718 1.982935 0.540881 12.066779 1.000000 


Final LogLikelihood: -23679.791857

AIC score: 48771.583714 / AICc score: 1047055.583714 / BIC score: 51755.518603
Free parameters (model + branch lengths): 706

WARNING: Number of free parameters (K=706) is larger than alignment size (n=506).
         This might lead to overfitting and compromise tree inference results!


WARNING: Best ML tree contains 100 near-zero branches!

Best ML tree with collapsed near-zero branches saved to: /data/jeremias/eucs/roadies/output/genes/gene_11_filtered.fa.aln.raxml.bestTreeCollapsed
Best ML tree saved to: /data/jeremias/eucs/roadies/output/genes/gene_11_filtered.fa.aln.raxml.bestTree
All ML trees saved to: /data/jeremias/eucs/roadies/output/genes/gene_11_filtered.fa.aln.raxml.mlTrees
Optimized model saved to: /data/jeremias/eucs/roadies/output/genes/gene_11_filtered.fa.aln.raxml.bestModel

Execution log saved to: /data/jeremias/eucs/roadies/output/genes/gene_11_filtered.fa.aln.raxml.log

Analysis started: 03-Jul-2024 18:16:06 / finished: 03-Jul-2024 18:23:33

Elapsed time: 447.531 seconds

