
RAxML-NG v. 1.2.2 released on 11.04.2024 by The Exelixis Lab.
Developed by: Alexey M. Kozlov and Alexandros Stamatakis.
Contributors: Diego Darriba, Tomas Flouri, Benoit Morel, Sarah Lutteropp, Ben Bettisworth, Julia Haag, Anastasis Togkousidis.
Latest version: https://github.com/amkozlov/raxml-ng
Questions/problems/suggestions? Please visit: https://groups.google.com/forum/#!forum/raxml

System: AMD EPYC 7742 64-Core Processor, 128 cores, 1007 GB RAM

RAxML-NG was called at 29-Jul-2024 14:19:46 as follows:

raxml-ng --msa /data/jeremias/eucs/roadies/output/genes/gene_206_filtered.fa.aln --model GTR+G+F --redo --threads auto{4} --blopt nr_safe

Analysis options:
  run mode: ML tree search
  start tree(s): random (10) + parsimony (10)
  random seed: 1722226786
  tip-inner: OFF
  pattern compression: ON
  per-rate scalers: OFF
  site repeats: ON
  logLH epsilon: general: 10.000000, brlen-triplet: 1000.000000
  fast spr radius: AUTO
  spr subtree cutoff: 1.000000
  fast CLV updates: ON
  branch lengths: proportional (ML estimate, algorithm: NR-SAFE)
  SIMD kernels: AVX2
  parallelization: coarse-grained (auto), PTHREADS (auto)

WARNING: Running in REDO mode: existing checkpoints are ignored, and all result files will be overwritten!

[00:00:00] Reading alignment from file: /data/jeremias/eucs/roadies/output/genes/gene_206_filtered.fa.aln
[00:00:00] Loaded alignment with 39 taxa and 518 sites

Alignment comprises 1 partitions and 148 patterns

Partition 0: noname
Model: GTR+FC+G4m
Alignment sites / patterns: 518 / 148
Gaps: 3.58 %
Invariant sites: 72.01 %


NOTE: Binary MSA file created: /data/jeremias/eucs/roadies/output/genes/gene_206_filtered.fa.aln.raxml.rba

Parallelization scheme autoconfig: 4 worker(s) x 1 thread(s)

[00:00:00] Generating 10 random starting tree(s) with 39 taxa
[00:00:00] Generating 10 parsimony starting tree(s) with 39 taxa
Parallel parsimony with 4 threads
Parallel reduction/worker buffer size: 1 KB  / 0 KB

[00:00:00] Data distribution: max. partitions/sites/weight per thread: 1 / 148 / 2368
[00:00:00] Data distribution: max. searches per worker: 5

Starting ML tree search with 20 distinct starting trees

[00:00:00 -3693.983424] Initial branch length optimization
[00:00:00 -2844.206897] Model parameter optimization (eps = 10.000000)
[00:00:00 -2574.895797] AUTODETECT spr round 1 (radius: 5)
[00:00:00 -2127.834045] AUTODETECT spr round 2 (radius: 10)
[00:00:00 -2076.748801] AUTODETECT spr round 3 (radius: 15)
[00:00:00 -2076.714005] SPR radius for FAST iterations: 10 (autodetect)
[00:00:00 -2076.714005] Model parameter optimization (eps = 3.000000)
[00:00:00 -2058.825720] FAST spr round 1 (radius: 10)
[00:00:00 -2013.973424] FAST spr round 2 (radius: 10)
[00:00:00 -2012.046835] Model parameter optimization (eps = 1.000000)
[00:00:00 -2011.633827] SLOW spr round 1 (radius: 5)
[00:00:00 -2009.064709] SLOW spr round 2 (radius: 10)
[00:00:00 -2009.064709] SLOW spr round 3 (radius: 15)
[00:00:00] [worker #2] ML tree search #3, logLikelihood: -2008.969158
[00:00:00 -2009.064709] SLOW spr round 4 (radius: 20)
[00:00:00 -2009.064709] SLOW spr round 5 (radius: 25)
[00:00:00 -2009.064709] Model parameter optimization (eps = 0.100000)
[00:00:00] [worker #1] ML tree search #2, logLikelihood: -2011.930414

[00:00:00] [worker #0] ML tree search #1, logLikelihood: -2008.969346

[00:00:00 -3688.536909] Initial branch length optimization
[00:00:00 -2842.655145] Model parameter optimization (eps = 10.000000)
[00:00:01 -2577.253448] AUTODETECT spr round 1 (radius: 5)
[00:00:01 -2267.178122] AUTODETECT spr round 2 (radius: 10)
[00:00:01 -2091.209612] AUTODETECT spr round 3 (radius: 15)
[00:00:01 -2089.884324] AUTODETECT spr round 4 (radius: 20)
[00:00:01 -2089.740028] AUTODETECT spr round 5 (radius: 25)
[00:00:01 -2089.571280] SPR radius for FAST iterations: 25 (autodetect)
[00:00:01 -2089.571280] Model parameter optimization (eps = 3.000000)
[00:00:01 -2067.928304] FAST spr round 1 (radius: 25)
[00:00:01 -2013.631649] FAST spr round 2 (radius: 25)
[00:00:01] [worker #3] ML tree search #4, logLikelihood: -2011.930635
[00:00:01 -2009.658154] Model parameter optimization (eps = 1.000000)
[00:00:01 -2008.979292] SLOW spr round 1 (radius: 5)
[00:00:01 -2008.978958] SLOW spr round 2 (radius: 10)
[00:00:01 -2008.978958] SLOW spr round 3 (radius: 15)
[00:00:01] [worker #1] ML tree search #6, logLikelihood: -2008.968968
[00:00:01] [worker #2] ML tree search #7, logLikelihood: -2008.969066
[00:00:01 -2008.978958] SLOW spr round 4 (radius: 20)
[00:00:02 -2008.978958] SLOW spr round 5 (radius: 25)
[00:00:02 -2008.978958] Model parameter optimization (eps = 0.100000)

[00:00:02] [worker #0] ML tree search #5, logLikelihood: -2008.968938

[00:00:02 -3718.344906] Initial branch length optimization
[00:00:02 -2868.128782] Model parameter optimization (eps = 10.000000)
[00:00:02 -2605.018494] AUTODETECT spr round 1 (radius: 5)
[00:00:02 -2152.688046] AUTODETECT spr round 2 (radius: 10)
[00:00:02 -2105.581552] AUTODETECT spr round 3 (radius: 15)
[00:00:02 -2105.518358] SPR radius for FAST iterations: 10 (autodetect)
[00:00:02 -2105.518358] Model parameter optimization (eps = 3.000000)
[00:00:02 -2086.402540] FAST spr round 1 (radius: 10)
[00:00:02 -2020.241475] FAST spr round 2 (radius: 10)
[00:00:02 -2009.946549] FAST spr round 3 (radius: 10)
[00:00:02 -2009.753162] Model parameter optimization (eps = 1.000000)
[00:00:02 -2008.982000] SLOW spr round 1 (radius: 5)
[00:00:02] [worker #3] ML tree search #8, logLikelihood: -2008.969211
[00:00:02] [worker #2] ML tree search #11, logLikelihood: -2008.968923
[00:00:03 -2008.981668] SLOW spr round 2 (radius: 10)
[00:00:03 -2008.981668] SLOW spr round 3 (radius: 15)
[00:00:03] [worker #1] ML tree search #10, logLikelihood: -2008.969014
[00:00:03 -2008.981668] SLOW spr round 4 (radius: 20)
[00:00:03 -2008.981668] SLOW spr round 5 (radius: 25)
[00:00:03 -2008.981668] Model parameter optimization (eps = 0.100000)

[00:00:03] [worker #0] ML tree search #9, logLikelihood: -2008.968967

[00:00:03 -3000.411444] Initial branch length optimization
[00:00:03 -2113.259553] Model parameter optimization (eps = 10.000000)
[00:00:03 -2026.293887] AUTODETECT spr round 1 (radius: 5)
[00:00:03 -2010.516250] AUTODETECT spr round 2 (radius: 10)
[00:00:03 -2010.511500] SPR radius for FAST iterations: 5 (autodetect)
[00:00:03 -2010.511500] Model parameter optimization (eps = 3.000000)
[00:00:04 -2010.470726] FAST spr round 1 (radius: 5)
[00:00:04 -2008.970736] Model parameter optimization (eps = 1.000000)
[00:00:04 -2008.969411] SLOW spr round 1 (radius: 5)
[00:00:04 -2008.968911] SLOW spr round 2 (radius: 10)
[00:00:04] [worker #2] ML tree search #15, logLikelihood: -2011.930406
[00:00:04] [worker #3] ML tree search #12, logLikelihood: -2008.969024
[00:00:04 -2008.968911] SLOW spr round 3 (radius: 15)
[00:00:04 -2008.968911] SLOW spr round 4 (radius: 20)
[00:00:04] [worker #1] ML tree search #14, logLikelihood: -2008.968919
[00:00:04 -2008.968911] SLOW spr round 5 (radius: 25)
[00:00:04 -2008.968911] Model parameter optimization (eps = 0.100000)

[00:00:04] [worker #0] ML tree search #13, logLikelihood: -2008.968909

[00:00:04 -2991.350429] Initial branch length optimization
[00:00:04 -2109.952815] Model parameter optimization (eps = 10.000000)
[00:00:04 -2021.985259] AUTODETECT spr round 1 (radius: 5)
[00:00:04 -2015.094171] AUTODETECT spr round 2 (radius: 10)
[00:00:04 -2013.444080] AUTODETECT spr round 3 (radius: 15)
[00:00:04 -2013.441660] SPR radius for FAST iterations: 10 (autodetect)
[00:00:04 -2013.441660] Model parameter optimization (eps = 3.000000)
[00:00:04 -2013.356179] FAST spr round 1 (radius: 10)
[00:00:05 -2008.976051] Model parameter optimization (eps = 1.000000)
[00:00:05 -2008.969034] SLOW spr round 1 (radius: 5)
[00:00:05] [worker #2] ML tree search #19, logLikelihood: -2008.969205
[00:00:05 -2008.968948] SLOW spr round 2 (radius: 10)
[00:00:05 -2008.968948] SLOW spr round 3 (radius: 15)
[00:00:05] [worker #1] ML tree search #18, logLikelihood: -2008.968909
[00:00:05] [worker #3] ML tree search #16, logLikelihood: -2012.128739
[00:00:05 -2008.968948] SLOW spr round 4 (radius: 20)
[00:00:05 -2008.968948] SLOW spr round 5 (radius: 25)
[00:00:05 -2008.968948] Model parameter optimization (eps = 0.100000)

[00:00:05] [worker #0] ML tree search #17, logLikelihood: -2008.968926

[00:00:06] [worker #3] ML tree search #20, logLikelihood: -2008.969012

Optimized model parameters:

   Partition 0: noname
   Rate heterogeneity: GAMMA (4 cats, mean),  alpha: 0.461248 (ML),  weights&rates: (0.250000,0.026450) (0.250000,0.225866) (0.250000,0.789886) (0.250000,2.957797) 
   Base frequencies (empirical): 0.303147 0.211613 0.188562 0.296678 
   Substitution rates (ML): 1.746810 5.796436 0.227815 1.156726 4.114253 1.000000 


Final LogLikelihood: -2008.968909

AIC score: 4185.937818 / AICc score: 4218.917033 / BIC score: 4542.935739
Free parameters (model + branch lengths): 84

WARNING: Best ML tree contains 11 near-zero branches!

Best ML tree with collapsed near-zero branches saved to: /data/jeremias/eucs/roadies/output/genes/gene_206_filtered.fa.aln.raxml.bestTreeCollapsed
Best ML tree saved to: /data/jeremias/eucs/roadies/output/genes/gene_206_filtered.fa.aln.raxml.bestTree
All ML trees saved to: /data/jeremias/eucs/roadies/output/genes/gene_206_filtered.fa.aln.raxml.mlTrees
Optimized model saved to: /data/jeremias/eucs/roadies/output/genes/gene_206_filtered.fa.aln.raxml.bestModel

Execution log saved to: /data/jeremias/eucs/roadies/output/genes/gene_206_filtered.fa.aln.raxml.log

Analysis started: 29-Jul-2024 14:19:46 / finished: 29-Jul-2024 14:19:52

Elapsed time: 6.463 seconds

