
RAxML-NG v. 1.2.2 released on 11.04.2024 by The Exelixis Lab.
Developed by: Alexey M. Kozlov and Alexandros Stamatakis.
Contributors: Diego Darriba, Tomas Flouri, Benoit Morel, Sarah Lutteropp, Ben Bettisworth, Julia Haag, Anastasis Togkousidis.
Latest version: https://github.com/amkozlov/raxml-ng
Questions/problems/suggestions? Please visit: https://groups.google.com/forum/#!forum/raxml

System: AMD EPYC 7742 64-Core Processor, 128 cores, 1007 GB RAM

RAxML-NG was called at 29-Jul-2024 15:33:14 as follows:

raxml-ng --msa /data/jeremias/eucs/roadies/output/genes/gene_220_filtered.fa.aln --model GTR+G+F --redo --threads auto{4} --blopt nr_safe

Analysis options:
  run mode: ML tree search
  start tree(s): random (10) + parsimony (10)
  random seed: 1722231194
  tip-inner: OFF
  pattern compression: ON
  per-rate scalers: OFF
  site repeats: ON
  logLH epsilon: general: 10.000000, brlen-triplet: 1000.000000
  fast spr radius: AUTO
  spr subtree cutoff: 1.000000
  fast CLV updates: ON
  branch lengths: proportional (ML estimate, algorithm: NR-SAFE)
  SIMD kernels: AVX2
  parallelization: coarse-grained (auto), PTHREADS (auto)

WARNING: Running in REDO mode: existing checkpoints are ignored, and all result files will be overwritten!

[00:00:00] Reading alignment from file: /data/jeremias/eucs/roadies/output/genes/gene_220_filtered.fa.aln
[00:00:00] Loaded alignment with 31 taxa and 595 sites

WARNING: Sequences E_polyanthemos_0 and E_dawsonii_0 are exactly identical!
WARNING: Duplicate sequences found: 1

NOTE: Reduced alignment (with duplicates and gap-only sites/taxa removed) 
NOTE: was saved to: /data/jeremias/eucs/roadies/output/genes/gene_220_filtered.fa.aln.raxml.reduced.phy

Alignment comprises 1 partitions and 179 patterns

Partition 0: noname
Model: GTR+FC+G4m
Alignment sites / patterns: 595 / 179
Gaps: 17.17 %
Invariant sites: 74.45 %


NOTE: Binary MSA file created: /data/jeremias/eucs/roadies/output/genes/gene_220_filtered.fa.aln.raxml.rba

Parallelization scheme autoconfig: 4 worker(s) x 1 thread(s)

[00:00:00] Generating 10 random starting tree(s) with 31 taxa
[00:00:00] Generating 10 parsimony starting tree(s) with 31 taxa
Parallel parsimony with 4 threads
Parallel reduction/worker buffer size: 1 KB  / 0 KB

[00:00:00] Data distribution: max. partitions/sites/weight per thread: 1 / 179 / 2864
[00:00:00] Data distribution: max. searches per worker: 5

Starting ML tree search with 20 distinct starting trees

[00:00:00 -3346.081271] Initial branch length optimization
[00:00:00 -2638.513229] Model parameter optimization (eps = 10.000000)
[00:00:00 -2483.580827] AUTODETECT spr round 1 (radius: 5)
[00:00:00 -2220.091025] AUTODETECT spr round 2 (radius: 10)
[00:00:00 -2201.769532] AUTODETECT spr round 3 (radius: 15)
[00:00:00 -2201.648819] AUTODETECT spr round 4 (radius: 20)
[00:00:00 -2201.646787] SPR radius for FAST iterations: 15 (autodetect)
[00:00:00 -2201.646787] Model parameter optimization (eps = 3.000000)
[00:00:00 -2195.525756] FAST spr round 1 (radius: 15)
[00:00:00 -2164.785157] FAST spr round 2 (radius: 15)
[00:00:00 -2161.598344] Model parameter optimization (eps = 1.000000)
[00:00:00 -2161.197351] SLOW spr round 1 (radius: 5)
[00:00:00 -2161.132069] SLOW spr round 2 (radius: 10)
[00:00:00] [worker #3] ML tree search #4, logLikelihood: -2159.256020
[00:00:00] [worker #2] ML tree search #3, logLikelihood: -2160.793375
[00:00:00 -2161.132069] SLOW spr round 3 (radius: 15)
[00:00:00 -2161.132069] SLOW spr round 4 (radius: 20)
[00:00:00 -2161.132069] SLOW spr round 5 (radius: 25)
[00:00:00 -2161.132069] Model parameter optimization (eps = 0.100000)

[00:00:00] [worker #0] ML tree search #1, logLikelihood: -2161.067077

[00:00:00] [worker #1] ML tree search #2, logLikelihood: -2157.995012
[00:00:00 -3354.752031] Initial branch length optimization
[00:00:00 -2653.778708] Model parameter optimization (eps = 10.000000)
[00:00:01 -2492.203063] AUTODETECT spr round 1 (radius: 5)
[00:00:01 -2377.680532] AUTODETECT spr round 2 (radius: 10)
[00:00:01 -2259.795709] AUTODETECT spr round 3 (radius: 15)
[00:00:01 -2259.759810] SPR radius for FAST iterations: 10 (autodetect)
[00:00:01 -2259.759810] Model parameter optimization (eps = 3.000000)
[00:00:01 -2255.221174] FAST spr round 1 (radius: 10)
[00:00:01 -2163.346984] FAST spr round 2 (radius: 10)
[00:00:01 -2161.948604] Model parameter optimization (eps = 1.000000)
[00:00:01 -2160.495727] SLOW spr round 1 (radius: 5)
[00:00:01] [worker #3] ML tree search #8, logLikelihood: -2160.338807
[00:00:01] [worker #2] ML tree search #7, logLikelihood: -2159.256030
[00:00:01 -2159.800176] SLOW spr round 2 (radius: 10)
[00:00:01] [worker #1] ML tree search #6, logLikelihood: -2159.175699
[00:00:01 -2159.800174] SLOW spr round 3 (radius: 15)
[00:00:01 -2159.800174] SLOW spr round 4 (radius: 20)
[00:00:01 -2159.800174] SLOW spr round 5 (radius: 25)
[00:00:01 -2159.800174] Model parameter optimization (eps = 0.100000)

[00:00:01] [worker #0] ML tree search #5, logLikelihood: -2159.747879

[00:00:01 -3363.462538] Initial branch length optimization
[00:00:01 -2646.817079] Model parameter optimization (eps = 10.000000)
[00:00:01 -2487.415773] AUTODETECT spr round 1 (radius: 5)
[00:00:01 -2282.863591] AUTODETECT spr round 2 (radius: 10)
[00:00:01] [worker #3] ML tree search #12, logLikelihood: -2157.994914
[00:00:01 -2256.510606] AUTODETECT spr round 3 (radius: 15)
[00:00:01 -2256.284900] AUTODETECT spr round 4 (radius: 20)
[00:00:01 -2256.184627] AUTODETECT spr round 5 (radius: 25)
[00:00:01 -2256.159231] SPR radius for FAST iterations: 20 (autodetect)
[00:00:01 -2256.159231] Model parameter optimization (eps = 3.000000)
[00:00:01 -2252.621032] FAST spr round 1 (radius: 20)
[00:00:01] [worker #2] ML tree search #11, logLikelihood: -2161.955459
[00:00:02 -2164.163695] FAST spr round 2 (radius: 20)
[00:00:02 -2161.696278] Model parameter optimization (eps = 1.000000)
[00:00:02 -2159.686254] SLOW spr round 1 (radius: 5)
[00:00:02] [worker #1] ML tree search #10, logLikelihood: -2159.685912
[00:00:02 -2159.685932] SLOW spr round 2 (radius: 10)
[00:00:02] [worker #3] ML tree search #16, logLikelihood: -2161.532427
[00:00:02 -2159.685932] SLOW spr round 3 (radius: 15)
[00:00:02] [worker #2] ML tree search #15, logLikelihood: -2160.442674
[00:00:02 -2159.685932] SLOW spr round 4 (radius: 20)
[00:00:02 -2159.685932] SLOW spr round 5 (radius: 25)
[00:00:02 -2159.685932] Model parameter optimization (eps = 0.100000)

[00:00:02] [worker #0] ML tree search #9, logLikelihood: -2159.685930

[00:00:02 -2924.362990] Initial branch length optimization
[00:00:02 -2228.676915] Model parameter optimization (eps = 10.000000)
[00:00:02 -2161.706079] AUTODETECT spr round 1 (radius: 5)
[00:00:02 -2161.705308] SPR radius for FAST iterations: 5 (autodetect)
[00:00:02 -2161.705308] Model parameter optimization (eps = 3.000000)
[00:00:02] [worker #1] ML tree search #14, logLikelihood: -2159.994541
[00:00:02 -2161.705040] FAST spr round 1 (radius: 5)
[00:00:02 -2161.109047] Model parameter optimization (eps = 1.000000)
[00:00:02 -2161.094372] SLOW spr round 1 (radius: 5)
[00:00:02 -2160.645506] SLOW spr round 2 (radius: 10)
[00:00:02] [worker #3] ML tree search #20, logLikelihood: -2157.994917
[00:00:03 -2160.091481] SLOW spr round 3 (radius: 15)
[00:00:03] [worker #2] ML tree search #19, logLikelihood: -2159.994498
[00:00:03 -2160.091476] SLOW spr round 4 (radius: 20)
[00:00:03 -2160.091476] SLOW spr round 5 (radius: 25)
[00:00:03 -2160.091476] Model parameter optimization (eps = 0.100000)

[00:00:03] [worker #0] ML tree search #13, logLikelihood: -2159.994776

[00:00:03 -2936.130037] Initial branch length optimization
[00:00:03 -2245.259405] Model parameter optimization (eps = 10.000000)
[00:00:03] [worker #1] ML tree search #18, logLikelihood: -2160.356431
[00:00:03 -2174.506749] AUTODETECT spr round 1 (radius: 5)
[00:00:03 -2162.908039] AUTODETECT spr round 2 (radius: 10)
[00:00:03 -2162.452621] AUTODETECT spr round 3 (radius: 15)
[00:00:03 -2162.419300] SPR radius for FAST iterations: 10 (autodetect)
[00:00:03 -2162.419300] Model parameter optimization (eps = 3.000000)
[00:00:03 -2162.404677] FAST spr round 1 (radius: 10)
[00:00:03 -2162.404194] Model parameter optimization (eps = 1.000000)
[00:00:03 -2162.403983] SLOW spr round 1 (radius: 5)
[00:00:03 -2161.956448] SLOW spr round 2 (radius: 10)
[00:00:03 -2161.956077] SLOW spr round 3 (radius: 15)
[00:00:03 -2161.955675] SLOW spr round 4 (radius: 20)
[00:00:03 -2161.955562] SLOW spr round 5 (radius: 25)
[00:00:03 -2161.955562] Model parameter optimization (eps = 0.100000)

[00:00:03] [worker #0] ML tree search #17, logLikelihood: -2161.955557


Optimized model parameters:

   Partition 0: noname
   Rate heterogeneity: GAMMA (4 cats, mean),  alpha: 0.587580 (ML),  weights&rates: (0.250000,0.050557) (0.250000,0.305297) (0.250000,0.874848) (0.250000,2.769298) 
   Base frequencies (empirical): 0.295458 0.193415 0.194332 0.316795 
   Substitution rates (ML): 1.126897 3.848787 0.657128 0.613585 4.791248 1.000000 


Final LogLikelihood: -2157.994914

AIC score: 4451.989827 / AICc score: 4469.830131 / BIC score: 4750.412003
Free parameters (model + branch lengths): 68

WARNING: Best ML tree contains 9 near-zero branches!

Best ML tree with collapsed near-zero branches saved to: /data/jeremias/eucs/roadies/output/genes/gene_220_filtered.fa.aln.raxml.bestTreeCollapsed
Best ML tree saved to: /data/jeremias/eucs/roadies/output/genes/gene_220_filtered.fa.aln.raxml.bestTree
All ML trees saved to: /data/jeremias/eucs/roadies/output/genes/gene_220_filtered.fa.aln.raxml.mlTrees
Optimized model saved to: /data/jeremias/eucs/roadies/output/genes/gene_220_filtered.fa.aln.raxml.bestModel

Execution log saved to: /data/jeremias/eucs/roadies/output/genes/gene_220_filtered.fa.aln.raxml.log

Analysis started: 29-Jul-2024 15:33:14 / finished: 29-Jul-2024 15:33:17

Elapsed time: 3.869 seconds

