
RAxML-NG v. 1.2.2 released on 11.04.2024 by The Exelixis Lab.
Developed by: Alexey M. Kozlov and Alexandros Stamatakis.
Contributors: Diego Darriba, Tomas Flouri, Benoit Morel, Sarah Lutteropp, Ben Bettisworth, Julia Haag, Anastasis Togkousidis.
Latest version: https://github.com/amkozlov/raxml-ng
Questions/problems/suggestions? Please visit: https://groups.google.com/forum/#!forum/raxml

System: AMD EPYC 7742 64-Core Processor, 128 cores, 1007 GB RAM

RAxML-NG was called at 29-Jul-2024 15:23:52 as follows:

raxml-ng --msa /data/jeremias/eucs/roadies/output/genes/gene_49_filtered.fa.aln --model GTR+G+F --redo --threads auto{4} --blopt nr_safe

Analysis options:
  run mode: ML tree search
  start tree(s): random (10) + parsimony (10)
  random seed: 1722230632
  tip-inner: OFF
  pattern compression: ON
  per-rate scalers: OFF
  site repeats: ON
  logLH epsilon: general: 10.000000, brlen-triplet: 1000.000000
  fast spr radius: AUTO
  spr subtree cutoff: 1.000000
  fast CLV updates: ON
  branch lengths: proportional (ML estimate, algorithm: NR-SAFE)
  SIMD kernels: AVX2
  parallelization: coarse-grained (auto), PTHREADS (auto)

WARNING: Running in REDO mode: existing checkpoints are ignored, and all result files will be overwritten!

[00:00:00] Reading alignment from file: /data/jeremias/eucs/roadies/output/genes/gene_49_filtered.fa.aln
[00:00:00] Loaded alignment with 57 taxa and 526 sites

WARNING: Sequences E_polyanthemos_0 and E_dawsonii_0 are exactly identical!
WARNING: Sequences E_regnans_0 and E_ANBG9806169_0 are exactly identical!
WARNING: Duplicate sequences found: 2

NOTE: Reduced alignment (with duplicates and gap-only sites/taxa removed) 
NOTE: was saved to: /data/jeremias/eucs/roadies/output/genes/gene_49_filtered.fa.aln.raxml.reduced.phy

Alignment comprises 1 partitions and 251 patterns

Partition 0: noname
Model: GTR+FC+G4m
Alignment sites / patterns: 526 / 251
Gaps: 4.28 %
Invariant sites: 57.60 %


NOTE: Binary MSA file created: /data/jeremias/eucs/roadies/output/genes/gene_49_filtered.fa.aln.raxml.rba

Parallelization scheme autoconfig: 4 worker(s) x 1 thread(s)

[00:00:00] Generating 10 random starting tree(s) with 57 taxa
[00:00:00] Generating 10 parsimony starting tree(s) with 57 taxa
Parallel parsimony with 4 threads
Parallel reduction/worker buffer size: 1 KB  / 0 KB

[00:00:00] Data distribution: max. partitions/sites/weight per thread: 1 / 251 / 4016
[00:00:00] Data distribution: max. searches per worker: 5

Starting ML tree search with 20 distinct starting trees

[00:00:00 -5787.488470] Initial branch length optimization
[00:00:00 -4939.145767] Model parameter optimization (eps = 10.000000)
[00:00:00 -4457.447188] AUTODETECT spr round 1 (radius: 5)
[00:00:00 -3479.933423] AUTODETECT spr round 2 (radius: 10)
[00:00:00 -3179.308669] AUTODETECT spr round 3 (radius: 15)
[00:00:00 -3133.789163] AUTODETECT spr round 4 (radius: 20)
[00:00:00 -3133.709493] SPR radius for FAST iterations: 15 (autodetect)
[00:00:00 -3133.709493] Model parameter optimization (eps = 3.000000)
[00:00:00 -3088.379816] FAST spr round 1 (radius: 15)
[00:00:00 -3023.524829] FAST spr round 2 (radius: 15)
[00:00:00 -3023.114209] Model parameter optimization (eps = 1.000000)
[00:00:01 -3022.280083] SLOW spr round 1 (radius: 5)
[00:00:01 -3020.950564] SLOW spr round 2 (radius: 10)
[00:00:01 -3014.768604] SLOW spr round 3 (radius: 15)
[00:00:01 -3014.767930] SLOW spr round 4 (radius: 20)
[00:00:02 -3014.767930] SLOW spr round 5 (radius: 25)
[00:00:02 -3014.767930] Model parameter optimization (eps = 0.100000)
[00:00:02] [worker #2] ML tree search #3, logLikelihood: -2993.268211

[00:00:02] [worker #0] ML tree search #1, logLikelihood: -3014.703574

[00:00:02 -5729.605743] Initial branch length optimization
[00:00:02 -4864.253302] Model parameter optimization (eps = 10.000000)
[00:00:02] [worker #3] ML tree search #4, logLikelihood: -3016.265374
[00:00:02 -4408.415700] AUTODETECT spr round 1 (radius: 5)
[00:00:02] [worker #1] ML tree search #2, logLikelihood: -2995.065019
[00:00:02 -3385.408511] AUTODETECT spr round 2 (radius: 10)
[00:00:02 -3200.683515] AUTODETECT spr round 3 (radius: 15)
[00:00:02 -3199.903132] AUTODETECT spr round 4 (radius: 20)
[00:00:02 -3199.812754] SPR radius for FAST iterations: 15 (autodetect)
[00:00:02 -3199.812754] Model parameter optimization (eps = 3.000000)
[00:00:02 -3157.575284] FAST spr round 1 (radius: 15)
[00:00:02 -3025.551693] FAST spr round 2 (radius: 15)
[00:00:03 -3011.766051] FAST spr round 3 (radius: 15)
[00:00:03 -3011.765758] Model parameter optimization (eps = 1.000000)
[00:00:03 -3010.197177] SLOW spr round 1 (radius: 5)
[00:00:03 -3007.645875] SLOW spr round 2 (radius: 10)
[00:00:03 -2998.645560] SLOW spr round 3 (radius: 15)
[00:00:04 -2998.645497] SLOW spr round 4 (radius: 20)
[00:00:04] [worker #2] ML tree search #7, logLikelihood: -3003.012630
[00:00:04 -2998.645497] SLOW spr round 5 (radius: 25)
[00:00:04] [worker #3] ML tree search #8, logLikelihood: -3003.575819
[00:00:04 -2998.645497] Model parameter optimization (eps = 0.100000)

[00:00:04] [worker #0] ML tree search #5, logLikelihood: -2998.562023

[00:00:04 -5683.040786] Initial branch length optimization
[00:00:04 -4852.674999] Model parameter optimization (eps = 10.000000)
[00:00:04 -4386.346388] AUTODETECT spr round 1 (radius: 5)
[00:00:04 -3482.674306] AUTODETECT spr round 2 (radius: 10)
[00:00:04 -3182.474301] AUTODETECT spr round 3 (radius: 15)
[00:00:05 -3173.424007] AUTODETECT spr round 4 (radius: 20)
[00:00:05 -3172.848619] AUTODETECT spr round 5 (radius: 25)
[00:00:05 -3172.770936] SPR radius for FAST iterations: 20 (autodetect)
[00:00:05 -3172.770936] Model parameter optimization (eps = 3.000000)
[00:00:05 -3128.332391] FAST spr round 1 (radius: 20)
[00:00:05 -3016.337069] FAST spr round 2 (radius: 20)
[00:00:05 -2997.800193] FAST spr round 3 (radius: 20)
[00:00:05] [worker #1] ML tree search #6, logLikelihood: -3002.319852
[00:00:05 -2997.800155] Model parameter optimization (eps = 1.000000)
[00:00:05 -2995.284691] SLOW spr round 1 (radius: 5)
[00:00:05] [worker #2] ML tree search #11, logLikelihood: -2994.211169
[00:00:05 -2995.284579] SLOW spr round 2 (radius: 10)
[00:00:05] [worker #3] ML tree search #12, logLikelihood: -3002.319987
[00:00:06 -2995.284579] SLOW spr round 3 (radius: 15)
[00:00:07 -2995.284579] SLOW spr round 4 (radius: 20)
[00:00:07 -2995.284579] SLOW spr round 5 (radius: 25)
[00:00:07 -2995.284579] Model parameter optimization (eps = 0.100000)

[00:00:07] [worker #0] ML tree search #9, logLikelihood: -2995.284499

[00:00:07 -4061.391928] Initial branch length optimization
[00:00:07 -3095.476413] Model parameter optimization (eps = 10.000000)
[00:00:07 -3009.929213] AUTODETECT spr round 1 (radius: 5)
[00:00:08 -3005.973535] AUTODETECT spr round 2 (radius: 10)
[00:00:08 -3000.093426] AUTODETECT spr round 3 (radius: 15)
[00:00:08 -3000.091393] SPR radius for FAST iterations: 10 (autodetect)
[00:00:08 -3000.091393] Model parameter optimization (eps = 3.000000)
[00:00:08 -2999.987513] FAST spr round 1 (radius: 10)
[00:00:08 -2999.987510] Model parameter optimization (eps = 1.000000)
[00:00:08 -2999.986906] SLOW spr round 1 (radius: 5)
[00:00:08] [worker #2] ML tree search #15, logLikelihood: -3005.921510
[00:00:08] [worker #3] ML tree search #16, logLikelihood: -3008.666692
[00:00:08 -2999.986897] SLOW spr round 2 (radius: 10)
[00:00:08] [worker #1] ML tree search #10, logLikelihood: -2994.897631
[00:00:09 -2993.335757] SLOW spr round 3 (radius: 15)
[00:00:09 -2993.335724] SLOW spr round 4 (radius: 20)
[00:00:09 -2993.335724] SLOW spr round 5 (radius: 25)
[00:00:09 -2993.335724] Model parameter optimization (eps = 0.100000)

[00:00:09] [worker #0] ML tree search #13, logLikelihood: -2993.268521

[00:00:09 -4070.763443] Initial branch length optimization
[00:00:09 -3117.060863] Model parameter optimization (eps = 10.000000)
[00:00:09 -3025.824263] AUTODETECT spr round 1 (radius: 5)
[00:00:10 -3013.618675] AUTODETECT spr round 2 (radius: 10)
[00:00:10 -3003.449714] AUTODETECT spr round 3 (radius: 15)
[00:00:10] [worker #2] ML tree search #19, logLikelihood: -2996.204185
[00:00:10 -3003.382448] SPR radius for FAST iterations: 10 (autodetect)
[00:00:10] [worker #3] ML tree search #20, logLikelihood: -2993.268215
[00:00:10 -3003.382448] Model parameter optimization (eps = 3.000000)
[00:00:10 -3003.209054] FAST spr round 1 (radius: 10)
[00:00:10 -2992.989574] FAST spr round 2 (radius: 10)
[00:00:10 -2992.989305] Model parameter optimization (eps = 1.000000)
[00:00:10] [worker #1] ML tree search #14, logLikelihood: -2996.204435
[00:00:10 -2992.904764] SLOW spr round 1 (radius: 5)
[00:00:11 -2992.904764] SLOW spr round 2 (radius: 10)
[00:00:11 -2992.904764] SLOW spr round 3 (radius: 15)
[00:00:11 -2992.904764] SLOW spr round 4 (radius: 20)
[00:00:11 -2992.904764] SLOW spr round 5 (radius: 25)
[00:00:12 -2992.904764] Model parameter optimization (eps = 0.100000)

[00:00:12] [worker #0] ML tree search #17, logLikelihood: -2992.904617

[00:00:12] [worker #1] ML tree search #18, logLikelihood: -2994.051994

Optimized model parameters:

   Partition 0: noname
   Rate heterogeneity: GAMMA (4 cats, mean),  alpha: 0.974740 (ML),  weights&rates: (0.250000,0.131887) (0.250000,0.469025) (0.250000,0.995685) (0.250000,2.403403) 
   Base frequencies (empirical): 0.305596 0.269601 0.238309 0.186494 
   Substitution rates (ML): 0.759963 3.981131 0.983127 1.030694 3.704945 1.000000 


Final LogLikelihood: -2992.904617

AIC score: 6225.809234 / AICc score: 6297.512938 / BIC score: 6737.645380
Free parameters (model + branch lengths): 120

WARNING: Best ML tree contains 12 near-zero branches!

Best ML tree with collapsed near-zero branches saved to: /data/jeremias/eucs/roadies/output/genes/gene_49_filtered.fa.aln.raxml.bestTreeCollapsed
Best ML tree saved to: /data/jeremias/eucs/roadies/output/genes/gene_49_filtered.fa.aln.raxml.bestTree
All ML trees saved to: /data/jeremias/eucs/roadies/output/genes/gene_49_filtered.fa.aln.raxml.mlTrees
Optimized model saved to: /data/jeremias/eucs/roadies/output/genes/gene_49_filtered.fa.aln.raxml.bestModel

Execution log saved to: /data/jeremias/eucs/roadies/output/genes/gene_49_filtered.fa.aln.raxml.log

Analysis started: 29-Jul-2024 15:23:52 / finished: 29-Jul-2024 15:24:05

Elapsed time: 12.925 seconds

