
RAxML-NG v. 1.2.2 released on 11.04.2024 by The Exelixis Lab.
Developed by: Alexey M. Kozlov and Alexandros Stamatakis.
Contributors: Diego Darriba, Tomas Flouri, Benoit Morel, Sarah Lutteropp, Ben Bettisworth, Julia Haag, Anastasis Togkousidis.
Latest version: https://github.com/amkozlov/raxml-ng
Questions/problems/suggestions? Please visit: https://groups.google.com/forum/#!forum/raxml

System: AMD EPYC 7742 64-Core Processor, 128 cores, 1007 GB RAM

RAxML-NG was called at 03-Jul-2024 20:57:50 as follows:

raxml-ng --msa /data/jeremias/eucs/roadies/output/genes/gene_50_filtered.fa.aln --model GTR+G+F --redo --threads auto{4} --blopt nr_safe

Analysis options:
  run mode: ML tree search
  start tree(s): random (10) + parsimony (10)
  random seed: 1720004270
  tip-inner: OFF
  pattern compression: ON
  per-rate scalers: OFF
  site repeats: ON
  logLH epsilon: general: 10.000000, brlen-triplet: 1000.000000
  fast spr radius: AUTO
  spr subtree cutoff: 1.000000
  fast CLV updates: ON
  branch lengths: proportional (ML estimate, algorithm: NR-SAFE)
  SIMD kernels: AVX2
  parallelization: coarse-grained (auto), PTHREADS (auto)

WARNING: Running in REDO mode: existing checkpoints are ignored, and all result files will be overwritten!

[00:00:00] Reading alignment from file: /data/jeremias/eucs/roadies/output/genes/gene_50_filtered.fa.aln
[00:00:00] Loaded alignment with 35 taxa and 515 sites

Alignment comprises 1 partitions and 159 patterns

Partition 0: noname
Model: GTR+FC+G4m
Alignment sites / patterns: 515 / 159
Gaps: 2.85 %
Invariant sites: 71.46 %


NOTE: Binary MSA file created: /data/jeremias/eucs/roadies/output/genes/gene_50_filtered.fa.aln.raxml.rba

Parallelization scheme autoconfig: 4 worker(s) x 1 thread(s)

[00:00:00] Generating 10 random starting tree(s) with 35 taxa
[00:00:00] Generating 10 parsimony starting tree(s) with 35 taxa
Parallel parsimony with 4 threads
Parallel reduction/worker buffer size: 1 KB  / 0 KB

[00:00:00] Data distribution: max. partitions/sites/weight per thread: 1 / 159 / 2544
[00:00:00] Data distribution: max. searches per worker: 5

Starting ML tree search with 20 distinct starting trees

[00:00:00 -3473.561904] Initial branch length optimization
[00:00:00 -2691.918147] Model parameter optimization (eps = 10.000000)
[00:00:00 -2529.442991] AUTODETECT spr round 1 (radius: 5)
[00:00:00 -2050.961525] AUTODETECT spr round 2 (radius: 10)
[00:00:00 -2013.648945] AUTODETECT spr round 3 (radius: 15)
[00:00:00 -2013.619701] SPR radius for FAST iterations: 10 (autodetect)
[00:00:00 -2013.619701] Model parameter optimization (eps = 3.000000)
[00:00:00 -1999.638882] FAST spr round 1 (radius: 10)
[00:00:00 -1982.087165] FAST spr round 2 (radius: 10)
[00:00:00 -1981.757601] Model parameter optimization (eps = 1.000000)
[00:00:00 -1981.534451] SLOW spr round 1 (radius: 5)
[00:00:00 -1981.534066] SLOW spr round 2 (radius: 10)
[00:00:00 -1981.534066] SLOW spr round 3 (radius: 15)
[00:00:00 -1981.534066] SLOW spr round 4 (radius: 20)
[00:00:00 -1981.534066] SLOW spr round 5 (radius: 25)
[00:00:00 -1981.534066] Model parameter optimization (eps = 0.100000)

[00:00:00] [worker #0] ML tree search #1, logLikelihood: -1981.532234

[00:00:00 -3497.828025] Initial branch length optimization
[00:00:00 -2725.080216] Model parameter optimization (eps = 10.000000)
[00:00:00] [worker #2] ML tree search #3, logLikelihood: -1984.220523
[00:00:00 -2552.765232] AUTODETECT spr round 1 (radius: 5)
[00:00:00] [worker #1] ML tree search #2, logLikelihood: -1981.532338
[00:00:00 -2170.471261] AUTODETECT spr round 2 (radius: 10)
[00:00:00 -2042.504254] AUTODETECT spr round 3 (radius: 15)
[00:00:00 -2042.499818] SPR radius for FAST iterations: 10 (autodetect)
[00:00:00 -2042.499818] Model parameter optimization (eps = 3.000000)
[00:00:00 -2028.516567] FAST spr round 1 (radius: 10)
[00:00:00] [worker #3] ML tree search #4, logLikelihood: -1981.532227
[00:00:01 -1988.157411] FAST spr round 2 (radius: 10)
[00:00:01 -1985.492918] Model parameter optimization (eps = 1.000000)
[00:00:01 -1984.637879] SLOW spr round 1 (radius: 5)
[00:00:01 -1983.932327] SLOW spr round 2 (radius: 10)
[00:00:01 -1983.932322] SLOW spr round 3 (radius: 15)
[00:00:01 -1983.932322] SLOW spr round 4 (radius: 20)
[00:00:01 -1983.932322] SLOW spr round 5 (radius: 25)
[00:00:01] [worker #2] ML tree search #7, logLikelihood: -1981.532247
[00:00:01 -1983.932322] Model parameter optimization (eps = 0.100000)
[00:00:01] [worker #1] ML tree search #6, logLikelihood: -1981.532389

[00:00:01] [worker #0] ML tree search #5, logLikelihood: -1983.913817

[00:00:01 -3483.676141] Initial branch length optimization
[00:00:01 -2701.944319] Model parameter optimization (eps = 10.000000)
[00:00:01 -2542.152249] AUTODETECT spr round 1 (radius: 5)
[00:00:01 -2116.478108] AUTODETECT spr round 2 (radius: 10)
[00:00:01 -2016.104852] AUTODETECT spr round 3 (radius: 15)
[00:00:01 -2016.065700] SPR radius for FAST iterations: 10 (autodetect)
[00:00:01 -2016.065700] Model parameter optimization (eps = 3.000000)
[00:00:01 -2003.188817] FAST spr round 1 (radius: 10)
[00:00:01] [worker #3] ML tree search #8, logLikelihood: -1984.033435
[00:00:01 -1982.140255] FAST spr round 2 (radius: 10)
[00:00:01 -1981.804483] Model parameter optimization (eps = 1.000000)
[00:00:02 -1981.534832] SLOW spr round 1 (radius: 5)
[00:00:02] [worker #2] ML tree search #11, logLikelihood: -1981.532214
[00:00:02 -1981.534630] SLOW spr round 2 (radius: 10)
[00:00:02 -1981.534630] SLOW spr round 3 (radius: 15)
[00:00:02 -1981.534630] SLOW spr round 4 (radius: 20)
[00:00:02] [worker #1] ML tree search #10, logLikelihood: -1981.532222
[00:00:02 -1981.534630] SLOW spr round 5 (radius: 25)
[00:00:02 -1981.534630] Model parameter optimization (eps = 0.100000)

[00:00:02] [worker #0] ML tree search #9, logLikelihood: -1981.532235

[00:00:02] [worker #3] ML tree search #12, logLikelihood: -1981.532217
[00:00:02 -2828.014366] Initial branch length optimization
[00:00:02 -2040.675571] Model parameter optimization (eps = 10.000000)
[00:00:02 -1999.423931] AUTODETECT spr round 1 (radius: 5)
[00:00:02 -1984.517194] AUTODETECT spr round 2 (radius: 10)
[00:00:02 -1984.487240] SPR radius for FAST iterations: 5 (autodetect)
[00:00:02 -1984.487240] Model parameter optimization (eps = 3.000000)
[00:00:02 -1984.101599] FAST spr round 1 (radius: 5)
[00:00:02 -1981.577167] Model parameter optimization (eps = 1.000000)
[00:00:02 -1981.532271] SLOW spr round 1 (radius: 5)
[00:00:02] [worker #2] ML tree search #15, logLikelihood: -1981.532207
[00:00:02 -1981.532230] SLOW spr round 2 (radius: 10)
[00:00:03 -1981.532230] SLOW spr round 3 (radius: 15)
[00:00:03] [worker #1] ML tree search #14, logLikelihood: -1983.913678
[00:00:03 -1981.532230] SLOW spr round 4 (radius: 20)
[00:00:03] [worker #3] ML tree search #16, logLikelihood: -1981.532216
[00:00:03 -1981.532230] SLOW spr round 5 (radius: 25)
[00:00:03 -1981.532230] Model parameter optimization (eps = 0.100000)

[00:00:03] [worker #0] ML tree search #13, logLikelihood: -1981.532217

[00:00:03 -2824.631653] Initial branch length optimization
[00:00:03 -2035.732670] Model parameter optimization (eps = 10.000000)
[00:00:03 -1990.203787] AUTODETECT spr round 1 (radius: 5)
[00:00:03 -1981.642736] AUTODETECT spr round 2 (radius: 10)
[00:00:03 -1981.611498] SPR radius for FAST iterations: 5 (autodetect)
[00:00:03 -1981.611498] Model parameter optimization (eps = 3.000000)
[00:00:03 -1981.532455] FAST spr round 1 (radius: 5)
[00:00:03] [worker #2] ML tree search #19, logLikelihood: -1981.532227
[00:00:03 -1981.532393] Model parameter optimization (eps = 1.000000)
[00:00:03 -1981.532385] SLOW spr round 1 (radius: 5)
[00:00:03 -1981.532217] SLOW spr round 2 (radius: 10)
[00:00:03 -1981.532217] SLOW spr round 3 (radius: 15)
[00:00:03] [worker #1] ML tree search #18, logLikelihood: -1981.532321
[00:00:03] [worker #3] ML tree search #20, logLikelihood: -1981.532214
[00:00:03 -1981.532217] SLOW spr round 4 (radius: 20)
[00:00:03 -1981.532217] SLOW spr round 5 (radius: 25)
[00:00:03 -1981.532217] Model parameter optimization (eps = 0.100000)

[00:00:03] [worker #0] ML tree search #17, logLikelihood: -1981.532217


Optimized model parameters:

   Partition 0: noname
   Rate heterogeneity: GAMMA (4 cats, mean),  alpha: 0.839409 (ML),  weights&rates: (0.250000,0.103913) (0.250000,0.422529) (0.250000,0.967304) (0.250000,2.506254) 
   Base frequencies (empirical): 0.267131 0.245203 0.205745 0.281921 
   Substitution rates (ML): 0.929834 4.472580 0.859999 1.016319 3.246539 1.000000 


Final LogLikelihood: -1981.532207

AIC score: 4115.064413 / AICc score: 4141.785875 / BIC score: 4437.621098
Free parameters (model + branch lengths): 76

WARNING: Best ML tree contains 12 near-zero branches!

Best ML tree with collapsed near-zero branches saved to: /data/jeremias/eucs/roadies/output/genes/gene_50_filtered.fa.aln.raxml.bestTreeCollapsed
Best ML tree saved to: /data/jeremias/eucs/roadies/output/genes/gene_50_filtered.fa.aln.raxml.bestTree
All ML trees saved to: /data/jeremias/eucs/roadies/output/genes/gene_50_filtered.fa.aln.raxml.mlTrees
Optimized model saved to: /data/jeremias/eucs/roadies/output/genes/gene_50_filtered.fa.aln.raxml.bestModel

Execution log saved to: /data/jeremias/eucs/roadies/output/genes/gene_50_filtered.fa.aln.raxml.log

Analysis started: 03-Jul-2024 20:57:50 / finished: 03-Jul-2024 20:57:53

Elapsed time: 3.773 seconds

