
RAxML-NG v. 1.2.2 released on 11.04.2024 by The Exelixis Lab.
Developed by: Alexey M. Kozlov and Alexandros Stamatakis.
Contributors: Diego Darriba, Tomas Flouri, Benoit Morel, Sarah Lutteropp, Ben Bettisworth, Julia Haag, Anastasis Togkousidis.
Latest version: https://github.com/amkozlov/raxml-ng
Questions/problems/suggestions? Please visit: https://groups.google.com/forum/#!forum/raxml

System: AMD EPYC 7742 64-Core Processor, 128 cores, 1007 GB RAM

RAxML-NG was called at 29-Jul-2024 16:52:54 as follows:

raxml-ng --msa /data/jeremias/eucs/roadies/output/genes/gene_150_filtered.fa.aln --model GTR+G+F --redo --threads auto{4} --blopt nr_safe

Analysis options:
  run mode: ML tree search
  start tree(s): random (10) + parsimony (10)
  random seed: 1722235974
  tip-inner: OFF
  pattern compression: ON
  per-rate scalers: OFF
  site repeats: ON
  logLH epsilon: general: 10.000000, brlen-triplet: 1000.000000
  fast spr radius: AUTO
  spr subtree cutoff: 1.000000
  fast CLV updates: ON
  branch lengths: proportional (ML estimate, algorithm: NR-SAFE)
  SIMD kernels: AVX2
  parallelization: coarse-grained (auto), PTHREADS (auto)

WARNING: Running in REDO mode: existing checkpoints are ignored, and all result files will be overwritten!

[00:00:00] Reading alignment from file: /data/jeremias/eucs/roadies/output/genes/gene_150_filtered.fa.aln
[00:00:00] Loaded alignment with 35 taxa and 515 sites

WARNING: Sequences E_sid_E_mel_1 and E_sid_E_mel_0 are exactly identical!
WARNING: Duplicate sequences found: 1

NOTE: Reduced alignment (with duplicates and gap-only sites/taxa removed) 
NOTE: was saved to: /data/jeremias/eucs/roadies/output/genes/gene_150_filtered.fa.aln.raxml.reduced.phy

Alignment comprises 1 partitions and 84 patterns

Partition 0: noname
Model: GTR+FC+G4m
Alignment sites / patterns: 515 / 84
Gaps: 1.99 %
Invariant sites: 86.21 %


NOTE: Binary MSA file created: /data/jeremias/eucs/roadies/output/genes/gene_150_filtered.fa.aln.raxml.rba

Parallelization scheme autoconfig: 4 worker(s) x 1 thread(s)

[00:00:00] Generating 10 random starting tree(s) with 35 taxa
[00:00:00] Generating 10 parsimony starting tree(s) with 35 taxa
Parallel parsimony with 4 threads
Parallel reduction/worker buffer size: 1 KB  / 0 KB

[00:00:00] Data distribution: max. partitions/sites/weight per thread: 1 / 84 / 1344
[00:00:00] Data distribution: max. searches per worker: 5

Starting ML tree search with 20 distinct starting trees

[00:00:00 -2523.887782] Initial branch length optimization
[00:00:00 -1722.269070] Model parameter optimization (eps = 10.000000)
[00:00:00 -1583.057148] AUTODETECT spr round 1 (radius: 5)
[00:00:00 -1396.204800] AUTODETECT spr round 2 (radius: 10)
[00:00:00 -1367.824476] AUTODETECT spr round 3 (radius: 15)
[00:00:00 -1367.792080] SPR radius for FAST iterations: 10 (autodetect)
[00:00:00 -1367.792080] Model parameter optimization (eps = 3.000000)
[00:00:00 -1365.908394] FAST spr round 1 (radius: 10)
[00:00:00 -1350.675297] FAST spr round 2 (radius: 10)
[00:00:00 -1350.564758] Model parameter optimization (eps = 1.000000)
[00:00:00 -1350.255818] SLOW spr round 1 (radius: 5)
[00:00:00 -1349.218998] SLOW spr round 2 (radius: 10)
[00:00:00] [worker #1] ML tree search #2, logLikelihood: -1349.149309
[00:00:00 -1349.218998] SLOW spr round 3 (radius: 15)
[00:00:00 -1349.218998] SLOW spr round 4 (radius: 20)
[00:00:00 -1349.218998] SLOW spr round 5 (radius: 25)
[00:00:00 -1349.218998] Model parameter optimization (eps = 0.100000)

[00:00:00] [worker #0] ML tree search #1, logLikelihood: -1349.149532

[00:00:00 -2516.278161] Initial branch length optimization
[00:00:00 -1697.624746] Model parameter optimization (eps = 10.000000)
[00:00:00] [worker #3] ML tree search #4, logLikelihood: -1349.149374
[00:00:00 -1566.301058] AUTODETECT spr round 1 (radius: 5)
[00:00:00 -1408.531666] AUTODETECT spr round 2 (radius: 10)
[00:00:00] [worker #2] ML tree search #3, logLikelihood: -1349.149381
[00:00:00 -1371.166991] AUTODETECT spr round 3 (radius: 15)
[00:00:00 -1371.135723] SPR radius for FAST iterations: 10 (autodetect)
[00:00:00 -1371.135723] Model parameter optimization (eps = 3.000000)
[00:00:01 -1369.912499] FAST spr round 1 (radius: 10)
[00:00:01 -1350.124594] FAST spr round 2 (radius: 10)
[00:00:01 -1349.860189] Model parameter optimization (eps = 1.000000)
[00:00:01 -1349.359575] SLOW spr round 1 (radius: 5)
[00:00:01] [worker #1] ML tree search #6, logLikelihood: -1349.149280
[00:00:01 -1349.202933] SLOW spr round 2 (radius: 10)
[00:00:01 -1349.202932] SLOW spr round 3 (radius: 15)
[00:00:01 -1349.202932] SLOW spr round 4 (radius: 20)
[00:00:01] [worker #3] ML tree search #8, logLikelihood: -1349.149377
[00:00:01 -1349.202932] SLOW spr round 5 (radius: 25)
[00:00:01 -1349.202932] Model parameter optimization (eps = 0.100000)

[00:00:01] [worker #0] ML tree search #5, logLikelihood: -1349.149360

[00:00:01] [worker #2] ML tree search #7, logLikelihood: -1349.149602
[00:00:01 -2511.232240] Initial branch length optimization
[00:00:01 -1697.656737] Model parameter optimization (eps = 10.000000)
[00:00:01 -1564.229767] AUTODETECT spr round 1 (radius: 5)
[00:00:01 -1421.958991] AUTODETECT spr round 2 (radius: 10)
[00:00:01 -1370.653473] AUTODETECT spr round 3 (radius: 15)
[00:00:01 -1370.558383] SPR radius for FAST iterations: 10 (autodetect)
[00:00:01 -1370.558383] Model parameter optimization (eps = 3.000000)
[00:00:01 -1368.478348] FAST spr round 1 (radius: 10)
[00:00:01 -1348.875083] FAST spr round 2 (radius: 10)
[00:00:01 -1348.875077] Model parameter optimization (eps = 1.000000)
[00:00:01 -1348.555357] SLOW spr round 1 (radius: 5)
[00:00:01 -1348.555160] SLOW spr round 2 (radius: 10)
[00:00:02] [worker #1] ML tree search #10, logLikelihood: -1349.149304
[00:00:02 -1348.555160] SLOW spr round 3 (radius: 15)
[00:00:02 -1348.555160] SLOW spr round 4 (radius: 20)
[00:00:02] [worker #3] ML tree search #12, logLikelihood: -1349.149453
[00:00:02 -1348.555160] SLOW spr round 5 (radius: 25)
[00:00:02] [worker #2] ML tree search #11, logLikelihood: -1349.149467
[00:00:02 -1348.555160] Model parameter optimization (eps = 0.100000)

[00:00:02] [worker #0] ML tree search #9, logLikelihood: -1348.552750

[00:00:02 -2298.148653] Initial branch length optimization
[00:00:02 -1405.600678] Model parameter optimization (eps = 10.000000)
[00:00:02 -1350.622730] AUTODETECT spr round 1 (radius: 5)
[00:00:02 -1350.244991] AUTODETECT spr round 2 (radius: 10)
[00:00:02 -1349.387747] AUTODETECT spr round 3 (radius: 15)
[00:00:02 -1349.370559] SPR radius for FAST iterations: 10 (autodetect)
[00:00:02 -1349.370559] Model parameter optimization (eps = 3.000000)
[00:00:02 -1349.356181] FAST spr round 1 (radius: 10)
[00:00:02 -1349.356101] Model parameter optimization (eps = 1.000000)
[00:00:02 -1349.356012] SLOW spr round 1 (radius: 5)
[00:00:02 -1349.184382] SLOW spr round 2 (radius: 10)
[00:00:02] [worker #1] ML tree search #14, logLikelihood: -1348.552740
[00:00:02 -1349.184382] SLOW spr round 3 (radius: 15)
[00:00:02] [worker #2] ML tree search #15, logLikelihood: -1349.149310
[00:00:02 -1349.184382] SLOW spr round 4 (radius: 20)
[00:00:02 -1349.184382] SLOW spr round 5 (radius: 25)
[00:00:02] [worker #3] ML tree search #16, logLikelihood: -1349.149262
[00:00:02 -1349.184382] Model parameter optimization (eps = 0.100000)

[00:00:02] [worker #0] ML tree search #13, logLikelihood: -1349.149347

[00:00:02 -2302.169290] Initial branch length optimization
[00:00:03 -1414.469709] Model parameter optimization (eps = 10.000000)
[00:00:03 -1360.657946] AUTODETECT spr round 1 (radius: 5)
[00:00:03 -1349.824146] AUTODETECT spr round 2 (radius: 10)
[00:00:03 -1349.721034] AUTODETECT spr round 3 (radius: 15)
[00:00:03 -1349.703609] SPR radius for FAST iterations: 10 (autodetect)
[00:00:03 -1349.703609] Model parameter optimization (eps = 3.000000)
[00:00:03 -1349.590026] FAST spr round 1 (radius: 10)
[00:00:03 -1349.360692] Model parameter optimization (eps = 1.000000)
[00:00:03 -1349.356071] SLOW spr round 1 (radius: 5)
[00:00:03] [worker #2] ML tree search #19, logLikelihood: -1349.149264
[00:00:03 -1349.186288] SLOW spr round 2 (radius: 10)
[00:00:03] [worker #1] ML tree search #18, logLikelihood: -1349.149448
[00:00:03] [worker #3] ML tree search #20, logLikelihood: -1348.552784
[00:00:03 -1349.186288] SLOW spr round 3 (radius: 15)
[00:00:03 -1349.186288] SLOW spr round 4 (radius: 20)
[00:00:03 -1349.186288] SLOW spr round 5 (radius: 25)
[00:00:03 -1349.186288] Model parameter optimization (eps = 0.100000)

[00:00:03] [worker #0] ML tree search #17, logLikelihood: -1349.149388


Optimized model parameters:

   Partition 0: noname
   Rate heterogeneity: GAMMA (4 cats, mean),  alpha: 0.198031 (ML),  weights&rates: (0.250000,0.000496) (0.250000,0.032647) (0.250000,0.378498) (0.250000,3.588359) 
   Base frequencies (empirical): 0.267010 0.185611 0.204970 0.342409 
   Substitution rates (ML): 0.677052 6.170854 0.413710 1.157497 6.113084 1.000000 


Final LogLikelihood: -1348.552740

AIC score: 2849.105480 / AICc score: 2875.826942 / BIC score: 3171.662165
Free parameters (model + branch lengths): 76

WARNING: Best ML tree contains 12 near-zero branches!

Best ML tree with collapsed near-zero branches saved to: /data/jeremias/eucs/roadies/output/genes/gene_150_filtered.fa.aln.raxml.bestTreeCollapsed
Best ML tree saved to: /data/jeremias/eucs/roadies/output/genes/gene_150_filtered.fa.aln.raxml.bestTree
All ML trees saved to: /data/jeremias/eucs/roadies/output/genes/gene_150_filtered.fa.aln.raxml.mlTrees
Optimized model saved to: /data/jeremias/eucs/roadies/output/genes/gene_150_filtered.fa.aln.raxml.bestModel

Execution log saved to: /data/jeremias/eucs/roadies/output/genes/gene_150_filtered.fa.aln.raxml.log

Analysis started: 29-Jul-2024 16:52:54 / finished: 29-Jul-2024 16:52:57

Elapsed time: 3.586 seconds

