
RAxML-NG v. 1.2.2 released on 11.04.2024 by The Exelixis Lab.
Developed by: Alexey M. Kozlov and Alexandros Stamatakis.
Contributors: Diego Darriba, Tomas Flouri, Benoit Morel, Sarah Lutteropp, Ben Bettisworth, Julia Haag, Anastasis Togkousidis.
Latest version: https://github.com/amkozlov/raxml-ng
Questions/problems/suggestions? Please visit: https://groups.google.com/forum/#!forum/raxml

System: AMD EPYC 7742 64-Core Processor, 128 cores, 1007 GB RAM

RAxML-NG was called at 29-Jul-2024 17:11:55 as follows:

raxml-ng --msa /data/jeremias/eucs/roadies/output/genes/gene_230_filtered.fa.aln --model GTR+G+F --redo --threads auto{4} --blopt nr_safe

Analysis options:
  run mode: ML tree search
  start tree(s): random (10) + parsimony (10)
  random seed: 1722237115
  tip-inner: OFF
  pattern compression: ON
  per-rate scalers: OFF
  site repeats: ON
  logLH epsilon: general: 10.000000, brlen-triplet: 1000.000000
  fast spr radius: AUTO
  spr subtree cutoff: 1.000000
  fast CLV updates: ON
  branch lengths: proportional (ML estimate, algorithm: NR-SAFE)
  SIMD kernels: AVX2
  parallelization: coarse-grained (auto), PTHREADS (auto)

WARNING: Running in REDO mode: existing checkpoints are ignored, and all result files will be overwritten!

[00:00:00] Reading alignment from file: /data/jeremias/eucs/roadies/output/genes/gene_230_filtered.fa.aln
[00:00:00] Loaded alignment with 228 taxa and 567 sites

WARNING: Sequences E_melliodora_2 and E_paniculata_2 are exactly identical!
WARNING: Duplicate sequences found: 1

NOTE: Reduced alignment (with duplicates and gap-only sites/taxa removed) 
NOTE: was saved to: /data/jeremias/eucs/roadies/output/genes/gene_230_filtered.fa.aln.raxml.reduced.phy

Alignment comprises 1 partitions and 562 patterns

Partition 0: noname
Model: GTR+FC+G4m
Alignment sites / patterns: 567 / 562
Gaps: 8.25 %
Invariant sites: 8.64 %


NOTE: Binary MSA file created: /data/jeremias/eucs/roadies/output/genes/gene_230_filtered.fa.aln.raxml.rba

Parallelization scheme autoconfig: 4 worker(s) x 1 thread(s)

[00:00:00] Generating 10 random starting tree(s) with 228 taxa
[00:00:00] Generating 10 parsimony starting tree(s) with 228 taxa
Parallel parsimony with 4 threads
Parallel reduction/worker buffer size: 1 KB  / 0 KB

[00:00:00] Data distribution: max. partitions/sites/weight per thread: 1 / 562 / 8992
[00:00:00] Data distribution: max. searches per worker: 5

Starting ML tree search with 20 distinct starting trees

[00:00:00 -49027.660729] Initial branch length optimization
[00:00:00 -41100.570983] Model parameter optimization (eps = 10.000000)
[00:00:00 -38650.488173] AUTODETECT spr round 1 (radius: 5)
[00:00:02 -28072.699135] AUTODETECT spr round 2 (radius: 10)
[00:00:04 -18299.925201] AUTODETECT spr round 3 (radius: 15)
[00:00:07 -16917.143952] AUTODETECT spr round 4 (radius: 20)
[00:00:10 -16913.554058] AUTODETECT spr round 5 (radius: 25)
[00:00:14 -16912.484784] SPR radius for FAST iterations: 25 (autodetect)
[00:00:14 -16912.484784] Model parameter optimization (eps = 3.000000)
[00:00:14 -16837.950691] FAST spr round 1 (radius: 25)
[00:00:16 -15290.774959] FAST spr round 2 (radius: 25)
[00:00:17 -15236.385007] FAST spr round 3 (radius: 25)
[00:00:18 -15236.229177] Model parameter optimization (eps = 1.000000)
[00:00:19 -15234.190705] SLOW spr round 1 (radius: 5)
[00:00:22 -15226.793550] SLOW spr round 2 (radius: 10)
[00:00:25 -15225.377595] SLOW spr round 3 (radius: 15)
[00:00:31 -15225.377375] SLOW spr round 4 (radius: 20)
[00:00:39 -15225.377367] SLOW spr round 5 (radius: 25)
[00:00:45] [worker #1] ML tree search #2, logLikelihood: -15225.419455
[00:00:45] [worker #3] ML tree search #4, logLikelihood: -15225.327197
[00:00:46 -15225.377367] Model parameter optimization (eps = 0.100000)

[00:00:46] [worker #0] ML tree search #1, logLikelihood: -15225.343632

[00:00:46 -48406.603285] Initial branch length optimization
[00:00:46 -40400.098518] Model parameter optimization (eps = 10.000000)
[00:00:47 -37997.755357] AUTODETECT spr round 1 (radius: 5)
[00:00:47] [worker #2] ML tree search #3, logLikelihood: -15224.763771
[00:00:48 -27961.813077] AUTODETECT spr round 2 (radius: 10)
[00:00:50 -19971.586658] AUTODETECT spr round 3 (radius: 15)
[00:00:52 -17092.761158] AUTODETECT spr round 4 (radius: 20)
[00:00:56 -17088.287809] AUTODETECT spr round 5 (radius: 25)
[00:00:59 -17086.080976] SPR radius for FAST iterations: 25 (autodetect)
[00:00:59 -17086.080976] Model parameter optimization (eps = 3.000000)
[00:00:59 -17014.120217] FAST spr round 1 (radius: 25)
[00:01:01 -15284.650421] FAST spr round 2 (radius: 25)
[00:01:02 -15246.707341] FAST spr round 3 (radius: 25)
[00:01:03 -15231.794913] FAST spr round 4 (radius: 25)
[00:01:04 -15231.794283] Model parameter optimization (eps = 1.000000)
[00:01:04 -15228.140123] SLOW spr round 1 (radius: 5)
[00:01:08 -15227.033062] SLOW spr round 2 (radius: 10)
[00:01:11 -15227.029182] SLOW spr round 3 (radius: 15)
[00:01:17 -15227.029095] SLOW spr round 4 (radius: 20)
[00:01:24 -15227.029092] SLOW spr round 5 (radius: 25)
[00:01:30] [worker #1] ML tree search #6, logLikelihood: -15225.431015
[00:01:30] [worker #3] ML tree search #8, logLikelihood: -15230.579201
[00:01:31 -15227.029092] Model parameter optimization (eps = 0.100000)

[00:01:31] [worker #0] ML tree search #5, logLikelihood: -15227.013107

[00:01:31 -48559.463736] Initial branch length optimization
[00:01:32 -40938.864057] Model parameter optimization (eps = 10.000000)
[00:01:32 -38516.336325] AUTODETECT spr round 1 (radius: 5)
[00:01:33 -27522.944641] AUTODETECT spr round 2 (radius: 10)
[00:01:36 -18085.935588] AUTODETECT spr round 3 (radius: 15)
[00:01:36] [worker #2] ML tree search #7, logLikelihood: -15232.702863
[00:01:39 -16776.445789] AUTODETECT spr round 4 (radius: 20)
[00:01:43 -16772.266102] AUTODETECT spr round 5 (radius: 25)
[00:01:46 -16770.119552] SPR radius for FAST iterations: 25 (autodetect)
[00:01:46 -16770.119552] Model parameter optimization (eps = 3.000000)
[00:01:46 -16696.350797] FAST spr round 1 (radius: 25)
[00:01:48 -15296.137800] FAST spr round 2 (radius: 25)
[00:01:50 -15238.078787] FAST spr round 3 (radius: 25)
[00:01:51 -15230.670345] Model parameter optimization (eps = 1.000000)
[00:01:51 -15228.032334] SLOW spr round 1 (radius: 5)
[00:01:55 -15225.322107] SLOW spr round 2 (radius: 10)
[00:01:58 -15225.321604] SLOW spr round 3 (radius: 15)
[00:02:04] [worker #3] ML tree search #12, logLikelihood: -15227.279877
[00:02:06 -15225.321571] SLOW spr round 4 (radius: 20)
[00:02:13 -15225.321569] SLOW spr round 5 (radius: 25)
[00:02:14] [worker #2] ML tree search #11, logLikelihood: -15226.349892
[00:02:20] [worker #1] ML tree search #10, logLikelihood: -15224.763746
[00:02:20 -15225.321568] Model parameter optimization (eps = 0.100000)

[00:02:21] [worker #0] ML tree search #9, logLikelihood: -15225.309874

[00:02:21 -18543.695262] Initial branch length optimization
[00:02:21 -16071.149635] Model parameter optimization (eps = 10.000000)
[00:02:21 -15302.542791] AUTODETECT spr round 1 (radius: 5)
[00:02:22 -15232.196974] AUTODETECT spr round 2 (radius: 10)
[00:02:24 -15232.170436] SPR radius for FAST iterations: 5 (autodetect)
[00:02:24 -15232.170436] Model parameter optimization (eps = 3.000000)
[00:02:24 -15231.870444] FAST spr round 1 (radius: 5)
[00:02:26 -15229.088573] Model parameter optimization (eps = 1.000000)
[00:02:26 -15229.085579] SLOW spr round 1 (radius: 5)
[00:02:29 -15224.668110] SLOW spr round 2 (radius: 10)
[00:02:32 -15224.668109] SLOW spr round 3 (radius: 15)
[00:02:37] [worker #3] ML tree search #16, logLikelihood: -15224.498395
[00:02:38 -15224.668109] SLOW spr round 4 (radius: 20)
[00:02:45 -15224.668109] SLOW spr round 5 (radius: 25)
[00:02:52] [worker #2] ML tree search #15, logLikelihood: -15225.448305
[00:02:53 -15224.668109] Model parameter optimization (eps = 0.100000)

[00:02:53] [worker #0] ML tree search #13, logLikelihood: -15224.658171

[00:02:53 -18551.685175] Initial branch length optimization
[00:02:53 -16078.581428] Model parameter optimization (eps = 10.000000)
[00:02:54 -15302.392291] AUTODETECT spr round 1 (radius: 5)
[00:02:54 -15245.667165] AUTODETECT spr round 2 (radius: 10)
[00:02:55] [worker #1] ML tree search #14, logLikelihood: -15224.943622
[00:02:56 -15242.768553] AUTODETECT spr round 3 (radius: 15)
[00:03:00 -15242.459107] AUTODETECT spr round 4 (radius: 20)
[00:03:04 -15242.399274] SPR radius for FAST iterations: 15 (autodetect)
[00:03:04 -15242.399274] Model parameter optimization (eps = 3.000000)
[00:03:04 -15242.152791] FAST spr round 1 (radius: 15)
[00:03:05 -15229.254179] FAST spr round 2 (radius: 15)
[00:03:06 -15229.253745] Model parameter optimization (eps = 1.000000)
[00:03:06 -15229.251711] SLOW spr round 1 (radius: 5)
[00:03:10 -15224.511804] SLOW spr round 2 (radius: 10)
[00:03:12 -15224.511590] SLOW spr round 3 (radius: 15)
[00:03:16] [worker #3] ML tree search #20, logLikelihood: -15226.496111
[00:03:18 -15224.511585] SLOW spr round 4 (radius: 20)
[00:03:26 -15224.511585] SLOW spr round 5 (radius: 25)
[00:03:28] [worker #1] ML tree search #18, logLikelihood: -15224.605886
[00:03:31] [worker #2] ML tree search #19, logLikelihood: -15226.965851
[00:03:33 -15224.511585] Model parameter optimization (eps = 0.100000)

[00:03:33] [worker #0] ML tree search #17, logLikelihood: -15224.498240


Optimized model parameters:

   Partition 0: noname
   Rate heterogeneity: GAMMA (4 cats, mean),  alpha: 1.773823 (ML),  weights&rates: (0.250000,0.264695) (0.250000,0.628584) (0.250000,1.063143) (0.250000,2.043577) 
   Base frequencies (empirical): 0.314372 0.187677 0.178352 0.319599 
   Substitution rates (ML): 1.116900 5.240398 0.875350 1.020959 4.624308 1.000000 


Final LogLikelihood: -15224.498240

AIC score: 31372.996480 / AICc score: 35486.573403 / BIC score: 33378.242479
Free parameters (model + branch lengths): 462

WARNING: Best ML tree contains 55 near-zero branches!

Best ML tree with collapsed near-zero branches saved to: /data/jeremias/eucs/roadies/output/genes/gene_230_filtered.fa.aln.raxml.bestTreeCollapsed
Best ML tree saved to: /data/jeremias/eucs/roadies/output/genes/gene_230_filtered.fa.aln.raxml.bestTree
All ML trees saved to: /data/jeremias/eucs/roadies/output/genes/gene_230_filtered.fa.aln.raxml.mlTrees
Optimized model saved to: /data/jeremias/eucs/roadies/output/genes/gene_230_filtered.fa.aln.raxml.bestModel

Execution log saved to: /data/jeremias/eucs/roadies/output/genes/gene_230_filtered.fa.aln.raxml.log

Analysis started: 29-Jul-2024 17:11:55 / finished: 29-Jul-2024 17:15:29

Elapsed time: 213.846 seconds

