
RAxML-NG v. 1.2.2 released on 11.04.2024 by The Exelixis Lab.
Developed by: Alexey M. Kozlov and Alexandros Stamatakis.
Contributors: Diego Darriba, Tomas Flouri, Benoit Morel, Sarah Lutteropp, Ben Bettisworth, Julia Haag, Anastasis Togkousidis.
Latest version: https://github.com/amkozlov/raxml-ng
Questions/problems/suggestions? Please visit: https://groups.google.com/forum/#!forum/raxml

System: AMD EPYC 7742 64-Core Processor, 128 cores, 1007 GB RAM

RAxML-NG was called at 29-Jul-2024 17:33:08 as follows:

raxml-ng --msa /data/jeremias/eucs/roadies/output/genes/gene_163_filtered.fa.aln --model GTR+G+F --redo --threads auto{4} --blopt nr_safe

Analysis options:
  run mode: ML tree search
  start tree(s): random (10) + parsimony (10)
  random seed: 1722238388
  tip-inner: OFF
  pattern compression: ON
  per-rate scalers: OFF
  site repeats: ON
  logLH epsilon: general: 10.000000, brlen-triplet: 1000.000000
  fast spr radius: AUTO
  spr subtree cutoff: 1.000000
  fast CLV updates: ON
  branch lengths: proportional (ML estimate, algorithm: NR-SAFE)
  SIMD kernels: AVX2
  parallelization: coarse-grained (auto), PTHREADS (auto)

WARNING: Running in REDO mode: existing checkpoints are ignored, and all result files will be overwritten!

[00:00:00] Reading alignment from file: /data/jeremias/eucs/roadies/output/genes/gene_163_filtered.fa.aln
[00:00:00] Loaded alignment with 39 taxa and 500 sites

WARNING: Sequences E_pauciflora_1 and E_pauciflora_0 are exactly identical!
WARNING: Sequences E_paniculata_0 and E_virginea_0 are exactly identical!
WARNING: Sequences E_paniculata_0 and E_brandiana_0 are exactly identical!
WARNING: Sequences E_caleyi_0 and E_melliodora_0 are exactly identical!
WARNING: Sequences E_caleyi_0 and E_shirleyi_0 are exactly identical!
WARNING: Sequences E_polyanthemos_0 and E_dawsonii_0 are exactly identical!
WARNING: Sequences E_lansdowneana_0 and E_lansdowneana_1 are exactly identical!
WARNING: Duplicate sequences found: 7

NOTE: Reduced alignment (with duplicates and gap-only sites/taxa removed) 
NOTE: was saved to: /data/jeremias/eucs/roadies/output/genes/gene_163_filtered.fa.aln.raxml.reduced.phy

Alignment comprises 1 partitions and 57 patterns

Partition 0: noname
Model: GTR+FC+G4m
Alignment sites / patterns: 500 / 57
Gaps: 0.01 %
Invariant sites: 88.40 %


NOTE: Binary MSA file created: /data/jeremias/eucs/roadies/output/genes/gene_163_filtered.fa.aln.raxml.rba

Parallelization scheme autoconfig: 4 worker(s) x 1 thread(s)

[00:00:00] Generating 10 random starting tree(s) with 39 taxa
[00:00:00] Generating 10 parsimony starting tree(s) with 39 taxa
Parallel parsimony with 4 threads
Parallel reduction/worker buffer size: 1 KB  / 0 KB

[00:00:00] Data distribution: max. partitions/sites/weight per thread: 1 / 57 / 912
[00:00:00] Data distribution: max. searches per worker: 5

Starting ML tree search with 20 distinct starting trees

[00:00:00 -2540.971823] Initial branch length optimization
[00:00:00 -1570.699398] Model parameter optimization (eps = 10.000000)
[00:00:00 -1462.958656] AUTODETECT spr round 1 (radius: 5)
[00:00:00 -1299.882266] AUTODETECT spr round 2 (radius: 10)
[00:00:00 -1185.173272] AUTODETECT spr round 3 (radius: 15)
[00:00:00 -1185.156825] SPR radius for FAST iterations: 10 (autodetect)
[00:00:00 -1185.156825] Model parameter optimization (eps = 3.000000)
[00:00:00 -1182.266591] FAST spr round 1 (radius: 10)
[00:00:00 -1171.268794] FAST spr round 2 (radius: 10)
[00:00:00 -1171.268739] Model parameter optimization (eps = 1.000000)
[00:00:00 -1171.082982] SLOW spr round 1 (radius: 5)
[00:00:00 -1171.082966] SLOW spr round 2 (radius: 10)
[00:00:00] [worker #1] ML tree search #2, logLikelihood: -1171.077462
[00:00:00 -1171.082966] SLOW spr round 3 (radius: 15)
[00:00:00] [worker #2] ML tree search #3, logLikelihood: -1171.077546
[00:00:00 -1171.082966] SLOW spr round 4 (radius: 20)
[00:00:00 -1171.082966] SLOW spr round 5 (radius: 25)
[00:00:00 -1171.082966] Model parameter optimization (eps = 0.100000)
[00:00:00] [worker #3] ML tree search #4, logLikelihood: -1171.077550

[00:00:00] [worker #0] ML tree search #1, logLikelihood: -1171.077463

[00:00:00 -2516.575872] Initial branch length optimization
[00:00:00 -1547.444118] Model parameter optimization (eps = 10.000000)
[00:00:00 -1443.631295] AUTODETECT spr round 1 (radius: 5)
[00:00:00 -1263.344154] AUTODETECT spr round 2 (radius: 10)
[00:00:00 -1190.754204] AUTODETECT spr round 3 (radius: 15)
[00:00:00 -1190.750553] SPR radius for FAST iterations: 10 (autodetect)
[00:00:00 -1190.750553] Model parameter optimization (eps = 3.000000)
[00:00:00 -1187.833047] FAST spr round 1 (radius: 10)
[00:00:00 -1171.420202] FAST spr round 2 (radius: 10)
[00:00:00 -1171.420159] Model parameter optimization (eps = 1.000000)
[00:00:00 -1171.090315] SLOW spr round 1 (radius: 5)
[00:00:00] [worker #1] ML tree search #6, logLikelihood: -1171.077550
[00:00:00] [worker #2] ML tree search #7, logLikelihood: -1171.077461
[00:00:01 -1171.090272] SLOW spr round 2 (radius: 10)
[00:00:01] [worker #3] ML tree search #8, logLikelihood: -1171.077542
[00:00:01 -1171.090272] SLOW spr round 3 (radius: 15)
[00:00:01 -1171.090272] SLOW spr round 4 (radius: 20)
[00:00:01 -1171.090272] SLOW spr round 5 (radius: 25)
[00:00:01 -1171.090272] Model parameter optimization (eps = 0.100000)

[00:00:01] [worker #0] ML tree search #5, logLikelihood: -1171.077494

[00:00:01 -2531.151726] Initial branch length optimization
[00:00:01 -1560.018328] Model parameter optimization (eps = 10.000000)
[00:00:01 -1454.152755] AUTODETECT spr round 1 (radius: 5)
[00:00:01 -1227.234512] AUTODETECT spr round 2 (radius: 10)
[00:00:01 -1193.947067] AUTODETECT spr round 3 (radius: 15)
[00:00:01] [worker #2] ML tree search #11, logLikelihood: -1171.077459
[00:00:01 -1193.909838] SPR radius for FAST iterations: 10 (autodetect)
[00:00:01 -1193.909838] Model parameter optimization (eps = 3.000000)
[00:00:01 -1191.170331] FAST spr round 1 (radius: 10)
[00:00:01] [worker #1] ML tree search #10, logLikelihood: -1171.077537
[00:00:01 -1171.558096] FAST spr round 2 (radius: 10)
[00:00:01 -1171.557886] Model parameter optimization (eps = 1.000000)
[00:00:01 -1171.090396] SLOW spr round 1 (radius: 5)
[00:00:01] [worker #3] ML tree search #12, logLikelihood: -1171.077448
[00:00:01 -1171.090376] SLOW spr round 2 (radius: 10)
[00:00:01 -1171.090376] SLOW spr round 3 (radius: 15)
[00:00:01] [worker #2] ML tree search #15, logLikelihood: -1171.077461
[00:00:01 -1171.090376] SLOW spr round 4 (radius: 20)
[00:00:01 -1171.090376] SLOW spr round 5 (radius: 25)
[00:00:01 -1171.090376] Model parameter optimization (eps = 0.100000)

[00:00:01] [worker #0] ML tree search #9, logLikelihood: -1171.077489

[00:00:01 -2208.800983] Initial branch length optimization
[00:00:01 -1191.897399] Model parameter optimization (eps = 10.000000)
[00:00:01 -1171.077666] AUTODETECT spr round 1 (radius: 5)
[00:00:01 -1171.077615] SPR radius for FAST iterations: 5 (autodetect)
[00:00:01 -1171.077615] Model parameter optimization (eps = 3.000000)
[00:00:01] [worker #3] ML tree search #16, logLikelihood: -1171.077461
[00:00:01] [worker #1] ML tree search #14, logLikelihood: -1171.077479
[00:00:01 -1171.077477] FAST spr round 1 (radius: 5)
[00:00:02 -1171.077474] Model parameter optimization (eps = 1.000000)
[00:00:02 -1171.077474] SLOW spr round 1 (radius: 5)
[00:00:02] [worker #2] ML tree search #19, logLikelihood: -1171.077460
[00:00:02 -1171.077469] SLOW spr round 2 (radius: 10)
[00:00:02 -1171.077469] SLOW spr round 3 (radius: 15)
[00:00:02 -1171.077469] SLOW spr round 4 (radius: 20)
[00:00:02 -1171.077469] SLOW spr round 5 (radius: 25)
[00:00:02 -1171.077469] Model parameter optimization (eps = 0.100000)

[00:00:02] [worker #0] ML tree search #13, logLikelihood: -1171.077469

[00:00:02 -2207.968032] Initial branch length optimization
[00:00:02 -1194.078085] Model parameter optimization (eps = 10.000000)
[00:00:02 -1173.366972] AUTODETECT spr round 1 (radius: 5)
[00:00:02 -1171.085401] AUTODETECT spr round 2 (radius: 10)
[00:00:02 -1171.085400] SPR radius for FAST iterations: 5 (autodetect)
[00:00:02 -1171.085400] Model parameter optimization (eps = 3.000000)
[00:00:02 -1171.077735] FAST spr round 1 (radius: 5)
[00:00:02 -1171.077734] Model parameter optimization (eps = 1.000000)
[00:00:02 -1171.077483] SLOW spr round 1 (radius: 5)
[00:00:02] [worker #3] ML tree search #20, logLikelihood: -1171.077463
[00:00:02] [worker #1] ML tree search #18, logLikelihood: -1171.077463
[00:00:02 -1171.077471] SLOW spr round 2 (radius: 10)
[00:00:02 -1171.077471] SLOW spr round 3 (radius: 15)
[00:00:02 -1171.077471] SLOW spr round 4 (radius: 20)
[00:00:02 -1171.077471] SLOW spr round 5 (radius: 25)
[00:00:02 -1171.077471] Model parameter optimization (eps = 0.100000)

[00:00:02] [worker #0] ML tree search #17, logLikelihood: -1171.077470


Optimized model parameters:

   Partition 0: noname
   Rate heterogeneity: GAMMA (4 cats, mean),  alpha: 0.212520 (ML),  weights&rates: (0.250000,0.000798) (0.250000,0.041296) (0.250000,0.415538) (0.250000,3.542367) 
   Base frequencies (empirical): 0.308237 0.205303 0.196482 0.289978 
   Substitution rates (ML): 0.726052 5.451514 1.586917 2.684358 6.245169 1.000000 


Final LogLikelihood: -1171.077448

AIC score: 2510.154897 / AICc score: 2544.564535 / BIC score: 2864.181977
Free parameters (model + branch lengths): 84

WARNING: Best ML tree contains 18 near-zero branches!

Best ML tree with collapsed near-zero branches saved to: /data/jeremias/eucs/roadies/output/genes/gene_163_filtered.fa.aln.raxml.bestTreeCollapsed
Best ML tree saved to: /data/jeremias/eucs/roadies/output/genes/gene_163_filtered.fa.aln.raxml.bestTree
All ML trees saved to: /data/jeremias/eucs/roadies/output/genes/gene_163_filtered.fa.aln.raxml.mlTrees
Optimized model saved to: /data/jeremias/eucs/roadies/output/genes/gene_163_filtered.fa.aln.raxml.bestModel

Execution log saved to: /data/jeremias/eucs/roadies/output/genes/gene_163_filtered.fa.aln.raxml.log

Analysis started: 29-Jul-2024 17:33:08 / finished: 29-Jul-2024 17:33:11

Elapsed time: 2.588 seconds

