
RAxML-NG v. 1.2.2 released on 11.04.2024 by The Exelixis Lab.
Developed by: Alexey M. Kozlov and Alexandros Stamatakis.
Contributors: Diego Darriba, Tomas Flouri, Benoit Morel, Sarah Lutteropp, Ben Bettisworth, Julia Haag, Anastasis Togkousidis.
Latest version: https://github.com/amkozlov/raxml-ng
Questions/problems/suggestions? Please visit: https://groups.google.com/forum/#!forum/raxml

System: AMD EPYC 7742 64-Core Processor, 128 cores, 1007 GB RAM

RAxML-NG was called at 29-Jul-2024 17:31:15 as follows:

raxml-ng --msa /data/jeremias/eucs/roadies/output/genes/gene_98_filtered.fa.aln --model GTR+G+F --redo --threads auto{4} --blopt nr_safe

Analysis options:
  run mode: ML tree search
  start tree(s): random (10) + parsimony (10)
  random seed: 1722238275
  tip-inner: OFF
  pattern compression: ON
  per-rate scalers: OFF
  site repeats: ON
  logLH epsilon: general: 10.000000, brlen-triplet: 1000.000000
  fast spr radius: AUTO
  spr subtree cutoff: 1.000000
  fast CLV updates: ON
  branch lengths: proportional (ML estimate, algorithm: NR-SAFE)
  SIMD kernels: AVX2
  parallelization: coarse-grained (auto), PTHREADS (auto)

WARNING: Running in REDO mode: existing checkpoints are ignored, and all result files will be overwritten!

[00:00:00] Reading alignment from file: /data/jeremias/eucs/roadies/output/genes/gene_98_filtered.fa.aln
[00:00:00] Loaded alignment with 38 taxa and 557 sites

Alignment comprises 1 partitions and 257 patterns

Partition 0: noname
Model: GTR+FC+G4m
Alignment sites / patterns: 557 / 257
Gaps: 11.07 %
Invariant sites: 57.81 %


NOTE: Binary MSA file created: /data/jeremias/eucs/roadies/output/genes/gene_98_filtered.fa.aln.raxml.rba

Parallelization scheme autoconfig: 4 worker(s) x 1 thread(s)

[00:00:00] Generating 10 random starting tree(s) with 38 taxa
[00:00:00] Generating 10 parsimony starting tree(s) with 38 taxa
Parallel parsimony with 4 threads
Parallel reduction/worker buffer size: 1 KB  / 0 KB

[00:00:00] Data distribution: max. partitions/sites/weight per thread: 1 / 257 / 4112
[00:00:00] Data distribution: max. searches per worker: 5

Starting ML tree search with 20 distinct starting trees

[00:00:00 -4966.982706] Initial branch length optimization
[00:00:00 -3975.160823] Model parameter optimization (eps = 10.000000)
[00:00:00 -3775.500782] AUTODETECT spr round 1 (radius: 5)
[00:00:00 -3153.465820] AUTODETECT spr round 2 (radius: 10)
[00:00:00 -2999.515685] AUTODETECT spr round 3 (radius: 15)
[00:00:00 -2997.803565] AUTODETECT spr round 4 (radius: 20)
[00:00:00 -2997.445118] AUTODETECT spr round 5 (radius: 25)
[00:00:00 -2997.399293] SPR radius for FAST iterations: 20 (autodetect)
[00:00:00 -2997.399293] Model parameter optimization (eps = 3.000000)
[00:00:00 -2966.286626] FAST spr round 1 (radius: 20)
[00:00:00 -2876.829018] FAST spr round 2 (radius: 20)
[00:00:00 -2868.552869] Model parameter optimization (eps = 1.000000)
[00:00:00 -2866.899119] SLOW spr round 1 (radius: 5)
[00:00:01 -2866.799667] SLOW spr round 2 (radius: 10)
[00:00:01 -2866.799650] SLOW spr round 3 (radius: 15)
[00:00:01 -2866.799650] SLOW spr round 4 (radius: 20)
[00:00:01 -2866.799650] SLOW spr round 5 (radius: 25)
[00:00:01 -2866.799650] Model parameter optimization (eps = 0.100000)

[00:00:01] [worker #0] ML tree search #1, logLikelihood: -2866.759569

[00:00:01 -5075.181285] Initial branch length optimization
[00:00:01 -4070.459749] Model parameter optimization (eps = 10.000000)
[00:00:01] [worker #3] ML tree search #4, logLikelihood: -2866.759480
[00:00:01 -3846.466380] AUTODETECT spr round 1 (radius: 5)
[00:00:01] [worker #1] ML tree search #2, logLikelihood: -2867.431122
[00:00:01 -3196.396413] AUTODETECT spr round 2 (radius: 10)
[00:00:01] [worker #2] ML tree search #3, logLikelihood: -2866.759573
[00:00:01 -3027.905696] AUTODETECT spr round 3 (radius: 15)
[00:00:01 -3025.952877] AUTODETECT spr round 4 (radius: 20)
[00:00:01 -3025.506869] AUTODETECT spr round 5 (radius: 25)
[00:00:01 -3025.420805] SPR radius for FAST iterations: 20 (autodetect)
[00:00:01 -3025.420805] Model parameter optimization (eps = 3.000000)
[00:00:01 -2989.431292] FAST spr round 1 (radius: 20)
[00:00:01 -2899.051831] FAST spr round 2 (radius: 20)
[00:00:02 -2871.502079] FAST spr round 3 (radius: 20)
[00:00:02 -2869.119066] Model parameter optimization (eps = 1.000000)
[00:00:02 -2867.420973] SLOW spr round 1 (radius: 5)
[00:00:02 -2867.420482] SLOW spr round 2 (radius: 10)
[00:00:02 -2867.420482] SLOW spr round 3 (radius: 15)
[00:00:02 -2867.420482] SLOW spr round 4 (radius: 20)
[00:00:02] [worker #3] ML tree search #8, logLikelihood: -2870.112329
[00:00:02 -2867.420482] SLOW spr round 5 (radius: 25)
[00:00:02 -2867.420482] Model parameter optimization (eps = 0.100000)

[00:00:02] [worker #0] ML tree search #5, logLikelihood: -2867.420463

[00:00:02 -4987.788912] Initial branch length optimization
[00:00:02] [worker #1] ML tree search #6, logLikelihood: -2866.759492
[00:00:02] [worker #2] ML tree search #7, logLikelihood: -2866.759596
[00:00:02 -4038.982656] Model parameter optimization (eps = 10.000000)
[00:00:03 -3840.428941] AUTODETECT spr round 1 (radius: 5)
[00:00:03 -3176.660169] AUTODETECT spr round 2 (radius: 10)
[00:00:03 -2987.225013] AUTODETECT spr round 3 (radius: 15)
[00:00:03 -2986.506485] AUTODETECT spr round 4 (radius: 20)
[00:00:03 -2986.394319] AUTODETECT spr round 5 (radius: 25)
[00:00:03 -2986.384315] SPR radius for FAST iterations: 20 (autodetect)
[00:00:03 -2986.384315] Model parameter optimization (eps = 3.000000)
[00:00:03 -2953.443409] FAST spr round 1 (radius: 20)
[00:00:03 -2875.493491] FAST spr round 2 (radius: 20)
[00:00:03 -2868.498725] Model parameter optimization (eps = 1.000000)
[00:00:03 -2867.865294] SLOW spr round 1 (radius: 5)
[00:00:03] [worker #3] ML tree search #12, logLikelihood: -2867.420455
[00:00:03 -2867.865090] SLOW spr round 2 (radius: 10)
[00:00:06] [worker #2] ML tree search #11, logLikelihood: -2867.420653
[00:00:06 -2867.865090] SLOW spr round 3 (radius: 15)
[00:00:08 -2867.865090] SLOW spr round 4 (radius: 20)
[00:00:08] [worker #1] ML tree search #10, logLikelihood: -2866.759524
[00:00:08 -2867.865090] SLOW spr round 5 (radius: 25)
[00:00:10 -2867.865090] Model parameter optimization (eps = 0.100000)

[00:00:11] [worker #0] ML tree search #9, logLikelihood: -2867.864156

[00:00:12 -3745.476261] Initial branch length optimization
[00:00:12] [worker #3] ML tree search #16, logLikelihood: -2870.811133
[00:00:12 -2954.176243] Model parameter optimization (eps = 10.000000)
[00:00:12 -2895.140760] AUTODETECT spr round 1 (radius: 5)
[00:00:12 -2872.983098] AUTODETECT spr round 2 (radius: 10)
[00:00:12 -2872.947482] SPR radius for FAST iterations: 5 (autodetect)
[00:00:12 -2872.947482] Model parameter optimization (eps = 3.000000)
[00:00:12 -2872.751186] FAST spr round 1 (radius: 5)
[00:00:12 -2870.247822] Model parameter optimization (eps = 1.000000)
[00:00:12 -2870.233549] SLOW spr round 1 (radius: 5)
[00:00:13 -2867.445695] SLOW spr round 2 (radius: 10)
[00:00:13 -2867.445690] SLOW spr round 3 (radius: 15)
[00:00:13 -2867.445690] SLOW spr round 4 (radius: 20)
[00:00:13] [worker #2] ML tree search #15, logLikelihood: -2866.759514
[00:00:13 -2867.445690] SLOW spr round 5 (radius: 25)
[00:00:13] [worker #1] ML tree search #14, logLikelihood: -2866.759485
[00:00:13 -2867.445690] Model parameter optimization (eps = 0.100000)

[00:00:13] [worker #0] ML tree search #13, logLikelihood: -2867.420506

[00:00:13] [worker #3] ML tree search #20, logLikelihood: -2866.759488
[00:00:13 -3744.770017] Initial branch length optimization
[00:00:13 -2960.145884] Model parameter optimization (eps = 10.000000)
[00:00:13 -2903.175380] AUTODETECT spr round 1 (radius: 5)
[00:00:13 -2871.108861] AUTODETECT spr round 2 (radius: 10)
[00:00:13 -2871.015712] SPR radius for FAST iterations: 5 (autodetect)
[00:00:13 -2871.015712] Model parameter optimization (eps = 3.000000)
[00:00:13 -2870.811664] FAST spr round 1 (radius: 5)
[00:00:13 -2870.811561] Model parameter optimization (eps = 1.000000)
[00:00:13 -2870.811339] SLOW spr round 1 (radius: 5)
[00:00:14 -2870.811094] SLOW spr round 2 (radius: 10)
[00:00:14 -2870.811094] SLOW spr round 3 (radius: 15)
[00:00:14] [worker #2] ML tree search #19, logLikelihood: -2867.420462
[00:00:14 -2870.811094] SLOW spr round 4 (radius: 20)
[00:00:14] [worker #1] ML tree search #18, logLikelihood: -2867.420443
[00:00:14 -2870.811094] SLOW spr round 5 (radius: 25)
[00:00:14 -2870.811094] Model parameter optimization (eps = 0.100000)

[00:00:14] [worker #0] ML tree search #17, logLikelihood: -2870.811093


Optimized model parameters:

   Partition 0: noname
   Rate heterogeneity: GAMMA (4 cats, mean),  alpha: 0.987444 (ML),  weights&rates: (0.250000,0.134442) (0.250000,0.472945) (0.250000,0.997888) (0.250000,2.394725) 
   Base frequencies (empirical): 0.241898 0.236266 0.212358 0.309478 
   Substitution rates (ML): 1.270049 4.213264 0.906417 1.720348 3.655446 1.000000 


Final LogLikelihood: -2866.759480

AIC score: 5897.518960 / AICc score: 5926.236260 / BIC score: 6251.969310
Free parameters (model + branch lengths): 82

WARNING: Best ML tree contains 5 near-zero branches!

Best ML tree with collapsed near-zero branches saved to: /data/jeremias/eucs/roadies/output/genes/gene_98_filtered.fa.aln.raxml.bestTreeCollapsed
Best ML tree saved to: /data/jeremias/eucs/roadies/output/genes/gene_98_filtered.fa.aln.raxml.bestTree
All ML trees saved to: /data/jeremias/eucs/roadies/output/genes/gene_98_filtered.fa.aln.raxml.mlTrees
Optimized model saved to: /data/jeremias/eucs/roadies/output/genes/gene_98_filtered.fa.aln.raxml.bestModel

Execution log saved to: /data/jeremias/eucs/roadies/output/genes/gene_98_filtered.fa.aln.raxml.log

Analysis started: 29-Jul-2024 17:31:15 / finished: 29-Jul-2024 17:31:29

Elapsed time: 14.565 seconds

