
RAxML-NG v. 1.2.2 released on 11.04.2024 by The Exelixis Lab.
Developed by: Alexey M. Kozlov and Alexandros Stamatakis.
Contributors: Diego Darriba, Tomas Flouri, Benoit Morel, Sarah Lutteropp, Ben Bettisworth, Julia Haag, Anastasis Togkousidis.
Latest version: https://github.com/amkozlov/raxml-ng
Questions/problems/suggestions? Please visit: https://groups.google.com/forum/#!forum/raxml

System: AMD EPYC 7742 64-Core Processor, 128 cores, 1007 GB RAM

RAxML-NG was called at 29-Jul-2024 16:25:03 as follows:

raxml-ng --msa /data/jeremias/eucs/roadies/output/genes/gene_238_filtered.fa.aln --model GTR+G+F --redo --threads auto{4} --blopt nr_safe

Analysis options:
  run mode: ML tree search
  start tree(s): random (10) + parsimony (10)
  random seed: 1722234303
  tip-inner: OFF
  pattern compression: ON
  per-rate scalers: OFF
  site repeats: ON
  logLH epsilon: general: 10.000000, brlen-triplet: 1000.000000
  fast spr radius: AUTO
  spr subtree cutoff: 1.000000
  fast CLV updates: ON
  branch lengths: proportional (ML estimate, algorithm: NR-SAFE)
  SIMD kernels: AVX2
  parallelization: coarse-grained (auto), PTHREADS (auto)

WARNING: Running in REDO mode: existing checkpoints are ignored, and all result files will be overwritten!

[00:00:00] Reading alignment from file: /data/jeremias/eucs/roadies/output/genes/gene_238_filtered.fa.aln
[00:00:00] Loaded alignment with 25 taxa and 568 sites

Alignment comprises 1 partitions and 347 patterns

Partition 0: noname
Model: GTR+FC+G4m
Alignment sites / patterns: 568 / 347
Gaps: 17.46 %
Invariant sites: 49.47 %


NOTE: Binary MSA file created: /data/jeremias/eucs/roadies/output/genes/gene_238_filtered.fa.aln.raxml.rba

Parallelization scheme autoconfig: 4 worker(s) x 1 thread(s)

[00:00:00] Generating 10 random starting tree(s) with 25 taxa
[00:00:00] Generating 10 parsimony starting tree(s) with 25 taxa
Parallel parsimony with 4 threads
Parallel reduction/worker buffer size: 1 KB  / 0 KB

[00:00:00] Data distribution: max. partitions/sites/weight per thread: 1 / 347 / 5552
[00:00:00] Data distribution: max. searches per worker: 5

Starting ML tree search with 20 distinct starting trees

[00:00:00 -5428.757403] Initial branch length optimization
[00:00:00 -4668.944487] Model parameter optimization (eps = 10.000000)
[00:00:00 -4515.659010] AUTODETECT spr round 1 (radius: 5)
[00:00:00 -3980.138600] AUTODETECT spr round 2 (radius: 10)
[00:00:00 -3955.592396] AUTODETECT spr round 3 (radius: 15)
[00:00:00 -3954.880126] AUTODETECT spr round 4 (radius: 20)
[00:00:00 -3954.761680] AUTODETECT spr round 5 (radius: 25)
[00:00:00 -3954.739524] SPR radius for FAST iterations: 20 (autodetect)
[00:00:00 -3954.739524] Model parameter optimization (eps = 3.000000)
[00:00:00 -3934.335183] FAST spr round 1 (radius: 20)
[00:00:00 -3888.590923] FAST spr round 2 (radius: 20)
[00:00:00 -3886.985608] Model parameter optimization (eps = 1.000000)
[00:00:00 -3886.856987] SLOW spr round 1 (radius: 5)
[00:00:01 -3886.027325] SLOW spr round 2 (radius: 10)
[00:00:01] [worker #1] ML tree search #2, logLikelihood: -3882.915019
[00:00:01 -3886.027203] SLOW spr round 3 (radius: 15)
[00:00:01 -3886.027199] SLOW spr round 4 (radius: 20)
[00:00:01 -3886.027199] SLOW spr round 5 (radius: 25)
[00:00:01 -3886.027199] Model parameter optimization (eps = 0.100000)
[00:00:01] [worker #3] ML tree search #4, logLikelihood: -3886.070428

[00:00:01] [worker #0] ML tree search #1, logLikelihood: -3886.014793

[00:00:01 -5421.835928] Initial branch length optimization
[00:00:01 -4674.769862] Model parameter optimization (eps = 10.000000)
[00:00:01] [worker #2] ML tree search #3, logLikelihood: -3882.914836
[00:00:01 -4529.173720] AUTODETECT spr round 1 (radius: 5)
[00:00:01 -4073.177585] AUTODETECT spr round 2 (radius: 10)
[00:00:01 -3929.622195] AUTODETECT spr round 3 (radius: 15)
[00:00:01 -3927.443646] AUTODETECT spr round 4 (radius: 20)
[00:00:01 -3926.649320] AUTODETECT spr round 5 (radius: 25)
[00:00:01 -3926.377863] SPR radius for FAST iterations: 25 (autodetect)
[00:00:01 -3926.377863] Model parameter optimization (eps = 3.000000)
[00:00:01 -3909.953467] FAST spr round 1 (radius: 25)
[00:00:01 -3884.329244] FAST spr round 2 (radius: 25)
[00:00:02 -3884.295219] Model parameter optimization (eps = 1.000000)
[00:00:02 -3883.906691] SLOW spr round 1 (radius: 5)
[00:00:02] [worker #1] ML tree search #6, logLikelihood: -3882.852281
[00:00:02 -3882.943973] SLOW spr round 2 (radius: 10)
[00:00:02 -3882.943701] SLOW spr round 3 (radius: 15)
[00:00:02 -3882.943691] SLOW spr round 4 (radius: 20)
[00:00:02 -3882.943690] SLOW spr round 5 (radius: 25)
[00:00:02 -3882.943690] Model parameter optimization (eps = 0.100000)

[00:00:02] [worker #0] ML tree search #5, logLikelihood: -3882.914938

[00:00:02 -5377.017785] Initial branch length optimization
[00:00:02 -4606.379471] Model parameter optimization (eps = 10.000000)
[00:00:02 -4463.842901] AUTODETECT spr round 1 (radius: 5)
[00:00:02 -4048.564310] AUTODETECT spr round 2 (radius: 10)
[00:00:02 -4044.029431] AUTODETECT spr round 3 (radius: 15)
[00:00:02 -4042.285273] AUTODETECT spr round 4 (radius: 20)
[00:00:02 -4041.689798] AUTODETECT spr round 5 (radius: 25)
[00:00:02 -4041.496113] SPR radius for FAST iterations: 25 (autodetect)
[00:00:02 -4041.496113] Model parameter optimization (eps = 3.000000)
[00:00:02] [worker #2] ML tree search #7, logLikelihood: -3882.852409
[00:00:02] [worker #3] ML tree search #8, logLikelihood: -3887.213001
[00:00:02 -4032.238720] FAST spr round 1 (radius: 25)
[00:00:02 -3889.824839] FAST spr round 2 (radius: 25)
[00:00:02] [worker #1] ML tree search #10, logLikelihood: -3887.147611
[00:00:03 -3888.946694] Model parameter optimization (eps = 1.000000)
[00:00:03 -3886.421897] SLOW spr round 1 (radius: 5)
[00:00:03 -3886.026481] SLOW spr round 2 (radius: 10)
[00:00:03] [worker #2] ML tree search #11, logLikelihood: -3882.852241
[00:00:03 -3886.025977] SLOW spr round 3 (radius: 15)
[00:00:03] [worker #1] ML tree search #14, logLikelihood: -3883.960086
[00:00:03 -3886.025960] SLOW spr round 4 (radius: 20)
[00:00:03 -3886.025959] SLOW spr round 5 (radius: 25)
[00:00:03 -3886.025959] Model parameter optimization (eps = 0.100000)

[00:00:03] [worker #0] ML tree search #9, logLikelihood: -3886.014913

[00:00:03 -4442.054659] Initial branch length optimization
[00:00:03 -3935.629428] Model parameter optimization (eps = 10.000000)
[00:00:03] [worker #3] ML tree search #12, logLikelihood: -3882.915847
[00:00:03 -3889.610788] AUTODETECT spr round 1 (radius: 5)
[00:00:04 -3884.303798] AUTODETECT spr round 2 (radius: 10)
[00:00:04 -3884.295878] SPR radius for FAST iterations: 5 (autodetect)
[00:00:04 -3884.295878] Model parameter optimization (eps = 3.000000)
[00:00:04 -3884.277847] FAST spr round 1 (radius: 5)
[00:00:04 -3883.958051] Model parameter optimization (eps = 1.000000)
[00:00:04 -3883.956142] SLOW spr round 1 (radius: 5)
[00:00:04] [worker #2] ML tree search #15, logLikelihood: -3882.852316
[00:00:04] [worker #1] ML tree search #18, logLikelihood: -3882.852293
[00:00:04 -3882.925835] SLOW spr round 2 (radius: 10)
[00:00:05] [worker #3] ML tree search #16, logLikelihood: -3882.852247
[00:00:05 -3882.924372] SLOW spr round 3 (radius: 15)
[00:00:05 -3882.924311] SLOW spr round 4 (radius: 20)
[00:00:05 -3882.924308] SLOW spr round 5 (radius: 25)
[00:00:05 -3882.924308] Model parameter optimization (eps = 0.100000)

[00:00:05] [worker #0] ML tree search #13, logLikelihood: -3882.854089

[00:00:05 -4448.287997] Initial branch length optimization
[00:00:05 -3938.679036] Model parameter optimization (eps = 10.000000)
[00:00:05 -3889.714268] AUTODETECT spr round 1 (radius: 5)
[00:00:05 -3887.319707] AUTODETECT spr round 2 (radius: 10)
[00:00:05 -3887.284192] SPR radius for FAST iterations: 5 (autodetect)
[00:00:05 -3887.284192] Model parameter optimization (eps = 3.000000)
[00:00:05] [worker #2] ML tree search #19, logLikelihood: -3883.959869
[00:00:05 -3887.252309] FAST spr round 1 (radius: 5)
[00:00:05 -3887.252285] Model parameter optimization (eps = 1.000000)
[00:00:05 -3887.252281] SLOW spr round 1 (radius: 5)
[00:00:05] [worker #3] ML tree search #20, logLikelihood: -3886.014607
[00:00:06 -3887.234809] SLOW spr round 2 (radius: 10)
[00:00:06 -3887.234807] SLOW spr round 3 (radius: 15)
[00:00:06 -3887.234807] SLOW spr round 4 (radius: 20)
[00:00:06 -3887.234807] SLOW spr round 5 (radius: 25)
[00:00:06 -3887.234807] Model parameter optimization (eps = 0.100000)

[00:00:06] [worker #0] ML tree search #17, logLikelihood: -3887.212951


Optimized model parameters:

   Partition 0: noname
   Rate heterogeneity: GAMMA (4 cats, mean),  alpha: 0.601565 (ML),  weights&rates: (0.250000,0.053431) (0.250000,0.313141) (0.250000,0.882115) (0.250000,2.751313) 
   Base frequencies (empirical): 0.299718 0.248955 0.204249 0.247078 
   Substitution rates (ML): 0.850245 2.018534 0.876410 0.639042 1.555570 1.000000 


Final LogLikelihood: -3882.852241

AIC score: 7877.704481 / AICc score: 7890.197632 / BIC score: 8120.863281
Free parameters (model + branch lengths): 56

WARNING: Best ML tree contains 2 near-zero branches!

Best ML tree with collapsed near-zero branches saved to: /data/jeremias/eucs/roadies/output/genes/gene_238_filtered.fa.aln.raxml.bestTreeCollapsed
Best ML tree saved to: /data/jeremias/eucs/roadies/output/genes/gene_238_filtered.fa.aln.raxml.bestTree
All ML trees saved to: /data/jeremias/eucs/roadies/output/genes/gene_238_filtered.fa.aln.raxml.mlTrees
Optimized model saved to: /data/jeremias/eucs/roadies/output/genes/gene_238_filtered.fa.aln.raxml.bestModel

Execution log saved to: /data/jeremias/eucs/roadies/output/genes/gene_238_filtered.fa.aln.raxml.log

Analysis started: 29-Jul-2024 16:25:03 / finished: 29-Jul-2024 16:25:10

Elapsed time: 6.466 seconds

