
RAxML-NG v. 1.2.2 released on 11.04.2024 by The Exelixis Lab.
Developed by: Alexey M. Kozlov and Alexandros Stamatakis.
Contributors: Diego Darriba, Tomas Flouri, Benoit Morel, Sarah Lutteropp, Ben Bettisworth, Julia Haag, Anastasis Togkousidis.
Latest version: https://github.com/amkozlov/raxml-ng
Questions/problems/suggestions? Please visit: https://groups.google.com/forum/#!forum/raxml

System: AMD EPYC 7742 64-Core Processor, 128 cores, 1007 GB RAM

RAxML-NG was called at 29-Jul-2024 17:26:10 as follows:

raxml-ng --msa /data/jeremias/eucs/roadies/output/genes/gene_64_filtered.fa.aln --model GTR+G+F --redo --threads auto{4} --blopt nr_safe

Analysis options:
  run mode: ML tree search
  start tree(s): random (10) + parsimony (10)
  random seed: 1722237970
  tip-inner: OFF
  pattern compression: ON
  per-rate scalers: OFF
  site repeats: ON
  logLH epsilon: general: 10.000000, brlen-triplet: 1000.000000
  fast spr radius: AUTO
  spr subtree cutoff: 1.000000
  fast CLV updates: ON
  branch lengths: proportional (ML estimate, algorithm: NR-SAFE)
  SIMD kernels: AVX2
  parallelization: coarse-grained (auto), PTHREADS (auto)

WARNING: Running in REDO mode: existing checkpoints are ignored, and all result files will be overwritten!

[00:00:00] Reading alignment from file: /data/jeremias/eucs/roadies/output/genes/gene_64_filtered.fa.aln
[00:00:00] Loaded alignment with 40 taxa and 507 sites

WARNING: Sequences E_albens_0 and E_dawsonii_0 are exactly identical!
WARNING: Sequences E_albens_0 and E_lansdowneana_0 are exactly identical!
WARNING: Duplicate sequences found: 2

NOTE: Reduced alignment (with duplicates and gap-only sites/taxa removed) 
NOTE: was saved to: /data/jeremias/eucs/roadies/output/genes/gene_64_filtered.fa.aln.raxml.reduced.phy

Alignment comprises 1 partitions and 121 patterns

Partition 0: noname
Model: GTR+FC+G4m
Alignment sites / patterns: 507 / 121
Gaps: 1.49 %
Invariant sites: 76.53 %


NOTE: Binary MSA file created: /data/jeremias/eucs/roadies/output/genes/gene_64_filtered.fa.aln.raxml.rba

Parallelization scheme autoconfig: 4 worker(s) x 1 thread(s)

[00:00:00] Generating 10 random starting tree(s) with 40 taxa
[00:00:00] Generating 10 parsimony starting tree(s) with 40 taxa
Parallel parsimony with 4 threads
Parallel reduction/worker buffer size: 1 KB  / 0 KB

[00:00:00] Data distribution: max. partitions/sites/weight per thread: 1 / 121 / 1936
[00:00:00] Data distribution: max. searches per worker: 5

Starting ML tree search with 20 distinct starting trees

[00:00:00 -3332.567511] Initial branch length optimization
[00:00:00 -2476.942050] Model parameter optimization (eps = 10.000000)
[00:00:00 -2291.167096] AUTODETECT spr round 1 (radius: 5)
[00:00:00 -2031.434098] AUTODETECT spr round 2 (radius: 10)
[00:00:00 -1785.440501] AUTODETECT spr round 3 (radius: 15)
[00:00:00 -1784.661217] AUTODETECT spr round 4 (radius: 20)
[00:00:00 -1784.639577] SPR radius for FAST iterations: 15 (autodetect)
[00:00:00 -1784.639577] Model parameter optimization (eps = 3.000000)
[00:00:00 -1778.114847] FAST spr round 1 (radius: 15)
[00:00:00 -1754.374840] FAST spr round 2 (radius: 15)
[00:00:00 -1753.565515] Model parameter optimization (eps = 1.000000)
[00:00:00 -1753.226805] SLOW spr round 1 (radius: 5)
[00:00:00] [worker #1] ML tree search #2, logLikelihood: -1747.888359
[00:00:00 -1748.939768] SLOW spr round 2 (radius: 10)
[00:00:00] [worker #3] ML tree search #4, logLikelihood: -1747.888414
[00:00:01 -1747.978823] SLOW spr round 3 (radius: 15)
[00:00:01] [worker #2] ML tree search #3, logLikelihood: -1747.888688
[00:00:01 -1747.978782] SLOW spr round 4 (radius: 20)
[00:00:01 -1747.978782] SLOW spr round 5 (radius: 25)
[00:00:01 -1747.978782] Model parameter optimization (eps = 0.100000)

[00:00:01] [worker #0] ML tree search #1, logLikelihood: -1747.888703

[00:00:01 -3341.536361] Initial branch length optimization
[00:00:01 -2481.004296] Model parameter optimization (eps = 10.000000)
[00:00:01 -2291.598742] AUTODETECT spr round 1 (radius: 5)
[00:00:01 -1803.564166] AUTODETECT spr round 2 (radius: 10)
[00:00:01 -1776.001786] AUTODETECT spr round 3 (radius: 15)
[00:00:01 -1769.251491] AUTODETECT spr round 4 (radius: 20)
[00:00:01 -1769.246332] SPR radius for FAST iterations: 15 (autodetect)
[00:00:01 -1769.246332] Model parameter optimization (eps = 3.000000)
[00:00:01 -1761.635369] FAST spr round 1 (radius: 15)
[00:00:01 -1749.085726] FAST spr round 2 (radius: 15)
[00:00:01 -1749.082797] Model parameter optimization (eps = 1.000000)
[00:00:01 -1748.965294] SLOW spr round 1 (radius: 5)
[00:00:01 -1747.984359] SLOW spr round 2 (radius: 10)
[00:00:01] [worker #3] ML tree search #8, logLikelihood: -1747.888315
[00:00:01 -1747.984198] SLOW spr round 3 (radius: 15)
[00:00:01] [worker #1] ML tree search #6, logLikelihood: -1747.941306
[00:00:02 -1747.984198] SLOW spr round 4 (radius: 20)
[00:00:02] [worker #2] ML tree search #7, logLikelihood: -1747.888335
[00:00:02 -1747.984198] SLOW spr round 5 (radius: 25)
[00:00:02 -1747.984198] Model parameter optimization (eps = 0.100000)

[00:00:02] [worker #0] ML tree search #5, logLikelihood: -1747.888446

[00:00:02 -3340.861111] Initial branch length optimization
[00:00:02 -2490.223210] Model parameter optimization (eps = 10.000000)
[00:00:02 -2288.635076] AUTODETECT spr round 1 (radius: 5)
[00:00:02 -1892.723333] AUTODETECT spr round 2 (radius: 10)
[00:00:02 -1783.276938] AUTODETECT spr round 3 (radius: 15)
[00:00:02 -1783.258741] SPR radius for FAST iterations: 10 (autodetect)
[00:00:02 -1783.258741] Model parameter optimization (eps = 3.000000)
[00:00:02 -1775.746589] FAST spr round 1 (radius: 10)
[00:00:02 -1750.211502] FAST spr round 2 (radius: 10)
[00:00:02 -1749.387033] Model parameter optimization (eps = 1.000000)
[00:00:02] [worker #2] ML tree search #11, logLikelihood: -1747.941327
[00:00:02 -1748.988904] SLOW spr round 1 (radius: 5)
[00:00:02] [worker #3] ML tree search #12, logLikelihood: -1747.887860
[00:00:02 -1747.946503] SLOW spr round 2 (radius: 10)
[00:00:03 -1747.946501] SLOW spr round 3 (radius: 15)
[00:00:03] [worker #1] ML tree search #10, logLikelihood: -1747.941299
[00:00:03 -1747.946501] SLOW spr round 4 (radius: 20)
[00:00:03 -1747.946501] SLOW spr round 5 (radius: 25)
[00:00:03 -1747.946501] Model parameter optimization (eps = 0.100000)

[00:00:03] [worker #0] ML tree search #9, logLikelihood: -1747.888582

[00:00:03 -2721.421745] Initial branch length optimization
[00:00:03 -1799.897880] Model parameter optimization (eps = 10.000000)
[00:00:03] [worker #2] ML tree search #15, logLikelihood: -1747.888633
[00:00:03 -1752.922109] AUTODETECT spr round 1 (radius: 5)
[00:00:03 -1751.154394] AUTODETECT spr round 2 (radius: 10)
[00:00:03 -1751.150533] SPR radius for FAST iterations: 5 (autodetect)
[00:00:03 -1751.150533] Model parameter optimization (eps = 3.000000)
[00:00:03 -1751.044522] FAST spr round 1 (radius: 5)
[00:00:03 -1748.814423] Model parameter optimization (eps = 1.000000)
[00:00:03 -1748.769833] SLOW spr round 1 (radius: 5)
[00:00:03] [worker #3] ML tree search #16, logLikelihood: -1747.941293
[00:00:03 -1747.937333] SLOW spr round 2 (radius: 10)
[00:00:03 -1747.937328] SLOW spr round 3 (radius: 15)
[00:00:03] [worker #2] ML tree search #19, logLikelihood: -1747.941369
[00:00:03] [worker #1] ML tree search #14, logLikelihood: -1747.941301
[00:00:03 -1747.937328] SLOW spr round 4 (radius: 20)
[00:00:03 -1747.937328] SLOW spr round 5 (radius: 25)
[00:00:03 -1747.937328] Model parameter optimization (eps = 0.100000)

[00:00:04] [worker #0] ML tree search #13, logLikelihood: -1747.888638

[00:00:04 -2723.981452] Initial branch length optimization
[00:00:04 -1801.347513] Model parameter optimization (eps = 10.000000)
[00:00:04 -1751.186112] AUTODETECT spr round 1 (radius: 5)
[00:00:04 -1747.993844] AUTODETECT spr round 2 (radius: 10)
[00:00:04 -1747.990846] SPR radius for FAST iterations: 5 (autodetect)
[00:00:04 -1747.990846] Model parameter optimization (eps = 3.000000)
[00:00:04 -1747.889031] FAST spr round 1 (radius: 5)
[00:00:04 -1747.888781] Model parameter optimization (eps = 1.000000)
[00:00:04 -1747.888744] SLOW spr round 1 (radius: 5)
[00:00:04] [worker #3] ML tree search #20, logLikelihood: -1747.941378
[00:00:04 -1747.888382] SLOW spr round 2 (radius: 10)
[00:00:04 -1747.888382] SLOW spr round 3 (radius: 15)
[00:00:04] [worker #1] ML tree search #18, logLikelihood: -1747.941318
[00:00:04 -1747.888382] SLOW spr round 4 (radius: 20)
[00:00:04 -1747.888382] SLOW spr round 5 (radius: 25)
[00:00:04 -1747.888382] Model parameter optimization (eps = 0.100000)

[00:00:04] [worker #0] ML tree search #17, logLikelihood: -1747.888380


Optimized model parameters:

   Partition 0: noname
   Rate heterogeneity: GAMMA (4 cats, mean),  alpha: 0.420333 (ML),  weights&rates: (0.250000,0.019754) (0.250000,0.196775) (0.250000,0.752378) (0.250000,3.031093) 
   Base frequencies (empirical): 0.258397 0.166141 0.233218 0.342244 
   Substitution rates (ML): 1.945866 7.459277 1.519513 2.107760 6.945280 1.000000 


Final LogLikelihood: -1747.887860

AIC score: 3667.775720 / AICc score: 3703.404292 / BIC score: 4031.427667
Free parameters (model + branch lengths): 86

WARNING: Best ML tree contains 18 near-zero branches!

Best ML tree with collapsed near-zero branches saved to: /data/jeremias/eucs/roadies/output/genes/gene_64_filtered.fa.aln.raxml.bestTreeCollapsed
Best ML tree saved to: /data/jeremias/eucs/roadies/output/genes/gene_64_filtered.fa.aln.raxml.bestTree
All ML trees saved to: /data/jeremias/eucs/roadies/output/genes/gene_64_filtered.fa.aln.raxml.mlTrees
Optimized model saved to: /data/jeremias/eucs/roadies/output/genes/gene_64_filtered.fa.aln.raxml.bestModel

Execution log saved to: /data/jeremias/eucs/roadies/output/genes/gene_64_filtered.fa.aln.raxml.log

Analysis started: 29-Jul-2024 17:26:10 / finished: 29-Jul-2024 17:26:15

Elapsed time: 4.618 seconds

