
RAxML-NG v. 1.2.2 released on 11.04.2024 by The Exelixis Lab.
Developed by: Alexey M. Kozlov and Alexandros Stamatakis.
Contributors: Diego Darriba, Tomas Flouri, Benoit Morel, Sarah Lutteropp, Ben Bettisworth, Julia Haag, Anastasis Togkousidis.
Latest version: https://github.com/amkozlov/raxml-ng
Questions/problems/suggestions? Please visit: https://groups.google.com/forum/#!forum/raxml

System: AMD EPYC 7742 64-Core Processor, 128 cores, 1007 GB RAM

RAxML-NG was called at 29-Jul-2024 17:26:15 as follows:

raxml-ng --msa /data/jeremias/eucs/roadies/output/genes/gene_34_filtered.fa.aln --model GTR+G+F --redo --threads auto{4} --blopt nr_safe

Analysis options:
  run mode: ML tree search
  start tree(s): random (10) + parsimony (10)
  random seed: 1722237975
  tip-inner: OFF
  pattern compression: ON
  per-rate scalers: OFF
  site repeats: ON
  logLH epsilon: general: 10.000000, brlen-triplet: 1000.000000
  fast spr radius: AUTO
  spr subtree cutoff: 1.000000
  fast CLV updates: ON
  branch lengths: proportional (ML estimate, algorithm: NR-SAFE)
  SIMD kernels: AVX2
  parallelization: coarse-grained (auto), PTHREADS (auto)

WARNING: Running in REDO mode: existing checkpoints are ignored, and all result files will be overwritten!

[00:00:00] Reading alignment from file: /data/jeremias/eucs/roadies/output/genes/gene_34_filtered.fa.aln
[00:00:00] Loaded alignment with 142 taxa and 517 sites

Alignment comprises 1 partitions and 464 patterns

Partition 0: noname
Model: GTR+FC+G4m
Alignment sites / patterns: 517 / 464
Gaps: 4.79 %
Invariant sites: 17.99 %


NOTE: Binary MSA file created: /data/jeremias/eucs/roadies/output/genes/gene_34_filtered.fa.aln.raxml.rba

Parallelization scheme autoconfig: 4 worker(s) x 1 thread(s)

[00:00:00] Generating 10 random starting tree(s) with 142 taxa
[00:00:00] Generating 10 parsimony starting tree(s) with 142 taxa
Parallel parsimony with 4 threads
Parallel reduction/worker buffer size: 1 KB  / 0 KB

[00:00:00] Data distribution: max. partitions/sites/weight per thread: 1 / 464 / 7424
[00:00:00] Data distribution: max. searches per worker: 5

Starting ML tree search with 20 distinct starting trees

[00:00:00 -37390.532919] Initial branch length optimization
[00:00:00 -32650.556791] Model parameter optimization (eps = 10.000000)
[00:00:01 -29531.055507] AUTODETECT spr round 1 (radius: 5)
[00:00:02 -18253.255314] AUTODETECT spr round 2 (radius: 10)
[00:00:03 -14190.410743] AUTODETECT spr round 3 (radius: 15)
[00:00:04 -14012.760060] AUTODETECT spr round 4 (radius: 20)
[00:00:05 -14011.991653] AUTODETECT spr round 5 (radius: 25)
[00:00:06 -14011.450033] SPR radius for FAST iterations: 25 (autodetect)
[00:00:07 -14011.450033] Model parameter optimization (eps = 3.000000)
[00:00:08 -13822.105820] FAST spr round 1 (radius: 25)
[00:00:08 -12754.351585] FAST spr round 2 (radius: 25)
[00:00:09 -12743.078315] FAST spr round 3 (radius: 25)
[00:00:10 -12742.582820] Model parameter optimization (eps = 1.000000)
[00:00:10 -12741.543946] SLOW spr round 1 (radius: 5)
[00:00:12 -12737.557160] SLOW spr round 2 (radius: 10)
[00:00:13 -12737.556841] SLOW spr round 3 (radius: 15)
[00:00:15 -12737.556839] SLOW spr round 4 (radius: 20)
[00:00:17] [worker #1] ML tree search #2, logLikelihood: -12737.002675
[00:00:18] [worker #3] ML tree search #4, logLikelihood: -12738.407320
[00:00:18 -12737.556839] SLOW spr round 5 (radius: 25)
[00:00:18] [worker #2] ML tree search #3, logLikelihood: -12737.439291
[00:00:19 -12737.556839] Model parameter optimization (eps = 0.100000)

[00:00:19] [worker #0] ML tree search #1, logLikelihood: -12737.547275

[00:00:19 -37744.300825] Initial branch length optimization
[00:00:19 -33157.612221] Model parameter optimization (eps = 10.000000)
[00:00:20 -30139.017271] AUTODETECT spr round 1 (radius: 5)
[00:00:20 -18425.728603] AUTODETECT spr round 2 (radius: 10)
[00:00:21 -14146.984764] AUTODETECT spr round 3 (radius: 15)
[00:00:23 -13909.032201] AUTODETECT spr round 4 (radius: 20)
[00:00:24 -13907.271017] AUTODETECT spr round 5 (radius: 25)
[00:00:25 -13905.433581] SPR radius for FAST iterations: 25 (autodetect)
[00:00:25 -13905.433581] Model parameter optimization (eps = 3.000000)
[00:00:25 -13719.122619] FAST spr round 1 (radius: 25)
[00:00:26 -12941.980353] FAST spr round 2 (radius: 25)
[00:00:27 -12750.556184] FAST spr round 3 (radius: 25)
[00:00:27 -12744.806404] Model parameter optimization (eps = 1.000000)
[00:00:27 -12744.421368] SLOW spr round 1 (radius: 5)
[00:00:29 -12737.269748] SLOW spr round 2 (radius: 10)
[00:00:31 -12737.269600] SLOW spr round 3 (radius: 15)
[00:00:33 -12737.269599] SLOW spr round 4 (radius: 20)
[00:00:34] [worker #3] ML tree search #8, logLikelihood: -12739.332717
[00:00:36 -12737.269599] SLOW spr round 5 (radius: 25)
[00:00:36] [worker #1] ML tree search #6, logLikelihood: -12737.475831
[00:00:38 -12737.269599] Model parameter optimization (eps = 0.100000)
[00:00:38] [worker #2] ML tree search #7, logLikelihood: -12737.428242

[00:00:38] [worker #0] ML tree search #5, logLikelihood: -12737.247868

[00:00:38 -37615.104383] Initial branch length optimization
[00:00:38 -33195.950105] Model parameter optimization (eps = 10.000000)
[00:00:38 -30179.186984] AUTODETECT spr round 1 (radius: 5)
[00:00:39 -18705.155033] AUTODETECT spr round 2 (radius: 10)
[00:00:40 -14424.224627] AUTODETECT spr round 3 (radius: 15)
[00:00:41 -14194.342774] AUTODETECT spr round 4 (radius: 20)
[00:00:42 -14194.134130] AUTODETECT spr round 5 (radius: 25)
[00:00:43 -14194.067875] SPR radius for FAST iterations: 20 (autodetect)
[00:00:43 -14194.067875] Model parameter optimization (eps = 3.000000)
[00:00:44 -13984.256346] FAST spr round 1 (radius: 20)
[00:00:45 -12817.867888] FAST spr round 2 (radius: 20)
[00:00:45 -12741.713080] FAST spr round 3 (radius: 20)
[00:00:46 -12741.224828] Model parameter optimization (eps = 1.000000)
[00:00:46 -12739.954040] SLOW spr round 1 (radius: 5)
[00:00:48 -12737.398662] SLOW spr round 2 (radius: 10)
[00:00:48] [worker #3] ML tree search #12, logLikelihood: -12739.450637
[00:00:49] [worker #2] ML tree search #11, logLikelihood: -12738.353563
[00:00:49 -12737.398381] SLOW spr round 3 (radius: 15)
[00:00:52 -12737.398380] SLOW spr round 4 (radius: 20)
[00:00:53] [worker #1] ML tree search #10, logLikelihood: -12740.082535
[00:00:54 -12737.398380] SLOW spr round 5 (radius: 25)
[00:00:55 -12737.398380] Model parameter optimization (eps = 0.100000)

[00:00:55] [worker #0] ML tree search #9, logLikelihood: -12737.389222

[00:00:55 -15714.433626] Initial branch length optimization
[00:00:55 -14135.460744] Model parameter optimization (eps = 10.000000)
[00:00:55 -12797.606724] AUTODETECT spr round 1 (radius: 5)
[00:00:56 -12741.973034] AUTODETECT spr round 2 (radius: 10)
[00:00:57 -12741.957359] SPR radius for FAST iterations: 5 (autodetect)
[00:00:57 -12741.957359] Model parameter optimization (eps = 3.000000)
[00:00:57 -12741.834818] FAST spr round 1 (radius: 5)
[00:00:57 -12740.352079] Model parameter optimization (eps = 1.000000)
[00:00:57 -12740.350089] SLOW spr round 1 (radius: 5)
[00:00:59 -12739.648936] SLOW spr round 2 (radius: 10)
[00:00:59] [worker #3] ML tree search #16, logLikelihood: -12738.446707
[00:01:00] [worker #2] ML tree search #15, logLikelihood: -12738.353798
[00:01:00 -12739.648894] SLOW spr round 3 (radius: 15)
[00:01:03 -12739.648894] SLOW spr round 4 (radius: 20)
[00:01:05 -12739.648894] SLOW spr round 5 (radius: 25)
[00:01:06] [worker #1] ML tree search #14, logLikelihood: -12738.475937
[00:01:07 -12739.648894] Model parameter optimization (eps = 0.100000)

[00:01:07] [worker #0] ML tree search #13, logLikelihood: -12739.648099

[00:01:07 -15684.902480] Initial branch length optimization
[00:01:07 -14106.965291] Model parameter optimization (eps = 10.000000)
[00:01:07 -12776.402346] AUTODETECT spr round 1 (radius: 5)
[00:01:08 -12741.631561] AUTODETECT spr round 2 (radius: 10)
[00:01:09 -12741.607877] SPR radius for FAST iterations: 5 (autodetect)
[00:01:09 -12741.607877] Model parameter optimization (eps = 3.000000)
[00:01:09 -12741.543214] FAST spr round 1 (radius: 5)
[00:01:09 -12738.473090] Model parameter optimization (eps = 1.000000)
[00:01:09 -12738.451903] SLOW spr round 1 (radius: 5)
[00:01:10] [worker #3] ML tree search #20, logLikelihood: -12738.904847
[00:01:11 -12738.355884] SLOW spr round 2 (radius: 10)
[00:01:12] [worker #2] ML tree search #19, logLikelihood: -12738.671567
[00:01:12 -12738.355875] SLOW spr round 3 (radius: 15)
[00:01:15 -12738.355875] SLOW spr round 4 (radius: 20)
[00:01:17 -12738.355875] SLOW spr round 5 (radius: 25)
[00:01:18 -12738.355875] Model parameter optimization (eps = 0.100000)

[00:01:18] [worker #0] ML tree search #17, logLikelihood: -12738.353595

[00:01:18] [worker #1] ML tree search #18, logLikelihood: -12738.230817

Optimized model parameters:

   Partition 0: noname
   Rate heterogeneity: GAMMA (4 cats, mean),  alpha: 0.852313 (ML),  weights&rates: (0.250000,0.106632) (0.250000,0.427373) (0.250000,0.970459) (0.250000,2.495536) 
   Base frequencies (empirical): 0.228340 0.218498 0.221302 0.331860 
   Substitution rates (ML): 1.079898 10.522309 0.941703 0.414320 6.436489 1.000000 


Final LogLikelihood: -12737.002675

AIC score: 26054.005350 / AICc score: 26800.819509 / BIC score: 27285.937784
Free parameters (model + branch lengths): 290

WARNING: Best ML tree contains 19 near-zero branches!

Best ML tree with collapsed near-zero branches saved to: /data/jeremias/eucs/roadies/output/genes/gene_34_filtered.fa.aln.raxml.bestTreeCollapsed
Best ML tree saved to: /data/jeremias/eucs/roadies/output/genes/gene_34_filtered.fa.aln.raxml.bestTree
All ML trees saved to: /data/jeremias/eucs/roadies/output/genes/gene_34_filtered.fa.aln.raxml.mlTrees
Optimized model saved to: /data/jeremias/eucs/roadies/output/genes/gene_34_filtered.fa.aln.raxml.bestModel

Execution log saved to: /data/jeremias/eucs/roadies/output/genes/gene_34_filtered.fa.aln.raxml.log

Analysis started: 29-Jul-2024 17:26:15 / finished: 29-Jul-2024 17:27:33

Elapsed time: 78.109 seconds

