
RAxML-NG v. 1.2.2 released on 11.04.2024 by The Exelixis Lab.
Developed by: Alexey M. Kozlov and Alexandros Stamatakis.
Contributors: Diego Darriba, Tomas Flouri, Benoit Morel, Sarah Lutteropp, Ben Bettisworth, Julia Haag, Anastasis Togkousidis.
Latest version: https://github.com/amkozlov/raxml-ng
Questions/problems/suggestions? Please visit: https://groups.google.com/forum/#!forum/raxml

System: AMD EPYC 7742 64-Core Processor, 128 cores, 1007 GB RAM

RAxML-NG was called at 29-Jul-2024 16:49:18 as follows:

raxml-ng --msa /data/jeremias/eucs/roadies/output/genes/gene_176_filtered.fa.aln --model GTR+G+F --redo --threads auto{4} --blopt nr_safe

Analysis options:
  run mode: ML tree search
  start tree(s): random (10) + parsimony (10)
  random seed: 1722235758
  tip-inner: OFF
  pattern compression: ON
  per-rate scalers: OFF
  site repeats: ON
  logLH epsilon: general: 10.000000, brlen-triplet: 1000.000000
  fast spr radius: AUTO
  spr subtree cutoff: 1.000000
  fast CLV updates: ON
  branch lengths: proportional (ML estimate, algorithm: NR-SAFE)
  SIMD kernels: AVX2
  parallelization: coarse-grained (auto), PTHREADS (auto)

WARNING: Running in REDO mode: existing checkpoints are ignored, and all result files will be overwritten!

[00:00:00] Reading alignment from file: /data/jeremias/eucs/roadies/output/genes/gene_176_filtered.fa.aln
[00:00:00] Loaded alignment with 90 taxa and 604 sites

WARNING: Sequences E_melliodora_1 and E_fibrosa_0 are exactly identical!
WARNING: Sequences E_sid_E_mel_0 and E_sideroxylon_0 are exactly identical!
WARNING: Sequences E_sid_E_mel_0 and E_melliodora_0 are exactly identical!
WARNING: Sequences E_cloeziana_0 and E_marginata_0 are exactly identical!
WARNING: Sequences E_viminalis_0 and E_viminalis_1 are exactly identical!
WARNING: Sequences E_viminalis_0 and E_grandis_0 are exactly identical!
WARNING: Sequences E_grandis_1 and E_guilfoylei_0 are exactly identical!
WARNING: Duplicate sequences found: 7

NOTE: Reduced alignment (with duplicates and gap-only sites/taxa removed) 
NOTE: was saved to: /data/jeremias/eucs/roadies/output/genes/gene_176_filtered.fa.aln.raxml.reduced.phy

Alignment comprises 1 partitions and 438 patterns

Partition 0: noname
Model: GTR+FC+G4m
Alignment sites / patterns: 604 / 438
Gaps: 17.93 %
Invariant sites: 23.34 %


NOTE: Binary MSA file created: /data/jeremias/eucs/roadies/output/genes/gene_176_filtered.fa.aln.raxml.rba

Parallelization scheme autoconfig: 4 worker(s) x 1 thread(s)

[00:00:00] Generating 10 random starting tree(s) with 90 taxa
[00:00:00] Generating 10 parsimony starting tree(s) with 90 taxa
Parallel parsimony with 4 threads
Parallel reduction/worker buffer size: 1 KB  / 0 KB

[00:00:00] Data distribution: max. partitions/sites/weight per thread: 1 / 438 / 7008
[00:00:00] Data distribution: max. searches per worker: 5

Starting ML tree search with 20 distinct starting trees

[00:00:00 -35836.168697] Initial branch length optimization
[00:00:00 -21054.876848] Model parameter optimization (eps = 10.000000)
[00:00:01 -18908.399051] AUTODETECT spr round 1 (radius: 5)
[00:00:01 -9948.497597] AUTODETECT spr round 2 (radius: 10)
[00:00:02 -8488.503614] AUTODETECT spr round 3 (radius: 15)
[00:00:03 -5902.872235] AUTODETECT spr round 4 (radius: 20)
[00:00:03 -5896.100954] AUTODETECT spr round 5 (radius: 25)
[00:00:04 -5896.040399] SPR radius for FAST iterations: 20 (autodetect)
[00:00:04 -5896.040399] Model parameter optimization (eps = 3.000000)
[00:00:04 -5683.326863] FAST spr round 1 (radius: 20)
[00:00:05 -5440.865141] FAST spr round 2 (radius: 20)
[00:00:06 -5421.259441] FAST spr round 3 (radius: 20)
[00:00:07 -5421.259285] Model parameter optimization (eps = 1.000000)
[00:00:07 -5413.758169] SLOW spr round 1 (radius: 5)
[00:00:10 -5413.744109] SLOW spr round 2 (radius: 10)
[00:00:11 -5413.463146] SLOW spr round 3 (radius: 15)
[00:00:13] [worker #1] ML tree search #2, logLikelihood: -5412.211911
[00:00:14 -5413.463146] SLOW spr round 4 (radius: 20)
[00:00:15 -5413.463146] SLOW spr round 5 (radius: 25)
[00:00:16] [worker #3] ML tree search #4, logLikelihood: -5414.013994
[00:00:17 -5413.463146] Model parameter optimization (eps = 0.100000)

[00:00:17] [worker #0] ML tree search #1, logLikelihood: -5413.343112

[00:00:17 -38163.468231] Initial branch length optimization
[00:00:17 -23017.728728] Model parameter optimization (eps = 10.000000)
[00:00:18] [worker #2] ML tree search #3, logLikelihood: -5413.302086
[00:00:18 -20556.982668] AUTODETECT spr round 1 (radius: 5)
[00:00:19 -8829.588834] AUTODETECT spr round 2 (radius: 10)
[00:00:20 -5885.285044] AUTODETECT spr round 3 (radius: 15)
[00:00:21 -5855.426286] AUTODETECT spr round 4 (radius: 20)
[00:00:21 -5814.863341] AUTODETECT spr round 5 (radius: 25)
[00:00:22 -5814.765401] SPR radius for FAST iterations: 20 (autodetect)
[00:00:22 -5814.765401] Model parameter optimization (eps = 3.000000)
[00:00:22 -5598.262400] FAST spr round 1 (radius: 20)
[00:00:23 -5467.220954] FAST spr round 2 (radius: 20)
[00:00:24 -5426.363511] FAST spr round 3 (radius: 20)
[00:00:25 -5420.237556] Model parameter optimization (eps = 1.000000)
[00:00:25 -5414.202764] SLOW spr round 1 (radius: 5)
[00:00:27] [worker #1] ML tree search #6, logLikelihood: -5412.898077
[00:00:27 -5414.021853] SLOW spr round 2 (radius: 10)
[00:00:29] [worker #3] ML tree search #8, logLikelihood: -5413.616296
[00:00:29 -5413.674248] SLOW spr round 3 (radius: 15)
[00:00:32 -5413.674246] SLOW spr round 4 (radius: 20)
[00:00:34 -5413.674246] SLOW spr round 5 (radius: 25)
[00:00:35 -5413.674246] Model parameter optimization (eps = 0.100000)

[00:00:35] [worker #0] ML tree search #5, logLikelihood: -5413.579253

[00:00:35 -35599.244002] Initial branch length optimization
[00:00:35 -19991.928387] Model parameter optimization (eps = 10.000000)
[00:00:35] [worker #2] ML tree search #7, logLikelihood: -5414.963887
[00:00:36 -18003.266865] AUTODETECT spr round 1 (radius: 5)
[00:00:37 -10429.346997] AUTODETECT spr round 2 (radius: 10)
[00:00:38 -7208.527306] AUTODETECT spr round 3 (radius: 15)
[00:00:38] [worker #3] ML tree search #12, logLikelihood: -5420.685355
[00:00:39 -5965.794384] AUTODETECT spr round 4 (radius: 20)
[00:00:39] [worker #1] ML tree search #10, logLikelihood: -5414.814573
[00:00:40 -5964.853995] AUTODETECT spr round 5 (radius: 25)
[00:00:40 -5964.739133] SPR radius for FAST iterations: 25 (autodetect)
[00:00:40 -5964.739133] Model parameter optimization (eps = 3.000000)
[00:00:41 -5763.862660] FAST spr round 1 (radius: 25)
[00:00:41 -5449.851451] FAST spr round 2 (radius: 25)
[00:00:42 -5423.602606] FAST spr round 3 (radius: 25)
[00:00:43 -5423.498213] Model parameter optimization (eps = 1.000000)
[00:00:43 -5412.729306] SLOW spr round 1 (radius: 5)
[00:00:46 -5412.725796] SLOW spr round 2 (radius: 10)
[00:00:47] [worker #3] ML tree search #16, logLikelihood: -5413.565916
[00:00:47] [worker #2] ML tree search #11, logLikelihood: -5413.511775
[00:00:47] [worker #1] ML tree search #14, logLikelihood: -5418.760751
[00:00:48 -5412.725648] SLOW spr round 3 (radius: 15)
[00:00:50 -5412.368869] SLOW spr round 4 (radius: 20)
[00:00:52 -5412.368860] SLOW spr round 5 (radius: 25)
[00:00:53 -5412.368859] Model parameter optimization (eps = 0.100000)

[00:00:53] [worker #0] ML tree search #9, logLikelihood: -5412.226414

[00:00:53 -8143.532193] Initial branch length optimization
[00:00:53 -5688.889120] Model parameter optimization (eps = 10.000000)
[00:00:54 -5472.427173] AUTODETECT spr round 1 (radius: 5)
[00:00:54 -5439.143198] AUTODETECT spr round 2 (radius: 10)
[00:00:55 -5433.481932] AUTODETECT spr round 3 (radius: 15)
[00:00:55 -5433.250757] AUTODETECT spr round 4 (radius: 20)
[00:00:56 -5433.005319] AUTODETECT spr round 5 (radius: 25)
[00:00:57 -5432.754536] SPR radius for FAST iterations: 25 (autodetect)
[00:00:57 -5432.754536] Model parameter optimization (eps = 3.000000)
[00:00:57 -5431.629693] FAST spr round 1 (radius: 25)
[00:00:57] [worker #1] ML tree search #18, logLikelihood: -5421.336546
[00:00:57 -5423.340163] Model parameter optimization (eps = 1.000000)
[00:00:57 -5423.175713] SLOW spr round 1 (radius: 5)
[00:00:58] [worker #3] ML tree search #20, logLikelihood: -5415.618058
[00:00:59] [worker #2] ML tree search #15, logLikelihood: -5420.030010
[00:01:00 -5421.956664] SLOW spr round 2 (radius: 10)
[00:01:02 -5421.954287] SLOW spr round 3 (radius: 15)
[00:01:04 -5421.952152] SLOW spr round 4 (radius: 20)
[00:01:05 -5421.950045] SLOW spr round 5 (radius: 25)
[00:01:06 -5421.947944] Model parameter optimization (eps = 0.100000)

[00:01:07] [worker #0] ML tree search #13, logLikelihood: -5421.893460

[00:01:07 -8100.765768] Initial branch length optimization
[00:01:07 -5683.643386] Model parameter optimization (eps = 10.000000)
[00:01:07 -5467.645588] AUTODETECT spr round 1 (radius: 5)
[00:01:07 -5417.648456] AUTODETECT spr round 2 (radius: 10)
[00:01:08 -5417.098150] AUTODETECT spr round 3 (radius: 15)
[00:01:09 -5416.572368] AUTODETECT spr round 4 (radius: 20)
[00:01:10 -5416.429412] AUTODETECT spr round 5 (radius: 25)
[00:01:10 -5416.361352] SPR radius for FAST iterations: 20 (autodetect)
[00:01:10 -5416.361352] Model parameter optimization (eps = 3.000000)
[00:01:10 -5414.963581] FAST spr round 1 (radius: 20)
[00:01:11 -5412.543363] Model parameter optimization (eps = 1.000000)
[00:01:11 -5412.380685] SLOW spr round 1 (radius: 5)
[00:01:12 -5412.228069] SLOW spr round 2 (radius: 10)
[00:01:13] [worker #2] ML tree search #19, logLikelihood: -5413.510886
[00:01:14 -5412.227447] SLOW spr round 3 (radius: 15)
[00:01:15 -5412.227339] SLOW spr round 4 (radius: 20)
[00:01:16 -5412.227320] SLOW spr round 5 (radius: 25)
[00:01:17 -5412.227317] Model parameter optimization (eps = 0.100000)

[00:01:17] [worker #0] ML tree search #17, logLikelihood: -5412.197695


Optimized model parameters:

   Partition 0: noname
   Rate heterogeneity: GAMMA (4 cats, mean),  alpha: 2.217005 (ML),  weights&rates: (0.250000,0.317872) (0.250000,0.676269) (0.250000,1.074579) (0.250000,1.931280) 
   Base frequencies (empirical): 0.276591 0.232925 0.218803 0.271682 
   Substitution rates (ML): 0.815962 5.013004 0.679413 1.120614 4.818484 1.000000 


Final LogLikelihood: -5412.197695

AIC score: 11196.395390 / AICc score: 11363.215534 / BIC score: 12015.460191
Free parameters (model + branch lengths): 186

WARNING: Best ML tree contains 27 near-zero branches!

Best ML tree with collapsed near-zero branches saved to: /data/jeremias/eucs/roadies/output/genes/gene_176_filtered.fa.aln.raxml.bestTreeCollapsed
Best ML tree saved to: /data/jeremias/eucs/roadies/output/genes/gene_176_filtered.fa.aln.raxml.bestTree
All ML trees saved to: /data/jeremias/eucs/roadies/output/genes/gene_176_filtered.fa.aln.raxml.mlTrees
Optimized model saved to: /data/jeremias/eucs/roadies/output/genes/gene_176_filtered.fa.aln.raxml.bestModel

Execution log saved to: /data/jeremias/eucs/roadies/output/genes/gene_176_filtered.fa.aln.raxml.log

Analysis started: 29-Jul-2024 16:49:18 / finished: 29-Jul-2024 16:50:36

Elapsed time: 77.719 seconds

