
RAxML-NG v. 1.2.2 released on 11.04.2024 by The Exelixis Lab.
Developed by: Alexey M. Kozlov and Alexandros Stamatakis.
Contributors: Diego Darriba, Tomas Flouri, Benoit Morel, Sarah Lutteropp, Ben Bettisworth, Julia Haag, Anastasis Togkousidis.
Latest version: https://github.com/amkozlov/raxml-ng
Questions/problems/suggestions? Please visit: https://groups.google.com/forum/#!forum/raxml

System: AMD EPYC 7742 64-Core Processor, 128 cores, 1007 GB RAM

RAxML-NG was called at 29-Jul-2024 14:05:32 as follows:

raxml-ng --msa /data/jeremias/eucs/roadies/output/genes/gene_28_filtered.fa.aln --model GTR+G+F --redo --threads auto{4} --blopt nr_safe

Analysis options:
  run mode: ML tree search
  start tree(s): random (10) + parsimony (10)
  random seed: 1722225932
  tip-inner: OFF
  pattern compression: ON
  per-rate scalers: OFF
  site repeats: ON
  logLH epsilon: general: 10.000000, brlen-triplet: 1000.000000
  fast spr radius: AUTO
  spr subtree cutoff: 1.000000
  fast CLV updates: ON
  branch lengths: proportional (ML estimate, algorithm: NR-SAFE)
  SIMD kernels: AVX2
  parallelization: coarse-grained (auto), PTHREADS (auto)

WARNING: Running in REDO mode: existing checkpoints are ignored, and all result files will be overwritten!

[00:00:00] Reading alignment from file: /data/jeremias/eucs/roadies/output/genes/gene_28_filtered.fa.aln
[00:00:00] Loaded alignment with 66 taxa and 592 sites

Alignment comprises 1 partitions and 449 patterns

Partition 0: noname
Model: GTR+FC+G4m
Alignment sites / patterns: 592 / 449
Gaps: 16.07 %
Invariant sites: 37.16 %


NOTE: Binary MSA file created: /data/jeremias/eucs/roadies/output/genes/gene_28_filtered.fa.aln.raxml.rba

Parallelization scheme autoconfig: 4 worker(s) x 1 thread(s)

[00:00:00] Generating 10 random starting tree(s) with 66 taxa
[00:00:00] Generating 10 parsimony starting tree(s) with 66 taxa
Parallel parsimony with 4 threads
Parallel reduction/worker buffer size: 1 KB  / 0 KB

[00:00:00] Data distribution: max. partitions/sites/weight per thread: 1 / 449 / 7184
[00:00:00] Data distribution: max. searches per worker: 5

Starting ML tree search with 20 distinct starting trees

[00:00:00 -12064.215534] Initial branch length optimization
[00:00:00 -9779.320944] Model parameter optimization (eps = 10.000000)
[00:00:00 -9142.056002] AUTODETECT spr round 1 (radius: 5)
[00:00:00 -6082.164845] AUTODETECT spr round 2 (radius: 10)
[00:00:01 -5693.450558] AUTODETECT spr round 3 (radius: 15)
[00:00:01 -5672.459044] AUTODETECT spr round 4 (radius: 20)
[00:00:01 -5668.795604] AUTODETECT spr round 5 (radius: 25)
[00:00:01 -5667.291409] SPR radius for FAST iterations: 25 (autodetect)
[00:00:01 -5667.291409] Model parameter optimization (eps = 3.000000)
[00:00:01 -5579.805833] FAST spr round 1 (radius: 25)
[00:00:02 -5432.700943] FAST spr round 2 (radius: 25)
[00:00:02 -5427.201934] Model parameter optimization (eps = 1.000000)
[00:00:02 -5425.975642] SLOW spr round 1 (radius: 5)
[00:00:03 -5424.756951] SLOW spr round 2 (radius: 10)
[00:00:04 -5424.756467] SLOW spr round 3 (radius: 15)
[00:00:04] [worker #1] ML tree search #2, logLikelihood: -5422.621814
[00:00:04] [worker #3] ML tree search #4, logLikelihood: -5422.175097
[00:00:04] [worker #2] ML tree search #3, logLikelihood: -5422.532567
[00:00:04 -5424.756446] SLOW spr round 4 (radius: 20)
[00:00:05 -5424.756445] SLOW spr round 5 (radius: 25)
[00:00:05 -5424.756445] Model parameter optimization (eps = 0.100000)

[00:00:05] [worker #0] ML tree search #1, logLikelihood: -5424.728514

[00:00:05 -12262.259580] Initial branch length optimization
[00:00:05 -10318.550694] Model parameter optimization (eps = 10.000000)
[00:00:05 -9592.158760] AUTODETECT spr round 1 (radius: 5)
[00:00:06 -6659.916842] AUTODETECT spr round 2 (radius: 10)
[00:00:06 -5762.422323] AUTODETECT spr round 3 (radius: 15)
[00:00:06 -5733.537513] AUTODETECT spr round 4 (radius: 20)
[00:00:06 -5728.137993] AUTODETECT spr round 5 (radius: 25)
[00:00:07 -5724.393121] SPR radius for FAST iterations: 25 (autodetect)
[00:00:07 -5724.393121] Model parameter optimization (eps = 3.000000)
[00:00:07 -5629.196555] FAST spr round 1 (radius: 25)
[00:00:07 -5468.395024] FAST spr round 2 (radius: 25)
[00:00:07 -5433.640936] FAST spr round 3 (radius: 25)
[00:00:08 -5427.249008] Model parameter optimization (eps = 1.000000)
[00:00:08 -5425.515918] SLOW spr round 1 (radius: 5)
[00:00:08 -5421.406979] SLOW spr round 2 (radius: 10)
[00:00:09] [worker #2] ML tree search #7, logLikelihood: -5421.298501
[00:00:09] [worker #1] ML tree search #6, logLikelihood: -5423.542639
[00:00:09] [worker #3] ML tree search #8, logLikelihood: -5426.336562
[00:00:09 -5421.406800] SLOW spr round 3 (radius: 15)
[00:00:10 -5421.406793] SLOW spr round 4 (radius: 20)
[00:00:10 -5421.406793] SLOW spr round 5 (radius: 25)
[00:00:10 -5421.406793] Model parameter optimization (eps = 0.100000)

[00:00:10] [worker #0] ML tree search #5, logLikelihood: -5421.318300

[00:00:10 -12582.604706] Initial branch length optimization
[00:00:10 -10340.610512] Model parameter optimization (eps = 10.000000)
[00:00:10 -9575.606568] AUTODETECT spr round 1 (radius: 5)
[00:00:11 -7118.721284] AUTODETECT spr round 2 (radius: 10)
[00:00:11 -5858.900045] AUTODETECT spr round 3 (radius: 15)
[00:00:11 -5837.512897] AUTODETECT spr round 4 (radius: 20)
[00:00:11 -5833.226650] AUTODETECT spr round 5 (radius: 25)
[00:00:11 -5829.892857] SPR radius for FAST iterations: 25 (autodetect)
[00:00:11 -5829.892857] Model parameter optimization (eps = 3.000000)
[00:00:12 -5724.171670] FAST spr round 1 (radius: 25)
[00:00:12 -5466.591483] FAST spr round 2 (radius: 25)
[00:00:12 -5430.988580] FAST spr round 3 (radius: 25)
[00:00:12] [worker #2] ML tree search #11, logLikelihood: -5423.927794
[00:00:12 -5430.425323] Model parameter optimization (eps = 1.000000)
[00:00:12] [worker #3] ML tree search #12, logLikelihood: -5424.223922
[00:00:13 -5427.726078] SLOW spr round 1 (radius: 5)
[00:00:13 -5427.725857] SLOW spr round 2 (radius: 10)
[00:00:14 -5427.725857] SLOW spr round 3 (radius: 15)
[00:00:14] [worker #1] ML tree search #10, logLikelihood: -5425.705498
[00:00:14 -5427.725857] SLOW spr round 4 (radius: 20)
[00:00:15 -5427.725857] SLOW spr round 5 (radius: 25)
[00:00:15 -5427.725857] Model parameter optimization (eps = 0.100000)

[00:00:15] [worker #0] ML tree search #9, logLikelihood: -5427.725828

[00:00:15 -6616.158036] Initial branch length optimization
[00:00:15 -5622.906186] Model parameter optimization (eps = 10.000000)
[00:00:15 -5491.253073] AUTODETECT spr round 1 (radius: 5)
[00:00:15 -5441.091137] AUTODETECT spr round 2 (radius: 10)
[00:00:16 -5441.059724] SPR radius for FAST iterations: 5 (autodetect)
[00:00:16 -5441.059724] Model parameter optimization (eps = 3.000000)
[00:00:16 -5440.912882] FAST spr round 1 (radius: 5)
[00:00:16] [worker #2] ML tree search #15, logLikelihood: -5421.551565
[00:00:16] [worker #3] ML tree search #16, logLikelihood: -5425.756409
[00:00:16 -5433.563771] Model parameter optimization (eps = 1.000000)
[00:00:16 -5433.538028] SLOW spr round 1 (radius: 5)
[00:00:17 -5426.576562] SLOW spr round 2 (radius: 10)
[00:00:17] [worker #1] ML tree search #14, logLikelihood: -5426.107398
[00:00:17 -5426.070150] SLOW spr round 3 (radius: 15)
[00:00:18 -5426.070063] SLOW spr round 4 (radius: 20)
[00:00:18 -5426.070063] SLOW spr round 5 (radius: 25)
[00:00:18 -5426.070063] Model parameter optimization (eps = 0.100000)

[00:00:18] [worker #0] ML tree search #13, logLikelihood: -5426.012887

[00:00:18 -6589.380514] Initial branch length optimization
[00:00:19 -5616.580866] Model parameter optimization (eps = 10.000000)
[00:00:19 -5487.537302] AUTODETECT spr round 1 (radius: 5)
[00:00:19 -5449.176911] AUTODETECT spr round 2 (radius: 10)
[00:00:19] [worker #2] ML tree search #19, logLikelihood: -5424.272337
[00:00:19 -5437.322113] AUTODETECT spr round 3 (radius: 15)
[00:00:19] [worker #3] ML tree search #20, logLikelihood: -5425.169876
[00:00:19 -5437.262813] SPR radius for FAST iterations: 10 (autodetect)
[00:00:19 -5437.262813] Model parameter optimization (eps = 3.000000)
[00:00:19 -5437.083838] FAST spr round 1 (radius: 10)
[00:00:20 -5436.472588] Model parameter optimization (eps = 1.000000)
[00:00:20 -5436.471003] SLOW spr round 1 (radius: 5)
[00:00:20 -5432.623162] SLOW spr round 2 (radius: 10)
[00:00:20] [worker #1] ML tree search #18, logLikelihood: -5422.025338
[00:00:21 -5427.871248] SLOW spr round 3 (radius: 15)
[00:00:21 -5427.871020] SLOW spr round 4 (radius: 20)
[00:00:22 -5427.871020] SLOW spr round 5 (radius: 25)
[00:00:22 -5427.871020] Model parameter optimization (eps = 0.100000)

[00:00:22] [worker #0] ML tree search #17, logLikelihood: -5427.768072


Optimized model parameters:

   Partition 0: noname
   Rate heterogeneity: GAMMA (4 cats, mean),  alpha: 1.133656 (ML),  weights&rates: (0.250000,0.162824) (0.250000,0.513543) (0.250000,1.019042) (0.250000,2.304591) 
   Base frequencies (empirical): 0.267596 0.255489 0.291291 0.185625 
   Substitution rates (ML): 0.617400 2.519659 0.858002 0.924415 3.162281 1.000000 


Final LogLikelihood: -5421.298501

AIC score: 11118.597002 / AICc score: 11203.285743 / BIC score: 11723.520917
Free parameters (model + branch lengths): 138

WARNING: Best ML tree contains 6 near-zero branches!

Best ML tree with collapsed near-zero branches saved to: /data/jeremias/eucs/roadies/output/genes/gene_28_filtered.fa.aln.raxml.bestTreeCollapsed
Best ML tree saved to: /data/jeremias/eucs/roadies/output/genes/gene_28_filtered.fa.aln.raxml.bestTree
All ML trees saved to: /data/jeremias/eucs/roadies/output/genes/gene_28_filtered.fa.aln.raxml.mlTrees
Optimized model saved to: /data/jeremias/eucs/roadies/output/genes/gene_28_filtered.fa.aln.raxml.bestModel

Execution log saved to: /data/jeremias/eucs/roadies/output/genes/gene_28_filtered.fa.aln.raxml.log

Analysis started: 29-Jul-2024 14:05:32 / finished: 29-Jul-2024 14:05:54

Elapsed time: 22.427 seconds

