
RAxML-NG v. 1.2.2 released on 11.04.2024 by The Exelixis Lab.
Developed by: Alexey M. Kozlov and Alexandros Stamatakis.
Contributors: Diego Darriba, Tomas Flouri, Benoit Morel, Sarah Lutteropp, Ben Bettisworth, Julia Haag, Anastasis Togkousidis.
Latest version: https://github.com/amkozlov/raxml-ng
Questions/problems/suggestions? Please visit: https://groups.google.com/forum/#!forum/raxml

System: AMD EPYC 7742 64-Core Processor, 128 cores, 1007 GB RAM

RAxML-NG was called at 29-Jul-2024 16:37:30 as follows:

raxml-ng --msa /data/jeremias/eucs/roadies/output/genes/gene_212_filtered.fa.aln --model GTR+G+F --redo --threads auto{4} --blopt nr_safe

Analysis options:
  run mode: ML tree search
  start tree(s): random (10) + parsimony (10)
  random seed: 1722235050
  tip-inner: OFF
  pattern compression: ON
  per-rate scalers: OFF
  site repeats: ON
  logLH epsilon: general: 10.000000, brlen-triplet: 1000.000000
  fast spr radius: AUTO
  spr subtree cutoff: 1.000000
  fast CLV updates: ON
  branch lengths: proportional (ML estimate, algorithm: NR-SAFE)
  SIMD kernels: AVX2
  parallelization: coarse-grained (auto), PTHREADS (auto)

WARNING: Running in REDO mode: existing checkpoints are ignored, and all result files will be overwritten!

[00:00:00] Reading alignment from file: /data/jeremias/eucs/roadies/output/genes/gene_212_filtered.fa.aln
[00:00:00] Loaded alignment with 358 taxa and 504 sites

WARNING: Sequences E_dawsonii_1 and E_dawsonii_0 are exactly identical!
WARNING: Sequences E_dawsonii_1 and E_polyanthemos_0 are exactly identical!
WARNING: Duplicate sequences found: 2

NOTE: Reduced alignment (with duplicates and gap-only sites/taxa removed) 
NOTE: was saved to: /data/jeremias/eucs/roadies/output/genes/gene_212_filtered.fa.aln.raxml.reduced.phy

Alignment comprises 1 partitions and 504 patterns

Partition 0: noname
Model: GTR+FC+G4m
Alignment sites / patterns: 504 / 504
Gaps: 2.22 %
Invariant sites: 1.59 %


NOTE: Binary MSA file created: /data/jeremias/eucs/roadies/output/genes/gene_212_filtered.fa.aln.raxml.rba

Parallelization scheme autoconfig: 4 worker(s) x 1 thread(s)

[00:00:00] Generating 10 random starting tree(s) with 358 taxa
[00:00:00] Generating 10 parsimony starting tree(s) with 358 taxa
Parallel parsimony with 4 threads
Parallel reduction/worker buffer size: 1 KB  / 0 KB

[00:00:00] Data distribution: max. partitions/sites/weight per thread: 1 / 504 / 8064
[00:00:00] Data distribution: max. searches per worker: 5

Starting ML tree search with 20 distinct starting trees

[00:00:00 -107431.714569] Initial branch length optimization
[00:00:00 -92568.847832] Model parameter optimization (eps = 10.000000)
[00:00:02 -83411.260309] AUTODETECT spr round 1 (radius: 5)
[00:00:04 -59225.725075] AUTODETECT spr round 2 (radius: 10)
[00:00:07 -43037.380011] AUTODETECT spr round 3 (radius: 15)
[00:00:11 -38106.893814] AUTODETECT spr round 4 (radius: 20)
[00:00:16 -37598.669679] AUTODETECT spr round 5 (radius: 25)
[00:00:21 -37598.462312] SPR radius for FAST iterations: 25 (autodetect)
[00:00:21 -37598.462312] Model parameter optimization (eps = 3.000000)
[00:00:23 -37340.356990] FAST spr round 1 (radius: 25)
[00:00:26 -33262.706314] FAST spr round 2 (radius: 25)
[00:00:29 -33188.263676] FAST spr round 3 (radius: 25)
[00:00:30 -33186.934301] Model parameter optimization (eps = 1.000000)
[00:00:31 -33185.043756] SLOW spr round 1 (radius: 5)
[00:00:37 -33178.049214] SLOW spr round 2 (radius: 10)
[00:00:42 -33178.039527] SLOW spr round 3 (radius: 15)
[00:00:53 -33178.039147] SLOW spr round 4 (radius: 20)
[00:01:08 -33178.039125] SLOW spr round 5 (radius: 25)
[00:01:24 -33178.039124] Model parameter optimization (eps = 0.100000)

[00:01:25] [worker #0] ML tree search #1, logLikelihood: -33178.015925

[00:01:25 -107552.601862] Initial branch length optimization
[00:01:25 -92052.768279] Model parameter optimization (eps = 10.000000)
[00:01:26] [worker #2] ML tree search #3, logLikelihood: -33179.197960
[00:01:26] [worker #1] ML tree search #2, logLikelihood: -33175.024734
[00:01:27 -82757.870305] AUTODETECT spr round 1 (radius: 5)
[00:01:28 -59298.581258] AUTODETECT spr round 2 (radius: 10)
[00:01:31] [worker #3] ML tree search #4, logLikelihood: -33178.940761
[00:01:31 -42238.122886] AUTODETECT spr round 3 (radius: 15)
[00:01:35 -38607.016514] AUTODETECT spr round 4 (radius: 20)
[00:01:42 -37600.818213] AUTODETECT spr round 5 (radius: 25)
[00:01:48 -37596.455838] SPR radius for FAST iterations: 25 (autodetect)
[00:01:48 -37596.455838] Model parameter optimization (eps = 3.000000)
[00:01:49 -37340.349560] FAST spr round 1 (radius: 25)
[00:01:52 -33408.062866] FAST spr round 2 (radius: 25)
[00:01:55 -33206.140213] FAST spr round 3 (radius: 25)
[00:01:56 -33187.563053] FAST spr round 4 (radius: 25)
[00:01:58 -33187.562452] Model parameter optimization (eps = 1.000000)
[00:01:58 -33183.779979] SLOW spr round 1 (radius: 5)
[00:02:04 -33177.616639] SLOW spr round 2 (radius: 10)
[00:02:09 -33177.616632] SLOW spr round 3 (radius: 15)
[00:02:21 -33177.616632] SLOW spr round 4 (radius: 20)
[00:02:36 -33177.616632] SLOW spr round 5 (radius: 25)
[00:02:50] [worker #2] ML tree search #7, logLikelihood: -33178.421778
[00:02:52 -33177.616632] Model parameter optimization (eps = 0.100000)

[00:02:52] [worker #0] ML tree search #5, logLikelihood: -33177.597610

[00:02:52 -106832.767203] Initial branch length optimization
[00:02:52 -91242.625590] Model parameter optimization (eps = 10.000000)
[00:02:55 -82124.971766] AUTODETECT spr round 1 (radius: 5)
[00:02:58] [worker #1] ML tree search #6, logLikelihood: -33178.137292
[00:02:58 -57930.539290] AUTODETECT spr round 2 (radius: 10)
[00:03:01] [worker #3] ML tree search #8, logLikelihood: -33178.404996
[00:03:02 -44862.940489] AUTODETECT spr round 3 (radius: 15)
[00:03:07 -38271.391918] AUTODETECT spr round 4 (radius: 20)
[00:03:14 -37669.894184] AUTODETECT spr round 5 (radius: 25)
[00:03:19 -37661.582157] SPR radius for FAST iterations: 25 (autodetect)
[00:03:19 -37661.582157] Model parameter optimization (eps = 3.000000)
[00:03:21 -37386.223894] FAST spr round 1 (radius: 25)
[00:03:24 -33303.683222] FAST spr round 2 (radius: 25)
[00:03:27 -33206.985372] FAST spr round 3 (radius: 25)
[00:03:29 -33201.977955] Model parameter optimization (eps = 1.000000)
[00:03:30 -33199.926036] SLOW spr round 1 (radius: 5)
[00:03:36 -33178.094392] SLOW spr round 2 (radius: 5)
[00:03:43 -33177.653432] SLOW spr round 3 (radius: 10)
[00:03:49 -33177.653226] SLOW spr round 4 (radius: 15)
[00:03:58] [worker #2] ML tree search #11, logLikelihood: -33176.884071
[00:04:03 -33177.653224] SLOW spr round 5 (radius: 20)
[00:04:08] [worker #3] ML tree search #12, logLikelihood: -33175.074411
[00:04:20 -33177.653224] SLOW spr round 6 (radius: 25)
[00:04:36 -33177.653224] Model parameter optimization (eps = 0.100000)

[00:04:37] [worker #0] ML tree search #9, logLikelihood: -33177.630766

[00:04:37 -41571.395720] Initial branch length optimization
[00:04:37 -36802.886289] Model parameter optimization (eps = 10.000000)
[00:04:39 -33493.680328] AUTODETECT spr round 1 (radius: 5)
[00:04:40 -33206.638003] AUTODETECT spr round 2 (radius: 10)
[00:04:40] [worker #1] ML tree search #10, logLikelihood: -33175.072166
[00:04:45 -33206.583085] SPR radius for FAST iterations: 5 (autodetect)
[00:04:45 -33206.583085] Model parameter optimization (eps = 3.000000)
[00:04:45 -33206.019661] FAST spr round 1 (radius: 5)
[00:04:48 -33187.893312] FAST spr round 2 (radius: 5)
[00:04:51 -33184.150770] Model parameter optimization (eps = 1.000000)
[00:04:51 -33184.144542] SLOW spr round 1 (radius: 5)
[00:05:00 -33178.879848] SLOW spr round 2 (radius: 10)
[00:05:05 -33178.879743] SLOW spr round 3 (radius: 15)
[00:05:18 -33178.879739] SLOW spr round 4 (radius: 20)
[00:05:22] [worker #2] ML tree search #15, logLikelihood: -33175.146239
[00:05:35 -33178.879738] SLOW spr round 5 (radius: 25)
[00:05:36] [worker #3] ML tree search #16, logLikelihood: -33175.427185
[00:05:51 -33178.879738] Model parameter optimization (eps = 0.100000)

[00:05:52] [worker #0] ML tree search #13, logLikelihood: -33178.877960

[00:05:52 -41499.066327] Initial branch length optimization
[00:05:52 -36745.117416] Model parameter optimization (eps = 10.000000)
[00:05:54 -33428.470792] AUTODETECT spr round 1 (radius: 5)
[00:05:56 -33198.508659] AUTODETECT spr round 2 (radius: 10)
[00:05:57] [worker #1] ML tree search #14, logLikelihood: -33178.675834
[00:06:00 -33198.448305] SPR radius for FAST iterations: 5 (autodetect)
[00:06:00 -33198.448305] Model parameter optimization (eps = 3.000000)
[00:06:00 -33197.953064] FAST spr round 1 (radius: 5)
[00:06:02 -33187.711076] FAST spr round 2 (radius: 5)
[00:06:04 -33187.710596] Model parameter optimization (eps = 1.000000)
[00:06:04 -33187.704083] SLOW spr round 1 (radius: 5)
[00:06:11 -33179.140766] SLOW spr round 2 (radius: 10)
[00:06:18 -33179.140744] SLOW spr round 3 (radius: 15)
[00:06:35 -33179.140743] SLOW spr round 4 (radius: 20)
[00:06:42] [worker #2] ML tree search #19, logLikelihood: -33177.804618
[00:06:53 -33179.140743] SLOW spr round 5 (radius: 25)
[00:07:07] [worker #1] ML tree search #18, logLikelihood: -33177.767980
[00:07:09 -33179.140743] Model parameter optimization (eps = 0.100000)

[00:07:10] [worker #0] ML tree search #17, logLikelihood: -33179.128717

[00:07:26] [worker #3] ML tree search #20, logLikelihood: -33174.828601

Optimized model parameters:

   Partition 0: noname
   Rate heterogeneity: GAMMA (4 cats, mean),  alpha: 1.555516 (ML),  weights&rates: (0.250000,0.233773) (0.250000,0.597544) (0.250000,1.053522) (0.250000,2.115162) 
   Base frequencies (empirical): 0.278125 0.201122 0.173554 0.347199 
   Substitution rates (ML): 1.134047 9.212886 0.925962 0.655882 6.480422 1.000000 


Final LogLikelihood: -33174.828601

AIC score: 67793.657201 / AICc score: 1111805.657201 / BIC score: 70842.357267
Free parameters (model + branch lengths): 722

WARNING: Number of free parameters (K=722) is larger than alignment size (n=504).
         This might lead to overfitting and compromise tree inference results!


WARNING: Best ML tree contains 46 near-zero branches!

Best ML tree with collapsed near-zero branches saved to: /data/jeremias/eucs/roadies/output/genes/gene_212_filtered.fa.aln.raxml.bestTreeCollapsed
Best ML tree saved to: /data/jeremias/eucs/roadies/output/genes/gene_212_filtered.fa.aln.raxml.bestTree
All ML trees saved to: /data/jeremias/eucs/roadies/output/genes/gene_212_filtered.fa.aln.raxml.mlTrees
Optimized model saved to: /data/jeremias/eucs/roadies/output/genes/gene_212_filtered.fa.aln.raxml.bestModel

Execution log saved to: /data/jeremias/eucs/roadies/output/genes/gene_212_filtered.fa.aln.raxml.log

Analysis started: 29-Jul-2024 16:37:30 / finished: 29-Jul-2024 16:44:56

Elapsed time: 446.127 seconds

