
RAxML-NG v. 1.2.2 released on 11.04.2024 by The Exelixis Lab.
Developed by: Alexey M. Kozlov and Alexandros Stamatakis.
Contributors: Diego Darriba, Tomas Flouri, Benoit Morel, Sarah Lutteropp, Ben Bettisworth, Julia Haag, Anastasis Togkousidis.
Latest version: https://github.com/amkozlov/raxml-ng
Questions/problems/suggestions? Please visit: https://groups.google.com/forum/#!forum/raxml

System: AMD EPYC 7742 64-Core Processor, 128 cores, 1007 GB RAM

RAxML-NG was called at 29-Jul-2024 15:54:00 as follows:

raxml-ng --msa /data/jeremias/eucs/roadies/output/genes/gene_162_filtered.fa.aln --model GTR+G+F --redo --threads auto{4} --blopt nr_safe

Analysis options:
  run mode: ML tree search
  start tree(s): random (10) + parsimony (10)
  random seed: 1722232440
  tip-inner: OFF
  pattern compression: ON
  per-rate scalers: OFF
  site repeats: ON
  logLH epsilon: general: 10.000000, brlen-triplet: 1000.000000
  fast spr radius: AUTO
  spr subtree cutoff: 1.000000
  fast CLV updates: ON
  branch lengths: proportional (ML estimate, algorithm: NR-SAFE)
  SIMD kernels: AVX2
  parallelization: coarse-grained (auto), PTHREADS (auto)

WARNING: Running in REDO mode: existing checkpoints are ignored, and all result files will be overwritten!

[00:00:00] Reading alignment from file: /data/jeremias/eucs/roadies/output/genes/gene_162_filtered.fa.aln
[00:00:00] Loaded alignment with 105 taxa and 537 sites

Alignment comprises 1 partitions and 480 patterns

Partition 0: noname
Model: GTR+FC+G4m
Alignment sites / patterns: 537 / 480
Gaps: 8.19 %
Invariant sites: 18.25 %


NOTE: Binary MSA file created: /data/jeremias/eucs/roadies/output/genes/gene_162_filtered.fa.aln.raxml.rba

Parallelization scheme autoconfig: 4 worker(s) x 1 thread(s)

[00:00:00] Generating 10 random starting tree(s) with 105 taxa
[00:00:00] Generating 10 parsimony starting tree(s) with 105 taxa
Parallel parsimony with 4 threads
Parallel reduction/worker buffer size: 1 KB  / 0 KB

[00:00:00] Data distribution: max. partitions/sites/weight per thread: 1 / 480 / 7680
[00:00:00] Data distribution: max. searches per worker: 5

Starting ML tree search with 20 distinct starting trees

[00:00:00 -16201.437359] Initial branch length optimization
[00:00:00 -13831.771035] Model parameter optimization (eps = 10.000000)
[00:00:00 -12633.664544] AUTODETECT spr round 1 (radius: 5)
[00:00:01 -10435.303308] AUTODETECT spr round 2 (radius: 10)
[00:00:01 -9147.821349] AUTODETECT spr round 3 (radius: 15)
[00:00:02 -9144.982183] AUTODETECT spr round 4 (radius: 20)
[00:00:03 -9143.869936] AUTODETECT spr round 5 (radius: 25)
[00:00:03 -9143.486533] SPR radius for FAST iterations: 25 (autodetect)
[00:00:03 -9143.486533] Model parameter optimization (eps = 3.000000)
[00:00:03 -9090.887563] FAST spr round 1 (radius: 25)
[00:00:04 -8727.171248] FAST spr round 2 (radius: 25)
[00:00:05 -8704.187656] FAST spr round 3 (radius: 25)
[00:00:06 -8698.489280] Model parameter optimization (eps = 1.000000)
[00:00:06 -8697.835707] SLOW spr round 1 (radius: 5)
[00:00:08 -8689.703702] SLOW spr round 2 (radius: 10)
[00:00:10 -8689.669056] SLOW spr round 3 (radius: 15)
[00:00:12 -8689.668774] SLOW spr round 4 (radius: 20)
[00:00:12] [worker #3] ML tree search #4, logLikelihood: -8688.704126
[00:00:13 -8689.668714] SLOW spr round 5 (radius: 25)
[00:00:13 -8689.668696] Model parameter optimization (eps = 0.100000)

[00:00:13] [worker #0] ML tree search #1, logLikelihood: -8689.636099

[00:00:13 -16300.660310] Initial branch length optimization
[00:00:13 -13926.684952] Model parameter optimization (eps = 10.000000)
[00:00:14 -12718.967599] AUTODETECT spr round 1 (radius: 5)
[00:00:14] [worker #1] ML tree search #2, logLikelihood: -8682.188634
[00:00:14 -10762.740556] AUTODETECT spr round 2 (radius: 10)
[00:00:15 -9273.800675] AUTODETECT spr round 3 (radius: 15)
[00:00:16 -9100.986191] AUTODETECT spr round 4 (radius: 20)
[00:00:17 -9100.377443] AUTODETECT spr round 5 (radius: 25)
[00:00:17 -9100.177715] SPR radius for FAST iterations: 25 (autodetect)
[00:00:17 -9100.177715] Model parameter optimization (eps = 3.000000)
[00:00:17 -9055.395840] FAST spr round 1 (radius: 25)
[00:00:18] [worker #2] ML tree search #3, logLikelihood: -8688.804791
[00:00:18 -8741.634008] FAST spr round 2 (radius: 25)
[00:00:19 -8702.463394] FAST spr round 3 (radius: 25)
[00:00:20 -8702.167938] Model parameter optimization (eps = 1.000000)
[00:00:20 -8700.192148] SLOW spr round 1 (radius: 5)
[00:00:22 -8692.352757] SLOW spr round 2 (radius: 10)
[00:00:24 -8692.352421] SLOW spr round 3 (radius: 15)
[00:00:26] [worker #3] ML tree search #8, logLikelihood: -8683.698127
[00:00:27 -8692.352419] SLOW spr round 4 (radius: 20)
[00:00:28 -8692.352419] SLOW spr round 5 (radius: 25)
[00:00:29] [worker #1] ML tree search #6, logLikelihood: -8682.174922
[00:00:29 -8692.352419] Model parameter optimization (eps = 0.100000)

[00:00:29] [worker #0] ML tree search #5, logLikelihood: -8692.273100

[00:00:29 -16349.783552] Initial branch length optimization
[00:00:29 -13932.230351] Model parameter optimization (eps = 10.000000)
[00:00:30 -12713.810794] AUTODETECT spr round 1 (radius: 5)
[00:00:30 -10320.061773] AUTODETECT spr round 2 (radius: 10)
[00:00:31 -9211.532906] AUTODETECT spr round 3 (radius: 15)
[00:00:32] [worker #2] ML tree search #7, logLikelihood: -8683.276724
[00:00:32 -9177.974698] AUTODETECT spr round 4 (radius: 20)
[00:00:33 -9177.082296] AUTODETECT spr round 5 (radius: 25)
[00:00:33 -9176.838140] SPR radius for FAST iterations: 25 (autodetect)
[00:00:33 -9176.838140] Model parameter optimization (eps = 3.000000)
[00:00:33 -9126.221379] FAST spr round 1 (radius: 25)
[00:00:34 -8725.680443] FAST spr round 2 (radius: 25)
[00:00:35 -8691.262568] FAST spr round 3 (radius: 25)
[00:00:36 -8688.016428] Model parameter optimization (eps = 1.000000)
[00:00:36 -8686.901503] SLOW spr round 1 (radius: 5)
[00:00:38] [worker #3] ML tree search #12, logLikelihood: -8684.896557
[00:00:38 -8681.592065] SLOW spr round 2 (radius: 10)
[00:00:41 -8681.592047] SLOW spr round 3 (radius: 15)
[00:00:42] [worker #1] ML tree search #10, logLikelihood: -8684.017389
[00:00:44 -8681.592047] SLOW spr round 4 (radius: 20)
[00:00:45] [worker #2] ML tree search #11, logLikelihood: -8690.873488
[00:00:46 -8681.592047] SLOW spr round 5 (radius: 25)
[00:00:47 -8681.592047] Model parameter optimization (eps = 0.100000)

[00:00:47] [worker #0] ML tree search #9, logLikelihood: -8681.548698

[00:00:47 -11005.217926] Initial branch length optimization
[00:00:47 -9361.760680] Model parameter optimization (eps = 10.000000)
[00:00:47 -8741.210161] AUTODETECT spr round 1 (radius: 5)
[00:00:48 -8713.341313] AUTODETECT spr round 2 (radius: 10)
[00:00:49] [worker #3] ML tree search #16, logLikelihood: -8682.606879
[00:00:49 -8713.291755] SPR radius for FAST iterations: 5 (autodetect)
[00:00:49 -8713.291755] Model parameter optimization (eps = 3.000000)
[00:00:49 -8713.201603] FAST spr round 1 (radius: 5)
[00:00:49 -8698.486175] FAST spr round 2 (radius: 5)
[00:00:50 -8693.965121] Model parameter optimization (eps = 1.000000)
[00:00:50 -8693.878667] SLOW spr round 1 (radius: 5)
[00:00:52 -8685.535014] SLOW spr round 2 (radius: 10)
[00:00:52] [worker #1] ML tree search #14, logLikelihood: -8686.417111
[00:00:54 -8684.118628] SLOW spr round 3 (radius: 15)
[00:00:56 -8684.092085] SLOW spr round 4 (radius: 20)
[00:00:57] [worker #2] ML tree search #15, logLikelihood: -8687.151760
[00:00:58 -8684.092035] SLOW spr round 5 (radius: 25)
[00:00:59 -8684.092034] Model parameter optimization (eps = 0.100000)

[00:00:59] [worker #0] ML tree search #13, logLikelihood: -8683.935264

[00:00:59 -10983.132130] Initial branch length optimization
[00:00:59 -9353.087583] Model parameter optimization (eps = 10.000000)
[00:00:59 -8729.997696] AUTODETECT spr round 1 (radius: 5)
[00:01:00 -8698.777685] AUTODETECT spr round 2 (radius: 10)
[00:01:00] [worker #3] ML tree search #20, logLikelihood: -8685.930963
[00:01:00 -8698.601221] AUTODETECT spr round 3 (radius: 15)
[00:01:01 -8698.595233] SPR radius for FAST iterations: 10 (autodetect)
[00:01:01 -8698.595233] Model parameter optimization (eps = 3.000000)
[00:01:01 -8698.480222] FAST spr round 1 (radius: 10)
[00:01:02 -8689.353268] Model parameter optimization (eps = 1.000000)
[00:01:02 -8689.324481] SLOW spr round 1 (radius: 5)
[00:01:03] [worker #1] ML tree search #18, logLikelihood: -8682.803365
[00:01:04 -8684.081084] SLOW spr round 2 (radius: 10)
[00:01:06 -8682.630529] SLOW spr round 3 (radius: 15)
[00:01:08 -8682.630502] SLOW spr round 4 (radius: 20)
[00:01:09] [worker #2] ML tree search #19, logLikelihood: -8682.308974
[00:01:09 -8682.630501] SLOW spr round 5 (radius: 25)
[00:01:10 -8682.630501] Model parameter optimization (eps = 0.100000)

[00:01:10] [worker #0] ML tree search #17, logLikelihood: -8682.549090


Optimized model parameters:

   Partition 0: noname
   Rate heterogeneity: GAMMA (4 cats, mean),  alpha: 1.380442 (ML),  weights&rates: (0.250000,0.206249) (0.250000,0.567366) (0.250000,1.042554) (0.250000,2.183831) 
   Base frequencies (empirical): 0.280584 0.157842 0.207449 0.354125 
   Substitution rates (ML): 1.373433 9.184069 1.092591 1.553688 7.580059 1.000000 


Final LogLikelihood: -8681.548698

AIC score: 17795.097395 / AICc score: 18088.047395 / BIC score: 18720.872984
Free parameters (model + branch lengths): 216

WARNING: Best ML tree contains 21 near-zero branches!

Best ML tree with collapsed near-zero branches saved to: /data/jeremias/eucs/roadies/output/genes/gene_162_filtered.fa.aln.raxml.bestTreeCollapsed
Best ML tree saved to: /data/jeremias/eucs/roadies/output/genes/gene_162_filtered.fa.aln.raxml.bestTree
All ML trees saved to: /data/jeremias/eucs/roadies/output/genes/gene_162_filtered.fa.aln.raxml.mlTrees
Optimized model saved to: /data/jeremias/eucs/roadies/output/genes/gene_162_filtered.fa.aln.raxml.bestModel

Execution log saved to: /data/jeremias/eucs/roadies/output/genes/gene_162_filtered.fa.aln.raxml.log

Analysis started: 29-Jul-2024 15:54:00 / finished: 29-Jul-2024 15:55:10

Elapsed time: 70.260 seconds

