
RAxML-NG v. 1.2.2 released on 11.04.2024 by The Exelixis Lab.
Developed by: Alexey M. Kozlov and Alexandros Stamatakis.
Contributors: Diego Darriba, Tomas Flouri, Benoit Morel, Sarah Lutteropp, Ben Bettisworth, Julia Haag, Anastasis Togkousidis.
Latest version: https://github.com/amkozlov/raxml-ng
Questions/problems/suggestions? Please visit: https://groups.google.com/forum/#!forum/raxml

System: AMD EPYC 7742 64-Core Processor, 128 cores, 1007 GB RAM

RAxML-NG was called at 29-Jul-2024 17:00:25 as follows:

raxml-ng --msa /data/jeremias/eucs/roadies/output/genes/gene_21_filtered.fa.aln --model GTR+G+F --redo --threads auto{4} --blopt nr_safe

Analysis options:
  run mode: ML tree search
  start tree(s): random (10) + parsimony (10)
  random seed: 1722236425
  tip-inner: OFF
  pattern compression: ON
  per-rate scalers: OFF
  site repeats: ON
  logLH epsilon: general: 10.000000, brlen-triplet: 1000.000000
  fast spr radius: AUTO
  spr subtree cutoff: 1.000000
  fast CLV updates: ON
  branch lengths: proportional (ML estimate, algorithm: NR-SAFE)
  SIMD kernels: AVX2
  parallelization: coarse-grained (auto), PTHREADS (auto)

WARNING: Running in REDO mode: existing checkpoints are ignored, and all result files will be overwritten!

[00:00:00] Reading alignment from file: /data/jeremias/eucs/roadies/output/genes/gene_21_filtered.fa.aln
[00:00:00] Loaded alignment with 76 taxa and 550 sites

WARNING: Sequences E_paniculata_1 and E_lansdowneana_1 are exactly identical!
WARNING: Sequences E_pauciflora_3 and E_pauciflora_2 are exactly identical!
WARNING: Duplicate sequences found: 2

NOTE: Reduced alignment (with duplicates and gap-only sites/taxa removed) 
NOTE: was saved to: /data/jeremias/eucs/roadies/output/genes/gene_21_filtered.fa.aln.raxml.reduced.phy

Alignment comprises 1 partitions and 400 patterns

Partition 0: noname
Model: GTR+FC+G4m
Alignment sites / patterns: 550 / 400
Gaps: 11.35 %
Invariant sites: 26.00 %


NOTE: Binary MSA file created: /data/jeremias/eucs/roadies/output/genes/gene_21_filtered.fa.aln.raxml.rba

Parallelization scheme autoconfig: 4 worker(s) x 1 thread(s)

[00:00:00] Generating 10 random starting tree(s) with 76 taxa
[00:00:00] Generating 10 parsimony starting tree(s) with 76 taxa
Parallel parsimony with 4 threads
Parallel reduction/worker buffer size: 1 KB  / 0 KB

[00:00:00] Data distribution: max. partitions/sites/weight per thread: 1 / 400 / 6400
[00:00:00] Data distribution: max. searches per worker: 5

Starting ML tree search with 20 distinct starting trees

[00:00:00 -22801.687431] Initial branch length optimization
[00:00:00 -16811.891523] Model parameter optimization (eps = 10.000000)
[00:00:00 -15837.501237] AUTODETECT spr round 1 (radius: 5)
[00:00:00 -9212.078669] AUTODETECT spr round 2 (radius: 10)
[00:00:01 -7018.932016] AUTODETECT spr round 3 (radius: 15)
[00:00:01 -6183.207750] AUTODETECT spr round 4 (radius: 20)
[00:00:01 -6182.368713] AUTODETECT spr round 5 (radius: 25)
[00:00:02 -6182.111809] SPR radius for FAST iterations: 25 (autodetect)
[00:00:02 -6182.111809] Model parameter optimization (eps = 3.000000)
[00:00:02 -5971.284736] FAST spr round 1 (radius: 25)
[00:00:02 -5739.406128] FAST spr round 2 (radius: 25)
[00:00:03 -5354.785604] FAST spr round 3 (radius: 25)
[00:00:03 -5296.699663] FAST spr round 4 (radius: 25)
[00:00:04 -5296.699431] Model parameter optimization (eps = 1.000000)
[00:00:04 -5290.124240] SLOW spr round 1 (radius: 5)
[00:00:05 -5289.338012] SLOW spr round 2 (radius: 10)
[00:00:06 -5289.337558] SLOW spr round 3 (radius: 15)
[00:00:06] [worker #2] ML tree search #3, logLikelihood: -5288.196243
[00:00:07 -5288.261777] SLOW spr round 4 (radius: 20)
[00:00:07] [worker #1] ML tree search #2, logLikelihood: -5287.811961
[00:00:07 -5288.261516] SLOW spr round 5 (radius: 25)
[00:00:07] [worker #3] ML tree search #4, logLikelihood: -5288.231577
[00:00:08 -5288.261515] Model parameter optimization (eps = 0.100000)

[00:00:08] [worker #0] ML tree search #1, logLikelihood: -5288.196508

[00:00:08 -21037.586922] Initial branch length optimization
[00:00:08 -15753.030801] Model parameter optimization (eps = 10.000000)
[00:00:08 -14833.434367] AUTODETECT spr round 1 (radius: 5)
[00:00:09 -7332.429319] AUTODETECT spr round 2 (radius: 10)
[00:00:09 -5660.236789] AUTODETECT spr round 3 (radius: 15)
[00:00:09 -5633.603197] AUTODETECT spr round 4 (radius: 20)
[00:00:10 -5632.160257] AUTODETECT spr round 5 (radius: 25)
[00:00:10 -5631.312805] SPR radius for FAST iterations: 25 (autodetect)
[00:00:10 -5631.312805] Model parameter optimization (eps = 3.000000)
[00:00:10 -5517.040232] FAST spr round 1 (radius: 25)
[00:00:10 -5321.515144] FAST spr round 2 (radius: 25)
[00:00:11 -5289.816842] FAST spr round 3 (radius: 25)
[00:00:11 -5289.816380] Model parameter optimization (eps = 1.000000)
[00:00:11 -5287.854355] SLOW spr round 1 (radius: 5)
[00:00:12 -5287.851054] SLOW spr round 2 (radius: 10)
[00:00:13 -5287.851028] SLOW spr round 3 (radius: 15)
[00:00:14] [worker #2] ML tree search #7, logLikelihood: -5288.196241
[00:00:14 -5287.851028] SLOW spr round 4 (radius: 20)
[00:00:15 -5287.851028] SLOW spr round 5 (radius: 25)
[00:00:15] [worker #1] ML tree search #6, logLikelihood: -5287.477108
[00:00:15] [worker #3] ML tree search #8, logLikelihood: -5287.440521
[00:00:15 -5287.851028] Model parameter optimization (eps = 0.100000)

[00:00:15] [worker #0] ML tree search #5, logLikelihood: -5287.848662

[00:00:15 -23503.617953] Initial branch length optimization
[00:00:15 -17482.035545] Model parameter optimization (eps = 10.000000)
[00:00:16 -16498.390273] AUTODETECT spr round 1 (radius: 5)
[00:00:16 -8764.031825] AUTODETECT spr round 2 (radius: 10)
[00:00:16 -5892.505547] AUTODETECT spr round 3 (radius: 15)
[00:00:17 -5888.943299] AUTODETECT spr round 4 (radius: 20)
[00:00:17 -5887.430546] AUTODETECT spr round 5 (radius: 25)
[00:00:17 -5886.393703] SPR radius for FAST iterations: 25 (autodetect)
[00:00:17 -5886.393703] Model parameter optimization (eps = 3.000000)
[00:00:17 -5642.758508] FAST spr round 1 (radius: 25)
[00:00:18 -5333.970543] FAST spr round 2 (radius: 25)
[00:00:18 -5294.528939] FAST spr round 3 (radius: 25)
[00:00:18 -5293.661350] Model parameter optimization (eps = 1.000000)
[00:00:18] [worker #2] ML tree search #11, logLikelihood: -5290.369616
[00:00:18 -5291.045027] SLOW spr round 1 (radius: 5)
[00:00:19 -5290.956750] SLOW spr round 2 (radius: 10)
[00:00:20 -5290.956401] SLOW spr round 3 (radius: 15)
[00:00:21 -5290.956397] SLOW spr round 4 (radius: 20)
[00:00:21] [worker #3] ML tree search #12, logLikelihood: -5288.196075
[00:00:21 -5290.956397] SLOW spr round 5 (radius: 25)
[00:00:22 -5290.956397] Model parameter optimization (eps = 0.100000)

[00:00:22] [worker #0] ML tree search #9, logLikelihood: -5290.949856

[00:00:22 -7180.308475] Initial branch length optimization
[00:00:22 -5514.439288] Model parameter optimization (eps = 10.000000)
[00:00:22 -5359.491451] AUTODETECT spr round 1 (radius: 5)
[00:00:22 -5313.616563] AUTODETECT spr round 2 (radius: 10)
[00:00:22 -5306.315531] AUTODETECT spr round 3 (radius: 15)
[00:00:23 -5305.766731] AUTODETECT spr round 4 (radius: 20)
[00:00:23 -5305.548918] AUTODETECT spr round 5 (radius: 25)
[00:00:23 -5305.548838] SPR radius for FAST iterations: 20 (autodetect)
[00:00:23 -5305.548838] Model parameter optimization (eps = 3.000000)
[00:00:23 -5305.405251] FAST spr round 1 (radius: 20)
[00:00:23 -5291.397615] FAST spr round 2 (radius: 20)
[00:00:23 -5288.992572] Model parameter optimization (eps = 1.000000)
[00:00:23 -5288.967303] SLOW spr round 1 (radius: 5)
[00:00:24] [worker #2] ML tree search #15, logLikelihood: -5288.196080
[00:00:24 -5288.199097] SLOW spr round 2 (radius: 10)
[00:00:24] [worker #1] ML tree search #10, logLikelihood: -5288.196460
[00:00:25 -5288.199078] SLOW spr round 3 (radius: 15)
[00:00:26 -5288.199078] SLOW spr round 4 (radius: 20)
[00:00:27 -5288.199078] SLOW spr round 5 (radius: 25)
[00:00:27] [worker #3] ML tree search #16, logLikelihood: -5287.811877
[00:00:27 -5288.199078] Model parameter optimization (eps = 0.100000)

[00:00:27] [worker #0] ML tree search #13, logLikelihood: -5288.196087

[00:00:27 -7141.006651] Initial branch length optimization
[00:00:27 -5462.037741] Model parameter optimization (eps = 10.000000)
[00:00:27 -5311.381058] AUTODETECT spr round 1 (radius: 5)
[00:00:27 -5294.788728] AUTODETECT spr round 2 (radius: 10)
[00:00:28 -5294.409300] AUTODETECT spr round 3 (radius: 15)
[00:00:28 -5294.317810] SPR radius for FAST iterations: 10 (autodetect)
[00:00:28 -5294.317810] Model parameter optimization (eps = 3.000000)
[00:00:28 -5294.195557] FAST spr round 1 (radius: 10)
[00:00:28 -5294.092774] Model parameter optimization (eps = 1.000000)
[00:00:28 -5294.086858] SLOW spr round 1 (radius: 5)
[00:00:29 -5294.086807] SLOW spr round 2 (radius: 10)
[00:00:30] [worker #1] ML tree search #14, logLikelihood: -5288.556138
[00:00:30] [worker #2] ML tree search #19, logLikelihood: -5288.196134
[00:00:30 -5290.645966] SLOW spr round 3 (radius: 15)
[00:00:31 -5290.645908] SLOW spr round 4 (radius: 20)
[00:00:32 -5290.645908] SLOW spr round 5 (radius: 25)
[00:00:32 -5290.645908] Model parameter optimization (eps = 0.100000)

[00:00:32] [worker #0] ML tree search #17, logLikelihood: -5290.624686

[00:00:33] [worker #3] ML tree search #20, logLikelihood: -5288.196152
[00:00:35] [worker #1] ML tree search #18, logLikelihood: -5287.439640

Optimized model parameters:

   Partition 0: noname
   Rate heterogeneity: GAMMA (4 cats, mean),  alpha: 1.388772 (ML),  weights&rates: (0.250000,0.207617) (0.250000,0.568931) (0.250000,1.043162) (0.250000,2.180290) 
   Base frequencies (empirical): 0.273088 0.271091 0.193205 0.262617 
   Substitution rates (ML): 0.608761 2.934629 0.655226 0.976361 2.479696 1.000000 


Final LogLikelihood: -5287.439640

AIC score: 10890.879279 / AICc score: 11019.380558 / BIC score: 11571.846367
Free parameters (model + branch lengths): 158

WARNING: Best ML tree contains 16 near-zero branches!

Best ML tree with collapsed near-zero branches saved to: /data/jeremias/eucs/roadies/output/genes/gene_21_filtered.fa.aln.raxml.bestTreeCollapsed
Best ML tree saved to: /data/jeremias/eucs/roadies/output/genes/gene_21_filtered.fa.aln.raxml.bestTree
All ML trees saved to: /data/jeremias/eucs/roadies/output/genes/gene_21_filtered.fa.aln.raxml.mlTrees
Optimized model saved to: /data/jeremias/eucs/roadies/output/genes/gene_21_filtered.fa.aln.raxml.bestModel

Execution log saved to: /data/jeremias/eucs/roadies/output/genes/gene_21_filtered.fa.aln.raxml.log

Analysis started: 29-Jul-2024 17:00:25 / finished: 29-Jul-2024 17:01:01

Elapsed time: 35.690 seconds

