
RAxML-NG v. 1.2.2 released on 11.04.2024 by The Exelixis Lab.
Developed by: Alexey M. Kozlov and Alexandros Stamatakis.
Contributors: Diego Darriba, Tomas Flouri, Benoit Morel, Sarah Lutteropp, Ben Bettisworth, Julia Haag, Anastasis Togkousidis.
Latest version: https://github.com/amkozlov/raxml-ng
Questions/problems/suggestions? Please visit: https://groups.google.com/forum/#!forum/raxml

System: AMD EPYC 7742 64-Core Processor, 128 cores, 1007 GB RAM

RAxML-NG was called at 29-Jul-2024 17:30:47 as follows:

raxml-ng --msa /data/jeremias/eucs/roadies/output/genes/gene_1_filtered.fa.aln --model GTR+G+F --redo --threads auto{4} --blopt nr_safe

Analysis options:
  run mode: ML tree search
  start tree(s): random (10) + parsimony (10)
  random seed: 1722238247
  tip-inner: OFF
  pattern compression: ON
  per-rate scalers: OFF
  site repeats: ON
  logLH epsilon: general: 10.000000, brlen-triplet: 1000.000000
  fast spr radius: AUTO
  spr subtree cutoff: 1.000000
  fast CLV updates: ON
  branch lengths: proportional (ML estimate, algorithm: NR-SAFE)
  SIMD kernels: AVX2
  parallelization: coarse-grained (auto), PTHREADS (auto)

WARNING: Running in REDO mode: existing checkpoints are ignored, and all result files will be overwritten!

[00:00:00] Reading alignment from file: /data/jeremias/eucs/roadies/output/genes/gene_1_filtered.fa.aln
[00:00:00] Loaded alignment with 36 taxa and 503 sites

WARNING: Sequences E_paniculata_0 and E_fibrosa_0 are exactly identical!
WARNING: Sequences E_pumila_0 and E_camaldulensis_0 are exactly identical!
WARNING: Duplicate sequences found: 2

NOTE: Reduced alignment (with duplicates and gap-only sites/taxa removed) 
NOTE: was saved to: /data/jeremias/eucs/roadies/output/genes/gene_1_filtered.fa.aln.raxml.reduced.phy

Alignment comprises 1 partitions and 103 patterns

Partition 0: noname
Model: GTR+FC+G4m
Alignment sites / patterns: 503 / 103
Gaps: 0.45 %
Invariant sites: 77.53 %


NOTE: Binary MSA file created: /data/jeremias/eucs/roadies/output/genes/gene_1_filtered.fa.aln.raxml.rba

Parallelization scheme autoconfig: 4 worker(s) x 1 thread(s)

[00:00:00] Generating 10 random starting tree(s) with 36 taxa
[00:00:00] Generating 10 parsimony starting tree(s) with 36 taxa
Parallel parsimony with 4 threads
Parallel reduction/worker buffer size: 1 KB  / 0 KB

[00:00:00] Data distribution: max. partitions/sites/weight per thread: 1 / 103 / 1648
[00:00:00] Data distribution: max. searches per worker: 5

Starting ML tree search with 20 distinct starting trees

[00:00:00 -2957.973012] Initial branch length optimization
[00:00:00 -2082.237690] Model parameter optimization (eps = 10.000000)
[00:00:00 -1935.543194] AUTODETECT spr round 1 (radius: 5)
[00:00:00 -1711.774127] AUTODETECT spr round 2 (radius: 10)
[00:00:00 -1656.170367] AUTODETECT spr round 3 (radius: 15)
[00:00:00 -1656.164509] SPR radius for FAST iterations: 10 (autodetect)
[00:00:00 -1656.164509] Model parameter optimization (eps = 3.000000)
[00:00:00 -1647.227258] FAST spr round 1 (radius: 10)
[00:00:00 -1590.107447] FAST spr round 2 (radius: 10)
[00:00:00 -1584.900997] Model parameter optimization (eps = 1.000000)
[00:00:00 -1581.037435] SLOW spr round 1 (radius: 5)
[00:00:00 -1579.294088] SLOW spr round 2 (radius: 10)
[00:00:00 -1579.294088] SLOW spr round 3 (radius: 15)
[00:00:00] [worker #3] ML tree search #4, logLikelihood: -1579.252283
[00:00:00 -1579.294088] SLOW spr round 4 (radius: 20)
[00:00:00] [worker #2] ML tree search #3, logLikelihood: -1579.252432
[00:00:00] [worker #1] ML tree search #2, logLikelihood: -1581.037620
[00:00:00 -1579.294088] SLOW spr round 5 (radius: 25)
[00:00:00 -1579.294088] Model parameter optimization (eps = 0.100000)

[00:00:00] [worker #0] ML tree search #1, logLikelihood: -1579.252330

[00:00:00 -2962.177681] Initial branch length optimization
[00:00:00 -2140.521724] Model parameter optimization (eps = 10.000000)
[00:00:00 -1974.876935] AUTODETECT spr round 1 (radius: 5)
[00:00:00 -1662.342468] AUTODETECT spr round 2 (radius: 10)
[00:00:00 -1615.214373] AUTODETECT spr round 3 (radius: 15)
[00:00:00 -1615.133086] SPR radius for FAST iterations: 10 (autodetect)
[00:00:00 -1615.133086] Model parameter optimization (eps = 3.000000)
[00:00:00 -1597.425356] FAST spr round 1 (radius: 10)
[00:00:00 -1586.422596] FAST spr round 2 (radius: 10)
[00:00:00 -1581.410159] Model parameter optimization (eps = 1.000000)
[00:00:00 -1581.038303] SLOW spr round 1 (radius: 5)
[00:00:00 -1579.290911] SLOW spr round 2 (radius: 10)
[00:00:00 -1579.290911] SLOW spr round 3 (radius: 15)
[00:00:00 -1579.290911] SLOW spr round 4 (radius: 20)
[00:00:00] [worker #3] ML tree search #8, logLikelihood: -1579.252278
[00:00:01] [worker #2] ML tree search #7, logLikelihood: -1579.252297
[00:00:01] [worker #1] ML tree search #6, logLikelihood: -1581.567333
[00:00:01 -1579.290911] SLOW spr round 5 (radius: 25)
[00:00:01 -1579.290911] Model parameter optimization (eps = 0.100000)

[00:00:01] [worker #0] ML tree search #5, logLikelihood: -1579.252521

[00:00:01 -2889.815994] Initial branch length optimization
[00:00:01 -2009.306283] Model parameter optimization (eps = 10.000000)
[00:00:01 -1876.231544] AUTODETECT spr round 1 (radius: 5)
[00:00:01 -1626.545387] AUTODETECT spr round 2 (radius: 10)
[00:00:01 -1622.247800] AUTODETECT spr round 3 (radius: 15)
[00:00:01 -1622.218662] SPR radius for FAST iterations: 10 (autodetect)
[00:00:01 -1622.218662] Model parameter optimization (eps = 3.000000)
[00:00:01 -1609.706325] FAST spr round 1 (radius: 10)
[00:00:01 -1584.144753] FAST spr round 2 (radius: 10)
[00:00:01 -1581.265075] Model parameter optimization (eps = 1.000000)
[00:00:01 -1581.037969] SLOW spr round 1 (radius: 5)
[00:00:01] [worker #3] ML tree search #12, logLikelihood: -1579.252366
[00:00:01 -1579.290747] SLOW spr round 2 (radius: 10)
[00:00:01] [worker #2] ML tree search #11, logLikelihood: -1579.252261
[00:00:01 -1579.290746] SLOW spr round 3 (radius: 15)
[00:00:01 -1579.290746] SLOW spr round 4 (radius: 20)
[00:00:01] [worker #1] ML tree search #10, logLikelihood: -1579.252272
[00:00:01 -1579.290746] SLOW spr round 5 (radius: 25)
[00:00:01 -1579.290746] Model parameter optimization (eps = 0.100000)

[00:00:01] [worker #0] ML tree search #9, logLikelihood: -1579.252338

[00:00:01 -2537.065011] Initial branch length optimization
[00:00:01 -1641.018891] Model parameter optimization (eps = 10.000000)
[00:00:01 -1590.979493] AUTODETECT spr round 1 (radius: 5)
[00:00:01 -1582.066827] AUTODETECT spr round 2 (radius: 10)
[00:00:01 -1579.306905] AUTODETECT spr round 3 (radius: 15)
[00:00:01 -1579.306719] SPR radius for FAST iterations: 10 (autodetect)
[00:00:01 -1579.306719] Model parameter optimization (eps = 3.000000)
[00:00:01 -1579.252405] FAST spr round 1 (radius: 10)
[00:00:01 -1579.252329] Model parameter optimization (eps = 1.000000)
[00:00:01 -1579.252261] SLOW spr round 1 (radius: 5)
[00:00:01] [worker #3] ML tree search #16, logLikelihood: -1579.252277
[00:00:01] [worker #2] ML tree search #15, logLikelihood: -1579.252329
[00:00:01 -1579.252259] SLOW spr round 2 (radius: 10)
[00:00:01 -1579.252259] SLOW spr round 3 (radius: 15)
[00:00:02 -1579.252259] SLOW spr round 4 (radius: 20)
[00:00:02] [worker #1] ML tree search #14, logLikelihood: -1581.037398
[00:00:02 -1579.252259] SLOW spr round 5 (radius: 25)
[00:00:02 -1579.252259] Model parameter optimization (eps = 0.100000)

[00:00:02] [worker #0] ML tree search #13, logLikelihood: -1579.252259

[00:00:02 -2541.342832] Initial branch length optimization
[00:00:02 -1636.886459] Model parameter optimization (eps = 10.000000)
[00:00:02 -1587.260089] AUTODETECT spr round 1 (radius: 5)
[00:00:02 -1581.078045] AUTODETECT spr round 2 (radius: 10)
[00:00:02 -1581.073388] SPR radius for FAST iterations: 5 (autodetect)
[00:00:02 -1581.073388] Model parameter optimization (eps = 3.000000)
[00:00:02 -1581.037740] FAST spr round 1 (radius: 5)
[00:00:02] [worker #3] ML tree search #20, logLikelihood: -1579.252282
[00:00:02 -1581.037436] Model parameter optimization (eps = 1.000000)
[00:00:02 -1581.037368] SLOW spr round 1 (radius: 5)
[00:00:02] [worker #2] ML tree search #19, logLikelihood: -1579.252289
[00:00:02 -1579.294298] SLOW spr round 2 (radius: 10)
[00:00:02 -1579.294297] SLOW spr round 3 (radius: 15)
[00:00:02] [worker #1] ML tree search #18, logLikelihood: -1579.252288
[00:00:02 -1579.294297] SLOW spr round 4 (radius: 20)
[00:00:02 -1579.294297] SLOW spr round 5 (radius: 25)
[00:00:02 -1579.294297] Model parameter optimization (eps = 0.100000)

[00:00:02] [worker #0] ML tree search #17, logLikelihood: -1579.252310


Optimized model parameters:

   Partition 0: noname
   Rate heterogeneity: GAMMA (4 cats, mean),  alpha: 0.708251 (ML),  weights&rates: (0.250000,0.075952) (0.250000,0.367397) (0.250000,0.927888) (0.250000,2.628763) 
   Base frequencies (empirical): 0.249362 0.177910 0.235992 0.336736 
   Substitution rates (ML): 1.386693 4.936301 0.902991 0.515581 5.235544 1.000000 


Final LogLikelihood: -1579.252259

AIC score: 3314.504518 / AICc score: 3343.570555 / BIC score: 3643.710551
Free parameters (model + branch lengths): 78

WARNING: Best ML tree contains 19 near-zero branches!

Best ML tree with collapsed near-zero branches saved to: /data/jeremias/eucs/roadies/output/genes/gene_1_filtered.fa.aln.raxml.bestTreeCollapsed
Best ML tree saved to: /data/jeremias/eucs/roadies/output/genes/gene_1_filtered.fa.aln.raxml.bestTree
All ML trees saved to: /data/jeremias/eucs/roadies/output/genes/gene_1_filtered.fa.aln.raxml.mlTrees
Optimized model saved to: /data/jeremias/eucs/roadies/output/genes/gene_1_filtered.fa.aln.raxml.bestModel

Execution log saved to: /data/jeremias/eucs/roadies/output/genes/gene_1_filtered.fa.aln.raxml.log

Analysis started: 29-Jul-2024 17:30:47 / finished: 29-Jul-2024 17:30:50

Elapsed time: 2.604 seconds

