
RAxML-NG v. 1.2.2 released on 11.04.2024 by The Exelixis Lab.
Developed by: Alexey M. Kozlov and Alexandros Stamatakis.
Contributors: Diego Darriba, Tomas Flouri, Benoit Morel, Sarah Lutteropp, Ben Bettisworth, Julia Haag, Anastasis Togkousidis.
Latest version: https://github.com/amkozlov/raxml-ng
Questions/problems/suggestions? Please visit: https://groups.google.com/forum/#!forum/raxml

System: AMD EPYC 7742 64-Core Processor, 128 cores, 1007 GB RAM

RAxML-NG was called at 29-Jul-2024 15:07:08 as follows:

raxml-ng --msa /data/jeremias/eucs/roadies/output/genes/gene_89_filtered.fa.aln --model GTR+G+F --redo --threads auto{4} --blopt nr_safe

Analysis options:
  run mode: ML tree search
  start tree(s): random (10) + parsimony (10)
  random seed: 1722229628
  tip-inner: OFF
  pattern compression: ON
  per-rate scalers: OFF
  site repeats: ON
  logLH epsilon: general: 10.000000, brlen-triplet: 1000.000000
  fast spr radius: AUTO
  spr subtree cutoff: 1.000000
  fast CLV updates: ON
  branch lengths: proportional (ML estimate, algorithm: NR-SAFE)
  SIMD kernels: AVX2
  parallelization: coarse-grained (auto), PTHREADS (auto)

WARNING: Running in REDO mode: existing checkpoints are ignored, and all result files will be overwritten!

[00:00:00] Reading alignment from file: /data/jeremias/eucs/roadies/output/genes/gene_89_filtered.fa.aln
[00:00:00] Loaded alignment with 360 taxa and 524 sites

WARNING: Sequences E_virginea_5 and E_virginea_6 are exactly identical!
WARNING: Sequences E_coolabah_8 and E_victrix_5 are exactly identical!
WARNING: Sequences E_shirleyi_6 and E_shirleyi_5 are exactly identical!
WARNING: Sequences E_shirleyi_6 and E_caleyi_5 are exactly identical!
WARNING: Sequences E_shirleyi_3 and E_caleyi_3 are exactly identical!
WARNING: Sequences E_shirleyi_0 and E_shirleyi_1 are exactly identical!
WARNING: Sequences E_shirleyi_0 and E_lansdowneana_0 are exactly identical!
WARNING: Sequences E_shirleyi_0 and E_sid_E_mel_0 are exactly identical!
WARNING: Sequences E_shirleyi_0 and E_sideroxylon_0 are exactly identical!
WARNING: Sequences E_shirleyi_0 and E_melliodora_0 are exactly identical!
WARNING: Sequences E_globulus_8 and E_viminalis_5 are exactly identical!
WARNING: Sequences E_globulus_1 and E_viminalis_1 are exactly identical!
WARNING: Sequences E_dawsonii_1 and E_sid_E_mel_1 are exactly identical!
WARNING: Sequences E_dawsonii_1 and E_fibrosa_1 are exactly identical!
WARNING: Sequences E_dawsonii_6 and E_polyanthemos_6 are exactly identical!
WARNING: Sequences E_dawsonii_5 and E_polyanthemos_5 are exactly identical!
WARNING: Sequences E_dawsonii_5 and E_lansdowneana_6 are exactly identical!
WARNING: Sequences E_dawsonii_9 and E_polyanthemos_7 are exactly identical!
WARNING: Sequences E_dawsonii_9 and E_fibrosa_8 are exactly identical!
WARNING: Sequences E_dawsonii_9 and E_caleyi_7 are exactly identical!
WARNING: Sequences E_sid_E_mel_9 and E_sideroxylon_9 are exactly identical!
WARNING: Sequences E_sid_E_mel_9 and E_melliodora_8 are exactly identical!
WARNING: Sequences E_sid_E_mel_8 and E_decipiens_8 are exactly identical!
WARNING: Sequences E_sid_E_mel_8 and E_victrix_6 are exactly identical!
WARNING: Sequences E_sid_E_mel_8 and E_lansdowneana_8 are exactly identical!
WARNING: Sequences E_sid_E_mel_8 and E_sideroxylon_8 are exactly identical!
WARNING: Sequences E_sid_E_mel_8 and E_caleyi_6 are exactly identical!
WARNING: Sequences E_sid_E_mel_3 and E_albens_3 are exactly identical!
WARNING: Sequences E_victrix_2 and E_polyanthemos_2 are exactly identical!
WARNING: Sequences C_maculata_1 and C_maculata_2 are exactly identical!
WARNING: Sequences E_fibrosa_2 and E_paniculata_2 are exactly identical!
WARNING: Sequences E_ANBG9806169_3 and E_pauciflora_5 are exactly identical!
WARNING: Sequences E_ANBG9806169_3 and E_regnans_3 are exactly identical!
WARNING: Sequences C_calophylla_0 and C_calophylla_1 are exactly identical!
WARNING: Sequences E_pauciflora_3 and E_pauciflora_2 are exactly identical!
WARNING: Sequences E_pauciflora_1 and E_pauciflora_0 are exactly identical!
WARNING: Sequences E_sideroxylon_3 and E_melliodora_3 are exactly identical!
WARNING: Sequences E_melliodora_6 and E_melliodora_7 are exactly identical!
WARNING: Duplicate sequences found: 38

NOTE: Reduced alignment (with duplicates and gap-only sites/taxa removed) 
NOTE: was saved to: /data/jeremias/eucs/roadies/output/genes/gene_89_filtered.fa.aln.raxml.reduced.phy

Alignment comprises 1 partitions and 464 patterns

Partition 0: noname
Model: GTR+FC+G4m
Alignment sites / patterns: 524 / 464
Gaps: 4.40 %
Invariant sites: 15.27 %


NOTE: Binary MSA file created: /data/jeremias/eucs/roadies/output/genes/gene_89_filtered.fa.aln.raxml.rba

Parallelization scheme autoconfig: 4 worker(s) x 1 thread(s)

[00:00:00] Generating 10 random starting tree(s) with 360 taxa
[00:00:00] Generating 10 parsimony starting tree(s) with 360 taxa
Parallel parsimony with 4 threads
Parallel reduction/worker buffer size: 1 KB  / 0 KB

[00:00:00] Data distribution: max. partitions/sites/weight per thread: 1 / 464 / 7424
[00:00:00] Data distribution: max. searches per worker: 5

Starting ML tree search with 20 distinct starting trees

[00:00:00 -80925.757126] Initial branch length optimization
[00:00:00 -70992.754040] Model parameter optimization (eps = 10.000000)
[00:00:03 -67599.653458] AUTODETECT spr round 1 (radius: 5)
[00:00:05 -34775.924956] AUTODETECT spr round 2 (radius: 10)
[00:00:11 -17608.945491] AUTODETECT spr round 3 (radius: 15)
[00:00:20 -16374.391318] AUTODETECT spr round 4 (radius: 20)
[00:00:27 -16317.654934] AUTODETECT spr round 5 (radius: 25)
[00:00:34 -16308.861356] SPR radius for FAST iterations: 25 (autodetect)
[00:00:34 -16308.861356] Model parameter optimization (eps = 3.000000)
[00:00:35 -16180.645601] FAST spr round 1 (radius: 25)
[00:00:37 -14457.400524] FAST spr round 2 (radius: 25)
[00:00:39 -14173.810566] FAST spr round 3 (radius: 25)
[00:00:41 -14162.697403] FAST spr round 4 (radius: 25)
[00:00:42 -14162.696890] Model parameter optimization (eps = 1.000000)
[00:00:43 -14160.361778] SLOW spr round 1 (radius: 5)
[00:00:47 -14155.716702] SLOW spr round 2 (radius: 10)
[00:00:53 -14155.592242] SLOW spr round 3 (radius: 15)
[00:01:03 -14152.428943] SLOW spr round 4 (radius: 20)
[00:01:18 -14152.427707] SLOW spr round 5 (radius: 25)
[00:01:23] [worker #2] ML tree search #3, logLikelihood: -14135.684749
[00:01:31 -14152.427705] Model parameter optimization (eps = 0.100000)
[00:01:31] [worker #3] ML tree search #4, logLikelihood: -14142.152926

[00:01:31] [worker #0] ML tree search #1, logLikelihood: -14152.374162

[00:01:31 -79468.446041] Initial branch length optimization
[00:01:31 -69125.193151] Model parameter optimization (eps = 10.000000)
[00:01:36 -65853.828926] AUTODETECT spr round 1 (radius: 5)
[00:01:38 -34863.383998] AUTODETECT spr round 2 (radius: 10)
[00:01:39] [worker #1] ML tree search #2, logLikelihood: -14137.402706
[00:01:41 -22736.233433] AUTODETECT spr round 3 (radius: 15)
[00:01:46 -18421.580093] AUTODETECT spr round 4 (radius: 20)
[00:01:53 -17849.721171] AUTODETECT spr round 5 (radius: 25)
[00:02:00 -17843.472704] SPR radius for FAST iterations: 25 (autodetect)
[00:02:00 -17843.472704] Model parameter optimization (eps = 3.000000)
[00:02:01 -17681.282950] FAST spr round 1 (radius: 25)
[00:02:03 -14676.755314] FAST spr round 2 (radius: 25)
[00:02:05 -14246.184768] FAST spr round 3 (radius: 25)
[00:02:09 -14146.427664] FAST spr round 4 (radius: 25)
[00:02:10 -14145.260413] Model parameter optimization (eps = 1.000000)
[00:02:10 -14138.270777] SLOW spr round 1 (radius: 5)
[00:02:14 -14133.840717] SLOW spr round 2 (radius: 10)
[00:02:18 -14133.840706] SLOW spr round 3 (radius: 15)
[00:02:27 -14133.840706] SLOW spr round 4 (radius: 20)
[00:02:43 -14133.840706] SLOW spr round 5 (radius: 25)
[00:02:48] [worker #2] ML tree search #7, logLikelihood: -14147.326557
[00:02:57] [worker #3] ML tree search #8, logLikelihood: -14146.935263
[00:02:59 -14133.840706] Model parameter optimization (eps = 0.100000)

[00:02:59] [worker #0] ML tree search #5, logLikelihood: -14133.822116

[00:02:59 -80082.948547] Initial branch length optimization
[00:02:59 -70400.520878] Model parameter optimization (eps = 10.000000)
[00:03:01 -67014.108588] AUTODETECT spr round 1 (radius: 5)
[00:03:02 -33649.410466] AUTODETECT spr round 2 (radius: 10)
[00:03:06 -19275.176104] AUTODETECT spr round 3 (radius: 15)
[00:03:06] [worker #1] ML tree search #6, logLikelihood: -14136.729352
[00:03:11 -17028.013035] AUTODETECT spr round 4 (radius: 20)
[00:03:19 -16628.348374] AUTODETECT spr round 5 (radius: 25)
[00:03:26 -16396.601152] SPR radius for FAST iterations: 25 (autodetect)
[00:03:26 -16396.601152] Model parameter optimization (eps = 3.000000)
[00:03:27 -16233.003714] FAST spr round 1 (radius: 25)
[00:03:29 -14259.245986] FAST spr round 2 (radius: 25)
[00:03:31 -14159.874856] FAST spr round 3 (radius: 25)
[00:03:32 -14159.865934] Model parameter optimization (eps = 1.000000)
[00:03:33 -14155.941105] SLOW spr round 1 (radius: 5)
[00:03:36 -14155.474009] SLOW spr round 2 (radius: 10)
[00:03:40 -14139.543749] SLOW spr round 3 (radius: 5)
[00:03:47 -14139.359137] SLOW spr round 4 (radius: 10)
[00:03:51] [worker #2] ML tree search #11, logLikelihood: -14137.258137
[00:03:51 -14139.359129] SLOW spr round 5 (radius: 15)
[00:04:01 -14139.359129] SLOW spr round 6 (radius: 20)
[00:04:08] [worker #3] ML tree search #12, logLikelihood: -14134.193783
[00:04:15 -14139.359128] SLOW spr round 7 (radius: 25)
[00:04:23] [worker #1] ML tree search #10, logLikelihood: -14142.603844
[00:04:27 -14139.359128] Model parameter optimization (eps = 0.100000)

[00:04:27] [worker #0] ML tree search #9, logLikelihood: -14139.245870

[00:04:27 -18214.542576] Initial branch length optimization
[00:04:27 -14595.402967] Model parameter optimization (eps = 10.000000)
[00:04:28 -14255.347419] AUTODETECT spr round 1 (radius: 5)
[00:04:29 -14160.842123] AUTODETECT spr round 2 (radius: 10)
[00:04:32 -14159.028581] AUTODETECT spr round 3 (radius: 15)
[00:04:39 -14159.026187] SPR radius for FAST iterations: 10 (autodetect)
[00:04:39 -14159.026187] Model parameter optimization (eps = 3.000000)
[00:04:39 -14158.939932] FAST spr round 1 (radius: 10)
[00:04:40 -14141.105714] FAST spr round 2 (radius: 10)
[00:04:41 -14140.209071] Model parameter optimization (eps = 1.000000)
[00:04:41 -14140.184391] SLOW spr round 1 (radius: 5)
[00:04:45 -14140.182454] SLOW spr round 2 (radius: 10)
[00:04:46] [worker #2] ML tree search #15, logLikelihood: -14142.299265
[00:04:48 -14138.967888] SLOW spr round 3 (radius: 15)
[00:04:58 -14138.967884] SLOW spr round 4 (radius: 20)
[00:05:03] [worker #3] ML tree search #16, logLikelihood: -14141.033274
[00:05:12 -14138.967884] SLOW spr round 5 (radius: 25)
[00:05:20] [worker #1] ML tree search #14, logLikelihood: -14140.808575
[00:05:25 -14138.967884] Model parameter optimization (eps = 0.100000)

[00:05:25] [worker #0] ML tree search #13, logLikelihood: -14138.967873

[00:05:25 -18214.633765] Initial branch length optimization
[00:05:25 -14581.376505] Model parameter optimization (eps = 10.000000)
[00:05:26 -14242.742832] AUTODETECT spr round 1 (radius: 5)
[00:05:27 -14151.684010] AUTODETECT spr round 2 (radius: 10)
[00:05:30 -14151.603908] SPR radius for FAST iterations: 5 (autodetect)
[00:05:30 -14151.603908] Model parameter optimization (eps = 3.000000)
[00:05:30 -14151.351782] FAST spr round 1 (radius: 5)
[00:05:32 -14147.261930] Model parameter optimization (eps = 1.000000)
[00:05:32 -14147.259962] SLOW spr round 1 (radius: 5)
[00:05:37 -14141.992080] SLOW spr round 2 (radius: 10)
[00:05:40 -14141.840676] SLOW spr round 3 (radius: 15)
[00:05:49 -14141.840653] SLOW spr round 4 (radius: 20)
[00:05:51] [worker #2] ML tree search #19, logLikelihood: -14150.747257
[00:06:02] [worker #3] ML tree search #20, logLikelihood: -14143.328349
[00:06:03 -14141.840653] SLOW spr round 5 (radius: 25)
[00:06:16 -14141.840653] Model parameter optimization (eps = 0.100000)

[00:06:16] [worker #0] ML tree search #17, logLikelihood: -14141.809553

[00:06:22] [worker #1] ML tree search #18, logLikelihood: -14139.306333

Optimized model parameters:

   Partition 0: noname
   Rate heterogeneity: GAMMA (4 cats, mean),  alpha: 1.252982 (ML),  weights&rates: (0.250000,0.184523) (0.250000,0.541513) (0.250000,1.031896) (0.250000,2.242068) 
   Base frequencies (empirical): 0.256510 0.276995 0.250421 0.216074 
   Substitution rates (ML): 0.748738 2.456209 1.144918 0.708618 2.847801 1.000000 


Final LogLikelihood: -14133.822116

AIC score: 29719.644232 / AICc score: 1085323.644232 / BIC score: 32813.487195
Free parameters (model + branch lengths): 726

WARNING: Number of free parameters (K=726) is larger than alignment size (n=524).
         This might lead to overfitting and compromise tree inference results!


WARNING: Best ML tree contains 108 near-zero branches!

Best ML tree with collapsed near-zero branches saved to: /data/jeremias/eucs/roadies/output/genes/gene_89_filtered.fa.aln.raxml.bestTreeCollapsed
Best ML tree saved to: /data/jeremias/eucs/roadies/output/genes/gene_89_filtered.fa.aln.raxml.bestTree
All ML trees saved to: /data/jeremias/eucs/roadies/output/genes/gene_89_filtered.fa.aln.raxml.mlTrees
Optimized model saved to: /data/jeremias/eucs/roadies/output/genes/gene_89_filtered.fa.aln.raxml.bestModel

Execution log saved to: /data/jeremias/eucs/roadies/output/genes/gene_89_filtered.fa.aln.raxml.log

Analysis started: 29-Jul-2024 15:07:08 / finished: 29-Jul-2024 15:13:31

Elapsed time: 382.378 seconds

