
RAxML-NG v. 1.2.2 released on 11.04.2024 by The Exelixis Lab.
Developed by: Alexey M. Kozlov and Alexandros Stamatakis.
Contributors: Diego Darriba, Tomas Flouri, Benoit Morel, Sarah Lutteropp, Ben Bettisworth, Julia Haag, Anastasis Togkousidis.
Latest version: https://github.com/amkozlov/raxml-ng
Questions/problems/suggestions? Please visit: https://groups.google.com/forum/#!forum/raxml

System: AMD EPYC 7742 64-Core Processor, 128 cores, 1007 GB RAM

RAxML-NG was called at 29-Jul-2024 15:32:11 as follows:

raxml-ng --msa /data/jeremias/eucs/roadies/output/genes/gene_100_filtered.fa.aln --model GTR+G+F --redo --threads auto{4} --blopt nr_safe

Analysis options:
  run mode: ML tree search
  start tree(s): random (10) + parsimony (10)
  random seed: 1722231131
  tip-inner: OFF
  pattern compression: ON
  per-rate scalers: OFF
  site repeats: ON
  logLH epsilon: general: 10.000000, brlen-triplet: 1000.000000
  fast spr radius: AUTO
  spr subtree cutoff: 1.000000
  fast CLV updates: ON
  branch lengths: proportional (ML estimate, algorithm: NR-SAFE)
  SIMD kernels: AVX2
  parallelization: coarse-grained (auto), PTHREADS (auto)

WARNING: Running in REDO mode: existing checkpoints are ignored, and all result files will be overwritten!

[00:00:00] Reading alignment from file: /data/jeremias/eucs/roadies/output/genes/gene_100_filtered.fa.aln
[00:00:00] Loaded alignment with 37 taxa and 532 sites

WARNING: Sequences E_paniculata_0 and E_sid_E_mel_0 are exactly identical!
WARNING: Sequences E_paniculata_0 and E_polyanthemos_0 are exactly identical!
WARNING: Duplicate sequences found: 2

NOTE: Reduced alignment (with duplicates and gap-only sites/taxa removed) 
NOTE: was saved to: /data/jeremias/eucs/roadies/output/genes/gene_100_filtered.fa.aln.raxml.reduced.phy

Alignment comprises 1 partitions and 196 patterns

Partition 0: noname
Model: GTR+FC+G4m
Alignment sites / patterns: 532 / 196
Gaps: 6.51 %
Invariant sites: 68.23 %


NOTE: Binary MSA file created: /data/jeremias/eucs/roadies/output/genes/gene_100_filtered.fa.aln.raxml.rba

Parallelization scheme autoconfig: 4 worker(s) x 1 thread(s)

[00:00:00] Generating 10 random starting tree(s) with 37 taxa
[00:00:00] Generating 10 parsimony starting tree(s) with 37 taxa
Parallel parsimony with 4 threads
Parallel reduction/worker buffer size: 1 KB  / 0 KB

[00:00:00] Data distribution: max. partitions/sites/weight per thread: 1 / 196 / 3136
[00:00:00] Data distribution: max. searches per worker: 5

Starting ML tree search with 20 distinct starting trees

[00:00:00 -3708.936966] Initial branch length optimization
[00:00:00 -2906.706147] Model parameter optimization (eps = 10.000000)
[00:00:00 -2780.186903] AUTODETECT spr round 1 (radius: 5)
[00:00:00 -2340.010380] AUTODETECT spr round 2 (radius: 10)
[00:00:00 -2177.955053] AUTODETECT spr round 3 (radius: 15)
[00:00:00 -2177.887754] SPR radius for FAST iterations: 10 (autodetect)
[00:00:00 -2177.887754] Model parameter optimization (eps = 3.000000)
[00:00:00 -2158.462056] FAST spr round 1 (radius: 10)
[00:00:00 -2133.690840] FAST spr round 2 (radius: 10)
[00:00:00 -2129.624722] Model parameter optimization (eps = 1.000000)
[00:00:00 -2129.053602] SLOW spr round 1 (radius: 5)
[00:00:00 -2129.053587] SLOW spr round 2 (radius: 10)
[00:00:00 -2129.053587] SLOW spr round 3 (radius: 15)
[00:00:00 -2129.053587] SLOW spr round 4 (radius: 20)
[00:00:00] [worker #2] ML tree search #3, logLikelihood: -2130.525064
[00:00:00 -2129.053587] SLOW spr round 5 (radius: 25)
[00:00:00 -2129.053587] Model parameter optimization (eps = 0.100000)
[00:00:00] [worker #1] ML tree search #2, logLikelihood: -2133.026773

[00:00:00] [worker #0] ML tree search #1, logLikelihood: -2129.052641

[00:00:00 -3683.124408] Initial branch length optimization
[00:00:00 -2897.205710] Model parameter optimization (eps = 10.000000)
[00:00:00] [worker #3] ML tree search #4, logLikelihood: -2129.052445
[00:00:00 -2769.534685] AUTODETECT spr round 1 (radius: 5)
[00:00:01 -2215.806556] AUTODETECT spr round 2 (radius: 10)
[00:00:01 -2190.252034] AUTODETECT spr round 3 (radius: 15)
[00:00:01 -2189.648454] AUTODETECT spr round 4 (radius: 20)
[00:00:01 -2189.625478] SPR radius for FAST iterations: 15 (autodetect)
[00:00:01 -2189.625478] Model parameter optimization (eps = 3.000000)
[00:00:01 -2170.264153] FAST spr round 1 (radius: 15)
[00:00:01 -2144.784278] FAST spr round 2 (radius: 15)
[00:00:02 -2139.021986] Model parameter optimization (eps = 1.000000)
[00:00:02 -2138.443476] SLOW spr round 1 (radius: 5)
[00:00:02 -2137.714038] SLOW spr round 2 (radius: 10)
[00:00:02] [worker #2] ML tree search #7, logLikelihood: -2129.052400
[00:00:02 -2137.714034] SLOW spr round 3 (radius: 15)
[00:00:02 -2137.714034] SLOW spr round 4 (radius: 20)
[00:00:02] [worker #1] ML tree search #6, logLikelihood: -2129.052443
[00:00:02 -2137.714034] SLOW spr round 5 (radius: 25)
[00:00:02 -2137.714034] Model parameter optimization (eps = 0.100000)

[00:00:02] [worker #0] ML tree search #5, logLikelihood: -2137.700807

[00:00:02 -3641.662754] Initial branch length optimization
[00:00:02 -2844.194907] Model parameter optimization (eps = 10.000000)
[00:00:02 -2735.949818] AUTODETECT spr round 1 (radius: 5)
[00:00:02] [worker #3] ML tree search #8, logLikelihood: -2130.906022
[00:00:02 -2374.621133] AUTODETECT spr round 2 (radius: 10)
[00:00:02 -2166.765722] AUTODETECT spr round 3 (radius: 15)
[00:00:02 -2166.616364] AUTODETECT spr round 4 (radius: 20)
[00:00:02 -2166.610464] SPR radius for FAST iterations: 15 (autodetect)
[00:00:02 -2166.610464] Model parameter optimization (eps = 3.000000)
[00:00:03 -2149.227050] FAST spr round 1 (radius: 15)
[00:00:03 -2136.853789] FAST spr round 2 (radius: 15)
[00:00:03 -2134.709709] Model parameter optimization (eps = 1.000000)
[00:00:03 -2134.419984] SLOW spr round 1 (radius: 5)
[00:00:03] [worker #2] ML tree search #11, logLikelihood: -2129.052403
[00:00:03 -2134.419800] SLOW spr round 2 (radius: 10)
[00:00:03 -2134.419800] SLOW spr round 3 (radius: 15)
[00:00:03 -2134.419800] SLOW spr round 4 (radius: 20)
[00:00:03] [worker #1] ML tree search #10, logLikelihood: -2129.052398
[00:00:03] [worker #3] ML tree search #12, logLikelihood: -2132.732559
[00:00:03 -2134.419800] SLOW spr round 5 (radius: 25)
[00:00:03 -2134.419800] Model parameter optimization (eps = 0.100000)

[00:00:03] [worker #0] ML tree search #9, logLikelihood: -2134.419531

[00:00:03 -3030.058293] Initial branch length optimization
[00:00:03 -2181.181325] Model parameter optimization (eps = 10.000000)
[00:00:03 -2150.345533] AUTODETECT spr round 1 (radius: 5)
[00:00:03 -2136.715777] AUTODETECT spr round 2 (radius: 10)
[00:00:03 -2136.700818] SPR radius for FAST iterations: 5 (autodetect)
[00:00:03 -2136.700818] Model parameter optimization (eps = 3.000000)
[00:00:03] [worker #2] ML tree search #15, logLikelihood: -2129.052448
[00:00:03 -2136.553579] FAST spr round 1 (radius: 5)
[00:00:04 -2136.553575] Model parameter optimization (eps = 1.000000)
[00:00:04 -2136.553433] SLOW spr round 1 (radius: 5)
[00:00:04 -2136.211193] SLOW spr round 2 (radius: 10)
[00:00:04 -2136.211190] SLOW spr round 3 (radius: 15)
[00:00:04] [worker #1] ML tree search #14, logLikelihood: -2129.052690
[00:00:04] [worker #3] ML tree search #16, logLikelihood: -2129.052445
[00:00:04 -2136.211190] SLOW spr round 4 (radius: 20)
[00:00:04 -2136.211190] SLOW spr round 5 (radius: 25)
[00:00:04 -2136.211190] Model parameter optimization (eps = 0.100000)

[00:00:04] [worker #0] ML tree search #13, logLikelihood: -2136.160118

[00:00:04 -3024.126653] Initial branch length optimization
[00:00:04 -2172.159166] Model parameter optimization (eps = 10.000000)
[00:00:04 -2142.421949] AUTODETECT spr round 1 (radius: 5)
[00:00:04 -2138.220246] AUTODETECT spr round 2 (radius: 10)
[00:00:04] [worker #2] ML tree search #19, logLikelihood: -2130.525077
[00:00:04 -2138.211023] SPR radius for FAST iterations: 5 (autodetect)
[00:00:04 -2138.211023] Model parameter optimization (eps = 3.000000)
[00:00:04 -2138.127599] FAST spr round 1 (radius: 5)
[00:00:04 -2136.590853] Model parameter optimization (eps = 1.000000)
[00:00:04 -2136.553705] SLOW spr round 1 (radius: 5)
[00:00:05 -2136.212278] SLOW spr round 2 (radius: 10)
[00:00:05 -2136.212278] SLOW spr round 3 (radius: 15)
[00:00:05] [worker #1] ML tree search #18, logLikelihood: -2134.564537
[00:00:05 -2136.212278] SLOW spr round 4 (radius: 20)
[00:00:05 -2136.212278] SLOW spr round 5 (radius: 25)
[00:00:05 -2136.212278] Model parameter optimization (eps = 0.100000)
[00:00:05] [worker #3] ML tree search #20, logLikelihood: -2134.564668

[00:00:05] [worker #0] ML tree search #17, logLikelihood: -2136.160123


Optimized model parameters:

   Partition 0: noname
   Rate heterogeneity: GAMMA (4 cats, mean),  alpha: 1.003691 (ML),  weights&rates: (0.250000,0.137690) (0.250000,0.477859) (0.250000,1.000609) (0.250000,2.383843) 
   Base frequencies (empirical): 0.339727 0.185513 0.184372 0.290387 
   Substitution rates (ML): 0.813056 2.156371 0.812347 0.391186 1.948303 1.000000 


Final LogLikelihood: -2129.052398

AIC score: 4418.104796 / AICc score: 4446.840938 / BIC score: 4760.236276
Free parameters (model + branch lengths): 80

WARNING: Best ML tree contains 16 near-zero branches!

Best ML tree with collapsed near-zero branches saved to: /data/jeremias/eucs/roadies/output/genes/gene_100_filtered.fa.aln.raxml.bestTreeCollapsed
Best ML tree saved to: /data/jeremias/eucs/roadies/output/genes/gene_100_filtered.fa.aln.raxml.bestTree
All ML trees saved to: /data/jeremias/eucs/roadies/output/genes/gene_100_filtered.fa.aln.raxml.mlTrees
Optimized model saved to: /data/jeremias/eucs/roadies/output/genes/gene_100_filtered.fa.aln.raxml.bestModel

Execution log saved to: /data/jeremias/eucs/roadies/output/genes/gene_100_filtered.fa.aln.raxml.log

Analysis started: 29-Jul-2024 15:32:11 / finished: 29-Jul-2024 15:32:16

Elapsed time: 5.385 seconds

