
RAxML-NG v. 1.2.2 released on 11.04.2024 by The Exelixis Lab.
Developed by: Alexey M. Kozlov and Alexandros Stamatakis.
Contributors: Diego Darriba, Tomas Flouri, Benoit Morel, Sarah Lutteropp, Ben Bettisworth, Julia Haag, Anastasis Togkousidis.
Latest version: https://github.com/amkozlov/raxml-ng
Questions/problems/suggestions? Please visit: https://groups.google.com/forum/#!forum/raxml

System: AMD EPYC 7742 64-Core Processor, 128 cores, 1007 GB RAM

RAxML-NG was called at 29-Jul-2024 17:30:50 as follows:

raxml-ng --msa /data/jeremias/eucs/roadies/output/genes/gene_248_filtered.fa.aln --model GTR+G+F --redo --threads auto{4} --blopt nr_safe

Analysis options:
  run mode: ML tree search
  start tree(s): random (10) + parsimony (10)
  random seed: 1722238250
  tip-inner: OFF
  pattern compression: ON
  per-rate scalers: OFF
  site repeats: ON
  logLH epsilon: general: 10.000000, brlen-triplet: 1000.000000
  fast spr radius: AUTO
  spr subtree cutoff: 1.000000
  fast CLV updates: ON
  branch lengths: proportional (ML estimate, algorithm: NR-SAFE)
  SIMD kernels: AVX2
  parallelization: coarse-grained (auto), PTHREADS (auto)

WARNING: Running in REDO mode: existing checkpoints are ignored, and all result files will be overwritten!

[00:00:00] Reading alignment from file: /data/jeremias/eucs/roadies/output/genes/gene_248_filtered.fa.aln
[00:00:00] Loaded alignment with 22 taxa and 602 sites

WARNING: Sequences E_caleyi_0 and E_fibrosa_0 are exactly identical!
WARNING: Duplicate sequences found: 1

NOTE: Reduced alignment (with duplicates and gap-only sites/taxa removed) 
NOTE: was saved to: /data/jeremias/eucs/roadies/output/genes/gene_248_filtered.fa.aln.raxml.reduced.phy

Alignment comprises 1 partitions and 164 patterns

Partition 0: noname
Model: GTR+FC+G4m
Alignment sites / patterns: 602 / 164
Gaps: 12.45 %
Invariant sites: 76.08 %


NOTE: Binary MSA file created: /data/jeremias/eucs/roadies/output/genes/gene_248_filtered.fa.aln.raxml.rba

Parallelization scheme autoconfig: 4 worker(s) x 1 thread(s)

[00:00:00] Generating 10 random starting tree(s) with 22 taxa
[00:00:00] Generating 10 parsimony starting tree(s) with 22 taxa
Parallel parsimony with 4 threads
Parallel reduction/worker buffer size: 1 KB  / 0 KB

[00:00:00] Data distribution: max. partitions/sites/weight per thread: 1 / 164 / 2624
[00:00:00] Data distribution: max. searches per worker: 5

Starting ML tree search with 20 distinct starting trees

[00:00:00 -3163.245949] Initial branch length optimization
[00:00:00 -2227.612072] Model parameter optimization (eps = 10.000000)
[00:00:00 -2054.585173] AUTODETECT spr round 1 (radius: 5)
[00:00:00 -1650.793060] AUTODETECT spr round 2 (radius: 10)
[00:00:00 -1648.656828] AUTODETECT spr round 3 (radius: 15)
[00:00:00 -1648.582824] SPR radius for FAST iterations: 10 (autodetect)
[00:00:00 -1648.582824] Model parameter optimization (eps = 3.000000)
[00:00:00 -1616.839589] FAST spr round 1 (radius: 10)
[00:00:00 -1614.857516] Model parameter optimization (eps = 1.000000)
[00:00:00 -1614.823265] SLOW spr round 1 (radius: 5)
[00:00:00 -1614.462857] SLOW spr round 2 (radius: 10)
[00:00:00 -1614.462857] SLOW spr round 3 (radius: 15)
[00:00:00 -1614.462857] SLOW spr round 4 (radius: 20)
[00:00:00 -1614.462857] Model parameter optimization (eps = 0.100000)

[00:00:00] [worker #0] ML tree search #1, logLikelihood: -1614.410381

[00:00:00 -3318.774981] Initial branch length optimization
[00:00:00 -2386.141084] Model parameter optimization (eps = 10.000000)
[00:00:00 -2129.729536] AUTODETECT spr round 1 (radius: 5)
[00:00:00] [worker #2] ML tree search #3, logLikelihood: -1610.448820
[00:00:00 -1654.522970] AUTODETECT spr round 2 (radius: 10)
[00:00:00 -1654.446600] SPR radius for FAST iterations: 5 (autodetect)
[00:00:00] [worker #1] ML tree search #2, logLikelihood: -1610.448789
[00:00:00 -1654.446600] Model parameter optimization (eps = 3.000000)
[00:00:00] [worker #3] ML tree search #4, logLikelihood: -1610.448876
[00:00:00 -1619.259729] FAST spr round 1 (radius: 5)
[00:00:00 -1616.858756] Model parameter optimization (eps = 1.000000)
[00:00:00 -1616.819529] SLOW spr round 1 (radius: 5)
[00:00:00 -1610.690051] SLOW spr round 2 (radius: 10)
[00:00:00 -1610.690051] SLOW spr round 3 (radius: 15)
[00:00:00 -1610.690051] SLOW spr round 4 (radius: 20)
[00:00:00 -1610.690051] Model parameter optimization (eps = 0.100000)

[00:00:00] [worker #0] ML tree search #5, logLikelihood: -1610.448935

[00:00:00 -3287.005972] Initial branch length optimization
[00:00:00 -2388.260581] Model parameter optimization (eps = 10.000000)
[00:00:00 -2129.490703] AUTODETECT spr round 1 (radius: 5)
[00:00:00 -1683.945398] AUTODETECT spr round 2 (radius: 10)
[00:00:00] [worker #2] ML tree search #7, logLikelihood: -1610.293192
[00:00:00 -1659.736936] AUTODETECT spr round 3 (radius: 15)
[00:00:00 -1659.459416] AUTODETECT spr round 4 (radius: 20)
[00:00:00 -1659.419017] SPR radius for FAST iterations: 15 (autodetect)
[00:00:00 -1659.419017] Model parameter optimization (eps = 3.000000)
[00:00:00 -1625.556950] FAST spr round 1 (radius: 15)
[00:00:00] [worker #3] ML tree search #8, logLikelihood: -1610.448897
[00:00:00 -1611.620367] FAST spr round 2 (radius: 15)
[00:00:01] [worker #1] ML tree search #6, logLikelihood: -1610.448944
[00:00:01 -1611.620360] Model parameter optimization (eps = 1.000000)
[00:00:01 -1610.449196] SLOW spr round 1 (radius: 5)
[00:00:01 -1610.449164] SLOW spr round 2 (radius: 10)
[00:00:01 -1610.449164] SLOW spr round 3 (radius: 15)
[00:00:01 -1610.449164] SLOW spr round 4 (radius: 20)
[00:00:01 -1610.449164] Model parameter optimization (eps = 0.100000)

[00:00:01] [worker #0] ML tree search #9, logLikelihood: -1610.448896

[00:00:01 -2471.696943] Initial branch length optimization
[00:00:01 -1660.156479] Model parameter optimization (eps = 10.000000)
[00:00:01 -1617.721634] AUTODETECT spr round 1 (radius: 5)
[00:00:01 -1612.758768] AUTODETECT spr round 2 (radius: 10)
[00:00:01] [worker #2] ML tree search #11, logLikelihood: -1610.293173
[00:00:01 -1612.757645] SPR radius for FAST iterations: 5 (autodetect)
[00:00:01 -1612.757645] Model parameter optimization (eps = 3.000000)
[00:00:01 -1612.437902] FAST spr round 1 (radius: 5)
[00:00:01] [worker #3] ML tree search #12, logLikelihood: -1610.448707
[00:00:01 -1610.470904] Model parameter optimization (eps = 1.000000)
[00:00:01 -1610.449143] SLOW spr round 1 (radius: 5)
[00:00:01] [worker #1] ML tree search #10, logLikelihood: -1610.448819
[00:00:01 -1610.448726] SLOW spr round 2 (radius: 10)
[00:00:01 -1610.448726] SLOW spr round 3 (radius: 15)
[00:00:01 -1610.448726] SLOW spr round 4 (radius: 20)
[00:00:01 -1610.448726] Model parameter optimization (eps = 0.100000)

[00:00:01] [worker #0] ML tree search #13, logLikelihood: -1610.448716

[00:00:01 -2465.732230] Initial branch length optimization
[00:00:01 -1658.558304] Model parameter optimization (eps = 10.000000)
[00:00:01 -1614.237525] AUTODETECT spr round 1 (radius: 5)
[00:00:01 -1610.488259] AUTODETECT spr round 2 (radius: 10)
[00:00:01] [worker #3] ML tree search #16, logLikelihood: -1610.448716
[00:00:01 -1610.487566] SPR radius for FAST iterations: 5 (autodetect)
[00:00:01 -1610.487566] Model parameter optimization (eps = 3.000000)
[00:00:01 -1610.449104] FAST spr round 1 (radius: 5)
[00:00:01] [worker #2] ML tree search #15, logLikelihood: -1610.448710
[00:00:01 -1610.448872] Model parameter optimization (eps = 1.000000)
[00:00:01 -1610.448789] SLOW spr round 1 (radius: 5)
[00:00:01] [worker #1] ML tree search #14, logLikelihood: -1610.448726
[00:00:01 -1610.448750] SLOW spr round 2 (radius: 10)
[00:00:02 -1610.448750] SLOW spr round 3 (radius: 15)
[00:00:02 -1610.448750] SLOW spr round 4 (radius: 20)
[00:00:02 -1610.448750] Model parameter optimization (eps = 0.100000)

[00:00:02] [worker #0] ML tree search #17, logLikelihood: -1610.448746

[00:00:02] [worker #2] ML tree search #19, logLikelihood: -1610.448831
[00:00:02] [worker #3] ML tree search #20, logLikelihood: -1610.448809
[00:00:02] [worker #1] ML tree search #18, logLikelihood: -1610.448744

Optimized model parameters:

   Partition 0: noname
   Rate heterogeneity: GAMMA (4 cats, mean),  alpha: 2.459595 (ML),  weights&rates: (0.250000,0.342592) (0.250000,0.696408) (0.250000,1.078154) (0.250000,1.882846) 
   Base frequencies (empirical): 0.161966 0.153773 0.458560 0.225701 
   Substitution rates (ML): 2.870917 3.543576 3.360870 1.014207 9.155926 1.000000 


Final LogLikelihood: -1610.293173

AIC score: 3320.586345 / AICc score: 3329.842244 / BIC score: 3540.599218
Free parameters (model + branch lengths): 50

WARNING: Best ML tree contains 7 near-zero branches!

Best ML tree with collapsed near-zero branches saved to: /data/jeremias/eucs/roadies/output/genes/gene_248_filtered.fa.aln.raxml.bestTreeCollapsed
Best ML tree saved to: /data/jeremias/eucs/roadies/output/genes/gene_248_filtered.fa.aln.raxml.bestTree
All ML trees saved to: /data/jeremias/eucs/roadies/output/genes/gene_248_filtered.fa.aln.raxml.mlTrees
Optimized model saved to: /data/jeremias/eucs/roadies/output/genes/gene_248_filtered.fa.aln.raxml.bestModel

Execution log saved to: /data/jeremias/eucs/roadies/output/genes/gene_248_filtered.fa.aln.raxml.log

Analysis started: 29-Jul-2024 17:30:50 / finished: 29-Jul-2024 17:30:52

Elapsed time: 2.260 seconds

