
RAxML-NG v. 1.2.2 released on 11.04.2024 by The Exelixis Lab.
Developed by: Alexey M. Kozlov and Alexandros Stamatakis.
Contributors: Diego Darriba, Tomas Flouri, Benoit Morel, Sarah Lutteropp, Ben Bettisworth, Julia Haag, Anastasis Togkousidis.
Latest version: https://github.com/amkozlov/raxml-ng
Questions/problems/suggestions? Please visit: https://groups.google.com/forum/#!forum/raxml

System: AMD EPYC 7742 64-Core Processor, 128 cores, 1007 GB RAM

RAxML-NG was called at 29-Jul-2024 16:27:59 as follows:

raxml-ng --msa /data/jeremias/eucs/roadies/output/genes/gene_178_filtered.fa.aln --model GTR+G+F --redo --threads auto{4} --blopt nr_safe

Analysis options:
  run mode: ML tree search
  start tree(s): random (10) + parsimony (10)
  random seed: 1722234479
  tip-inner: OFF
  pattern compression: ON
  per-rate scalers: OFF
  site repeats: ON
  logLH epsilon: general: 10.000000, brlen-triplet: 1000.000000
  fast spr radius: AUTO
  spr subtree cutoff: 1.000000
  fast CLV updates: ON
  branch lengths: proportional (ML estimate, algorithm: NR-SAFE)
  SIMD kernels: AVX2
  parallelization: coarse-grained (auto), PTHREADS (auto)

WARNING: Running in REDO mode: existing checkpoints are ignored, and all result files will be overwritten!

[00:00:00] Reading alignment from file: /data/jeremias/eucs/roadies/output/genes/gene_178_filtered.fa.aln
[00:00:00] Loaded alignment with 305 taxa and 505 sites

WARNING: Sequences E_melliodora_0 and E_sid_E_mel_0 are exactly identical!
WARNING: Sequences E_melliodora_0 and E_sideroxylon_0 are exactly identical!
WARNING: Sequences E_sid_E_mel_8 and E_sideroxylon_9 are exactly identical!
WARNING: Sequences E_sid_E_mel_2 and E_sideroxylon_3 are exactly identical!
WARNING: Sequences E_polyanthemos_0 and E_cladocalyx_0 are exactly identical!
WARNING: Sequences E_polyanthemos_4 and E_dawsonii_4 are exactly identical!
WARNING: Sequences E_polyanthemos_4 and E_coolabah_4 are exactly identical!
WARNING: Sequences C_maculata_1 and C_maculata_2 are exactly identical!
WARNING: Sequences E_cloeziana_3 and E_regnans_3 are exactly identical!
WARNING: Sequences E_fibrosa_1 and E_coolabah_1 are exactly identical!
WARNING: Sequences E_fibrosa_1 and E_albens_1 are exactly identical!
WARNING: Sequences E_fibrosa_1 and E_leucophloia_0 are exactly identical!
WARNING: Sequences E_fibrosa_4 and E_brandiana_2 are exactly identical!
WARNING: Sequences E_fibrosa_6 and E_brandiana_4 are exactly identical!
WARNING: Sequences E_pauciflora_4 and E_regnans_4 are exactly identical!
WARNING: Sequences E_virginea_6 and E_pumila_7 are exactly identical!
WARNING: Sequences E_ANBG9806169_6 and E_ANBG9806169_5 are exactly identical!
WARNING: Sequences E_lansdowneana_6 and E_caleyi_5 are exactly identical!
WARNING: Sequences E_regnans_0 and E_pauciflora_0 are exactly identical!
WARNING: Sequences E_guilfoylei_5 and E_guilfoylei_6 are exactly identical!
WARNING: Duplicate sequences found: 20

NOTE: Reduced alignment (with duplicates and gap-only sites/taxa removed) 
NOTE: was saved to: /data/jeremias/eucs/roadies/output/genes/gene_178_filtered.fa.aln.raxml.reduced.phy

Alignment comprises 1 partitions and 436 patterns

Partition 0: noname
Model: GTR+FC+G4m
Alignment sites / patterns: 505 / 436
Gaps: 6.83 %
Invariant sites: 20.00 %


NOTE: Binary MSA file created: /data/jeremias/eucs/roadies/output/genes/gene_178_filtered.fa.aln.raxml.rba

Parallelization scheme autoconfig: 4 worker(s) x 1 thread(s)

[00:00:00] Generating 10 random starting tree(s) with 305 taxa
[00:00:00] Generating 10 parsimony starting tree(s) with 305 taxa
Parallel parsimony with 4 threads
Parallel reduction/worker buffer size: 1 KB  / 0 KB

[00:00:00] Data distribution: max. partitions/sites/weight per thread: 1 / 436 / 6976
[00:00:00] Data distribution: max. searches per worker: 5

Starting ML tree search with 20 distinct starting trees

[00:00:00 -84105.331659] Initial branch length optimization
[00:00:00 -64091.174109] Model parameter optimization (eps = 10.000000)
[00:00:14 -60270.240553] AUTODETECT spr round 1 (radius: 5)
[00:00:15 -29795.050036] AUTODETECT spr round 2 (radius: 10)
[00:00:18 -17604.242880] AUTODETECT spr round 3 (radius: 15)
[00:00:22 -13923.971747] AUTODETECT spr round 4 (radius: 20)
[00:00:27 -13142.923764] AUTODETECT spr round 5 (radius: 25)
[00:00:31 -13122.402638] SPR radius for FAST iterations: 25 (autodetect)
[00:00:31 -13122.402638] Model parameter optimization (eps = 3.000000)
[00:00:33 -12880.200415] FAST spr round 1 (radius: 25)
[00:00:36 -11240.588750] FAST spr round 2 (radius: 25)
[00:00:39 -11111.023249] FAST spr round 3 (radius: 25)
[00:00:42 -11084.697074] FAST spr round 4 (radius: 25)
[00:00:44 -11084.690305] Model parameter optimization (eps = 1.000000)
[00:00:44 -11081.687756] SLOW spr round 1 (radius: 5)
[00:00:51 -11079.379902] SLOW spr round 2 (radius: 10)
[00:00:57 -11066.395937] SLOW spr round 3 (radius: 5)
[00:01:07 -11041.421840] SLOW spr round 4 (radius: 5)
[00:01:12 -11038.095132] SLOW spr round 5 (radius: 10)
[00:01:16 -11037.278497] SLOW spr round 6 (radius: 15)
[00:01:22] [worker #3] ML tree search #4, logLikelihood: -11045.624136
[00:01:24 -11037.277482] SLOW spr round 7 (radius: 20)
[00:01:30] [worker #1] ML tree search #2, logLikelihood: -11041.692152
[00:01:37 -11037.277433] SLOW spr round 8 (radius: 25)
[00:01:45] [worker #2] ML tree search #3, logLikelihood: -11035.217349
[00:01:56 -11037.277431] Model parameter optimization (eps = 0.100000)

[00:01:56] [worker #0] ML tree search #1, logLikelihood: -11037.195343

[00:01:56 -84072.198227] Initial branch length optimization
[00:01:57 -64307.518335] Model parameter optimization (eps = 10.000000)
[00:02:00 -60290.324522] AUTODETECT spr round 1 (radius: 5)
[00:02:02 -32406.010836] AUTODETECT spr round 2 (radius: 10)
[00:02:06 -19940.713111] AUTODETECT spr round 3 (radius: 15)
[00:02:11 -15626.002120] AUTODETECT spr round 4 (radius: 20)
[00:02:17 -13254.268434] AUTODETECT spr round 5 (radius: 25)
[00:02:23 -13106.367906] SPR radius for FAST iterations: 25 (autodetect)
[00:02:23 -13106.367906] Model parameter optimization (eps = 3.000000)
[00:02:24 -12861.171802] FAST spr round 1 (radius: 25)
[00:02:27 -11355.295923] FAST spr round 2 (radius: 25)
[00:02:29 -11139.383853] FAST spr round 3 (radius: 25)
[00:02:31 -11068.437672] FAST spr round 4 (radius: 25)
[00:02:32 -11055.899199] FAST spr round 5 (radius: 25)
[00:02:33 -11055.899046] Model parameter optimization (eps = 1.000000)
[00:02:33 -11052.866120] SLOW spr round 1 (radius: 5)
[00:02:37 -11048.030057] SLOW spr round 2 (radius: 10)
[00:02:41 -11047.377981] SLOW spr round 3 (radius: 15)
[00:02:44] [worker #1] ML tree search #6, logLikelihood: -11049.686918
[00:02:50 -11047.377925] SLOW spr round 4 (radius: 20)
[00:02:51] [worker #3] ML tree search #8, logLikelihood: -11040.854790
[00:03:02 -11047.377925] SLOW spr round 5 (radius: 25)
[00:03:04] [worker #2] ML tree search #7, logLikelihood: -11046.823694
[00:03:20 -11047.377925] Model parameter optimization (eps = 0.100000)

[00:03:21] [worker #0] ML tree search #5, logLikelihood: -11047.340334

[00:03:21 -81357.296686] Initial branch length optimization
[00:03:21 -63019.125667] Model parameter optimization (eps = 10.000000)
[00:03:34 -59479.441027] AUTODETECT spr round 1 (radius: 5)
[00:03:36 -30980.814018] AUTODETECT spr round 2 (radius: 10)
[00:03:39 -18234.762552] AUTODETECT spr round 3 (radius: 15)
[00:03:44 -14606.164579] AUTODETECT spr round 4 (radius: 20)
[00:03:51 -13269.788691] AUTODETECT spr round 5 (radius: 25)
[00:03:54] [worker #3] ML tree search #12, logLikelihood: -11041.582791
[00:03:58 -13206.305580] SPR radius for FAST iterations: 25 (autodetect)
[00:03:58 -13206.305580] Model parameter optimization (eps = 3.000000)
[00:04:00 -13008.973851] FAST spr round 1 (radius: 25)
[00:04:04 -11140.815169] FAST spr round 2 (radius: 25)
[00:04:04] [worker #2] ML tree search #11, logLikelihood: -11035.139172
[00:04:07 -11072.904350] FAST spr round 3 (radius: 25)
[00:04:10 -11059.765032] FAST spr round 4 (radius: 25)
[00:04:11 -11059.096813] Model parameter optimization (eps = 1.000000)
[00:04:12 -11053.916637] SLOW spr round 1 (radius: 5)
[00:04:19 -11039.195133] SLOW spr round 2 (radius: 5)
[00:04:24] [worker #1] ML tree search #10, logLikelihood: -11039.039255
[00:04:25 -11039.194140] SLOW spr round 3 (radius: 10)
[00:04:31 -11039.194006] SLOW spr round 4 (radius: 15)
[00:04:48 -11039.194005] SLOW spr round 5 (radius: 20)
[00:04:48] [worker #3] ML tree search #16, logLikelihood: -11047.328740
[00:05:06] [worker #2] ML tree search #15, logLikelihood: -11037.901054
[00:05:08 -11039.194005] SLOW spr round 6 (radius: 25)
[00:05:25 -11039.194005] Model parameter optimization (eps = 0.100000)

[00:05:25] [worker #0] ML tree search #9, logLikelihood: -11039.146454

[00:05:25 -15200.021494] Initial branch length optimization
[00:05:25 -11504.232151] Model parameter optimization (eps = 10.000000)
[00:05:26 -11187.886077] AUTODETECT spr round 1 (radius: 5)
[00:05:27 -11062.914138] AUTODETECT spr round 2 (radius: 10)
[00:05:30 -11051.868906] AUTODETECT spr round 3 (radius: 15)
[00:05:35 -11051.576571] AUTODETECT spr round 4 (radius: 20)
[00:05:42 -11051.573354] SPR radius for FAST iterations: 15 (autodetect)
[00:05:42 -11051.573354] Model parameter optimization (eps = 3.000000)
[00:05:42 -11051.455507] FAST spr round 1 (radius: 15)
[00:05:43 -11039.842938] FAST spr round 2 (radius: 15)
[00:05:44 -11039.842516] Model parameter optimization (eps = 1.000000)
[00:05:45 -11039.831331] SLOW spr round 1 (radius: 5)
[00:05:48 -11039.435568] SLOW spr round 2 (radius: 10)
[00:05:51 -11037.576193] SLOW spr round 3 (radius: 15)
[00:05:55] [worker #1] ML tree search #14, logLikelihood: -11037.005456
[00:06:01 -11037.576193] SLOW spr round 4 (radius: 20)
[00:06:13 -11037.576193] SLOW spr round 5 (radius: 25)
[00:06:14] [worker #3] ML tree search #20, logLikelihood: -11047.130777
[00:06:17] [worker #2] ML tree search #19, logLikelihood: -11036.657143
[00:06:26 -11037.576193] Model parameter optimization (eps = 0.100000)

[00:06:26] [worker #0] ML tree search #13, logLikelihood: -11037.567975

[00:06:26 -15219.690724] Initial branch length optimization
[00:06:27 -11505.910047] Model parameter optimization (eps = 10.000000)
[00:06:27 -11186.471379] AUTODETECT spr round 1 (radius: 5)
[00:06:28 -11088.570065] AUTODETECT spr round 2 (radius: 10)
[00:06:31 -11062.463535] AUTODETECT spr round 3 (radius: 15)
[00:06:36 -11062.419891] SPR radius for FAST iterations: 10 (autodetect)
[00:06:36 -11062.419891] Model parameter optimization (eps = 3.000000)
[00:06:37 -11062.114129] FAST spr round 1 (radius: 10)
[00:06:38 -11040.533650] FAST spr round 2 (radius: 10)
[00:06:39 -11040.532429] Model parameter optimization (eps = 1.000000)
[00:06:40 -11040.494039] SLOW spr round 1 (radius: 5)
[00:06:43 -11037.409891] SLOW spr round 2 (radius: 10)
[00:06:46 -11036.935031] SLOW spr round 3 (radius: 15)
[00:06:52] [worker #1] ML tree search #18, logLikelihood: -11044.666763
[00:06:53 -11036.935030] SLOW spr round 4 (radius: 20)
[00:07:03 -11036.935030] SLOW spr round 5 (radius: 25)
[00:07:13 -11036.935030] Model parameter optimization (eps = 0.100000)

[00:07:13] [worker #0] ML tree search #17, logLikelihood: -11036.873684


Optimized model parameters:

   Partition 0: noname
   Rate heterogeneity: GAMMA (4 cats, mean),  alpha: 0.856604 (ML),  weights&rates: (0.250000,0.107534) (0.250000,0.428963) (0.250000,0.971484) (0.250000,2.492019) 
   Base frequencies (empirical): 0.189858 0.307745 0.306288 0.196109 
   Substitution rates (ML): 1.028955 3.572245 1.295719 0.791197 3.197229 1.000000 


Final LogLikelihood: -11035.139172

AIC score: 23302.278344 / AICc score: 783446.278344 / BIC score: 25904.606336
Free parameters (model + branch lengths): 616

WARNING: Number of free parameters (K=616) is larger than alignment size (n=505).
         This might lead to overfitting and compromise tree inference results!


WARNING: Best ML tree contains 103 near-zero branches!

Best ML tree with collapsed near-zero branches saved to: /data/jeremias/eucs/roadies/output/genes/gene_178_filtered.fa.aln.raxml.bestTreeCollapsed
Best ML tree saved to: /data/jeremias/eucs/roadies/output/genes/gene_178_filtered.fa.aln.raxml.bestTree
All ML trees saved to: /data/jeremias/eucs/roadies/output/genes/gene_178_filtered.fa.aln.raxml.mlTrees
Optimized model saved to: /data/jeremias/eucs/roadies/output/genes/gene_178_filtered.fa.aln.raxml.bestModel

Execution log saved to: /data/jeremias/eucs/roadies/output/genes/gene_178_filtered.fa.aln.raxml.log

Analysis started: 29-Jul-2024 16:27:59 / finished: 29-Jul-2024 16:35:13

Elapsed time: 433.644 seconds

