
RAxML-NG v. 1.2.2 released on 11.04.2024 by The Exelixis Lab.
Developed by: Alexey M. Kozlov and Alexandros Stamatakis.
Contributors: Diego Darriba, Tomas Flouri, Benoit Morel, Sarah Lutteropp, Ben Bettisworth, Julia Haag, Anastasis Togkousidis.
Latest version: https://github.com/amkozlov/raxml-ng
Questions/problems/suggestions? Please visit: https://groups.google.com/forum/#!forum/raxml

System: AMD EPYC 7742 64-Core Processor, 128 cores, 1007 GB RAM

RAxML-NG was called at 29-Jul-2024 15:01:34 as follows:

raxml-ng --msa /data/jeremias/eucs/roadies/output/genes/gene_59_filtered.fa.aln --model GTR+G+F --redo --threads auto{4} --blopt nr_safe

Analysis options:
  run mode: ML tree search
  start tree(s): random (10) + parsimony (10)
  random seed: 1722229294
  tip-inner: OFF
  pattern compression: ON
  per-rate scalers: OFF
  site repeats: ON
  logLH epsilon: general: 10.000000, brlen-triplet: 1000.000000
  fast spr radius: AUTO
  spr subtree cutoff: 1.000000
  fast CLV updates: ON
  branch lengths: proportional (ML estimate, algorithm: NR-SAFE)
  SIMD kernels: AVX2
  parallelization: coarse-grained (auto), PTHREADS (auto)

WARNING: Running in REDO mode: existing checkpoints are ignored, and all result files will be overwritten!

[00:00:00] Reading alignment from file: /data/jeremias/eucs/roadies/output/genes/gene_59_filtered.fa.aln
[00:00:00] Loaded alignment with 285 taxa and 501 sites

Alignment comprises 1 partitions and 488 patterns

Partition 0: noname
Model: GTR+FC+G4m
Alignment sites / patterns: 501 / 488
Gaps: 1.92 %
Invariant sites: 5.59 %


NOTE: Binary MSA file created: /data/jeremias/eucs/roadies/output/genes/gene_59_filtered.fa.aln.raxml.rba

Parallelization scheme autoconfig: 4 worker(s) x 1 thread(s)

[00:00:00] Generating 10 random starting tree(s) with 285 taxa
[00:00:00] Generating 10 parsimony starting tree(s) with 285 taxa
Parallel parsimony with 4 threads
Parallel reduction/worker buffer size: 1 KB  / 0 KB

[00:00:00] Data distribution: max. partitions/sites/weight per thread: 1 / 488 / 7808
[00:00:00] Data distribution: max. searches per worker: 5

Starting ML tree search with 20 distinct starting trees

[00:00:00 -74601.135200] Initial branch length optimization
[00:00:00 -58489.897842] Model parameter optimization (eps = 10.000000)
[00:00:05 -54310.884909] AUTODETECT spr round 1 (radius: 5)
[00:00:07 -41309.172347] AUTODETECT spr round 2 (radius: 10)
[00:00:10 -31002.596098] AUTODETECT spr round 3 (radius: 15)
[00:00:15 -27815.364951] AUTODETECT spr round 4 (radius: 20)
[00:00:20 -27787.624526] AUTODETECT spr round 5 (radius: 25)
[00:00:23 -27786.701878] SPR radius for FAST iterations: 25 (autodetect)
[00:00:23 -27786.701878] Model parameter optimization (eps = 3.000000)
[00:00:25 -27553.848158] FAST spr round 1 (radius: 25)
[00:00:28 -24716.900174] FAST spr round 2 (radius: 25)
[00:00:30 -24600.280447] FAST spr round 3 (radius: 25)
[00:00:32 -24595.875751] Model parameter optimization (eps = 1.000000)
[00:00:32 -24586.744189] SLOW spr round 1 (radius: 5)
[00:00:39 -24576.494034] SLOW spr round 2 (radius: 5)
[00:00:48 -24576.451884] SLOW spr round 3 (radius: 10)
[00:00:54 -24576.451503] SLOW spr round 4 (radius: 15)
[00:01:14 -24576.451475] SLOW spr round 5 (radius: 20)
[00:01:29] [worker #3] ML tree search #4, logLikelihood: -24573.253630
[00:01:31 -24576.451473] SLOW spr round 6 (radius: 25)
[00:01:34] [worker #2] ML tree search #3, logLikelihood: -24577.759664
[00:01:40] [worker #1] ML tree search #2, logLikelihood: -24574.348590
[00:01:42 -24576.451473] Model parameter optimization (eps = 0.100000)

[00:01:42] [worker #0] ML tree search #1, logLikelihood: -24576.441111

[00:01:42 -74983.279945] Initial branch length optimization
[00:01:42 -58971.476238] Model parameter optimization (eps = 10.000000)
[00:01:47 -54721.761004] AUTODETECT spr round 1 (radius: 5)
[00:01:48 -41207.967511] AUTODETECT spr round 2 (radius: 10)
[00:01:51 -31316.021549] AUTODETECT spr round 3 (radius: 15)
[00:01:55 -28220.977839] AUTODETECT spr round 4 (radius: 20)
[00:01:59 -27542.742222] AUTODETECT spr round 5 (radius: 25)
[00:02:03 -27540.896022] SPR radius for FAST iterations: 25 (autodetect)
[00:02:03 -27540.896022] Model parameter optimization (eps = 3.000000)
[00:02:05 -27310.847534] FAST spr round 1 (radius: 25)
[00:02:09 -24837.157488] FAST spr round 2 (radius: 25)
[00:02:13 -24608.715264] FAST spr round 3 (radius: 25)
[00:02:16 -24599.167056] Model parameter optimization (eps = 1.000000)
[00:02:17 -24594.845431] SLOW spr round 1 (radius: 5)
[00:02:23 -24579.373176] SLOW spr round 2 (radius: 5)
[00:02:27 -24578.206859] SLOW spr round 3 (radius: 10)
[00:02:31 -24574.568965] SLOW spr round 4 (radius: 15)
[00:02:43 -24574.568678] SLOW spr round 5 (radius: 20)
[00:02:47] [worker #3] ML tree search #8, logLikelihood: -24575.216174
[00:02:55 -24574.568656] SLOW spr round 6 (radius: 25)
[00:02:56] [worker #2] ML tree search #7, logLikelihood: -24575.062262
[00:03:03] [worker #1] ML tree search #6, logLikelihood: -24574.895439
[00:03:04 -24574.568655] Model parameter optimization (eps = 0.100000)

[00:03:04] [worker #0] ML tree search #5, logLikelihood: -24574.539731

[00:03:04 -74648.864794] Initial branch length optimization
[00:03:05 -59199.552502] Model parameter optimization (eps = 10.000000)
[00:03:07 -54871.089122] AUTODETECT spr round 1 (radius: 5)
[00:03:08 -41759.269050] AUTODETECT spr round 2 (radius: 10)
[00:03:11 -32751.537326] AUTODETECT spr round 3 (radius: 15)
[00:03:15 -28832.834722] AUTODETECT spr round 4 (radius: 20)
[00:03:18 -28332.868108] AUTODETECT spr round 5 (radius: 25)
[00:03:22 -28001.802531] SPR radius for FAST iterations: 25 (autodetect)
[00:03:22 -28001.802531] Model parameter optimization (eps = 3.000000)
[00:03:23 -27786.225680] FAST spr round 1 (radius: 25)
[00:03:26 -24796.671929] FAST spr round 2 (radius: 25)
[00:03:28 -24598.509062] FAST spr round 3 (radius: 25)
[00:03:30 -24590.488223] Model parameter optimization (eps = 1.000000)
[00:03:30 -24584.372610] SLOW spr round 1 (radius: 5)
[00:03:35 -24574.732075] SLOW spr round 2 (radius: 10)
[00:03:39 -24574.731656] SLOW spr round 3 (radius: 15)
[00:03:46] [worker #3] ML tree search #12, logLikelihood: -24575.096912
[00:03:55 -24574.731624] SLOW spr round 4 (radius: 20)
[00:03:57] [worker #2] ML tree search #11, logLikelihood: -24583.433112
[00:04:07 -24574.731621] SLOW spr round 5 (radius: 25)
[00:04:18 -24574.731621] Model parameter optimization (eps = 0.100000)

[00:04:19] [worker #0] ML tree search #9, logLikelihood: -24574.721616

[00:04:19 -30029.393307] Initial branch length optimization
[00:04:20 -26886.789989] Model parameter optimization (eps = 10.000000)
[00:04:21 -24804.163974] AUTODETECT spr round 1 (radius: 5)
[00:04:21] [worker #1] ML tree search #10, logLikelihood: -26528.016960
[00:04:23 -24629.316434] AUTODETECT spr round 2 (radius: 10)
[00:04:28 -24602.886951] AUTODETECT spr round 3 (radius: 15)
[00:04:36 -24602.824127] SPR radius for FAST iterations: 10 (autodetect)
[00:04:36 -24602.824127] Model parameter optimization (eps = 3.000000)
[00:04:36 -24602.393160] FAST spr round 1 (radius: 10)
[00:04:39 -24584.974420] FAST spr round 2 (radius: 10)
[00:04:41 -24584.974303] Model parameter optimization (eps = 1.000000)
[00:04:41 -24584.962148] SLOW spr round 1 (radius: 5)
[00:04:47 -24575.600226] SLOW spr round 2 (radius: 10)
[00:04:52 -24574.823766] SLOW spr round 3 (radius: 15)
[00:04:59] [worker #3] ML tree search #16, logLikelihood: -24590.760843
[00:05:06 -24574.823599] SLOW spr round 4 (radius: 20)
[00:05:20 -24574.823587] SLOW spr round 5 (radius: 25)
[00:05:29] [worker #2] ML tree search #15, logLikelihood: -24575.231531
[00:05:30 -24574.823586] Model parameter optimization (eps = 0.100000)

[00:05:31] [worker #0] ML tree search #13, logLikelihood: -24574.814969

[00:05:31 -30071.047215] Initial branch length optimization
[00:05:31 -26891.231234] Model parameter optimization (eps = 10.000000)
[00:05:32 -24823.164148] AUTODETECT spr round 1 (radius: 5)
[00:05:33 -24611.703012] AUTODETECT spr round 2 (radius: 10)
[00:05:39 -24598.548755] AUTODETECT spr round 3 (radius: 15)
[00:05:40] [worker #1] ML tree search #14, logLikelihood: -24575.582457
[00:05:46 -24598.443136] AUTODETECT spr round 4 (radius: 20)
[00:05:52 -24598.433756] SPR radius for FAST iterations: 15 (autodetect)
[00:05:52 -24598.433756] Model parameter optimization (eps = 3.000000)
[00:05:53 -24598.044437] FAST spr round 1 (radius: 15)
[00:05:56 -24586.188614] FAST spr round 2 (radius: 15)
[00:05:59 -24586.187153] Model parameter optimization (eps = 1.000000)
[00:05:59 -24586.150045] SLOW spr round 1 (radius: 5)
[00:06:09 -24582.128024] SLOW spr round 2 (radius: 10)
[00:06:16 -24578.587351] SLOW spr round 3 (radius: 15)
[00:06:23] [worker #3] ML tree search #20, logLikelihood: -24582.450188
[00:06:32 -24578.587054] SLOW spr round 4 (radius: 20)
[00:06:38] [worker #2] ML tree search #19, logLikelihood: -24575.582200
[00:06:46 -24578.587035] SLOW spr round 5 (radius: 25)
[00:06:52] [worker #1] ML tree search #18, logLikelihood: -24576.206287
[00:06:56 -24578.587034] Model parameter optimization (eps = 0.100000)

[00:06:56] [worker #0] ML tree search #17, logLikelihood: -24578.562962


Optimized model parameters:

   Partition 0: noname
   Rate heterogeneity: GAMMA (4 cats, mean),  alpha: 1.104483 (ML),  weights&rates: (0.250000,0.157317) (0.250000,0.506051) (0.250000,1.015364) (0.250000,2.321268) 
   Base frequencies (empirical): 0.333571 0.210334 0.245646 0.210449 
   Substitution rates (ML): 0.649463 4.195816 1.176709 0.403669 7.579217 1.000000 


Final LogLikelihood: -24573.253630

AIC score: 50298.507260 / AICc score: 715002.507260 / BIC score: 52727.272375
Free parameters (model + branch lengths): 576

WARNING: Number of free parameters (K=576) is larger than alignment size (n=501).
         This might lead to overfitting and compromise tree inference results!


WARNING: Best ML tree contains 49 near-zero branches!

Best ML tree with collapsed near-zero branches saved to: /data/jeremias/eucs/roadies/output/genes/gene_59_filtered.fa.aln.raxml.bestTreeCollapsed
Best ML tree saved to: /data/jeremias/eucs/roadies/output/genes/gene_59_filtered.fa.aln.raxml.bestTree
All ML trees saved to: /data/jeremias/eucs/roadies/output/genes/gene_59_filtered.fa.aln.raxml.mlTrees
Optimized model saved to: /data/jeremias/eucs/roadies/output/genes/gene_59_filtered.fa.aln.raxml.bestModel

Execution log saved to: /data/jeremias/eucs/roadies/output/genes/gene_59_filtered.fa.aln.raxml.log

Analysis started: 29-Jul-2024 15:01:34 / finished: 29-Jul-2024 15:08:31

Elapsed time: 416.448 seconds

