
RAxML-NG v. 1.2.2 released on 11.04.2024 by The Exelixis Lab.
Developed by: Alexey M. Kozlov and Alexandros Stamatakis.
Contributors: Diego Darriba, Tomas Flouri, Benoit Morel, Sarah Lutteropp, Ben Bettisworth, Julia Haag, Anastasis Togkousidis.
Latest version: https://github.com/amkozlov/raxml-ng
Questions/problems/suggestions? Please visit: https://groups.google.com/forum/#!forum/raxml

System: AMD EPYC 7742 64-Core Processor, 128 cores, 1007 GB RAM

RAxML-NG was called at 29-Jul-2024 16:41:42 as follows:

raxml-ng --msa /data/jeremias/eucs/roadies/output/genes/gene_182_filtered.fa.aln --model GTR+G+F --redo --threads auto{4} --blopt nr_safe

Analysis options:
  run mode: ML tree search
  start tree(s): random (10) + parsimony (10)
  random seed: 1722235302
  tip-inner: OFF
  pattern compression: ON
  per-rate scalers: OFF
  site repeats: ON
  logLH epsilon: general: 10.000000, brlen-triplet: 1000.000000
  fast spr radius: AUTO
  spr subtree cutoff: 1.000000
  fast CLV updates: ON
  branch lengths: proportional (ML estimate, algorithm: NR-SAFE)
  SIMD kernels: AVX2
  parallelization: coarse-grained (auto), PTHREADS (auto)

WARNING: Running in REDO mode: existing checkpoints are ignored, and all result files will be overwritten!

[00:00:00] Reading alignment from file: /data/jeremias/eucs/roadies/output/genes/gene_182_filtered.fa.aln
[00:00:00] Loaded alignment with 91 taxa and 654 sites

WARNING: Sequences E_sid_E_mel_0 and E_sideroxylon_0 are exactly identical!
WARNING: Sequences E_sid_E_mel_0 and E_albens_0 are exactly identical!
WARNING: Sequences E_fibrosa_0 and E_cladocalyx_1 are exactly identical!
WARNING: Sequences E_viminalis_0 and E_globulus_0 are exactly identical!
WARNING: Duplicate sequences found: 4

NOTE: Reduced alignment (with duplicates and gap-only sites/taxa removed) 
NOTE: was saved to: /data/jeremias/eucs/roadies/output/genes/gene_182_filtered.fa.aln.raxml.reduced.phy

Alignment comprises 1 partitions and 448 patterns

Partition 0: noname
Model: GTR+FC+G4m
Alignment sites / patterns: 654 / 448
Gaps: 23.34 %
Invariant sites: 31.65 %


NOTE: Binary MSA file created: /data/jeremias/eucs/roadies/output/genes/gene_182_filtered.fa.aln.raxml.rba

Parallelization scheme autoconfig: 4 worker(s) x 1 thread(s)

[00:00:00] Generating 10 random starting tree(s) with 91 taxa
[00:00:00] Generating 10 parsimony starting tree(s) with 91 taxa
Parallel parsimony with 4 threads
Parallel reduction/worker buffer size: 1 KB  / 0 KB

[00:00:00] Data distribution: max. partitions/sites/weight per thread: 1 / 448 / 7168
[00:00:00] Data distribution: max. searches per worker: 5

Starting ML tree search with 20 distinct starting trees

[00:00:00 -30701.611691] Initial branch length optimization
[00:00:00 -19508.876862] Model parameter optimization (eps = 10.000000)
[00:00:01 -17928.630823] AUTODETECT spr round 1 (radius: 5)
[00:00:01 -9709.555392] AUTODETECT spr round 2 (radius: 10)
[00:00:02 -6543.699629] AUTODETECT spr round 3 (radius: 15)
[00:00:02 -5796.806582] AUTODETECT spr round 4 (radius: 20)
[00:00:02 -5779.472708] AUTODETECT spr round 5 (radius: 25)
[00:00:03 -5772.775844] SPR radius for FAST iterations: 25 (autodetect)
[00:00:03 -5772.775844] Model parameter optimization (eps = 3.000000)
[00:00:03 -5492.250290] FAST spr round 1 (radius: 25)
[00:00:03 -5109.856529] FAST spr round 2 (radius: 25)
[00:00:04 -5080.727257] FAST spr round 3 (radius: 25)
[00:00:04 -5080.602611] Model parameter optimization (eps = 1.000000)
[00:00:05 -5071.412985] SLOW spr round 1 (radius: 5)
[00:00:06 -5070.974180] SLOW spr round 2 (radius: 10)
[00:00:07 -5070.974166] SLOW spr round 3 (radius: 15)
[00:00:09 -5070.974166] SLOW spr round 4 (radius: 20)
[00:00:09 -5070.974166] SLOW spr round 5 (radius: 25)
[00:00:11] [worker #2] ML tree search #3, logLikelihood: -5064.010270
[00:00:11 -5070.974166] Model parameter optimization (eps = 0.100000)

[00:00:11] [worker #0] ML tree search #1, logLikelihood: -5070.929026

[00:00:11 -30849.960457] Initial branch length optimization
[00:00:11 -20567.496507] Model parameter optimization (eps = 10.000000)
[00:00:12 -18873.250525] AUTODETECT spr round 1 (radius: 5)
[00:00:12] [worker #1] ML tree search #2, logLikelihood: -5064.563388
[00:00:13 -9705.630225] AUTODETECT spr round 2 (radius: 10)
[00:00:13] [worker #3] ML tree search #4, logLikelihood: -5063.701813
[00:00:13 -6033.897224] AUTODETECT spr round 3 (radius: 15)
[00:00:14 -5694.242275] AUTODETECT spr round 4 (radius: 20)
[00:00:15 -5689.480705] AUTODETECT spr round 5 (radius: 25)
[00:00:15 -5682.979205] SPR radius for FAST iterations: 25 (autodetect)
[00:00:15 -5682.979205] Model parameter optimization (eps = 3.000000)
[00:00:16 -5391.699900] FAST spr round 1 (radius: 25)
[00:00:18 -5097.968532] FAST spr round 2 (radius: 25)
[00:00:18 -5073.414623] FAST spr round 3 (radius: 25)
[00:00:19 -5072.030809] Model parameter optimization (eps = 1.000000)
[00:00:19 -5066.318928] SLOW spr round 1 (radius: 5)
[00:00:21 -5065.559840] SLOW spr round 2 (radius: 10)
[00:00:23 -5064.602030] SLOW spr round 3 (radius: 15)
[00:00:24 -5064.602026] SLOW spr round 4 (radius: 20)
[00:00:25] [worker #3] ML tree search #8, logLikelihood: -5064.565471
[00:00:25 -5064.602026] SLOW spr round 5 (radius: 25)
[00:00:25] [worker #2] ML tree search #7, logLikelihood: -5064.564467
[00:00:26 -5064.602026] Model parameter optimization (eps = 0.100000)
[00:00:26] [worker #1] ML tree search #6, logLikelihood: -5063.701773

[00:00:26] [worker #0] ML tree search #5, logLikelihood: -5064.563258

[00:00:26 -31348.658424] Initial branch length optimization
[00:00:26 -20243.091492] Model parameter optimization (eps = 10.000000)
[00:00:27 -18491.116053] AUTODETECT spr round 1 (radius: 5)
[00:00:27 -9980.947511] AUTODETECT spr round 2 (radius: 10)
[00:00:27 -6684.473513] AUTODETECT spr round 3 (radius: 15)
[00:00:28 -6328.463396] AUTODETECT spr round 4 (radius: 20)
[00:00:29 -6322.689157] AUTODETECT spr round 5 (radius: 25)
[00:00:29 -6320.057670] SPR radius for FAST iterations: 25 (autodetect)
[00:00:29 -6320.057670] Model parameter optimization (eps = 3.000000)
[00:00:30 -6021.329216] FAST spr round 1 (radius: 25)
[00:00:30 -5127.987495] FAST spr round 2 (radius: 25)
[00:00:31 -5094.407839] FAST spr round 3 (radius: 25)
[00:00:31 -5091.270024] Model parameter optimization (eps = 1.000000)
[00:00:31 -5065.963197] SLOW spr round 1 (radius: 5)
[00:00:33] [worker #2] ML tree search #11, logLikelihood: -5070.927100
[00:00:33 -5065.829246] SLOW spr round 2 (radius: 10)
[00:00:33] [worker #3] ML tree search #12, logLikelihood: -5064.562461
[00:00:34 -5065.829246] SLOW spr round 3 (radius: 15)
[00:00:35 -5065.829246] SLOW spr round 4 (radius: 20)
[00:00:36 -5065.829246] SLOW spr round 5 (radius: 25)
[00:00:36] [worker #1] ML tree search #10, logLikelihood: -5064.953815
[00:00:37 -5065.829246] Model parameter optimization (eps = 0.100000)

[00:00:37] [worker #0] ML tree search #9, logLikelihood: -5065.815646

[00:00:37 -7271.229897] Initial branch length optimization
[00:00:37 -5204.206972] Model parameter optimization (eps = 10.000000)
[00:00:38 -5107.171599] AUTODETECT spr round 1 (radius: 5)
[00:00:38 -5078.315261] AUTODETECT spr round 2 (radius: 10)
[00:00:38 -5077.658337] AUTODETECT spr round 3 (radius: 15)
[00:00:39 -5077.165100] AUTODETECT spr round 4 (radius: 20)
[00:00:39 -5076.977947] AUTODETECT spr round 5 (radius: 25)
[00:00:39 -5076.871620] SPR radius for FAST iterations: 25 (autodetect)
[00:00:39 -5076.871620] Model parameter optimization (eps = 3.000000)
[00:00:39 -5076.214094] FAST spr round 1 (radius: 25)
[00:00:40 -5073.836899] Model parameter optimization (eps = 1.000000)
[00:00:40 -5073.804300] SLOW spr round 1 (radius: 5)
[00:00:41 -5068.359464] SLOW spr round 2 (radius: 10)
[00:00:42 -5068.358822] SLOW spr round 3 (radius: 15)
[00:00:43] [worker #2] ML tree search #15, logLikelihood: -5071.133127
[00:00:43 -5068.358816] SLOW spr round 4 (radius: 20)
[00:00:45 -5068.358816] SLOW spr round 5 (radius: 25)
[00:00:45] [worker #3] ML tree search #16, logLikelihood: -5070.541473
[00:00:46 -5068.358816] Model parameter optimization (eps = 0.100000)

[00:00:46] [worker #0] ML tree search #13, logLikelihood: -5068.256942

[00:00:46 -7219.199742] Initial branch length optimization
[00:00:46 -5215.355471] Model parameter optimization (eps = 10.000000)
[00:00:47 -5115.128190] AUTODETECT spr round 1 (radius: 5)
[00:00:47] [worker #1] ML tree search #14, logLikelihood: -5065.664875
[00:00:47 -5070.463401] AUTODETECT spr round 2 (radius: 10)
[00:00:48 -5069.608290] AUTODETECT spr round 3 (radius: 15)
[00:00:48 -5069.365223] AUTODETECT spr round 4 (radius: 20)
[00:00:48 -5069.225213] AUTODETECT spr round 5 (radius: 25)
[00:00:49 -5069.201601] SPR radius for FAST iterations: 20 (autodetect)
[00:00:49 -5069.201601] Model parameter optimization (eps = 3.000000)
[00:00:49 -5068.444859] FAST spr round 1 (radius: 20)
[00:00:49 -5068.364069] Model parameter optimization (eps = 1.000000)
[00:00:49 -5068.323638] SLOW spr round 1 (radius: 5)
[00:00:51 -5067.897443] SLOW spr round 2 (radius: 10)
[00:00:52 -5067.897443] SLOW spr round 3 (radius: 15)
[00:00:53 -5067.897443] SLOW spr round 4 (radius: 20)
[00:00:53] [worker #3] ML tree search #20, logLikelihood: -5068.017414
[00:00:53 -5067.897443] SLOW spr round 5 (radius: 25)
[00:00:53] [worker #2] ML tree search #19, logLikelihood: -5066.772018
[00:00:54 -5067.897443] Model parameter optimization (eps = 0.100000)

[00:00:54] [worker #0] ML tree search #17, logLikelihood: -5067.892991

[00:00:56] [worker #1] ML tree search #18, logLikelihood: -5067.313438

Optimized model parameters:

   Partition 0: noname
   Rate heterogeneity: GAMMA (4 cats, mean),  alpha: 3.066702 (ML),  weights&rates: (0.250000,0.394357) (0.250000,0.735155) (0.250000,1.082826) (0.250000,1.787661) 
   Base frequencies (empirical): 0.213786 0.240899 0.245282 0.300033 
   Substitution rates (ML): 0.583550 2.223793 0.836184 1.089014 2.547123 1.000000 


Final LogLikelihood: -5063.701773

AIC score: 10503.403546 / AICc score: 10656.229353 / BIC score: 11346.227728
Free parameters (model + branch lengths): 188

WARNING: Best ML tree contains 24 near-zero branches!

Best ML tree with collapsed near-zero branches saved to: /data/jeremias/eucs/roadies/output/genes/gene_182_filtered.fa.aln.raxml.bestTreeCollapsed
Best ML tree saved to: /data/jeremias/eucs/roadies/output/genes/gene_182_filtered.fa.aln.raxml.bestTree
All ML trees saved to: /data/jeremias/eucs/roadies/output/genes/gene_182_filtered.fa.aln.raxml.mlTrees
Optimized model saved to: /data/jeremias/eucs/roadies/output/genes/gene_182_filtered.fa.aln.raxml.bestModel

Execution log saved to: /data/jeremias/eucs/roadies/output/genes/gene_182_filtered.fa.aln.raxml.log

Analysis started: 29-Jul-2024 16:41:42 / finished: 29-Jul-2024 16:42:38

Elapsed time: 56.569 seconds

