
RAxML-NG v. 1.2.2 released on 11.04.2024 by The Exelixis Lab.
Developed by: Alexey M. Kozlov and Alexandros Stamatakis.
Contributors: Diego Darriba, Tomas Flouri, Benoit Morel, Sarah Lutteropp, Ben Bettisworth, Julia Haag, Anastasis Togkousidis.
Latest version: https://github.com/amkozlov/raxml-ng
Questions/problems/suggestions? Please visit: https://groups.google.com/forum/#!forum/raxml

System: AMD EPYC 7742 64-Core Processor, 128 cores, 1007 GB RAM

RAxML-NG was called at 29-Jul-2024 16:53:44 as follows:

raxml-ng --msa /data/jeremias/eucs/roadies/output/genes/gene_104_filtered.fa.aln --model GTR+G+F --redo --threads auto{4} --blopt nr_safe

Analysis options:
  run mode: ML tree search
  start tree(s): random (10) + parsimony (10)
  random seed: 1722236024
  tip-inner: OFF
  pattern compression: ON
  per-rate scalers: OFF
  site repeats: ON
  logLH epsilon: general: 10.000000, brlen-triplet: 1000.000000
  fast spr radius: AUTO
  spr subtree cutoff: 1.000000
  fast CLV updates: ON
  branch lengths: proportional (ML estimate, algorithm: NR-SAFE)
  SIMD kernels: AVX2
  parallelization: coarse-grained (auto), PTHREADS (auto)

WARNING: Running in REDO mode: existing checkpoints are ignored, and all result files will be overwritten!

[00:00:00] Reading alignment from file: /data/jeremias/eucs/roadies/output/genes/gene_104_filtered.fa.aln
[00:00:00] Loaded alignment with 123 taxa and 512 sites

WARNING: Sequences E_cloeziana_2 and E_pauciflora_3 are exactly identical!
WARNING: Sequences E_cloeziana_2 and E_pauciflora_2 are exactly identical!
WARNING: Sequences E_cladocalyx_1 and E_dawsonii_0 are exactly identical!
WARNING: Duplicate sequences found: 3

NOTE: Reduced alignment (with duplicates and gap-only sites/taxa removed) 
NOTE: was saved to: /data/jeremias/eucs/roadies/output/genes/gene_104_filtered.fa.aln.raxml.reduced.phy

Alignment comprises 1 partitions and 425 patterns

Partition 0: noname
Model: GTR+FC+G4m
Alignment sites / patterns: 512 / 425
Gaps: 5.17 %
Invariant sites: 26.37 %


NOTE: Binary MSA file created: /data/jeremias/eucs/roadies/output/genes/gene_104_filtered.fa.aln.raxml.rba

Parallelization scheme autoconfig: 4 worker(s) x 1 thread(s)

[00:00:00] Generating 10 random starting tree(s) with 123 taxa
[00:00:00] Generating 10 parsimony starting tree(s) with 123 taxa
Parallel parsimony with 4 threads
Parallel reduction/worker buffer size: 1 KB  / 0 KB

[00:00:00] Data distribution: max. partitions/sites/weight per thread: 1 / 425 / 6800
[00:00:00] Data distribution: max. searches per worker: 5

Starting ML tree search with 20 distinct starting trees

[00:00:00 -22905.723381] Initial branch length optimization
[00:00:00 -19353.339554] Model parameter optimization (eps = 10.000000)
[00:00:00 -17537.134138] AUTODETECT spr round 1 (radius: 5)
[00:00:00 -10011.390070] AUTODETECT spr round 2 (radius: 10)
[00:00:01 -7568.781468] AUTODETECT spr round 3 (radius: 15)
[00:00:02 -7429.132321] AUTODETECT spr round 4 (radius: 20)
[00:00:02 -7284.682659] AUTODETECT spr round 5 (radius: 25)
[00:00:04 -7280.739938] SPR radius for FAST iterations: 25 (autodetect)
[00:00:04 -7280.739938] Model parameter optimization (eps = 3.000000)
[00:00:04 -7185.048251] FAST spr round 1 (radius: 25)
[00:00:05 -6848.356114] FAST spr round 2 (radius: 25)
[00:00:05 -6841.943154] Model parameter optimization (eps = 1.000000)
[00:00:06 -6839.603647] SLOW spr round 1 (radius: 5)
[00:00:07 -6837.237985] SLOW spr round 2 (radius: 10)
[00:00:08 -6837.237971] SLOW spr round 3 (radius: 15)
[00:00:10 -6837.237971] SLOW spr round 4 (radius: 20)
[00:00:11 -6837.237971] SLOW spr round 5 (radius: 25)
[00:00:12 -6837.237971] Model parameter optimization (eps = 0.100000)

[00:00:12] [worker #0] ML tree search #1, logLikelihood: -6837.227986

[00:00:12 -22661.426617] Initial branch length optimization
[00:00:12 -19392.008838] Model parameter optimization (eps = 10.000000)
[00:00:12 -17578.787437] AUTODETECT spr round 1 (radius: 5)
[00:00:12] [worker #1] ML tree search #2, logLikelihood: -6831.447181
[00:00:12] [worker #3] ML tree search #4, logLikelihood: -6837.905952
[00:00:13 -9731.190475] AUTODETECT spr round 2 (radius: 10)
[00:00:13 -7806.701468] AUTODETECT spr round 3 (radius: 15)
[00:00:14] [worker #2] ML tree search #3, logLikelihood: -6835.916161
[00:00:14 -7666.910842] AUTODETECT spr round 4 (radius: 20)
[00:00:15 -7662.947133] AUTODETECT spr round 5 (radius: 25)
[00:00:15 -7658.856124] SPR radius for FAST iterations: 25 (autodetect)
[00:00:15 -7658.856124] Model parameter optimization (eps = 3.000000)
[00:00:16 -7569.468648] FAST spr round 1 (radius: 25)
[00:00:16 -6857.001609] FAST spr round 2 (radius: 25)
[00:00:17 -6839.539753] FAST spr round 3 (radius: 25)
[00:00:17 -6837.763026] Model parameter optimization (eps = 1.000000)
[00:00:17 -6835.079697] SLOW spr round 1 (radius: 5)
[00:00:18 -6835.020443] SLOW spr round 2 (radius: 10)
[00:00:19 -6835.020443] SLOW spr round 3 (radius: 15)
[00:00:21 -6835.020443] SLOW spr round 4 (radius: 20)
[00:00:22 -6835.020443] SLOW spr round 5 (radius: 25)
[00:00:23 -6835.020443] Model parameter optimization (eps = 0.100000)

[00:00:23] [worker #0] ML tree search #5, logLikelihood: -6835.020360

[00:00:23 -23205.104900] Initial branch length optimization
[00:00:23 -19577.350070] Model parameter optimization (eps = 10.000000)
[00:00:24 -17750.639022] AUTODETECT spr round 1 (radius: 5)
[00:00:24 -10491.056775] AUTODETECT spr round 2 (radius: 10)
[00:00:24] [worker #1] ML tree search #6, logLikelihood: -6832.917809
[00:00:24] [worker #3] ML tree search #8, logLikelihood: -6829.290557
[00:00:25 -8217.633207] AUTODETECT spr round 3 (radius: 15)
[00:00:25 -7770.310134] AUTODETECT spr round 4 (radius: 20)
[00:00:26] [worker #2] ML tree search #7, logLikelihood: -6836.701797
[00:00:26 -7655.351882] AUTODETECT spr round 5 (radius: 25)
[00:00:27 -7651.228469] SPR radius for FAST iterations: 25 (autodetect)
[00:00:27 -7651.228469] Model parameter optimization (eps = 3.000000)
[00:00:27 -7571.171679] FAST spr round 1 (radius: 25)
[00:00:27 -6923.092018] FAST spr round 2 (radius: 25)
[00:00:28 -6852.407095] FAST spr round 3 (radius: 25)
[00:00:28 -6843.401925] Model parameter optimization (eps = 1.000000)
[00:00:29 -6838.876893] SLOW spr round 1 (radius: 5)
[00:00:30 -6838.327558] SLOW spr round 2 (radius: 10)
[00:00:31 -6838.327557] SLOW spr round 3 (radius: 15)
[00:00:32] [worker #3] ML tree search #12, logLikelihood: -6831.231210
[00:00:32 -6838.327557] SLOW spr round 4 (radius: 20)
[00:00:34 -6838.327557] SLOW spr round 5 (radius: 25)
[00:00:35] [worker #2] ML tree search #11, logLikelihood: -6835.020538
[00:00:35 -6838.327557] Model parameter optimization (eps = 0.100000)

[00:00:35] [worker #0] ML tree search #9, logLikelihood: -6838.320324

[00:00:35 -8698.017308] Initial branch length optimization
[00:00:35 -7211.376414] Model parameter optimization (eps = 10.000000)
[00:00:35 -6871.507140] AUTODETECT spr round 1 (radius: 5)
[00:00:35 -6840.744646] AUTODETECT spr round 2 (radius: 10)
[00:00:36 -6840.686081] SPR radius for FAST iterations: 5 (autodetect)
[00:00:36 -6840.686081] Model parameter optimization (eps = 3.000000)
[00:00:36 -6840.676939] FAST spr round 1 (radius: 5)
[00:00:36] [worker #1] ML tree search #10, logLikelihood: -6836.463681
[00:00:36 -6837.755985] Model parameter optimization (eps = 1.000000)
[00:00:36 -6837.728396] SLOW spr round 1 (radius: 5)
[00:00:38 -6835.092676] SLOW spr round 2 (radius: 10)
[00:00:39 -6835.092671] SLOW spr round 3 (radius: 15)
[00:00:40 -6835.092671] SLOW spr round 4 (radius: 20)
[00:00:41] [worker #3] ML tree search #16, logLikelihood: -6830.784949
[00:00:42 -6835.092671] SLOW spr round 5 (radius: 25)
[00:00:42 -6835.092671] Model parameter optimization (eps = 0.100000)

[00:00:42] [worker #0] ML tree search #13, logLikelihood: -6835.086158

[00:00:42 -8678.024978] Initial branch length optimization
[00:00:42] [worker #2] ML tree search #15, logLikelihood: -6833.523791
[00:00:42 -7210.883305] Model parameter optimization (eps = 10.000000)
[00:00:43 -6872.561827] AUTODETECT spr round 1 (radius: 5)
[00:00:43 -6848.353752] AUTODETECT spr round 2 (radius: 10)
[00:00:44 -6846.285078] AUTODETECT spr round 3 (radius: 15)
[00:00:45 -6846.283407] SPR radius for FAST iterations: 10 (autodetect)
[00:00:45 -6846.283407] Model parameter optimization (eps = 3.000000)
[00:00:45 -6846.271728] FAST spr round 1 (radius: 10)
[00:00:45] [worker #1] ML tree search #14, logLikelihood: -6836.815278
[00:00:45 -6838.107798] Model parameter optimization (eps = 1.000000)
[00:00:45 -6838.103507] SLOW spr round 1 (radius: 5)
[00:00:46 -6831.088223] SLOW spr round 2 (radius: 10)
[00:00:47 -6831.046197] SLOW spr round 3 (radius: 15)
[00:00:49] [worker #3] ML tree search #20, logLikelihood: -6831.387745
[00:00:49 -6830.758493] SLOW spr round 4 (radius: 20)
[00:00:51 -6830.736171] SLOW spr round 5 (radius: 25)
[00:00:51] [worker #2] ML tree search #19, logLikelihood: -6836.120160
[00:00:51 -6830.736168] Model parameter optimization (eps = 0.100000)

[00:00:51] [worker #0] ML tree search #17, logLikelihood: -6830.670921

[00:00:54] [worker #1] ML tree search #18, logLikelihood: -6831.078864

Optimized model parameters:

   Partition 0: noname
   Rate heterogeneity: GAMMA (4 cats, mean),  alpha: 1.419381 (ML),  weights&rates: (0.250000,0.212596) (0.250000,0.574563) (0.250000,1.045314) (0.250000,2.167527) 
   Base frequencies (empirical): 0.269214 0.227755 0.274455 0.228576 
   Substitution rates (ML): 0.954062 4.592642 1.231659 0.989618 6.345629 1.000000 


Final LogLikelihood: -6829.290557

AIC score: 14162.581114 / AICc score: 14654.905438 / BIC score: 15230.638919
Free parameters (model + branch lengths): 252

WARNING: Best ML tree contains 24 near-zero branches!

Best ML tree with collapsed near-zero branches saved to: /data/jeremias/eucs/roadies/output/genes/gene_104_filtered.fa.aln.raxml.bestTreeCollapsed
Best ML tree saved to: /data/jeremias/eucs/roadies/output/genes/gene_104_filtered.fa.aln.raxml.bestTree
All ML trees saved to: /data/jeremias/eucs/roadies/output/genes/gene_104_filtered.fa.aln.raxml.mlTrees
Optimized model saved to: /data/jeremias/eucs/roadies/output/genes/gene_104_filtered.fa.aln.raxml.bestModel

Execution log saved to: /data/jeremias/eucs/roadies/output/genes/gene_104_filtered.fa.aln.raxml.log

Analysis started: 29-Jul-2024 16:53:44 / finished: 29-Jul-2024 16:54:39

Elapsed time: 54.651 seconds

