
RAxML-NG v. 1.2.2 released on 11.04.2024 by The Exelixis Lab.
Developed by: Alexey M. Kozlov and Alexandros Stamatakis.
Contributors: Diego Darriba, Tomas Flouri, Benoit Morel, Sarah Lutteropp, Ben Bettisworth, Julia Haag, Anastasis Togkousidis.
Latest version: https://github.com/amkozlov/raxml-ng
Questions/problems/suggestions? Please visit: https://groups.google.com/forum/#!forum/raxml

System: AMD EPYC 7742 64-Core Processor, 128 cores, 1007 GB RAM

RAxML-NG was called at 03-Jul-2024 19:00:21 as follows:

raxml-ng --msa /data/jeremias/eucs/roadies/output/genes/gene_29_filtered.fa.aln --model GTR+G+F --redo --threads auto{4} --blopt nr_safe

Analysis options:
  run mode: ML tree search
  start tree(s): random (10) + parsimony (10)
  random seed: 1719997221
  tip-inner: OFF
  pattern compression: ON
  per-rate scalers: OFF
  site repeats: ON
  logLH epsilon: general: 10.000000, brlen-triplet: 1000.000000
  fast spr radius: AUTO
  spr subtree cutoff: 1.000000
  fast CLV updates: ON
  branch lengths: proportional (ML estimate, algorithm: NR-SAFE)
  SIMD kernels: AVX2
  parallelization: coarse-grained (auto), PTHREADS (auto)

WARNING: Running in REDO mode: existing checkpoints are ignored, and all result files will be overwritten!

[00:00:00] Reading alignment from file: /data/jeremias/eucs/roadies/output/genes/gene_29_filtered.fa.aln
[00:00:00] Loaded alignment with 35 taxa and 503 sites

Alignment comprises 1 partitions and 141 patterns

Partition 0: noname
Model: GTR+FC+G4m
Alignment sites / patterns: 503 / 141
Gaps: 1.13 %
Invariant sites: 72.17 %


NOTE: Binary MSA file created: /data/jeremias/eucs/roadies/output/genes/gene_29_filtered.fa.aln.raxml.rba

Parallelization scheme autoconfig: 4 worker(s) x 1 thread(s)

[00:00:00] Generating 10 random starting tree(s) with 35 taxa
[00:00:00] Generating 10 parsimony starting tree(s) with 35 taxa
Parallel parsimony with 4 threads
Parallel reduction/worker buffer size: 1 KB  / 0 KB

[00:00:00] Data distribution: max. partitions/sites/weight per thread: 1 / 141 / 2256
[00:00:00] Data distribution: max. searches per worker: 5

Starting ML tree search with 20 distinct starting trees

[00:00:00 -3956.910558] Initial branch length optimization
[00:00:00 -3250.754879] Model parameter optimization (eps = 10.000000)
[00:00:00 -2843.334824] AUTODETECT spr round 1 (radius: 5)
[00:00:00 -2397.519615] AUTODETECT spr round 2 (radius: 10)
[00:00:00 -2285.994516] AUTODETECT spr round 3 (radius: 15)
[00:00:00 -2285.730260] AUTODETECT spr round 4 (radius: 20)
[00:00:00 -2285.674795] SPR radius for FAST iterations: 15 (autodetect)
[00:00:00 -2285.674795] Model parameter optimization (eps = 3.000000)
[00:00:00 -2274.251303] FAST spr round 1 (radius: 15)
[00:00:00 -2237.557895] FAST spr round 2 (radius: 15)
[00:00:00 -2227.053028] FAST spr round 3 (radius: 15)
[00:00:00 -2225.902674] Model parameter optimization (eps = 1.000000)
[00:00:00 -2225.747236] SLOW spr round 1 (radius: 5)
[00:00:00 -2225.655560] SLOW spr round 2 (radius: 10)
[00:00:00 -2225.655474] SLOW spr round 3 (radius: 15)
[00:00:01] [worker #2] ML tree search #3, logLikelihood: -2225.632543
[00:00:01] [worker #3] ML tree search #4, logLikelihood: -2225.632539
[00:00:01] [worker #1] ML tree search #2, logLikelihood: -2225.632511
[00:00:01 -2225.655474] SLOW spr round 4 (radius: 20)
[00:00:01 -2225.655474] SLOW spr round 5 (radius: 25)
[00:00:01 -2225.655474] Model parameter optimization (eps = 0.100000)

[00:00:01] [worker #0] ML tree search #1, logLikelihood: -2225.632574

[00:00:01 -3920.700612] Initial branch length optimization
[00:00:01 -3173.170554] Model parameter optimization (eps = 10.000000)
[00:00:01 -2795.642385] AUTODETECT spr round 1 (radius: 5)
[00:00:01 -2279.639614] AUTODETECT spr round 2 (radius: 10)
[00:00:01 -2268.771695] AUTODETECT spr round 3 (radius: 15)
[00:00:01 -2268.355103] AUTODETECT spr round 4 (radius: 20)
[00:00:01 -2268.330856] SPR radius for FAST iterations: 15 (autodetect)
[00:00:01 -2268.330856] Model parameter optimization (eps = 3.000000)
[00:00:01 -2259.147279] FAST spr round 1 (radius: 15)
[00:00:01 -2228.216832] FAST spr round 2 (radius: 15)
[00:00:01 -2227.689005] Model parameter optimization (eps = 1.000000)
[00:00:01 -2227.506298] SLOW spr round 1 (radius: 5)
[00:00:01 -2225.832635] SLOW spr round 2 (radius: 10)
[00:00:01 -2225.830372] SLOW spr round 3 (radius: 15)
[00:00:01] [worker #3] ML tree search #8, logLikelihood: -2225.632504
[00:00:02] [worker #2] ML tree search #7, logLikelihood: -2227.006708
[00:00:02 -2225.830355] SLOW spr round 4 (radius: 20)
[00:00:02 -2225.830355] SLOW spr round 5 (radius: 25)
[00:00:02 -2225.830355] Model parameter optimization (eps = 0.100000)
[00:00:02] [worker #1] ML tree search #6, logLikelihood: -2227.180122

[00:00:02] [worker #0] ML tree search #5, logLikelihood: -2225.824737

[00:00:02 -3961.498415] Initial branch length optimization
[00:00:02 -3251.895933] Model parameter optimization (eps = 10.000000)
[00:00:02 -2820.423081] AUTODETECT spr round 1 (radius: 5)
[00:00:02 -2316.827386] AUTODETECT spr round 2 (radius: 10)
[00:00:02 -2286.297519] AUTODETECT spr round 3 (radius: 15)
[00:00:02 -2285.852954] AUTODETECT spr round 4 (radius: 20)
[00:00:02 -2285.788367] SPR radius for FAST iterations: 15 (autodetect)
[00:00:02 -2285.788367] Model parameter optimization (eps = 3.000000)
[00:00:02 -2274.804320] FAST spr round 1 (radius: 15)
[00:00:02 -2228.510324] FAST spr round 2 (radius: 15)
[00:00:02 -2227.326303] Model parameter optimization (eps = 1.000000)
[00:00:02 -2226.737539] SLOW spr round 1 (radius: 5)
[00:00:02] [worker #2] ML tree search #11, logLikelihood: -2225.824975
[00:00:02 -2225.717454] SLOW spr round 2 (radius: 10)
[00:00:02] [worker #3] ML tree search #12, logLikelihood: -2227.006868
[00:00:02 -2225.717323] SLOW spr round 3 (radius: 15)
[00:00:02] [worker #1] ML tree search #10, logLikelihood: -2227.006574
[00:00:02 -2225.717323] SLOW spr round 4 (radius: 20)
[00:00:02 -2225.717323] SLOW spr round 5 (radius: 25)
[00:00:02 -2225.717323] Model parameter optimization (eps = 0.100000)

[00:00:02] [worker #0] ML tree search #9, logLikelihood: -2225.632507

[00:00:02 -3126.461827] Initial branch length optimization
[00:00:02 -2383.344150] Model parameter optimization (eps = 10.000000)
[00:00:02 -2247.954785] AUTODETECT spr round 1 (radius: 5)
[00:00:02 -2229.665162] AUTODETECT spr round 2 (radius: 10)
[00:00:02 -2229.644199] SPR radius for FAST iterations: 5 (autodetect)
[00:00:02 -2229.644199] Model parameter optimization (eps = 3.000000)
[00:00:03 -2229.311690] FAST spr round 1 (radius: 5)
[00:00:03 -2228.811321] Model parameter optimization (eps = 1.000000)
[00:00:03 -2228.798453] SLOW spr round 1 (radius: 5)
[00:00:03] [worker #3] ML tree search #16, logLikelihood: -2225.632413
[00:00:03 -2227.064211] SLOW spr round 2 (radius: 10)
[00:00:03] [worker #2] ML tree search #15, logLikelihood: -2227.006738
[00:00:03 -2227.064166] SLOW spr round 3 (radius: 15)
[00:00:03] [worker #1] ML tree search #14, logLikelihood: -2225.632602
[00:00:03 -2227.064166] SLOW spr round 4 (radius: 20)
[00:00:03 -2227.064166] SLOW spr round 5 (radius: 25)
[00:00:03 -2227.064166] Model parameter optimization (eps = 0.100000)

[00:00:03] [worker #0] ML tree search #13, logLikelihood: -2227.007146

[00:00:03 -3110.543608] Initial branch length optimization
[00:00:03 -2378.369472] Model parameter optimization (eps = 10.000000)
[00:00:03 -2240.216379] AUTODETECT spr round 1 (radius: 5)
[00:00:03 -2230.614850] AUTODETECT spr round 2 (radius: 10)
[00:00:03 -2227.811633] AUTODETECT spr round 3 (radius: 15)
[00:00:03 -2227.795323] SPR radius for FAST iterations: 10 (autodetect)
[00:00:03 -2227.795323] Model parameter optimization (eps = 3.000000)
[00:00:03 -2227.732213] FAST spr round 1 (radius: 10)
[00:00:03 -2227.313787] Model parameter optimization (eps = 1.000000)
[00:00:03 -2227.302453] SLOW spr round 1 (radius: 5)
[00:00:03] [worker #2] ML tree search #19, logLikelihood: -2227.006854
[00:00:03] [worker #3] ML tree search #20, logLikelihood: -2226.326781
[00:00:03 -2227.202849] SLOW spr round 2 (radius: 10)
[00:00:03] [worker #1] ML tree search #18, logLikelihood: -2225.632485
[00:00:03 -2227.202785] SLOW spr round 3 (radius: 15)
[00:00:03 -2227.202785] SLOW spr round 4 (radius: 20)
[00:00:03 -2227.202785] SLOW spr round 5 (radius: 25)
[00:00:03 -2227.202785] Model parameter optimization (eps = 0.100000)

[00:00:03] [worker #0] ML tree search #17, logLikelihood: -2227.179926


Optimized model parameters:

   Partition 0: noname
   Rate heterogeneity: GAMMA (4 cats, mean),  alpha: 0.229929 (ML),  weights&rates: (0.250000,0.001304) (0.250000,0.052628) (0.250000,0.457206) (0.250000,3.488861) 
   Base frequencies (empirical): 0.352407 0.248190 0.205331 0.194071 
   Substitution rates (ML): 0.542521 4.722369 0.965632 1.044990 5.987382 1.000000 


Final LogLikelihood: -2225.632413

AIC score: 4603.264826 / AICc score: 4630.739005 / BIC score: 4924.029679
Free parameters (model + branch lengths): 76

WARNING: Best ML tree contains 5 near-zero branches!

Best ML tree with collapsed near-zero branches saved to: /data/jeremias/eucs/roadies/output/genes/gene_29_filtered.fa.aln.raxml.bestTreeCollapsed
Best ML tree saved to: /data/jeremias/eucs/roadies/output/genes/gene_29_filtered.fa.aln.raxml.bestTree
All ML trees saved to: /data/jeremias/eucs/roadies/output/genes/gene_29_filtered.fa.aln.raxml.mlTrees
Optimized model saved to: /data/jeremias/eucs/roadies/output/genes/gene_29_filtered.fa.aln.raxml.bestModel

Execution log saved to: /data/jeremias/eucs/roadies/output/genes/gene_29_filtered.fa.aln.raxml.log

Analysis started: 03-Jul-2024 19:00:21 / finished: 03-Jul-2024 19:00:25

Elapsed time: 3.968 seconds

