
RAxML-NG v. 1.2.2 released on 11.04.2024 by The Exelixis Lab.
Developed by: Alexey M. Kozlov and Alexandros Stamatakis.
Contributors: Diego Darriba, Tomas Flouri, Benoit Morel, Sarah Lutteropp, Ben Bettisworth, Julia Haag, Anastasis Togkousidis.
Latest version: https://github.com/amkozlov/raxml-ng
Questions/problems/suggestions? Please visit: https://groups.google.com/forum/#!forum/raxml

System: AMD EPYC 7742 64-Core Processor, 128 cores, 1007 GB RAM

RAxML-NG was called at 29-Jul-2024 14:40:32 as follows:

raxml-ng --msa /data/jeremias/eucs/roadies/output/genes/gene_211_filtered.fa.aln --model GTR+G+F --redo --threads auto{4} --blopt nr_safe

Analysis options:
  run mode: ML tree search
  start tree(s): random (10) + parsimony (10)
  random seed: 1722228032
  tip-inner: OFF
  pattern compression: ON
  per-rate scalers: OFF
  site repeats: ON
  logLH epsilon: general: 10.000000, brlen-triplet: 1000.000000
  fast spr radius: AUTO
  spr subtree cutoff: 1.000000
  fast CLV updates: ON
  branch lengths: proportional (ML estimate, algorithm: NR-SAFE)
  SIMD kernels: AVX2
  parallelization: coarse-grained (auto), PTHREADS (auto)

WARNING: Running in REDO mode: existing checkpoints are ignored, and all result files will be overwritten!

[00:00:00] Reading alignment from file: /data/jeremias/eucs/roadies/output/genes/gene_211_filtered.fa.aln
[00:00:00] Loaded alignment with 328 taxa and 589 sites

WARNING: Sequences E_pauciflora_7 and E_pauciflora_9 are exactly identical!
WARNING: Sequences E_pauciflora_7 and E_pauciflora_8 are exactly identical!
WARNING: Duplicate sequences found: 2

NOTE: Reduced alignment (with duplicates and gap-only sites/taxa removed) 
NOTE: was saved to: /data/jeremias/eucs/roadies/output/genes/gene_211_filtered.fa.aln.raxml.reduced.phy

Alignment comprises 1 partitions and 556 patterns

Partition 0: noname
Model: GTR+FC+G4m
Alignment sites / patterns: 589 / 556
Gaps: 15.62 %
Invariant sites: 10.36 %


NOTE: Binary MSA file created: /data/jeremias/eucs/roadies/output/genes/gene_211_filtered.fa.aln.raxml.rba

Parallelization scheme autoconfig: 4 worker(s) x 1 thread(s)

[00:00:00] Generating 10 random starting tree(s) with 328 taxa
[00:00:00] Generating 10 parsimony starting tree(s) with 328 taxa
Parallel parsimony with 4 threads
Parallel reduction/worker buffer size: 1 KB  / 0 KB

[00:00:00] Data distribution: max. partitions/sites/weight per thread: 1 / 556 / 8896
[00:00:00] Data distribution: max. searches per worker: 5

Starting ML tree search with 20 distinct starting trees

[00:00:00 -105817.273500] Initial branch length optimization
[00:00:00 -87317.728405] Model parameter optimization (eps = 10.000000)
[00:00:03 -83796.787306] AUTODETECT spr round 1 (radius: 5)
[00:00:04 -55779.739551] AUTODETECT spr round 2 (radius: 10)
[00:00:08 -38002.196866] AUTODETECT spr round 3 (radius: 15)
[00:00:12 -33584.325518] AUTODETECT spr round 4 (radius: 20)
[00:00:17 -30977.006830] AUTODETECT spr round 5 (radius: 25)
[00:00:22 -30632.200589] SPR radius for FAST iterations: 25 (autodetect)
[00:00:22 -30632.200589] Model parameter optimization (eps = 3.000000)
[00:00:24 -30198.097534] FAST spr round 1 (radius: 25)
[00:00:27 -26969.992379] FAST spr round 2 (radius: 25)
[00:00:29 -26802.210244] FAST spr round 3 (radius: 25)
[00:00:31 -26800.555813] Model parameter optimization (eps = 1.000000)
[00:00:32 -26792.280419] SLOW spr round 1 (radius: 5)
[00:00:38 -26785.380630] SLOW spr round 2 (radius: 10)
[00:00:42 -26784.810226] SLOW spr round 3 (radius: 15)
[00:00:48 -26784.810132] SLOW spr round 4 (radius: 20)
[00:00:57 -26784.810101] SLOW spr round 5 (radius: 25)
[00:01:07 -26784.810090] Model parameter optimization (eps = 0.100000)

[00:01:07] [worker #0] ML tree search #1, logLikelihood: -26784.801870

[00:01:07 -105351.765759] Initial branch length optimization
[00:01:07 -87128.413782] Model parameter optimization (eps = 10.000000)
[00:01:09 -83756.433868] AUTODETECT spr round 1 (radius: 5)
[00:01:09] [worker #1] ML tree search #2, logLikelihood: -26782.901016
[00:01:10] [worker #2] ML tree search #3, logLikelihood: -26783.034326
[00:01:11 -55931.088615] AUTODETECT spr round 2 (radius: 10)
[00:01:14 -37284.752073] AUTODETECT spr round 3 (radius: 15)
[00:01:14] [worker #3] ML tree search #4, logLikelihood: -26784.568106
[00:01:18 -32701.432665] AUTODETECT spr round 4 (radius: 20)
[00:01:23 -30538.549398] AUTODETECT spr round 5 (radius: 25)
[00:01:29 -30537.984207] SPR radius for FAST iterations: 25 (autodetect)
[00:01:29 -30537.984207] Model parameter optimization (eps = 3.000000)
[00:01:31 -30120.257975] FAST spr round 1 (radius: 25)
[00:01:34 -27276.073678] FAST spr round 2 (radius: 25)
[00:01:37 -26819.419893] FAST spr round 3 (radius: 25)
[00:01:39 -26792.726030] FAST spr round 4 (radius: 25)
[00:01:41 -26792.725098] Model parameter optimization (eps = 1.000000)
[00:01:41 -26780.930138] SLOW spr round 1 (radius: 5)
[00:01:47 -26779.108581] SLOW spr round 2 (radius: 10)
[00:01:51 -26778.132990] SLOW spr round 3 (radius: 15)
[00:01:56 -26778.132949] SLOW spr round 4 (radius: 20)
[00:02:06 -26778.132940] SLOW spr round 5 (radius: 25)
[00:02:15] [worker #1] ML tree search #6, logLikelihood: -26785.904754
[00:02:17 -26778.132938] Model parameter optimization (eps = 0.100000)
[00:02:17] [worker #2] ML tree search #7, logLikelihood: -26784.695667

[00:02:17] [worker #0] ML tree search #5, logLikelihood: -26778.126786

[00:02:17 -106393.915368] Initial branch length optimization
[00:02:17 -88113.593242] Model parameter optimization (eps = 10.000000)
[00:02:20 -84590.362790] AUTODETECT spr round 1 (radius: 5)
[00:02:21 -56120.769987] AUTODETECT spr round 2 (radius: 10)
[00:02:22] [worker #3] ML tree search #8, logLikelihood: -26784.436563
[00:02:24 -35696.121424] AUTODETECT spr round 3 (radius: 15)
[00:02:29 -31365.730897] AUTODETECT spr round 4 (radius: 20)
[00:02:33 -30302.238421] AUTODETECT spr round 5 (radius: 25)
[00:02:37 -30301.606702] SPR radius for FAST iterations: 25 (autodetect)
[00:02:37 -30301.606702] Model parameter optimization (eps = 3.000000)
[00:02:39 -29834.208675] FAST spr round 1 (radius: 25)
[00:02:42 -26912.342976] FAST spr round 2 (radius: 25)
[00:02:44 -26806.205927] FAST spr round 3 (radius: 25)
[00:02:46 -26804.318225] Model parameter optimization (eps = 1.000000)
[00:02:47 -26798.714799] SLOW spr round 1 (radius: 5)
[00:02:53 -26794.350319] SLOW spr round 2 (radius: 10)
[00:02:57 -26794.184040] SLOW spr round 3 (radius: 15)
[00:03:04 -26794.183973] SLOW spr round 4 (radius: 20)
[00:03:15] [worker #2] ML tree search #11, logLikelihood: -26781.991804
[00:03:16 -26794.183968] SLOW spr round 5 (radius: 25)
[00:03:24] [worker #3] ML tree search #12, logLikelihood: -26781.175284
[00:03:26 -26794.183967] Model parameter optimization (eps = 0.100000)

[00:03:27] [worker #0] ML tree search #9, logLikelihood: -26794.172779

[00:03:27 -32470.658455] Initial branch length optimization
[00:03:28 -28729.186658] Model parameter optimization (eps = 10.000000)
[00:03:30 -26947.376598] AUTODETECT spr round 1 (radius: 5)
[00:03:31 -26804.271837] AUTODETECT spr round 2 (radius: 10)
[00:03:32] [worker #1] ML tree search #10, logLikelihood: -26782.207952
[00:03:35 -26801.247169] AUTODETECT spr round 3 (radius: 15)
[00:03:39 -26801.176793] SPR radius for FAST iterations: 10 (autodetect)
[00:03:39 -26801.176793] Model parameter optimization (eps = 3.000000)
[00:03:40 -26800.823182] FAST spr round 1 (radius: 10)
[00:03:42 -26788.930125] FAST spr round 2 (radius: 10)
[00:03:45 -26785.169319] Model parameter optimization (eps = 1.000000)
[00:03:45 -26785.150306] SLOW spr round 1 (radius: 5)
[00:03:53 -26782.731999] SLOW spr round 2 (radius: 10)
[00:03:57 -26782.726141] SLOW spr round 3 (radius: 15)
[00:04:03 -26782.720284] SLOW spr round 4 (radius: 20)
[00:04:18 -26782.714427] SLOW spr round 5 (radius: 25)
[00:04:18] [worker #2] ML tree search #15, logLikelihood: -26781.963815
[00:04:31] [worker #1] ML tree search #14, logLikelihood: -26783.182682
[00:04:32 -26782.708571] Model parameter optimization (eps = 0.100000)

[00:04:32] [worker #0] ML tree search #13, logLikelihood: -26782.703012

[00:04:32 -32463.237753] Initial branch length optimization
[00:04:33 -28783.856961] Model parameter optimization (eps = 10.000000)
[00:04:34 -26990.338219] AUTODETECT spr round 1 (radius: 5)
[00:04:35 -26839.429504] AUTODETECT spr round 2 (radius: 10)
[00:04:35] [worker #3] ML tree search #16, logLikelihood: -26782.295215
[00:04:38 -26794.411798] AUTODETECT spr round 3 (radius: 15)
[00:04:42 -26793.971719] AUTODETECT spr round 4 (radius: 20)
[00:04:47 -26793.905443] SPR radius for FAST iterations: 15 (autodetect)
[00:04:47 -26793.905443] Model parameter optimization (eps = 3.000000)
[00:04:47 -26793.754189] FAST spr round 1 (radius: 15)
[00:04:49 -26789.953874] Model parameter optimization (eps = 1.000000)
[00:04:50 -26789.952142] SLOW spr round 1 (radius: 5)
[00:04:56 -26780.079483] SLOW spr round 2 (radius: 10)
[00:05:01 -26779.041247] SLOW spr round 3 (radius: 15)
[00:05:07 -26779.028165] SLOW spr round 4 (radius: 20)
[00:05:18 -26779.028078] SLOW spr round 5 (radius: 25)
[00:05:29] [worker #2] ML tree search #19, logLikelihood: -26781.112958
[00:05:29 -26779.028076] Model parameter optimization (eps = 0.100000)

[00:05:30] [worker #0] ML tree search #17, logLikelihood: -26779.026133

[00:05:38] [worker #3] ML tree search #20, logLikelihood: -26779.128687
[00:05:45] [worker #1] ML tree search #18, logLikelihood: -26780.330394

Optimized model parameters:

   Partition 0: noname
   Rate heterogeneity: GAMMA (4 cats, mean),  alpha: 1.283377 (ML),  weights&rates: (0.250000,0.189838) (0.250000,0.548022) (0.250000,1.034690) (0.250000,2.227450) 
   Base frequencies (empirical): 0.269919 0.251112 0.215565 0.263405 
   Substitution rates (ML): 1.559467 6.595795 1.419600 0.618206 6.852431 1.000000 


Final LogLikelihood: -26778.126786

AIC score: 54880.253572 / AICc score: 932692.253572 / BIC score: 57778.771706
Free parameters (model + branch lengths): 662

WARNING: Number of free parameters (K=662) is larger than alignment size (n=589).
         This might lead to overfitting and compromise tree inference results!


WARNING: Best ML tree contains 54 near-zero branches!

Best ML tree with collapsed near-zero branches saved to: /data/jeremias/eucs/roadies/output/genes/gene_211_filtered.fa.aln.raxml.bestTreeCollapsed
Best ML tree saved to: /data/jeremias/eucs/roadies/output/genes/gene_211_filtered.fa.aln.raxml.bestTree
All ML trees saved to: /data/jeremias/eucs/roadies/output/genes/gene_211_filtered.fa.aln.raxml.mlTrees
Optimized model saved to: /data/jeremias/eucs/roadies/output/genes/gene_211_filtered.fa.aln.raxml.bestModel

Execution log saved to: /data/jeremias/eucs/roadies/output/genes/gene_211_filtered.fa.aln.raxml.log

Analysis started: 29-Jul-2024 14:40:32 / finished: 29-Jul-2024 14:46:17

Elapsed time: 345.333 seconds

