
RAxML-NG v. 1.2.2 released on 11.04.2024 by The Exelixis Lab.
Developed by: Alexey M. Kozlov and Alexandros Stamatakis.
Contributors: Diego Darriba, Tomas Flouri, Benoit Morel, Sarah Lutteropp, Ben Bettisworth, Julia Haag, Anastasis Togkousidis.
Latest version: https://github.com/amkozlov/raxml-ng
Questions/problems/suggestions? Please visit: https://groups.google.com/forum/#!forum/raxml

System: AMD EPYC 7742 64-Core Processor, 128 cores, 1007 GB RAM

RAxML-NG was called at 03-Jul-2024 19:46:43 as follows:

raxml-ng --msa /data/jeremias/eucs/roadies/output/genes/gene_99_filtered.fa.aln --model GTR+G+F --redo --threads auto{4} --blopt nr_safe

Analysis options:
  run mode: ML tree search
  start tree(s): random (10) + parsimony (10)
  random seed: 1720000003
  tip-inner: OFF
  pattern compression: ON
  per-rate scalers: OFF
  site repeats: ON
  logLH epsilon: general: 10.000000, brlen-triplet: 1000.000000
  fast spr radius: AUTO
  spr subtree cutoff: 1.000000
  fast CLV updates: ON
  branch lengths: proportional (ML estimate, algorithm: NR-SAFE)
  SIMD kernels: AVX2
  parallelization: coarse-grained (auto), PTHREADS (auto)

WARNING: Running in REDO mode: existing checkpoints are ignored, and all result files will be overwritten!

[00:00:00] Reading alignment from file: /data/jeremias/eucs/roadies/output/genes/gene_99_filtered.fa.aln
[00:00:00] Loaded alignment with 329 taxa and 500 sites

WARNING: Sequences GCA_016097615.1_5 and GCA_017140185.1_4 are exactly identical!
WARNING: Sequences GCA_016097615.1_1 and GCA_017140185.1_2 are exactly identical!
WARNING: Duplicate sequences found: 2

NOTE: Reduced alignment (with duplicates and gap-only sites/taxa removed) 
NOTE: was saved to: /data/jeremias/eucs/roadies/output/genes/gene_99_filtered.fa.aln.raxml.reduced.phy

Alignment comprises 1 partitions and 485 patterns

Partition 0: noname
Model: GTR+FC+G4m
Alignment sites / patterns: 500 / 485
Gaps: 0.78 %
Invariant sites: 5.40 %


NOTE: Binary MSA file created: /data/jeremias/eucs/roadies/output/genes/gene_99_filtered.fa.aln.raxml.rba

Parallelization scheme autoconfig: 4 worker(s) x 1 thread(s)

[00:00:00] Generating 10 random starting tree(s) with 329 taxa
[00:00:00] Generating 10 parsimony starting tree(s) with 329 taxa
Parallel parsimony with 4 threads
Parallel reduction/worker buffer size: 1 KB  / 0 KB

[00:00:00] Data distribution: max. partitions/sites/weight per thread: 1 / 485 / 7760
[00:00:00] Data distribution: max. searches per worker: 5

Starting ML tree search with 20 distinct starting trees

[00:00:00 -63208.248138] Initial branch length optimization
[00:00:00 -45941.626012] Model parameter optimization (eps = 10.000000)
[00:00:01 -42780.294786] AUTODETECT spr round 1 (radius: 5)
[00:00:03 -37387.677847] AUTODETECT spr round 2 (radius: 10)
[00:00:05 -32451.434205] AUTODETECT spr round 3 (radius: 15)
[00:00:09 -29164.075058] AUTODETECT spr round 4 (radius: 20)
[00:00:13 -27375.842407] AUTODETECT spr round 5 (radius: 25)
[00:00:17 -26661.321210] SPR radius for FAST iterations: 25 (autodetect)
[00:00:17 -26661.321210] Model parameter optimization (eps = 3.000000)
[00:00:19 -26406.512476] FAST spr round 1 (radius: 25)
[00:00:23 -24045.720852] FAST spr round 2 (radius: 25)
[00:00:25 -23817.547811] FAST spr round 3 (radius: 25)
[00:00:28 -23748.254262] FAST spr round 4 (radius: 25)
[00:00:29 -23748.253591] Model parameter optimization (eps = 1.000000)
[00:00:30 -23741.324661] SLOW spr round 1 (radius: 5)
[00:00:35 -23739.492786] SLOW spr round 2 (radius: 10)
[00:00:39 -23737.977009] SLOW spr round 3 (radius: 15)
[00:00:49 -23737.977004] SLOW spr round 4 (radius: 20)
[00:00:59 -23737.977003] SLOW spr round 5 (radius: 25)
[00:01:07 -23737.977003] Model parameter optimization (eps = 0.100000)

[00:01:07] [worker #0] ML tree search #1, logLikelihood: -23737.962854

[00:01:07 -63074.586876] Initial branch length optimization
[00:01:07 -45601.463822] Model parameter optimization (eps = 10.000000)
[00:01:08] [worker #3] ML tree search #4, logLikelihood: -23945.383382
[00:01:08 -42527.900518] AUTODETECT spr round 1 (radius: 5)
[00:01:10 -36887.890266] AUTODETECT spr round 2 (radius: 10)
[00:01:11] [worker #2] ML tree search #3, logLikelihood: -23743.114076
[00:01:13] [worker #1] ML tree search #2, logLikelihood: -23824.181305
[00:01:13 -31418.347718] AUTODETECT spr round 3 (radius: 15)
[00:01:17 -27828.926620] AUTODETECT spr round 4 (radius: 20)
[00:01:22 -26394.403245] AUTODETECT spr round 5 (radius: 25)
[00:01:27 -26376.124401] SPR radius for FAST iterations: 25 (autodetect)
[00:01:27 -26376.124401] Model parameter optimization (eps = 3.000000)
[00:01:29 -26188.929968] FAST spr round 1 (radius: 25)
[00:01:32 -24071.184219] FAST spr round 2 (radius: 25)
[00:01:35 -23845.677531] FAST spr round 3 (radius: 25)
[00:01:37 -23837.443580] Model parameter optimization (eps = 1.000000)
[00:01:38 -23833.440114] SLOW spr round 1 (radius: 5)
[00:01:43 -23817.393337] SLOW spr round 2 (radius: 5)
[00:01:48 -23817.392808] SLOW spr round 3 (radius: 10)
[00:01:52 -23816.666071] SLOW spr round 4 (radius: 15)
[00:02:03 -23816.666024] SLOW spr round 5 (radius: 20)
[00:02:14 -23816.666021] SLOW spr round 6 (radius: 25)
[00:02:17] [worker #3] ML tree search #8, logLikelihood: -23890.539022
[00:02:20] [worker #1] ML tree search #6, logLikelihood: -23741.724285
[00:02:21] [worker #2] ML tree search #7, logLikelihood: -23926.710410
[00:02:22 -23816.666021] Model parameter optimization (eps = 0.100000)

[00:02:22] [worker #0] ML tree search #5, logLikelihood: -23816.618975

[00:02:22 -62909.273164] Initial branch length optimization
[00:02:22 -45661.504667] Model parameter optimization (eps = 10.000000)
[00:02:23 -42540.554329] AUTODETECT spr round 1 (radius: 5)
[00:02:25 -37297.326354] AUTODETECT spr round 2 (radius: 10)
[00:02:28 -30920.317830] AUTODETECT spr round 3 (radius: 15)
[00:02:31 -28018.299647] AUTODETECT spr round 4 (radius: 20)
[00:02:35 -26954.972437] AUTODETECT spr round 5 (radius: 25)
[00:02:39 -26948.674749] SPR radius for FAST iterations: 25 (autodetect)
[00:02:39 -26948.674749] Model parameter optimization (eps = 3.000000)
[00:02:41 -26710.484303] FAST spr round 1 (radius: 25)
[00:02:45 -24426.871353] FAST spr round 2 (radius: 25)
[00:02:47 -24032.517615] FAST spr round 3 (radius: 25)
[00:02:49 -23753.527580] FAST spr round 4 (radius: 25)
[00:02:50 -23753.525542] Model parameter optimization (eps = 1.000000)
[00:02:51 -23747.949764] SLOW spr round 1 (radius: 5)
[00:02:57 -23738.551508] SLOW spr round 2 (radius: 10)
[00:03:00 -23738.424916] SLOW spr round 3 (radius: 15)
[00:03:09] [worker #3] ML tree search #12, logLikelihood: -23734.430281
[00:03:11 -23738.424899] SLOW spr round 4 (radius: 20)
[00:03:11] [worker #2] ML tree search #11, logLikelihood: -23735.431482
[00:03:20 -23738.424898] SLOW spr round 5 (radius: 25)
[00:03:29 -23738.424898] Model parameter optimization (eps = 0.100000)

[00:03:29] [worker #0] ML tree search #9, logLikelihood: -23738.380213

[00:03:29 -30885.254306] Initial branch length optimization
[00:03:29 -25585.677543] Model parameter optimization (eps = 10.000000)
[00:03:29] [worker #1] ML tree search #10, logLikelihood: -23900.765385
[00:03:30 -23975.921253] AUTODETECT spr round 1 (radius: 5)
[00:03:31 -23779.387691] AUTODETECT spr round 2 (radius: 10)
[00:03:34 -23779.326546] SPR radius for FAST iterations: 5 (autodetect)
[00:03:34 -23779.326546] Model parameter optimization (eps = 3.000000)
[00:03:34 -23778.948441] FAST spr round 1 (radius: 5)
[00:03:36 -23754.137067] FAST spr round 2 (radius: 5)
[00:03:37 -23754.136820] Model parameter optimization (eps = 1.000000)
[00:03:37 -23754.102580] SLOW spr round 1 (radius: 5)
[00:03:42 -23745.115749] SLOW spr round 2 (radius: 10)
[00:03:46 -23739.164200] SLOW spr round 3 (radius: 15)
[00:03:57 -23739.164101] SLOW spr round 4 (radius: 20)
[00:04:01] [worker #3] ML tree search #16, logLikelihood: -23734.118769
[00:04:06 -23739.164101] SLOW spr round 5 (radius: 25)
[00:04:08] [worker #2] ML tree search #15, logLikelihood: -23740.493670
[00:04:15 -23739.164101] Model parameter optimization (eps = 0.100000)

[00:04:15] [worker #0] ML tree search #13, logLikelihood: -23739.030089

[00:04:15 -30847.902340] Initial branch length optimization
[00:04:16 -25561.299435] Model parameter optimization (eps = 10.000000)
[00:04:17 -23942.461226] AUTODETECT spr round 1 (radius: 5)
[00:04:18 -23775.359485] AUTODETECT spr round 2 (radius: 10)
[00:04:20 -23763.602486] AUTODETECT spr round 3 (radius: 15)
[00:04:21] [worker #1] ML tree search #14, logLikelihood: -23733.727136
[00:04:24 -23763.591543] SPR radius for FAST iterations: 10 (autodetect)
[00:04:24 -23763.591543] Model parameter optimization (eps = 3.000000)
[00:04:25 -23763.303723] FAST spr round 1 (radius: 10)
[00:04:27 -23743.911889] FAST spr round 2 (radius: 10)
[00:04:29 -23743.910400] Model parameter optimization (eps = 1.000000)
[00:04:29 -23743.881423] SLOW spr round 1 (radius: 5)
[00:04:35 -23735.939742] SLOW spr round 2 (radius: 10)
[00:04:39 -23735.880206] SLOW spr round 3 (radius: 15)
[00:04:49 -23735.880150] SLOW spr round 4 (radius: 20)
[00:04:52] [worker #3] ML tree search #20, logLikelihood: -23733.968748
[00:04:58 -23735.880146] SLOW spr round 5 (radius: 25)
[00:05:00] [worker #2] ML tree search #19, logLikelihood: -23733.726689
[00:05:05 -23735.880146] Model parameter optimization (eps = 0.100000)

[00:05:05] [worker #0] ML tree search #17, logLikelihood: -23735.745092

[00:05:11] [worker #1] ML tree search #18, logLikelihood: -23735.127920

Optimized model parameters:

   Partition 0: noname
   Rate heterogeneity: GAMMA (4 cats, mean),  alpha: 1.065110 (ML),  weights&rates: (0.250000,0.149759) (0.250000,0.495484) (0.250000,1.010003) (0.250000,2.344754) 
   Base frequencies (empirical): 0.228868 0.216444 0.260849 0.293840 
   Substitution rates (ML): 1.930278 8.088339 2.178322 0.549720 6.861528 1.000000 


Final LogLikelihood: -23733.726689

AIC score: 48795.453377 / AICc score: 931915.453377 / BIC score: 51593.953155
Free parameters (model + branch lengths): 664

WARNING: Number of free parameters (K=664) is larger than alignment size (n=500).
         This might lead to overfitting and compromise tree inference results!


WARNING: Best ML tree contains 111 near-zero branches!

Best ML tree with collapsed near-zero branches saved to: /data/jeremias/eucs/roadies/output/genes/gene_99_filtered.fa.aln.raxml.bestTreeCollapsed
Best ML tree saved to: /data/jeremias/eucs/roadies/output/genes/gene_99_filtered.fa.aln.raxml.bestTree
All ML trees saved to: /data/jeremias/eucs/roadies/output/genes/gene_99_filtered.fa.aln.raxml.mlTrees
Optimized model saved to: /data/jeremias/eucs/roadies/output/genes/gene_99_filtered.fa.aln.raxml.bestModel

Execution log saved to: /data/jeremias/eucs/roadies/output/genes/gene_99_filtered.fa.aln.raxml.log

Analysis started: 03-Jul-2024 19:46:43 / finished: 03-Jul-2024 19:51:55

Elapsed time: 311.252 seconds

