
RAxML-NG v. 1.2.2 released on 11.04.2024 by The Exelixis Lab.
Developed by: Alexey M. Kozlov and Alexandros Stamatakis.
Contributors: Diego Darriba, Tomas Flouri, Benoit Morel, Sarah Lutteropp, Ben Bettisworth, Julia Haag, Anastasis Togkousidis.
Latest version: https://github.com/amkozlov/raxml-ng
Questions/problems/suggestions? Please visit: https://groups.google.com/forum/#!forum/raxml

System: AMD EPYC 7742 64-Core Processor, 128 cores, 1007 GB RAM

RAxML-NG was called at 29-Jul-2024 16:58:46 as follows:

raxml-ng --msa /data/jeremias/eucs/roadies/output/genes/gene_184_filtered.fa.aln --model GTR+G+F --redo --threads auto{4} --blopt nr_safe

Analysis options:
  run mode: ML tree search
  start tree(s): random (10) + parsimony (10)
  random seed: 1722236326
  tip-inner: OFF
  pattern compression: ON
  per-rate scalers: OFF
  site repeats: ON
  logLH epsilon: general: 10.000000, brlen-triplet: 1000.000000
  fast spr radius: AUTO
  spr subtree cutoff: 1.000000
  fast CLV updates: ON
  branch lengths: proportional (ML estimate, algorithm: NR-SAFE)
  SIMD kernels: AVX2
  parallelization: coarse-grained (auto), PTHREADS (auto)

WARNING: Running in REDO mode: existing checkpoints are ignored, and all result files will be overwritten!

[00:00:00] Reading alignment from file: /data/jeremias/eucs/roadies/output/genes/gene_184_filtered.fa.aln
[00:00:00] Loaded alignment with 76 taxa and 551 sites

WARNING: Sequences E_albens_0 and E_paniculata_3 are exactly identical!
WARNING: Sequences E_melliodora_1 and E_melliodora_0 are exactly identical!
WARNING: Sequences E_melliodora_1 and E_melliodora_2 are exactly identical!
WARNING: Sequences E_pauciflora_3 and E_pauciflora_2 are exactly identical!
WARNING: Duplicate sequences found: 4

NOTE: Reduced alignment (with duplicates and gap-only sites/taxa removed) 
NOTE: was saved to: /data/jeremias/eucs/roadies/output/genes/gene_184_filtered.fa.aln.raxml.reduced.phy

Alignment comprises 1 partitions and 412 patterns

Partition 0: noname
Model: GTR+FC+G4m
Alignment sites / patterns: 551 / 412
Gaps: 10.44 %
Invariant sites: 32.67 %


NOTE: Binary MSA file created: /data/jeremias/eucs/roadies/output/genes/gene_184_filtered.fa.aln.raxml.rba

Parallelization scheme autoconfig: 4 worker(s) x 1 thread(s)

[00:00:00] Generating 10 random starting tree(s) with 76 taxa
[00:00:00] Generating 10 parsimony starting tree(s) with 76 taxa
Parallel parsimony with 4 threads
Parallel reduction/worker buffer size: 1 KB  / 0 KB

[00:00:00] Data distribution: max. partitions/sites/weight per thread: 1 / 412 / 6592
[00:00:00] Data distribution: max. searches per worker: 5

Starting ML tree search with 20 distinct starting trees

[00:00:00 -14867.554625] Initial branch length optimization
[00:00:00 -10066.500728] Model parameter optimization (eps = 10.000000)
[00:00:00 -9322.434871] AUTODETECT spr round 1 (radius: 5)
[00:00:00 -6983.913868] AUTODETECT spr round 2 (radius: 10)
[00:00:01 -5224.751542] AUTODETECT spr round 3 (radius: 15)
[00:00:01 -5080.114999] AUTODETECT spr round 4 (radius: 20)
[00:00:01 -5077.914470] AUTODETECT spr round 5 (radius: 25)
[00:00:02 -5076.755245] SPR radius for FAST iterations: 25 (autodetect)
[00:00:02 -5076.755245] Model parameter optimization (eps = 3.000000)
[00:00:02 -4959.413903] FAST spr round 1 (radius: 25)
[00:00:02 -4698.723265] FAST spr round 2 (radius: 25)
[00:00:02 -4678.185591] FAST spr round 3 (radius: 25)
[00:00:03 -4670.628967] Model parameter optimization (eps = 1.000000)
[00:00:03 -4663.746933] SLOW spr round 1 (radius: 5)
[00:00:04 -4663.255239] SLOW spr round 2 (radius: 10)
[00:00:05 -4663.197818] SLOW spr round 3 (radius: 15)
[00:00:06 -4663.197395] SLOW spr round 4 (radius: 20)
[00:00:07 -4663.197394] SLOW spr round 5 (radius: 25)
[00:00:07 -4663.197394] Model parameter optimization (eps = 0.100000)
[00:00:07] [worker #3] ML tree search #4, logLikelihood: -4663.138809
[00:00:07] [worker #2] ML tree search #3, logLikelihood: -4661.048220

[00:00:07] [worker #0] ML tree search #1, logLikelihood: -4663.138742

[00:00:07 -14180.432204] Initial branch length optimization
[00:00:07 -9988.809643] Model parameter optimization (eps = 10.000000)
[00:00:08 -9296.421448] AUTODETECT spr round 1 (radius: 5)
[00:00:08] [worker #1] ML tree search #2, logLikelihood: -4660.500476
[00:00:08 -6863.369397] AUTODETECT spr round 2 (radius: 10)
[00:00:08 -5669.221672] AUTODETECT spr round 3 (radius: 15)
[00:00:09 -5649.810614] AUTODETECT spr round 4 (radius: 20)
[00:00:09 -5647.227417] AUTODETECT spr round 5 (radius: 25)
[00:00:09 -5646.255205] SPR radius for FAST iterations: 25 (autodetect)
[00:00:09 -5646.255205] Model parameter optimization (eps = 3.000000)
[00:00:09 -5578.272385] FAST spr round 1 (radius: 25)
[00:00:10 -5029.362951] FAST spr round 2 (radius: 25)
[00:00:10 -4687.074560] FAST spr round 3 (radius: 25)
[00:00:11 -4687.074373] Model parameter optimization (eps = 1.000000)
[00:00:11 -4660.932323] SLOW spr round 1 (radius: 5)
[00:00:12 -4660.511946] SLOW spr round 2 (radius: 10)
[00:00:13 -4660.511943] SLOW spr round 3 (radius: 15)
[00:00:14 -4660.511943] SLOW spr round 4 (radius: 20)
[00:00:15 -4660.511943] SLOW spr round 5 (radius: 25)
[00:00:15] [worker #2] ML tree search #7, logLikelihood: -4660.500442
[00:00:15 -4660.511943] Model parameter optimization (eps = 0.100000)

[00:00:15] [worker #0] ML tree search #5, logLikelihood: -4660.500511

[00:00:15 -14104.265556] Initial branch length optimization
[00:00:15] [worker #1] ML tree search #6, logLikelihood: -4660.500393
[00:00:15 -9979.852668] Model parameter optimization (eps = 10.000000)
[00:00:16 -9294.847981] AUTODETECT spr round 1 (radius: 5)
[00:00:16] [worker #3] ML tree search #8, logLikelihood: -4660.500486
[00:00:16 -6639.439918] AUTODETECT spr round 2 (radius: 10)
[00:00:16 -5157.270631] AUTODETECT spr round 3 (radius: 15)
[00:00:17 -5150.924685] AUTODETECT spr round 4 (radius: 20)
[00:00:17 -5146.351346] AUTODETECT spr round 5 (radius: 25)
[00:00:17 -5143.561894] SPR radius for FAST iterations: 25 (autodetect)
[00:00:17 -5143.561894] Model parameter optimization (eps = 3.000000)
[00:00:17 -5028.519674] FAST spr round 1 (radius: 25)
[00:00:18 -4840.901395] FAST spr round 2 (radius: 25)
[00:00:18 -4664.952077] FAST spr round 3 (radius: 25)
[00:00:18 -4664.951862] Model parameter optimization (eps = 1.000000)
[00:00:19 -4660.767639] SLOW spr round 1 (radius: 5)
[00:00:20 -4660.502184] SLOW spr round 2 (radius: 10)
[00:00:20 -4660.502150] SLOW spr round 3 (radius: 15)
[00:00:21] [worker #2] ML tree search #11, logLikelihood: -4660.500398
[00:00:22 -4660.502150] SLOW spr round 4 (radius: 20)
[00:00:23] [worker #1] ML tree search #10, logLikelihood: -4661.047976
[00:00:23 -4660.502150] SLOW spr round 5 (radius: 25)
[00:00:23 -4660.502150] Model parameter optimization (eps = 0.100000)

[00:00:23] [worker #0] ML tree search #9, logLikelihood: -4660.500390

[00:00:23 -6367.919360] Initial branch length optimization
[00:00:23 -4874.876342] Model parameter optimization (eps = 10.000000)
[00:00:23 -4689.270883] AUTODETECT spr round 1 (radius: 5)
[00:00:23] [worker #3] ML tree search #12, logLikelihood: -4660.500544
[00:00:23 -4660.908255] AUTODETECT spr round 2 (radius: 10)
[00:00:24 -4660.875172] SPR radius for FAST iterations: 5 (autodetect)
[00:00:24 -4660.875172] Model parameter optimization (eps = 3.000000)
[00:00:24 -4660.767529] FAST spr round 1 (radius: 5)
[00:00:24 -4660.767053] Model parameter optimization (eps = 1.000000)
[00:00:24 -4660.766857] SLOW spr round 1 (radius: 5)
[00:00:25 -4660.501313] SLOW spr round 2 (radius: 10)
[00:00:26 -4660.501310] SLOW spr round 3 (radius: 15)
[00:00:27] [worker #2] ML tree search #15, logLikelihood: -4660.500458
[00:00:28 -4660.501310] SLOW spr round 4 (radius: 20)
[00:00:28 -4660.501310] SLOW spr round 5 (radius: 25)
[00:00:29] [worker #1] ML tree search #14, logLikelihood: -4660.500420
[00:00:29 -4660.501310] Model parameter optimization (eps = 0.100000)

[00:00:29] [worker #0] ML tree search #13, logLikelihood: -4660.500383

[00:00:29 -6371.535318] Initial branch length optimization
[00:00:29 -4864.786356] Model parameter optimization (eps = 10.000000)
[00:00:29 -4677.615973] AUTODETECT spr round 1 (radius: 5)
[00:00:29 -4661.855609] AUTODETECT spr round 2 (radius: 10)
[00:00:30 -4661.525137] AUTODETECT spr round 3 (radius: 15)
[00:00:30] [worker #3] ML tree search #16, logLikelihood: -4660.500614
[00:00:30 -4661.523515] SPR radius for FAST iterations: 10 (autodetect)
[00:00:30 -4661.523515] Model parameter optimization (eps = 3.000000)
[00:00:30 -4661.458519] FAST spr round 1 (radius: 10)
[00:00:31 -4660.774153] Model parameter optimization (eps = 1.000000)
[00:00:31 -4660.767062] SLOW spr round 1 (radius: 5)
[00:00:32 -4660.501503] SLOW spr round 2 (radius: 10)
[00:00:33 -4660.501420] SLOW spr round 3 (radius: 15)
[00:00:33] [worker #2] ML tree search #19, logLikelihood: -4661.047998
[00:00:34 -4660.501420] SLOW spr round 4 (radius: 20)
[00:00:35] [worker #1] ML tree search #18, logLikelihood: -4660.500664
[00:00:35 -4660.501420] SLOW spr round 5 (radius: 25)
[00:00:35 -4660.501420] Model parameter optimization (eps = 0.100000)

[00:00:35] [worker #0] ML tree search #17, logLikelihood: -4660.500370

[00:00:36] [worker #3] ML tree search #20, logLikelihood: -4660.500415

Optimized model parameters:

   Partition 0: noname
   Rate heterogeneity: GAMMA (4 cats, mean),  alpha: 3.219416 (ML),  weights&rates: (0.250000,0.405555) (0.250000,0.742996) (0.250000,1.083404) (0.250000,1.768045) 
   Base frequencies (empirical): 0.332747 0.163734 0.157575 0.345945 
   Substitution rates (ML): 1.170020 4.354441 0.846241 1.112009 3.692196 1.000000 


Final LogLikelihood: -4660.500370

AIC score: 9637.000740 / AICc score: 9765.174209 / BIC score: 10318.254840
Free parameters (model + branch lengths): 158

WARNING: Best ML tree contains 23 near-zero branches!

Best ML tree with collapsed near-zero branches saved to: /data/jeremias/eucs/roadies/output/genes/gene_184_filtered.fa.aln.raxml.bestTreeCollapsed
Best ML tree saved to: /data/jeremias/eucs/roadies/output/genes/gene_184_filtered.fa.aln.raxml.bestTree
All ML trees saved to: /data/jeremias/eucs/roadies/output/genes/gene_184_filtered.fa.aln.raxml.mlTrees
Optimized model saved to: /data/jeremias/eucs/roadies/output/genes/gene_184_filtered.fa.aln.raxml.bestModel

Execution log saved to: /data/jeremias/eucs/roadies/output/genes/gene_184_filtered.fa.aln.raxml.log

Analysis started: 29-Jul-2024 16:58:46 / finished: 29-Jul-2024 16:59:23

Elapsed time: 36.871 seconds

