
RAxML-NG v. 1.2.2 released on 11.04.2024 by The Exelixis Lab.
Developed by: Alexey M. Kozlov and Alexandros Stamatakis.
Contributors: Diego Darriba, Tomas Flouri, Benoit Morel, Sarah Lutteropp, Ben Bettisworth, Julia Haag, Anastasis Togkousidis.
Latest version: https://github.com/amkozlov/raxml-ng
Questions/problems/suggestions? Please visit: https://groups.google.com/forum/#!forum/raxml

System: AMD EPYC 7742 64-Core Processor, 128 cores, 1007 GB RAM

RAxML-NG was called at 29-Jul-2024 17:25:36 as follows:

raxml-ng --msa /data/jeremias/eucs/roadies/output/genes/gene_102_filtered.fa.aln --model GTR+G+F --redo --threads auto{4} --blopt nr_safe

Analysis options:
  run mode: ML tree search
  start tree(s): random (10) + parsimony (10)
  random seed: 1722237936
  tip-inner: OFF
  pattern compression: ON
  per-rate scalers: OFF
  site repeats: ON
  logLH epsilon: general: 10.000000, brlen-triplet: 1000.000000
  fast spr radius: AUTO
  spr subtree cutoff: 1.000000
  fast CLV updates: ON
  branch lengths: proportional (ML estimate, algorithm: NR-SAFE)
  SIMD kernels: AVX2
  parallelization: coarse-grained (auto), PTHREADS (auto)

WARNING: Running in REDO mode: existing checkpoints are ignored, and all result files will be overwritten!

[00:00:00] Reading alignment from file: /data/jeremias/eucs/roadies/output/genes/gene_102_filtered.fa.aln
[00:00:00] Loaded alignment with 360 taxa and 563 sites

Alignment comprises 1 partitions and 539 patterns

Partition 0: noname
Model: GTR+FC+G4m
Alignment sites / patterns: 563 / 539
Gaps: 11.72 %
Invariant sites: 7.82 %


NOTE: Binary MSA file created: /data/jeremias/eucs/roadies/output/genes/gene_102_filtered.fa.aln.raxml.rba

Parallelization scheme autoconfig: 4 worker(s) x 1 thread(s)

[00:00:00] Generating 10 random starting tree(s) with 360 taxa
[00:00:00] Generating 10 parsimony starting tree(s) with 360 taxa
Parallel parsimony with 4 threads
Parallel reduction/worker buffer size: 1 KB  / 0 KB

[00:00:00] Data distribution: max. partitions/sites/weight per thread: 1 / 539 / 8624
[00:00:00] Data distribution: max. searches per worker: 5

Starting ML tree search with 20 distinct starting trees

[00:00:00 -113510.991565] Initial branch length optimization
[00:00:00 -89941.288906] Model parameter optimization (eps = 10.000000)
[00:00:06 -81486.658654] AUTODETECT spr round 1 (radius: 5)
[00:00:08 -51426.258757] AUTODETECT spr round 2 (radius: 10)
[00:00:12 -30952.418975] AUTODETECT spr round 3 (radius: 15)
[00:00:19 -27213.995589] AUTODETECT spr round 4 (radius: 20)
[00:00:29 -26489.599937] AUTODETECT spr round 5 (radius: 25)
[00:00:37 -26489.308210] SPR radius for FAST iterations: 25 (autodetect)
[00:00:37 -26489.308210] Model parameter optimization (eps = 3.000000)
[00:00:39 -26103.481383] FAST spr round 1 (radius: 25)
[00:00:42 -23735.880756] FAST spr round 2 (radius: 25)
[00:00:44 -23565.373482] FAST spr round 3 (radius: 25)
[00:00:46 -23562.977363] Model parameter optimization (eps = 1.000000)
[00:00:46 -23561.687105] SLOW spr round 1 (radius: 5)
[00:00:53 -23549.711707] SLOW spr round 2 (radius: 5)
[00:00:59 -23547.919136] SLOW spr round 3 (radius: 10)
[00:01:04 -23546.919521] SLOW spr round 4 (radius: 15)
[00:01:16 -23546.919480] SLOW spr round 5 (radius: 20)
[00:01:31 -23546.919479] SLOW spr round 6 (radius: 25)
[00:01:44] [worker #2] ML tree search #3, logLikelihood: -23548.171907
[00:01:45 -23546.919478] Model parameter optimization (eps = 0.100000)

[00:01:45] [worker #0] ML tree search #1, logLikelihood: -23546.882882

[00:01:45 -114563.595269] Initial branch length optimization
[00:01:46 -91203.718230] Model parameter optimization (eps = 10.000000)
[00:01:47] [worker #3] ML tree search #4, logLikelihood: -23544.299047
[00:01:48 -82507.880475] AUTODETECT spr round 1 (radius: 5)
[00:01:49] [worker #1] ML tree search #2, logLikelihood: -23544.353002
[00:01:50 -52712.827636] AUTODETECT spr round 2 (radius: 10)
[00:01:54 -30686.258432] AUTODETECT spr round 3 (radius: 15)
[00:02:00 -27101.247266] AUTODETECT spr round 4 (radius: 20)
[00:02:07 -27023.189863] AUTODETECT spr round 5 (radius: 25)
[00:02:14 -27022.344877] SPR radius for FAST iterations: 25 (autodetect)
[00:02:14 -27022.344877] Model parameter optimization (eps = 3.000000)
[00:02:16 -26648.420635] FAST spr round 1 (radius: 25)
[00:02:19 -23745.034669] FAST spr round 2 (radius: 25)
[00:02:22 -23569.994718] FAST spr round 3 (radius: 25)
[00:02:25 -23562.732167] Model parameter optimization (eps = 1.000000)
[00:02:25 -23559.945647] SLOW spr round 1 (radius: 5)
[00:02:33 -23546.761625] SLOW spr round 2 (radius: 5)
[00:02:41 -23544.301736] SLOW spr round 3 (radius: 10)
[00:02:46 -23540.997896] SLOW spr round 4 (radius: 15)
[00:03:02 -23540.997822] SLOW spr round 5 (radius: 20)
[00:03:24 -23540.997817] SLOW spr round 6 (radius: 25)
[00:03:32] [worker #3] ML tree search #8, logLikelihood: -23551.793290
[00:03:33] [worker #2] ML tree search #7, logLikelihood: -23549.545998
[00:03:37 -23540.997817] Model parameter optimization (eps = 0.100000)

[00:03:37] [worker #0] ML tree search #5, logLikelihood: -23540.980332

[00:03:37 -114369.972603] Initial branch length optimization
[00:03:38 -90346.936610] Model parameter optimization (eps = 10.000000)
[00:03:40 -81686.416599] AUTODETECT spr round 1 (radius: 5)
[00:03:42 -51273.421860] AUTODETECT spr round 2 (radius: 10)
[00:03:43] [worker #1] ML tree search #6, logLikelihood: -23540.709869
[00:03:46 -30708.972455] AUTODETECT spr round 3 (radius: 15)
[00:03:52 -26836.778520] AUTODETECT spr round 4 (radius: 20)
[00:04:04 -26077.719154] AUTODETECT spr round 5 (radius: 25)
[00:04:12 -26076.967969] SPR radius for FAST iterations: 25 (autodetect)
[00:04:12 -26076.967969] Model parameter optimization (eps = 3.000000)
[00:04:14 -25742.544035] FAST spr round 1 (radius: 25)
[00:04:17 -23663.432965] FAST spr round 2 (radius: 25)
[00:04:19 -23577.255174] FAST spr round 3 (radius: 25)
[00:04:21 -23561.139700] FAST spr round 4 (radius: 25)
[00:04:23 -23559.606496] Model parameter optimization (eps = 1.000000)
[00:04:23 -23558.288111] SLOW spr round 1 (radius: 5)
[00:04:28 -23548.424407] SLOW spr round 2 (radius: 10)
[00:04:33 -23545.118571] SLOW spr round 3 (radius: 15)
[00:04:46 -23545.118454] SLOW spr round 4 (radius: 20)
[00:04:47] [worker #2] ML tree search #11, logLikelihood: -23551.749804
[00:05:02 -23545.118445] SLOW spr round 5 (radius: 25)
[00:05:02] [worker #3] ML tree search #12, logLikelihood: -23554.757415
[00:05:13] [worker #1] ML tree search #10, logLikelihood: -23547.434566
[00:05:16 -23545.118445] Model parameter optimization (eps = 0.100000)

[00:05:17] [worker #0] ML tree search #9, logLikelihood: -23545.099577

[00:05:17 -29514.543330] Initial branch length optimization
[00:05:17 -25648.742469] Model parameter optimization (eps = 10.000000)
[00:05:18 -23726.463945] AUTODETECT spr round 1 (radius: 5)
[00:05:19 -23578.105233] AUTODETECT spr round 2 (radius: 10)
[00:05:23 -23560.800480] AUTODETECT spr round 3 (radius: 15)
[00:05:32 -23560.729886] SPR radius for FAST iterations: 10 (autodetect)
[00:05:32 -23560.729886] Model parameter optimization (eps = 3.000000)
[00:05:32 -23560.622554] FAST spr round 1 (radius: 10)
[00:05:35 -23554.307625] Model parameter optimization (eps = 1.000000)
[00:05:35 -23554.296150] SLOW spr round 1 (radius: 5)
[00:05:41 -23547.726146] SLOW spr round 2 (radius: 10)
[00:05:46 -23547.726082] SLOW spr round 3 (radius: 15)
[00:05:58 -23547.726079] SLOW spr round 4 (radius: 20)
[00:06:13 -23547.726078] SLOW spr round 5 (radius: 25)
[00:06:18] [worker #2] ML tree search #15, logLikelihood: -23545.900087
[00:06:27 -23547.726078] Model parameter optimization (eps = 0.100000)

[00:06:29] [worker #0] ML tree search #13, logLikelihood: -23547.718783

[00:06:29 -29653.223275] Initial branch length optimization
[00:06:30 -25714.358812] Model parameter optimization (eps = 10.000000)
[00:06:32 -23787.369771] AUTODETECT spr round 1 (radius: 5)
[00:06:36 -23580.247734] AUTODETECT spr round 2 (radius: 10)
[00:06:36] [worker #3] ML tree search #16, logLikelihood: -23558.499586
[00:06:42 -23572.645810] AUTODETECT spr round 3 (radius: 15)
[00:06:49] [worker #1] ML tree search #14, logLikelihood: -23545.493786
[00:06:52 -23572.475085] AUTODETECT spr round 4 (radius: 20)
[00:07:01 -23570.665808] AUTODETECT spr round 5 (radius: 25)
[00:07:07 -23570.657858] SPR radius for FAST iterations: 20 (autodetect)
[00:07:07 -23570.657858] Model parameter optimization (eps = 3.000000)
[00:07:08 -23570.471179] FAST spr round 1 (radius: 20)
[00:07:10 -23558.618694] FAST spr round 2 (radius: 20)
[00:07:12 -23557.230506] Model parameter optimization (eps = 1.000000)
[00:07:12 -23557.222113] SLOW spr round 1 (radius: 5)
[00:07:19 -23550.064165] SLOW spr round 2 (radius: 10)
[00:07:25 -23550.062395] SLOW spr round 3 (radius: 15)
[00:07:39 -23550.062262] SLOW spr round 4 (radius: 20)
[00:07:47] [worker #2] ML tree search #19, logLikelihood: -23553.557225
[00:07:59 -23550.062254] SLOW spr round 5 (radius: 25)
[00:08:14 -23550.062253] Model parameter optimization (eps = 0.100000)

[00:08:15] [worker #0] ML tree search #17, logLikelihood: -23550.049406

[00:08:25] [worker #3] ML tree search #20, logLikelihood: -23549.429684
[00:08:32] [worker #1] ML tree search #18, logLikelihood: -23550.111720

Optimized model parameters:

   Partition 0: noname
   Rate heterogeneity: GAMMA (4 cats, mean),  alpha: 1.283539 (ML),  weights&rates: (0.250000,0.189867) (0.250000,0.548056) (0.250000,1.034704) (0.250000,2.227373) 
   Base frequencies (empirical): 0.303737 0.252836 0.147995 0.295431 
   Substitution rates (ML): 0.704078 7.204760 0.700199 0.604359 4.898772 1.000000 


Final LogLikelihood: -23540.709869

AIC score: 48533.419738 / AICc score: 1104137.419738 / BIC score: 51679.380748
Free parameters (model + branch lengths): 726

WARNING: Number of free parameters (K=726) is larger than alignment size (n=563).
         This might lead to overfitting and compromise tree inference results!


WARNING: Best ML tree contains 79 near-zero branches!

Best ML tree with collapsed near-zero branches saved to: /data/jeremias/eucs/roadies/output/genes/gene_102_filtered.fa.aln.raxml.bestTreeCollapsed
Best ML tree saved to: /data/jeremias/eucs/roadies/output/genes/gene_102_filtered.fa.aln.raxml.bestTree
All ML trees saved to: /data/jeremias/eucs/roadies/output/genes/gene_102_filtered.fa.aln.raxml.mlTrees
Optimized model saved to: /data/jeremias/eucs/roadies/output/genes/gene_102_filtered.fa.aln.raxml.bestModel

Execution log saved to: /data/jeremias/eucs/roadies/output/genes/gene_102_filtered.fa.aln.raxml.log

Analysis started: 29-Jul-2024 17:25:36 / finished: 29-Jul-2024 17:34:09

Elapsed time: 512.963 seconds

