
RAxML-NG v. 1.2.2 released on 11.04.2024 by The Exelixis Lab.
Developed by: Alexey M. Kozlov and Alexandros Stamatakis.
Contributors: Diego Darriba, Tomas Flouri, Benoit Morel, Sarah Lutteropp, Ben Bettisworth, Julia Haag, Anastasis Togkousidis.
Latest version: https://github.com/amkozlov/raxml-ng
Questions/problems/suggestions? Please visit: https://groups.google.com/forum/#!forum/raxml

System: AMD EPYC 7742 64-Core Processor, 128 cores, 1007 GB RAM

RAxML-NG was called at 29-Jul-2024 17:00:21 as follows:

raxml-ng --msa /data/jeremias/eucs/roadies/output/genes/gene_111_filtered.fa.aln --model GTR+G+F --redo --threads auto{4} --blopt nr_safe

Analysis options:
  run mode: ML tree search
  start tree(s): random (10) + parsimony (10)
  random seed: 1722236421
  tip-inner: OFF
  pattern compression: ON
  per-rate scalers: OFF
  site repeats: ON
  logLH epsilon: general: 10.000000, brlen-triplet: 1000.000000
  fast spr radius: AUTO
  spr subtree cutoff: 1.000000
  fast CLV updates: ON
  branch lengths: proportional (ML estimate, algorithm: NR-SAFE)
  SIMD kernels: AVX2
  parallelization: coarse-grained (auto), PTHREADS (auto)

WARNING: Running in REDO mode: existing checkpoints are ignored, and all result files will be overwritten!

[00:00:00] Reading alignment from file: /data/jeremias/eucs/roadies/output/genes/gene_111_filtered.fa.aln
[00:00:00] Loaded alignment with 25 taxa and 626 sites

Alignment comprises 1 partitions and 193 patterns

Partition 0: noname
Model: GTR+FC+G4m
Alignment sites / patterns: 626 / 193
Gaps: 19.71 %
Invariant sites: 67.73 %


NOTE: Binary MSA file created: /data/jeremias/eucs/roadies/output/genes/gene_111_filtered.fa.aln.raxml.rba

Parallelization scheme autoconfig: 4 worker(s) x 1 thread(s)

[00:00:00] Generating 10 random starting tree(s) with 25 taxa
[00:00:00] Generating 10 parsimony starting tree(s) with 25 taxa
Parallel parsimony with 4 threads
Parallel reduction/worker buffer size: 1 KB  / 0 KB

[00:00:00] Data distribution: max. partitions/sites/weight per thread: 1 / 193 / 3088
[00:00:00] Data distribution: max. searches per worker: 5

Starting ML tree search with 20 distinct starting trees

[00:00:00 -3407.558522] Initial branch length optimization
[00:00:00 -2755.586371] Model parameter optimization (eps = 10.000000)
[00:00:00 -2628.842166] AUTODETECT spr round 1 (radius: 5)
[00:00:00 -2229.366259] AUTODETECT spr round 2 (radius: 10)
[00:00:00 -2228.444586] AUTODETECT spr round 3 (radius: 15)
[00:00:00 -2228.390510] SPR radius for FAST iterations: 10 (autodetect)
[00:00:00 -2228.390510] Model parameter optimization (eps = 3.000000)
[00:00:00 -2211.505119] FAST spr round 1 (radius: 10)
[00:00:00 -2209.219867] Model parameter optimization (eps = 1.000000)
[00:00:00 -2209.148959] SLOW spr round 1 (radius: 5)
[00:00:00 -2209.148890] SLOW spr round 2 (radius: 10)
[00:00:00 -2209.148890] SLOW spr round 3 (radius: 15)
[00:00:00 -2209.148890] SLOW spr round 4 (radius: 20)
[00:00:00 -2209.148890] SLOW spr round 5 (radius: 25)
[00:00:00 -2209.148890] Model parameter optimization (eps = 0.100000)
[00:00:00] [worker #1] ML tree search #2, logLikelihood: -2208.919418
[00:00:00] [worker #3] ML tree search #4, logLikelihood: -2209.147202

[00:00:00] [worker #0] ML tree search #1, logLikelihood: -2209.147222

[00:00:00 -3499.331892] Initial branch length optimization
[00:00:00] [worker #2] ML tree search #3, logLikelihood: -2209.147231
[00:00:01 -2842.244640] Model parameter optimization (eps = 10.000000)
[00:00:01 -2693.244851] AUTODETECT spr round 1 (radius: 5)
[00:00:01 -2253.402787] AUTODETECT spr round 2 (radius: 10)
[00:00:01 -2253.167822] AUTODETECT spr round 3 (radius: 15)
[00:00:01 -2253.151984] SPR radius for FAST iterations: 10 (autodetect)
[00:00:01 -2253.151984] Model parameter optimization (eps = 3.000000)
[00:00:01 -2233.041464] FAST spr round 1 (radius: 10)
[00:00:01 -2209.816754] FAST spr round 2 (radius: 10)
[00:00:01 -2209.663264] Model parameter optimization (eps = 1.000000)
[00:00:01 -2209.156440] SLOW spr round 1 (radius: 5)
[00:00:01 -2209.156177] SLOW spr round 2 (radius: 10)
[00:00:01 -2209.156177] SLOW spr round 3 (radius: 15)
[00:00:01 -2209.156177] SLOW spr round 4 (radius: 20)
[00:00:01 -2209.156177] SLOW spr round 5 (radius: 25)
[00:00:01] [worker #1] ML tree search #6, logLikelihood: -2210.363190
[00:00:01 -2209.156177] Model parameter optimization (eps = 0.100000)
[00:00:02] [worker #2] ML tree search #7, logLikelihood: -2209.147231

[00:00:02] [worker #0] ML tree search #5, logLikelihood: -2209.147344

[00:00:02 -3391.040783] Initial branch length optimization
[00:00:02 -2709.425517] Model parameter optimization (eps = 10.000000)
[00:00:02] [worker #3] ML tree search #8, logLikelihood: -2209.147308
[00:00:02 -2587.502955] AUTODETECT spr round 1 (radius: 5)
[00:00:02 -2279.596243] AUTODETECT spr round 2 (radius: 10)
[00:00:02 -2269.146240] AUTODETECT spr round 3 (radius: 15)
[00:00:02 -2269.059890] SPR radius for FAST iterations: 10 (autodetect)
[00:00:02 -2269.059890] Model parameter optimization (eps = 3.000000)
[00:00:02 -2254.434336] FAST spr round 1 (radius: 10)
[00:00:02 -2220.206890] FAST spr round 2 (radius: 10)
[00:00:02 -2209.876881] FAST spr round 3 (radius: 10)
[00:00:02 -2209.734048] Model parameter optimization (eps = 1.000000)
[00:00:02 -2209.158302] SLOW spr round 1 (radius: 5)
[00:00:02] [worker #2] ML tree search #11, logLikelihood: -2210.363131
[00:00:02] [worker #3] ML tree search #12, logLikelihood: -2209.147252
[00:00:02 -2209.157812] SLOW spr round 2 (radius: 10)
[00:00:02] [worker #1] ML tree search #10, logLikelihood: -2208.919528
[00:00:02 -2209.157812] SLOW spr round 3 (radius: 15)
[00:00:02 -2209.157812] SLOW spr round 4 (radius: 20)
[00:00:02 -2209.157812] SLOW spr round 5 (radius: 25)
[00:00:02 -2209.157812] Model parameter optimization (eps = 0.100000)

[00:00:02] [worker #0] ML tree search #9, logLikelihood: -2209.147353

[00:00:02 -3015.821146] Initial branch length optimization
[00:00:02 -2276.965427] Model parameter optimization (eps = 10.000000)
[00:00:02 -2215.346244] AUTODETECT spr round 1 (radius: 5)
[00:00:02 -2211.627555] AUTODETECT spr round 2 (radius: 10)
[00:00:02 -2211.584174] SPR radius for FAST iterations: 5 (autodetect)
[00:00:02 -2211.584174] Model parameter optimization (eps = 3.000000)
[00:00:02 -2211.558471] FAST spr round 1 (radius: 5)
[00:00:02 -2211.496392] Model parameter optimization (eps = 1.000000)
[00:00:03 -2211.494296] SLOW spr round 1 (radius: 5)
[00:00:03] [worker #2] ML tree search #15, logLikelihood: -2208.919401
[00:00:03 -2211.493988] SLOW spr round 2 (radius: 10)
[00:00:03] [worker #1] ML tree search #14, logLikelihood: -2209.147237
[00:00:03 -2211.493988] SLOW spr round 3 (radius: 15)
[00:00:03] [worker #3] ML tree search #16, logLikelihood: -2208.919397
[00:00:03 -2211.493988] SLOW spr round 4 (radius: 20)
[00:00:03 -2211.493988] SLOW spr round 5 (radius: 25)
[00:00:03 -2211.493988] Model parameter optimization (eps = 0.100000)

[00:00:03] [worker #0] ML tree search #13, logLikelihood: -2211.493946

[00:00:03 -3011.502374] Initial branch length optimization
[00:00:03 -2275.348933] Model parameter optimization (eps = 10.000000)
[00:00:03 -2212.572172] AUTODETECT spr round 1 (radius: 5)
[00:00:03 -2210.273880] AUTODETECT spr round 2 (radius: 10)
[00:00:03 -2210.273838] SPR radius for FAST iterations: 5 (autodetect)
[00:00:03 -2210.273838] Model parameter optimization (eps = 3.000000)
[00:00:03 -2210.151680] FAST spr round 1 (radius: 5)
[00:00:03 -2209.275147] Model parameter optimization (eps = 1.000000)
[00:00:03 -2209.149866] SLOW spr round 1 (radius: 5)
[00:00:03] [worker #2] ML tree search #19, logLikelihood: -2208.919400
[00:00:03] [worker #1] ML tree search #18, logLikelihood: -2208.919400
[00:00:03 -2209.147215] SLOW spr round 2 (radius: 10)
[00:00:03 -2209.147215] SLOW spr round 3 (radius: 15)
[00:00:03 -2209.147215] SLOW spr round 4 (radius: 20)
[00:00:03 -2209.147215] SLOW spr round 5 (radius: 25)
[00:00:03 -2209.147215] Model parameter optimization (eps = 0.100000)

[00:00:03] [worker #0] ML tree search #17, logLikelihood: -2209.147193

[00:00:03] [worker #3] ML tree search #20, logLikelihood: -2210.363139

Optimized model parameters:

   Partition 0: noname
   Rate heterogeneity: GAMMA (4 cats, mean),  alpha: 1.559837 (ML),  weights&rates: (0.250000,0.234420) (0.250000,0.598223) (0.250000,1.053751) (0.250000,2.113607) 
   Base frequencies (empirical): 0.298209 0.178114 0.318345 0.205332 
   Substitution rates (ML): 0.670665 2.258873 0.493005 1.319004 5.350809 1.000000 


Final LogLikelihood: -2208.919397

AIC score: 4529.838793 / AICc score: 4541.058477 / BIC score: 4778.442414
Free parameters (model + branch lengths): 56

WARNING: Best ML tree contains 4 near-zero branches!

Best ML tree with collapsed near-zero branches saved to: /data/jeremias/eucs/roadies/output/genes/gene_111_filtered.fa.aln.raxml.bestTreeCollapsed
Best ML tree saved to: /data/jeremias/eucs/roadies/output/genes/gene_111_filtered.fa.aln.raxml.bestTree
All ML trees saved to: /data/jeremias/eucs/roadies/output/genes/gene_111_filtered.fa.aln.raxml.mlTrees
Optimized model saved to: /data/jeremias/eucs/roadies/output/genes/gene_111_filtered.fa.aln.raxml.bestModel

Execution log saved to: /data/jeremias/eucs/roadies/output/genes/gene_111_filtered.fa.aln.raxml.log

Analysis started: 29-Jul-2024 17:00:21 / finished: 29-Jul-2024 17:00:25

Elapsed time: 3.838 seconds

