
RAxML-NG v. 1.2.2 released on 11.04.2024 by The Exelixis Lab.
Developed by: Alexey M. Kozlov and Alexandros Stamatakis.
Contributors: Diego Darriba, Tomas Flouri, Benoit Morel, Sarah Lutteropp, Ben Bettisworth, Julia Haag, Anastasis Togkousidis.
Latest version: https://github.com/amkozlov/raxml-ng
Questions/problems/suggestions? Please visit: https://groups.google.com/forum/#!forum/raxml

System: AMD EPYC 7742 64-Core Processor, 128 cores, 1007 GB RAM

RAxML-NG was called at 29-Jul-2024 16:56:18 as follows:

raxml-ng --msa /data/jeremias/eucs/roadies/output/genes/gene_244_filtered.fa.aln --model GTR+G+F --redo --threads auto{4} --blopt nr_safe

Analysis options:
  run mode: ML tree search
  start tree(s): random (10) + parsimony (10)
  random seed: 1722236178
  tip-inner: OFF
  pattern compression: ON
  per-rate scalers: OFF
  site repeats: ON
  logLH epsilon: general: 10.000000, brlen-triplet: 1000.000000
  fast spr radius: AUTO
  spr subtree cutoff: 1.000000
  fast CLV updates: ON
  branch lengths: proportional (ML estimate, algorithm: NR-SAFE)
  SIMD kernels: AVX2
  parallelization: coarse-grained (auto), PTHREADS (auto)

WARNING: Running in REDO mode: existing checkpoints are ignored, and all result files will be overwritten!

[00:00:00] Reading alignment from file: /data/jeremias/eucs/roadies/output/genes/gene_244_filtered.fa.aln
[00:00:00] Loaded alignment with 37 taxa and 562 sites

Alignment comprises 1 partitions and 349 patterns

Partition 0: noname
Model: GTR+FC+G4m
Alignment sites / patterns: 562 / 349
Gaps: 13.66 %
Invariant sites: 43.95 %


NOTE: Binary MSA file created: /data/jeremias/eucs/roadies/output/genes/gene_244_filtered.fa.aln.raxml.rba

Parallelization scheme autoconfig: 4 worker(s) x 1 thread(s)

[00:00:00] Generating 10 random starting tree(s) with 37 taxa
[00:00:00] Generating 10 parsimony starting tree(s) with 37 taxa
Parallel parsimony with 4 threads
Parallel reduction/worker buffer size: 1 KB  / 0 KB

[00:00:00] Data distribution: max. partitions/sites/weight per thread: 1 / 349 / 5584
[00:00:00] Data distribution: max. searches per worker: 5

Starting ML tree search with 20 distinct starting trees

[00:01:08 -7341.825192] Initial branch length optimization
[00:01:08 -6069.556947] Model parameter optimization (eps = 10.000000)
[00:01:09 -5435.716715] AUTODETECT spr round 1 (radius: 5)
[00:01:09 -4428.629363] AUTODETECT spr round 2 (radius: 10)
[00:01:09 -4023.524411] AUTODETECT spr round 3 (radius: 15)
[00:01:09 -4001.899207] AUTODETECT spr round 4 (radius: 20)
[00:01:09 -4000.789322] AUTODETECT spr round 5 (radius: 25)
[00:01:09 -4000.514852] SPR radius for FAST iterations: 25 (autodetect)
[00:01:09 -4000.514852] Model parameter optimization (eps = 3.000000)
[00:01:09 -3952.428749] FAST spr round 1 (radius: 25)
[00:01:09 -3894.108262] FAST spr round 2 (radius: 25)
[00:01:09 -3892.350249] Model parameter optimization (eps = 1.000000)
[00:01:09 -3891.689668] SLOW spr round 1 (radius: 5)
[00:01:10 -3891.290494] SLOW spr round 2 (radius: 10)
[00:01:10] [worker #1] ML tree search #2, logLikelihood: -3891.921907
[00:01:10 -3891.290286] SLOW spr round 3 (radius: 15)
[00:01:10] [worker #3] ML tree search #4, logLikelihood: -3890.834923
[00:01:10 -3891.290285] SLOW spr round 4 (radius: 20)
[00:01:10] [worker #2] ML tree search #3, logLikelihood: -3890.834860
[00:01:10 -3891.290285] SLOW spr round 5 (radius: 25)
[00:01:10 -3891.290285] Model parameter optimization (eps = 0.100000)

[00:01:10] [worker #0] ML tree search #1, logLikelihood: -3891.281917

[00:01:10 -7254.500193] Initial branch length optimization
[00:01:10 -5928.355319] Model parameter optimization (eps = 10.000000)
[00:01:10 -5335.098661] AUTODETECT spr round 1 (radius: 5)
[00:01:11 -4387.861039] AUTODETECT spr round 2 (radius: 10)
[00:01:11 -4047.203398] AUTODETECT spr round 3 (radius: 15)
[00:01:11 -4046.421075] AUTODETECT spr round 4 (radius: 20)
[00:01:11 -4046.297914] AUTODETECT spr round 5 (radius: 25)
[00:01:11 -4046.277013] SPR radius for FAST iterations: 20 (autodetect)
[00:01:11 -4046.277013] Model parameter optimization (eps = 3.000000)
[00:01:11 -3997.340535] FAST spr round 1 (radius: 20)
[00:01:11 -3894.525191] FAST spr round 2 (radius: 20)
[00:01:11 -3891.505162] Model parameter optimization (eps = 1.000000)
[00:01:11 -3890.839869] SLOW spr round 1 (radius: 5)
[00:01:12 -3890.839571] SLOW spr round 2 (radius: 10)
[00:01:12 -3890.839570] SLOW spr round 3 (radius: 15)
[00:01:12] [worker #3] ML tree search #8, logLikelihood: -3893.938336
[00:01:12] [worker #1] ML tree search #6, logLikelihood: -3892.372196
[00:01:12] [worker #2] ML tree search #7, logLikelihood: -3897.553245
[00:01:12 -3890.839570] SLOW spr round 4 (radius: 20)
[00:01:12 -3890.839570] SLOW spr round 5 (radius: 25)
[00:01:12 -3890.839570] Model parameter optimization (eps = 0.100000)

[00:01:12] [worker #0] ML tree search #5, logLikelihood: -3890.834678

[00:01:12 -7283.305758] Initial branch length optimization
[00:01:12 -6005.226151] Model parameter optimization (eps = 10.000000)
[00:01:13 -5428.098368] AUTODETECT spr round 1 (radius: 5)
[00:01:13 -4808.349283] AUTODETECT spr round 2 (radius: 10)
[00:01:13 -4394.520303] AUTODETECT spr round 3 (radius: 15)
[00:01:13 -4393.575721] AUTODETECT spr round 4 (radius: 20)
[00:01:13 -4393.277208] AUTODETECT spr round 5 (radius: 25)
[00:01:13 -4393.189938] SPR radius for FAST iterations: 20 (autodetect)
[00:01:13 -4393.189938] Model parameter optimization (eps = 3.000000)
[00:01:13 -4363.640134] FAST spr round 1 (radius: 20)
[00:01:13 -3958.619065] FAST spr round 2 (radius: 20)
[00:01:13] [worker #2] ML tree search #11, logLikelihood: -3894.807510
[00:01:13 -3902.141313] FAST spr round 3 (radius: 20)
[00:01:13] [worker #3] ML tree search #12, logLikelihood: -3894.582292
[00:01:13 -3902.141241] Model parameter optimization (eps = 1.000000)
[00:01:13 -3895.588822] SLOW spr round 1 (radius: 5)
[00:01:14 -3895.252258] SLOW spr round 2 (radius: 10)
[00:01:14] [worker #1] ML tree search #10, logLikelihood: -3892.771613
[00:01:14 -3895.157876] SLOW spr round 3 (radius: 15)
[00:01:14 -3895.157876] SLOW spr round 4 (radius: 20)
[00:01:14 -3895.157876] SLOW spr round 5 (radius: 25)
[00:01:14 -3895.157876] Model parameter optimization (eps = 0.100000)

[00:01:14] [worker #0] ML tree search #9, logLikelihood: -3895.131783

[00:01:14 -4792.140249] Initial branch length optimization
[00:01:14 -4179.185375] Model parameter optimization (eps = 10.000000)
[00:01:15] [worker #2] ML tree search #15, logLikelihood: -3892.316759
[00:01:15 -3921.519614] AUTODETECT spr round 1 (radius: 5)
[00:01:15 -3895.756721] AUTODETECT spr round 2 (radius: 10)
[00:01:15 -3895.699316] SPR radius for FAST iterations: 5 (autodetect)
[00:01:15 -3895.699316] Model parameter optimization (eps = 3.000000)
[00:01:15 -3895.588925] FAST spr round 1 (radius: 5)
[00:01:15 -3895.588657] Model parameter optimization (eps = 1.000000)
[00:01:15 -3895.588602] SLOW spr round 1 (radius: 5)
[00:01:15] [worker #3] ML tree search #16, logLikelihood: -3893.938347
[00:01:15 -3895.159826] SLOW spr round 2 (radius: 10)
[00:01:16 -3895.159260] SLOW spr round 3 (radius: 15)
[00:01:16] [worker #1] ML tree search #14, logLikelihood: -3894.326208
[00:01:16 -3895.159260] SLOW spr round 4 (radius: 20)
[00:01:16 -3895.159260] SLOW spr round 5 (radius: 25)
[00:01:16 -3895.159260] Model parameter optimization (eps = 0.100000)

[00:01:16] [worker #0] ML tree search #13, logLikelihood: -3895.131799

[00:01:16 -4772.606074] Initial branch length optimization
[00:01:16 -4156.671698] Model parameter optimization (eps = 10.000000)
[00:01:16] [worker #2] ML tree search #19, logLikelihood: -3898.004634
[00:01:16 -3901.297600] AUTODETECT spr round 1 (radius: 5)
[00:01:16 -3896.867163] AUTODETECT spr round 2 (radius: 10)
[00:01:16 -3896.861499] SPR radius for FAST iterations: 5 (autodetect)
[00:01:16 -3896.861499] Model parameter optimization (eps = 3.000000)
[00:01:16 -3896.763520] FAST spr round 1 (radius: 5)
[00:01:16 -3896.334741] Model parameter optimization (eps = 1.000000)
[00:01:16 -3896.322213] SLOW spr round 1 (radius: 5)
[00:01:16] [worker #3] ML tree search #20, logLikelihood: -3894.336814
[00:01:17 -3895.915892] SLOW spr round 2 (radius: 10)
[00:01:17 -3895.915819] SLOW spr round 3 (radius: 15)
[00:01:17 -3895.915819] SLOW spr round 4 (radius: 20)
[00:01:17 -3895.915819] SLOW spr round 5 (radius: 25)
[00:01:18 -3895.915819] Model parameter optimization (eps = 0.100000)
[00:01:18] [worker #1] ML tree search #18, logLikelihood: -3894.326187

[00:01:18] [worker #0] ML tree search #17, logLikelihood: -3895.897181


Optimized model parameters:

   Partition 0: noname
   Rate heterogeneity: GAMMA (4 cats, mean),  alpha: 1.427227 (ML),  weights&rates: (0.250000,0.213859) (0.250000,0.575977) (0.250000,1.045846) (0.250000,2.164318) 
   Base frequencies (empirical): 0.315083 0.147210 0.198897 0.338810 
   Substitution rates (ML): 1.306809 7.256106 0.855541 1.168040 7.921881 1.000000 


Final LogLikelihood: -3890.834678

AIC score: 7941.669357 / AICc score: 7968.613224 / BIC score: 8288.189505
Free parameters (model + branch lengths): 80

WARNING: Best ML tree contains 4 near-zero branches!

Best ML tree with collapsed near-zero branches saved to: /data/jeremias/eucs/roadies/output/genes/gene_244_filtered.fa.aln.raxml.bestTreeCollapsed
Best ML tree saved to: /data/jeremias/eucs/roadies/output/genes/gene_244_filtered.fa.aln.raxml.bestTree
All ML trees saved to: /data/jeremias/eucs/roadies/output/genes/gene_244_filtered.fa.aln.raxml.mlTrees
Optimized model saved to: /data/jeremias/eucs/roadies/output/genes/gene_244_filtered.fa.aln.raxml.bestModel

Execution log saved to: /data/jeremias/eucs/roadies/output/genes/gene_244_filtered.fa.aln.raxml.log

Analysis started: 29-Jul-2024 16:56:18 / finished: 29-Jul-2024 16:57:37

Elapsed time: 78.476 seconds

