
RAxML-NG v. 1.2.2 released on 11.04.2024 by The Exelixis Lab.
Developed by: Alexey M. Kozlov and Alexandros Stamatakis.
Contributors: Diego Darriba, Tomas Flouri, Benoit Morel, Sarah Lutteropp, Ben Bettisworth, Julia Haag, Anastasis Togkousidis.
Latest version: https://github.com/amkozlov/raxml-ng
Questions/problems/suggestions? Please visit: https://groups.google.com/forum/#!forum/raxml

System: AMD EPYC 7742 64-Core Processor, 128 cores, 1007 GB RAM

RAxML-NG was called at 29-Jul-2024 15:31:13 as follows:

raxml-ng --msa /data/jeremias/eucs/roadies/output/genes/gene_196_filtered.fa.aln --model GTR+G+F --redo --threads auto{4} --blopt nr_safe

Analysis options:
  run mode: ML tree search
  start tree(s): random (10) + parsimony (10)
  random seed: 1722231073
  tip-inner: OFF
  pattern compression: ON
  per-rate scalers: OFF
  site repeats: ON
  logLH epsilon: general: 10.000000, brlen-triplet: 1000.000000
  fast spr radius: AUTO
  spr subtree cutoff: 1.000000
  fast CLV updates: ON
  branch lengths: proportional (ML estimate, algorithm: NR-SAFE)
  SIMD kernels: AVX2
  parallelization: coarse-grained (auto), PTHREADS (auto)

WARNING: Running in REDO mode: existing checkpoints are ignored, and all result files will be overwritten!

[00:00:00] Reading alignment from file: /data/jeremias/eucs/roadies/output/genes/gene_196_filtered.fa.aln
[00:00:00] Loaded alignment with 360 taxa and 566 sites

WARNING: Sequences E_virginea_5 and E_dawsonii_4 are exactly identical!
WARNING: Sequences E_virginea_5 and E_polyanthemos_5 are exactly identical!
WARNING: Sequences E_coolabah_8 and E_victrix_5 are exactly identical!
WARNING: Sequences E_shirleyi_5 and E_caleyi_5 are exactly identical!
WARNING: Sequences E_shirleyi_2 and E_shirleyi_3 are exactly identical!
WARNING: Sequences E_globulus_8 and E_viminalis_6 are exactly identical!
WARNING: Sequences E_globulus_4 and E_viminalis_4 are exactly identical!
WARNING: Sequences E_dawsonii_3 and E_polyanthemos_3 are exactly identical!
WARNING: Sequences E_dawsonii_3 and E_lansdowneana_5 are exactly identical!
WARNING: Sequences E_dawsonii_2 and E_fibrosa_5 are exactly identical!
WARNING: Sequences E_dawsonii_2 and E_lansdowneana_3 are exactly identical!
WARNING: Sequences E_dawsonii_2 and E_caleyi_2 are exactly identical!
WARNING: Sequences E_dawsonii_7 and E_dawsonii_8 are exactly identical!
WARNING: Sequences E_dawsonii_7 and E_polyanthemos_8 are exactly identical!
WARNING: Sequences E_dawsonii_7 and E_fibrosa_9 are exactly identical!
WARNING: Sequences E_dawsonii_7 and E_caleyi_7 are exactly identical!
WARNING: Sequences E_sid_E_mel_8 and E_sideroxylon_8 are exactly identical!
WARNING: Sequences E_sid_E_mel_8 and E_melliodora_8 are exactly identical!
WARNING: Sequences E_sid_E_mel_2 and E_albens_1 are exactly identical!
WARNING: Sequences E_sid_E_mel_7 and E_melliodora_6 are exactly identical!
WARNING: Sequences E_sid_E_mel_7 and E_melliodora_5 are exactly identical!
WARNING: Sequences E_sid_E_mel_4 and E_sideroxylon_4 are exactly identical!
WARNING: Sequences E_sid_E_mel_4 and E_melliodora_4 are exactly identical!
WARNING: Sequences E_polyanthemos_0 and E_fibrosa_1 are exactly identical!
WARNING: Sequences E_polyanthemos_0 and E_paniculata_0 are exactly identical!
WARNING: Sequences C_maculata_5 and C_maculata_4 are exactly identical!
WARNING: Sequences E_ANBG9806169_1 and E_regnans_1 are exactly identical!
WARNING: Sequences E_decipiens_8 and E_decipiens_9 are exactly identical!
WARNING: Sequences C_calophylla_4 and C_calophylla_5 are exactly identical!
WARNING: Sequences E_pauciflora_3 and E_pauciflora_2 are exactly identical!
WARNING: Sequences E_pauciflora_5 and E_pauciflora_4 are exactly identical!
WARNING: Sequences E_lansdowneana_2 and E_sideroxylon_2 are exactly identical!
WARNING: Sequences E_lansdowneana_9 and E_sideroxylon_9 are exactly identical!
WARNING: Sequences E_lansdowneana_9 and E_caleyi_9 are exactly identical!
WARNING: Sequences E_cladocalyx_3 and E_cladocalyx_2 are exactly identical!
WARNING: Duplicate sequences found: 35

NOTE: Reduced alignment (with duplicates and gap-only sites/taxa removed) 
NOTE: was saved to: /data/jeremias/eucs/roadies/output/genes/gene_196_filtered.fa.aln.raxml.reduced.phy

Alignment comprises 1 partitions and 502 patterns

Partition 0: noname
Model: GTR+FC+G4m
Alignment sites / patterns: 566 / 502
Gaps: 10.88 %
Invariant sites: 15.37 %


NOTE: Binary MSA file created: /data/jeremias/eucs/roadies/output/genes/gene_196_filtered.fa.aln.raxml.rba

Parallelization scheme autoconfig: 4 worker(s) x 1 thread(s)

[00:00:00] Generating 10 random starting tree(s) with 360 taxa
[00:00:00] Generating 10 parsimony starting tree(s) with 360 taxa
Parallel parsimony with 4 threads
Parallel reduction/worker buffer size: 1 KB  / 0 KB

[00:00:00] Data distribution: max. partitions/sites/weight per thread: 1 / 502 / 8032
[00:00:00] Data distribution: max. searches per worker: 5

Starting ML tree search with 20 distinct starting trees

[00:00:00 -78730.949595] Initial branch length optimization
[00:00:01 -69031.125754] Model parameter optimization (eps = 10.000000)
[00:00:03 -65551.191433] AUTODETECT spr round 1 (radius: 5)
[00:00:05 -33891.700521] AUTODETECT spr round 2 (radius: 10)
[00:00:09 -21630.062739] AUTODETECT spr round 3 (radius: 15)
[00:00:15 -17825.778698] AUTODETECT spr round 4 (radius: 20)
[00:00:26 -17590.577177] AUTODETECT spr round 5 (radius: 25)
[00:00:36 -17585.603244] SPR radius for FAST iterations: 25 (autodetect)
[00:00:38 -17585.603244] Model parameter optimization (eps = 3.000000)
[00:00:39 -17469.095723] FAST spr round 1 (radius: 25)
[00:00:42 -14991.539755] FAST spr round 2 (radius: 25)
[00:00:45 -14855.091330] FAST spr round 3 (radius: 25)
[00:00:48 -14783.421381] FAST spr round 4 (radius: 25)
[00:00:50 -14783.419913] Model parameter optimization (eps = 1.000000)
[00:00:51 -14774.730421] SLOW spr round 1 (radius: 5)
[00:00:56 -14771.711983] SLOW spr round 2 (radius: 10)
[00:00:59 -14771.711613] SLOW spr round 3 (radius: 15)
[00:01:09 -14771.711607] SLOW spr round 4 (radius: 20)
[00:01:24 -14771.711606] SLOW spr round 5 (radius: 25)
[00:01:34] [worker #2] ML tree search #3, logLikelihood: -14774.622885
[00:01:34] [worker #3] ML tree search #4, logLikelihood: -14773.197470
[00:01:37] [worker #1] ML tree search #2, logLikelihood: -14772.410603
[00:01:38 -14771.711606] Model parameter optimization (eps = 0.100000)

[00:01:38] [worker #0] ML tree search #1, logLikelihood: -14771.701882

[00:01:38 -78459.836064] Initial branch length optimization
[00:01:38 -68671.890141] Model parameter optimization (eps = 10.000000)
[00:01:40 -65323.917134] AUTODETECT spr round 1 (radius: 5)
[00:01:41 -34429.410668] AUTODETECT spr round 2 (radius: 10)
[00:01:44 -20606.379325] AUTODETECT spr round 3 (radius: 15)
[00:01:50 -17516.437486] AUTODETECT spr round 4 (radius: 20)
[00:01:55 -17321.125540] AUTODETECT spr round 5 (radius: 25)
[00:02:02 -17304.359578] SPR radius for FAST iterations: 25 (autodetect)
[00:02:02 -17304.359578] Model parameter optimization (eps = 3.000000)
[00:02:03 -17142.680408] FAST spr round 1 (radius: 25)
[00:02:05 -14960.539937] FAST spr round 2 (radius: 25)
[00:02:07 -14804.882517] FAST spr round 3 (radius: 25)
[00:02:08 -14789.155152] FAST spr round 4 (radius: 25)
[00:02:09 -14789.154736] Model parameter optimization (eps = 1.000000)
[00:02:10 -14782.032527] SLOW spr round 1 (radius: 5)
[00:02:14 -14778.732898] SLOW spr round 2 (radius: 10)
[00:02:18 -14778.732580] SLOW spr round 3 (radius: 15)
[00:02:29 -14778.732575] SLOW spr round 4 (radius: 20)
[00:02:43 -14778.732575] SLOW spr round 5 (radius: 25)
[00:02:49] [worker #2] ML tree search #7, logLikelihood: -14773.137056
[00:02:51] [worker #3] ML tree search #8, logLikelihood: -14770.338163
[00:02:56] [worker #1] ML tree search #6, logLikelihood: -14772.969658
[00:02:57 -14778.732575] Model parameter optimization (eps = 0.100000)

[00:02:57] [worker #0] ML tree search #5, logLikelihood: -14778.712809

[00:02:57 -78721.558166] Initial branch length optimization
[00:02:57 -69116.637476] Model parameter optimization (eps = 10.000000)
[00:02:59 -65728.473293] AUTODETECT spr round 1 (radius: 5)
[00:03:00 -33943.181434] AUTODETECT spr round 2 (radius: 10)
[00:03:03 -21892.504843] AUTODETECT spr round 3 (radius: 15)
[00:03:09 -18059.268450] AUTODETECT spr round 4 (radius: 20)
[00:03:18 -17807.932166] AUTODETECT spr round 5 (radius: 25)
[00:03:25 -17784.688144] SPR radius for FAST iterations: 25 (autodetect)
[00:03:25 -17784.688144] Model parameter optimization (eps = 3.000000)
[00:03:26 -17629.632896] FAST spr round 1 (radius: 25)
[00:03:28 -15166.228141] FAST spr round 2 (radius: 25)
[00:03:31 -14795.557648] FAST spr round 3 (radius: 25)
[00:03:33 -14789.103999] Model parameter optimization (eps = 1.000000)
[00:03:33 -14783.489423] SLOW spr round 1 (radius: 5)
[00:03:39 -14778.635856] SLOW spr round 2 (radius: 10)
[00:03:44 -14778.634900] SLOW spr round 3 (radius: 15)
[00:03:57] [worker #2] ML tree search #11, logLikelihood: -14773.489907
[00:03:57 -14778.634862] SLOW spr round 4 (radius: 20)
[00:04:00] [worker #3] ML tree search #12, logLikelihood: -14778.877282
[00:04:18 -14778.634860] SLOW spr round 5 (radius: 25)
[00:04:28] [worker #1] ML tree search #10, logLikelihood: -14771.426725
[00:04:34 -14778.634860] Model parameter optimization (eps = 0.100000)

[00:04:34] [worker #0] ML tree search #9, logLikelihood: -14778.597884

[00:04:34 -19106.460145] Initial branch length optimization
[00:04:35 -15362.227677] Model parameter optimization (eps = 10.000000)
[00:04:35 -14922.480105] AUTODETECT spr round 1 (radius: 5)
[00:04:37 -14796.058613] AUTODETECT spr round 2 (radius: 10)
[00:04:41 -14796.027068] SPR radius for FAST iterations: 5 (autodetect)
[00:04:41 -14796.027068] Model parameter optimization (eps = 3.000000)
[00:04:41 -14795.894380] FAST spr round 1 (radius: 5)
[00:04:43 -14786.881160] Model parameter optimization (eps = 1.000000)
[00:04:43 -14786.855812] SLOW spr round 1 (radius: 5)
[00:04:48 -14785.707675] SLOW spr round 2 (radius: 10)
[00:04:53 -14785.707420] SLOW spr round 3 (radius: 15)
[00:05:06 -14785.707414] SLOW spr round 4 (radius: 20)
[00:05:16] [worker #3] ML tree search #16, logLikelihood: -14776.748596
[00:05:25 -14785.707414] SLOW spr round 5 (radius: 25)
[00:05:30] [worker #2] ML tree search #15, logLikelihood: -14783.183587
[00:05:34] [worker #1] ML tree search #14, logLikelihood: -14783.890398
[00:05:42 -14785.707414] Model parameter optimization (eps = 0.100000)

[00:05:42] [worker #0] ML tree search #13, logLikelihood: -14785.693548

[00:05:42 -19089.515777] Initial branch length optimization
[00:05:42 -15315.518085] Model parameter optimization (eps = 10.000000)
[00:05:43 -14894.423548] AUTODETECT spr round 1 (radius: 5)
[00:05:44 -14813.727555] AUTODETECT spr round 2 (radius: 10)
[00:05:51 -14798.371147] AUTODETECT spr round 3 (radius: 15)
[00:06:00 -14798.356929] SPR radius for FAST iterations: 10 (autodetect)
[00:06:00 -14798.356929] Model parameter optimization (eps = 3.000000)
[00:06:00 -14797.902848] FAST spr round 1 (radius: 10)
[00:06:03 -14783.197720] FAST spr round 2 (radius: 10)
[00:06:05 -14782.160164] Model parameter optimization (eps = 1.000000)
[00:06:05 -14782.136490] SLOW spr round 1 (radius: 5)
[00:06:12 -14780.512869] SLOW spr round 2 (radius: 10)
[00:06:17 -14780.512616] SLOW spr round 3 (radius: 15)
[00:06:28 -14780.512609] SLOW spr round 4 (radius: 20)
[00:06:44] [worker #2] ML tree search #19, logLikelihood: -14785.723573
[00:06:44 -14780.512608] SLOW spr round 5 (radius: 25)
[00:06:54] [worker #1] ML tree search #18, logLikelihood: -14774.858699
[00:06:58] [worker #3] ML tree search #20, logLikelihood: -14772.873165
[00:07:01 -14780.512608] Model parameter optimization (eps = 0.100000)

[00:07:01] [worker #0] ML tree search #17, logLikelihood: -14780.502216


Optimized model parameters:

   Partition 0: noname
   Rate heterogeneity: GAMMA (4 cats, mean),  alpha: 1.383902 (ML),  weights&rates: (0.250000,0.206818) (0.250000,0.568017) (0.250000,1.042808) (0.250000,2.182357) 
   Base frequencies (empirical): 0.276201 0.242390 0.268370 0.213039 
   Substitution rates (ML): 0.711418 2.569141 0.881104 0.788167 3.248740 1.000000 


Final LogLikelihood: -14770.338163

AIC score: 30992.676325 / AICc score: 1086596.676325 / BIC score: 34142.495626
Free parameters (model + branch lengths): 726

WARNING: Number of free parameters (K=726) is larger than alignment size (n=566).
         This might lead to overfitting and compromise tree inference results!


WARNING: Best ML tree contains 114 near-zero branches!

Best ML tree with collapsed near-zero branches saved to: /data/jeremias/eucs/roadies/output/genes/gene_196_filtered.fa.aln.raxml.bestTreeCollapsed
Best ML tree saved to: /data/jeremias/eucs/roadies/output/genes/gene_196_filtered.fa.aln.raxml.bestTree
All ML trees saved to: /data/jeremias/eucs/roadies/output/genes/gene_196_filtered.fa.aln.raxml.mlTrees
Optimized model saved to: /data/jeremias/eucs/roadies/output/genes/gene_196_filtered.fa.aln.raxml.bestModel

Execution log saved to: /data/jeremias/eucs/roadies/output/genes/gene_196_filtered.fa.aln.raxml.log

Analysis started: 29-Jul-2024 15:31:13 / finished: 29-Jul-2024 15:38:15

Elapsed time: 421.740 seconds

