
RAxML-NG v. 1.2.2 released on 11.04.2024 by The Exelixis Lab.
Developed by: Alexey M. Kozlov and Alexandros Stamatakis.
Contributors: Diego Darriba, Tomas Flouri, Benoit Morel, Sarah Lutteropp, Ben Bettisworth, Julia Haag, Anastasis Togkousidis.
Latest version: https://github.com/amkozlov/raxml-ng
Questions/problems/suggestions? Please visit: https://groups.google.com/forum/#!forum/raxml

System: AMD EPYC 7742 64-Core Processor, 128 cores, 1007 GB RAM

RAxML-NG was called at 29-Jul-2024 16:46:32 as follows:

raxml-ng --msa /data/jeremias/eucs/roadies/output/genes/gene_13_filtered.fa.aln --model GTR+G+F --redo --threads auto{4} --blopt nr_safe

Analysis options:
  run mode: ML tree search
  start tree(s): random (10) + parsimony (10)
  random seed: 1722235592
  tip-inner: OFF
  pattern compression: ON
  per-rate scalers: OFF
  site repeats: ON
  logLH epsilon: general: 10.000000, brlen-triplet: 1000.000000
  fast spr radius: AUTO
  spr subtree cutoff: 1.000000
  fast CLV updates: ON
  branch lengths: proportional (ML estimate, algorithm: NR-SAFE)
  SIMD kernels: AVX2
  parallelization: coarse-grained (auto), PTHREADS (auto)

WARNING: Running in REDO mode: existing checkpoints are ignored, and all result files will be overwritten!

[00:00:00] Reading alignment from file: /data/jeremias/eucs/roadies/output/genes/gene_13_filtered.fa.aln
[00:00:00] Loaded alignment with 39 taxa and 564 sites

WARNING: Sequences E_polyanthemos_0 and E_dawsonii_0 are exactly identical!
WARNING: Duplicate sequences found: 1

NOTE: Reduced alignment (with duplicates and gap-only sites/taxa removed) 
NOTE: was saved to: /data/jeremias/eucs/roadies/output/genes/gene_13_filtered.fa.aln.raxml.reduced.phy

Alignment comprises 1 partitions and 238 patterns

Partition 0: noname
Model: GTR+FC+G4m
Alignment sites / patterns: 564 / 238
Gaps: 13.76 %
Invariant sites: 66.67 %


NOTE: Binary MSA file created: /data/jeremias/eucs/roadies/output/genes/gene_13_filtered.fa.aln.raxml.rba

Parallelization scheme autoconfig: 4 worker(s) x 1 thread(s)

[00:00:00] Generating 10 random starting tree(s) with 39 taxa
[00:00:00] Generating 10 parsimony starting tree(s) with 39 taxa
Parallel parsimony with 4 threads
Parallel reduction/worker buffer size: 1 KB  / 0 KB

[00:00:00] Data distribution: max. partitions/sites/weight per thread: 1 / 238 / 3808
[00:00:00] Data distribution: max. searches per worker: 5

Starting ML tree search with 20 distinct starting trees

[00:00:00 -4259.225858] Initial branch length optimization
[00:00:00 -3438.574139] Model parameter optimization (eps = 10.000000)
[00:00:00 -3262.688036] AUTODETECT spr round 1 (radius: 5)
[00:00:00 -2814.952531] AUTODETECT spr round 2 (radius: 10)
[00:00:00 -2555.979560] AUTODETECT spr round 3 (radius: 15)
[00:00:00 -2554.872570] AUTODETECT spr round 4 (radius: 20)
[00:00:00 -2554.780650] SPR radius for FAST iterations: 15 (autodetect)
[00:00:00 -2554.780650] Model parameter optimization (eps = 3.000000)
[00:00:00 -2532.551678] FAST spr round 1 (radius: 15)
[00:00:00 -2495.291547] FAST spr round 2 (radius: 15)
[00:00:00 -2492.078575] Model parameter optimization (eps = 1.000000)
[00:00:00 -2491.504941] SLOW spr round 1 (radius: 5)
[00:00:01 -2490.050403] SLOW spr round 2 (radius: 10)
[00:00:01 -2490.050401] SLOW spr round 3 (radius: 15)
[00:00:01 -2490.050401] SLOW spr round 4 (radius: 20)
[00:00:01] [worker #2] ML tree search #3, logLikelihood: -2490.210646
[00:00:01] [worker #1] ML tree search #2, logLikelihood: -2490.014841
[00:00:01 -2490.050401] SLOW spr round 5 (radius: 25)
[00:00:01 -2490.050401] Model parameter optimization (eps = 0.100000)
[00:00:01] [worker #3] ML tree search #4, logLikelihood: -2488.393657

[00:00:01] [worker #0] ML tree search #1, logLikelihood: -2490.014632

[00:00:01 -4250.063586] Initial branch length optimization
[00:00:01 -3380.809120] Model parameter optimization (eps = 10.000000)
[00:00:01 -3213.543041] AUTODETECT spr round 1 (radius: 5)
[00:00:01 -2670.102817] AUTODETECT spr round 2 (radius: 10)
[00:00:01 -2613.531719] AUTODETECT spr round 3 (radius: 15)
[00:00:01 -2613.509040] SPR radius for FAST iterations: 10 (autodetect)
[00:00:01 -2613.509040] Model parameter optimization (eps = 3.000000)
[00:00:01 -2593.383612] FAST spr round 1 (radius: 10)
[00:00:02 -2504.178963] FAST spr round 2 (radius: 10)
[00:00:02 -2491.786069] FAST spr round 3 (radius: 10)
[00:00:02 -2491.057285] Model parameter optimization (eps = 1.000000)
[00:00:02 -2489.855895] SLOW spr round 1 (radius: 5)
[00:00:02 -2489.855886] SLOW spr round 2 (radius: 10)
[00:00:02] [worker #2] ML tree search #7, logLikelihood: -2490.387147
[00:00:02 -2489.855886] SLOW spr round 3 (radius: 15)
[00:00:02 -2489.855886] SLOW spr round 4 (radius: 20)
[00:00:02 -2489.855886] SLOW spr round 5 (radius: 25)
[00:00:02 -2489.855886] Model parameter optimization (eps = 0.100000)

[00:00:02] [worker #0] ML tree search #5, logLikelihood: -2489.855884

[00:00:02] [worker #3] ML tree search #8, logLikelihood: -2488.393725
[00:00:02 -4070.273038] Initial branch length optimization
[00:00:02 -3318.682135] Model parameter optimization (eps = 10.000000)
[00:00:02] [worker #1] ML tree search #6, logLikelihood: -2488.393828
[00:00:02 -3172.534905] AUTODETECT spr round 1 (radius: 5)
[00:00:02 -2755.761355] AUTODETECT spr round 2 (radius: 10)
[00:00:03 -2597.968665] AUTODETECT spr round 3 (radius: 15)
[00:00:03 -2589.758341] AUTODETECT spr round 4 (radius: 20)
[00:00:03 -2589.628997] AUTODETECT spr round 5 (radius: 25)
[00:00:03 -2589.620475] SPR radius for FAST iterations: 20 (autodetect)
[00:00:03 -2589.620475] Model parameter optimization (eps = 3.000000)
[00:00:03 -2575.095761] FAST spr round 1 (radius: 20)
[00:00:03 -2496.316463] FAST spr round 2 (radius: 20)
[00:00:03 -2492.449440] Model parameter optimization (eps = 1.000000)
[00:00:03 -2491.292884] SLOW spr round 1 (radius: 5)
[00:00:03] [worker #2] ML tree search #11, logLikelihood: -2489.532645
[00:00:03 -2490.574012] SLOW spr round 2 (radius: 10)
[00:00:03] [worker #3] ML tree search #12, logLikelihood: -2489.912082
[00:00:03 -2490.574011] SLOW spr round 3 (radius: 15)
[00:00:03 -2490.574011] SLOW spr round 4 (radius: 20)
[00:00:04 -2490.574011] SLOW spr round 5 (radius: 25)
[00:00:04 -2490.574011] Model parameter optimization (eps = 0.100000)

[00:00:04] [worker #0] ML tree search #9, logLikelihood: -2490.571716

[00:00:04 -3356.001224] Initial branch length optimization
[00:00:04 -2557.137348] Model parameter optimization (eps = 10.000000)
[00:00:04 -2516.639998] AUTODETECT spr round 1 (radius: 5)
[00:00:04 -2491.443607] AUTODETECT spr round 2 (radius: 10)
[00:00:04 -2491.376666] SPR radius for FAST iterations: 5 (autodetect)
[00:00:04 -2491.376666] Model parameter optimization (eps = 3.000000)
[00:00:04] [worker #1] ML tree search #10, logLikelihood: -2490.387042
[00:00:04 -2491.071280] FAST spr round 1 (radius: 5)
[00:00:04 -2488.033949] Model parameter optimization (eps = 1.000000)
[00:00:04 -2488.007004] SLOW spr round 1 (radius: 5)
[00:00:04] [worker #2] ML tree search #15, logLikelihood: -2490.236123
[00:00:04 -2488.006833] SLOW spr round 2 (radius: 10)
[00:00:04] [worker #3] ML tree search #16, logLikelihood: -2489.855882
[00:00:04 -2488.006833] SLOW spr round 3 (radius: 15)
[00:00:04 -2488.006833] SLOW spr round 4 (radius: 20)
[00:00:04 -2488.006833] SLOW spr round 5 (radius: 25)
[00:00:04 -2488.006833] Model parameter optimization (eps = 0.100000)

[00:00:04] [worker #0] ML tree search #13, logLikelihood: -2488.006823

[00:00:05 -3347.530427] Initial branch length optimization
[00:00:05 -2550.015475] Model parameter optimization (eps = 10.000000)
[00:00:05 -2511.059589] AUTODETECT spr round 1 (radius: 5)
[00:00:05 -2494.435805] AUTODETECT spr round 2 (radius: 10)
[00:00:05] [worker #1] ML tree search #14, logLikelihood: -2489.105926
[00:00:05 -2494.411413] SPR radius for FAST iterations: 5 (autodetect)
[00:00:05 -2494.411413] Model parameter optimization (eps = 3.000000)
[00:00:05 -2493.811063] FAST spr round 1 (radius: 5)
[00:00:05 -2492.598899] Model parameter optimization (eps = 1.000000)
[00:00:05 -2492.548438] SLOW spr round 1 (radius: 5)
[00:00:05] [worker #2] ML tree search #19, logLikelihood: -2489.398268
[00:00:05 -2492.548119] SLOW spr round 2 (radius: 10)
[00:00:05] [worker #3] ML tree search #20, logLikelihood: -2490.386984
[00:00:05 -2490.627169] SLOW spr round 3 (radius: 15)
[00:00:05 -2490.627158] SLOW spr round 4 (radius: 20)
[00:00:05 -2490.627158] SLOW spr round 5 (radius: 25)
[00:00:05 -2490.627158] Model parameter optimization (eps = 0.100000)

[00:00:05] [worker #0] ML tree search #17, logLikelihood: -2490.572046

[00:00:06] [worker #1] ML tree search #18, logLikelihood: -2494.129565

Optimized model parameters:

   Partition 0: noname
   Rate heterogeneity: GAMMA (4 cats, mean),  alpha: 0.893867 (ML),  weights&rates: (0.250000,0.115322) (0.250000,0.442350) (0.250000,0.979918) (0.250000,2.462410) 
   Base frequencies (empirical): 0.268965 0.206179 0.239970 0.284886 
   Substitution rates (ML): 1.019460 2.880940 0.633803 0.992323 2.675324 1.000000 


Final LogLikelihood: -2488.006823

AIC score: 5144.013647 / AICc score: 5173.825755 / BIC score: 5508.158204
Free parameters (model + branch lengths): 84

WARNING: Best ML tree contains 6 near-zero branches!

Best ML tree with collapsed near-zero branches saved to: /data/jeremias/eucs/roadies/output/genes/gene_13_filtered.fa.aln.raxml.bestTreeCollapsed
Best ML tree saved to: /data/jeremias/eucs/roadies/output/genes/gene_13_filtered.fa.aln.raxml.bestTree
All ML trees saved to: /data/jeremias/eucs/roadies/output/genes/gene_13_filtered.fa.aln.raxml.mlTrees
Optimized model saved to: /data/jeremias/eucs/roadies/output/genes/gene_13_filtered.fa.aln.raxml.bestModel

Execution log saved to: /data/jeremias/eucs/roadies/output/genes/gene_13_filtered.fa.aln.raxml.log

Analysis started: 29-Jul-2024 16:46:32 / finished: 29-Jul-2024 16:46:38

Elapsed time: 6.063 seconds

