
RAxML-NG v. 1.2.2 released on 11.04.2024 by The Exelixis Lab.
Developed by: Alexey M. Kozlov and Alexandros Stamatakis.
Contributors: Diego Darriba, Tomas Flouri, Benoit Morel, Sarah Lutteropp, Ben Bettisworth, Julia Haag, Anastasis Togkousidis.
Latest version: https://github.com/amkozlov/raxml-ng
Questions/problems/suggestions? Please visit: https://groups.google.com/forum/#!forum/raxml

System: AMD EPYC 7742 64-Core Processor, 128 cores, 1007 GB RAM

RAxML-NG was called at 29-Jul-2024 15:44:39 as follows:

raxml-ng --msa /data/jeremias/eucs/roadies/output/genes/gene_143_filtered.fa.aln --model GTR+G+F --redo --threads auto{4} --blopt nr_safe

Analysis options:
  run mode: ML tree search
  start tree(s): random (10) + parsimony (10)
  random seed: 1722231879
  tip-inner: OFF
  pattern compression: ON
  per-rate scalers: OFF
  site repeats: ON
  logLH epsilon: general: 10.000000, brlen-triplet: 1000.000000
  fast spr radius: AUTO
  spr subtree cutoff: 1.000000
  fast CLV updates: ON
  branch lengths: proportional (ML estimate, algorithm: NR-SAFE)
  SIMD kernels: AVX2
  parallelization: coarse-grained (auto), PTHREADS (auto)

WARNING: Running in REDO mode: existing checkpoints are ignored, and all result files will be overwritten!

[00:00:00] Reading alignment from file: /data/jeremias/eucs/roadies/output/genes/gene_143_filtered.fa.aln
[00:00:00] Loaded alignment with 35 taxa and 624 sites

Alignment comprises 1 partitions and 224 patterns

Partition 0: noname
Model: GTR+FC+G4m
Alignment sites / patterns: 624 / 224
Gaps: 18.62 %
Invariant sites: 68.43 %


NOTE: Binary MSA file created: /data/jeremias/eucs/roadies/output/genes/gene_143_filtered.fa.aln.raxml.rba

Parallelization scheme autoconfig: 4 worker(s) x 1 thread(s)

[00:00:00] Generating 10 random starting tree(s) with 35 taxa
[00:00:00] Generating 10 parsimony starting tree(s) with 35 taxa
Parallel parsimony with 4 threads
Parallel reduction/worker buffer size: 1 KB  / 0 KB

[00:00:00] Data distribution: max. partitions/sites/weight per thread: 1 / 224 / 3584
[00:00:00] Data distribution: max. searches per worker: 5

Starting ML tree search with 20 distinct starting trees

[00:00:00 -4535.279508] Initial branch length optimization
[00:00:00 -3776.859516] Model parameter optimization (eps = 10.000000)
[00:00:00 -3499.471543] AUTODETECT spr round 1 (radius: 5)
[00:00:00 -2905.523275] AUTODETECT spr round 2 (radius: 10)
[00:00:00 -2883.349193] AUTODETECT spr round 3 (radius: 15)
[00:00:00 -2882.228154] AUTODETECT spr round 4 (radius: 20)
[00:00:00 -2882.061689] AUTODETECT spr round 5 (radius: 25)
[00:00:00 -2882.039439] SPR radius for FAST iterations: 20 (autodetect)
[00:00:00 -2882.039439] Model parameter optimization (eps = 3.000000)
[00:00:00 -2874.621271] FAST spr round 1 (radius: 20)
[00:00:00 -2823.839883] FAST spr round 2 (radius: 20)
[00:00:00 -2813.026255] FAST spr round 3 (radius: 20)
[00:00:00 -2812.703741] Model parameter optimization (eps = 1.000000)
[00:00:00 -2811.947866] SLOW spr round 1 (radius: 5)
[00:00:00 -2811.947645] SLOW spr round 2 (radius: 10)
[00:00:01 -2811.947645] SLOW spr round 3 (radius: 15)
[00:00:01] [worker #3] ML tree search #4, logLikelihood: -2810.693423
[00:00:01] [worker #2] ML tree search #3, logLikelihood: -2812.005439
[00:00:01 -2811.947645] SLOW spr round 4 (radius: 20)
[00:00:01 -2811.947645] SLOW spr round 5 (radius: 25)
[00:00:01 -2811.947645] Model parameter optimization (eps = 0.100000)

[00:00:01] [worker #0] ML tree search #1, logLikelihood: -2811.945694

[00:00:01 -4522.144434] Initial branch length optimization
[00:00:01 -3756.203691] Model parameter optimization (eps = 10.000000)
[00:00:01 -3481.351545] AUTODETECT spr round 1 (radius: 5)
[00:00:01] [worker #1] ML tree search #2, logLikelihood: -2811.696438
[00:00:01 -2944.303600] AUTODETECT spr round 2 (radius: 10)
[00:00:01 -2845.749030] AUTODETECT spr round 3 (radius: 15)
[00:00:01 -2845.715573] SPR radius for FAST iterations: 10 (autodetect)
[00:00:01 -2845.715573] Model parameter optimization (eps = 3.000000)
[00:00:01 -2836.949659] FAST spr round 1 (radius: 10)
[00:00:01 -2810.598381] FAST spr round 2 (radius: 10)
[00:00:01 -2808.681409] Model parameter optimization (eps = 1.000000)
[00:00:01 -2808.463251] SLOW spr round 1 (radius: 5)
[00:00:02 -2807.040709] SLOW spr round 2 (radius: 10)
[00:00:02 -2807.040028] SLOW spr round 3 (radius: 15)
[00:00:02] [worker #3] ML tree search #8, logLikelihood: -2813.740083
[00:00:02 -2807.040018] SLOW spr round 4 (radius: 20)
[00:00:02] [worker #1] ML tree search #6, logLikelihood: -2813.518290
[00:00:02 -2807.040018] SLOW spr round 5 (radius: 25)
[00:00:02 -2807.040018] Model parameter optimization (eps = 0.100000)

[00:00:02] [worker #0] ML tree search #5, logLikelihood: -2807.012154

[00:00:02] [worker #2] ML tree search #7, logLikelihood: -2809.259840
[00:00:02 -4484.272535] Initial branch length optimization
[00:00:02 -3708.107793] Model parameter optimization (eps = 10.000000)
[00:00:02 -3449.412274] AUTODETECT spr round 1 (radius: 5)
[00:00:03 -2887.717579] AUTODETECT spr round 2 (radius: 10)
[00:00:03 -2855.115489] AUTODETECT spr round 3 (radius: 15)
[00:00:03 -2854.962770] AUTODETECT spr round 4 (radius: 20)
[00:00:03 -2854.938258] SPR radius for FAST iterations: 15 (autodetect)
[00:00:03 -2854.938258] Model parameter optimization (eps = 3.000000)
[00:00:03 -2846.803922] FAST spr round 1 (radius: 15)
[00:00:03 -2824.149594] FAST spr round 2 (radius: 15)
[00:00:03 -2812.849643] FAST spr round 3 (radius: 15)
[00:00:03 -2812.600912] Model parameter optimization (eps = 1.000000)
[00:00:03 -2811.782113] SLOW spr round 1 (radius: 5)
[00:00:03] [worker #3] ML tree search #12, logLikelihood: -2814.214666
[00:00:03 -2811.780598] SLOW spr round 2 (radius: 10)
[00:00:03] [worker #2] ML tree search #11, logLikelihood: -2813.111561
[00:00:04 -2811.780585] SLOW spr round 3 (radius: 15)
[00:00:04] [worker #1] ML tree search #10, logLikelihood: -2807.947954
[00:00:04 -2811.780584] SLOW spr round 4 (radius: 20)
[00:00:04 -2811.780584] SLOW spr round 5 (radius: 25)
[00:00:04 -2811.780584] Model parameter optimization (eps = 0.100000)

[00:00:04] [worker #0] ML tree search #9, logLikelihood: -2811.780067

[00:00:10 -3683.951643] Initial branch length optimization
[00:00:14 -2981.871257] Model parameter optimization (eps = 10.000000)
[00:00:17 -2858.688130] AUTODETECT spr round 1 (radius: 5)
[00:00:21 -2820.639980] AUTODETECT spr round 2 (radius: 10)
[00:00:23 -2820.158485] AUTODETECT spr round 3 (radius: 15)
[00:00:24] [worker #3] ML tree search #16, logLikelihood: -2812.676242
[00:00:24 -2819.945453] AUTODETECT spr round 4 (radius: 20)
[00:00:24 -2819.935474] SPR radius for FAST iterations: 15 (autodetect)
[00:00:25] [worker #2] ML tree search #15, logLikelihood: -2817.554708
[00:00:26 -2819.935474] Model parameter optimization (eps = 3.000000)
[00:00:26 -2819.746214] FAST spr round 1 (radius: 15)
[00:00:26 -2815.014140] Model parameter optimization (eps = 1.000000)
[00:00:26 -2814.956939] SLOW spr round 1 (radius: 5)
[00:00:27 -2813.027994] SLOW spr round 2 (radius: 10)
[00:00:27 -2813.010748] SLOW spr round 3 (radius: 15)
[00:00:27] [worker #1] ML tree search #14, logLikelihood: -2815.345482
[00:00:27 -2813.010612] SLOW spr round 4 (radius: 20)
[00:00:27 -2813.010608] SLOW spr round 5 (radius: 25)
[00:00:27 -2813.010608] Model parameter optimization (eps = 0.100000)

[00:00:27] [worker #0] ML tree search #13, logLikelihood: -2812.989428

[00:00:27 -3676.888051] Initial branch length optimization
[00:00:27 -2971.246206] Model parameter optimization (eps = 10.000000)
[00:00:27 -2842.620650] AUTODETECT spr round 1 (radius: 5)
[00:00:27 -2820.890072] AUTODETECT spr round 2 (radius: 10)
[00:00:27 -2820.224962] AUTODETECT spr round 3 (radius: 15)
[00:00:27 -2820.149619] SPR radius for FAST iterations: 10 (autodetect)
[00:00:27 -2820.149619] Model parameter optimization (eps = 3.000000)
[00:00:27 -2819.996968] FAST spr round 1 (radius: 10)
[00:00:27] [worker #3] ML tree search #20, logLikelihood: -2813.626374
[00:00:27 -2818.805189] Model parameter optimization (eps = 1.000000)
[00:00:27 -2818.776353] SLOW spr round 1 (radius: 5)
[00:00:27] [worker #2] ML tree search #19, logLikelihood: -2812.005815
[00:00:28 -2815.806866] SLOW spr round 2 (radius: 10)
[00:00:28] [worker #1] ML tree search #18, logLikelihood: -2817.518024
[00:00:28 -2815.546167] SLOW spr round 3 (radius: 15)
[00:00:28 -2815.545625] SLOW spr round 4 (radius: 20)
[00:00:28 -2815.545622] SLOW spr round 5 (radius: 25)
[00:00:28 -2815.545622] Model parameter optimization (eps = 0.100000)

[00:00:28] [worker #0] ML tree search #17, logLikelihood: -2815.320369


Optimized model parameters:

   Partition 0: noname
   Rate heterogeneity: GAMMA (4 cats, mean),  alpha: 0.388300 (ML),  weights&rates: (0.250000,0.015063) (0.250000,0.172964) (0.250000,0.718303) (0.250000,3.093670) 
   Base frequencies (empirical): 0.254135 0.186171 0.243614 0.316080 
   Substitution rates (ML): 1.162194 3.943617 0.654893 0.718823 5.459025 1.000000 


Final LogLikelihood: -2807.012154

AIC score: 5766.024309 / AICc score: 5787.421018 / BIC score: 6103.171737
Free parameters (model + branch lengths): 76

WARNING: Best ML tree contains 4 near-zero branches!

Best ML tree with collapsed near-zero branches saved to: /data/jeremias/eucs/roadies/output/genes/gene_143_filtered.fa.aln.raxml.bestTreeCollapsed
Best ML tree saved to: /data/jeremias/eucs/roadies/output/genes/gene_143_filtered.fa.aln.raxml.bestTree
All ML trees saved to: /data/jeremias/eucs/roadies/output/genes/gene_143_filtered.fa.aln.raxml.mlTrees
Optimized model saved to: /data/jeremias/eucs/roadies/output/genes/gene_143_filtered.fa.aln.raxml.bestModel

Execution log saved to: /data/jeremias/eucs/roadies/output/genes/gene_143_filtered.fa.aln.raxml.log

Analysis started: 29-Jul-2024 15:44:39 / finished: 29-Jul-2024 15:45:07

Elapsed time: 28.562 seconds

