
RAxML-NG v. 1.2.2 released on 11.04.2024 by The Exelixis Lab.
Developed by: Alexey M. Kozlov and Alexandros Stamatakis.
Contributors: Diego Darriba, Tomas Flouri, Benoit Morel, Sarah Lutteropp, Ben Bettisworth, Julia Haag, Anastasis Togkousidis.
Latest version: https://github.com/amkozlov/raxml-ng
Questions/problems/suggestions? Please visit: https://groups.google.com/forum/#!forum/raxml

System: AMD EPYC 7742 64-Core Processor, 128 cores, 1007 GB RAM

RAxML-NG was called at 03-Jul-2024 19:36:35 as follows:

raxml-ng --msa /data/jeremias/eucs/roadies/output/genes/gene_15_filtered.fa.aln --model GTR+G+F --redo --threads auto{4} --blopt nr_safe

Analysis options:
  run mode: ML tree search
  start tree(s): random (10) + parsimony (10)
  random seed: 1719999395
  tip-inner: OFF
  pattern compression: ON
  per-rate scalers: OFF
  site repeats: ON
  logLH epsilon: general: 10.000000, brlen-triplet: 1000.000000
  fast spr radius: AUTO
  spr subtree cutoff: 1.000000
  fast CLV updates: ON
  branch lengths: proportional (ML estimate, algorithm: NR-SAFE)
  SIMD kernels: AVX2
  parallelization: coarse-grained (auto), PTHREADS (auto)

WARNING: Running in REDO mode: existing checkpoints are ignored, and all result files will be overwritten!

[00:00:00] Reading alignment from file: /data/jeremias/eucs/roadies/output/genes/gene_15_filtered.fa.aln
[00:00:00] Loaded alignment with 39 taxa and 508 sites

Alignment comprises 1 partitions and 132 patterns

Partition 0: noname
Model: GTR+FC+G4m
Alignment sites / patterns: 508 / 132
Gaps: 1.43 %
Invariant sites: 77.56 %


NOTE: Binary MSA file created: /data/jeremias/eucs/roadies/output/genes/gene_15_filtered.fa.aln.raxml.rba

Parallelization scheme autoconfig: 4 worker(s) x 1 thread(s)

[00:00:00] Generating 10 random starting tree(s) with 39 taxa
[00:00:00] Generating 10 parsimony starting tree(s) with 39 taxa
Parallel parsimony with 4 threads
Parallel reduction/worker buffer size: 1 KB  / 0 KB

[00:00:00] Data distribution: max. partitions/sites/weight per thread: 1 / 132 / 2112
[00:00:00] Data distribution: max. searches per worker: 5

Starting ML tree search with 20 distinct starting trees

[00:00:00 -3380.652355] Initial branch length optimization
[00:00:00 -2539.429625] Model parameter optimization (eps = 10.000000)
[00:00:00 -2311.231379] AUTODETECT spr round 1 (radius: 5)
[00:00:00 -2006.146807] AUTODETECT spr round 2 (radius: 10)
[00:00:00 -1775.939393] AUTODETECT spr round 3 (radius: 15)
[00:00:00 -1775.704483] AUTODETECT spr round 4 (radius: 20)
[00:00:00 -1775.693017] SPR radius for FAST iterations: 15 (autodetect)
[00:00:00 -1775.693017] Model parameter optimization (eps = 3.000000)
[00:00:00 -1771.569612] FAST spr round 1 (radius: 15)
[00:00:00 -1751.655857] FAST spr round 2 (radius: 15)
[00:00:00 -1745.341942] Model parameter optimization (eps = 1.000000)
[00:00:00 -1745.008677] SLOW spr round 1 (radius: 5)
[00:00:00 -1745.008153] SLOW spr round 2 (radius: 10)
[00:00:00 -1745.008152] SLOW spr round 3 (radius: 15)
[00:00:00 -1745.008152] SLOW spr round 4 (radius: 20)
[00:00:00 -1745.008152] SLOW spr round 5 (radius: 25)
[00:00:00 -1745.008152] Model parameter optimization (eps = 0.100000)

[00:00:00] [worker #0] ML tree search #1, logLikelihood: -1745.007090

[00:00:01 -3429.986111] Initial branch length optimization
[00:00:01 -2638.016871] Model parameter optimization (eps = 10.000000)
[00:00:01] [worker #2] ML tree search #3, logLikelihood: -1744.369807
[00:00:01 -2387.441031] AUTODETECT spr round 1 (radius: 5)
[00:00:01 -1996.816296] AUTODETECT spr round 2 (radius: 10)
[00:00:01] [worker #3] ML tree search #4, logLikelihood: -1744.216525
[00:00:01 -1789.842171] AUTODETECT spr round 3 (radius: 15)
[00:00:01 -1789.733032] AUTODETECT spr round 4 (radius: 20)
[00:00:01] [worker #1] ML tree search #2, logLikelihood: -1744.216543
[00:00:01 -1789.727276] SPR radius for FAST iterations: 15 (autodetect)
[00:00:01 -1789.727276] Model parameter optimization (eps = 3.000000)
[00:00:01 -1786.217440] FAST spr round 1 (radius: 15)
[00:00:01 -1748.682935] FAST spr round 2 (radius: 15)
[00:00:01 -1746.226161] Model parameter optimization (eps = 1.000000)
[00:00:01 -1745.910240] SLOW spr round 1 (radius: 5)
[00:00:01 -1744.473466] SLOW spr round 2 (radius: 10)
[00:00:01 -1744.473438] SLOW spr round 3 (radius: 15)
[00:00:01 -1744.473438] SLOW spr round 4 (radius: 20)
[00:00:01] [worker #2] ML tree search #7, logLikelihood: -1744.216525
[00:00:01 -1744.473438] SLOW spr round 5 (radius: 25)
[00:00:01 -1744.473438] Model parameter optimization (eps = 0.100000)

[00:00:01] [worker #0] ML tree search #5, logLikelihood: -1744.369761

[00:00:01 -3421.792358] Initial branch length optimization
[00:00:01 -2599.517503] Model parameter optimization (eps = 10.000000)
[00:00:01 -2359.384437] AUTODETECT spr round 1 (radius: 5)
[00:00:01] [worker #3] ML tree search #8, logLikelihood: -1744.216519
[00:00:02 -1871.357932] AUTODETECT spr round 2 (radius: 10)
[00:00:02 -1782.711788] AUTODETECT spr round 3 (radius: 15)
[00:00:02 -1782.656283] SPR radius for FAST iterations: 10 (autodetect)
[00:00:02 -1782.656283] Model parameter optimization (eps = 3.000000)
[00:00:02] [worker #1] ML tree search #6, logLikelihood: -1745.007101
[00:00:02 -1779.185637] FAST spr round 1 (radius: 10)
[00:00:02 -1750.838625] FAST spr round 2 (radius: 10)
[00:00:02 -1745.324647] Model parameter optimization (eps = 1.000000)
[00:00:02 -1745.010026] SLOW spr round 1 (radius: 5)
[00:00:02] [worker #2] ML tree search #11, logLikelihood: -1744.853612
[00:00:02 -1745.009208] SLOW spr round 2 (radius: 10)
[00:00:02 -1745.009208] SLOW spr round 3 (radius: 15)
[00:00:02] [worker #3] ML tree search #12, logLikelihood: -1744.853619
[00:00:02 -1745.009208] SLOW spr round 4 (radius: 20)
[00:00:02 -1745.009208] SLOW spr round 5 (radius: 25)
[00:00:02 -1745.009208] Model parameter optimization (eps = 0.100000)

[00:00:02] [worker #0] ML tree search #9, logLikelihood: -1745.007096

[00:00:02 -2716.479835] Initial branch length optimization
[00:00:02 -1814.280309] Model parameter optimization (eps = 10.000000)
[00:00:02 -1752.652468] AUTODETECT spr round 1 (radius: 5)
[00:00:02 -1749.254302] AUTODETECT spr round 2 (radius: 10)
[00:00:02 -1749.251417] SPR radius for FAST iterations: 5 (autodetect)
[00:00:02 -1749.251417] Model parameter optimization (eps = 3.000000)
[00:00:02 -1749.226402] FAST spr round 1 (radius: 5)
[00:00:02] [worker #1] ML tree search #10, logLikelihood: -1744.853798
[00:00:02 -1749.226311] Model parameter optimization (eps = 1.000000)
[00:00:02 -1749.226249] SLOW spr round 1 (radius: 5)
[00:00:02] [worker #2] ML tree search #15, logLikelihood: -1744.369753
[00:00:02 -1746.693911] SLOW spr round 2 (radius: 10)
[00:00:02] [worker #3] ML tree search #16, logLikelihood: -1744.216505
[00:00:03 -1746.076562] SLOW spr round 3 (radius: 15)
[00:00:03 -1746.076175] SLOW spr round 4 (radius: 20)
[00:00:03 -1746.076174] SLOW spr round 5 (radius: 25)
[00:00:03 -1746.076174] Model parameter optimization (eps = 0.100000)

[00:00:03] [worker #0] ML tree search #13, logLikelihood: -1745.908246

[00:00:03 -2716.844405] Initial branch length optimization
[00:00:03 -1816.069560] Model parameter optimization (eps = 10.000000)
[00:00:03 -1754.021258] AUTODETECT spr round 1 (radius: 5)
[00:00:03 -1746.710171] AUTODETECT spr round 2 (radius: 10)
[00:00:03 -1746.169115] AUTODETECT spr round 3 (radius: 15)
[00:00:03] [worker #1] ML tree search #14, logLikelihood: -1744.853616
[00:00:03 -1746.163735] SPR radius for FAST iterations: 10 (autodetect)
[00:00:03 -1746.163735] Model parameter optimization (eps = 3.000000)
[00:00:03 -1745.908303] FAST spr round 1 (radius: 10)
[00:00:03] [worker #2] ML tree search #19, logLikelihood: -1744.369753
[00:00:03 -1744.469360] Model parameter optimization (eps = 1.000000)
[00:00:03 -1744.369797] SLOW spr round 1 (radius: 5)
[00:00:03 -1744.369756] SLOW spr round 2 (radius: 10)
[00:00:03] [worker #3] ML tree search #20, logLikelihood: -1744.216507
[00:00:03 -1744.369756] SLOW spr round 3 (radius: 15)
[00:00:03 -1744.369756] SLOW spr round 4 (radius: 20)
[00:00:03 -1744.369756] SLOW spr round 5 (radius: 25)
[00:00:03 -1744.369756] Model parameter optimization (eps = 0.100000)

[00:00:03] [worker #0] ML tree search #17, logLikelihood: -1744.369752

[00:00:03] [worker #1] ML tree search #18, logLikelihood: -1745.755564

Optimized model parameters:

   Partition 0: noname
   Rate heterogeneity: GAMMA (4 cats, mean),  alpha: 0.322773 (ML),  weights&rates: (0.250000,0.007323) (0.250000,0.122287) (0.250000,0.632138) (0.250000,3.238251) 
   Base frequencies (empirical): 0.335911 0.220851 0.189103 0.254135 
   Substitution rates (ML): 1.073729 4.754020 0.629990 0.970220 4.333401 1.000000 


Final LogLikelihood: -1744.216505

AIC score: 3656.433010 / AICc score: 3690.191875 / BIC score: 4011.793452
Free parameters (model + branch lengths): 84

WARNING: Best ML tree contains 12 near-zero branches!

Best ML tree with collapsed near-zero branches saved to: /data/jeremias/eucs/roadies/output/genes/gene_15_filtered.fa.aln.raxml.bestTreeCollapsed
Best ML tree saved to: /data/jeremias/eucs/roadies/output/genes/gene_15_filtered.fa.aln.raxml.bestTree
All ML trees saved to: /data/jeremias/eucs/roadies/output/genes/gene_15_filtered.fa.aln.raxml.mlTrees
Optimized model saved to: /data/jeremias/eucs/roadies/output/genes/gene_15_filtered.fa.aln.raxml.bestModel

Execution log saved to: /data/jeremias/eucs/roadies/output/genes/gene_15_filtered.fa.aln.raxml.log

Analysis started: 03-Jul-2024 19:36:35 / finished: 03-Jul-2024 19:36:39

Elapsed time: 3.884 seconds

