
RAxML-NG v. 1.2.2 released on 11.04.2024 by The Exelixis Lab.
Developed by: Alexey M. Kozlov and Alexandros Stamatakis.
Contributors: Diego Darriba, Tomas Flouri, Benoit Morel, Sarah Lutteropp, Ben Bettisworth, Julia Haag, Anastasis Togkousidis.
Latest version: https://github.com/amkozlov/raxml-ng
Questions/problems/suggestions? Please visit: https://groups.google.com/forum/#!forum/raxml

System: AMD EPYC 7742 64-Core Processor, 128 cores, 1007 GB RAM

RAxML-NG was called at 29-Jul-2024 14:08:42 as follows:

raxml-ng --msa /data/jeremias/eucs/roadies/output/genes/gene_97_filtered.fa.aln --model GTR+G+F --redo --threads auto{4} --blopt nr_safe

Analysis options:
  run mode: ML tree search
  start tree(s): random (10) + parsimony (10)
  random seed: 1722226122
  tip-inner: OFF
  pattern compression: ON
  per-rate scalers: OFF
  site repeats: ON
  logLH epsilon: general: 10.000000, brlen-triplet: 1000.000000
  fast spr radius: AUTO
  spr subtree cutoff: 1.000000
  fast CLV updates: ON
  branch lengths: proportional (ML estimate, algorithm: NR-SAFE)
  SIMD kernels: AVX2
  parallelization: coarse-grained (auto), PTHREADS (auto)

WARNING: Running in REDO mode: existing checkpoints are ignored, and all result files will be overwritten!

[00:00:00] Reading alignment from file: /data/jeremias/eucs/roadies/output/genes/gene_97_filtered.fa.aln
[00:00:00] Loaded alignment with 38 taxa and 535 sites

WARNING: Sequences E_polyanthemos_0 and E_dawsonii_0 are exactly identical!
WARNING: Duplicate sequences found: 1

NOTE: Reduced alignment (with duplicates and gap-only sites/taxa removed) 
NOTE: was saved to: /data/jeremias/eucs/roadies/output/genes/gene_97_filtered.fa.aln.raxml.reduced.phy

Alignment comprises 1 partitions and 171 patterns

Partition 0: noname
Model: GTR+FC+G4m
Alignment sites / patterns: 535 / 171
Gaps: 4.25 %
Invariant sites: 70.84 %


NOTE: Binary MSA file created: /data/jeremias/eucs/roadies/output/genes/gene_97_filtered.fa.aln.raxml.rba

Parallelization scheme autoconfig: 4 worker(s) x 1 thread(s)

[00:00:00] Generating 10 random starting tree(s) with 38 taxa
[00:00:00] Generating 10 parsimony starting tree(s) with 38 taxa
Parallel parsimony with 4 threads
Parallel reduction/worker buffer size: 1 KB  / 0 KB

[00:00:00] Data distribution: max. partitions/sites/weight per thread: 1 / 171 / 2736
[00:00:00] Data distribution: max. searches per worker: 5

Starting ML tree search with 20 distinct starting trees

[00:00:00 -4071.813198] Initial branch length optimization
[00:00:00 -3253.926636] Model parameter optimization (eps = 10.000000)
[00:00:00 -3029.294513] AUTODETECT spr round 1 (radius: 5)
[00:00:00 -2371.769154] AUTODETECT spr round 2 (radius: 10)
[00:00:00 -2220.069260] AUTODETECT spr round 3 (radius: 15)
[00:00:00 -2219.997943] SPR radius for FAST iterations: 10 (autodetect)
[00:00:00 -2219.997943] Model parameter optimization (eps = 3.000000)
[00:00:00 -2204.952334] FAST spr round 1 (radius: 10)
[00:00:00 -2157.396672] FAST spr round 2 (radius: 10)
[00:00:00 -2157.396611] Model parameter optimization (eps = 1.000000)
[00:00:00 -2156.905896] SLOW spr round 1 (radius: 5)
[00:00:00 -2156.905711] SLOW spr round 2 (radius: 10)
[00:00:00 -2156.905711] SLOW spr round 3 (radius: 15)
[00:00:00 -2156.905711] SLOW spr round 4 (radius: 20)
[00:00:00 -2156.905711] SLOW spr round 5 (radius: 25)
[00:00:00 -2156.905711] Model parameter optimization (eps = 0.100000)

[00:00:00] [worker #0] ML tree search #1, logLikelihood: -2156.904497

[00:00:00 -4068.487509] Initial branch length optimization
[00:00:00] [worker #2] ML tree search #3, logLikelihood: -2154.256980
[00:00:00 -3246.442252] Model parameter optimization (eps = 10.000000)
[00:00:01 -3027.528961] AUTODETECT spr round 1 (radius: 5)
[00:00:01] [worker #3] ML tree search #4, logLikelihood: -2154.479226
[00:00:01] [worker #1] ML tree search #2, logLikelihood: -2154.479225
[00:00:01 -2462.251946] AUTODETECT spr round 2 (radius: 10)
[00:00:01 -2259.440196] AUTODETECT spr round 3 (radius: 15)
[00:00:01 -2259.361312] SPR radius for FAST iterations: 10 (autodetect)
[00:00:01 -2259.361312] Model parameter optimization (eps = 3.000000)
[00:00:01 -2244.446984] FAST spr round 1 (radius: 10)
[00:00:01 -2162.632695] FAST spr round 2 (radius: 10)
[00:00:01 -2155.253731] Model parameter optimization (eps = 1.000000)
[00:00:01 -2154.260423] SLOW spr round 1 (radius: 5)
[00:00:01 -2154.259035] SLOW spr round 2 (radius: 10)
[00:00:01] [worker #3] ML tree search #8, logLikelihood: -2154.479226
[00:00:02] [worker #1] ML tree search #6, logLikelihood: -2154.712169
[00:00:02 -2154.259035] SLOW spr round 3 (radius: 15)
[00:00:02] [worker #2] ML tree search #7, logLikelihood: -2154.479226
[00:00:02 -2154.259035] SLOW spr round 4 (radius: 20)
[00:00:02 -2154.259035] SLOW spr round 5 (radius: 25)
[00:00:02 -2154.259035] Model parameter optimization (eps = 0.100000)

[00:00:02] [worker #0] ML tree search #5, logLikelihood: -2154.256983

[00:00:02 -4043.286525] Initial branch length optimization
[00:00:02 -3207.915584] Model parameter optimization (eps = 10.000000)
[00:00:02 -2991.537528] AUTODETECT spr round 1 (radius: 5)
[00:00:02 -2337.088516] AUTODETECT spr round 2 (radius: 10)
[00:00:02] [worker #3] ML tree search #12, logLikelihood: -2156.904489
[00:00:02 -2259.710057] AUTODETECT spr round 3 (radius: 15)
[00:00:02 -2259.683987] SPR radius for FAST iterations: 10 (autodetect)
[00:00:02 -2259.683987] Model parameter optimization (eps = 3.000000)
[00:00:02 -2247.846028] FAST spr round 1 (radius: 10)
[00:00:02 -2163.741602] FAST spr round 2 (radius: 10)
[00:00:03 -2156.738302] Model parameter optimization (eps = 1.000000)
[00:00:03 -2155.115685] SLOW spr round 1 (radius: 5)
[00:00:03] [worker #2] ML tree search #11, logLikelihood: -2154.712177
[00:00:03 -2154.531426] SLOW spr round 2 (radius: 10)
[00:00:03 -2154.530018] SLOW spr round 3 (radius: 15)
[00:00:03 -2154.530018] SLOW spr round 4 (radius: 20)
[00:00:03] [worker #3] ML tree search #16, logLikelihood: -2154.256970
[00:00:03 -2154.530018] SLOW spr round 5 (radius: 25)
[00:00:03] [worker #1] ML tree search #10, logLikelihood: -2154.711984
[00:00:03 -2154.530018] Model parameter optimization (eps = 0.100000)

[00:00:03] [worker #0] ML tree search #9, logLikelihood: -2154.479232

[00:00:03 -3069.474333] Initial branch length optimization
[00:00:03 -2231.175564] Model parameter optimization (eps = 10.000000)
[00:00:03 -2168.328012] AUTODETECT spr round 1 (radius: 5)
[00:00:03 -2154.306520] AUTODETECT spr round 2 (radius: 10)
[00:00:03 -2154.295871] SPR radius for FAST iterations: 5 (autodetect)
[00:00:03 -2154.295871] Model parameter optimization (eps = 3.000000)
[00:00:03] [worker #2] ML tree search #15, logLikelihood: -2154.256981
[00:00:03 -2154.257030] FAST spr round 1 (radius: 5)
[00:00:03 -2154.257017] Model parameter optimization (eps = 1.000000)
[00:00:03 -2154.256994] SLOW spr round 1 (radius: 5)
[00:00:04 -2154.256994] SLOW spr round 2 (radius: 10)
[00:00:04 -2154.256994] SLOW spr round 3 (radius: 15)
[00:00:04] [worker #1] ML tree search #14, logLikelihood: -2154.256973
[00:00:04 -2154.256994] SLOW spr round 4 (radius: 20)
[00:00:04 -2154.256994] SLOW spr round 5 (radius: 25)
[00:00:04 -2154.256994] Model parameter optimization (eps = 0.100000)

[00:00:04] [worker #0] ML tree search #13, logLikelihood: -2154.256986

[00:00:04 -3069.812970] Initial branch length optimization
[00:00:04 -2225.904754] Model parameter optimization (eps = 10.000000)
[00:00:04] [worker #3] ML tree search #20, logLikelihood: -2154.712172
[00:00:04 -2161.280999] AUTODETECT spr round 1 (radius: 5)
[00:00:04 -2154.277816] AUTODETECT spr round 2 (radius: 10)
[00:00:04] [worker #2] ML tree search #19, logLikelihood: -2154.256993
[00:00:04 -2154.275438] SPR radius for FAST iterations: 5 (autodetect)
[00:00:04 -2154.275438] Model parameter optimization (eps = 3.000000)
[00:00:04 -2154.257270] FAST spr round 1 (radius: 5)
[00:00:05 -2154.257269] Model parameter optimization (eps = 1.000000)
[00:00:05 -2154.257252] SLOW spr round 1 (radius: 5)
[00:00:05 -2154.256968] SLOW spr round 2 (radius: 10)
[00:00:05 -2154.256968] SLOW spr round 3 (radius: 15)
[00:00:05 -2154.256968] SLOW spr round 4 (radius: 20)
[00:00:05 -2154.256968] SLOW spr round 5 (radius: 25)
[00:00:05 -2154.256968] Model parameter optimization (eps = 0.100000)

[00:00:05] [worker #0] ML tree search #17, logLikelihood: -2154.256967

[00:00:05] [worker #1] ML tree search #18, logLikelihood: -2154.256969

Optimized model parameters:

   Partition 0: noname
   Rate heterogeneity: GAMMA (4 cats, mean),  alpha: 0.565946 (ML),  weights&rates: (0.250000,0.046169) (0.250000,0.292805) (0.250000,0.862899) (0.250000,2.798127) 
   Base frequencies (empirical): 0.246185 0.192499 0.202774 0.358541 
   Substitution rates (ML): 1.193902 3.406801 0.599457 1.508267 4.624326 1.000000 


Final LogLikelihood: -2154.256967

AIC score: 4472.513934 / AICc score: 4502.628979 / BIC score: 4823.659808
Free parameters (model + branch lengths): 82

WARNING: Best ML tree contains 7 near-zero branches!

Best ML tree with collapsed near-zero branches saved to: /data/jeremias/eucs/roadies/output/genes/gene_97_filtered.fa.aln.raxml.bestTreeCollapsed
Best ML tree saved to: /data/jeremias/eucs/roadies/output/genes/gene_97_filtered.fa.aln.raxml.bestTree
All ML trees saved to: /data/jeremias/eucs/roadies/output/genes/gene_97_filtered.fa.aln.raxml.mlTrees
Optimized model saved to: /data/jeremias/eucs/roadies/output/genes/gene_97_filtered.fa.aln.raxml.bestModel

Execution log saved to: /data/jeremias/eucs/roadies/output/genes/gene_97_filtered.fa.aln.raxml.log

Analysis started: 29-Jul-2024 14:08:42 / finished: 29-Jul-2024 14:08:48

Elapsed time: 5.547 seconds

