
RAxML-NG v. 1.2.2 released on 11.04.2024 by The Exelixis Lab.
Developed by: Alexey M. Kozlov and Alexandros Stamatakis.
Contributors: Diego Darriba, Tomas Flouri, Benoit Morel, Sarah Lutteropp, Ben Bettisworth, Julia Haag, Anastasis Togkousidis.
Latest version: https://github.com/amkozlov/raxml-ng
Questions/problems/suggestions? Please visit: https://groups.google.com/forum/#!forum/raxml

System: AMD EPYC 7742 64-Core Processor, 128 cores, 1007 GB RAM

RAxML-NG was called at 29-Jul-2024 17:33:55 as follows:

raxml-ng --msa /data/jeremias/eucs/roadies/output/genes/gene_56_filtered.fa.aln --model GTR+G+F --redo --threads auto{4} --blopt nr_safe

Analysis options:
  run mode: ML tree search
  start tree(s): random (10) + parsimony (10)
  random seed: 1722238435
  tip-inner: OFF
  pattern compression: ON
  per-rate scalers: OFF
  site repeats: ON
  logLH epsilon: general: 10.000000, brlen-triplet: 1000.000000
  fast spr radius: AUTO
  spr subtree cutoff: 1.000000
  fast CLV updates: ON
  branch lengths: proportional (ML estimate, algorithm: NR-SAFE)
  SIMD kernels: AVX2
  parallelization: coarse-grained (auto), PTHREADS (auto)

WARNING: Running in REDO mode: existing checkpoints are ignored, and all result files will be overwritten!

[00:00:00] Reading alignment from file: /data/jeremias/eucs/roadies/output/genes/gene_56_filtered.fa.aln
[00:00:00] Loaded alignment with 197 taxa and 586 sites

WARNING: Sequences E_sid_E_mel_4 and E_polyanthemos_3 are exactly identical!
WARNING: Sequences E_fibrosa_4 and E_albens_3 are exactly identical!
WARNING: Sequences E_fibrosa_4 and E_caleyi_3 are exactly identical!
WARNING: Sequences E_coolabah_1 and E_coolabah_2 are exactly identical!
WARNING: Sequences E_caleyi_4 and E_albens_4 are exactly identical!
WARNING: Sequences E_caleyi_4 and E_dawsonii_6 are exactly identical!
WARNING: Duplicate sequences found: 6

NOTE: Reduced alignment (with duplicates and gap-only sites/taxa removed) 
NOTE: was saved to: /data/jeremias/eucs/roadies/output/genes/gene_56_filtered.fa.aln.raxml.reduced.phy

Alignment comprises 1 partitions and 519 patterns

Partition 0: noname
Model: GTR+FC+G4m
Alignment sites / patterns: 586 / 519
Gaps: 19.53 %
Invariant sites: 19.97 %


NOTE: Binary MSA file created: /data/jeremias/eucs/roadies/output/genes/gene_56_filtered.fa.aln.raxml.rba

Parallelization scheme autoconfig: 4 worker(s) x 1 thread(s)

[00:00:00] Generating 10 random starting tree(s) with 197 taxa
[00:00:00] Generating 10 parsimony starting tree(s) with 197 taxa
Parallel parsimony with 4 threads
Parallel reduction/worker buffer size: 1 KB  / 0 KB

[00:00:00] Data distribution: max. partitions/sites/weight per thread: 1 / 519 / 8304
[00:00:00] Data distribution: max. searches per worker: 5

Starting ML tree search with 20 distinct starting trees

[00:00:00 -45601.867583] Initial branch length optimization
[00:00:00 -36605.723128] Model parameter optimization (eps = 10.000000)
[00:00:01 -34519.040245] AUTODETECT spr round 1 (radius: 5)
[00:00:02 -19113.221694] AUTODETECT spr round 2 (radius: 10)
[00:00:04 -12075.814029] AUTODETECT spr round 3 (radius: 15)
[00:00:07 -10492.837247] AUTODETECT spr round 4 (radius: 20)
[00:00:09 -10484.391920] AUTODETECT spr round 5 (radius: 25)
[00:00:12 -10479.925384] SPR radius for FAST iterations: 25 (autodetect)
[00:00:12 -10479.925384] Model parameter optimization (eps = 3.000000)
[00:00:12 -10264.621893] FAST spr round 1 (radius: 25)
[00:00:13 -9437.179868] FAST spr round 2 (radius: 25)
[00:00:14 -9411.807590] FAST spr round 3 (radius: 25)
[00:00:15 -9403.432426] Model parameter optimization (eps = 1.000000)
[00:00:16 -9399.835266] SLOW spr round 1 (radius: 5)
[00:00:19 -9399.515019] SLOW spr round 2 (radius: 10)
[00:00:21 -9399.515009] SLOW spr round 3 (radius: 15)
[00:00:29 -9399.515009] SLOW spr round 4 (radius: 20)
[00:00:38 -9399.515009] SLOW spr round 5 (radius: 25)
[00:00:39] [worker #1] ML tree search #2, logLikelihood: -9401.241399
[00:00:40] [worker #2] ML tree search #3, logLikelihood: -9399.144390
[00:00:41 -9399.515009] Model parameter optimization (eps = 0.100000)

[00:00:41] [worker #0] ML tree search #1, logLikelihood: -9399.514922

[00:00:41 -45249.775331] Initial branch length optimization
[00:00:41 -35619.458084] Model parameter optimization (eps = 10.000000)
[00:00:42 -33645.539811] AUTODETECT spr round 1 (radius: 5)
[00:00:43] [worker #3] ML tree search #4, logLikelihood: -9399.143946
[00:00:43 -17861.846104] AUTODETECT spr round 2 (radius: 10)
[00:00:46 -11298.983943] AUTODETECT spr round 3 (radius: 15)
[00:00:50 -10382.406801] AUTODETECT spr round 4 (radius: 20)
[00:00:53 -10375.788749] AUTODETECT spr round 5 (radius: 25)
[00:00:55 -10370.881239] SPR radius for FAST iterations: 25 (autodetect)
[00:00:55 -10370.881239] Model parameter optimization (eps = 3.000000)
[00:00:56 -10195.100547] FAST spr round 1 (radius: 25)
[00:00:57 -9429.862629] FAST spr round 2 (radius: 25)
[00:00:59 -9405.219001] FAST spr round 3 (radius: 25)
[00:01:00 -9405.107898] Model parameter optimization (eps = 1.000000)
[00:01:00 -9400.867071] SLOW spr round 1 (radius: 5)
[00:01:03 -9399.147561] SLOW spr round 2 (radius: 10)
[00:01:06 -9399.147557] SLOW spr round 3 (radius: 15)
[00:01:11 -9399.147557] SLOW spr round 4 (radius: 20)
[00:01:20] [worker #1] ML tree search #6, logLikelihood: -9399.514987
[00:01:20] [worker #3] ML tree search #8, logLikelihood: -9407.656765
[00:01:20 -9399.147557] SLOW spr round 5 (radius: 25)
[00:01:24 -9399.147557] Model parameter optimization (eps = 0.100000)

[00:01:24] [worker #0] ML tree search #5, logLikelihood: -9399.143982

[00:01:24 -45544.340428] Initial branch length optimization
[00:01:24 -36855.026822] Model parameter optimization (eps = 10.000000)
[00:01:25] [worker #2] ML tree search #7, logLikelihood: -9399.144293
[00:01:25 -34876.501866] AUTODETECT spr round 1 (radius: 5)
[00:01:26 -18771.613353] AUTODETECT spr round 2 (radius: 10)
[00:01:27 -11828.969503] AUTODETECT spr round 3 (radius: 15)
[00:01:30 -10490.954220] AUTODETECT spr round 4 (radius: 20)
[00:01:33 -10485.067569] AUTODETECT spr round 5 (radius: 25)
[00:01:35 -10479.755451] SPR radius for FAST iterations: 25 (autodetect)
[00:01:35 -10479.755451] Model parameter optimization (eps = 3.000000)
[00:01:35 -10285.852791] FAST spr round 1 (radius: 25)
[00:01:37 -9441.819754] FAST spr round 2 (radius: 25)
[00:01:38 -9405.398204] FAST spr round 3 (radius: 25)
[00:01:39 -9404.536599] Model parameter optimization (eps = 1.000000)
[00:01:39 -9400.868009] SLOW spr round 1 (radius: 5)
[00:01:42 -9399.147639] SLOW spr round 2 (radius: 10)
[00:01:45 -9399.147614] SLOW spr round 3 (radius: 15)
[00:01:53] [worker #3] ML tree search #12, logLikelihood: -9407.105283
[00:01:53 -9399.147612] SLOW spr round 4 (radius: 20)
[00:01:56] [worker #2] ML tree search #11, logLikelihood: -9399.144130
[00:02:02] [worker #1] ML tree search #10, logLikelihood: -9399.241669
[00:02:03 -9399.147612] SLOW spr round 5 (radius: 25)
[00:02:07 -9399.147612] Model parameter optimization (eps = 0.100000)

[00:02:08] [worker #0] ML tree search #9, logLikelihood: -9399.144122

[00:02:08 -12034.315978] Initial branch length optimization
[00:02:08 -9806.378051] Model parameter optimization (eps = 10.000000)
[00:02:08 -9524.576581] AUTODETECT spr round 1 (radius: 5)
[00:02:09 -9420.430119] AUTODETECT spr round 2 (radius: 10)
[00:02:12 -9404.665484] AUTODETECT spr round 3 (radius: 15)
[00:02:16 -9404.591114] SPR radius for FAST iterations: 10 (autodetect)
[00:02:16 -9404.591114] Model parameter optimization (eps = 3.000000)
[00:02:16 -9404.398921] FAST spr round 1 (radius: 10)
[00:02:17 -9400.119291] Model parameter optimization (eps = 1.000000)
[00:02:17 -9400.101242] SLOW spr round 1 (radius: 5)
[00:02:21 -9399.542521] SLOW spr round 2 (radius: 10)
[00:02:24 -9399.542518] SLOW spr round 3 (radius: 15)
[00:02:26] [worker #2] ML tree search #15, logLikelihood: -9399.443273
[00:02:31 -9399.542518] SLOW spr round 4 (radius: 20)
[00:02:32] [worker #1] ML tree search #14, logLikelihood: -9401.075161
[00:02:35] [worker #3] ML tree search #16, logLikelihood: -9400.308000
[00:02:40 -9399.542518] SLOW spr round 5 (radius: 25)
[00:02:44 -9399.542518] Model parameter optimization (eps = 0.100000)

[00:02:44] [worker #0] ML tree search #13, logLikelihood: -9399.541048

[00:02:44 -11987.213636] Initial branch length optimization
[00:02:44 -9763.942531] Model parameter optimization (eps = 10.000000)
[00:02:45 -9473.462834] AUTODETECT spr round 1 (radius: 5)
[00:02:46 -9420.081175] AUTODETECT spr round 2 (radius: 10)
[00:02:48 -9406.433486] AUTODETECT spr round 3 (radius: 15)
[00:02:51 -9406.382555] SPR radius for FAST iterations: 10 (autodetect)
[00:02:51 -9406.382555] Model parameter optimization (eps = 3.000000)
[00:02:52 -9406.316254] FAST spr round 1 (radius: 10)
[00:02:52 -9403.316437] Model parameter optimization (eps = 1.000000)
[00:02:52 -9403.309275] SLOW spr round 1 (radius: 5)
[00:02:55] [worker #2] ML tree search #19, logLikelihood: -9410.194214
[00:02:55 -9400.216192] SLOW spr round 2 (radius: 10)
[00:02:59 -9400.216151] SLOW spr round 3 (radius: 15)
[00:03:06] [worker #1] ML tree search #18, logLikelihood: -9399.533413
[00:03:07 -9400.216150] SLOW spr round 4 (radius: 20)
[00:03:10] [worker #3] ML tree search #20, logLikelihood: -9399.514581
[00:03:15 -9400.216150] SLOW spr round 5 (radius: 25)
[00:03:17 -9400.216150] Model parameter optimization (eps = 0.100000)

[00:03:17] [worker #0] ML tree search #17, logLikelihood: -9400.207835


Optimized model parameters:

   Partition 0: noname
   Rate heterogeneity: GAMMA (4 cats, mean),  alpha: 2.766845 (ML),  weights&rates: (0.250000,0.370380) (0.250000,0.717743) (0.250000,1.081094) (0.250000,1.830783) 
   Base frequencies (empirical): 0.299869 0.198452 0.234568 0.267111 
   Substitution rates (ML): 0.879655 2.510075 0.712287 1.085466 3.380998 1.000000 


Final LogLikelihood: -9399.143946

AIC score: 19598.287891 / AICc score: 21332.341945 / BIC score: 21347.615807
Free parameters (model + branch lengths): 400

WARNING: Best ML tree contains 63 near-zero branches!

Best ML tree with collapsed near-zero branches saved to: /data/jeremias/eucs/roadies/output/genes/gene_56_filtered.fa.aln.raxml.bestTreeCollapsed
Best ML tree saved to: /data/jeremias/eucs/roadies/output/genes/gene_56_filtered.fa.aln.raxml.bestTree
All ML trees saved to: /data/jeremias/eucs/roadies/output/genes/gene_56_filtered.fa.aln.raxml.mlTrees
Optimized model saved to: /data/jeremias/eucs/roadies/output/genes/gene_56_filtered.fa.aln.raxml.bestModel

Execution log saved to: /data/jeremias/eucs/roadies/output/genes/gene_56_filtered.fa.aln.raxml.log

Analysis started: 29-Jul-2024 17:33:55 / finished: 29-Jul-2024 17:37:13

Elapsed time: 198.003 seconds

