
RAxML-NG v. 1.2.2 released on 11.04.2024 by The Exelixis Lab.
Developed by: Alexey M. Kozlov and Alexandros Stamatakis.
Contributors: Diego Darriba, Tomas Flouri, Benoit Morel, Sarah Lutteropp, Ben Bettisworth, Julia Haag, Anastasis Togkousidis.
Latest version: https://github.com/amkozlov/raxml-ng
Questions/problems/suggestions? Please visit: https://groups.google.com/forum/#!forum/raxml

System: AMD EPYC 7742 64-Core Processor, 128 cores, 1007 GB RAM

RAxML-NG was called at 29-Jul-2024 16:43:00 as follows:

raxml-ng --msa /data/jeremias/eucs/roadies/output/genes/gene_92_filtered.fa.aln --model GTR+G+F --redo --threads auto{4} --blopt nr_safe

Analysis options:
  run mode: ML tree search
  start tree(s): random (10) + parsimony (10)
  random seed: 1722235380
  tip-inner: OFF
  pattern compression: ON
  per-rate scalers: OFF
  site repeats: ON
  logLH epsilon: general: 10.000000, brlen-triplet: 1000.000000
  fast spr radius: AUTO
  spr subtree cutoff: 1.000000
  fast CLV updates: ON
  branch lengths: proportional (ML estimate, algorithm: NR-SAFE)
  SIMD kernels: AVX2
  parallelization: coarse-grained (auto), PTHREADS (auto)

WARNING: Running in REDO mode: existing checkpoints are ignored, and all result files will be overwritten!

[00:00:00] Reading alignment from file: /data/jeremias/eucs/roadies/output/genes/gene_92_filtered.fa.aln
[00:00:00] Loaded alignment with 37 taxa and 511 sites

WARNING: Sequences E_pauciflora_0 and E_ANBG9806169_0 are exactly identical!
WARNING: Sequences E_pauciflora_0 and E_regnans_0 are exactly identical!
WARNING: Sequences E_sideroxylon_0 and E_sid_E_mel_0 are exactly identical!
WARNING: Sequences E_coolabah_0 and E_leucophloia_0 are exactly identical!
WARNING: Sequences E_coolabah_0 and E_cladocalyx_0 are exactly identical!
WARNING: Duplicate sequences found: 5

NOTE: Reduced alignment (with duplicates and gap-only sites/taxa removed) 
NOTE: was saved to: /data/jeremias/eucs/roadies/output/genes/gene_92_filtered.fa.aln.raxml.reduced.phy

Alignment comprises 1 partitions and 96 patterns

Partition 0: noname
Model: GTR+FC+G4m
Alignment sites / patterns: 511 / 96
Gaps: 0.96 %
Invariant sites: 85.52 %


NOTE: Binary MSA file created: /data/jeremias/eucs/roadies/output/genes/gene_92_filtered.fa.aln.raxml.rba

Parallelization scheme autoconfig: 4 worker(s) x 1 thread(s)

[00:00:00] Generating 10 random starting tree(s) with 37 taxa
[00:00:00] Generating 10 parsimony starting tree(s) with 37 taxa
Parallel parsimony with 4 threads
Parallel reduction/worker buffer size: 1 KB  / 0 KB

[00:00:00] Data distribution: max. partitions/sites/weight per thread: 1 / 96 / 1536
[00:00:00] Data distribution: max. searches per worker: 5

Starting ML tree search with 20 distinct starting trees

[00:00:00 -2834.736408] Initial branch length optimization
[00:00:01 -1945.719215] Model parameter optimization (eps = 10.000000)
[00:00:01 -1773.086588] AUTODETECT spr round 1 (radius: 5)
[00:00:01 -1617.823473] AUTODETECT spr round 2 (radius: 10)
[00:00:01 -1352.237590] AUTODETECT spr round 3 (radius: 15)
[00:00:01 -1352.006251] AUTODETECT spr round 4 (radius: 20)
[00:00:01 -1350.787181] AUTODETECT spr round 5 (radius: 25)
[00:00:01 -1350.771548] SPR radius for FAST iterations: 20 (autodetect)
[00:00:01 -1350.771548] Model parameter optimization (eps = 3.000000)
[00:00:01 -1339.333234] FAST spr round 1 (radius: 20)
[00:00:01 -1286.934309] FAST spr round 2 (radius: 20)
[00:00:01 -1284.710430] Model parameter optimization (eps = 1.000000)
[00:00:01 -1282.831521] SLOW spr round 1 (radius: 5)
[00:00:01 -1280.731179] SLOW spr round 2 (radius: 10)
[00:00:01 -1280.731046] SLOW spr round 3 (radius: 15)
[00:00:01] [worker #3] ML tree search #4, logLikelihood: -1280.366744
[00:00:01 -1280.731046] SLOW spr round 4 (radius: 20)
[00:00:01 -1280.731046] SLOW spr round 5 (radius: 25)
[00:00:01 -1280.731046] Model parameter optimization (eps = 0.100000)

[00:00:01] [worker #0] ML tree search #1, logLikelihood: -1280.366745

[00:00:01 -2828.814350] Initial branch length optimization
[00:00:01 -1928.418923] Model parameter optimization (eps = 10.000000)
[00:00:01] [worker #1] ML tree search #2, logLikelihood: -1280.366747
[00:00:01] [worker #2] ML tree search #3, logLikelihood: -1280.366795
[00:00:01 -1758.714157] AUTODETECT spr round 1 (radius: 5)
[00:00:01 -1472.034573] AUTODETECT spr round 2 (radius: 10)
[00:00:01 -1343.969999] AUTODETECT spr round 3 (radius: 15)
[00:00:01 -1343.895831] SPR radius for FAST iterations: 10 (autodetect)
[00:00:01 -1343.895831] Model parameter optimization (eps = 3.000000)
[00:00:01 -1330.639771] FAST spr round 1 (radius: 10)
[00:00:02 -1283.470472] FAST spr round 2 (radius: 10)
[00:00:02 -1283.198439] Model parameter optimization (eps = 1.000000)
[00:00:02 -1281.827319] SLOW spr round 1 (radius: 5)
[00:00:02 -1280.439803] SLOW spr round 2 (radius: 10)
[00:00:02 -1280.439796] SLOW spr round 3 (radius: 15)
[00:00:02 -1280.439796] SLOW spr round 4 (radius: 20)
[00:00:02 -1280.439796] SLOW spr round 5 (radius: 25)
[00:00:02 -1280.439796] Model parameter optimization (eps = 0.100000)

[00:00:02] [worker #0] ML tree search #5, logLikelihood: -1280.366796

[00:00:02 -2827.456888] Initial branch length optimization
[00:00:02] [worker #3] ML tree search #8, logLikelihood: -1280.366753
[00:00:02 -1897.744429] Model parameter optimization (eps = 10.000000)
[00:00:02] [worker #2] ML tree search #7, logLikelihood: -1280.366795
[00:00:02] [worker #1] ML tree search #6, logLikelihood: -1280.366744
[00:00:02 -1736.477583] AUTODETECT spr round 1 (radius: 5)
[00:00:02 -1486.112893] AUTODETECT spr round 2 (radius: 10)
[00:00:02 -1320.542835] AUTODETECT spr round 3 (radius: 15)
[00:00:02 -1319.273892] AUTODETECT spr round 4 (radius: 20)
[00:00:02 -1319.238083] SPR radius for FAST iterations: 15 (autodetect)
[00:00:02 -1319.238083] Model parameter optimization (eps = 3.000000)
[00:00:02 -1308.907700] FAST spr round 1 (radius: 15)
[00:00:02 -1282.327554] FAST spr round 2 (radius: 15)
[00:00:02 -1282.327448] Model parameter optimization (eps = 1.000000)
[00:00:02 -1281.828738] SLOW spr round 1 (radius: 5)
[00:00:02 -1280.437845] SLOW spr round 2 (radius: 10)
[00:00:02 -1280.437845] SLOW spr round 3 (radius: 15)
[00:00:03 -1280.437845] SLOW spr round 4 (radius: 20)
[00:00:03 -1280.437845] SLOW spr round 5 (radius: 25)
[00:00:03 -1280.437845] Model parameter optimization (eps = 0.100000)
[00:00:03] [worker #3] ML tree search #12, logLikelihood: -1280.366745
[00:00:03] [worker #2] ML tree search #11, logLikelihood: -1280.367144

[00:00:03] [worker #0] ML tree search #9, logLikelihood: -1280.366803

[00:00:03] [worker #1] ML tree search #10, logLikelihood: -1280.366745
[00:00:03 -2286.574578] Initial branch length optimization
[00:00:03 -1299.873713] Model parameter optimization (eps = 10.000000)
[00:00:03 -1286.794301] AUTODETECT spr round 1 (radius: 5)
[00:00:03 -1280.501618] AUTODETECT spr round 2 (radius: 10)
[00:00:03 -1280.501175] SPR radius for FAST iterations: 5 (autodetect)
[00:00:03 -1280.501175] Model parameter optimization (eps = 3.000000)
[00:00:03 -1280.367316] FAST spr round 1 (radius: 5)
[00:00:03 -1280.367314] Model parameter optimization (eps = 1.000000)
[00:00:03 -1280.367278] SLOW spr round 1 (radius: 5)
[00:00:03 -1280.367142] SLOW spr round 2 (radius: 10)
[00:00:03 -1280.367142] SLOW spr round 3 (radius: 15)
[00:00:03 -1280.367142] SLOW spr round 4 (radius: 20)
[00:00:03 -1280.367142] SLOW spr round 5 (radius: 25)
[00:00:03] [worker #2] ML tree search #15, logLikelihood: -1280.366745
[00:00:03 -1280.367142] Model parameter optimization (eps = 0.100000)
[00:00:03] [worker #1] ML tree search #14, logLikelihood: -1280.366745

[00:00:03] [worker #0] ML tree search #13, logLikelihood: -1280.367141

[00:00:03] [worker #3] ML tree search #16, logLikelihood: -1280.366744
[00:00:03 -2289.222899] Initial branch length optimization
[00:00:03 -1304.045109] Model parameter optimization (eps = 10.000000)
[00:00:04 -1291.096678] AUTODETECT spr round 1 (radius: 5)
[00:00:04 -1281.938362] AUTODETECT spr round 2 (radius: 10)
[00:00:04 -1281.938097] SPR radius for FAST iterations: 5 (autodetect)
[00:00:04 -1281.938097] Model parameter optimization (eps = 3.000000)
[00:00:04 -1281.827482] FAST spr round 1 (radius: 5)
[00:00:04 -1280.439381] Model parameter optimization (eps = 1.000000)
[00:00:04 -1280.366931] SLOW spr round 1 (radius: 5)
[00:00:04 -1280.366790] SLOW spr round 2 (radius: 10)
[00:00:04 -1280.366790] SLOW spr round 3 (radius: 15)
[00:00:04 -1280.366790] SLOW spr round 4 (radius: 20)
[00:00:04 -1280.366790] SLOW spr round 5 (radius: 25)
[00:00:04 -1280.366790] Model parameter optimization (eps = 0.100000)

[00:00:04] [worker #0] ML tree search #17, logLikelihood: -1280.366749

[00:00:04] [worker #1] ML tree search #18, logLikelihood: -1280.366745
[00:00:04] [worker #2] ML tree search #19, logLikelihood: -1280.366745
[00:00:04] [worker #3] ML tree search #20, logLikelihood: -1280.366745

Optimized model parameters:

   Partition 0: noname
   Rate heterogeneity: GAMMA (4 cats, mean),  alpha: 0.472514 (ML),  weights&rates: (0.250000,0.028414) (0.250000,0.233594) (0.250000,0.799190) (0.250000,2.938803) 
   Base frequencies (empirical): 0.225142 0.172274 0.227758 0.374826 
   Substitution rates (ML): 1.637748 3.849516 1.561694 0.771920 2.974925 1.000000 


Final LogLikelihood: -1280.366744

AIC score: 2720.733487 / AICc score: 2750.873022 / BIC score: 3059.643055
Free parameters (model + branch lengths): 80

WARNING: Best ML tree contains 18 near-zero branches!

Best ML tree with collapsed near-zero branches saved to: /data/jeremias/eucs/roadies/output/genes/gene_92_filtered.fa.aln.raxml.bestTreeCollapsed
Best ML tree saved to: /data/jeremias/eucs/roadies/output/genes/gene_92_filtered.fa.aln.raxml.bestTree
All ML trees saved to: /data/jeremias/eucs/roadies/output/genes/gene_92_filtered.fa.aln.raxml.mlTrees
Optimized model saved to: /data/jeremias/eucs/roadies/output/genes/gene_92_filtered.fa.aln.raxml.bestModel

Execution log saved to: /data/jeremias/eucs/roadies/output/genes/gene_92_filtered.fa.aln.raxml.log

Analysis started: 29-Jul-2024 16:43:00 / finished: 29-Jul-2024 16:43:04

Elapsed time: 4.612 seconds

