
RAxML-NG v. 1.2.2 released on 11.04.2024 by The Exelixis Lab.
Developed by: Alexey M. Kozlov and Alexandros Stamatakis.
Contributors: Diego Darriba, Tomas Flouri, Benoit Morel, Sarah Lutteropp, Ben Bettisworth, Julia Haag, Anastasis Togkousidis.
Latest version: https://github.com/amkozlov/raxml-ng
Questions/problems/suggestions? Please visit: https://groups.google.com/forum/#!forum/raxml

System: AMD EPYC 7742 64-Core Processor, 128 cores, 1007 GB RAM

RAxML-NG was called at 29-Jul-2024 14:08:34 as follows:

raxml-ng --msa /data/jeremias/eucs/roadies/output/genes/gene_127_filtered.fa.aln --model GTR+G+F --redo --threads auto{4} --blopt nr_safe

Analysis options:
  run mode: ML tree search
  start tree(s): random (10) + parsimony (10)
  random seed: 1722226114
  tip-inner: OFF
  pattern compression: ON
  per-rate scalers: OFF
  site repeats: ON
  logLH epsilon: general: 10.000000, brlen-triplet: 1000.000000
  fast spr radius: AUTO
  spr subtree cutoff: 1.000000
  fast CLV updates: ON
  branch lengths: proportional (ML estimate, algorithm: NR-SAFE)
  SIMD kernels: AVX2
  parallelization: coarse-grained (auto), PTHREADS (auto)

WARNING: Running in REDO mode: existing checkpoints are ignored, and all result files will be overwritten!

[00:00:00] Reading alignment from file: /data/jeremias/eucs/roadies/output/genes/gene_127_filtered.fa.aln
[00:00:00] Loaded alignment with 32 taxa and 548 sites

Alignment comprises 1 partitions and 274 patterns

Partition 0: noname
Model: GTR+FC+G4m
Alignment sites / patterns: 548 / 274
Gaps: 6.85 %
Invariant sites: 55.66 %


NOTE: Binary MSA file created: /data/jeremias/eucs/roadies/output/genes/gene_127_filtered.fa.aln.raxml.rba

Parallelization scheme autoconfig: 4 worker(s) x 1 thread(s)

[00:00:00] Generating 10 random starting tree(s) with 32 taxa
[00:00:00] Generating 10 parsimony starting tree(s) with 32 taxa
Parallel parsimony with 4 threads
Parallel reduction/worker buffer size: 1 KB  / 0 KB

[00:00:00] Data distribution: max. partitions/sites/weight per thread: 1 / 274 / 4384
[00:00:00] Data distribution: max. searches per worker: 5

Starting ML tree search with 20 distinct starting trees

[00:00:00 -5224.103286] Initial branch length optimization
[00:00:00 -4230.776381] Model parameter optimization (eps = 10.000000)
[00:00:00 -3876.628957] AUTODETECT spr round 1 (radius: 5)
[00:00:00 -3179.673322] AUTODETECT spr round 2 (radius: 10)
[00:00:00 -3178.965673] AUTODETECT spr round 3 (radius: 15)
[00:00:00 -3178.880338] SPR radius for FAST iterations: 10 (autodetect)
[00:00:00 -3178.880338] Model parameter optimization (eps = 3.000000)
[00:00:00 -3165.924592] FAST spr round 1 (radius: 10)
[00:00:00 -2934.469505] FAST spr round 2 (radius: 10)
[00:00:00 -2926.132906] Model parameter optimization (eps = 1.000000)
[00:00:00 -2921.260609] SLOW spr round 1 (radius: 5)
[00:00:01 -2921.260405] SLOW spr round 2 (radius: 10)
[00:00:01 -2921.260405] SLOW spr round 3 (radius: 15)
[00:00:01] [worker #2] ML tree search #3, logLikelihood: -2921.260394
[00:00:01 -2921.260405] SLOW spr round 4 (radius: 20)
[00:00:01 -2921.260405] SLOW spr round 5 (radius: 25)
[00:00:01 -2921.260405] Model parameter optimization (eps = 0.100000)

[00:00:01] [worker #0] ML tree search #1, logLikelihood: -2921.260312

[00:00:01 -5179.155938] Initial branch length optimization
[00:00:01 -4133.398190] Model parameter optimization (eps = 10.000000)
[00:00:01] [worker #3] ML tree search #4, logLikelihood: -2921.260341
[00:00:01] [worker #1] ML tree search #2, logLikelihood: -2921.260318
[00:00:01 -3792.260679] AUTODETECT spr round 1 (radius: 5)
[00:00:01 -3196.048144] AUTODETECT spr round 2 (radius: 10)
[00:00:02 -3014.773155] AUTODETECT spr round 3 (radius: 15)
[00:00:02 -3013.199235] AUTODETECT spr round 4 (radius: 20)
[00:00:02 -3013.110019] SPR radius for FAST iterations: 15 (autodetect)
[00:00:02 -3013.110019] Model parameter optimization (eps = 3.000000)
[00:00:02 -2990.242353] FAST spr round 1 (radius: 15)
[00:00:02 -2928.223882] FAST spr round 2 (radius: 15)
[00:00:02 -2922.120931] Model parameter optimization (eps = 1.000000)
[00:00:02 -2921.571587] SLOW spr round 1 (radius: 5)
[00:00:02 -2921.267191] SLOW spr round 2 (radius: 10)
[00:00:02] [worker #1] ML tree search #6, logLikelihood: -2921.260352
[00:00:03] [worker #3] ML tree search #8, logLikelihood: -2921.260316
[00:00:03 -2921.267190] SLOW spr round 3 (radius: 15)
[00:00:03 -2921.267190] SLOW spr round 4 (radius: 20)
[00:00:03 -2921.267190] SLOW spr round 5 (radius: 25)
[00:00:03 -2921.267190] Model parameter optimization (eps = 0.100000)

[00:00:03] [worker #0] ML tree search #5, logLikelihood: -2921.260330

[00:00:03 -5217.288201] Initial branch length optimization
[00:00:03 -4152.753630] Model parameter optimization (eps = 10.000000)
[00:00:03 -3794.405188] AUTODETECT spr round 1 (radius: 5)
[00:00:03 -3388.026942] AUTODETECT spr round 2 (radius: 10)
[00:00:03] [worker #2] ML tree search #7, logLikelihood: -2921.260315
[00:00:03 -3147.329474] AUTODETECT spr round 3 (radius: 15)
[00:00:03 -3146.476110] AUTODETECT spr round 4 (radius: 20)
[00:00:03 -3146.352062] AUTODETECT spr round 5 (radius: 25)
[00:00:03 -3146.334889] SPR radius for FAST iterations: 20 (autodetect)
[00:00:03 -3146.334889] Model parameter optimization (eps = 3.000000)
[00:00:03 -3132.197945] FAST spr round 1 (radius: 20)
[00:00:03 -2946.853135] FAST spr round 2 (radius: 20)
[00:00:04 -2926.208918] FAST spr round 3 (radius: 20)
[00:00:04] [worker #1] ML tree search #10, logLikelihood: -2921.260323
[00:00:04 -2926.208879] Model parameter optimization (eps = 1.000000)
[00:00:04 -2921.260574] SLOW spr round 1 (radius: 5)
[00:00:04] [worker #3] ML tree search #12, logLikelihood: -2921.260346
[00:00:04 -2921.260392] SLOW spr round 2 (radius: 10)
[00:00:04 -2921.260392] SLOW spr round 3 (radius: 15)
[00:00:04] [worker #2] ML tree search #11, logLikelihood: -2921.260389
[00:00:05 -2921.260392] SLOW spr round 4 (radius: 20)
[00:00:05 -2921.260392] SLOW spr round 5 (radius: 25)
[00:00:05 -2921.260392] Model parameter optimization (eps = 0.100000)

[00:00:05] [worker #0] ML tree search #9, logLikelihood: -2921.260316

[00:00:05 -3841.298051] Initial branch length optimization
[00:00:05 -3103.355437] Model parameter optimization (eps = 10.000000)
[00:00:05] [worker #1] ML tree search #14, logLikelihood: -2921.260401
[00:00:05 -2936.320996] AUTODETECT spr round 1 (radius: 5)
[00:00:05 -2926.230148] AUTODETECT spr round 2 (radius: 10)
[00:00:05 -2926.208791] SPR radius for FAST iterations: 5 (autodetect)
[00:00:05 -2926.208791] Model parameter optimization (eps = 3.000000)
[00:00:05 -2926.158535] FAST spr round 1 (radius: 5)
[00:00:05 -2921.308873] Model parameter optimization (eps = 1.000000)
[00:00:05 -2921.260459] SLOW spr round 1 (radius: 5)
[00:00:05 -2921.260323] SLOW spr round 2 (radius: 10)
[00:00:05] [worker #3] ML tree search #16, logLikelihood: -2921.260377
[00:00:06 -2921.260323] SLOW spr round 3 (radius: 15)
[00:00:06 -2921.260323] SLOW spr round 4 (radius: 20)
[00:00:06 -2921.260323] SLOW spr round 5 (radius: 25)
[00:00:06 -2921.260323] Model parameter optimization (eps = 0.100000)

[00:00:06] [worker #0] ML tree search #13, logLikelihood: -2921.260310

[00:00:06 -3872.472093] Initial branch length optimization
[00:00:06] [worker #2] ML tree search #15, logLikelihood: -2921.260369
[00:00:06 -3129.950471] Model parameter optimization (eps = 10.000000)
[00:00:06 -2963.783117] AUTODETECT spr round 1 (radius: 5)
[00:00:06 -2922.682141] AUTODETECT spr round 2 (radius: 10)
[00:00:06] [worker #1] ML tree search #18, logLikelihood: -2921.260372
[00:00:06 -2922.599154] SPR radius for FAST iterations: 5 (autodetect)
[00:00:06 -2922.599154] Model parameter optimization (eps = 3.000000)
[00:00:06 -2922.363575] FAST spr round 1 (radius: 5)
[00:00:06 -2921.262044] Model parameter optimization (eps = 1.000000)
[00:00:06 -2921.260519] SLOW spr round 1 (radius: 5)
[00:00:07] [worker #3] ML tree search #20, logLikelihood: -2921.260330
[00:00:07 -2921.260318] SLOW spr round 2 (radius: 10)
[00:00:07 -2921.260318] SLOW spr round 3 (radius: 15)
[00:00:07] [worker #2] ML tree search #19, logLikelihood: -2921.260310
[00:00:07 -2921.260318] SLOW spr round 4 (radius: 20)
[00:00:07 -2921.260318] SLOW spr round 5 (radius: 25)
[00:00:07 -2921.260318] Model parameter optimization (eps = 0.100000)

[00:00:07] [worker #0] ML tree search #17, logLikelihood: -2921.260313


Optimized model parameters:

   Partition 0: noname
   Rate heterogeneity: GAMMA (4 cats, mean),  alpha: 0.942483 (ML),  weights&rates: (0.250000,0.125339) (0.250000,0.458754) (0.250000,0.989775) (0.250000,2.426132) 
   Base frequencies (empirical): 0.323313 0.164687 0.203012 0.308987 
   Substitution rates (ML): 1.436147 7.340464 0.805634 0.810499 6.764668 1.000000 


Final LogLikelihood: -2921.260310

AIC score: 5982.520619 / AICc score: 6003.359194 / BIC score: 6283.959889
Free parameters (model + branch lengths): 70

WARNING: Best ML tree contains 3 near-zero branches!

Best ML tree with collapsed near-zero branches saved to: /data/jeremias/eucs/roadies/output/genes/gene_127_filtered.fa.aln.raxml.bestTreeCollapsed
Best ML tree saved to: /data/jeremias/eucs/roadies/output/genes/gene_127_filtered.fa.aln.raxml.bestTree
All ML trees saved to: /data/jeremias/eucs/roadies/output/genes/gene_127_filtered.fa.aln.raxml.mlTrees
Optimized model saved to: /data/jeremias/eucs/roadies/output/genes/gene_127_filtered.fa.aln.raxml.bestModel

Execution log saved to: /data/jeremias/eucs/roadies/output/genes/gene_127_filtered.fa.aln.raxml.log

Analysis started: 29-Jul-2024 14:08:34 / finished: 29-Jul-2024 14:08:42

Elapsed time: 7.792 seconds

