
RAxML-NG v. 1.2.2 released on 11.04.2024 by The Exelixis Lab.
Developed by: Alexey M. Kozlov and Alexandros Stamatakis.
Contributors: Diego Darriba, Tomas Flouri, Benoit Morel, Sarah Lutteropp, Ben Bettisworth, Julia Haag, Anastasis Togkousidis.
Latest version: https://github.com/amkozlov/raxml-ng
Questions/problems/suggestions? Please visit: https://groups.google.com/forum/#!forum/raxml

System: AMD EPYC 7742 64-Core Processor, 128 cores, 1007 GB RAM

RAxML-NG was called at 29-Jul-2024 15:32:17 as follows:

raxml-ng --msa /data/jeremias/eucs/roadies/output/genes/gene_10_filtered.fa.aln --model GTR+G+F --redo --threads auto{4} --blopt nr_safe

Analysis options:
  run mode: ML tree search
  start tree(s): random (10) + parsimony (10)
  random seed: 1722231137
  tip-inner: OFF
  pattern compression: ON
  per-rate scalers: OFF
  site repeats: ON
  logLH epsilon: general: 10.000000, brlen-triplet: 1000.000000
  fast spr radius: AUTO
  spr subtree cutoff: 1.000000
  fast CLV updates: ON
  branch lengths: proportional (ML estimate, algorithm: NR-SAFE)
  SIMD kernels: AVX2
  parallelization: coarse-grained (auto), PTHREADS (auto)

WARNING: Running in REDO mode: existing checkpoints are ignored, and all result files will be overwritten!

[00:00:00] Reading alignment from file: /data/jeremias/eucs/roadies/output/genes/gene_10_filtered.fa.aln
[00:00:00] Loaded alignment with 124 taxa and 523 sites

WARNING: Sequences E_sid_E_mel_2 and E_sideroxylon_2 are exactly identical!
WARNING: Sequences E_sid_E_mel_1 and E_sideroxylon_1 are exactly identical!
WARNING: Sequences E_ANBG9806169_1 and E_regnans_1 are exactly identical!
WARNING: Sequences E_coolabah_1 and E_victrix_1 are exactly identical!
WARNING: Sequences E_shirleyi_2 and E_dawsonii_2 are exactly identical!
WARNING: Sequences E_shirleyi_0 and E_shirleyi_1 are exactly identical!
WARNING: Sequences E_shirleyi_0 and E_melliodora_0 are exactly identical!
WARNING: Sequences E_shirleyi_0 and E_albens_0 are exactly identical!
WARNING: Sequences E_shirleyi_0 and E_albens_1 are exactly identical!
WARNING: Duplicate sequences found: 9

NOTE: Reduced alignment (with duplicates and gap-only sites/taxa removed) 
NOTE: was saved to: /data/jeremias/eucs/roadies/output/genes/gene_10_filtered.fa.aln.raxml.reduced.phy

Alignment comprises 1 partitions and 304 patterns

Partition 0: noname
Model: GTR+FC+G4m
Alignment sites / patterns: 523 / 304
Gaps: 2.80 %
Invariant sites: 43.21 %


NOTE: Binary MSA file created: /data/jeremias/eucs/roadies/output/genes/gene_10_filtered.fa.aln.raxml.rba

Parallelization scheme autoconfig: 4 worker(s) x 1 thread(s)

[00:00:00] Generating 10 random starting tree(s) with 124 taxa
[00:00:00] Generating 10 parsimony starting tree(s) with 124 taxa
Parallel parsimony with 4 threads
Parallel reduction/worker buffer size: 1 KB  / 0 KB

[00:00:00] Data distribution: max. partitions/sites/weight per thread: 1 / 304 / 4864
[00:00:00] Data distribution: max. searches per worker: 5

Starting ML tree search with 20 distinct starting trees

[00:00:00 -18541.053913] Initial branch length optimization
[00:00:00 -15016.655361] Model parameter optimization (eps = 10.000000)
[00:00:00 -12953.980505] AUTODETECT spr round 1 (radius: 5)
[00:00:00 -7576.410735] AUTODETECT spr round 2 (radius: 10)
[00:00:01 -5927.495829] AUTODETECT spr round 3 (radius: 15)
[00:00:02 -5606.437168] AUTODETECT spr round 4 (radius: 20)
[00:00:03 -5590.650884] AUTODETECT spr round 5 (radius: 25)
[00:00:03 -5572.273535] SPR radius for FAST iterations: 25 (autodetect)
[00:00:03 -5572.273535] Model parameter optimization (eps = 3.000000)
[00:00:04 -5407.219365] FAST spr round 1 (radius: 25)
[00:00:04 -4983.725488] FAST spr round 2 (radius: 25)
[00:00:04 -4933.843074] FAST spr round 3 (radius: 25)
[00:00:05 -4933.033217] Model parameter optimization (eps = 1.000000)
[00:00:05 -4928.110725] SLOW spr round 1 (radius: 5)
[00:00:06 -4927.699269] SLOW spr round 2 (radius: 10)
[00:00:06 -4927.699261] SLOW spr round 3 (radius: 15)
[00:00:08 -4927.699261] SLOW spr round 4 (radius: 20)
[00:00:09] [worker #3] ML tree search #4, logLikelihood: -4923.402546
[00:00:09 -4927.699261] SLOW spr round 5 (radius: 25)
[00:00:09] [worker #1] ML tree search #2, logLikelihood: -4920.570558
[00:00:10 -4927.699261] Model parameter optimization (eps = 0.100000)

[00:00:10] [worker #0] ML tree search #1, logLikelihood: -4927.698809

[00:00:10 -18500.928944] Initial branch length optimization
[00:00:10 -15409.213454] Model parameter optimization (eps = 10.000000)
[00:00:10] [worker #2] ML tree search #3, logLikelihood: -4923.782707
[00:00:10 -13353.845355] AUTODETECT spr round 1 (radius: 5)
[00:00:11 -7327.746517] AUTODETECT spr round 2 (radius: 10)
[00:00:11 -5652.062128] AUTODETECT spr round 3 (radius: 15)
[00:00:12 -5609.220204] AUTODETECT spr round 4 (radius: 20)
[00:00:12 -5606.482653] AUTODETECT spr round 5 (radius: 25)
[00:00:13 -5604.341605] SPR radius for FAST iterations: 25 (autodetect)
[00:00:13 -5604.341605] Model parameter optimization (eps = 3.000000)
[00:00:13 -5435.526181] FAST spr round 1 (radius: 25)
[00:00:13 -4939.083190] FAST spr round 2 (radius: 25)
[00:00:14 -4926.101862] FAST spr round 3 (radius: 25)
[00:00:14 -4924.985008] Model parameter optimization (eps = 1.000000)
[00:00:14 -4920.607529] SLOW spr round 1 (radius: 5)
[00:00:15 -4920.574082] SLOW spr round 2 (radius: 10)
[00:00:16 -4920.574074] SLOW spr round 3 (radius: 15)
[00:00:17 -4920.574074] SLOW spr round 4 (radius: 20)
[00:00:18] [worker #3] ML tree search #8, logLikelihood: -4923.334770
[00:00:18 -4920.574074] SLOW spr round 5 (radius: 25)
[00:00:18] [worker #1] ML tree search #6, logLikelihood: -4920.153662
[00:00:18 -4920.574074] Model parameter optimization (eps = 0.100000)

[00:00:18] [worker #0] ML tree search #5, logLikelihood: -4920.570554

[00:00:19 -18106.261582] Initial branch length optimization
[00:00:19] [worker #2] ML tree search #7, logLikelihood: -4920.117147
[00:00:19 -14752.283700] Model parameter optimization (eps = 10.000000)
[00:00:19 -12808.728714] AUTODETECT spr round 1 (radius: 5)
[00:00:19 -7084.826751] AUTODETECT spr round 2 (radius: 10)
[00:00:20 -5616.492189] AUTODETECT spr round 3 (radius: 15)
[00:00:20 -5522.968953] AUTODETECT spr round 4 (radius: 20)
[00:00:21 -5520.215283] AUTODETECT spr round 5 (radius: 25)
[00:00:21 -5516.252558] SPR radius for FAST iterations: 25 (autodetect)
[00:00:21 -5516.252558] Model parameter optimization (eps = 3.000000)
[00:00:22 -5355.902221] FAST spr round 1 (radius: 25)
[00:00:22 -4968.353384] FAST spr round 2 (radius: 25)
[00:00:22 -4925.795701] FAST spr round 3 (radius: 25)
[00:00:23 -4925.795693] Model parameter optimization (eps = 1.000000)
[00:00:23 -4920.879890] SLOW spr round 1 (radius: 5)
[00:00:24 -4920.468476] SLOW spr round 2 (radius: 10)
[00:00:24] [worker #3] ML tree search #12, logLikelihood: -4923.759785
[00:00:24 -4920.468470] SLOW spr round 3 (radius: 15)
[00:00:25] [worker #2] ML tree search #11, logLikelihood: -4923.616434
[00:00:25 -4920.468470] SLOW spr round 4 (radius: 20)
[00:00:26 -4920.468470] SLOW spr round 5 (radius: 25)
[00:00:27] [worker #1] ML tree search #10, logLikelihood: -4935.910358
[00:00:27 -4920.468470] Model parameter optimization (eps = 0.100000)

[00:00:27] [worker #0] ML tree search #9, logLikelihood: -4920.467992

[00:00:27 -6952.557665] Initial branch length optimization
[00:00:27 -5190.467542] Model parameter optimization (eps = 10.000000)
[00:00:27 -4953.418006] AUTODETECT spr round 1 (radius: 5)
[00:00:28 -4925.866192] AUTODETECT spr round 2 (radius: 10)
[00:00:28 -4925.756256] AUTODETECT spr round 3 (radius: 15)
[00:00:29 -4921.769040] AUTODETECT spr round 4 (radius: 20)
[00:00:29 -4921.768104] SPR radius for FAST iterations: 15 (autodetect)
[00:00:29 -4921.768104] Model parameter optimization (eps = 3.000000)
[00:00:29 -4921.428667] FAST spr round 1 (radius: 15)
[00:00:30 -4921.428571] Model parameter optimization (eps = 1.000000)
[00:00:30 -4921.428567] SLOW spr round 1 (radius: 5)
[00:00:30] [worker #3] ML tree search #16, logLikelihood: -4922.898659
[00:00:30 -4920.360646] SLOW spr round 2 (radius: 10)
[00:00:31 -4920.360500] SLOW spr round 3 (radius: 15)
[00:00:31] [worker #2] ML tree search #15, logLikelihood: -4923.365785
[00:00:32] [worker #1] ML tree search #14, logLikelihood: -4920.114951
[00:00:32 -4920.360500] SLOW spr round 4 (radius: 20)
[00:00:33 -4920.360500] SLOW spr round 5 (radius: 25)
[00:00:34 -4920.360500] Model parameter optimization (eps = 0.100000)

[00:00:34] [worker #0] ML tree search #13, logLikelihood: -4920.343183

[00:00:34 -6931.266189] Initial branch length optimization
[00:00:34 -5181.379933] Model parameter optimization (eps = 10.000000)
[00:00:34 -4946.767125] AUTODETECT spr round 1 (radius: 5)
[00:00:34 -4930.110798] AUTODETECT spr round 2 (radius: 10)
[00:00:35 -4929.695523] AUTODETECT spr round 3 (radius: 15)
[00:00:36 -4929.695415] SPR radius for FAST iterations: 10 (autodetect)
[00:00:36 -4929.695415] Model parameter optimization (eps = 3.000000)
[00:00:36 -4929.674712] FAST spr round 1 (radius: 10)
[00:00:36 -4929.194587] Model parameter optimization (eps = 1.000000)
[00:00:36 -4929.194468] SLOW spr round 1 (radius: 5)
[00:00:36] [worker #3] ML tree search #20, logLikelihood: -4924.416705
[00:00:37 -4928.132666] SLOW spr round 2 (radius: 10)
[00:00:37] [worker #2] ML tree search #19, logLikelihood: -4920.343213
[00:00:37 -4928.132641] SLOW spr round 3 (radius: 15)
[00:00:38] [worker #1] ML tree search #18, logLikelihood: -4920.114516
[00:00:38 -4928.132641] SLOW spr round 4 (radius: 20)
[00:00:39 -4928.132641] SLOW spr round 5 (radius: 25)
[00:00:40 -4928.132641] Model parameter optimization (eps = 0.100000)

[00:00:40] [worker #0] ML tree search #17, logLikelihood: -4928.115390


Optimized model parameters:

   Partition 0: noname
   Rate heterogeneity: GAMMA (4 cats, mean),  alpha: 0.822561 (ML),  weights&rates: (0.250000,0.100350) (0.250000,0.416061) (0.250000,0.963015) (0.250000,2.520574) 
   Base frequencies (empirical): 0.260648 0.212725 0.203858 0.322768 
   Substitution rates (ML): 0.769148 5.863770 0.890960 0.930880 4.446708 1.000000 


Final LogLikelihood: -4920.114516

AIC score: 10348.229032 / AICc score: 10831.587241 / BIC score: 11430.162724
Free parameters (model + branch lengths): 254

WARNING: Best ML tree contains 43 near-zero branches!

Best ML tree with collapsed near-zero branches saved to: /data/jeremias/eucs/roadies/output/genes/gene_10_filtered.fa.aln.raxml.bestTreeCollapsed
Best ML tree saved to: /data/jeremias/eucs/roadies/output/genes/gene_10_filtered.fa.aln.raxml.bestTree
All ML trees saved to: /data/jeremias/eucs/roadies/output/genes/gene_10_filtered.fa.aln.raxml.mlTrees
Optimized model saved to: /data/jeremias/eucs/roadies/output/genes/gene_10_filtered.fa.aln.raxml.bestModel

Execution log saved to: /data/jeremias/eucs/roadies/output/genes/gene_10_filtered.fa.aln.raxml.log

Analysis started: 29-Jul-2024 15:32:17 / finished: 29-Jul-2024 15:32:57

Elapsed time: 40.840 seconds

