
RAxML-NG v. 1.2.2 released on 11.04.2024 by The Exelixis Lab.
Developed by: Alexey M. Kozlov and Alexandros Stamatakis.
Contributors: Diego Darriba, Tomas Flouri, Benoit Morel, Sarah Lutteropp, Ben Bettisworth, Julia Haag, Anastasis Togkousidis.
Latest version: https://github.com/amkozlov/raxml-ng
Questions/problems/suggestions? Please visit: https://groups.google.com/forum/#!forum/raxml

System: AMD EPYC 7742 64-Core Processor, 128 cores, 1007 GB RAM

RAxML-NG was called at 03-Jul-2024 19:06:50 as follows:

raxml-ng --msa /data/jeremias/eucs/roadies/output/genes/gene_101_filtered.fa.aln --model GTR+G+F --redo --threads auto{4} --blopt nr_safe

Analysis options:
  run mode: ML tree search
  start tree(s): random (10) + parsimony (10)
  random seed: 1719997610
  tip-inner: OFF
  pattern compression: ON
  per-rate scalers: OFF
  site repeats: ON
  logLH epsilon: general: 10.000000, brlen-triplet: 1000.000000
  fast spr radius: AUTO
  spr subtree cutoff: 1.000000
  fast CLV updates: ON
  branch lengths: proportional (ML estimate, algorithm: NR-SAFE)
  SIMD kernels: AVX2
  parallelization: coarse-grained (auto), PTHREADS (auto)

WARNING: Running in REDO mode: existing checkpoints are ignored, and all result files will be overwritten!

[00:00:00] Reading alignment from file: /data/jeremias/eucs/roadies/output/genes/gene_101_filtered.fa.aln
[00:00:00] Loaded alignment with 65 taxa and 511 sites

WARNING: Sequences GCA_016097615.1_1 and GCA_016097485.1_1 are exactly identical!
WARNING: Duplicate sequences found: 1

NOTE: Reduced alignment (with duplicates and gap-only sites/taxa removed) 
NOTE: was saved to: /data/jeremias/eucs/roadies/output/genes/gene_101_filtered.fa.aln.raxml.reduced.phy

Alignment comprises 1 partitions and 195 patterns

Partition 0: noname
Model: GTR+FC+G4m
Alignment sites / patterns: 511 / 195
Gaps: 2.83 %
Invariant sites: 62.82 %


NOTE: Binary MSA file created: /data/jeremias/eucs/roadies/output/genes/gene_101_filtered.fa.aln.raxml.rba

Parallelization scheme autoconfig: 4 worker(s) x 1 thread(s)

[00:00:00] Generating 10 random starting tree(s) with 65 taxa
[00:00:00] Generating 10 parsimony starting tree(s) with 65 taxa
Parallel parsimony with 4 threads
Parallel reduction/worker buffer size: 1 KB  / 0 KB

[00:00:00] Data distribution: max. partitions/sites/weight per thread: 1 / 195 / 3120
[00:00:00] Data distribution: max. searches per worker: 5

Starting ML tree search with 20 distinct starting trees

[00:00:00 -5835.997833] Initial branch length optimization
[00:00:00 -4750.813710] Model parameter optimization (eps = 10.000000)
[00:00:00 -4268.374345] AUTODETECT spr round 1 (radius: 5)
[00:00:00 -3271.274604] AUTODETECT spr round 2 (radius: 10)
[00:00:00 -3062.009808] AUTODETECT spr round 3 (radius: 15)
[00:00:00 -2986.251530] AUTODETECT spr round 4 (radius: 20)
[00:00:00 -2984.861529] AUTODETECT spr round 5 (radius: 25)
[00:00:00 -2984.834772] SPR radius for FAST iterations: 20 (autodetect)
[00:00:00 -2984.834772] Model parameter optimization (eps = 3.000000)
[00:00:00 -2967.865526] FAST spr round 1 (radius: 20)
[00:00:00 -2741.329951] FAST spr round 2 (radius: 20)
[00:00:01 -2738.833896] Model parameter optimization (eps = 1.000000)
[00:00:01 -2735.963929] SLOW spr round 1 (radius: 5)
[00:00:01 -2735.687652] SLOW spr round 2 (radius: 10)
[00:00:01 -2733.857192] SLOW spr round 3 (radius: 15)
[00:00:02 -2733.857087] SLOW spr round 4 (radius: 20)
[00:00:02 -2733.857087] SLOW spr round 5 (radius: 25)
[00:00:02 -2733.857087] Model parameter optimization (eps = 0.100000)

[00:00:02] [worker #0] ML tree search #1, logLikelihood: -2733.748173

[00:00:02 -5839.959758] Initial branch length optimization
[00:00:02 -4840.032945] Model parameter optimization (eps = 10.000000)
[00:00:02] [worker #1] ML tree search #2, logLikelihood: -2736.671657
[00:00:02] [worker #2] ML tree search #3, logLikelihood: -2732.734995
[00:00:02 -4360.543671] AUTODETECT spr round 1 (radius: 5)
[00:00:02 -3310.204669] AUTODETECT spr round 2 (radius: 10)
[00:00:02] [worker #3] ML tree search #4, logLikelihood: -2732.735336
[00:00:02 -3024.015456] AUTODETECT spr round 3 (radius: 15)
[00:00:02 -3022.188108] AUTODETECT spr round 4 (radius: 20)
[00:00:03 -3021.756492] AUTODETECT spr round 5 (radius: 25)
[00:00:03 -3021.670802] SPR radius for FAST iterations: 20 (autodetect)
[00:00:03 -3021.670802] Model parameter optimization (eps = 3.000000)
[00:00:03 -3006.303863] FAST spr round 1 (radius: 20)
[00:00:03 -2748.692151] FAST spr round 2 (radius: 20)
[00:00:03 -2740.936517] Model parameter optimization (eps = 1.000000)
[00:00:03 -2737.120295] SLOW spr round 1 (radius: 5)
[00:00:03 -2732.806579] SLOW spr round 2 (radius: 10)
[00:00:04 -2732.806418] SLOW spr round 3 (radius: 15)
[00:00:04 -2732.806417] SLOW spr round 4 (radius: 20)
[00:00:04 -2732.806417] SLOW spr round 5 (radius: 25)
[00:00:04 -2732.806417] Model parameter optimization (eps = 0.100000)

[00:00:04] [worker #0] ML tree search #5, logLikelihood: -2732.735390

[00:00:04] [worker #2] ML tree search #7, logLikelihood: -2732.735361
[00:00:04 -5826.687265] Initial branch length optimization
[00:00:04 -4772.612098] Model parameter optimization (eps = 10.000000)
[00:00:04] [worker #1] ML tree search #6, logLikelihood: -2741.479588
[00:00:04 -4301.264215] AUTODETECT spr round 1 (radius: 5)
[00:00:05] [worker #3] ML tree search #8, logLikelihood: -2733.748230
[00:00:05 -3404.205208] AUTODETECT spr round 2 (radius: 10)
[00:00:05 -2848.297806] AUTODETECT spr round 3 (radius: 15)
[00:00:05 -2833.137340] AUTODETECT spr round 4 (radius: 20)
[00:00:05 -2832.198200] AUTODETECT spr round 5 (radius: 25)
[00:00:05 -2832.020917] SPR radius for FAST iterations: 25 (autodetect)
[00:00:05 -2832.020917] Model parameter optimization (eps = 3.000000)
[00:00:05 -2807.859205] FAST spr round 1 (radius: 25)
[00:00:05 -2747.466460] FAST spr round 2 (radius: 25)
[00:00:05 -2733.814170] FAST spr round 3 (radius: 25)
[00:00:06 -2733.814005] Model parameter optimization (eps = 1.000000)
[00:00:06 -2733.085189] SLOW spr round 1 (radius: 5)
[00:00:06 -2732.735978] SLOW spr round 2 (radius: 10)
[00:00:06 -2732.735974] SLOW spr round 3 (radius: 15)
[00:00:06] [worker #2] ML tree search #11, logLikelihood: -2732.735321
[00:00:07] [worker #3] ML tree search #12, logLikelihood: -2736.671504
[00:00:07 -2732.735974] SLOW spr round 4 (radius: 20)
[00:00:07] [worker #1] ML tree search #10, logLikelihood: -2732.734974
[00:00:07 -2732.735974] SLOW spr round 5 (radius: 25)
[00:00:07 -2732.735974] Model parameter optimization (eps = 0.100000)

[00:00:07] [worker #0] ML tree search #9, logLikelihood: -2732.735027

[00:00:07 -3994.596732] Initial branch length optimization
[00:00:07 -2878.428202] Model parameter optimization (eps = 10.000000)
[00:00:07 -2750.824433] AUTODETECT spr round 1 (radius: 5)
[00:00:07 -2736.628171] AUTODETECT spr round 2 (radius: 10)
[00:00:07 -2734.345431] AUTODETECT spr round 3 (radius: 15)
[00:00:07 -2734.315960] SPR radius for FAST iterations: 10 (autodetect)
[00:00:07 -2734.315960] Model parameter optimization (eps = 3.000000)
[00:00:07 -2734.190345] FAST spr round 1 (radius: 10)
[00:00:07 -2734.189660] Model parameter optimization (eps = 1.000000)
[00:00:07 -2734.189594] SLOW spr round 1 (radius: 5)
[00:00:08 -2732.735568] SLOW spr round 2 (radius: 10)
[00:00:08 -2732.735562] SLOW spr round 3 (radius: 15)
[00:00:08] [worker #2] ML tree search #15, logLikelihood: -2732.735010
[00:00:08] [worker #3] ML tree search #16, logLikelihood: -2732.734981
[00:00:08] [worker #1] ML tree search #14, logLikelihood: -2736.671518
[00:00:08 -2732.735562] SLOW spr round 4 (radius: 20)
[00:00:09 -2732.735562] SLOW spr round 5 (radius: 25)
[00:00:09 -2732.735562] Model parameter optimization (eps = 0.100000)

[00:00:09] [worker #0] ML tree search #13, logLikelihood: -2732.735005

[00:00:09 -3997.977878] Initial branch length optimization
[00:00:09 -2891.541758] Model parameter optimization (eps = 10.000000)
[00:00:09 -2761.320974] AUTODETECT spr round 1 (radius: 5)
[00:00:09 -2739.393015] AUTODETECT spr round 2 (radius: 10)
[00:00:09 -2735.854519] AUTODETECT spr round 3 (radius: 15)
[00:00:09 -2735.794872] SPR radius for FAST iterations: 10 (autodetect)
[00:00:09 -2735.794872] Model parameter optimization (eps = 3.000000)
[00:00:09 -2735.699650] FAST spr round 1 (radius: 10)
[00:00:09 -2732.759646] Model parameter optimization (eps = 1.000000)
[00:00:09 -2732.735386] SLOW spr round 1 (radius: 5)
[00:00:10 -2732.735354] SLOW spr round 2 (radius: 10)
[00:00:10 -2732.735353] SLOW spr round 3 (radius: 15)
[00:00:10] [worker #2] ML tree search #19, logLikelihood: -2732.735006
[00:00:10] [worker #1] ML tree search #18, logLikelihood: -2732.735008
[00:00:10 -2732.735353] SLOW spr round 4 (radius: 20)
[00:00:10] [worker #3] ML tree search #20, logLikelihood: -2732.735345
[00:00:10 -2732.735353] SLOW spr round 5 (radius: 25)
[00:00:10 -2732.735353] Model parameter optimization (eps = 0.100000)

[00:00:10] [worker #0] ML tree search #17, logLikelihood: -2732.735337


Optimized model parameters:

   Partition 0: noname
   Rate heterogeneity: GAMMA (4 cats, mean),  alpha: 0.561802 (ML),  weights&rates: (0.250000,0.045338) (0.250000,0.290360) (0.250000,0.860506) (0.250000,2.803796) 
   Base frequencies (empirical): 0.361777 0.195297 0.191578 0.251348 
   Substitution rates (ML): 1.094970 5.223039 0.438443 1.309167 4.482331 1.000000 


Final LogLikelihood: -2732.734974

AIC score: 5737.469947 / AICc score: 5837.106311 / BIC score: 6313.616211
Free parameters (model + branch lengths): 136

WARNING: Best ML tree contains 23 near-zero branches!

Best ML tree with collapsed near-zero branches saved to: /data/jeremias/eucs/roadies/output/genes/gene_101_filtered.fa.aln.raxml.bestTreeCollapsed
Best ML tree saved to: /data/jeremias/eucs/roadies/output/genes/gene_101_filtered.fa.aln.raxml.bestTree
All ML trees saved to: /data/jeremias/eucs/roadies/output/genes/gene_101_filtered.fa.aln.raxml.mlTrees
Optimized model saved to: /data/jeremias/eucs/roadies/output/genes/gene_101_filtered.fa.aln.raxml.bestModel

Execution log saved to: /data/jeremias/eucs/roadies/output/genes/gene_101_filtered.fa.aln.raxml.log

Analysis started: 03-Jul-2024 19:06:50 / finished: 03-Jul-2024 19:07:01

Elapsed time: 10.902 seconds

