
RAxML-NG v. 1.2.2 released on 11.04.2024 by The Exelixis Lab.
Developed by: Alexey M. Kozlov and Alexandros Stamatakis.
Contributors: Diego Darriba, Tomas Flouri, Benoit Morel, Sarah Lutteropp, Ben Bettisworth, Julia Haag, Anastasis Togkousidis.
Latest version: https://github.com/amkozlov/raxml-ng
Questions/problems/suggestions? Please visit: https://groups.google.com/forum/#!forum/raxml

System: AMD EPYC 7742 64-Core Processor, 128 cores, 1007 GB RAM

RAxML-NG was called at 29-Jul-2024 17:25:32 as follows:

raxml-ng --msa /data/jeremias/eucs/roadies/output/genes/gene_175_filtered.fa.aln --model GTR+G+F --redo --threads auto{4} --blopt nr_safe

Analysis options:
  run mode: ML tree search
  start tree(s): random (10) + parsimony (10)
  random seed: 1722237932
  tip-inner: OFF
  pattern compression: ON
  per-rate scalers: OFF
  site repeats: ON
  logLH epsilon: general: 10.000000, brlen-triplet: 1000.000000
  fast spr radius: AUTO
  spr subtree cutoff: 1.000000
  fast CLV updates: ON
  branch lengths: proportional (ML estimate, algorithm: NR-SAFE)
  SIMD kernels: AVX2
  parallelization: coarse-grained (auto), PTHREADS (auto)

WARNING: Running in REDO mode: existing checkpoints are ignored, and all result files will be overwritten!

[00:00:00] Reading alignment from file: /data/jeremias/eucs/roadies/output/genes/gene_175_filtered.fa.aln
[00:00:00] Loaded alignment with 36 taxa and 507 sites

WARNING: Sequences E_sideroxylon_0 and E_sid_E_mel_0 are exactly identical!
WARNING: Sequences E_sideroxylon_0 and E_melliodora_0 are exactly identical!
WARNING: Sequences E_sideroxylon_0 and E_albens_0 are exactly identical!
WARNING: Sequences E_sideroxylon_0 and E_polyanthemos_0 are exactly identical!
WARNING: Sequences E_sideroxylon_0 and E_dawsonii_0 are exactly identical!
WARNING: Sequences E_paniculata_0 and E_caleyi_0 are exactly identical!
WARNING: Sequences E_brandiana_0 and E_cladocalyx_0 are exactly identical!
WARNING: Sequences E_ANBG9806169_0 and E_regnans_0 are exactly identical!
WARNING: Duplicate sequences found: 8

NOTE: Reduced alignment (with duplicates and gap-only sites/taxa removed) 
NOTE: was saved to: /data/jeremias/eucs/roadies/output/genes/gene_175_filtered.fa.aln.raxml.reduced.phy

Alignment comprises 1 partitions and 99 patterns

Partition 0: noname
Model: GTR+FC+G4m
Alignment sites / patterns: 507 / 99
Gaps: 1.67 %
Invariant sites: 80.08 %


NOTE: Binary MSA file created: /data/jeremias/eucs/roadies/output/genes/gene_175_filtered.fa.aln.raxml.rba

Parallelization scheme autoconfig: 4 worker(s) x 1 thread(s)

[00:00:00] Generating 10 random starting tree(s) with 36 taxa
[00:00:00] Generating 10 parsimony starting tree(s) with 36 taxa
Parallel parsimony with 4 threads
Parallel reduction/worker buffer size: 1 KB  / 0 KB

[00:00:00] Data distribution: max. partitions/sites/weight per thread: 1 / 99 / 1584
[00:00:00] Data distribution: max. searches per worker: 5

Starting ML tree search with 20 distinct starting trees

[00:00:00 -3085.488873] Initial branch length optimization
[00:00:00 -2283.661411] Model parameter optimization (eps = 10.000000)
[00:00:00 -2059.811882] AUTODETECT spr round 1 (radius: 5)
[00:00:00 -1646.722486] AUTODETECT spr round 2 (radius: 10)
[00:00:00 -1500.309471] AUTODETECT spr round 3 (radius: 15)
[00:00:00 -1500.267671] SPR radius for FAST iterations: 10 (autodetect)
[00:00:00 -1500.267671] Model parameter optimization (eps = 3.000000)
[00:00:00 -1486.890457] FAST spr round 1 (radius: 10)
[00:00:00 -1464.494593] FAST spr round 2 (radius: 10)
[00:00:00 -1464.494559] Model parameter optimization (eps = 1.000000)
[00:00:00 -1463.912496] SLOW spr round 1 (radius: 5)
[00:00:00 -1463.912441] SLOW spr round 2 (radius: 10)
[00:00:00 -1463.912441] SLOW spr round 3 (radius: 15)
[00:00:00] [worker #3] ML tree search #4, logLikelihood: -1463.903499
[00:00:00] [worker #2] ML tree search #3, logLikelihood: -1463.903502
[00:00:00 -1463.912441] SLOW spr round 4 (radius: 20)
[00:00:00 -1463.912441] SLOW spr round 5 (radius: 25)
[00:00:00 -1463.912441] Model parameter optimization (eps = 0.100000)

[00:00:00] [worker #0] ML tree search #1, logLikelihood: -1463.903508

[00:00:00 -3150.758736] Initial branch length optimization
[00:00:00] [worker #1] ML tree search #2, logLikelihood: -1463.903500
[00:00:00 -2350.597051] Model parameter optimization (eps = 10.000000)
[00:00:00 -2099.043695] AUTODETECT spr round 1 (radius: 5)
[00:00:00 -1777.387107] AUTODETECT spr round 2 (radius: 10)
[00:00:00 -1519.199511] AUTODETECT spr round 3 (radius: 15)
[00:00:01 -1518.953790] AUTODETECT spr round 4 (radius: 20)
[00:00:01 -1518.953627] SPR radius for FAST iterations: 15 (autodetect)
[00:00:01 -1518.953627] Model parameter optimization (eps = 3.000000)
[00:00:01 -1508.449086] FAST spr round 1 (radius: 15)
[00:00:01 -1475.107396] FAST spr round 2 (radius: 15)
[00:00:01 -1465.888947] Model parameter optimization (eps = 1.000000)
[00:00:01 -1463.903561] SLOW spr round 1 (radius: 5)
[00:00:01] [worker #2] ML tree search #7, logLikelihood: -1463.903493
[00:00:01 -1463.903526] SLOW spr round 2 (radius: 10)
[00:00:01 -1463.903526] SLOW spr round 3 (radius: 15)
[00:00:01] [worker #3] ML tree search #8, logLikelihood: -1463.903500
[00:00:01 -1463.903526] SLOW spr round 4 (radius: 20)
[00:00:01 -1463.903526] SLOW spr round 5 (radius: 25)
[00:00:01 -1463.903526] Model parameter optimization (eps = 0.100000)

[00:00:01] [worker #0] ML tree search #5, logLikelihood: -1463.903495

[00:00:01 -3107.616989] Initial branch length optimization
[00:00:01 -2269.664758] Model parameter optimization (eps = 10.000000)
[00:00:01 -2028.780820] AUTODETECT spr round 1 (radius: 5)
[00:00:02 -1611.353103] AUTODETECT spr round 2 (radius: 10)
[00:00:02] [worker #2] ML tree search #11, logLikelihood: -1463.903498
[00:00:02 -1580.757770] AUTODETECT spr round 3 (radius: 15)
[00:00:02] [worker #1] ML tree search #6, logLikelihood: -1463.903494
[00:00:02 -1580.478130] AUTODETECT spr round 4 (radius: 20)
[00:00:02 -1580.476889] SPR radius for FAST iterations: 15 (autodetect)
[00:00:02 -1580.476889] Model parameter optimization (eps = 3.000000)
[00:00:02 -1574.670500] FAST spr round 1 (radius: 15)
[00:00:02 -1472.634838] FAST spr round 2 (radius: 15)
[00:00:02 -1472.285852] Model parameter optimization (eps = 1.000000)
[00:00:02 -1463.903549] SLOW spr round 1 (radius: 5)
[00:00:02 -1463.903517] SLOW spr round 2 (radius: 10)
[00:00:02] [worker #3] ML tree search #12, logLikelihood: -1463.903487
[00:00:02 -1463.903517] SLOW spr round 3 (radius: 15)
[00:00:02 -1463.903517] SLOW spr round 4 (radius: 20)
[00:00:02 -1463.903517] SLOW spr round 5 (radius: 25)
[00:00:02 -1463.903517] Model parameter optimization (eps = 0.100000)

[00:00:02] [worker #0] ML tree search #9, logLikelihood: -1463.903494

[00:00:02 -2418.272096] Initial branch length optimization
[00:00:02 -1508.606215] Model parameter optimization (eps = 10.000000)
[00:00:02] [worker #2] ML tree search #15, logLikelihood: -1463.903508
[00:00:02 -1479.911291] AUTODETECT spr round 1 (radius: 5)
[00:00:02 -1464.369784] AUTODETECT spr round 2 (radius: 10)
[00:00:02 -1464.369346] SPR radius for FAST iterations: 5 (autodetect)
[00:00:02 -1464.369346] Model parameter optimization (eps = 3.000000)
[00:00:02 -1463.904163] FAST spr round 1 (radius: 5)
[00:00:02] [worker #1] ML tree search #10, logLikelihood: -1463.903504
[00:00:02 -1463.904161] Model parameter optimization (eps = 1.000000)
[00:00:02 -1463.903506] SLOW spr round 1 (radius: 5)
[00:00:02 -1463.903494] SLOW spr round 2 (radius: 10)
[00:00:03 -1463.903494] SLOW spr round 3 (radius: 15)
[00:00:03] [worker #3] ML tree search #16, logLikelihood: -1463.903487
[00:00:03 -1463.903494] SLOW spr round 4 (radius: 20)
[00:00:03 -1463.903494] SLOW spr round 5 (radius: 25)
[00:00:03 -1463.903494] Model parameter optimization (eps = 0.100000)

[00:00:03] [worker #0] ML tree search #13, logLikelihood: -1463.903494

[00:00:03 -2409.712638] Initial branch length optimization
[00:00:03 -1497.181593] Model parameter optimization (eps = 10.000000)
[00:00:03] [worker #2] ML tree search #19, logLikelihood: -1463.903485
[00:00:03 -1470.040546] AUTODETECT spr round 1 (radius: 5)
[00:00:03 -1464.388694] AUTODETECT spr round 2 (radius: 10)
[00:00:03 -1464.388226] SPR radius for FAST iterations: 5 (autodetect)
[00:00:03 -1464.388226] Model parameter optimization (eps = 3.000000)
[00:00:03 -1463.903571] FAST spr round 1 (radius: 5)
[00:00:03 -1463.903567] Model parameter optimization (eps = 1.000000)
[00:00:03 -1463.903515] SLOW spr round 1 (radius: 5)
[00:00:03] [worker #1] ML tree search #14, logLikelihood: -1463.903489
[00:00:03 -1463.903492] SLOW spr round 2 (radius: 10)
[00:00:03 -1463.903487] SLOW spr round 3 (radius: 15)
[00:00:03] [worker #3] ML tree search #20, logLikelihood: -1463.903503
[00:00:03 -1463.903487] SLOW spr round 4 (radius: 20)
[00:00:03 -1463.903487] SLOW spr round 5 (radius: 25)
[00:00:03 -1463.903487] Model parameter optimization (eps = 0.100000)

[00:00:03] [worker #0] ML tree search #17, logLikelihood: -1463.903487

[00:00:03] [worker #1] ML tree search #18, logLikelihood: -1463.903494

Optimized model parameters:

   Partition 0: noname
   Rate heterogeneity: GAMMA (4 cats, mean),  alpha: 0.899146 (ML),  weights&rates: (0.250000,0.116418) (0.250000,0.444188) (0.250000,0.981049) (0.250000,2.458346) 
   Base frequencies (empirical): 0.354823 0.229398 0.148381 0.267398 
   Substitution rates (ML): 1.066388 5.590551 0.877279 1.931712 3.740271 1.000000 


Final LogLikelihood: -1463.903485

AIC score: 3083.806970 / AICc score: 3112.601363 / BIC score: 3413.630828
Free parameters (model + branch lengths): 78

WARNING: Best ML tree contains 16 near-zero branches!

Best ML tree with collapsed near-zero branches saved to: /data/jeremias/eucs/roadies/output/genes/gene_175_filtered.fa.aln.raxml.bestTreeCollapsed
Best ML tree saved to: /data/jeremias/eucs/roadies/output/genes/gene_175_filtered.fa.aln.raxml.bestTree
All ML trees saved to: /data/jeremias/eucs/roadies/output/genes/gene_175_filtered.fa.aln.raxml.mlTrees
Optimized model saved to: /data/jeremias/eucs/roadies/output/genes/gene_175_filtered.fa.aln.raxml.bestModel

Execution log saved to: /data/jeremias/eucs/roadies/output/genes/gene_175_filtered.fa.aln.raxml.log

Analysis started: 29-Jul-2024 17:25:32 / finished: 29-Jul-2024 17:25:36

Elapsed time: 3.855 seconds

