
RAxML-NG v. 1.2.2 released on 11.04.2024 by The Exelixis Lab.
Developed by: Alexey M. Kozlov and Alexandros Stamatakis.
Contributors: Diego Darriba, Tomas Flouri, Benoit Morel, Sarah Lutteropp, Ben Bettisworth, Julia Haag, Anastasis Togkousidis.
Latest version: https://github.com/amkozlov/raxml-ng
Questions/problems/suggestions? Please visit: https://groups.google.com/forum/#!forum/raxml

System: AMD EPYC 7742 64-Core Processor, 128 cores, 1007 GB RAM

RAxML-NG was called at 29-Jul-2024 15:40:09 as follows:

raxml-ng --msa /data/jeremias/eucs/roadies/output/genes/gene_83_filtered.fa.aln --model GTR+G+F --redo --threads auto{4} --blopt nr_safe

Analysis options:
  run mode: ML tree search
  start tree(s): random (10) + parsimony (10)
  random seed: 1722231609
  tip-inner: OFF
  pattern compression: ON
  per-rate scalers: OFF
  site repeats: ON
  logLH epsilon: general: 10.000000, brlen-triplet: 1000.000000
  fast spr radius: AUTO
  spr subtree cutoff: 1.000000
  fast CLV updates: ON
  branch lengths: proportional (ML estimate, algorithm: NR-SAFE)
  SIMD kernels: AVX2
  parallelization: coarse-grained (auto), PTHREADS (auto)

WARNING: Running in REDO mode: existing checkpoints are ignored, and all result files will be overwritten!

[00:00:00] Reading alignment from file: /data/jeremias/eucs/roadies/output/genes/gene_83_filtered.fa.aln
[00:00:00] Loaded alignment with 11 taxa and 507 sites

Alignment comprises 1 partitions and 83 patterns

Partition 0: noname
Model: GTR+FC+G4m
Alignment sites / patterns: 507 / 83
Gaps: 1.47 %
Invariant sites: 79.49 %


NOTE: Binary MSA file created: /data/jeremias/eucs/roadies/output/genes/gene_83_filtered.fa.aln.raxml.rba

Parallelization scheme autoconfig: 4 worker(s) x 1 thread(s)

[00:00:00] Generating 10 random starting tree(s) with 11 taxa
[00:00:00] Generating 10 parsimony starting tree(s) with 11 taxa
Parallel parsimony with 4 threads
Parallel reduction/worker buffer size: 1 KB  / 0 KB

[00:00:00] Data distribution: max. partitions/sites/weight per thread: 1 / 83 / 1328
[00:00:00] Data distribution: max. searches per worker: 5

Starting ML tree search with 20 distinct starting trees

[00:00:00 -2007.221275] Initial branch length optimization
[00:00:00 -1743.790014] Model parameter optimization (eps = 10.000000)
[00:00:00 -1540.785592] AUTODETECT spr round 1 (radius: 5)
[00:00:00 -1452.975916] AUTODETECT spr round 2 (radius: 10)
[00:00:00 -1452.924815] SPR radius for FAST iterations: 5 (autodetect)
[00:00:00 -1452.924815] Model parameter optimization (eps = 3.000000)
[00:00:00 -1450.497548] FAST spr round 1 (radius: 5)
[00:00:00 -1448.710506] Model parameter optimization (eps = 1.000000)
[00:00:00 -1448.559890] SLOW spr round 1 (radius: 5)
[00:00:00 -1448.559724] SLOW spr round 2 (radius: 10)
[00:00:00 -1448.559724] Model parameter optimization (eps = 0.100000)

[00:00:00] [worker #0] ML tree search #1, logLikelihood: -1448.557792

[00:00:00] [worker #1] ML tree search #2, logLikelihood: -1448.557818
[00:00:00] [worker #2] ML tree search #3, logLikelihood: -1448.557873
[00:00:00] [worker #3] ML tree search #4, logLikelihood: -1448.557950
[00:00:00 -2010.227996] Initial branch length optimization
[00:00:00 -1756.223328] Model parameter optimization (eps = 10.000000)
[00:00:00 -1546.465178] AUTODETECT spr round 1 (radius: 5)
[00:00:00 -1458.085689] AUTODETECT spr round 2 (radius: 10)
[00:00:00 -1458.035160] SPR radius for FAST iterations: 5 (autodetect)
[00:00:00 -1458.035160] Model parameter optimization (eps = 3.000000)
[00:00:00 -1455.710348] FAST spr round 1 (radius: 5)
[00:00:00 -1449.447853] Model parameter optimization (eps = 1.000000)
[00:00:00 -1449.293434] SLOW spr round 1 (radius: 5)
[00:00:00] [worker #3] ML tree search #8, logLikelihood: -1448.557752
[00:00:00 -1448.562427] SLOW spr round 2 (radius: 10)
[00:00:00 -1448.562392] Model parameter optimization (eps = 0.100000)

[00:00:00] [worker #0] ML tree search #5, logLikelihood: -1448.557898

[00:00:00] [worker #1] ML tree search #6, logLikelihood: -1448.557738
[00:00:00] [worker #2] ML tree search #7, logLikelihood: -1448.557795
[00:00:00 -1990.276634] Initial branch length optimization
[00:00:00 -1740.549982] Model parameter optimization (eps = 10.000000)
[00:00:00 -1544.045239] AUTODETECT spr round 1 (radius: 5)
[00:00:00 -1475.094033] AUTODETECT spr round 2 (radius: 10)
[00:00:00 -1472.862290] SPR radius for FAST iterations: 10 (autodetect)
[00:00:00 -1472.862290] Model parameter optimization (eps = 3.000000)
[00:00:00 -1469.942129] FAST spr round 1 (radius: 10)
[00:00:01 -1449.099156] FAST spr round 2 (radius: 10)
[00:00:01 -1449.098741] Model parameter optimization (eps = 1.000000)
[00:00:01 -1448.567557] SLOW spr round 1 (radius: 5)
[00:00:01] [worker #2] ML tree search #11, logLikelihood: -1448.557898
[00:00:01 -1448.567361] SLOW spr round 2 (radius: 10)
[00:00:01] [worker #3] ML tree search #12, logLikelihood: -1448.557805
[00:00:01 -1448.567361] Model parameter optimization (eps = 0.100000)

[00:00:01] [worker #0] ML tree search #9, logLikelihood: -1448.557806

[00:00:01] [worker #1] ML tree search #10, logLikelihood: -1448.557799
[00:00:01 -1852.717909] Initial branch length optimization
[00:00:01 -1584.156240] Model parameter optimization (eps = 10.000000)
[00:00:01 -1456.494501] AUTODETECT spr round 1 (radius: 5)
[00:00:01 -1451.803929] AUTODETECT spr round 2 (radius: 10)
[00:00:01 -1451.757892] SPR radius for FAST iterations: 5 (autodetect)
[00:00:01 -1451.757892] Model parameter optimization (eps = 3.000000)
[00:00:02 -1451.552985] FAST spr round 1 (radius: 5)
[00:00:02 -1450.117367] Model parameter optimization (eps = 1.000000)
[00:00:02 -1450.016710] SLOW spr round 1 (radius: 5)
[00:00:02] [worker #2] ML tree search #15, logLikelihood: -1448.557799
[00:00:02] [worker #3] ML tree search #16, logLikelihood: -1448.557795
[00:00:02 -1448.570067] SLOW spr round 2 (radius: 10)
[00:00:02 -1448.568664] Model parameter optimization (eps = 0.100000)
[00:00:02] [worker #1] ML tree search #14, logLikelihood: -1448.557911

[00:00:02] [worker #0] ML tree search #13, logLikelihood: -1448.557870

[00:00:02 -1849.294706] Initial branch length optimization
[00:00:02 -1574.900317] Model parameter optimization (eps = 10.000000)
[00:00:02 -1449.218395] AUTODETECT spr round 1 (radius: 5)
[00:00:02 -1449.213515] SPR radius for FAST iterations: 5 (autodetect)
[00:00:02 -1449.213515] Model parameter optimization (eps = 3.000000)
[00:00:02 -1449.211431] FAST spr round 1 (radius: 5)
[00:00:02 -1449.211254] Model parameter optimization (eps = 1.000000)
[00:00:02] [worker #2] ML tree search #19, logLikelihood: -1448.557805
[00:00:02 -1449.211216] SLOW spr round 1 (radius: 5)
[00:00:02] [worker #3] ML tree search #20, logLikelihood: -1448.557812
[00:00:02 -1448.569122] SLOW spr round 2 (radius: 10)
[00:00:02] [worker #1] ML tree search #18, logLikelihood: -1448.557722
[00:00:02 -1448.561091] Model parameter optimization (eps = 0.100000)

[00:00:03] [worker #0] ML tree search #17, logLikelihood: -1448.557847


Optimized model parameters:

   Partition 0: noname
   Rate heterogeneity: GAMMA (4 cats, mean),  alpha: 0.203325 (ML),  weights&rates: (0.250000,0.000595) (0.250000,0.035716) (0.250000,0.392281) (0.250000,3.571409) 
   Base frequencies (empirical): 0.285350 0.204914 0.286988 0.222748 
   Substitution rates (ML): 2.071998 17.116492 1.820215 0.001000 28.279806 1.000000 


Final LogLikelihood: -1448.557722

AIC score: 2953.115445 / AICc score: 2956.512934 / BIC score: 3071.513753
Free parameters (model + branch lengths): 28

WARNING: Best ML tree contains 1 near-zero branches!

Best ML tree with collapsed near-zero branches saved to: /data/jeremias/eucs/roadies/output/genes/gene_83_filtered.fa.aln.raxml.bestTreeCollapsed
Best ML tree saved to: /data/jeremias/eucs/roadies/output/genes/gene_83_filtered.fa.aln.raxml.bestTree
All ML trees saved to: /data/jeremias/eucs/roadies/output/genes/gene_83_filtered.fa.aln.raxml.mlTrees
Optimized model saved to: /data/jeremias/eucs/roadies/output/genes/gene_83_filtered.fa.aln.raxml.bestModel

Execution log saved to: /data/jeremias/eucs/roadies/output/genes/gene_83_filtered.fa.aln.raxml.log

Analysis started: 29-Jul-2024 15:40:09 / finished: 29-Jul-2024 15:40:12

Elapsed time: 3.004 seconds

