
RAxML-NG v. 1.2.2 released on 11.04.2024 by The Exelixis Lab.
Developed by: Alexey M. Kozlov and Alexandros Stamatakis.
Contributors: Diego Darriba, Tomas Flouri, Benoit Morel, Sarah Lutteropp, Ben Bettisworth, Julia Haag, Anastasis Togkousidis.
Latest version: https://github.com/amkozlov/raxml-ng
Questions/problems/suggestions? Please visit: https://groups.google.com/forum/#!forum/raxml

System: AMD EPYC 7742 64-Core Processor, 128 cores, 1007 GB RAM

RAxML-NG was called at 29-Jul-2024 15:24:05 as follows:

raxml-ng --msa /data/jeremias/eucs/roadies/output/genes/gene_79_filtered.fa.aln --model GTR+G+F --redo --threads auto{4} --blopt nr_safe

Analysis options:
  run mode: ML tree search
  start tree(s): random (10) + parsimony (10)
  random seed: 1722230645
  tip-inner: OFF
  pattern compression: ON
  per-rate scalers: OFF
  site repeats: ON
  logLH epsilon: general: 10.000000, brlen-triplet: 1000.000000
  fast spr radius: AUTO
  spr subtree cutoff: 1.000000
  fast CLV updates: ON
  branch lengths: proportional (ML estimate, algorithm: NR-SAFE)
  SIMD kernels: AVX2
  parallelization: coarse-grained (auto), PTHREADS (auto)

WARNING: Running in REDO mode: existing checkpoints are ignored, and all result files will be overwritten!

[00:00:00] Reading alignment from file: /data/jeremias/eucs/roadies/output/genes/gene_79_filtered.fa.aln
[00:00:00] Loaded alignment with 37 taxa and 533 sites

WARNING: Sequences E_polyanthemos_0 and E_dawsonii_0 are exactly identical!
WARNING: Duplicate sequences found: 1

NOTE: Reduced alignment (with duplicates and gap-only sites/taxa removed) 
NOTE: was saved to: /data/jeremias/eucs/roadies/output/genes/gene_79_filtered.fa.aln.raxml.reduced.phy

Alignment comprises 1 partitions and 165 patterns

Partition 0: noname
Model: GTR+FC+G4m
Alignment sites / patterns: 533 / 165
Gaps: 5.83 %
Invariant sites: 75.80 %


NOTE: Binary MSA file created: /data/jeremias/eucs/roadies/output/genes/gene_79_filtered.fa.aln.raxml.rba

Parallelization scheme autoconfig: 4 worker(s) x 1 thread(s)

[00:00:00] Generating 10 random starting tree(s) with 37 taxa
[00:00:00] Generating 10 parsimony starting tree(s) with 37 taxa
Parallel parsimony with 4 threads
Parallel reduction/worker buffer size: 1 KB  / 0 KB

[00:00:00] Data distribution: max. partitions/sites/weight per thread: 1 / 165 / 2640
[00:00:00] Data distribution: max. searches per worker: 5

Starting ML tree search with 20 distinct starting trees

[00:00:00 -3461.185738] Initial branch length optimization
[00:00:02 -2662.826687] Model parameter optimization (eps = 10.000000)
[00:00:02 -2458.544070] AUTODETECT spr round 1 (radius: 5)
[00:00:02 -1961.168897] AUTODETECT spr round 2 (radius: 10)
[00:00:03 -1949.518677] AUTODETECT spr round 3 (radius: 15)
[00:00:03 -1949.451336] SPR radius for FAST iterations: 10 (autodetect)
[00:00:03 -1949.451336] Model parameter optimization (eps = 3.000000)
[00:00:03 -1941.367497] FAST spr round 1 (radius: 10)
[00:00:03 -1857.526974] FAST spr round 2 (radius: 10)
[00:00:03 -1856.926310] Model parameter optimization (eps = 1.000000)
[00:00:03 -1854.964903] SLOW spr round 1 (radius: 5)
[00:00:03 -1854.964894] SLOW spr round 2 (radius: 10)
[00:00:03 -1854.964894] SLOW spr round 3 (radius: 15)
[00:00:03] [worker #2] ML tree search #3, logLikelihood: -1855.219507
[00:00:03 -1854.964894] SLOW spr round 4 (radius: 20)
[00:00:03] [worker #3] ML tree search #4, logLikelihood: -1854.964882
[00:00:03 -1854.964894] SLOW spr round 5 (radius: 25)
[00:00:03 -1854.964894] Model parameter optimization (eps = 0.100000)

[00:00:03] [worker #0] ML tree search #1, logLikelihood: -1854.964888

[00:00:03 -3519.620714] Initial branch length optimization
[00:00:03 -2741.470521] Model parameter optimization (eps = 10.000000)
[00:00:03] [worker #1] ML tree search #2, logLikelihood: -1854.964943
[00:00:03 -2495.585725] AUTODETECT spr round 1 (radius: 5)
[00:00:03 -2055.610603] AUTODETECT spr round 2 (radius: 10)
[00:00:03 -2020.061686] AUTODETECT spr round 3 (radius: 15)
[00:00:03 -1910.006456] AUTODETECT spr round 4 (radius: 20)
[00:00:03 -1909.950527] SPR radius for FAST iterations: 15 (autodetect)
[00:00:03 -1909.950527] Model parameter optimization (eps = 3.000000)
[00:00:03 -1899.891833] FAST spr round 1 (radius: 15)
[00:00:03 -1856.303100] FAST spr round 2 (radius: 15)
[00:00:03 -1855.677797] Model parameter optimization (eps = 1.000000)
[00:00:04 -1853.354221] SLOW spr round 1 (radius: 5)
[00:00:04 -1852.836194] SLOW spr round 2 (radius: 10)
[00:00:04 -1852.836184] SLOW spr round 3 (radius: 15)
[00:00:04] [worker #2] ML tree search #7, logLikelihood: -1854.964882
[00:00:04 -1852.836184] SLOW spr round 4 (radius: 20)
[00:00:04 -1852.836184] SLOW spr round 5 (radius: 25)
[00:00:04 -1852.836184] Model parameter optimization (eps = 0.100000)

[00:00:04] [worker #0] ML tree search #5, logLikelihood: -1852.835880

[00:00:04] [worker #3] ML tree search #8, logLikelihood: -1854.964943
[00:00:04 -3544.591016] Initial branch length optimization
[00:00:04 -2784.830803] Model parameter optimization (eps = 10.000000)
[00:00:04] [worker #1] ML tree search #6, logLikelihood: -1857.154086
[00:00:04 -2504.663410] AUTODETECT spr round 1 (radius: 5)
[00:00:04 -2134.649401] AUTODETECT spr round 2 (radius: 10)
[00:00:04 -2044.362651] AUTODETECT spr round 3 (radius: 15)
[00:00:04 -2044.314970] SPR radius for FAST iterations: 10 (autodetect)
[00:00:04 -2044.314970] Model parameter optimization (eps = 3.000000)
[00:00:04 -2034.799521] FAST spr round 1 (radius: 10)
[00:00:04 -1877.420322] FAST spr round 2 (radius: 10)
[00:00:04 -1862.247507] FAST spr round 3 (radius: 10)
[00:00:04 -1862.247432] Model parameter optimization (eps = 1.000000)
[00:00:04 -1854.965146] SLOW spr round 1 (radius: 5)
[00:00:05] [worker #2] ML tree search #11, logLikelihood: -1852.835894
[00:00:05 -1854.964938] SLOW spr round 2 (radius: 10)
[00:00:05] [worker #3] ML tree search #12, logLikelihood: -1854.964879
[00:00:05 -1854.964938] SLOW spr round 3 (radius: 15)
[00:00:05 -1854.964938] SLOW spr round 4 (radius: 20)
[00:00:05 -1854.964938] SLOW spr round 5 (radius: 25)
[00:00:05 -1854.964938] Model parameter optimization (eps = 0.100000)

[00:00:05] [worker #0] ML tree search #9, logLikelihood: -1854.964882

[00:00:05 -2761.560214] Initial branch length optimization
[00:00:05 -1908.636167] Model parameter optimization (eps = 10.000000)
[00:00:05 -1861.039022] AUTODETECT spr round 1 (radius: 5)
[00:00:05] [worker #1] ML tree search #10, logLikelihood: -1854.964878
[00:00:05 -1856.640295] AUTODETECT spr round 2 (radius: 10)
[00:00:05 -1856.622968] SPR radius for FAST iterations: 5 (autodetect)
[00:00:05 -1856.622968] Model parameter optimization (eps = 3.000000)
[00:00:05 -1856.585413] FAST spr round 1 (radius: 5)
[00:00:05 -1854.965267] Model parameter optimization (eps = 1.000000)
[00:00:05 -1854.965111] SLOW spr round 1 (radius: 5)
[00:00:05 -1854.964888] SLOW spr round 2 (radius: 10)
[00:00:05 -1854.964888] SLOW spr round 3 (radius: 15)
[00:00:05] [worker #2] ML tree search #15, logLikelihood: -1855.050371
[00:00:05] [worker #3] ML tree search #16, logLikelihood: -1854.964876
[00:00:05 -1854.964888] SLOW spr round 4 (radius: 20)
[00:00:05 -1854.964888] SLOW spr round 5 (radius: 25)
[00:00:05 -1854.964888] Model parameter optimization (eps = 0.100000)

[00:00:05] [worker #0] ML tree search #13, logLikelihood: -1854.964886

[00:00:05 -2759.068291] Initial branch length optimization
[00:00:05 -1905.062563] Model parameter optimization (eps = 10.000000)
[00:00:05 -1858.410050] AUTODETECT spr round 1 (radius: 5)
[00:00:05 -1853.944600] AUTODETECT spr round 2 (radius: 10)
[00:00:05] [worker #1] ML tree search #14, logLikelihood: -1856.131557
[00:00:05 -1853.547677] AUTODETECT spr round 3 (radius: 15)
[00:00:05 -1853.546943] SPR radius for FAST iterations: 10 (autodetect)
[00:00:05 -1853.546943] Model parameter optimization (eps = 3.000000)
[00:00:06 -1853.496163] FAST spr round 1 (radius: 10)
[00:00:06 -1853.496042] Model parameter optimization (eps = 1.000000)
[00:00:06 -1853.495835] SLOW spr round 1 (radius: 5)
[00:00:06 -1853.495508] SLOW spr round 2 (radius: 10)
[00:00:06 -1852.836885] SLOW spr round 3 (radius: 15)
[00:00:06] [worker #2] ML tree search #19, logLikelihood: -1854.964891
[00:00:06 -1852.836308] SLOW spr round 4 (radius: 20)
[00:00:06] [worker #3] ML tree search #20, logLikelihood: -1854.964880
[00:00:06 -1852.836308] SLOW spr round 5 (radius: 25)
[00:00:06 -1852.836308] Model parameter optimization (eps = 0.100000)

[00:00:06] [worker #0] ML tree search #17, logLikelihood: -1852.835880

[00:00:06] [worker #1] ML tree search #18, logLikelihood: -1852.835877

Optimized model parameters:

   Partition 0: noname
   Rate heterogeneity: GAMMA (4 cats, mean),  alpha: 0.655358 (ML),  weights&rates: (0.250000,0.064690) (0.250000,0.341683) (0.250000,0.907131) (0.250000,2.686496) 
   Base frequencies (empirical): 0.279576 0.207528 0.220613 0.292284 
   Substitution rates (ML): 0.410890 3.524462 0.717573 1.254725 3.317696 1.000000 


Final LogLikelihood: -1852.835877

AIC score: 3865.671754 / AICc score: 3894.344320 / BIC score: 4207.953468
Free parameters (model + branch lengths): 80

WARNING: Best ML tree contains 10 near-zero branches!

Best ML tree with collapsed near-zero branches saved to: /data/jeremias/eucs/roadies/output/genes/gene_79_filtered.fa.aln.raxml.bestTreeCollapsed
Best ML tree saved to: /data/jeremias/eucs/roadies/output/genes/gene_79_filtered.fa.aln.raxml.bestTree
All ML trees saved to: /data/jeremias/eucs/roadies/output/genes/gene_79_filtered.fa.aln.raxml.mlTrees
Optimized model saved to: /data/jeremias/eucs/roadies/output/genes/gene_79_filtered.fa.aln.raxml.bestModel

Execution log saved to: /data/jeremias/eucs/roadies/output/genes/gene_79_filtered.fa.aln.raxml.log

Analysis started: 29-Jul-2024 15:24:05 / finished: 29-Jul-2024 15:24:11

Elapsed time: 6.508 seconds

