
RAxML-NG v. 1.2.2 released on 11.04.2024 by The Exelixis Lab.
Developed by: Alexey M. Kozlov and Alexandros Stamatakis.
Contributors: Diego Darriba, Tomas Flouri, Benoit Morel, Sarah Lutteropp, Ben Bettisworth, Julia Haag, Anastasis Togkousidis.
Latest version: https://github.com/amkozlov/raxml-ng
Questions/problems/suggestions? Please visit: https://groups.google.com/forum/#!forum/raxml

System: AMD EPYC 7742 64-Core Processor, 128 cores, 1007 GB RAM

RAxML-NG was called at 29-Jul-2024 16:54:30 as follows:

raxml-ng --msa /data/jeremias/eucs/roadies/output/genes/gene_30_filtered.fa.aln --model GTR+G+F --redo --threads auto{4} --blopt nr_safe

Analysis options:
  run mode: ML tree search
  start tree(s): random (10) + parsimony (10)
  random seed: 1722236070
  tip-inner: OFF
  pattern compression: ON
  per-rate scalers: OFF
  site repeats: ON
  logLH epsilon: general: 10.000000, brlen-triplet: 1000.000000
  fast spr radius: AUTO
  spr subtree cutoff: 1.000000
  fast CLV updates: ON
  branch lengths: proportional (ML estimate, algorithm: NR-SAFE)
  SIMD kernels: AVX2
  parallelization: coarse-grained (auto), PTHREADS (auto)

WARNING: Running in REDO mode: existing checkpoints are ignored, and all result files will be overwritten!

[00:00:00] Reading alignment from file: /data/jeremias/eucs/roadies/output/genes/gene_30_filtered.fa.aln
[00:00:00] Loaded alignment with 38 taxa and 561 sites

WARNING: Sequences E_lansdowneana_0 and E_lansdowneana_1 are exactly identical!
WARNING: Duplicate sequences found: 1

NOTE: Reduced alignment (with duplicates and gap-only sites/taxa removed) 
NOTE: was saved to: /data/jeremias/eucs/roadies/output/genes/gene_30_filtered.fa.aln.raxml.reduced.phy

Alignment comprises 1 partitions and 137 patterns

Partition 0: noname
Model: GTR+FC+G4m
Alignment sites / patterns: 561 / 137
Gaps: 10.20 %
Invariant sites: 77.72 %


NOTE: Binary MSA file created: /data/jeremias/eucs/roadies/output/genes/gene_30_filtered.fa.aln.raxml.rba

Parallelization scheme autoconfig: 4 worker(s) x 1 thread(s)

[00:00:00] Generating 10 random starting tree(s) with 38 taxa
[00:00:00] Generating 10 parsimony starting tree(s) with 38 taxa
Parallel parsimony with 4 threads
Parallel reduction/worker buffer size: 1 KB  / 0 KB

[00:00:00] Data distribution: max. partitions/sites/weight per thread: 1 / 137 / 2192
[00:00:00] Data distribution: max. searches per worker: 5

Starting ML tree search with 20 distinct starting trees

[00:00:00 -3558.807473] Initial branch length optimization
[00:00:00 -2582.421001] Model parameter optimization (eps = 10.000000)
[00:00:00 -2382.203015] AUTODETECT spr round 1 (radius: 5)
[00:00:00 -1934.621035] AUTODETECT spr round 2 (radius: 10)
[00:00:00 -1900.897060] AUTODETECT spr round 3 (radius: 15)
[00:00:00 -1900.754642] AUTODETECT spr round 4 (radius: 20)
[00:00:00 -1900.751260] SPR radius for FAST iterations: 15 (autodetect)
[00:00:00 -1900.751260] Model parameter optimization (eps = 3.000000)
[00:00:00 -1894.265080] FAST spr round 1 (radius: 15)
[00:00:00 -1832.947518] FAST spr round 2 (radius: 15)
[00:00:00 -1831.823777] Model parameter optimization (eps = 1.000000)
[00:00:00 -1830.454227] SLOW spr round 1 (radius: 5)
[00:00:00 -1830.182285] SLOW spr round 2 (radius: 10)
[00:00:00] [worker #2] ML tree search #3, logLikelihood: -1833.209548
[00:00:00 -1830.182281] SLOW spr round 3 (radius: 15)
[00:00:00] [worker #3] ML tree search #4, logLikelihood: -1831.749295
[00:00:00 -1830.182281] SLOW spr round 4 (radius: 20)
[00:00:00] [worker #1] ML tree search #2, logLikelihood: -1830.151640
[00:00:00 -1830.182281] SLOW spr round 5 (radius: 25)
[00:00:00 -1830.182281] Model parameter optimization (eps = 0.100000)

[00:00:00] [worker #0] ML tree search #1, logLikelihood: -1830.151253

[00:00:00 -3353.478346] Initial branch length optimization
[00:00:00 -2477.063270] Model parameter optimization (eps = 10.000000)
[00:00:01 -2334.104142] AUTODETECT spr round 1 (radius: 5)
[00:00:01 -2017.442363] AUTODETECT spr round 2 (radius: 10)
[00:00:01 -1875.670887] AUTODETECT spr round 3 (radius: 15)
[00:00:01 -1875.601514] SPR radius for FAST iterations: 10 (autodetect)
[00:00:01 -1875.601514] Model parameter optimization (eps = 3.000000)
[00:00:01 -1868.000293] FAST spr round 1 (radius: 10)
[00:00:01 -1833.635256] FAST spr round 2 (radius: 10)
[00:00:01 -1831.665719] Model parameter optimization (eps = 1.000000)
[00:00:01 -1831.219454] SLOW spr round 1 (radius: 5)
[00:00:01] [worker #2] ML tree search #7, logLikelihood: -1831.212527
[00:00:01] [worker #3] ML tree search #8, logLikelihood: -1831.212545
[00:00:01 -1831.216817] SLOW spr round 2 (radius: 10)
[00:00:01 -1831.216709] SLOW spr round 3 (radius: 15)
[00:00:01] [worker #1] ML tree search #6, logLikelihood: -1831.216202
[00:00:01 -1831.216703] SLOW spr round 4 (radius: 20)
[00:00:01 -1831.216703] SLOW spr round 5 (radius: 25)
[00:00:01 -1831.216703] Model parameter optimization (eps = 0.100000)

[00:00:01] [worker #0] ML tree search #5, logLikelihood: -1831.212918

[00:00:01 -3539.515333] Initial branch length optimization
[00:00:01 -2551.282034] Model parameter optimization (eps = 10.000000)
[00:00:01 -2357.852928] AUTODETECT spr round 1 (radius: 5)
[00:00:01 -1880.332117] AUTODETECT spr round 2 (radius: 10)
[00:00:02 -1864.502171] AUTODETECT spr round 3 (radius: 15)
[00:00:02 -1864.353730] AUTODETECT spr round 4 (radius: 20)
[00:00:02 -1864.338696] SPR radius for FAST iterations: 15 (autodetect)
[00:00:02 -1864.338696] Model parameter optimization (eps = 3.000000)
[00:00:02 -1856.065251] FAST spr round 1 (radius: 15)
[00:00:02 -1831.039630] FAST spr round 2 (radius: 15)
[00:00:02] [worker #2] ML tree search #11, logLikelihood: -1831.212903
[00:00:02 -1830.776035] Model parameter optimization (eps = 1.000000)
[00:00:02 -1830.456557] SLOW spr round 1 (radius: 5)
[00:00:02] [worker #3] ML tree search #12, logLikelihood: -1831.213275
[00:00:02 -1830.184935] SLOW spr round 2 (radius: 10)
[00:00:02] [worker #1] ML tree search #10, logLikelihood: -1830.151282
[00:00:02 -1830.184899] SLOW spr round 3 (radius: 15)
[00:00:02 -1830.184898] SLOW spr round 4 (radius: 20)
[00:00:02 -1830.184897] SLOW spr round 5 (radius: 25)
[00:00:02 -1830.184897] Model parameter optimization (eps = 0.100000)

[00:00:02] [worker #0] ML tree search #9, logLikelihood: -1830.151334

[00:00:02 -2804.559181] Initial branch length optimization
[00:00:02 -1865.907586] Model parameter optimization (eps = 10.000000)
[00:00:02 -1837.476818] AUTODETECT spr round 1 (radius: 5)
[00:00:02 -1833.267742] AUTODETECT spr round 2 (radius: 10)
[00:00:02 -1833.263379] SPR radius for FAST iterations: 5 (autodetect)
[00:00:02 -1833.263379] Model parameter optimization (eps = 3.000000)
[00:00:02 -1833.083502] FAST spr round 1 (radius: 5)
[00:00:02] [worker #2] ML tree search #15, logLikelihood: -1833.212462
[00:00:02 -1833.083336] Model parameter optimization (eps = 1.000000)
[00:00:02 -1833.083327] SLOW spr round 1 (radius: 5)
[00:00:02 -1832.208269] SLOW spr round 2 (radius: 10)
[00:00:02] [worker #3] ML tree search #16, logLikelihood: -1830.159035
[00:00:03] [worker #1] ML tree search #14, logLikelihood: -1830.151685
[00:00:03 -1832.208268] SLOW spr round 3 (radius: 15)
[00:00:03 -1832.208268] SLOW spr round 4 (radius: 20)
[00:00:03 -1832.208268] SLOW spr round 5 (radius: 25)
[00:00:03 -1832.208268] Model parameter optimization (eps = 0.100000)

[00:00:03] [worker #0] ML tree search #13, logLikelihood: -1832.150578

[00:00:03 -2815.768188] Initial branch length optimization
[00:00:03 -1870.273646] Model parameter optimization (eps = 10.000000)
[00:00:03 -1839.625205] AUTODETECT spr round 1 (radius: 5)
[00:00:03 -1833.994410] AUTODETECT spr round 2 (radius: 10)
[00:00:03 -1832.559319] AUTODETECT spr round 3 (radius: 15)
[00:00:03 -1832.548967] SPR radius for FAST iterations: 10 (autodetect)
[00:00:03 -1832.548967] Model parameter optimization (eps = 3.000000)
[00:00:03] [worker #2] ML tree search #19, logLikelihood: -1831.367947
[00:00:03 -1832.331464] FAST spr round 1 (radius: 10)
[00:00:03 -1831.759097] Model parameter optimization (eps = 1.000000)
[00:00:03 -1831.749677] SLOW spr round 1 (radius: 5)
[00:00:03] [worker #3] ML tree search #20, logLikelihood: -1830.308458
[00:00:03 -1831.308017] SLOW spr round 2 (radius: 10)
[00:00:03] [worker #1] ML tree search #18, logLikelihood: -1833.206688
[00:00:03 -1831.307971] SLOW spr round 3 (radius: 15)
[00:00:03 -1831.307968] SLOW spr round 4 (radius: 20)
[00:00:03 -1831.307968] SLOW spr round 5 (radius: 25)
[00:00:03 -1831.307968] Model parameter optimization (eps = 0.100000)

[00:00:03] [worker #0] ML tree search #17, logLikelihood: -1831.212681


Optimized model parameters:

   Partition 0: noname
   Rate heterogeneity: GAMMA (4 cats, mean),  alpha: 0.366334 (ML),  weights&rates: (0.250000,0.012172) (0.250000,0.156198) (0.250000,0.692120) (0.250000,3.139510) 
   Base frequencies (empirical): 0.193230 0.224312 0.225983 0.356475 
   Substitution rates (ML): 0.650171 1.521358 0.605287 0.852751 2.595851 1.000000 


Final LogLikelihood: -1830.151253

AIC score: 3824.302506 / AICc score: 3852.779493 / BIC score: 4179.339620
Free parameters (model + branch lengths): 82

WARNING: Best ML tree contains 11 near-zero branches!

Best ML tree with collapsed near-zero branches saved to: /data/jeremias/eucs/roadies/output/genes/gene_30_filtered.fa.aln.raxml.bestTreeCollapsed
Best ML tree saved to: /data/jeremias/eucs/roadies/output/genes/gene_30_filtered.fa.aln.raxml.bestTree
All ML trees saved to: /data/jeremias/eucs/roadies/output/genes/gene_30_filtered.fa.aln.raxml.mlTrees
Optimized model saved to: /data/jeremias/eucs/roadies/output/genes/gene_30_filtered.fa.aln.raxml.bestModel

Execution log saved to: /data/jeremias/eucs/roadies/output/genes/gene_30_filtered.fa.aln.raxml.log

Analysis started: 29-Jul-2024 16:54:30 / finished: 29-Jul-2024 16:54:33

Elapsed time: 3.800 seconds

