
RAxML-NG v. 1.2.2 released on 11.04.2024 by The Exelixis Lab.
Developed by: Alexey M. Kozlov and Alexandros Stamatakis.
Contributors: Diego Darriba, Tomas Flouri, Benoit Morel, Sarah Lutteropp, Ben Bettisworth, Julia Haag, Anastasis Togkousidis.
Latest version: https://github.com/amkozlov/raxml-ng
Questions/problems/suggestions? Please visit: https://groups.google.com/forum/#!forum/raxml

System: AMD EPYC 7742 64-Core Processor, 128 cores, 1007 GB RAM

RAxML-NG was called at 29-Jul-2024 14:08:48 as follows:

raxml-ng --msa /data/jeremias/eucs/roadies/output/genes/gene_37_filtered.fa.aln --model GTR+G+F --redo --threads auto{4} --blopt nr_safe

Analysis options:
  run mode: ML tree search
  start tree(s): random (10) + parsimony (10)
  random seed: 1722226128
  tip-inner: OFF
  pattern compression: ON
  per-rate scalers: OFF
  site repeats: ON
  logLH epsilon: general: 10.000000, brlen-triplet: 1000.000000
  fast spr radius: AUTO
  spr subtree cutoff: 1.000000
  fast CLV updates: ON
  branch lengths: proportional (ML estimate, algorithm: NR-SAFE)
  SIMD kernels: AVX2
  parallelization: coarse-grained (auto), PTHREADS (auto)

WARNING: Running in REDO mode: existing checkpoints are ignored, and all result files will be overwritten!

[00:00:00] Reading alignment from file: /data/jeremias/eucs/roadies/output/genes/gene_37_filtered.fa.aln
[00:00:00] Loaded alignment with 142 taxa and 595 sites

WARNING: Sequences E_sid_E_mel_2 and E_sideroxylon_2 are exactly identical!
WARNING: Sequences E_sid_E_mel_2 and E_paniculata_2 are exactly identical!
WARNING: Sequences E_polyanthemos_3 and E_dawsonii_2 are exactly identical!
WARNING: Sequences E_ANBG9806169_0 and E_regnans_1 are exactly identical!
WARNING: Duplicate sequences found: 4

NOTE: Reduced alignment (with duplicates and gap-only sites/taxa removed) 
NOTE: was saved to: /data/jeremias/eucs/roadies/output/genes/gene_37_filtered.fa.aln.raxml.reduced.phy

Alignment comprises 1 partitions and 512 patterns

Partition 0: noname
Model: GTR+FC+G4m
Alignment sites / patterns: 595 / 512
Gaps: 12.88 %
Invariant sites: 18.66 %


NOTE: Binary MSA file created: /data/jeremias/eucs/roadies/output/genes/gene_37_filtered.fa.aln.raxml.rba

Parallelization scheme autoconfig: 4 worker(s) x 1 thread(s)

[00:00:00] Generating 10 random starting tree(s) with 142 taxa
[00:00:00] Generating 10 parsimony starting tree(s) with 142 taxa
Parallel parsimony with 4 threads
Parallel reduction/worker buffer size: 1 KB  / 0 KB

[00:00:00] Data distribution: max. partitions/sites/weight per thread: 1 / 512 / 8192
[00:00:00] Data distribution: max. searches per worker: 5

Starting ML tree search with 20 distinct starting trees

[00:00:00 -58653.132314] Initial branch length optimization
[00:00:00 -39696.656636] Model parameter optimization (eps = 10.000000)
[00:00:01 -37118.013483] AUTODETECT spr round 1 (radius: 5)
[00:00:02 -17383.940834] AUTODETECT spr round 2 (radius: 10)
[00:00:03 -10615.769526] AUTODETECT spr round 3 (radius: 15)
[00:00:04 -8774.561609] AUTODETECT spr round 4 (radius: 20)
[00:00:05 -8720.750057] AUTODETECT spr round 5 (radius: 25)
[00:00:06 -8720.103242] SPR radius for FAST iterations: 25 (autodetect)
[00:00:06 -8720.103242] Model parameter optimization (eps = 3.000000)
[00:00:07 -8341.117021] FAST spr round 1 (radius: 25)
[00:00:08 -7524.951507] FAST spr round 2 (radius: 25)
[00:00:09 -7237.010296] FAST spr round 3 (radius: 25)
[00:00:09 -7236.489263] Model parameter optimization (eps = 1.000000)
[00:00:10 -7221.545609] SLOW spr round 1 (radius: 5)
[00:00:12 -7219.360010] SLOW spr round 2 (radius: 10)
[00:00:13 -7219.358366] SLOW spr round 3 (radius: 15)
[00:00:17 -7219.357846] SLOW spr round 4 (radius: 20)
[00:00:21 -7219.357672] SLOW spr round 5 (radius: 25)
[00:00:24 -7219.357612] Model parameter optimization (eps = 0.100000)

[00:00:24] [worker #0] ML tree search #1, logLikelihood: -7219.339150

[00:00:24 -58964.665597] Initial branch length optimization
[00:00:24 -39421.134814] Model parameter optimization (eps = 10.000000)
[00:00:25 -36831.981110] AUTODETECT spr round 1 (radius: 5)
[00:00:25] [worker #1] ML tree search #2, logLikelihood: -7219.339001
[00:00:26 -17009.237977] AUTODETECT spr round 2 (radius: 10)
[00:00:27 -11540.270199] AUTODETECT spr round 3 (radius: 15)
[00:00:28] [worker #3] ML tree search #4, logLikelihood: -7222.738758
[00:00:28 -8743.018917] AUTODETECT spr round 4 (radius: 20)
[00:00:29 -8457.605284] AUTODETECT spr round 5 (radius: 25)
[00:00:30 -8456.710744] SPR radius for FAST iterations: 25 (autodetect)
[00:00:30 -8456.710744] Model parameter optimization (eps = 3.000000)
[00:00:30] [worker #2] ML tree search #3, logLikelihood: -7219.339732
[00:00:31 -8080.286541] FAST spr round 1 (radius: 25)
[00:00:32 -7284.259124] FAST spr round 2 (radius: 25)
[00:00:33 -7243.341605] FAST spr round 3 (radius: 25)
[00:00:33 -7241.422166] Model parameter optimization (eps = 1.000000)
[00:00:34 -7226.156309] SLOW spr round 1 (radius: 5)
[00:00:36 -7222.872171] SLOW spr round 2 (radius: 10)
[00:00:37 -7222.870395] SLOW spr round 3 (radius: 15)
[00:00:41 -7222.869909] SLOW spr round 4 (radius: 20)
[00:00:45 -7222.869769] SLOW spr round 5 (radius: 25)
[00:00:48 -7222.869727] Model parameter optimization (eps = 0.100000)

[00:00:48] [worker #0] ML tree search #5, logLikelihood: -7222.774709

[00:00:48 -56252.629557] Initial branch length optimization
[00:00:48 -37358.625919] Model parameter optimization (eps = 10.000000)
[00:00:49 -35058.342001] AUTODETECT spr round 1 (radius: 5)
[00:00:50 -17558.961980] AUTODETECT spr round 2 (radius: 10)
[00:00:51 -11703.377747] AUTODETECT spr round 3 (radius: 15)
[00:00:52 -8676.355151] AUTODETECT spr round 4 (radius: 20)
[00:00:53] [worker #1] ML tree search #6, logLikelihood: -7219.339434
[00:00:53 -8673.072198] AUTODETECT spr round 5 (radius: 25)
[00:00:54 -8670.952670] SPR radius for FAST iterations: 25 (autodetect)
[00:00:54 -8670.952670] Model parameter optimization (eps = 3.000000)
[00:00:54 -8344.239868] FAST spr round 1 (radius: 25)
[00:00:54] [worker #3] ML tree search #8, logLikelihood: -7219.341336
[00:00:55] [worker #2] ML tree search #7, logLikelihood: -7219.339158
[00:00:55 -7416.685003] FAST spr round 2 (radius: 25)
[00:00:56 -7275.185325] FAST spr round 3 (radius: 25)
[00:00:57 -7238.534018] FAST spr round 4 (radius: 25)
[00:00:57 -7238.533522] Model parameter optimization (eps = 1.000000)
[00:00:58 -7219.493129] SLOW spr round 1 (radius: 5)
[00:01:00 -7219.363719] SLOW spr round 2 (radius: 10)
[00:01:01 -7219.361448] SLOW spr round 3 (radius: 15)
[00:01:05 -7219.360726] SLOW spr round 4 (radius: 20)
[00:01:09 -7219.360481] SLOW spr round 5 (radius: 25)
[00:01:11 -7219.360394] Model parameter optimization (eps = 0.100000)

[00:01:11] [worker #0] ML tree search #9, logLikelihood: -7219.339320

[00:01:11 -10122.904137] Initial branch length optimization
[00:01:11 -7514.987861] Model parameter optimization (eps = 10.000000)
[00:01:12 -7278.558120] AUTODETECT spr round 1 (radius: 5)
[00:01:12 -7237.892041] AUTODETECT spr round 2 (radius: 10)
[00:01:13 -7233.023268] AUTODETECT spr round 3 (radius: 15)
[00:01:13] [worker #3] ML tree search #12, logLikelihood: -7222.476872
[00:01:14 -7232.908306] AUTODETECT spr round 4 (radius: 20)
[00:01:15] [worker #2] ML tree search #11, logLikelihood: -7222.476767
[00:01:16 -7232.834660] SPR radius for FAST iterations: 15 (autodetect)
[00:01:16 -7232.834660] Model parameter optimization (eps = 3.000000)
[00:01:16 -7232.512567] FAST spr round 1 (radius: 15)
[00:01:16] [worker #1] ML tree search #10, logLikelihood: -7225.875531
[00:01:17 -7226.178394] Model parameter optimization (eps = 1.000000)
[00:01:18 -7226.120126] SLOW spr round 1 (radius: 5)
[00:01:19 -7225.886827] SLOW spr round 2 (radius: 10)
[00:01:21 -7225.883389] SLOW spr round 3 (radius: 15)
[00:01:24 -7225.882259] SLOW spr round 4 (radius: 20)
[00:01:28 -7225.881849] SLOW spr round 5 (radius: 25)
[00:01:30 -7225.881698] Model parameter optimization (eps = 0.100000)

[00:01:30] [worker #0] ML tree search #13, logLikelihood: -7225.874979

[00:01:30 -10143.101699] Initial branch length optimization
[00:01:30 -7525.598053] Model parameter optimization (eps = 10.000000)
[00:01:30 -7294.079762] AUTODETECT spr round 1 (radius: 5)
[00:01:31 -7245.664671] AUTODETECT spr round 2 (radius: 10)
[00:01:31 -7235.196231] AUTODETECT spr round 3 (radius: 15)
[00:01:32] [worker #3] ML tree search #16, logLikelihood: -7222.476867
[00:01:33 -7235.087844] AUTODETECT spr round 4 (radius: 20)
[00:01:34] [worker #2] ML tree search #15, logLikelihood: -7222.477302
[00:01:34 -7235.020664] SPR radius for FAST iterations: 15 (autodetect)
[00:01:34 -7235.020664] Model parameter optimization (eps = 3.000000)
[00:01:34 -7234.416300] FAST spr round 1 (radius: 15)
[00:01:35 -7216.961139] FAST spr round 2 (radius: 15)
[00:01:35 -7216.958126] Model parameter optimization (eps = 1.000000)
[00:01:35 -7216.938668] SLOW spr round 1 (radius: 5)
[00:01:36] [worker #1] ML tree search #14, logLikelihood: -7219.338735
[00:01:37 -7216.527555] SLOW spr round 2 (radius: 10)
[00:01:38 -7216.526729] SLOW spr round 3 (radius: 15)
[00:01:41 -7216.526530] SLOW spr round 4 (radius: 20)
[00:01:45 -7216.526468] SLOW spr round 5 (radius: 25)
[00:01:48 -7216.526447] Model parameter optimization (eps = 0.100000)

[00:01:48] [worker #0] ML tree search #17, logLikelihood: -7216.520718

[00:01:50] [worker #3] ML tree search #20, logLikelihood: -7222.476796
[00:01:53] [worker #2] ML tree search #19, logLikelihood: -7222.476810
[00:01:55] [worker #1] ML tree search #18, logLikelihood: -7222.476846

Optimized model parameters:

   Partition 0: noname
   Rate heterogeneity: GAMMA (4 cats, mean),  alpha: 3.567947 (ML),  weights&rates: (0.250000,0.428928) (0.250000,0.758805) (0.250000,1.084176) (0.250000,1.728091) 
   Base frequencies (empirical): 0.265094 0.178047 0.208576 0.348283 
   Substitution rates (ML): 1.161909 3.649062 0.752921 1.174918 3.281921 1.000000 


Final LogLikelihood: -7216.520718

AIC score: 15013.041437 / AICc score: 15568.238805 / BIC score: 16285.724244
Free parameters (model + branch lengths): 290

WARNING: Best ML tree contains 51 near-zero branches!

Best ML tree with collapsed near-zero branches saved to: /data/jeremias/eucs/roadies/output/genes/gene_37_filtered.fa.aln.raxml.bestTreeCollapsed
Best ML tree saved to: /data/jeremias/eucs/roadies/output/genes/gene_37_filtered.fa.aln.raxml.bestTree
All ML trees saved to: /data/jeremias/eucs/roadies/output/genes/gene_37_filtered.fa.aln.raxml.mlTrees
Optimized model saved to: /data/jeremias/eucs/roadies/output/genes/gene_37_filtered.fa.aln.raxml.bestModel

Execution log saved to: /data/jeremias/eucs/roadies/output/genes/gene_37_filtered.fa.aln.raxml.log

Analysis started: 29-Jul-2024 14:08:48 / finished: 29-Jul-2024 14:10:43

Elapsed time: 115.683 seconds

