
RAxML-NG v. 1.2.2 released on 11.04.2024 by The Exelixis Lab.
Developed by: Alexey M. Kozlov and Alexandros Stamatakis.
Contributors: Diego Darriba, Tomas Flouri, Benoit Morel, Sarah Lutteropp, Ben Bettisworth, Julia Haag, Anastasis Togkousidis.
Latest version: https://github.com/amkozlov/raxml-ng
Questions/problems/suggestions? Please visit: https://groups.google.com/forum/#!forum/raxml

System: AMD EPYC 7742 64-Core Processor, 128 cores, 1007 GB RAM

RAxML-NG was called at 29-Jul-2024 15:14:36 as follows:

raxml-ng --msa /data/jeremias/eucs/roadies/output/genes/gene_195_filtered.fa.aln --model GTR+G+F --redo --threads auto{4} --blopt nr_safe

Analysis options:
  run mode: ML tree search
  start tree(s): random (10) + parsimony (10)
  random seed: 1722230076
  tip-inner: OFF
  pattern compression: ON
  per-rate scalers: OFF
  site repeats: ON
  logLH epsilon: general: 10.000000, brlen-triplet: 1000.000000
  fast spr radius: AUTO
  spr subtree cutoff: 1.000000
  fast CLV updates: ON
  branch lengths: proportional (ML estimate, algorithm: NR-SAFE)
  SIMD kernels: AVX2
  parallelization: coarse-grained (auto), PTHREADS (auto)

WARNING: Running in REDO mode: existing checkpoints are ignored, and all result files will be overwritten!

[00:00:00] Reading alignment from file: /data/jeremias/eucs/roadies/output/genes/gene_195_filtered.fa.aln
[00:00:00] Loaded alignment with 39 taxa and 546 sites

Alignment comprises 1 partitions and 300 patterns

Partition 0: noname
Model: GTR+FC+G4m
Alignment sites / patterns: 546 / 300
Gaps: 8.45 %
Invariant sites: 51.47 %


NOTE: Binary MSA file created: /data/jeremias/eucs/roadies/output/genes/gene_195_filtered.fa.aln.raxml.rba

Parallelization scheme autoconfig: 4 worker(s) x 1 thread(s)

[00:00:00] Generating 10 random starting tree(s) with 39 taxa
[00:00:00] Generating 10 parsimony starting tree(s) with 39 taxa
Parallel parsimony with 4 threads
Parallel reduction/worker buffer size: 1 KB  / 0 KB

[00:00:00] Data distribution: max. partitions/sites/weight per thread: 1 / 300 / 4800
[00:00:00] Data distribution: max. searches per worker: 5

Starting ML tree search with 20 distinct starting trees

[00:00:00 -5869.317033] Initial branch length optimization
[00:00:00 -4782.048964] Model parameter optimization (eps = 10.000000)
[00:00:00 -4491.041788] AUTODETECT spr round 1 (radius: 5)
[00:00:00 -3557.803959] AUTODETECT spr round 2 (radius: 10)
[00:00:00 -3497.206309] AUTODETECT spr round 3 (radius: 15)
[00:00:00 -3497.129526] SPR radius for FAST iterations: 10 (autodetect)
[00:00:00 -3497.129526] Model parameter optimization (eps = 3.000000)
[00:00:00 -3472.758364] FAST spr round 1 (radius: 10)
[00:00:00 -3437.143277] FAST spr round 2 (radius: 10)
[00:00:00 -3431.665390] Model parameter optimization (eps = 1.000000)
[00:00:00 -3431.224754] SLOW spr round 1 (radius: 5)
[00:00:01 -3430.140143] SLOW spr round 2 (radius: 10)
[00:00:01 -3430.140130] SLOW spr round 3 (radius: 15)
[00:00:01 -3430.140130] SLOW spr round 4 (radius: 20)
[00:00:01 -3430.140130] SLOW spr round 5 (radius: 25)
[00:00:01 -3430.140130] Model parameter optimization (eps = 0.100000)

[00:00:01] [worker #0] ML tree search #1, logLikelihood: -3430.137048

[00:00:01 -5901.637291] Initial branch length optimization
[00:00:01 -4775.372287] Model parameter optimization (eps = 10.000000)
[00:00:01] [worker #3] ML tree search #4, logLikelihood: -3425.673443
[00:00:01 -4497.650224] AUTODETECT spr round 1 (radius: 5)
[00:00:01] [worker #1] ML tree search #2, logLikelihood: -3427.789232
[00:00:02 -3774.988165] AUTODETECT spr round 2 (radius: 10)
[00:00:02 -3715.461565] AUTODETECT spr round 3 (radius: 15)
[00:00:02] [worker #2] ML tree search #3, logLikelihood: -3424.521806
[00:00:02 -3715.427970] SPR radius for FAST iterations: 10 (autodetect)
[00:00:02 -3715.427970] Model parameter optimization (eps = 3.000000)
[00:00:02 -3706.354167] FAST spr round 1 (radius: 10)
[00:00:02 -3456.636219] FAST spr round 2 (radius: 10)
[00:00:02 -3436.766356] FAST spr round 3 (radius: 10)
[00:00:02 -3436.530589] Model parameter optimization (eps = 1.000000)
[00:00:02 -3429.584750] SLOW spr round 1 (radius: 5)
[00:00:03 -3424.539101] SLOW spr round 2 (radius: 10)
[00:00:03 -3424.539097] SLOW spr round 3 (radius: 15)
[00:00:03] [worker #1] ML tree search #6, logLikelihood: -3424.319669
[00:00:03] [worker #3] ML tree search #8, logLikelihood: -3426.719199
[00:00:03 -3424.539097] SLOW spr round 4 (radius: 20)
[00:00:03 -3424.539097] SLOW spr round 5 (radius: 25)
[00:00:03 -3424.539097] Model parameter optimization (eps = 0.100000)

[00:00:03] [worker #0] ML tree search #5, logLikelihood: -3424.521894

[00:00:03 -5612.771656] Initial branch length optimization
[00:00:03 -4638.621894] Model parameter optimization (eps = 10.000000)
[00:00:03 -4376.471589] AUTODETECT spr round 1 (radius: 5)
[00:00:04 -3530.292539] AUTODETECT spr round 2 (radius: 10)
[00:00:04 -3506.671466] AUTODETECT spr round 3 (radius: 15)
[00:00:04 -3505.959333] AUTODETECT spr round 4 (radius: 20)
[00:00:04 -3505.903228] SPR radius for FAST iterations: 15 (autodetect)
[00:00:04 -3505.903228] Model parameter optimization (eps = 3.000000)
[00:00:04 -3485.729764] FAST spr round 1 (radius: 15)
[00:00:04] [worker #2] ML tree search #7, logLikelihood: -3427.323328
[00:00:04 -3433.210871] FAST spr round 2 (radius: 15)
[00:00:04 -3427.173141] Model parameter optimization (eps = 1.000000)
[00:00:04 -3426.905363] SLOW spr round 1 (radius: 5)
[00:00:05 -3424.353721] SLOW spr round 2 (radius: 10)
[00:00:05] [worker #3] ML tree search #12, logLikelihood: -3428.404720
[00:00:05 -3424.353678] SLOW spr round 3 (radius: 15)
[00:00:05 -3424.353678] SLOW spr round 4 (radius: 20)
[00:00:05 -3424.353678] SLOW spr round 5 (radius: 25)
[00:00:05 -3424.353678] Model parameter optimization (eps = 0.100000)

[00:00:05] [worker #0] ML tree search #9, logLikelihood: -3424.319773

[00:00:05 -4287.067516] Initial branch length optimization
[00:00:05 -3575.214466] Model parameter optimization (eps = 10.000000)
[00:00:05 -3457.782284] AUTODETECT spr round 1 (radius: 5)
[00:00:05] [worker #1] ML tree search #10, logLikelihood: -3425.673198
[00:00:05] [worker #2] ML tree search #11, logLikelihood: -3425.842678
[00:00:05 -3432.208357] AUTODETECT spr round 2 (radius: 10)
[00:00:05 -3430.260980] AUTODETECT spr round 3 (radius: 15)
[00:00:05 -3430.227911] SPR radius for FAST iterations: 10 (autodetect)
[00:00:05 -3430.227911] Model parameter optimization (eps = 3.000000)
[00:00:06 -3430.119436] FAST spr round 1 (radius: 10)
[00:00:06 -3426.382834] Model parameter optimization (eps = 1.000000)
[00:00:06 -3426.345684] SLOW spr round 1 (radius: 5)
[00:00:06 -3424.544620] SLOW spr round 2 (radius: 10)
[00:00:06] [worker #3] ML tree search #16, logLikelihood: -3425.673159
[00:00:06 -3424.544418] SLOW spr round 3 (radius: 15)
[00:00:06 -3424.544418] SLOW spr round 4 (radius: 20)
[00:00:07 -3424.544418] SLOW spr round 5 (radius: 25)
[00:00:07 -3424.544418] Model parameter optimization (eps = 0.100000)

[00:00:07] [worker #0] ML tree search #13, logLikelihood: -3424.521901

[00:00:07 -4275.666026] Initial branch length optimization
[00:00:07 -3567.783721] Model parameter optimization (eps = 10.000000)
[00:00:07] [worker #1] ML tree search #14, logLikelihood: -3425.842586
[00:00:07] [worker #2] ML tree search #15, logLikelihood: -3427.377010
[00:00:07 -3446.276527] AUTODETECT spr round 1 (radius: 5)
[00:00:07 -3427.593584] AUTODETECT spr round 2 (radius: 10)
[00:00:07 -3427.545650] SPR radius for FAST iterations: 5 (autodetect)
[00:00:07 -3427.545650] Model parameter optimization (eps = 3.000000)
[00:00:07 -3427.429489] FAST spr round 1 (radius: 5)
[00:00:07 -3425.852628] Model parameter optimization (eps = 1.000000)
[00:00:07 -3425.842984] SLOW spr round 1 (radius: 5)
[00:00:07 -3425.842605] SLOW spr round 2 (radius: 10)
[00:00:08] [worker #3] ML tree search #20, logLikelihood: -3424.521902
[00:00:08 -3425.842605] SLOW spr round 3 (radius: 15)
[00:00:08 -3425.842605] SLOW spr round 4 (radius: 20)
[00:00:08 -3425.842605] SLOW spr round 5 (radius: 25)
[00:00:08 -3425.842605] Model parameter optimization (eps = 0.100000)

[00:00:08] [worker #0] ML tree search #17, logLikelihood: -3425.842591

[00:00:08] [worker #1] ML tree search #18, logLikelihood: -3424.319713
[00:00:08] [worker #2] ML tree search #19, logLikelihood: -3428.072541

Optimized model parameters:

   Partition 0: noname
   Rate heterogeneity: GAMMA (4 cats, mean),  alpha: 0.887067 (ML),  weights&rates: (0.250000,0.113907) (0.250000,0.439962) (0.250000,0.978440) (0.250000,2.467691) 
   Base frequencies (empirical): 0.314953 0.204206 0.189279 0.291562 
   Substitution rates (ML): 1.436726 4.757609 1.179683 1.416854 6.232375 1.000000 


Final LogLikelihood: -3424.319669

AIC score: 7016.639339 / AICc score: 7047.615478 / BIC score: 7378.059333
Free parameters (model + branch lengths): 84

WARNING: Best ML tree contains 3 near-zero branches!

Best ML tree with collapsed near-zero branches saved to: /data/jeremias/eucs/roadies/output/genes/gene_195_filtered.fa.aln.raxml.bestTreeCollapsed
Best ML tree saved to: /data/jeremias/eucs/roadies/output/genes/gene_195_filtered.fa.aln.raxml.bestTree
All ML trees saved to: /data/jeremias/eucs/roadies/output/genes/gene_195_filtered.fa.aln.raxml.mlTrees
Optimized model saved to: /data/jeremias/eucs/roadies/output/genes/gene_195_filtered.fa.aln.raxml.bestModel

Execution log saved to: /data/jeremias/eucs/roadies/output/genes/gene_195_filtered.fa.aln.raxml.log

Analysis started: 29-Jul-2024 15:14:36 / finished: 29-Jul-2024 15:14:44

Elapsed time: 8.872 seconds

