
RAxML-NG v. 1.2.2 released on 11.04.2024 by The Exelixis Lab.
Developed by: Alexey M. Kozlov and Alexandros Stamatakis.
Contributors: Diego Darriba, Tomas Flouri, Benoit Morel, Sarah Lutteropp, Ben Bettisworth, Julia Haag, Anastasis Togkousidis.
Latest version: https://github.com/amkozlov/raxml-ng
Questions/problems/suggestions? Please visit: https://groups.google.com/forum/#!forum/raxml

System: AMD EPYC 7742 64-Core Processor, 128 cores, 1007 GB RAM

RAxML-NG was called at 29-Jul-2024 16:03:38 as follows:

raxml-ng --msa /data/jeremias/eucs/roadies/output/genes/gene_80_filtered.fa.aln --model GTR+G+F --redo --threads auto{4} --blopt nr_safe

Analysis options:
  run mode: ML tree search
  start tree(s): random (10) + parsimony (10)
  random seed: 1722233018
  tip-inner: OFF
  pattern compression: ON
  per-rate scalers: OFF
  site repeats: ON
  logLH epsilon: general: 10.000000, brlen-triplet: 1000.000000
  fast spr radius: AUTO
  spr subtree cutoff: 1.000000
  fast CLV updates: ON
  branch lengths: proportional (ML estimate, algorithm: NR-SAFE)
  SIMD kernels: AVX2
  parallelization: coarse-grained (auto), PTHREADS (auto)

WARNING: Running in REDO mode: existing checkpoints are ignored, and all result files will be overwritten!

[00:00:00] Reading alignment from file: /data/jeremias/eucs/roadies/output/genes/gene_80_filtered.fa.aln
[00:00:00] Loaded alignment with 38 taxa and 518 sites

WARNING: Sequences E_melliodora_0 and E_lansdowneana_0 are exactly identical!
WARNING: Sequences E_polyanthemos_0 and E_dawsonii_0 are exactly identical!
WARNING: Duplicate sequences found: 2

NOTE: Reduced alignment (with duplicates and gap-only sites/taxa removed) 
NOTE: was saved to: /data/jeremias/eucs/roadies/output/genes/gene_80_filtered.fa.aln.raxml.reduced.phy

Alignment comprises 1 partitions and 166 patterns

Partition 0: noname
Model: GTR+FC+G4m
Alignment sites / patterns: 518 / 166
Gaps: 3.93 %
Invariant sites: 70.46 %


NOTE: Binary MSA file created: /data/jeremias/eucs/roadies/output/genes/gene_80_filtered.fa.aln.raxml.rba

Parallelization scheme autoconfig: 4 worker(s) x 1 thread(s)

[00:00:00] Generating 10 random starting tree(s) with 38 taxa
[00:00:00] Generating 10 parsimony starting tree(s) with 38 taxa
Parallel parsimony with 4 threads
Parallel reduction/worker buffer size: 1 KB  / 0 KB

[00:00:00] Data distribution: max. partitions/sites/weight per thread: 1 / 166 / 2656
[00:00:00] Data distribution: max. searches per worker: 5

Starting ML tree search with 20 distinct starting trees

[00:00:00 -3989.868711] Initial branch length optimization
[00:00:00 -3196.649999] Model parameter optimization (eps = 10.000000)
[00:00:00 -2923.590872] AUTODETECT spr round 1 (radius: 5)
[00:00:00 -2488.740938] AUTODETECT spr round 2 (radius: 10)
[00:00:00 -2394.923160] AUTODETECT spr round 3 (radius: 15)
[00:00:00 -2382.068079] AUTODETECT spr round 4 (radius: 20)
[00:00:00 -2381.472283] AUTODETECT spr round 5 (radius: 25)
[00:00:00 -2381.410730] SPR radius for FAST iterations: 20 (autodetect)
[00:00:00 -2381.410730] Model parameter optimization (eps = 3.000000)
[00:00:00 -2375.131125] FAST spr round 1 (radius: 20)
[00:00:00 -2353.077684] FAST spr round 2 (radius: 20)
[00:00:00 -2348.123111] Model parameter optimization (eps = 1.000000)
[00:00:00 -2346.840740] SLOW spr round 1 (radius: 5)
[00:00:00 -2344.090810] SLOW spr round 2 (radius: 10)
[00:00:00 -2344.090486] SLOW spr round 3 (radius: 15)
[00:00:00 -2344.090484] SLOW spr round 4 (radius: 20)
[00:00:00] [worker #3] ML tree search #4, logLikelihood: -2344.167110
[00:00:00 -2344.090484] SLOW spr round 5 (radius: 25)
[00:00:00] [worker #2] ML tree search #3, logLikelihood: -2344.034768
[00:00:00 -2344.090484] Model parameter optimization (eps = 0.100000)

[00:00:00] [worker #0] ML tree search #1, logLikelihood: -2344.034796

[00:00:01 -4001.360734] Initial branch length optimization
[00:00:01 -3178.877667] Model parameter optimization (eps = 10.000000)
[00:00:01] [worker #1] ML tree search #2, logLikelihood: -2344.001998
[00:00:01 -2900.684411] AUTODETECT spr round 1 (radius: 5)
[00:00:01 -2415.562166] AUTODETECT spr round 2 (radius: 10)
[00:00:01 -2384.800576] AUTODETECT spr round 3 (radius: 15)
[00:00:01 -2384.502586] AUTODETECT spr round 4 (radius: 20)
[00:00:01 -2384.474829] SPR radius for FAST iterations: 15 (autodetect)
[00:00:01 -2384.474829] Model parameter optimization (eps = 3.000000)
[00:00:01 -2377.542459] FAST spr round 1 (radius: 15)
[00:00:01 -2348.725735] FAST spr round 2 (radius: 15)
[00:00:01 -2346.194425] Model parameter optimization (eps = 1.000000)
[00:00:01 -2345.469672] SLOW spr round 1 (radius: 5)
[00:00:01 -2344.179214] SLOW spr round 2 (radius: 10)
[00:00:01 -2344.032178] SLOW spr round 3 (radius: 15)
[00:00:01 -2344.025286] SLOW spr round 4 (radius: 20)
[00:00:01 -2344.025283] SLOW spr round 5 (radius: 25)
[00:00:01] [worker #2] ML tree search #7, logLikelihood: -2344.159947
[00:00:01] [worker #3] ML tree search #8, logLikelihood: -2344.308804
[00:00:01 -2344.025283] Model parameter optimization (eps = 0.100000)

[00:00:01] [worker #0] ML tree search #5, logLikelihood: -2344.002092

[00:00:01 -3938.179241] Initial branch length optimization
[00:00:01 -3140.185740] Model parameter optimization (eps = 10.000000)
[00:00:01 -2878.617667] AUTODETECT spr round 1 (radius: 5)
[00:00:02 -2497.987355] AUTODETECT spr round 2 (radius: 10)
[00:00:02] [worker #1] ML tree search #6, logLikelihood: -2344.833224
[00:00:02 -2434.424335] AUTODETECT spr round 3 (radius: 15)
[00:00:02 -2434.385352] SPR radius for FAST iterations: 10 (autodetect)
[00:00:02 -2434.385352] Model parameter optimization (eps = 3.000000)
[00:00:02 -2432.372430] FAST spr round 1 (radius: 10)
[00:00:02 -2358.272106] FAST spr round 2 (radius: 10)
[00:00:02 -2349.369684] Model parameter optimization (eps = 1.000000)
[00:00:02 -2347.028172] SLOW spr round 1 (radius: 5)
[00:00:02] [worker #2] ML tree search #11, logLikelihood: -2344.897590
[00:00:02 -2345.083949] SLOW spr round 2 (radius: 10)
[00:00:02] [worker #3] ML tree search #12, logLikelihood: -2344.297684
[00:00:02 -2344.913032] SLOW spr round 3 (radius: 15)
[00:00:02 -2344.912890] SLOW spr round 4 (radius: 20)
[00:00:02 -2344.912890] SLOW spr round 5 (radius: 25)
[00:00:02 -2344.912890] Model parameter optimization (eps = 0.100000)

[00:00:02] [worker #0] ML tree search #9, logLikelihood: -2344.830144

[00:00:02 -3226.817207] Initial branch length optimization
[00:00:02 -2448.263224] Model parameter optimization (eps = 10.000000)
[00:00:02 -2356.225195] AUTODETECT spr round 1 (radius: 5)
[00:00:02] [worker #1] ML tree search #10, logLikelihood: -2344.833251
[00:00:02 -2352.292551] AUTODETECT spr round 2 (radius: 10)
[00:00:03 -2347.399546] AUTODETECT spr round 3 (radius: 15)
[00:00:03 -2347.393024] SPR radius for FAST iterations: 10 (autodetect)
[00:00:03 -2347.393024] Model parameter optimization (eps = 3.000000)
[00:00:03 -2347.300248] FAST spr round 1 (radius: 10)
[00:00:03 -2346.818034] Model parameter optimization (eps = 1.000000)
[00:00:03 -2346.767287] SLOW spr round 1 (radius: 5)
[00:00:03] [worker #2] ML tree search #15, logLikelihood: -2344.076754
[00:00:03 -2344.962722] SLOW spr round 2 (radius: 10)
[00:00:03] [worker #3] ML tree search #16, logLikelihood: -2344.167089
[00:00:03 -2344.962699] SLOW spr round 3 (radius: 15)
[00:00:03 -2344.962699] SLOW spr round 4 (radius: 20)
[00:00:03 -2344.962699] SLOW spr round 5 (radius: 25)
[00:00:03 -2344.962699] Model parameter optimization (eps = 0.100000)

[00:00:03] [worker #0] ML tree search #13, logLikelihood: -2344.833241

[00:00:03 -3226.303439] Initial branch length optimization
[00:00:03 -2455.855899] Model parameter optimization (eps = 10.000000)
[00:00:03 -2366.682813] AUTODETECT spr round 1 (radius: 5)
[00:00:03 -2344.290250] AUTODETECT spr round 2 (radius: 10)
[00:00:03] [worker #1] ML tree search #14, logLikelihood: -2343.869830
[00:00:03 -2344.191147] SPR radius for FAST iterations: 5 (autodetect)
[00:00:03 -2344.191147] Model parameter optimization (eps = 3.000000)
[00:00:03 -2343.824521] FAST spr round 1 (radius: 5)
[00:00:03 -2343.824423] Model parameter optimization (eps = 1.000000)
[00:00:03 -2343.824048] SLOW spr round 1 (radius: 5)
[00:00:03] [worker #2] ML tree search #19, logLikelihood: -2344.412568
[00:00:03 -2343.823793] SLOW spr round 2 (radius: 10)
[00:00:04 -2343.823793] SLOW spr round 3 (radius: 15)
[00:00:04] [worker #3] ML tree search #20, logLikelihood: -2353.380088
[00:00:04 -2343.823793] SLOW spr round 4 (radius: 20)
[00:00:04 -2343.823793] SLOW spr round 5 (radius: 25)
[00:00:04 -2343.823793] Model parameter optimization (eps = 0.100000)

[00:00:04] [worker #0] ML tree search #17, logLikelihood: -2343.823789

[00:00:04] [worker #1] ML tree search #18, logLikelihood: -2348.334282

Optimized model parameters:

   Partition 0: noname
   Rate heterogeneity: GAMMA (4 cats, mean),  alpha: 0.318170 (ML),  weights&rates: (0.250000,0.006885) (0.250000,0.118684) (0.250000,0.625093) (0.250000,3.249339) 
   Base frequencies (empirical): 0.272448 0.228451 0.240349 0.258752 
   Substitution rates (ML): 1.014554 4.917266 0.938367 1.014407 3.986606 1.000000 


Final LogLikelihood: -2343.823789

AIC score: 4851.647577 / AICc score: 4882.939531 / BIC score: 5200.145547
Free parameters (model + branch lengths): 82

WARNING: Best ML tree contains 6 near-zero branches!

Best ML tree with collapsed near-zero branches saved to: /data/jeremias/eucs/roadies/output/genes/gene_80_filtered.fa.aln.raxml.bestTreeCollapsed
Best ML tree saved to: /data/jeremias/eucs/roadies/output/genes/gene_80_filtered.fa.aln.raxml.bestTree
All ML trees saved to: /data/jeremias/eucs/roadies/output/genes/gene_80_filtered.fa.aln.raxml.mlTrees
Optimized model saved to: /data/jeremias/eucs/roadies/output/genes/gene_80_filtered.fa.aln.raxml.bestModel

Execution log saved to: /data/jeremias/eucs/roadies/output/genes/gene_80_filtered.fa.aln.raxml.log

Analysis started: 29-Jul-2024 16:03:38 / finished: 29-Jul-2024 16:03:43

Elapsed time: 4.309 seconds

