
RAxML-NG v. 1.2.2 released on 11.04.2024 by The Exelixis Lab.
Developed by: Alexey M. Kozlov and Alexandros Stamatakis.
Contributors: Diego Darriba, Tomas Flouri, Benoit Morel, Sarah Lutteropp, Ben Bettisworth, Julia Haag, Anastasis Togkousidis.
Latest version: https://github.com/amkozlov/raxml-ng
Questions/problems/suggestions? Please visit: https://groups.google.com/forum/#!forum/raxml

System: AMD EPYC 7742 64-Core Processor, 128 cores, 1007 GB RAM

RAxML-NG was called at 29-Jul-2024 15:33:18 as follows:

raxml-ng --msa /data/jeremias/eucs/roadies/output/genes/gene_198_filtered.fa.aln --model GTR+G+F --redo --threads auto{4} --blopt nr_safe

Analysis options:
  run mode: ML tree search
  start tree(s): random (10) + parsimony (10)
  random seed: 1722231198
  tip-inner: OFF
  pattern compression: ON
  per-rate scalers: OFF
  site repeats: ON
  logLH epsilon: general: 10.000000, brlen-triplet: 1000.000000
  fast spr radius: AUTO
  spr subtree cutoff: 1.000000
  fast CLV updates: ON
  branch lengths: proportional (ML estimate, algorithm: NR-SAFE)
  SIMD kernels: AVX2
  parallelization: coarse-grained (auto), PTHREADS (auto)

WARNING: Running in REDO mode: existing checkpoints are ignored, and all result files will be overwritten!

[00:00:00] Reading alignment from file: /data/jeremias/eucs/roadies/output/genes/gene_198_filtered.fa.aln
[00:00:00] Loaded alignment with 330 taxa and 506 sites

WARNING: Sequences E_lansdowneana_5 and E_lansdowneana_6 are exactly identical!
WARNING: Duplicate sequences found: 1

NOTE: Reduced alignment (with duplicates and gap-only sites/taxa removed) 
NOTE: was saved to: /data/jeremias/eucs/roadies/output/genes/gene_198_filtered.fa.aln.raxml.reduced.phy

Alignment comprises 1 partitions and 499 patterns

Partition 0: noname
Model: GTR+FC+G4m
Alignment sites / patterns: 506 / 499
Gaps: 1.30 %
Invariant sites: 3.16 %


NOTE: Binary MSA file created: /data/jeremias/eucs/roadies/output/genes/gene_198_filtered.fa.aln.raxml.rba

Parallelization scheme autoconfig: 4 worker(s) x 1 thread(s)

[00:00:00] Generating 10 random starting tree(s) with 330 taxa
[00:00:00] Generating 10 parsimony starting tree(s) with 330 taxa
Parallel parsimony with 4 threads
Parallel reduction/worker buffer size: 1 KB  / 0 KB

[00:00:00] Data distribution: max. partitions/sites/weight per thread: 1 / 499 / 7984
[00:00:00] Data distribution: max. searches per worker: 5

Starting ML tree search with 20 distinct starting trees

[00:00:00 -61512.051023] Initial branch length optimization
[00:00:00 -55542.813939] Model parameter optimization (eps = 10.000000)
[00:00:02 -49732.237924] AUTODETECT spr round 1 (radius: 5)
[00:00:03 -44324.492425] AUTODETECT spr round 2 (radius: 10)
[00:00:06 -38155.606659] AUTODETECT spr round 3 (radius: 15)
[00:00:10 -36241.053460] AUTODETECT spr round 4 (radius: 20)
[00:00:15 -35583.071917] AUTODETECT spr round 5 (radius: 25)
[00:00:21 -35549.387859] SPR radius for FAST iterations: 25 (autodetect)
[00:00:21 -35549.387859] Model parameter optimization (eps = 3.000000)
[00:00:23 -35382.231377] FAST spr round 1 (radius: 25)
[00:00:27 -33118.278036] FAST spr round 2 (radius: 25)
[00:00:29 -32896.310082] FAST spr round 3 (radius: 25)
[00:00:32 -32883.166542] FAST spr round 4 (radius: 25)
[00:00:34 -32881.194200] Model parameter optimization (eps = 1.000000)
[00:00:34 -32878.840709] SLOW spr round 1 (radius: 5)
[00:00:41 -32859.655543] SLOW spr round 2 (radius: 5)
[00:00:46 -32848.789982] SLOW spr round 3 (radius: 5)
[00:00:51 -32843.111208] SLOW spr round 4 (radius: 10)
[00:00:55 -32835.983425] SLOW spr round 5 (radius: 15)
[00:01:06 -32826.005830] SLOW spr round 6 (radius: 20)
[00:01:18 -32826.003694] SLOW spr round 7 (radius: 25)
[00:01:29] [worker #3] ML tree search #4, logLikelihood: -32844.317894
[00:01:35 -32825.796697] Model parameter optimization (eps = 0.100000)

[00:01:36] [worker #0] ML tree search #1, logLikelihood: -32825.767049

[00:01:36 -61425.979975] Initial branch length optimization
[00:01:36 -55428.798799] Model parameter optimization (eps = 10.000000)
[00:01:39 -49633.751972] AUTODETECT spr round 1 (radius: 5)
[00:01:41 -42756.940741] AUTODETECT spr round 2 (radius: 10)
[00:01:44 -36654.514900] AUTODETECT spr round 3 (radius: 15)
[00:01:49 -35466.533381] AUTODETECT spr round 4 (radius: 20)
[00:01:55 -35239.999759] AUTODETECT spr round 5 (radius: 25)
[00:02:01 -34921.057897] SPR radius for FAST iterations: 25 (autodetect)
[00:02:01 -34921.057897] Model parameter optimization (eps = 3.000000)
[00:02:03 -34771.514372] FAST spr round 1 (radius: 25)
[00:02:03] [worker #2] ML tree search #3, logLikelihood: -32823.132933
[00:02:07 -33089.788740] FAST spr round 2 (radius: 25)
[00:02:11 -32974.019756] FAST spr round 3 (radius: 25)
[00:02:13 -32963.380420] FAST spr round 4 (radius: 25)
[00:02:15 -32963.184078] Model parameter optimization (eps = 1.000000)
[00:02:16 -32962.467207] SLOW spr round 1 (radius: 5)
[00:02:23 -32938.059247] SLOW spr round 2 (radius: 5)
[00:02:30 -32932.866402] SLOW spr round 3 (radius: 10)
[00:02:35 -32924.609611] SLOW spr round 4 (radius: 15)
[00:02:45 -32924.595007] SLOW spr round 5 (radius: 20)
[00:02:56] [worker #1] ML tree search #2, logLikelihood: -32866.815435
[00:03:05 -32917.108683] SLOW spr round 6 (radius: 25)
[00:03:28 -32878.574112] SLOW spr round 7 (radius: 5)
[00:03:40 -32829.955287] SLOW spr round 8 (radius: 5)
[00:03:48 -32828.466462] SLOW spr round 9 (radius: 10)
[00:03:56 -32828.466033] SLOW spr round 10 (radius: 15)
[00:04:05] [worker #2] ML tree search #7, logLikelihood: -32814.126465
[00:04:12 -32828.465981] SLOW spr round 11 (radius: 20)
[00:04:35 -32828.465974] SLOW spr round 12 (radius: 25)
[00:04:53 -32826.877933] Model parameter optimization (eps = 0.100000)

[00:04:53] [worker #0] ML tree search #5, logLikelihood: -32826.760570

[00:04:53 -62036.779961] Initial branch length optimization
[00:04:53 -55808.637186] Model parameter optimization (eps = 10.000000)
[00:04:55 -49882.190599] AUTODETECT spr round 1 (radius: 5)
[00:04:57 -44395.851883] AUTODETECT spr round 2 (radius: 10)
[00:05:01 -37924.927265] AUTODETECT spr round 3 (radius: 15)
[00:05:07 -35756.964987] AUTODETECT spr round 4 (radius: 20)
[00:05:08] [worker #3] ML tree search #8, logLikelihood: -32918.200787
[00:05:14 -35356.309298] AUTODETECT spr round 5 (radius: 25)
[00:05:20 -35265.335963] SPR radius for FAST iterations: 25 (autodetect)
[00:05:21 -35265.335963] Model parameter optimization (eps = 3.000000)
[00:05:23 -35085.803845] FAST spr round 1 (radius: 25)
[00:05:27 -32987.519858] FAST spr round 2 (radius: 25)
[00:05:30 -32904.595005] FAST spr round 3 (radius: 25)
[00:05:33 -32893.300291] FAST spr round 4 (radius: 25)
[00:05:35 -32887.097079] Model parameter optimization (eps = 1.000000)
[00:05:36 -32886.799494] SLOW spr round 1 (radius: 5)
[00:05:42 -32860.477199] SLOW spr round 2 (radius: 5)
[00:05:47] [worker #2] ML tree search #11, logLikelihood: -32857.664231
[00:05:48 -32851.644450] SLOW spr round 3 (radius: 10)
[00:05:52 -32848.034864] SLOW spr round 4 (radius: 15)
[00:06:02 -32848.009412] SLOW spr round 5 (radius: 20)
[00:06:15 -32848.008989] SLOW spr round 6 (radius: 25)
[00:06:27 -32847.944239] Model parameter optimization (eps = 0.100000)

[00:06:27] [worker #0] ML tree search #9, logLikelihood: -32847.837145

[00:06:27 -39374.382362] Initial branch length optimization
[00:06:27 -36298.367201] Model parameter optimization (eps = 10.000000)
[00:06:30 -33348.542493] AUTODETECT spr round 1 (radius: 5)
[00:06:30] [worker #1] ML tree search #6, logLikelihood: -32879.001850
[00:06:32 -33084.134944] AUTODETECT spr round 2 (radius: 10)
[00:06:36 -33002.871911] AUTODETECT spr round 3 (radius: 15)
[00:06:39] [worker #3] ML tree search #12, logLikelihood: -32841.473771
[00:06:43 -32992.961040] AUTODETECT spr round 4 (radius: 20)
[00:06:54 -32987.238269] AUTODETECT spr round 5 (radius: 25)
[00:07:01 -32980.263663] SPR radius for FAST iterations: 25 (autodetect)
[00:07:01 -32980.263663] Model parameter optimization (eps = 3.000000)
[00:07:02 -32979.065712] FAST spr round 1 (radius: 25)
[00:07:05 -32884.609648] FAST spr round 2 (radius: 25)
[00:07:07] [worker #2] ML tree search #15, logLikelihood: -32887.825293
[00:07:08 -32877.930104] Model parameter optimization (eps = 1.000000)
[00:07:09 -32877.867417] SLOW spr round 1 (radius: 5)
[00:07:16 -32865.126619] SLOW spr round 2 (radius: 5)
[00:07:22 -32863.002818] SLOW spr round 3 (radius: 10)
[00:07:28 -32855.496194] SLOW spr round 4 (radius: 15)
[00:07:41 -32853.683312] SLOW spr round 5 (radius: 20)
[00:07:58 -32853.682061] SLOW spr round 6 (radius: 25)
[00:08:10 -32853.682029] Model parameter optimization (eps = 0.100000)

[00:08:10] [worker #0] ML tree search #13, logLikelihood: -32853.662661

[00:08:10 -39403.845271] Initial branch length optimization
[00:08:11 -36261.519506] Model parameter optimization (eps = 10.000000)
[00:08:11 -33447.689970] AUTODETECT spr round 1 (radius: 5)
[00:08:13 -33159.744966] AUTODETECT spr round 2 (radius: 10)
[00:08:14] [worker #1] ML tree search #10, logLikelihood: -32905.624618
[00:08:15] [worker #3] ML tree search #16, logLikelihood: -32854.643778
[00:08:16 -33115.375660] AUTODETECT spr round 3 (radius: 15)
[00:08:21 -33070.683991] AUTODETECT spr round 4 (radius: 20)
[00:08:26 -33049.723349] AUTODETECT spr round 5 (radius: 25)
[00:08:30 -33016.179439] SPR radius for FAST iterations: 25 (autodetect)
[00:08:30 -33016.179439] Model parameter optimization (eps = 3.000000)
[00:08:31 -33014.970070] FAST spr round 1 (radius: 25)
[00:08:33 -32888.863501] FAST spr round 2 (radius: 25)
[00:08:36 -32871.233109] FAST spr round 3 (radius: 25)
[00:08:38 -32863.745255] Model parameter optimization (eps = 1.000000)
[00:08:38 -32863.526277] SLOW spr round 1 (radius: 5)
[00:08:41] [worker #2] ML tree search #19, logLikelihood: -32898.678206
[00:08:44 -32852.210491] SLOW spr round 2 (radius: 5)
[00:08:49 -32852.208474] SLOW spr round 3 (radius: 10)
[00:08:54 -32824.058119] SLOW spr round 4 (radius: 5)
[00:09:02 -32823.505836] SLOW spr round 5 (radius: 10)
[00:09:07 -32823.336500] SLOW spr round 6 (radius: 15)
[00:09:16 -32823.336100] SLOW spr round 7 (radius: 20)
[00:09:27] [worker #1] ML tree search #14, logLikelihood: -32889.275706
[00:09:29 -32823.336057] SLOW spr round 8 (radius: 25)
[00:09:33] [worker #3] ML tree search #20, logLikelihood: -32848.154152
[00:09:41 -32823.336052] Model parameter optimization (eps = 0.100000)

[00:09:41] [worker #0] ML tree search #17, logLikelihood: -32823.277274

[00:10:50] [worker #1] ML tree search #18, logLikelihood: -32847.972644

Optimized model parameters:

   Partition 0: noname
   Rate heterogeneity: GAMMA (4 cats, mean),  alpha: 1.165678 (ML),  weights&rates: (0.250000,0.168778) (0.250000,0.521454) (0.250000,1.022819) (0.250000,2.286949) 
   Base frequencies (empirical): 0.293626 0.149340 0.268699 0.288335 
   Substitution rates (ML): 0.779351 5.328501 1.284732 0.360632 7.727266 1.000000 


Final LogLikelihood: -32814.126465

AIC score: 66960.252930 / AICc score: 955404.252930 / BIC score: 69775.126352
Free parameters (model + branch lengths): 666

WARNING: Number of free parameters (K=666) is larger than alignment size (n=506).
         This might lead to overfitting and compromise tree inference results!


WARNING: Best ML tree contains 32 near-zero branches!

Best ML tree with collapsed near-zero branches saved to: /data/jeremias/eucs/roadies/output/genes/gene_198_filtered.fa.aln.raxml.bestTreeCollapsed
Best ML tree saved to: /data/jeremias/eucs/roadies/output/genes/gene_198_filtered.fa.aln.raxml.bestTree
All ML trees saved to: /data/jeremias/eucs/roadies/output/genes/gene_198_filtered.fa.aln.raxml.mlTrees
Optimized model saved to: /data/jeremias/eucs/roadies/output/genes/gene_198_filtered.fa.aln.raxml.bestModel

Execution log saved to: /data/jeremias/eucs/roadies/output/genes/gene_198_filtered.fa.aln.raxml.log

Analysis started: 29-Jul-2024 15:33:18 / finished: 29-Jul-2024 15:44:08

Elapsed time: 650.761 seconds

