
RAxML-NG v. 1.2.2 released on 11.04.2024 by The Exelixis Lab.
Developed by: Alexey M. Kozlov and Alexandros Stamatakis.
Contributors: Diego Darriba, Tomas Flouri, Benoit Morel, Sarah Lutteropp, Ben Bettisworth, Julia Haag, Anastasis Togkousidis.
Latest version: https://github.com/amkozlov/raxml-ng
Questions/problems/suggestions? Please visit: https://groups.google.com/forum/#!forum/raxml

System: AMD EPYC 7742 64-Core Processor, 128 cores, 1007 GB RAM

RAxML-NG was called at 29-Jul-2024 17:34:48 as follows:

raxml-ng --msa /data/jeremias/eucs/roadies/output/genes/gene_44_filtered.fa.aln --model GTR+G+F --redo --threads auto{4} --blopt nr_safe

Analysis options:
  run mode: ML tree search
  start tree(s): random (10) + parsimony (10)
  random seed: 1722238488
  tip-inner: OFF
  pattern compression: ON
  per-rate scalers: OFF
  site repeats: ON
  logLH epsilon: general: 10.000000, brlen-triplet: 1000.000000
  fast spr radius: AUTO
  spr subtree cutoff: 1.000000
  fast CLV updates: ON
  branch lengths: proportional (ML estimate, algorithm: NR-SAFE)
  SIMD kernels: AVX2
  parallelization: coarse-grained (auto), PTHREADS (auto)

WARNING: Running in REDO mode: existing checkpoints are ignored, and all result files will be overwritten!

[00:00:00] Reading alignment from file: /data/jeremias/eucs/roadies/output/genes/gene_44_filtered.fa.aln
[00:00:00] Loaded alignment with 334 taxa and 542 sites

WARNING: Sequences E_sid_E_mel_0 and E_sideroxylon_1 are exactly identical!
WARNING: Sequences E_polyanthemos_3 and E_dawsonii_2 are exactly identical!
WARNING: Sequences E_pauciflora_2 and E_pauciflora_1 are exactly identical!
WARNING: Duplicate sequences found: 3

NOTE: Reduced alignment (with duplicates and gap-only sites/taxa removed) 
NOTE: was saved to: /data/jeremias/eucs/roadies/output/genes/gene_44_filtered.fa.aln.raxml.reduced.phy

Alignment comprises 1 partitions and 526 patterns

Partition 0: noname
Model: GTR+FC+G4m
Alignment sites / patterns: 542 / 526
Gaps: 8.32 %
Invariant sites: 5.72 %


NOTE: Binary MSA file created: /data/jeremias/eucs/roadies/output/genes/gene_44_filtered.fa.aln.raxml.rba

Parallelization scheme autoconfig: 4 worker(s) x 1 thread(s)

[00:00:00] Generating 10 random starting tree(s) with 334 taxa
[00:00:00] Generating 10 parsimony starting tree(s) with 334 taxa
Parallel parsimony with 4 threads
Parallel reduction/worker buffer size: 1 KB  / 0 KB

[00:00:00] Data distribution: max. partitions/sites/weight per thread: 1 / 526 / 8416
[00:00:00] Data distribution: max. searches per worker: 5

Starting ML tree search with 20 distinct starting trees

[00:00:00 -132310.113994] Initial branch length optimization
[00:00:00 -89812.439088] Model parameter optimization (eps = 10.000000)
[00:00:08 -82790.358520] AUTODETECT spr round 1 (radius: 5)
[00:00:10 -45578.079446] AUTODETECT spr round 2 (radius: 10)
[00:00:13 -33063.980935] AUTODETECT spr round 3 (radius: 15)
[00:00:17 -27002.380704] AUTODETECT spr round 4 (radius: 20)
[00:00:21 -25947.608350] AUTODETECT spr round 5 (radius: 25)
[00:00:27 -25929.564004] SPR radius for FAST iterations: 25 (autodetect)
[00:00:27 -25929.564004] Model parameter optimization (eps = 3.000000)
[00:00:30 -25502.315684] FAST spr round 1 (radius: 25)
[00:00:33 -22885.911879] FAST spr round 2 (radius: 25)
[00:00:35 -22783.991420] FAST spr round 3 (radius: 25)
[00:00:37 -22777.126595] Model parameter optimization (eps = 1.000000)
[00:00:38 -22773.625673] SLOW spr round 1 (radius: 5)
[00:00:45 -22758.935547] SLOW spr round 2 (radius: 5)
[00:00:51 -22758.624414] SLOW spr round 3 (radius: 10)
[00:00:56 -22758.624227] SLOW spr round 4 (radius: 15)
[00:01:07 -22758.624189] SLOW spr round 5 (radius: 20)
[00:01:21 -22758.624182] SLOW spr round 6 (radius: 25)
[00:01:30] [worker #3] ML tree search #4, logLikelihood: -22777.103419
[00:01:32] [worker #2] ML tree search #3, logLikelihood: -22764.392160
[00:01:36 -22758.624180] Model parameter optimization (eps = 0.100000)

[00:01:37] [worker #0] ML tree search #1, logLikelihood: -22758.606715

[00:01:37 -128550.855787] Initial branch length optimization
[00:01:37 -86721.669595] Model parameter optimization (eps = 10.000000)
[00:01:42 -80005.914714] AUTODETECT spr round 1 (radius: 5)
[00:01:43 -44577.530201] AUTODETECT spr round 2 (radius: 10)
[00:01:43] [worker #1] ML tree search #2, logLikelihood: -22768.631112
[00:01:46 -30866.613450] AUTODETECT spr round 3 (radius: 15)
[00:01:51 -25714.722808] AUTODETECT spr round 4 (radius: 20)
[00:01:56 -25296.672479] AUTODETECT spr round 5 (radius: 25)
[00:02:01 -25296.159471] SPR radius for FAST iterations: 25 (autodetect)
[00:02:01 -25296.159471] Model parameter optimization (eps = 3.000000)
[00:02:03 -24928.663367] FAST spr round 1 (radius: 25)
[00:02:07 -22829.046739] FAST spr round 2 (radius: 25)
[00:02:09 -22772.795543] FAST spr round 3 (radius: 25)
[00:02:11 -22772.401939] Model parameter optimization (eps = 1.000000)
[00:02:12 -22770.368771] SLOW spr round 1 (radius: 5)
[00:02:18 -22766.871861] SLOW spr round 2 (radius: 10)
[00:02:23 -22766.871778] SLOW spr round 3 (radius: 15)
[00:02:33 -22766.785120] SLOW spr round 4 (radius: 20)
[00:02:45 -22766.784990] SLOW spr round 5 (radius: 25)
[00:02:55] [worker #2] ML tree search #7, logLikelihood: -22771.436670
[00:03:00 -22766.784982] Model parameter optimization (eps = 0.100000)

[00:03:00] [worker #0] ML tree search #5, logLikelihood: -22766.778525

[00:03:00 -131003.659797] Initial branch length optimization
[00:03:00 -89847.943673] Model parameter optimization (eps = 10.000000)
[00:03:06] [worker #3] ML tree search #8, logLikelihood: -22761.401448
[00:03:07 -82906.755737] AUTODETECT spr round 1 (radius: 5)
[00:03:09 -43199.637326] AUTODETECT spr round 2 (radius: 10)
[00:03:14 -31931.563823] AUTODETECT spr round 3 (radius: 15)
[00:03:18 -26643.692274] AUTODETECT spr round 4 (radius: 20)
[00:03:21] [worker #1] ML tree search #6, logLikelihood: -22766.075917
[00:03:25 -25490.915207] AUTODETECT spr round 5 (radius: 25)
[00:03:34 -25488.978466] SPR radius for FAST iterations: 25 (autodetect)
[00:03:34 -25488.978466] Model parameter optimization (eps = 3.000000)
[00:03:37 -25069.731269] FAST spr round 1 (radius: 25)
[00:03:40 -22881.423317] FAST spr round 2 (radius: 25)
[00:03:43 -22786.114957] FAST spr round 3 (radius: 25)
[00:03:45 -22776.792277] Model parameter optimization (eps = 1.000000)
[00:03:45 -22774.704300] SLOW spr round 1 (radius: 5)
[00:03:52 -22769.450965] SLOW spr round 2 (radius: 10)
[00:03:57 -22768.082971] SLOW spr round 3 (radius: 15)
[00:04:09 -22768.082706] SLOW spr round 4 (radius: 20)
[00:04:20] [worker #3] ML tree search #12, logLikelihood: -22767.821914
[00:04:27 -22768.082697] SLOW spr round 5 (radius: 25)
[00:04:32] [worker #2] ML tree search #11, logLikelihood: -22765.872535
[00:04:42 -22768.082696] Model parameter optimization (eps = 0.100000)

[00:04:42] [worker #0] ML tree search #9, logLikelihood: -22768.039899

[00:04:42 -29175.867573] Initial branch length optimization
[00:04:43 -24809.840517] Model parameter optimization (eps = 10.000000)
[00:04:43 -23064.253385] AUTODETECT spr round 1 (radius: 5)
[00:04:45 -22815.205664] AUTODETECT spr round 2 (radius: 10)
[00:04:48 -22808.466119] AUTODETECT spr round 3 (radius: 15)
[00:04:54 -22805.192335] AUTODETECT spr round 4 (radius: 20)
[00:04:59 -22805.135068] SPR radius for FAST iterations: 15 (autodetect)
[00:04:59 -22805.135068] Model parameter optimization (eps = 3.000000)
[00:04:59 -22804.743989] FAST spr round 1 (radius: 15)
[00:05:02 -22777.535863] FAST spr round 2 (radius: 15)
[00:05:04 -22776.415230] Model parameter optimization (eps = 1.000000)
[00:05:04 -22776.408941] SLOW spr round 1 (radius: 5)
[00:05:10] [worker #1] ML tree search #10, logLikelihood: -22769.524934
[00:05:13 -22773.645401] SLOW spr round 2 (radius: 10)
[00:05:20 -22773.645338] SLOW spr round 3 (radius: 15)
[00:05:33 -22773.645335] SLOW spr round 4 (radius: 20)
[00:05:36] [worker #3] ML tree search #16, logLikelihood: -22767.086145
[00:05:45 -22773.645335] SLOW spr round 5 (radius: 25)
[00:05:49] [worker #2] ML tree search #15, logLikelihood: -22765.369698
[00:06:00 -22773.645335] Model parameter optimization (eps = 0.100000)

[00:06:00] [worker #0] ML tree search #13, logLikelihood: -22773.641157

[00:06:00 -29205.004225] Initial branch length optimization
[00:06:01 -24787.656020] Model parameter optimization (eps = 10.000000)
[00:06:03 -23060.593378] AUTODETECT spr round 1 (radius: 5)
[00:06:05 -22789.593869] AUTODETECT spr round 2 (radius: 10)
[00:06:11 -22784.649718] AUTODETECT spr round 3 (radius: 15)
[00:06:20 -22784.337491] AUTODETECT spr round 4 (radius: 20)
[00:06:29 -22783.816450] AUTODETECT spr round 5 (radius: 25)
[00:06:34 -22783.760903] SPR radius for FAST iterations: 20 (autodetect)
[00:06:34 -22783.760903] Model parameter optimization (eps = 3.000000)
[00:06:34 -22783.273989] FAST spr round 1 (radius: 20)
[00:06:36 -22766.186913] FAST spr round 2 (radius: 20)
[00:06:38 -22766.128812] Model parameter optimization (eps = 1.000000)
[00:06:38 -22766.124219] SLOW spr round 1 (radius: 5)
[00:06:41] [worker #1] ML tree search #14, logLikelihood: -22767.441981
[00:06:45 -22763.202209] SLOW spr round 2 (radius: 10)
[00:06:48] [worker #2] ML tree search #19, logLikelihood: -22766.547063
[00:06:50 -22761.818144] SLOW spr round 3 (radius: 15)
[00:06:52] [worker #3] ML tree search #20, logLikelihood: -22765.232671
[00:06:59 -22761.817818] SLOW spr round 4 (radius: 20)
[00:07:12 -22761.817806] SLOW spr round 5 (radius: 25)
[00:07:25 -22761.817805] Model parameter optimization (eps = 0.100000)

[00:07:25] [worker #0] ML tree search #17, logLikelihood: -22761.810205

[00:07:57] [worker #1] ML tree search #18, logLikelihood: -22763.904442

Optimized model parameters:

   Partition 0: noname
   Rate heterogeneity: GAMMA (4 cats, mean),  alpha: 1.369901 (ML),  weights&rates: (0.250000,0.204507) (0.250000,0.565365) (0.250000,1.041771) (0.250000,2.188357) 
   Base frequencies (empirical): 0.294405 0.209638 0.222580 0.273377 
   Substitution rates (ML): 0.824924 5.241040 1.033134 0.463782 6.592894 1.000000 


Final LogLikelihood: -22758.606715

AIC score: 46865.213430 / AICc score: 956765.213430 / BIC score: 49760.222714
Free parameters (model + branch lengths): 674

WARNING: Number of free parameters (K=674) is larger than alignment size (n=542).
         This might lead to overfitting and compromise tree inference results!


WARNING: Best ML tree contains 67 near-zero branches!

Best ML tree with collapsed near-zero branches saved to: /data/jeremias/eucs/roadies/output/genes/gene_44_filtered.fa.aln.raxml.bestTreeCollapsed
Best ML tree saved to: /data/jeremias/eucs/roadies/output/genes/gene_44_filtered.fa.aln.raxml.bestTree
All ML trees saved to: /data/jeremias/eucs/roadies/output/genes/gene_44_filtered.fa.aln.raxml.mlTrees
Optimized model saved to: /data/jeremias/eucs/roadies/output/genes/gene_44_filtered.fa.aln.raxml.bestModel

Execution log saved to: /data/jeremias/eucs/roadies/output/genes/gene_44_filtered.fa.aln.raxml.log

Analysis started: 29-Jul-2024 17:34:48 / finished: 29-Jul-2024 17:42:46

Elapsed time: 477.356 seconds

