
RAxML-NG v. 1.2.2 released on 11.04.2024 by The Exelixis Lab.
Developed by: Alexey M. Kozlov and Alexandros Stamatakis.
Contributors: Diego Darriba, Tomas Flouri, Benoit Morel, Sarah Lutteropp, Ben Bettisworth, Julia Haag, Anastasis Togkousidis.
Latest version: https://github.com/amkozlov/raxml-ng
Questions/problems/suggestions? Please visit: https://groups.google.com/forum/#!forum/raxml

System: AMD EPYC 7742 64-Core Processor, 128 cores, 1007 GB RAM

RAxML-NG was called at 29-Jul-2024 14:44:25 as follows:

raxml-ng --msa /data/jeremias/eucs/roadies/output/genes/gene_31_filtered.fa.aln --model GTR+G+F --redo --threads auto{4} --blopt nr_safe

Analysis options:
  run mode: ML tree search
  start tree(s): random (10) + parsimony (10)
  random seed: 1722228265
  tip-inner: OFF
  pattern compression: ON
  per-rate scalers: OFF
  site repeats: ON
  logLH epsilon: general: 10.000000, brlen-triplet: 1000.000000
  fast spr radius: AUTO
  spr subtree cutoff: 1.000000
  fast CLV updates: ON
  branch lengths: proportional (ML estimate, algorithm: NR-SAFE)
  SIMD kernels: AVX2
  parallelization: coarse-grained (auto), PTHREADS (auto)

WARNING: Running in REDO mode: existing checkpoints are ignored, and all result files will be overwritten!

[00:00:00] Reading alignment from file: /data/jeremias/eucs/roadies/output/genes/gene_31_filtered.fa.aln
[00:00:00] Loaded alignment with 330 taxa and 508 sites

WARNING: Sequences E_melliodora_1 and E_caleyi_0 are exactly identical!
WARNING: Duplicate sequences found: 1

NOTE: Reduced alignment (with duplicates and gap-only sites/taxa removed) 
NOTE: was saved to: /data/jeremias/eucs/roadies/output/genes/gene_31_filtered.fa.aln.raxml.reduced.phy

Alignment comprises 1 partitions and 463 patterns

Partition 0: noname
Model: GTR+FC+G4m
Alignment sites / patterns: 508 / 463
Gaps: 1.86 %
Invariant sites: 13.39 %


NOTE: Binary MSA file created: /data/jeremias/eucs/roadies/output/genes/gene_31_filtered.fa.aln.raxml.rba

Parallelization scheme autoconfig: 4 worker(s) x 1 thread(s)

[00:00:00] Generating 10 random starting tree(s) with 330 taxa
[00:00:00] Generating 10 parsimony starting tree(s) with 330 taxa
Parallel parsimony with 4 threads
Parallel reduction/worker buffer size: 1 KB  / 0 KB

[00:00:00] Data distribution: max. partitions/sites/weight per thread: 1 / 463 / 7408
[00:00:00] Data distribution: max. searches per worker: 5

Starting ML tree search with 20 distinct starting trees

[00:00:00 -50378.342058] Initial branch length optimization
[00:00:00 -42836.526185] Model parameter optimization (eps = 10.000000)
[00:00:02 -38227.986174] AUTODETECT spr round 1 (radius: 5)
[00:00:04 -26486.638388] AUTODETECT spr round 2 (radius: 10)
[00:00:07 -22012.352799] AUTODETECT spr round 3 (radius: 15)
[00:00:12 -19601.301633] AUTODETECT spr round 4 (radius: 20)
[00:00:17 -18732.048650] AUTODETECT spr round 5 (radius: 25)
[00:00:21 -18719.338051] SPR radius for FAST iterations: 25 (autodetect)
[00:00:21 -18719.338051] Model parameter optimization (eps = 3.000000)
[00:00:23 -18533.086670] FAST spr round 1 (radius: 25)
[00:00:26 -16906.666083] FAST spr round 2 (radius: 25)
[00:00:28 -16573.914341] FAST spr round 3 (radius: 25)
[00:00:30 -16566.265909] Model parameter optimization (eps = 1.000000)
[00:00:31 -16564.351497] SLOW spr round 1 (radius: 5)
[00:00:37 -16550.841482] SLOW spr round 2 (radius: 5)
[00:00:42 -16549.844771] SLOW spr round 3 (radius: 10)
[00:00:46 -16548.896132] SLOW spr round 4 (radius: 15)
[00:00:54 -16537.451386] SLOW spr round 5 (radius: 5)
[00:01:00] [worker #1] ML tree search #2, logLikelihood: -16518.582998
[00:01:03 -16536.971426] SLOW spr round 6 (radius: 10)
[00:01:04] [worker #3] ML tree search #4, logLikelihood: -16531.987273
[00:01:08 -16536.437997] SLOW spr round 7 (radius: 15)
[00:01:11] [worker #2] ML tree search #3, logLikelihood: -16516.949268
[00:01:15 -16536.437956] SLOW spr round 8 (radius: 20)
[00:01:24 -16536.437954] SLOW spr round 9 (radius: 25)
[00:01:32 -16536.437954] Model parameter optimization (eps = 0.100000)

[00:01:32] [worker #0] ML tree search #1, logLikelihood: -16536.403812

[00:01:32 -50017.008231] Initial branch length optimization
[00:01:32 -42648.773675] Model parameter optimization (eps = 10.000000)
[00:01:34 -38112.083152] AUTODETECT spr round 1 (radius: 5)
[00:01:36 -27006.125767] AUTODETECT spr round 2 (radius: 10)
[00:01:39 -21302.970010] AUTODETECT spr round 3 (radius: 15)
[00:01:44 -19237.396383] AUTODETECT spr round 4 (radius: 20)
[00:01:48 -18937.081749] AUTODETECT spr round 5 (radius: 25)
[00:01:52 -18921.137749] SPR radius for FAST iterations: 25 (autodetect)
[00:01:52 -18921.137749] Model parameter optimization (eps = 3.000000)
[00:01:53 -18730.303072] FAST spr round 1 (radius: 25)
[00:01:57 -16709.328715] FAST spr round 2 (radius: 25)
[00:01:59 -16537.829519] FAST spr round 3 (radius: 25)
[00:02:02 -16534.096295] Model parameter optimization (eps = 1.000000)
[00:02:02 -16530.797616] SLOW spr round 1 (radius: 5)
[00:02:08 -16524.441922] SLOW spr round 2 (radius: 10)
[00:02:12 -16524.419715] SLOW spr round 3 (radius: 15)
[00:02:19] [worker #1] ML tree search #6, logLikelihood: -16514.291316
[00:02:19 -16524.419221] SLOW spr round 4 (radius: 20)
[00:02:20] [worker #2] ML tree search #7, logLikelihood: -16527.993917
[00:02:30 -16524.419128] SLOW spr round 5 (radius: 25)
[00:02:37] [worker #3] ML tree search #8, logLikelihood: -16522.102016
[00:02:38 -16524.419112] Model parameter optimization (eps = 0.100000)

[00:02:38] [worker #0] ML tree search #5, logLikelihood: -16524.416823

[00:02:38 -50268.368929] Initial branch length optimization
[00:02:38 -43199.565067] Model parameter optimization (eps = 10.000000)
[00:02:40 -38544.552841] AUTODETECT spr round 1 (radius: 5)
[00:02:41 -26663.911153] AUTODETECT spr round 2 (radius: 10)
[00:02:44 -20226.406817] AUTODETECT spr round 3 (radius: 15)
[00:02:48 -17923.564663] AUTODETECT spr round 4 (radius: 20)
[00:02:52 -17914.739220] AUTODETECT spr round 5 (radius: 25)
[00:02:58 -17914.141931] SPR radius for FAST iterations: 25 (autodetect)
[00:02:58 -17914.141931] Model parameter optimization (eps = 3.000000)
[00:02:59 -17739.048212] FAST spr round 1 (radius: 25)
[00:03:02 -16661.943230] FAST spr round 2 (radius: 25)
[00:03:05 -16582.783676] FAST spr round 3 (radius: 25)
[00:03:08 -16550.845976] FAST spr round 4 (radius: 25)
[00:03:09 -16542.152866] Model parameter optimization (eps = 1.000000)
[00:03:09 -16541.451632] SLOW spr round 1 (radius: 5)
[00:03:16 -16533.442573] SLOW spr round 2 (radius: 10)
[00:03:20 -16526.546236] SLOW spr round 3 (radius: 15)
[00:03:25] [worker #2] ML tree search #11, logLikelihood: -16519.963332
[00:03:27] [worker #3] ML tree search #12, logLikelihood: -16525.173151
[00:03:28 -16526.545617] SLOW spr round 4 (radius: 20)
[00:03:28] [worker #1] ML tree search #10, logLikelihood: -16526.176374
[00:03:37 -16526.545606] SLOW spr round 5 (radius: 25)
[00:03:46 -16526.545605] Model parameter optimization (eps = 0.100000)

[00:03:46] [worker #0] ML tree search #9, logLikelihood: -16526.518332

[00:03:46 -20800.910486] Initial branch length optimization
[00:03:46 -17735.093342] Model parameter optimization (eps = 10.000000)
[00:03:47 -16721.039007] AUTODETECT spr round 1 (radius: 5)
[00:03:48 -16602.297585] AUTODETECT spr round 2 (radius: 10)
[00:03:51 -16561.350392] AUTODETECT spr round 3 (radius: 15)
[00:03:55 -16561.342978] SPR radius for FAST iterations: 10 (autodetect)
[00:03:55 -16561.342978] Model parameter optimization (eps = 3.000000)
[00:03:55 -16560.627767] FAST spr round 1 (radius: 10)
[00:03:58 -16540.945799] FAST spr round 2 (radius: 10)
[00:03:59 -16534.791441] Model parameter optimization (eps = 1.000000)
[00:04:00 -16534.759890] SLOW spr round 1 (radius: 5)
[00:04:06 -16531.297250] SLOW spr round 2 (radius: 10)
[00:04:10 -16530.585925] SLOW spr round 3 (radius: 15)
[00:04:17] [worker #3] ML tree search #16, logLikelihood: -16544.755022
[00:04:17 -16530.585808] SLOW spr round 4 (radius: 20)
[00:04:24] [worker #2] ML tree search #15, logLikelihood: -16519.662914
[00:04:24] [worker #1] ML tree search #14, logLikelihood: -16522.956612
[00:04:25 -16530.585803] SLOW spr round 5 (radius: 25)
[00:04:34 -16530.585803] Model parameter optimization (eps = 0.100000)

[00:04:34] [worker #0] ML tree search #13, logLikelihood: -16530.555367

[00:04:34 -20868.651840] Initial branch length optimization
[00:04:34 -17825.004636] Model parameter optimization (eps = 10.000000)
[00:04:35 -16811.420290] AUTODETECT spr round 1 (radius: 5)
[00:04:36 -16642.685332] AUTODETECT spr round 2 (radius: 10)
[00:04:39 -16595.405117] AUTODETECT spr round 3 (radius: 15)
[00:04:43 -16595.402337] SPR radius for FAST iterations: 10 (autodetect)
[00:04:43 -16595.402337] Model parameter optimization (eps = 3.000000)
[00:04:44 -16595.028288] FAST spr round 1 (radius: 10)
[00:04:46 -16548.625250] FAST spr round 2 (radius: 10)
[00:04:48 -16546.197187] Model parameter optimization (eps = 1.000000)
[00:04:49 -16546.061528] SLOW spr round 1 (radius: 5)
[00:04:55 -16536.958700] SLOW spr round 2 (radius: 10)
[00:04:59 -16530.959698] SLOW spr round 3 (radius: 15)
[00:05:06 -16530.563195] SLOW spr round 4 (radius: 20)
[00:05:15 -16530.562966] SLOW spr round 5 (radius: 25)
[00:05:16] [worker #3] ML tree search #20, logLikelihood: -16535.368819
[00:05:16] [worker #2] ML tree search #19, logLikelihood: -16532.927865
[00:05:20] [worker #1] ML tree search #18, logLikelihood: -16536.236411
[00:05:23 -16530.562957] Model parameter optimization (eps = 0.100000)

[00:05:23] [worker #0] ML tree search #17, logLikelihood: -16530.521233


Optimized model parameters:

   Partition 0: noname
   Rate heterogeneity: GAMMA (4 cats, mean),  alpha: 0.811951 (ML),  weights&rates: (0.250000,0.098099) (0.250000,0.411902) (0.250000,0.960212) (0.250000,2.529787) 
   Base frequencies (empirical): 0.351245 0.181038 0.191510 0.276207 
   Substitution rates (ML): 1.406051 4.758153 0.609340 0.590541 6.079185 1.000000 


Final LogLikelihood: -16514.291316

AIC score: 34360.582632 / AICc score: 922804.582632 / BIC score: 37178.083276
Free parameters (model + branch lengths): 666

WARNING: Number of free parameters (K=666) is larger than alignment size (n=508).
         This might lead to overfitting and compromise tree inference results!


WARNING: Best ML tree contains 103 near-zero branches!

Best ML tree with collapsed near-zero branches saved to: /data/jeremias/eucs/roadies/output/genes/gene_31_filtered.fa.aln.raxml.bestTreeCollapsed
Best ML tree saved to: /data/jeremias/eucs/roadies/output/genes/gene_31_filtered.fa.aln.raxml.bestTree
All ML trees saved to: /data/jeremias/eucs/roadies/output/genes/gene_31_filtered.fa.aln.raxml.mlTrees
Optimized model saved to: /data/jeremias/eucs/roadies/output/genes/gene_31_filtered.fa.aln.raxml.bestModel

Execution log saved to: /data/jeremias/eucs/roadies/output/genes/gene_31_filtered.fa.aln.raxml.log

Analysis started: 29-Jul-2024 14:44:25 / finished: 29-Jul-2024 14:49:49

Elapsed time: 323.741 seconds

