
RAxML-NG v. 1.2.2 released on 11.04.2024 by The Exelixis Lab.
Developed by: Alexey M. Kozlov and Alexandros Stamatakis.
Contributors: Diego Darriba, Tomas Flouri, Benoit Morel, Sarah Lutteropp, Ben Bettisworth, Julia Haag, Anastasis Togkousidis.
Latest version: https://github.com/amkozlov/raxml-ng
Questions/problems/suggestions? Please visit: https://groups.google.com/forum/#!forum/raxml

System: AMD EPYC 7742 64-Core Processor, 128 cores, 1007 GB RAM

RAxML-NG was called at 29-Jul-2024 15:41:03 as follows:

raxml-ng --msa /data/jeremias/eucs/roadies/output/genes/gene_185_filtered.fa.aln --model GTR+G+F --redo --threads auto{4} --blopt nr_safe

Analysis options:
  run mode: ML tree search
  start tree(s): random (10) + parsimony (10)
  random seed: 1722231663
  tip-inner: OFF
  pattern compression: ON
  per-rate scalers: OFF
  site repeats: ON
  logLH epsilon: general: 10.000000, brlen-triplet: 1000.000000
  fast spr radius: AUTO
  spr subtree cutoff: 1.000000
  fast CLV updates: ON
  branch lengths: proportional (ML estimate, algorithm: NR-SAFE)
  SIMD kernels: AVX2
  parallelization: coarse-grained (auto), PTHREADS (auto)

WARNING: Running in REDO mode: existing checkpoints are ignored, and all result files will be overwritten!

[00:00:00] Reading alignment from file: /data/jeremias/eucs/roadies/output/genes/gene_185_filtered.fa.aln
[00:00:00] Loaded alignment with 6 taxa and 501 sites

WARNING: Sequences E_melliodora_0 and E_paniculata_0 are exactly identical!
WARNING: Duplicate sequences found: 1

NOTE: Reduced alignment (with duplicates and gap-only sites/taxa removed) 
NOTE: was saved to: /data/jeremias/eucs/roadies/output/genes/gene_185_filtered.fa.aln.raxml.reduced.phy

Alignment comprises 1 partitions and 44 patterns

Partition 0: noname
Model: GTR+FC+G4m
Alignment sites / patterns: 501 / 44
Gaps: 1.33 %
Invariant sites: 90.42 %


NOTE: Binary MSA file created: /data/jeremias/eucs/roadies/output/genes/gene_185_filtered.fa.aln.raxml.rba

Parallelization scheme autoconfig: 4 worker(s) x 1 thread(s)

[00:00:00] Generating 10 random starting tree(s) with 6 taxa
[00:00:00] Generating 10 parsimony starting tree(s) with 6 taxa
Parallel parsimony with 4 threads
Parallel reduction/worker buffer size: 1 KB  / 0 KB

[00:00:00] Data distribution: max. partitions/sites/weight per thread: 1 / 44 / 704
[00:00:00] Data distribution: max. searches per worker: 5

Starting ML tree search with 20 distinct starting trees

[00:00:00 -1203.178247] Initial branch length optimization
[00:00:00 -992.759283] Model parameter optimization (eps = 10.000000)
[00:00:00 -972.486334] AUTODETECT spr round 1 (radius: 5)
[00:00:00 -963.445385] SPR radius for FAST iterations: 5 (autodetect)
[00:00:00 -963.445385] Model parameter optimization (eps = 3.000000)
[00:00:00 -960.490433] FAST spr round 1 (radius: 5)
[00:00:00 -960.490371] Model parameter optimization (eps = 1.000000)
[00:00:00 -960.403196] SLOW spr round 1 (radius: 5)
[00:00:00 -960.403196] Model parameter optimization (eps = 0.100000)

[00:00:00] [worker #0] ML tree search #1, logLikelihood: -960.403195

[00:00:00] [worker #1] ML tree search #2, logLikelihood: -960.403193
[00:00:00] [worker #2] ML tree search #3, logLikelihood: -960.403193
[00:00:00 -1242.683195] Initial branch length optimization
[00:00:00 -1063.318665] Model parameter optimization (eps = 10.000000)
[00:00:00] [worker #3] ML tree search #4, logLikelihood: -960.403193
[00:00:00 -1031.905343] AUTODETECT spr round 1 (radius: 5)
[00:00:00 -965.909366] SPR radius for FAST iterations: 5 (autodetect)
[00:00:00 -965.909366] Model parameter optimization (eps = 3.000000)
[00:00:00 -960.403195] FAST spr round 1 (radius: 5)
[00:00:00 -960.403195] Model parameter optimization (eps = 1.000000)
[00:00:00 -960.403193] SLOW spr round 1 (radius: 5)
[00:00:00] [worker #2] ML tree search #7, logLikelihood: -960.403194
[00:00:00] [worker #3] ML tree search #8, logLikelihood: -960.403193
[00:00:00 -960.403193] Model parameter optimization (eps = 0.100000)

[00:00:00] [worker #0] ML tree search #5, logLikelihood: -960.403192

[00:00:00] [worker #1] ML tree search #6, logLikelihood: -960.403194
[00:00:00 -1258.059222] Initial branch length optimization
[00:00:00 -1066.128553] Model parameter optimization (eps = 10.000000)
[00:00:00 -1025.014541] AUTODETECT spr round 1 (radius: 5)
[00:00:00 -966.535654] SPR radius for FAST iterations: 5 (autodetect)
[00:00:00 -966.535654] Model parameter optimization (eps = 3.000000)
[00:00:00] [worker #2] ML tree search #11, logLikelihood: -960.403192
[00:00:00] [worker #3] ML tree search #12, logLikelihood: -960.403192
[00:00:00 -960.403198] FAST spr round 1 (radius: 5)
[00:00:00 -960.403197] Model parameter optimization (eps = 1.000000)
[00:00:00 -960.403193] SLOW spr round 1 (radius: 5)
[00:00:00 -960.403193] Model parameter optimization (eps = 0.100000)

[00:00:00] [worker #0] ML tree search #9, logLikelihood: -960.403193

[00:00:00 -1188.462875] Initial branch length optimization
[00:00:00 -978.971584] Model parameter optimization (eps = 10.000000)
[00:00:00] [worker #1] ML tree search #10, logLikelihood: -960.403193
[00:00:00 -960.403193] AUTODETECT spr round 1 (radius: 5)
[00:00:00 -960.403193] SPR radius for FAST iterations: 5 (autodetect)
[00:00:00] [worker #3] ML tree search #16, logLikelihood: -960.403192
[00:00:00] [worker #2] ML tree search #15, logLikelihood: -960.403192
[00:00:00 -960.403193] Model parameter optimization (eps = 3.000000)
[00:00:00 -960.403193] FAST spr round 1 (radius: 5)
[00:00:00 -960.403193] Model parameter optimization (eps = 1.000000)
[00:00:00 -960.403193] SLOW spr round 1 (radius: 5)
[00:00:00 -960.403193] Model parameter optimization (eps = 0.100000)

[00:00:01] [worker #0] ML tree search #13, logLikelihood: -960.403193

[00:00:01] [worker #3] ML tree search #20, logLikelihood: -960.403192
[00:00:01] [worker #2] ML tree search #19, logLikelihood: -960.403193
[00:00:01 -1188.462875] Initial branch length optimization
[00:00:01] [worker #1] ML tree search #14, logLikelihood: -960.403192
[00:00:01 -978.969264] Model parameter optimization (eps = 10.000000)
[00:00:01 -960.403193] AUTODETECT spr round 1 (radius: 5)
[00:00:01 -960.403193] SPR radius for FAST iterations: 5 (autodetect)
[00:00:01 -960.403193] Model parameter optimization (eps = 3.000000)
[00:00:01 -960.403193] FAST spr round 1 (radius: 5)
[00:00:01 -960.403193] Model parameter optimization (eps = 1.000000)
[00:00:01 -960.403193] SLOW spr round 1 (radius: 5)
[00:00:01 -960.403193] Model parameter optimization (eps = 0.100000)

[00:00:01] [worker #0] ML tree search #17, logLikelihood: -960.403193

[00:00:01] [worker #1] ML tree search #18, logLikelihood: -960.403192

Optimized model parameters:

   Partition 0: noname
   Rate heterogeneity: GAMMA (4 cats, mean),  alpha: 99.842003 (ML),  weights&rates: (0.250000,0.875810) (0.250000,0.964709) (0.250000,1.029570) (0.250000,1.129911) 
   Base frequencies (empirical): 0.355698 0.196898 0.168577 0.278827 
   Substitution rates (ML): 0.786453 1.952851 0.066301 0.684887 2.579214 1.000000 


Final LogLikelihood: -960.403192

AIC score: 1956.806384 / AICc score: 1958.225471 / BIC score: 2032.705294
Free parameters (model + branch lengths): 18

Best ML tree saved to: /data/jeremias/eucs/roadies/output/genes/gene_185_filtered.fa.aln.raxml.bestTree
All ML trees saved to: /data/jeremias/eucs/roadies/output/genes/gene_185_filtered.fa.aln.raxml.mlTrees
Optimized model saved to: /data/jeremias/eucs/roadies/output/genes/gene_185_filtered.fa.aln.raxml.bestModel

Execution log saved to: /data/jeremias/eucs/roadies/output/genes/gene_185_filtered.fa.aln.raxml.log

Analysis started: 29-Jul-2024 15:41:03 / finished: 29-Jul-2024 15:41:04

Elapsed time: 1.191 seconds

