
RAxML-NG v. 1.2.2 released on 11.04.2024 by The Exelixis Lab.
Developed by: Alexey M. Kozlov and Alexandros Stamatakis.
Contributors: Diego Darriba, Tomas Flouri, Benoit Morel, Sarah Lutteropp, Ben Bettisworth, Julia Haag, Anastasis Togkousidis.
Latest version: https://github.com/amkozlov/raxml-ng
Questions/problems/suggestions? Please visit: https://groups.google.com/forum/#!forum/raxml

System: AMD EPYC 7742 64-Core Processor, 128 cores, 1007 GB RAM

RAxML-NG was called at 29-Jul-2024 17:28:22 as follows:

raxml-ng --msa /data/jeremias/eucs/roadies/output/genes/gene_68_filtered.fa.aln --model GTR+G+F --redo --threads auto{4} --blopt nr_safe

Analysis options:
  run mode: ML tree search
  start tree(s): random (10) + parsimony (10)
  random seed: 1722238102
  tip-inner: OFF
  pattern compression: ON
  per-rate scalers: OFF
  site repeats: ON
  logLH epsilon: general: 10.000000, brlen-triplet: 1000.000000
  fast spr radius: AUTO
  spr subtree cutoff: 1.000000
  fast CLV updates: ON
  branch lengths: proportional (ML estimate, algorithm: NR-SAFE)
  SIMD kernels: AVX2
  parallelization: coarse-grained (auto), PTHREADS (auto)

WARNING: Running in REDO mode: existing checkpoints are ignored, and all result files will be overwritten!

[00:00:00] Reading alignment from file: /data/jeremias/eucs/roadies/output/genes/gene_68_filtered.fa.aln
[00:00:00] Loaded alignment with 138 taxa and 542 sites

Alignment comprises 1 partitions and 530 patterns

Partition 0: noname
Model: GTR+FC+G4m
Alignment sites / patterns: 542 / 530
Gaps: 13.63 %
Invariant sites: 6.64 %


NOTE: Binary MSA file created: /data/jeremias/eucs/roadies/output/genes/gene_68_filtered.fa.aln.raxml.rba

Parallelization scheme autoconfig: 4 worker(s) x 1 thread(s)

[00:00:00] Generating 10 random starting tree(s) with 138 taxa
[00:00:00] Generating 10 parsimony starting tree(s) with 138 taxa
Parallel parsimony with 4 threads
Parallel reduction/worker buffer size: 1 KB  / 0 KB

[00:00:00] Data distribution: max. partitions/sites/weight per thread: 1 / 530 / 8480
[00:00:00] Data distribution: max. searches per worker: 5

Starting ML tree search with 20 distinct starting trees

[00:00:00 -48622.324465] Initial branch length optimization
[00:00:00 -40881.506263] Model parameter optimization (eps = 10.000000)
[00:00:01 -38421.697186] AUTODETECT spr round 1 (radius: 5)
[00:00:01 -28610.632727] AUTODETECT spr round 2 (radius: 10)
[00:00:03 -23088.946599] AUTODETECT spr round 3 (radius: 15)
[00:00:06 -21904.334341] AUTODETECT spr round 4 (radius: 20)
[00:00:08 -21900.376749] AUTODETECT spr round 5 (radius: 25)
[00:00:09 -21896.769442] SPR radius for FAST iterations: 25 (autodetect)
[00:00:09 -21896.769442] Model parameter optimization (eps = 3.000000)
[00:00:10 -21733.649106] FAST spr round 1 (radius: 25)
[00:00:12 -20010.694216] FAST spr round 2 (radius: 25)
[00:00:13 -19914.581580] FAST spr round 3 (radius: 25)
[00:00:14 -19912.847624] Model parameter optimization (eps = 1.000000)
[00:00:15 -19907.085577] SLOW spr round 1 (radius: 5)
[00:00:17 -19902.828963] SLOW spr round 2 (radius: 10)
[00:00:20 -19902.828884] SLOW spr round 3 (radius: 15)
[00:00:23] [worker #3] ML tree search #4, logLikelihood: -19905.964030
[00:00:24 -19902.828881] SLOW spr round 4 (radius: 20)
[00:00:25] [worker #1] ML tree search #2, logLikelihood: -19900.926599
[00:00:27 -19902.828881] SLOW spr round 5 (radius: 25)
[00:00:28 -19902.828881] Model parameter optimization (eps = 0.100000)

[00:00:28] [worker #0] ML tree search #1, logLikelihood: -19902.823995

[00:00:28 -48312.318864] Initial branch length optimization
[00:00:28 -40542.531377] Model parameter optimization (eps = 10.000000)
[00:00:29] [worker #2] ML tree search #3, logLikelihood: -19902.002429
[00:00:30 -38134.038843] AUTODETECT spr round 1 (radius: 5)
[00:00:31 -27466.838176] AUTODETECT spr round 2 (radius: 10)
[00:00:32 -22065.603988] AUTODETECT spr round 3 (radius: 15)
[00:00:34 -22001.773676] AUTODETECT spr round 4 (radius: 20)
[00:00:35 -21919.846611] AUTODETECT spr round 5 (radius: 25)
[00:00:36 -21916.634848] SPR radius for FAST iterations: 25 (autodetect)
[00:00:36 -21916.634848] Model parameter optimization (eps = 3.000000)
[00:00:36 -21729.175280] FAST spr round 1 (radius: 25)
[00:00:37 -20023.234312] FAST spr round 2 (radius: 25)
[00:00:38 -19920.288628] FAST spr round 3 (radius: 25)
[00:00:39 -19918.646901] Model parameter optimization (eps = 1.000000)
[00:00:39 -19915.654118] SLOW spr round 1 (radius: 5)
[00:00:41 -19902.254177] SLOW spr round 2 (radius: 5)
[00:00:43 -19902.018981] SLOW spr round 3 (radius: 10)
[00:00:45 -19902.018836] SLOW spr round 4 (radius: 15)
[00:00:45] [worker #3] ML tree search #8, logLikelihood: -19900.926970
[00:00:48 -19902.018828] SLOW spr round 5 (radius: 20)
[00:00:48] [worker #1] ML tree search #6, logLikelihood: -19901.846724
[00:00:50 -19902.018828] SLOW spr round 6 (radius: 25)
[00:00:51] [worker #2] ML tree search #7, logLikelihood: -19903.289113
[00:00:52 -19902.018828] Model parameter optimization (eps = 0.100000)

[00:00:52] [worker #0] ML tree search #5, logLikelihood: -19902.002381

[00:00:52 -48296.321511] Initial branch length optimization
[00:00:52 -40781.426704] Model parameter optimization (eps = 10.000000)
[00:00:53 -38318.944191] AUTODETECT spr round 1 (radius: 5)
[00:00:54 -26859.631133] AUTODETECT spr round 2 (radius: 10)
[00:00:55 -22330.381208] AUTODETECT spr round 3 (radius: 15)
[00:00:56 -21702.982551] AUTODETECT spr round 4 (radius: 20)
[00:00:57 -21698.952496] AUTODETECT spr round 5 (radius: 25)
[00:00:58 -21696.315661] SPR radius for FAST iterations: 25 (autodetect)
[00:00:58 -21696.315661] Model parameter optimization (eps = 3.000000)
[00:00:59 -21522.025832] FAST spr round 1 (radius: 25)
[00:01:00 -20010.808609] FAST spr round 2 (radius: 25)
[00:01:00 -19914.487712] FAST spr round 3 (radius: 25)
[00:01:01] [worker #3] ML tree search #12, logLikelihood: -19901.846234
[00:01:01 -19914.005439] Model parameter optimization (eps = 1.000000)
[00:01:01 -19908.231133] SLOW spr round 1 (radius: 5)
[00:01:03 -19904.537807] SLOW spr round 2 (radius: 10)
[00:01:05 -19904.537203] SLOW spr round 3 (radius: 15)
[00:01:07] [worker #2] ML tree search #11, logLikelihood: -19902.538135
[00:01:08 -19904.537163] SLOW spr round 4 (radius: 20)
[00:01:10] [worker #1] ML tree search #10, logLikelihood: -19901.846391
[00:01:12 -19904.537160] SLOW spr round 5 (radius: 25)
[00:01:13 -19904.537160] Model parameter optimization (eps = 0.100000)

[00:01:13] [worker #0] ML tree search #9, logLikelihood: -19904.528461

[00:01:13 -23744.268463] Initial branch length optimization
[00:01:13 -21433.758799] Model parameter optimization (eps = 10.000000)
[00:01:14 -19997.899370] AUTODETECT spr round 1 (radius: 5)
[00:01:14 -19906.475737] AUTODETECT spr round 2 (radius: 10)
[00:01:15 -19906.298803] AUTODETECT spr round 3 (radius: 15)
[00:01:16] [worker #3] ML tree search #16, logLikelihood: -19907.254866
[00:01:17 -19906.250429] SPR radius for FAST iterations: 10 (autodetect)
[00:01:17 -19906.250429] Model parameter optimization (eps = 3.000000)
[00:01:17 -19905.849967] FAST spr round 1 (radius: 10)
[00:01:18 -19904.098787] Model parameter optimization (eps = 1.000000)
[00:01:18 -19904.082238] SLOW spr round 1 (radius: 5)
[00:01:20 -19902.565212] SLOW spr round 2 (radius: 10)
[00:01:21 -19902.564634] SLOW spr round 3 (radius: 15)
[00:01:24 -19902.564606] SLOW spr round 4 (radius: 20)
[00:01:25] [worker #2] ML tree search #15, logLikelihood: -19903.288753
[00:01:26] [worker #1] ML tree search #14, logLikelihood: -19903.310484
[00:01:26 -19902.564604] SLOW spr round 5 (radius: 25)
[00:01:28 -19902.564604] Model parameter optimization (eps = 0.100000)

[00:01:28] [worker #0] ML tree search #13, logLikelihood: -19902.560007

[00:01:28 -23773.957384] Initial branch length optimization
[00:01:28 -21465.158499] Model parameter optimization (eps = 10.000000)
[00:01:28 -20033.026770] AUTODETECT spr round 1 (radius: 5)
[00:01:29 -19911.240787] AUTODETECT spr round 2 (radius: 10)
[00:01:29] [worker #3] ML tree search #20, logLikelihood: -19903.310519
[00:01:30 -19911.154690] SPR radius for FAST iterations: 5 (autodetect)
[00:01:30 -19911.154690] Model parameter optimization (eps = 3.000000)
[00:01:30 -19910.835337] FAST spr round 1 (radius: 5)
[00:01:31 -19906.947416] Model parameter optimization (eps = 1.000000)
[00:01:31 -19906.932033] SLOW spr round 1 (radius: 5)
[00:01:33 -19900.935915] SLOW spr round 2 (radius: 10)
[00:01:34 -19900.935400] SLOW spr round 3 (radius: 15)
[00:01:37 -19900.935369] SLOW spr round 4 (radius: 20)
[00:01:38] [worker #2] ML tree search #19, logLikelihood: -19903.310589
[00:01:39] [worker #1] ML tree search #18, logLikelihood: -19902.336217
[00:01:40 -19900.935366] SLOW spr round 5 (radius: 25)
[00:01:41 -19900.935366] Model parameter optimization (eps = 0.100000)

[00:01:41] [worker #0] ML tree search #17, logLikelihood: -19900.926249


Optimized model parameters:

   Partition 0: noname
   Rate heterogeneity: GAMMA (4 cats, mean),  alpha: 1.778720 (ML),  weights&rates: (0.250000,0.265349) (0.250000,0.629212) (0.250000,1.063320) (0.250000,2.042119) 
   Base frequencies (empirical): 0.274910 0.249648 0.265344 0.210099 
   Substitution rates (ML): 1.027398 4.741004 2.040559 0.424927 6.038750 1.000000 


Final LogLikelihood: -19900.926249

AIC score: 40365.852499 / AICc score: 40982.115047 / BIC score: 41577.117511
Free parameters (model + branch lengths): 282

WARNING: Best ML tree contains 10 near-zero branches!

Best ML tree with collapsed near-zero branches saved to: /data/jeremias/eucs/roadies/output/genes/gene_68_filtered.fa.aln.raxml.bestTreeCollapsed
Best ML tree saved to: /data/jeremias/eucs/roadies/output/genes/gene_68_filtered.fa.aln.raxml.bestTree
All ML trees saved to: /data/jeremias/eucs/roadies/output/genes/gene_68_filtered.fa.aln.raxml.mlTrees
Optimized model saved to: /data/jeremias/eucs/roadies/output/genes/gene_68_filtered.fa.aln.raxml.bestModel

Execution log saved to: /data/jeremias/eucs/roadies/output/genes/gene_68_filtered.fa.aln.raxml.log

Analysis started: 29-Jul-2024 17:28:22 / finished: 29-Jul-2024 17:30:04

Elapsed time: 101.637 seconds

