
RAxML-NG v. 1.2.2 released on 11.04.2024 by The Exelixis Lab.
Developed by: Alexey M. Kozlov and Alexandros Stamatakis.
Contributors: Diego Darriba, Tomas Flouri, Benoit Morel, Sarah Lutteropp, Ben Bettisworth, Julia Haag, Anastasis Togkousidis.
Latest version: https://github.com/amkozlov/raxml-ng
Questions/problems/suggestions? Please visit: https://groups.google.com/forum/#!forum/raxml

System: AMD EPYC 7742 64-Core Processor, 128 cores, 1007 GB RAM

RAxML-NG was called at 03-Jul-2024 20:47:41 as follows:

raxml-ng --msa /data/jeremias/eucs/roadies/output/genes/gene_207_filtered.fa.aln --model GTR+G+F --redo --threads auto{4} --blopt nr_safe

Analysis options:
  run mode: ML tree search
  start tree(s): random (10) + parsimony (10)
  random seed: 1720003661
  tip-inner: OFF
  pattern compression: ON
  per-rate scalers: OFF
  site repeats: ON
  logLH epsilon: general: 10.000000, brlen-triplet: 1000.000000
  fast spr radius: AUTO
  spr subtree cutoff: 1.000000
  fast CLV updates: ON
  branch lengths: proportional (ML estimate, algorithm: NR-SAFE)
  SIMD kernels: AVX2
  parallelization: coarse-grained (auto), PTHREADS (auto)

WARNING: Running in REDO mode: existing checkpoints are ignored, and all result files will be overwritten!

[00:00:00] Reading alignment from file: /data/jeremias/eucs/roadies/output/genes/gene_207_filtered.fa.aln
[00:00:00] Loaded alignment with 47 taxa and 590 sites

WARNING: Sequences GCA_017140615.1_0 and GCA_017140255.1_0 are exactly identical!
WARNING: Duplicate sequences found: 1

NOTE: Reduced alignment (with duplicates and gap-only sites/taxa removed) 
NOTE: was saved to: /data/jeremias/eucs/roadies/output/genes/gene_207_filtered.fa.aln.raxml.reduced.phy

Alignment comprises 1 partitions and 355 patterns

Partition 0: noname
Model: GTR+FC+G4m
Alignment sites / patterns: 590 / 355
Gaps: 14.23 %
Invariant sites: 39.49 %


NOTE: Binary MSA file created: /data/jeremias/eucs/roadies/output/genes/gene_207_filtered.fa.aln.raxml.rba

Parallelization scheme autoconfig: 4 worker(s) x 1 thread(s)

[00:00:00] Generating 10 random starting tree(s) with 47 taxa
[00:00:00] Generating 10 parsimony starting tree(s) with 47 taxa
Parallel parsimony with 4 threads
Parallel reduction/worker buffer size: 1 KB  / 0 KB

[00:00:00] Data distribution: max. partitions/sites/weight per thread: 1 / 355 / 5680
[00:00:00] Data distribution: max. searches per worker: 5

Starting ML tree search with 20 distinct starting trees

[00:00:00 -8896.890551] Initial branch length optimization
[00:00:00 -7103.320632] Model parameter optimization (eps = 10.000000)
[00:00:00 -6498.651815] AUTODETECT spr round 1 (radius: 5)
[00:00:00 -4580.723888] AUTODETECT spr round 2 (radius: 10)
[00:00:00 -4106.432527] AUTODETECT spr round 3 (radius: 15)
[00:00:00 -4103.956149] AUTODETECT spr round 4 (radius: 20)
[00:00:00 -4103.157468] AUTODETECT spr round 5 (radius: 25)
[00:00:00 -4102.905314] SPR radius for FAST iterations: 25 (autodetect)
[00:00:00 -4102.905314] Model parameter optimization (eps = 3.000000)
[00:00:00 -3966.238510] FAST spr round 1 (radius: 25)
[00:00:00 -3875.602549] FAST spr round 2 (radius: 25)
[00:00:01 -3875.449747] Model parameter optimization (eps = 1.000000)
[00:00:01 -3875.179768] SLOW spr round 1 (radius: 5)
[00:00:01 -3875.179281] SLOW spr round 2 (radius: 10)
[00:00:01 -3875.179278] SLOW spr round 3 (radius: 15)
[00:00:01 -3875.179278] SLOW spr round 4 (radius: 20)
[00:00:02 -3875.179278] SLOW spr round 5 (radius: 25)
[00:00:02 -3875.179278] Model parameter optimization (eps = 0.100000)
[00:00:02] [worker #2] ML tree search #3, logLikelihood: -3875.173650

[00:00:02] [worker #0] ML tree search #1, logLikelihood: -3875.173621

[00:00:02 -9205.880361] Initial branch length optimization
[00:00:02] [worker #1] ML tree search #2, logLikelihood: -3875.173463
[00:00:02 -7501.946777] Model parameter optimization (eps = 10.000000)
[00:00:02] [worker #3] ML tree search #4, logLikelihood: -3875.173711
[00:00:02 -6838.418103] AUTODETECT spr round 1 (radius: 5)
[00:00:02 -4540.602592] AUTODETECT spr round 2 (radius: 10)
[00:00:02 -4204.335692] AUTODETECT spr round 3 (radius: 15)
[00:00:02 -4198.350193] AUTODETECT spr round 4 (radius: 20)
[00:00:02 -4197.962231] AUTODETECT spr round 5 (radius: 25)
[00:00:02 -4197.894956] SPR radius for FAST iterations: 20 (autodetect)
[00:00:02 -4197.894956] Model parameter optimization (eps = 3.000000)
[00:00:02 -4075.532005] FAST spr round 1 (radius: 20)
[00:00:03 -3908.150391] FAST spr round 2 (radius: 20)
[00:00:03 -3878.280798] FAST spr round 3 (radius: 20)
[00:00:03 -3878.280721] Model parameter optimization (eps = 1.000000)
[00:00:03 -3875.175007] SLOW spr round 1 (radius: 5)
[00:00:03 -3875.174129] SLOW spr round 2 (radius: 10)
[00:00:04 -3875.174127] SLOW spr round 3 (radius: 15)
[00:00:04 -3875.174127] SLOW spr round 4 (radius: 20)
[00:00:04] [worker #3] ML tree search #8, logLikelihood: -3875.173678
[00:00:04] [worker #2] ML tree search #7, logLikelihood: -3875.173805
[00:00:04 -3875.174127] SLOW spr round 5 (radius: 25)
[00:00:04] [worker #1] ML tree search #6, logLikelihood: -3875.173468
[00:00:04 -3875.174127] Model parameter optimization (eps = 0.100000)

[00:00:04] [worker #0] ML tree search #5, logLikelihood: -3875.173483

[00:00:04 -9155.236459] Initial branch length optimization
[00:00:04 -7556.855942] Model parameter optimization (eps = 10.000000)
[00:00:04 -6868.363875] AUTODETECT spr round 1 (radius: 5)
[00:00:04 -5023.819171] AUTODETECT spr round 2 (radius: 10)
[00:00:05 -4305.806166] AUTODETECT spr round 3 (radius: 15)
[00:00:05 -4303.433206] AUTODETECT spr round 4 (radius: 20)
[00:00:05 -4302.703210] AUTODETECT spr round 5 (radius: 25)
[00:00:05 -4302.499559] SPR radius for FAST iterations: 25 (autodetect)
[00:00:05 -4302.499559] Model parameter optimization (eps = 3.000000)
[00:00:05 -4188.602749] FAST spr round 1 (radius: 25)
[00:00:05 -3933.808743] FAST spr round 2 (radius: 25)
[00:00:05 -3882.476043] FAST spr round 3 (radius: 25)
[00:00:05 -3880.791541] Model parameter optimization (eps = 1.000000)
[00:00:05 -3875.176373] SLOW spr round 1 (radius: 5)
[00:00:06] [worker #3] ML tree search #12, logLikelihood: -3875.173695
[00:00:06] [worker #2] ML tree search #11, logLikelihood: -3875.173413
[00:00:06 -3875.175409] SLOW spr round 2 (radius: 10)
[00:00:06 -3875.175402] SLOW spr round 3 (radius: 15)
[00:00:06 -3875.175402] SLOW spr round 4 (radius: 20)
[00:00:06] [worker #1] ML tree search #10, logLikelihood: -3875.173455
[00:00:06 -3875.175402] SLOW spr round 5 (radius: 25)
[00:00:07 -3875.175402] Model parameter optimization (eps = 0.100000)

[00:00:07] [worker #0] ML tree search #9, logLikelihood: -3875.173440

[00:00:07 -5259.861542] Initial branch length optimization
[00:00:07 -4066.010715] Model parameter optimization (eps = 10.000000)
[00:00:07 -3895.831651] AUTODETECT spr round 1 (radius: 5)
[00:00:07 -3875.595366] AUTODETECT spr round 2 (radius: 10)
[00:00:07 -3875.510985] SPR radius for FAST iterations: 5 (autodetect)
[00:00:07 -3875.510985] Model parameter optimization (eps = 3.000000)
[00:00:07 -3875.361007] FAST spr round 1 (radius: 5)
[00:00:07 -3875.180275] Model parameter optimization (eps = 1.000000)
[00:00:07 -3875.173765] SLOW spr round 1 (radius: 5)
[00:00:07] [worker #3] ML tree search #16, logLikelihood: -3875.173620
[00:00:07 -3875.173697] SLOW spr round 2 (radius: 10)
[00:00:08] [worker #2] ML tree search #15, logLikelihood: -3875.173411
[00:00:08 -3875.173697] SLOW spr round 3 (radius: 15)
[00:00:08 -3875.173697] SLOW spr round 4 (radius: 20)
[00:00:08 -3875.173697] SLOW spr round 5 (radius: 25)
[00:00:08 -3875.173697] Model parameter optimization (eps = 0.100000)
[00:00:08] [worker #1] ML tree search #14, logLikelihood: -3875.173623

[00:00:08] [worker #0] ML tree search #13, logLikelihood: -3875.173626

[00:00:08 -5250.286193] Initial branch length optimization
[00:00:08 -4054.976764] Model parameter optimization (eps = 10.000000)
[00:00:08 -3883.575259] AUTODETECT spr round 1 (radius: 5)
[00:00:08 -3875.281320] AUTODETECT spr round 2 (radius: 10)
[00:00:09 -3875.261486] SPR radius for FAST iterations: 5 (autodetect)
[00:00:09 -3875.261486] Model parameter optimization (eps = 3.000000)
[00:00:09 -3875.174317] FAST spr round 1 (radius: 5)
[00:00:09 -3875.174290] Model parameter optimization (eps = 1.000000)
[00:00:09 -3875.173681] SLOW spr round 1 (radius: 5)
[00:00:09] [worker #3] ML tree search #20, logLikelihood: -3875.173905
[00:00:09 -3875.173645] SLOW spr round 2 (radius: 10)
[00:00:09] [worker #2] ML tree search #19, logLikelihood: -3875.173640
[00:00:09 -3875.173645] SLOW spr round 3 (radius: 15)
[00:00:10 -3875.173645] SLOW spr round 4 (radius: 20)
[00:00:10] [worker #1] ML tree search #18, logLikelihood: -3875.173427
[00:00:10 -3875.173645] SLOW spr round 5 (radius: 25)
[00:00:10 -3875.173645] Model parameter optimization (eps = 0.100000)

[00:00:10] [worker #0] ML tree search #17, logLikelihood: -3875.173638


Optimized model parameters:

   Partition 0: noname
   Rate heterogeneity: GAMMA (4 cats, mean),  alpha: 4.094369 (ML),  weights&rates: (0.250000,0.459472) (0.250000,0.778410) (0.250000,1.084375) (0.250000,1.677742) 
   Base frequencies (empirical): 0.376487 0.139217 0.249968 0.234327 
   Substitution rates (ML): 1.783576 3.393230 0.764415 1.011116 6.918802 1.000000 


Final LogLikelihood: -3875.173411

AIC score: 7950.346821 / AICc score: 7991.655615 / BIC score: 8388.359075
Free parameters (model + branch lengths): 100

WARNING: Best ML tree contains 8 near-zero branches!

Best ML tree with collapsed near-zero branches saved to: /data/jeremias/eucs/roadies/output/genes/gene_207_filtered.fa.aln.raxml.bestTreeCollapsed
Best ML tree saved to: /data/jeremias/eucs/roadies/output/genes/gene_207_filtered.fa.aln.raxml.bestTree
All ML trees saved to: /data/jeremias/eucs/roadies/output/genes/gene_207_filtered.fa.aln.raxml.mlTrees
Optimized model saved to: /data/jeremias/eucs/roadies/output/genes/gene_207_filtered.fa.aln.raxml.bestModel

Execution log saved to: /data/jeremias/eucs/roadies/output/genes/gene_207_filtered.fa.aln.raxml.log

Analysis started: 03-Jul-2024 20:47:41 / finished: 03-Jul-2024 20:47:51

Elapsed time: 10.284 seconds

