
RAxML-NG v. 1.2.2 released on 11.04.2024 by The Exelixis Lab.
Developed by: Alexey M. Kozlov and Alexandros Stamatakis.
Contributors: Diego Darriba, Tomas Flouri, Benoit Morel, Sarah Lutteropp, Ben Bettisworth, Julia Haag, Anastasis Togkousidis.
Latest version: https://github.com/amkozlov/raxml-ng
Questions/problems/suggestions? Please visit: https://groups.google.com/forum/#!forum/raxml

System: AMD EPYC 7742 64-Core Processor, 128 cores, 1007 GB RAM

RAxML-NG was called at 29-Jul-2024 16:31:12 as follows:

raxml-ng --msa /data/jeremias/eucs/roadies/output/genes/gene_133_filtered.fa.aln --model GTR+G+F --redo --threads auto{4} --blopt nr_safe

Analysis options:
  run mode: ML tree search
  start tree(s): random (10) + parsimony (10)
  random seed: 1722234672
  tip-inner: OFF
  pattern compression: ON
  per-rate scalers: OFF
  site repeats: ON
  logLH epsilon: general: 10.000000, brlen-triplet: 1000.000000
  fast spr radius: AUTO
  spr subtree cutoff: 1.000000
  fast CLV updates: ON
  branch lengths: proportional (ML estimate, algorithm: NR-SAFE)
  SIMD kernels: AVX2
  parallelization: coarse-grained (auto), PTHREADS (auto)

WARNING: Running in REDO mode: existing checkpoints are ignored, and all result files will be overwritten!

[00:00:00] Reading alignment from file: /data/jeremias/eucs/roadies/output/genes/gene_133_filtered.fa.aln
[00:00:00] Loaded alignment with 201 taxa and 517 sites

WARNING: Sequences E_cladocalyx_0 and E_dawsonii_3 are exactly identical!
WARNING: Sequences E_cladocalyx_0 and E_leucophloia_3 are exactly identical!
WARNING: Sequences E_cladocalyx_0 and E_brandiana_3 are exactly identical!
WARNING: Sequences E_cladocalyx_0 and E_grandis_1 are exactly identical!
WARNING: Sequences E_cladocalyx_0 and E_virginea_1 are exactly identical!
WARNING: Sequences E_cladocalyx_0 and E_pumila_1 are exactly identical!
WARNING: Sequences E_viminalis_0 and E_globulus_0 are exactly identical!
WARNING: Sequences E_ANBG9806169_4 and E_pauciflora_9 are exactly identical!
WARNING: Sequences E_paniculata_1 and E_caleyi_1 are exactly identical!
WARNING: Sequences E_melliodora_8 and E_melliodora_7 are exactly identical!
WARNING: Sequences E_melliodora_8 and E_melliodora_6 are exactly identical!
WARNING: Duplicate sequences found: 11

NOTE: Reduced alignment (with duplicates and gap-only sites/taxa removed) 
NOTE: was saved to: /data/jeremias/eucs/roadies/output/genes/gene_133_filtered.fa.aln.raxml.reduced.phy

Alignment comprises 1 partitions and 496 patterns

Partition 0: noname
Model: GTR+FC+G4m
Alignment sites / patterns: 517 / 496
Gaps: 12.98 %
Invariant sites: 13.73 %


NOTE: Binary MSA file created: /data/jeremias/eucs/roadies/output/genes/gene_133_filtered.fa.aln.raxml.rba

Parallelization scheme autoconfig: 4 worker(s) x 1 thread(s)

[00:00:00] Generating 10 random starting tree(s) with 201 taxa
[00:00:00] Generating 10 parsimony starting tree(s) with 201 taxa
Parallel parsimony with 4 threads
Parallel reduction/worker buffer size: 1 KB  / 0 KB

[00:00:00] Data distribution: max. partitions/sites/weight per thread: 1 / 496 / 7936
[00:00:00] Data distribution: max. searches per worker: 5

Starting ML tree search with 20 distinct starting trees

[00:00:00 -40595.775998] Initial branch length optimization
[00:00:00 -34672.575089] Model parameter optimization (eps = 10.000000)
[00:00:01 -33116.418794] AUTODETECT spr round 1 (radius: 5)
[00:00:02 -14007.664856] AUTODETECT spr round 2 (radius: 10)
[00:00:04 -10239.673521] AUTODETECT spr round 3 (radius: 15)
[00:00:07 -9983.207801] AUTODETECT spr round 4 (radius: 20)
[00:00:10 -9981.318679] AUTODETECT spr round 5 (radius: 25)
[00:00:11 -9980.143585] SPR radius for FAST iterations: 25 (autodetect)
[00:00:11 -9980.143585] Model parameter optimization (eps = 3.000000)
[00:00:12 -9858.444246] FAST spr round 1 (radius: 25)
[00:00:13 -8696.923767] FAST spr round 2 (radius: 25)
[00:00:14 -8643.355662] FAST spr round 3 (radius: 25)
[00:00:15 -8643.202093] Model parameter optimization (eps = 1.000000)
[00:00:15 -8633.128749] SLOW spr round 1 (radius: 5)
[00:00:18 -8632.042482] SLOW spr round 2 (radius: 10)
[00:00:21 -8632.042478] SLOW spr round 3 (radius: 15)
[00:00:27 -8632.042478] SLOW spr round 4 (radius: 20)
[00:00:30] [worker #3] ML tree search #4, logLikelihood: -8632.038465
[00:00:32] [worker #2] ML tree search #3, logLikelihood: -8631.561343
[00:00:33 -8632.042478] SLOW spr round 5 (radius: 25)
[00:00:38 -8632.042478] Model parameter optimization (eps = 0.100000)

[00:00:38] [worker #0] ML tree search #1, logLikelihood: -8632.038627

[00:00:38 -40093.855013] Initial branch length optimization
[00:00:38] [worker #1] ML tree search #2, logLikelihood: -8632.038578
[00:00:38 -34120.856908] Model parameter optimization (eps = 10.000000)
[00:00:39 -32605.609706] AUTODETECT spr round 1 (radius: 5)
[00:00:40 -16589.288123] AUTODETECT spr round 2 (radius: 10)
[00:00:42 -12163.570993] AUTODETECT spr round 3 (radius: 15)
[00:00:44 -10254.491036] AUTODETECT spr round 4 (radius: 20)
[00:00:46 -10218.713777] AUTODETECT spr round 5 (radius: 25)
[00:00:48 -10215.964043] SPR radius for FAST iterations: 25 (autodetect)
[00:00:48 -10215.964043] Model parameter optimization (eps = 3.000000)
[00:00:49 -10101.588935] FAST spr round 1 (radius: 25)
[00:00:50 -8839.898303] FAST spr round 2 (radius: 25)
[00:00:51 -8660.986327] FAST spr round 3 (radius: 25)
[00:00:52 -8653.254582] Model parameter optimization (eps = 1.000000)
[00:00:52 -8637.892168] SLOW spr round 1 (radius: 5)
[00:00:55 -8631.589122] SLOW spr round 2 (radius: 10)
[00:00:57 -8631.589100] SLOW spr round 3 (radius: 15)
[00:01:02 -8631.589100] SLOW spr round 4 (radius: 20)
[00:01:03] [worker #3] ML tree search #8, logLikelihood: -8632.038591
[00:01:07 -8631.589100] SLOW spr round 5 (radius: 25)
[00:01:09] [worker #2] ML tree search #7, logLikelihood: -8633.266254
[00:01:11 -8631.589100] Model parameter optimization (eps = 0.100000)

[00:01:11] [worker #0] ML tree search #5, logLikelihood: -8631.561177

[00:01:11 -40231.167882] Initial branch length optimization
[00:01:11 -34643.561937] Model parameter optimization (eps = 10.000000)
[00:01:12 -33089.126161] AUTODETECT spr round 1 (radius: 5)
[00:01:13 -16265.810659] AUTODETECT spr round 2 (radius: 10)
[00:01:14 -10066.868403] AUTODETECT spr round 3 (radius: 15)
[00:01:17 -9559.671153] AUTODETECT spr round 4 (radius: 20)
[00:01:20 -9557.036277] AUTODETECT spr round 5 (radius: 25)
[00:01:21] [worker #1] ML tree search #6, logLikelihood: -8632.038709
[00:01:22 -9555.371690] SPR radius for FAST iterations: 25 (autodetect)
[00:01:22 -9555.371690] Model parameter optimization (eps = 3.000000)
[00:01:22 -9419.860285] FAST spr round 1 (radius: 25)
[00:01:24 -8663.067958] FAST spr round 2 (radius: 25)
[00:01:25 -8646.829441] FAST spr round 3 (radius: 25)
[00:01:26 -8638.723263] Model parameter optimization (eps = 1.000000)
[00:01:27 -8632.639717] SLOW spr round 1 (radius: 5)
[00:01:30 -8631.564967] SLOW spr round 2 (radius: 10)
[00:01:31] [worker #3] ML tree search #12, logLikelihood: -8631.561376
[00:01:34 -8631.564962] SLOW spr round 3 (radius: 15)
[00:01:35] [worker #2] ML tree search #11, logLikelihood: -8633.829373
[00:01:39 -8631.564962] SLOW spr round 4 (radius: 20)
[00:01:44 -8631.564962] SLOW spr round 5 (radius: 25)
[00:01:47 -8631.564962] Model parameter optimization (eps = 0.100000)

[00:01:48] [worker #0] ML tree search #9, logLikelihood: -8631.561360

[00:01:48 -11207.101822] Initial branch length optimization
[00:01:48 -9029.823828] Model parameter optimization (eps = 10.000000)
[00:01:48 -8683.764424] AUTODETECT spr round 1 (radius: 5)
[00:01:49 -8639.476837] AUTODETECT spr round 2 (radius: 10)
[00:01:52 -8639.131377] AUTODETECT spr round 3 (radius: 15)
[00:01:56] [worker #1] ML tree search #10, logLikelihood: -8633.266172
[00:01:57 -8639.122615] SPR radius for FAST iterations: 10 (autodetect)
[00:01:57 -8639.122615] Model parameter optimization (eps = 3.000000)
[00:01:57 -8638.873526] FAST spr round 1 (radius: 10)
[00:01:57] [worker #2] ML tree search #15, logLikelihood: -8631.561325
[00:01:58 -8633.575305] Model parameter optimization (eps = 1.000000)
[00:01:58 -8633.570782] SLOW spr round 1 (radius: 5)
[00:02:00 -8632.126575] SLOW spr round 2 (radius: 10)
[00:02:01] [worker #3] ML tree search #16, logLikelihood: -8631.561173
[00:02:02 -8632.126571] SLOW spr round 3 (radius: 15)
[00:02:06 -8632.126571] SLOW spr round 4 (radius: 20)
[00:02:11 -8632.126571] SLOW spr round 5 (radius: 25)
[00:02:15 -8632.126571] Model parameter optimization (eps = 0.100000)

[00:02:15] [worker #0] ML tree search #13, logLikelihood: -8632.123855

[00:02:15 -11205.799022] Initial branch length optimization
[00:02:15 -9039.045258] Model parameter optimization (eps = 10.000000)
[00:02:15 -8696.777329] AUTODETECT spr round 1 (radius: 5)
[00:02:16 -8636.307840] AUTODETECT spr round 2 (radius: 10)
[00:02:19 -8635.909466] AUTODETECT spr round 3 (radius: 15)
[00:02:24 -8635.903075] SPR radius for FAST iterations: 10 (autodetect)
[00:02:24 -8635.903075] Model parameter optimization (eps = 3.000000)
[00:02:24 -8635.604635] FAST spr round 1 (radius: 10)
[00:02:25 -8633.246926] Model parameter optimization (eps = 1.000000)
[00:02:25 -8633.242177] SLOW spr round 1 (radius: 5)
[00:02:29 -8631.566325] SLOW spr round 2 (radius: 10)
[00:02:30] [worker #3] ML tree search #20, logLikelihood: -8639.669849
[00:02:31] [worker #2] ML tree search #19, logLikelihood: -8632.123944
[00:02:31] [worker #1] ML tree search #14, logLikelihood: -8631.561260
[00:02:32 -8631.566314] SLOW spr round 3 (radius: 15)
[00:02:37 -8631.566314] SLOW spr round 4 (radius: 20)
[00:02:43 -8631.566314] SLOW spr round 5 (radius: 25)
[00:02:46 -8631.566314] Model parameter optimization (eps = 0.100000)

[00:02:46] [worker #0] ML tree search #17, logLikelihood: -8631.561259

[00:02:57] [worker #1] ML tree search #18, logLikelihood: -8631.561322

Optimized model parameters:

   Partition 0: noname
   Rate heterogeneity: GAMMA (4 cats, mean),  alpha: 4.340022 (ML),  weights&rates: (0.250000,0.472119) (0.250000,0.786203) (0.250000,1.084212) (0.250000,1.657466) 
   Base frequencies (empirical): 0.215624 0.224902 0.172196 0.387278 
   Substitution rates (ML): 1.159336 5.317133 0.951784 1.336905 3.074137 1.000000 


Final LogLikelihood: -8631.561173

AIC score: 18079.122345 / AICc score: 21169.344568 / BIC score: 19812.323838
Free parameters (model + branch lengths): 408

WARNING: Best ML tree contains 81 near-zero branches!

Best ML tree with collapsed near-zero branches saved to: /data/jeremias/eucs/roadies/output/genes/gene_133_filtered.fa.aln.raxml.bestTreeCollapsed
Best ML tree saved to: /data/jeremias/eucs/roadies/output/genes/gene_133_filtered.fa.aln.raxml.bestTree
All ML trees saved to: /data/jeremias/eucs/roadies/output/genes/gene_133_filtered.fa.aln.raxml.mlTrees
Optimized model saved to: /data/jeremias/eucs/roadies/output/genes/gene_133_filtered.fa.aln.raxml.bestModel

Execution log saved to: /data/jeremias/eucs/roadies/output/genes/gene_133_filtered.fa.aln.raxml.log

Analysis started: 29-Jul-2024 16:31:12 / finished: 29-Jul-2024 16:34:10

Elapsed time: 177.587 seconds

