
RAxML-NG v. 1.2.2 released on 11.04.2024 by The Exelixis Lab.
Developed by: Alexey M. Kozlov and Alexandros Stamatakis.
Contributors: Diego Darriba, Tomas Flouri, Benoit Morel, Sarah Lutteropp, Ben Bettisworth, Julia Haag, Anastasis Togkousidis.
Latest version: https://github.com/amkozlov/raxml-ng
Questions/problems/suggestions? Please visit: https://groups.google.com/forum/#!forum/raxml

System: AMD EPYC 7742 64-Core Processor, 128 cores, 1007 GB RAM

RAxML-NG was called at 29-Jul-2024 17:31:30 as follows:

raxml-ng --msa /data/jeremias/eucs/roadies/output/genes/gene_218_filtered.fa.aln --model GTR+G+F --redo --threads auto{4} --blopt nr_safe

Analysis options:
  run mode: ML tree search
  start tree(s): random (10) + parsimony (10)
  random seed: 1722238290
  tip-inner: OFF
  pattern compression: ON
  per-rate scalers: OFF
  site repeats: ON
  logLH epsilon: general: 10.000000, brlen-triplet: 1000.000000
  fast spr radius: AUTO
  spr subtree cutoff: 1.000000
  fast CLV updates: ON
  branch lengths: proportional (ML estimate, algorithm: NR-SAFE)
  SIMD kernels: AVX2
  parallelization: coarse-grained (auto), PTHREADS (auto)

WARNING: Running in REDO mode: existing checkpoints are ignored, and all result files will be overwritten!

[00:00:00] Reading alignment from file: /data/jeremias/eucs/roadies/output/genes/gene_218_filtered.fa.aln
[00:00:00] Loaded alignment with 36 taxa and 514 sites

WARNING: Sequences E_sideroxylon_0 and E_sid_E_mel_0 are exactly identical!
WARNING: Duplicate sequences found: 1

NOTE: Reduced alignment (with duplicates and gap-only sites/taxa removed) 
NOTE: was saved to: /data/jeremias/eucs/roadies/output/genes/gene_218_filtered.fa.aln.raxml.reduced.phy

Alignment comprises 1 partitions and 144 patterns

Partition 0: noname
Model: GTR+FC+G4m
Alignment sites / patterns: 514 / 144
Gaps: 2.78 %
Invariant sites: 69.84 %


NOTE: Binary MSA file created: /data/jeremias/eucs/roadies/output/genes/gene_218_filtered.fa.aln.raxml.rba

Parallelization scheme autoconfig: 4 worker(s) x 1 thread(s)

[00:00:00] Generating 10 random starting tree(s) with 36 taxa
[00:00:00] Generating 10 parsimony starting tree(s) with 36 taxa
Parallel parsimony with 4 threads
Parallel reduction/worker buffer size: 1 KB  / 0 KB

[00:00:00] Data distribution: max. partitions/sites/weight per thread: 1 / 144 / 2304
[00:00:00] Data distribution: max. searches per worker: 5

Starting ML tree search with 20 distinct starting trees

[00:00:00 -3793.988664] Initial branch length optimization
[00:00:00 -2914.354227] Model parameter optimization (eps = 10.000000)
[00:00:00 -2662.018777] AUTODETECT spr round 1 (radius: 5)
[00:00:00 -2077.817814] AUTODETECT spr round 2 (radius: 10)
[00:00:00 -2044.156203] AUTODETECT spr round 3 (radius: 15)
[00:00:00 -2044.050856] AUTODETECT spr round 4 (radius: 20)
[00:00:00 -2044.047683] SPR radius for FAST iterations: 15 (autodetect)
[00:00:00 -2044.047683] Model parameter optimization (eps = 3.000000)
[00:00:00 -2026.624363] FAST spr round 1 (radius: 15)
[00:00:00 -1990.242781] FAST spr round 2 (radius: 15)
[00:00:00 -1989.256397] Model parameter optimization (eps = 1.000000)
[00:00:00 -1988.589566] SLOW spr round 1 (radius: 5)
[00:00:00 -1988.481517] SLOW spr round 2 (radius: 10)
[00:00:00 -1987.183352] SLOW spr round 3 (radius: 15)
[00:00:00] [worker #2] ML tree search #3, logLikelihood: -1986.060257
[00:00:00 -1987.183347] SLOW spr round 4 (radius: 20)
[00:00:00 -1987.183347] SLOW spr round 5 (radius: 25)
[00:00:00 -1987.183347] Model parameter optimization (eps = 0.100000)

[00:00:00] [worker #0] ML tree search #1, logLikelihood: -1987.024569

[00:00:00 -3784.930459] Initial branch length optimization
[00:00:00] [worker #3] ML tree search #4, logLikelihood: -1986.060262
[00:00:00 -2972.862981] Model parameter optimization (eps = 10.000000)
[00:00:00] [worker #1] ML tree search #2, logLikelihood: -1986.060456
[00:00:00 -2708.048980] AUTODETECT spr round 1 (radius: 5)
[00:00:00 -2191.405777] AUTODETECT spr round 2 (radius: 10)
[00:00:01 -2042.717463] AUTODETECT spr round 3 (radius: 15)
[00:00:01 -2042.506797] AUTODETECT spr round 4 (radius: 20)
[00:00:01 -2042.499202] SPR radius for FAST iterations: 15 (autodetect)
[00:00:01 -2042.499202] Model parameter optimization (eps = 3.000000)
[00:00:01 -2023.524585] FAST spr round 1 (radius: 15)
[00:00:01 -1986.994383] FAST spr round 2 (radius: 15)
[00:00:01 -1986.994142] Model parameter optimization (eps = 1.000000)
[00:00:01 -1986.733964] SLOW spr round 1 (radius: 5)
[00:00:01 -1986.733805] SLOW spr round 2 (radius: 10)
[00:00:01 -1986.733804] SLOW spr round 3 (radius: 15)
[00:00:01 -1986.733803] SLOW spr round 4 (radius: 20)
[00:00:01] [worker #2] ML tree search #7, logLikelihood: -1987.024650
[00:00:01 -1986.733802] SLOW spr round 5 (radius: 25)
[00:00:01 -1986.733801] Model parameter optimization (eps = 0.100000)

[00:00:01] [worker #0] ML tree search #5, logLikelihood: -1986.730671

[00:00:01 -3792.646907] Initial branch length optimization
[00:00:01 -2919.100442] Model parameter optimization (eps = 10.000000)
[00:00:01] [worker #3] ML tree search #8, logLikelihood: -1986.059929
[00:00:01 -2672.542556] AUTODETECT spr round 1 (radius: 5)
[00:00:01 -2086.128223] AUTODETECT spr round 2 (radius: 10)
[00:00:01] [worker #1] ML tree search #6, logLikelihood: -1986.060247
[00:00:01 -2052.895323] AUTODETECT spr round 3 (radius: 15)
[00:00:01 -2052.765923] AUTODETECT spr round 4 (radius: 20)
[00:00:01 -2052.759652] SPR radius for FAST iterations: 15 (autodetect)
[00:00:01 -2052.759652] Model parameter optimization (eps = 3.000000)
[00:00:01 -2035.089591] FAST spr round 1 (radius: 15)
[00:00:01 -1987.696706] FAST spr round 2 (radius: 15)
[00:00:01 -1986.869581] Model parameter optimization (eps = 1.000000)
[00:00:01 -1986.180284] SLOW spr round 1 (radius: 5)
[00:00:02] [worker #2] ML tree search #11, logLikelihood: -1987.190369
[00:00:02 -1986.073359] SLOW spr round 2 (radius: 10)
[00:00:02] [worker #3] ML tree search #12, logLikelihood: -1986.060430
[00:00:02 -1986.072997] SLOW spr round 3 (radius: 15)
[00:00:02 -1986.072994] SLOW spr round 4 (radius: 20)
[00:00:02 -1986.072994] SLOW spr round 5 (radius: 25)
[00:00:02 -1986.072994] Model parameter optimization (eps = 0.100000)

[00:00:02] [worker #0] ML tree search #9, logLikelihood: -1986.059826

[00:00:02 -2896.533346] Initial branch length optimization
[00:00:02 -2055.963569] Model parameter optimization (eps = 10.000000)
[00:00:02 -1987.049774] AUTODETECT spr round 1 (radius: 5)
[00:00:02 -1987.049626] SPR radius for FAST iterations: 5 (autodetect)
[00:00:02 -1987.049626] Model parameter optimization (eps = 3.000000)
[00:00:02 -1987.049598] FAST spr round 1 (radius: 5)
[00:00:02] [worker #1] ML tree search #10, logLikelihood: -1986.059889
[00:00:02 -1986.730741] Model parameter optimization (eps = 1.000000)
[00:00:02 -1986.730715] SLOW spr round 1 (radius: 5)
[00:00:02] [worker #2] ML tree search #15, logLikelihood: -1986.060493
[00:00:02 -1986.730664] SLOW spr round 2 (radius: 10)
[00:00:02] [worker #3] ML tree search #16, logLikelihood: -1986.730686
[00:00:02 -1986.730663] SLOW spr round 3 (radius: 15)
[00:00:02 -1986.730662] SLOW spr round 4 (radius: 20)
[00:00:02 -1986.730661] SLOW spr round 5 (radius: 25)
[00:00:02 -1986.730660] Model parameter optimization (eps = 0.100000)

[00:00:02] [worker #0] ML tree search #13, logLikelihood: -1986.730660

[00:00:02 -2902.922392] Initial branch length optimization
[00:00:02 -2069.762810] Model parameter optimization (eps = 10.000000)
[00:00:02 -2000.075003] AUTODETECT spr round 1 (radius: 5)
[00:00:03 -1987.478129] AUTODETECT spr round 2 (radius: 10)
[00:00:03 -1987.467442] SPR radius for FAST iterations: 5 (autodetect)
[00:00:03 -1987.467442] Model parameter optimization (eps = 3.000000)
[00:00:03 -1987.333803] FAST spr round 1 (radius: 5)
[00:00:03] [worker #1] ML tree search #14, logLikelihood: -1986.652343
[00:00:03 -1986.027621] Model parameter optimization (eps = 1.000000)
[00:00:03] [worker #2] ML tree search #19, logLikelihood: -1986.332565
[00:00:03 -1986.020874] SLOW spr round 1 (radius: 5)
[00:00:03 -1986.020841] SLOW spr round 2 (radius: 10)
[00:00:03] [worker #3] ML tree search #20, logLikelihood: -1986.059891
[00:00:03 -1986.020841] SLOW spr round 3 (radius: 15)
[00:00:03 -1986.020841] SLOW spr round 4 (radius: 20)
[00:00:03 -1986.020841] SLOW spr round 5 (radius: 25)
[00:00:03 -1986.020841] Model parameter optimization (eps = 0.100000)

[00:00:03] [worker #0] ML tree search #17, logLikelihood: -1986.020812

[00:00:03] [worker #1] ML tree search #18, logLikelihood: -1986.332575

Optimized model parameters:

   Partition 0: noname
   Rate heterogeneity: GAMMA (4 cats, mean),  alpha: 0.738095 (ML),  weights&rates: (0.250000,0.082337) (0.250000,0.380964) (0.250000,0.938207) (0.250000,2.598493) 
   Base frequencies (empirical): 0.241147 0.179554 0.239091 0.340208 
   Substitution rates (ML): 2.022740 6.879297 1.333039 1.270975 7.406002 1.000000 


Final LogLikelihood: -1986.020812

AIC score: 4128.041624 / AICc score: 4156.372658 / BIC score: 4458.935038
Free parameters (model + branch lengths): 78

WARNING: Best ML tree contains 8 near-zero branches!

Best ML tree with collapsed near-zero branches saved to: /data/jeremias/eucs/roadies/output/genes/gene_218_filtered.fa.aln.raxml.bestTreeCollapsed
Best ML tree saved to: /data/jeremias/eucs/roadies/output/genes/gene_218_filtered.fa.aln.raxml.bestTree
All ML trees saved to: /data/jeremias/eucs/roadies/output/genes/gene_218_filtered.fa.aln.raxml.mlTrees
Optimized model saved to: /data/jeremias/eucs/roadies/output/genes/gene_218_filtered.fa.aln.raxml.bestModel

Execution log saved to: /data/jeremias/eucs/roadies/output/genes/gene_218_filtered.fa.aln.raxml.log

Analysis started: 29-Jul-2024 17:31:30 / finished: 29-Jul-2024 17:31:33

Elapsed time: 3.648 seconds

