
RAxML-NG v. 1.2.2 released on 11.04.2024 by The Exelixis Lab.
Developed by: Alexey M. Kozlov and Alexandros Stamatakis.
Contributors: Diego Darriba, Tomas Flouri, Benoit Morel, Sarah Lutteropp, Ben Bettisworth, Julia Haag, Anastasis Togkousidis.
Latest version: https://github.com/amkozlov/raxml-ng
Questions/problems/suggestions? Please visit: https://groups.google.com/forum/#!forum/raxml

System: AMD EPYC 7742 64-Core Processor, 128 cores, 1007 GB RAM

RAxML-NG was called at 29-Jul-2024 15:14:20 as follows:

raxml-ng --msa /data/jeremias/eucs/roadies/output/genes/gene_165_filtered.fa.aln --model GTR+G+F --redo --threads auto{4} --blopt nr_safe

Analysis options:
  run mode: ML tree search
  start tree(s): random (10) + parsimony (10)
  random seed: 1722230060
  tip-inner: OFF
  pattern compression: ON
  per-rate scalers: OFF
  site repeats: ON
  logLH epsilon: general: 10.000000, brlen-triplet: 1000.000000
  fast spr radius: AUTO
  spr subtree cutoff: 1.000000
  fast CLV updates: ON
  branch lengths: proportional (ML estimate, algorithm: NR-SAFE)
  SIMD kernels: AVX2
  parallelization: coarse-grained (auto), PTHREADS (auto)

WARNING: Running in REDO mode: existing checkpoints are ignored, and all result files will be overwritten!

[00:00:00] Reading alignment from file: /data/jeremias/eucs/roadies/output/genes/gene_165_filtered.fa.aln
[00:00:00] Loaded alignment with 37 taxa and 548 sites

Alignment comprises 1 partitions and 182 patterns

Partition 0: noname
Model: GTR+FC+G4m
Alignment sites / patterns: 548 / 182
Gaps: 8.78 %
Invariant sites: 67.70 %


NOTE: Binary MSA file created: /data/jeremias/eucs/roadies/output/genes/gene_165_filtered.fa.aln.raxml.rba

Parallelization scheme autoconfig: 4 worker(s) x 1 thread(s)

[00:00:00] Generating 10 random starting tree(s) with 37 taxa
[00:00:00] Generating 10 parsimony starting tree(s) with 37 taxa
Parallel parsimony with 4 threads
Parallel reduction/worker buffer size: 1 KB  / 0 KB

[00:00:00] Data distribution: max. partitions/sites/weight per thread: 1 / 182 / 2912
[00:00:00] Data distribution: max. searches per worker: 5

Starting ML tree search with 20 distinct starting trees

[00:00:00 -3940.109904] Initial branch length optimization
[00:00:00 -3125.281538] Model parameter optimization (eps = 10.000000)
[00:00:00 -2983.919869] AUTODETECT spr round 1 (radius: 5)
[00:00:00 -2644.867527] AUTODETECT spr round 2 (radius: 10)
[00:00:00 -2545.867495] AUTODETECT spr round 3 (radius: 15)
[00:00:00 -2545.476510] AUTODETECT spr round 4 (radius: 20)
[00:00:00 -2545.424836] SPR radius for FAST iterations: 15 (autodetect)
[00:00:00 -2545.424836] Model parameter optimization (eps = 3.000000)
[00:00:00 -2535.719290] FAST spr round 1 (radius: 15)
[00:00:00 -2471.621771] FAST spr round 2 (radius: 15)
[00:00:00 -2447.544037] FAST spr round 3 (radius: 15)
[00:00:00 -2447.070718] Model parameter optimization (eps = 1.000000)
[00:00:00 -2446.511203] SLOW spr round 1 (radius: 5)
[00:00:00 -2444.670615] SLOW spr round 2 (radius: 10)
[00:00:00 -2444.292894] SLOW spr round 3 (radius: 15)
[00:00:00 -2444.292893] SLOW spr round 4 (radius: 20)
[00:00:01] [worker #3] ML tree search #4, logLikelihood: -2440.038170
[00:00:01 -2444.292893] SLOW spr round 5 (radius: 25)
[00:00:01 -2444.292893] Model parameter optimization (eps = 0.100000)

[00:00:01] [worker #0] ML tree search #1, logLikelihood: -2444.231303

[00:00:01 -3958.705327] Initial branch length optimization
[00:00:01 -3142.467282] Model parameter optimization (eps = 10.000000)
[00:00:01 -3002.824301] AUTODETECT spr round 1 (radius: 5)
[00:00:01] [worker #2] ML tree search #3, logLikelihood: -2442.312675
[00:00:01 -2567.788390] AUTODETECT spr round 2 (radius: 10)
[00:00:01] [worker #1] ML tree search #2, logLikelihood: -2439.204519
[00:00:01 -2482.428862] AUTODETECT spr round 3 (radius: 15)
[00:00:01 -2480.425031] AUTODETECT spr round 4 (radius: 20)
[00:00:01 -2480.375488] SPR radius for FAST iterations: 15 (autodetect)
[00:00:01 -2480.375488] Model parameter optimization (eps = 3.000000)
[00:00:01 -2466.531594] FAST spr round 1 (radius: 15)
[00:00:01 -2439.422857] FAST spr round 2 (radius: 15)
[00:00:01 -2439.368589] Model parameter optimization (eps = 1.000000)
[00:00:01 -2439.206002] SLOW spr round 1 (radius: 5)
[00:00:02 -2439.205841] SLOW spr round 2 (radius: 10)
[00:00:02 -2439.205841] SLOW spr round 3 (radius: 15)
[00:00:02] [worker #3] ML tree search #8, logLikelihood: -2441.144827
[00:00:02 -2439.205841] SLOW spr round 4 (radius: 20)
[00:00:02 -2439.205841] SLOW spr round 5 (radius: 25)
[00:00:02 -2439.205841] Model parameter optimization (eps = 0.100000)

[00:00:02] [worker #0] ML tree search #5, logLikelihood: -2439.204527

[00:00:02 -3920.447471] Initial branch length optimization
[00:00:02 -3125.011441] Model parameter optimization (eps = 10.000000)
[00:00:02 -2995.282238] AUTODETECT spr round 1 (radius: 5)
[00:00:02] [worker #2] ML tree search #7, logLikelihood: -2445.293687
[00:00:02 -2542.158287] AUTODETECT spr round 2 (radius: 10)
[00:00:02] [worker #1] ML tree search #6, logLikelihood: -2448.173532
[00:00:02 -2496.842066] AUTODETECT spr round 3 (radius: 15)
[00:00:02 -2496.530830] AUTODETECT spr round 4 (radius: 20)
[00:00:02 -2496.484250] SPR radius for FAST iterations: 15 (autodetect)
[00:00:02 -2496.484250] Model parameter optimization (eps = 3.000000)
[00:00:02 -2486.894707] FAST spr round 1 (radius: 15)
[00:00:02 -2447.673134] FAST spr round 2 (radius: 15)
[00:00:02 -2444.278064] Model parameter optimization (eps = 1.000000)
[00:00:02 -2443.549451] SLOW spr round 1 (radius: 5)
[00:00:03 -2441.681345] SLOW spr round 2 (radius: 10)
[00:00:03] [worker #3] ML tree search #12, logLikelihood: -2441.895354
[00:00:03 -2441.681343] SLOW spr round 3 (radius: 15)
[00:00:03 -2441.681343] SLOW spr round 4 (radius: 20)
[00:00:03 -2441.681343] SLOW spr round 5 (radius: 25)
[00:00:03 -2441.681343] Model parameter optimization (eps = 0.100000)

[00:00:03] [worker #0] ML tree search #9, logLikelihood: -2441.522031

[00:00:03 -3327.718506] Initial branch length optimization
[00:00:03] [worker #2] ML tree search #11, logLikelihood: -2441.522416
[00:00:03 -2529.774900] Model parameter optimization (eps = 10.000000)
[00:00:03 -2467.904972] AUTODETECT spr round 1 (radius: 5)
[00:00:03 -2451.959817] AUTODETECT spr round 2 (radius: 10)
[00:00:03] [worker #1] ML tree search #10, logLikelihood: -2442.160601
[00:00:03 -2445.362520] AUTODETECT spr round 3 (radius: 15)
[00:00:03 -2445.337282] SPR radius for FAST iterations: 10 (autodetect)
[00:00:03 -2445.337282] Model parameter optimization (eps = 3.000000)
[00:00:03 -2445.274576] FAST spr round 1 (radius: 10)
[00:00:03 -2441.251936] Model parameter optimization (eps = 1.000000)
[00:00:03 -2441.237072] SLOW spr round 1 (radius: 5)
[00:00:04 -2441.237028] SLOW spr round 2 (radius: 10)
[00:00:04] [worker #3] ML tree search #16, logLikelihood: -2442.615245
[00:00:04 -2441.237028] SLOW spr round 3 (radius: 15)
[00:00:04 -2441.237028] SLOW spr round 4 (radius: 20)
[00:00:04 -2441.237028] SLOW spr round 5 (radius: 25)
[00:00:04 -2441.237028] Model parameter optimization (eps = 0.100000)

[00:00:04] [worker #0] ML tree search #13, logLikelihood: -2441.237006

[00:00:04 -3338.764771] Initial branch length optimization
[00:00:04 -2540.317961] Model parameter optimization (eps = 10.000000)
[00:00:04 -2482.395152] AUTODETECT spr round 1 (radius: 5)
[00:00:04 -2449.298504] AUTODETECT spr round 2 (radius: 10)
[00:00:04] [worker #2] ML tree search #15, logLikelihood: -2440.982664
[00:00:04] [worker #1] ML tree search #14, logLikelihood: -2441.727053
[00:00:04 -2448.027614] AUTODETECT spr round 3 (radius: 15)
[00:00:04 -2447.808787] AUTODETECT spr round 4 (radius: 20)
[00:00:04 -2447.789366] SPR radius for FAST iterations: 15 (autodetect)
[00:00:04 -2447.789366] Model parameter optimization (eps = 3.000000)
[00:00:05 -2447.047420] FAST spr round 1 (radius: 15)
[00:00:05 -2443.131162] Model parameter optimization (eps = 1.000000)
[00:00:05 -2443.117769] SLOW spr round 1 (radius: 5)
[00:00:05] [worker #3] ML tree search #20, logLikelihood: -2442.677396
[00:00:05 -2443.117741] SLOW spr round 2 (radius: 10)
[00:00:05 -2443.117740] SLOW spr round 3 (radius: 15)
[00:00:05 -2443.117740] SLOW spr round 4 (radius: 20)
[00:00:05] [worker #1] ML tree search #18, logLikelihood: -2439.141682
[00:00:05 -2443.117740] SLOW spr round 5 (radius: 25)
[00:00:05 -2443.117740] Model parameter optimization (eps = 0.100000)

[00:00:05] [worker #0] ML tree search #17, logLikelihood: -2443.117737

[00:00:06] [worker #2] ML tree search #19, logLikelihood: -2451.807132

Optimized model parameters:

   Partition 0: noname
   Rate heterogeneity: GAMMA (4 cats, mean),  alpha: 0.454702 (ML),  weights&rates: (0.250000,0.025332) (0.250000,0.221319) (0.250000,0.784289) (0.250000,2.969060) 
   Base frequencies (empirical): 0.136840 0.391274 0.294658 0.177228 
   Substitution rates (ML): 1.192359 3.910823 1.048269 0.637741 2.323219 1.000000 


Final LogLikelihood: -2439.141682

AIC score: 5038.283364 / AICc score: 5066.034970 / BIC score: 5382.785387
Free parameters (model + branch lengths): 80

WARNING: Best ML tree contains 7 near-zero branches!

Best ML tree with collapsed near-zero branches saved to: /data/jeremias/eucs/roadies/output/genes/gene_165_filtered.fa.aln.raxml.bestTreeCollapsed
Best ML tree saved to: /data/jeremias/eucs/roadies/output/genes/gene_165_filtered.fa.aln.raxml.bestTree
All ML trees saved to: /data/jeremias/eucs/roadies/output/genes/gene_165_filtered.fa.aln.raxml.mlTrees
Optimized model saved to: /data/jeremias/eucs/roadies/output/genes/gene_165_filtered.fa.aln.raxml.bestModel

Execution log saved to: /data/jeremias/eucs/roadies/output/genes/gene_165_filtered.fa.aln.raxml.log

Analysis started: 29-Jul-2024 15:14:20 / finished: 29-Jul-2024 15:14:26

Elapsed time: 6.027 seconds

