
RAxML-NG v. 1.2.2 released on 11.04.2024 by The Exelixis Lab.
Developed by: Alexey M. Kozlov and Alexandros Stamatakis.
Contributors: Diego Darriba, Tomas Flouri, Benoit Morel, Sarah Lutteropp, Ben Bettisworth, Julia Haag, Anastasis Togkousidis.
Latest version: https://github.com/amkozlov/raxml-ng
Questions/problems/suggestions? Please visit: https://groups.google.com/forum/#!forum/raxml

System: AMD EPYC 7742 64-Core Processor, 128 cores, 1007 GB RAM

RAxML-NG was called at 29-Jul-2024 14:11:53 as follows:

raxml-ng --msa /data/jeremias/eucs/roadies/output/genes/gene_123_filtered.fa.aln --model GTR+G+F --redo --threads auto{4} --blopt nr_safe

Analysis options:
  run mode: ML tree search
  start tree(s): random (10) + parsimony (10)
  random seed: 1722226313
  tip-inner: OFF
  pattern compression: ON
  per-rate scalers: OFF
  site repeats: ON
  logLH epsilon: general: 10.000000, brlen-triplet: 1000.000000
  fast spr radius: AUTO
  spr subtree cutoff: 1.000000
  fast CLV updates: ON
  branch lengths: proportional (ML estimate, algorithm: NR-SAFE)
  SIMD kernels: AVX2
  parallelization: coarse-grained (auto), PTHREADS (auto)

WARNING: Running in REDO mode: existing checkpoints are ignored, and all result files will be overwritten!

[00:00:00] Reading alignment from file: /data/jeremias/eucs/roadies/output/genes/gene_123_filtered.fa.aln
[00:00:00] Loaded alignment with 75 taxa and 557 sites

WARNING: Sequences E_paniculata_1 and E_shirleyi_0 are exactly identical!
WARNING: Sequences E_paniculata_1 and E_dawsonii_1 are exactly identical!
WARNING: Sequences E_paniculata_1 and E_dawsonii_0 are exactly identical!
WARNING: Sequences E_paniculata_1 and E_lansdowneana_0 are exactly identical!
WARNING: Sequences E_paniculata_1 and E_leucophloia_0 are exactly identical!
WARNING: Sequences E_pauciflora_0 and E_regnans_0 are exactly identical!
WARNING: Sequences E_tenuipes_1 and E_tenuipes_0 are exactly identical!
WARNING: Sequences E_sideroxylon_1 and E_sid_E_mel_1 are exactly identical!
WARNING: Duplicate sequences found: 8

NOTE: Reduced alignment (with duplicates and gap-only sites/taxa removed) 
NOTE: was saved to: /data/jeremias/eucs/roadies/output/genes/gene_123_filtered.fa.aln.raxml.reduced.phy

Alignment comprises 1 partitions and 242 patterns

Partition 0: noname
Model: GTR+FC+G4m
Alignment sites / patterns: 557 / 242
Gaps: 6.89 %
Invariant sites: 66.43 %


NOTE: Binary MSA file created: /data/jeremias/eucs/roadies/output/genes/gene_123_filtered.fa.aln.raxml.rba

Parallelization scheme autoconfig: 4 worker(s) x 1 thread(s)

[00:00:00] Generating 10 random starting tree(s) with 75 taxa
[00:00:00] Generating 10 parsimony starting tree(s) with 75 taxa
Parallel parsimony with 4 threads
Parallel reduction/worker buffer size: 1 KB  / 0 KB

[00:00:00] Data distribution: max. partitions/sites/weight per thread: 1 / 242 / 3872
[00:00:00] Data distribution: max. searches per worker: 5

Starting ML tree search with 20 distinct starting trees

[00:00:00 -5531.717849] Initial branch length optimization
[00:00:00 -3915.160343] Model parameter optimization (eps = 10.000000)
[00:00:00 -3657.968064] AUTODETECT spr round 1 (radius: 5)
[00:00:00 -3177.514564] AUTODETECT spr round 2 (radius: 10)
[00:00:00 -2767.268547] AUTODETECT spr round 3 (radius: 15)
[00:00:00 -2669.418570] AUTODETECT spr round 4 (radius: 20)
[00:00:01 -2659.109263] AUTODETECT spr round 5 (radius: 25)
[00:00:01 -2659.108396] SPR radius for FAST iterations: 20 (autodetect)
[00:00:01 -2659.108396] Model parameter optimization (eps = 3.000000)
[00:00:01 -2630.875044] FAST spr round 1 (radius: 20)
[00:00:01 -2437.244648] FAST spr round 2 (radius: 20)
[00:00:02 -2431.087155] Model parameter optimization (eps = 1.000000)
[00:00:02 -2422.839372] SLOW spr round 1 (radius: 5)
[00:00:02 -2422.473264] SLOW spr round 2 (radius: 10)
[00:00:03 -2418.402579] SLOW spr round 3 (radius: 15)
[00:00:03 -2418.402578] SLOW spr round 4 (radius: 20)
[00:00:03] [worker #1] ML tree search #2, logLikelihood: -2445.882645
[00:00:04] [worker #2] ML tree search #3, logLikelihood: -2411.316451
[00:00:04] [worker #3] ML tree search #4, logLikelihood: -2407.579172
[00:00:04 -2418.402578] SLOW spr round 5 (radius: 25)
[00:00:04 -2418.402578] Model parameter optimization (eps = 0.100000)

[00:00:04] [worker #0] ML tree search #1, logLikelihood: -2418.346990

[00:00:04 -5547.537038] Initial branch length optimization
[00:00:04 -3928.624785] Model parameter optimization (eps = 10.000000)
[00:00:04 -3670.640492] AUTODETECT spr round 1 (radius: 5)
[00:00:05 -3154.740642] AUTODETECT spr round 2 (radius: 10)
[00:00:05 -2728.809394] AUTODETECT spr round 3 (radius: 15)
[00:00:05 -2700.861808] AUTODETECT spr round 4 (radius: 20)
[00:00:05 -2700.596828] AUTODETECT spr round 5 (radius: 25)
[00:00:05 -2700.570764] SPR radius for FAST iterations: 20 (autodetect)
[00:00:05 -2700.570764] Model parameter optimization (eps = 3.000000)
[00:00:05 -2675.809523] FAST spr round 1 (radius: 20)
[00:00:05 -2585.906484] FAST spr round 2 (radius: 20)
[00:00:06 -2422.329050] FAST spr round 3 (radius: 20)
[00:00:06 -2418.925516] Model parameter optimization (eps = 1.000000)
[00:00:06 -2408.000906] SLOW spr round 1 (radius: 5)
[00:00:07] [worker #3] ML tree search #8, logLikelihood: -2411.147545
[00:00:07] [worker #1] ML tree search #6, logLikelihood: -2407.578972
[00:00:07 -2407.585800] SLOW spr round 2 (radius: 10)
[00:00:07] [worker #2] ML tree search #7, logLikelihood: -2407.579130
[00:00:08 -2407.585750] SLOW spr round 3 (radius: 15)
[00:00:08 -2407.585750] SLOW spr round 4 (radius: 20)
[00:00:08 -2407.585750] SLOW spr round 5 (radius: 25)
[00:00:09 -2407.585750] Model parameter optimization (eps = 0.100000)

[00:00:09] [worker #0] ML tree search #5, logLikelihood: -2407.578968

[00:00:09 -5557.833575] Initial branch length optimization
[00:00:09 -3926.268082] Model parameter optimization (eps = 10.000000)
[00:00:09 -3659.985126] AUTODETECT spr round 1 (radius: 5)
[00:00:09 -3118.348762] AUTODETECT spr round 2 (radius: 10)
[00:00:09 -2566.152891] AUTODETECT spr round 3 (radius: 15)
[00:00:09] [worker #3] ML tree search #12, logLikelihood: -2407.577121
[00:00:10 -2536.060489] AUTODETECT spr round 4 (radius: 20)
[00:00:10 -2536.019247] SPR radius for FAST iterations: 15 (autodetect)
[00:00:10 -2536.019247] Model parameter optimization (eps = 3.000000)
[00:00:10 -2500.180171] FAST spr round 1 (radius: 15)
[00:00:10 -2414.243087] FAST spr round 2 (radius: 15)
[00:00:10] [worker #2] ML tree search #11, logLikelihood: -2407.578744
[00:00:10 -2409.341696] Model parameter optimization (eps = 1.000000)
[00:00:10 -2408.000512] SLOW spr round 1 (radius: 5)
[00:00:11] [worker #1] ML tree search #10, logLikelihood: -2418.346778
[00:00:11 -2407.585622] SLOW spr round 2 (radius: 10)
[00:00:11 -2407.585616] SLOW spr round 3 (radius: 15)
[00:00:12 -2407.585616] SLOW spr round 4 (radius: 20)
[00:00:12 -2407.585616] SLOW spr round 5 (radius: 25)
[00:00:12 -2407.585616] Model parameter optimization (eps = 0.100000)

[00:00:12] [worker #0] ML tree search #9, logLikelihood: -2407.578977

[00:00:12 -3919.810668] Initial branch length optimization
[00:00:12 -2474.473590] Model parameter optimization (eps = 10.000000)
[00:00:13 -2433.148163] AUTODETECT spr round 1 (radius: 5)
[00:00:13 -2423.123420] AUTODETECT spr round 2 (radius: 10)
[00:00:13 -2411.474147] AUTODETECT spr round 3 (radius: 15)
[00:00:13 -2411.417493] SPR radius for FAST iterations: 10 (autodetect)
[00:00:13 -2411.417493] Model parameter optimization (eps = 3.000000)
[00:00:13 -2411.337807] FAST spr round 1 (radius: 10)
[00:00:13] [worker #3] ML tree search #16, logLikelihood: -2407.576950
[00:00:13] [worker #1] ML tree search #14, logLikelihood: -2419.845995
[00:00:13 -2411.317879] Model parameter optimization (eps = 1.000000)
[00:00:13 -2411.317761] SLOW spr round 1 (radius: 5)
[00:00:13] [worker #2] ML tree search #15, logLikelihood: -2411.302568
[00:00:14 -2411.316704] SLOW spr round 2 (radius: 10)
[00:00:14 -2411.316542] SLOW spr round 3 (radius: 15)
[00:00:14 -2411.316542] SLOW spr round 4 (radius: 20)
[00:00:15 -2411.316540] SLOW spr round 5 (radius: 25)
[00:00:15 -2411.316540] Model parameter optimization (eps = 0.100000)

[00:00:15] [worker #0] ML tree search #13, logLikelihood: -2411.316539

[00:00:15 -3920.467361] Initial branch length optimization
[00:00:15 -2471.492235] Model parameter optimization (eps = 10.000000)
[00:00:15 -2429.061214] AUTODETECT spr round 1 (radius: 5)
[00:00:16 -2421.731994] AUTODETECT spr round 2 (radius: 10)
[00:00:16] [worker #3] ML tree search #20, logLikelihood: -2407.578708
[00:00:16 -2421.664470] SPR radius for FAST iterations: 5 (autodetect)
[00:00:16 -2421.664470] Model parameter optimization (eps = 3.000000)
[00:00:16 -2421.634354] FAST spr round 1 (radius: 5)
[00:00:16 -2421.633609] Model parameter optimization (eps = 1.000000)
[00:00:16 -2421.633606] SLOW spr round 1 (radius: 5)
[00:00:16] [worker #2] ML tree search #19, logLikelihood: -2408.163998
[00:00:16 -2421.633473] SLOW spr round 2 (radius: 10)
[00:00:17 -2419.860818] SLOW spr round 3 (radius: 15)
[00:00:17] [worker #1] ML tree search #18, logLikelihood: -2411.147642
[00:00:17 -2419.860813] SLOW spr round 4 (radius: 20)
[00:00:17 -2419.860813] SLOW spr round 5 (radius: 25)
[00:00:18 -2419.860813] Model parameter optimization (eps = 0.100000)

[00:00:18] [worker #0] ML tree search #17, logLikelihood: -2419.837567


Optimized model parameters:

   Partition 0: noname
   Rate heterogeneity: GAMMA (4 cats, mean),  alpha: 1.470855 (ML),  weights&rates: (0.250000,0.220785) (0.250000,0.583632) (0.250000,1.048663) (0.250000,2.146920) 
   Base frequencies (empirical): 0.327257 0.231001 0.190482 0.251260 
   Substitution rates (ML): 0.768134 2.834794 0.700941 0.949052 2.299219 1.000000 


Final LogLikelihood: -2407.576950

AIC score: 5127.153900 / AICc score: 5249.613900 / BIC score: 5801.474078
Free parameters (model + branch lengths): 156

WARNING: Best ML tree contains 40 near-zero branches!

Best ML tree with collapsed near-zero branches saved to: /data/jeremias/eucs/roadies/output/genes/gene_123_filtered.fa.aln.raxml.bestTreeCollapsed
Best ML tree saved to: /data/jeremias/eucs/roadies/output/genes/gene_123_filtered.fa.aln.raxml.bestTree
All ML trees saved to: /data/jeremias/eucs/roadies/output/genes/gene_123_filtered.fa.aln.raxml.mlTrees
Optimized model saved to: /data/jeremias/eucs/roadies/output/genes/gene_123_filtered.fa.aln.raxml.bestModel

Execution log saved to: /data/jeremias/eucs/roadies/output/genes/gene_123_filtered.fa.aln.raxml.log

Analysis started: 29-Jul-2024 14:11:53 / finished: 29-Jul-2024 14:12:11

Elapsed time: 18.321 seconds

