
RAxML-NG v. 1.2.2 released on 11.04.2024 by The Exelixis Lab.
Developed by: Alexey M. Kozlov and Alexandros Stamatakis.
Contributors: Diego Darriba, Tomas Flouri, Benoit Morel, Sarah Lutteropp, Ben Bettisworth, Julia Haag, Anastasis Togkousidis.
Latest version: https://github.com/amkozlov/raxml-ng
Questions/problems/suggestions? Please visit: https://groups.google.com/forum/#!forum/raxml

System: AMD EPYC 7742 64-Core Processor, 128 cores, 1007 GB RAM

RAxML-NG was called at 29-Jul-2024 14:09:17 as follows:

raxml-ng --msa /data/jeremias/eucs/roadies/output/genes/gene_247_filtered.fa.aln --model GTR+G+F --redo --threads auto{4} --blopt nr_safe

Analysis options:
  run mode: ML tree search
  start tree(s): random (10) + parsimony (10)
  random seed: 1722226157
  tip-inner: OFF
  pattern compression: ON
  per-rate scalers: OFF
  site repeats: ON
  logLH epsilon: general: 10.000000, brlen-triplet: 1000.000000
  fast spr radius: AUTO
  spr subtree cutoff: 1.000000
  fast CLV updates: ON
  branch lengths: proportional (ML estimate, algorithm: NR-SAFE)
  SIMD kernels: AVX2
  parallelization: coarse-grained (auto), PTHREADS (auto)

WARNING: Running in REDO mode: existing checkpoints are ignored, and all result files will be overwritten!

[00:00:00] Reading alignment from file: /data/jeremias/eucs/roadies/output/genes/gene_247_filtered.fa.aln
[00:00:00] Loaded alignment with 51 taxa and 505 sites

Alignment comprises 1 partitions and 231 patterns

Partition 0: noname
Model: GTR+FC+G4m
Alignment sites / patterns: 505 / 231
Gaps: 6.45 %
Invariant sites: 58.42 %


NOTE: Binary MSA file created: /data/jeremias/eucs/roadies/output/genes/gene_247_filtered.fa.aln.raxml.rba

Parallelization scheme autoconfig: 4 worker(s) x 1 thread(s)

[00:00:00] Generating 10 random starting tree(s) with 51 taxa
[00:00:00] Generating 10 parsimony starting tree(s) with 51 taxa
Parallel parsimony with 4 threads
Parallel reduction/worker buffer size: 1 KB  / 0 KB

[00:00:00] Data distribution: max. partitions/sites/weight per thread: 1 / 231 / 3696
[00:00:00] Data distribution: max. searches per worker: 5

Starting ML tree search with 20 distinct starting trees

[00:00:00 -5968.591482] Initial branch length optimization
[00:00:00 -4804.978382] Model parameter optimization (eps = 10.000000)
[00:00:00 -4351.535169] AUTODETECT spr round 1 (radius: 5)
[00:00:00 -3297.302220] AUTODETECT spr round 2 (radius: 10)
[00:00:00 -2827.161324] AUTODETECT spr round 3 (radius: 15)
[00:00:00 -2826.298478] AUTODETECT spr round 4 (radius: 20)
[00:00:00 -2826.245989] SPR radius for FAST iterations: 15 (autodetect)
[00:00:00 -2826.245989] Model parameter optimization (eps = 3.000000)
[00:00:00 -2770.551587] FAST spr round 1 (radius: 15)
[00:00:00 -2717.308694] FAST spr round 2 (radius: 15)
[00:00:00 -2693.762219] FAST spr round 3 (radius: 15)
[00:00:01 -2690.925401] Model parameter optimization (eps = 1.000000)
[00:00:01 -2689.456997] SLOW spr round 1 (radius: 5)
[00:00:01 -2688.573242] SLOW spr round 2 (radius: 10)
[00:00:01 -2688.573242] SLOW spr round 3 (radius: 15)
[00:00:02 -2688.573242] SLOW spr round 4 (radius: 20)
[00:00:02] [worker #3] ML tree search #4, logLikelihood: -2686.269541
[00:00:02 -2688.573242] SLOW spr round 5 (radius: 25)
[00:00:02 -2688.573242] Model parameter optimization (eps = 0.100000)

[00:00:02] [worker #0] ML tree search #1, logLikelihood: -2688.558339

[00:00:02 -5578.319982] Initial branch length optimization
[00:00:02 -4587.975048] Model parameter optimization (eps = 10.000000)
[00:00:02 -4232.846465] AUTODETECT spr round 1 (radius: 5)
[00:00:02] [worker #2] ML tree search #3, logLikelihood: -2688.741698
[00:00:02 -3117.919791] AUTODETECT spr round 2 (radius: 10)
[00:00:02 -2848.187352] AUTODETECT spr round 3 (radius: 15)
[00:00:02 -2848.105426] SPR radius for FAST iterations: 10 (autodetect)
[00:00:02 -2848.105426] Model parameter optimization (eps = 3.000000)
[00:00:03 -2804.827841] FAST spr round 1 (radius: 10)
[00:00:03 -2711.365514] FAST spr round 2 (radius: 10)
[00:00:03] [worker #1] ML tree search #2, logLikelihood: -2693.648556
[00:00:03 -2696.874599] FAST spr round 3 (radius: 10)
[00:00:03 -2695.361460] Model parameter optimization (eps = 1.000000)
[00:00:03 -2694.324713] SLOW spr round 1 (radius: 5)
[00:00:03 -2688.608914] SLOW spr round 2 (radius: 10)
[00:00:04 -2688.608913] SLOW spr round 3 (radius: 15)
[00:00:04] [worker #3] ML tree search #8, logLikelihood: -2690.451845
[00:00:04 -2688.608913] SLOW spr round 4 (radius: 20)
[00:00:04 -2688.608913] SLOW spr round 5 (radius: 25)
[00:00:04 -2688.608913] Model parameter optimization (eps = 0.100000)

[00:00:04] [worker #0] ML tree search #5, logLikelihood: -2688.558348

[00:00:04 -5992.060127] Initial branch length optimization
[00:00:04 -4977.289306] Model parameter optimization (eps = 10.000000)
[00:00:04 -4515.403083] AUTODETECT spr round 1 (radius: 5)
[00:00:04 -3064.628271] AUTODETECT spr round 2 (radius: 10)
[00:00:05 -2977.600140] AUTODETECT spr round 3 (radius: 15)
[00:00:05 -2818.097612] AUTODETECT spr round 4 (radius: 20)
[00:00:05 -2817.621040] AUTODETECT spr round 5 (radius: 25)
[00:00:05 -2817.598652] SPR radius for FAST iterations: 20 (autodetect)
[00:00:05 -2817.598652] Model parameter optimization (eps = 3.000000)
[00:00:05 -2765.192384] FAST spr round 1 (radius: 20)
[00:00:05 -2690.765886] FAST spr round 2 (radius: 20)
[00:00:05 -2687.636849] Model parameter optimization (eps = 1.000000)
[00:00:05] [worker #2] ML tree search #7, logLikelihood: -2688.558326
[00:00:05 -2686.551091] SLOW spr round 1 (radius: 5)
[00:00:06 -2686.282690] SLOW spr round 2 (radius: 10)
[00:00:06 -2686.282689] SLOW spr round 3 (radius: 15)
[00:00:06 -2686.282689] SLOW spr round 4 (radius: 20)
[00:00:06] [worker #1] ML tree search #6, logLikelihood: -2686.269526
[00:00:06 -2686.282689] SLOW spr round 5 (radius: 25)
[00:00:06 -2686.282689] Model parameter optimization (eps = 0.100000)

[00:00:06] [worker #0] ML tree search #9, logLikelihood: -2686.269548

[00:00:06 -3641.886871] Initial branch length optimization
[00:00:06 -2766.938327] Model parameter optimization (eps = 10.000000)
[00:00:06] [worker #3] ML tree search #12, logLikelihood: -2688.741600
[00:00:06 -2710.771680] AUTODETECT spr round 1 (radius: 5)
[00:00:06 -2696.513089] AUTODETECT spr round 2 (radius: 10)
[00:00:06 -2689.660375] AUTODETECT spr round 3 (radius: 15)
[00:00:07 -2689.517207] AUTODETECT spr round 4 (radius: 20)
[00:00:07 -2689.462292] SPR radius for FAST iterations: 15 (autodetect)
[00:00:07 -2689.462292] Model parameter optimization (eps = 3.000000)
[00:00:07 -2689.342604] FAST spr round 1 (radius: 15)
[00:00:07 -2688.562266] Model parameter optimization (eps = 1.000000)
[00:00:07 -2688.558447] SLOW spr round 1 (radius: 5)
[00:00:07 -2688.558326] SLOW spr round 2 (radius: 10)
[00:00:07 -2688.558326] SLOW spr round 3 (radius: 15)
[00:00:07] [worker #2] ML tree search #11, logLikelihood: -2686.269535
[00:00:08 -2688.558326] SLOW spr round 4 (radius: 20)
[00:00:08 -2688.558326] SLOW spr round 5 (radius: 25)
[00:00:08 -2688.558326] Model parameter optimization (eps = 0.100000)

[00:00:08] [worker #0] ML tree search #13, logLikelihood: -2688.558323

[00:00:08 -3645.989532] Initial branch length optimization
[00:00:08 -2768.016456] Model parameter optimization (eps = 10.000000)
[00:00:08 -2714.787180] AUTODETECT spr round 1 (radius: 5)
[00:00:08 -2700.601095] AUTODETECT spr round 2 (radius: 10)
[00:00:08 -2689.912558] AUTODETECT spr round 3 (radius: 15)
[00:00:08] [worker #3] ML tree search #16, logLikelihood: -2688.741694
[00:00:08 -2689.912421] SPR radius for FAST iterations: 10 (autodetect)
[00:00:08 -2689.912421] Model parameter optimization (eps = 3.000000)
[00:00:08 -2689.631016] FAST spr round 1 (radius: 10)
[00:00:08 -2689.630661] Model parameter optimization (eps = 1.000000)
[00:00:08 -2689.630660] SLOW spr round 1 (radius: 5)
[00:00:09] [worker #1] ML tree search #10, logLikelihood: -2686.086384
[00:00:09 -2688.770553] SLOW spr round 2 (radius: 10)
[00:00:09 -2688.770553] SLOW spr round 3 (radius: 15)
[00:00:10 -2688.770553] SLOW spr round 4 (radius: 20)
[00:00:10] [worker #2] ML tree search #15, logLikelihood: -2688.558448
[00:00:10 -2688.770553] SLOW spr round 5 (radius: 25)
[00:00:10 -2688.770553] Model parameter optimization (eps = 0.100000)

[00:00:10] [worker #0] ML tree search #17, logLikelihood: -2688.742039

[00:00:10] [worker #3] ML tree search #20, logLikelihood: -2688.558438
[00:00:11] [worker #1] ML tree search #14, logLikelihood: -2688.741583
[00:00:12] [worker #2] ML tree search #19, logLikelihood: -2686.269528
[00:00:14] [worker #1] ML tree search #18, logLikelihood: -2688.741690

Optimized model parameters:

   Partition 0: noname
   Rate heterogeneity: GAMMA (4 cats, mean),  alpha: 1.297228 (ML),  weights&rates: (0.250000,0.192232) (0.250000,0.550914) (0.250000,1.035907) (0.250000,2.220947) 
   Base frequencies (empirical): 0.298302 0.179803 0.269539 0.252355 
   Substitution rates (ML): 1.043951 3.181361 1.231720 1.444830 4.906668 1.000000 


Final LogLikelihood: -2686.086384

AIC score: 5588.172768 / AICc score: 5647.627314 / BIC score: 6044.425078
Free parameters (model + branch lengths): 108

WARNING: Best ML tree contains 14 near-zero branches!

Best ML tree with collapsed near-zero branches saved to: /data/jeremias/eucs/roadies/output/genes/gene_247_filtered.fa.aln.raxml.bestTreeCollapsed
Best ML tree saved to: /data/jeremias/eucs/roadies/output/genes/gene_247_filtered.fa.aln.raxml.bestTree
All ML trees saved to: /data/jeremias/eucs/roadies/output/genes/gene_247_filtered.fa.aln.raxml.mlTrees
Optimized model saved to: /data/jeremias/eucs/roadies/output/genes/gene_247_filtered.fa.aln.raxml.bestModel

Execution log saved to: /data/jeremias/eucs/roadies/output/genes/gene_247_filtered.fa.aln.raxml.log

Analysis started: 29-Jul-2024 14:09:17 / finished: 29-Jul-2024 14:09:32

Elapsed time: 14.168 seconds

