
RAxML-NG v. 1.2.2 released on 11.04.2024 by The Exelixis Lab.
Developed by: Alexey M. Kozlov and Alexandros Stamatakis.
Contributors: Diego Darriba, Tomas Flouri, Benoit Morel, Sarah Lutteropp, Ben Bettisworth, Julia Haag, Anastasis Togkousidis.
Latest version: https://github.com/amkozlov/raxml-ng
Questions/problems/suggestions? Please visit: https://groups.google.com/forum/#!forum/raxml

System: AMD EPYC 7742 64-Core Processor, 128 cores, 1007 GB RAM

RAxML-NG was called at 29-Jul-2024 15:31:50 as follows:

raxml-ng --msa /data/jeremias/eucs/roadies/output/genes/gene_70_filtered.fa.aln --model GTR+G+F --redo --threads auto{4} --blopt nr_safe

Analysis options:
  run mode: ML tree search
  start tree(s): random (10) + parsimony (10)
  random seed: 1722231110
  tip-inner: OFF
  pattern compression: ON
  per-rate scalers: OFF
  site repeats: ON
  logLH epsilon: general: 10.000000, brlen-triplet: 1000.000000
  fast spr radius: AUTO
  spr subtree cutoff: 1.000000
  fast CLV updates: ON
  branch lengths: proportional (ML estimate, algorithm: NR-SAFE)
  SIMD kernels: AVX2
  parallelization: coarse-grained (auto), PTHREADS (auto)

WARNING: Running in REDO mode: existing checkpoints are ignored, and all result files will be overwritten!

[00:00:00] Reading alignment from file: /data/jeremias/eucs/roadies/output/genes/gene_70_filtered.fa.aln
[00:00:00] Loaded alignment with 39 taxa and 532 sites

Alignment comprises 1 partitions and 248 patterns

Partition 0: noname
Model: GTR+FC+G4m
Alignment sites / patterns: 532 / 248
Gaps: 4.56 %
Invariant sites: 58.46 %


NOTE: Binary MSA file created: /data/jeremias/eucs/roadies/output/genes/gene_70_filtered.fa.aln.raxml.rba

Parallelization scheme autoconfig: 4 worker(s) x 1 thread(s)

[00:00:00] Generating 10 random starting tree(s) with 39 taxa
[00:00:00] Generating 10 parsimony starting tree(s) with 39 taxa
Parallel parsimony with 4 threads
Parallel reduction/worker buffer size: 1 KB  / 0 KB

[00:00:00] Data distribution: max. partitions/sites/weight per thread: 1 / 248 / 3968
[00:00:00] Data distribution: max. searches per worker: 5

Starting ML tree search with 20 distinct starting trees

[00:00:00 -5059.235724] Initial branch length optimization
[00:00:02 -3941.387733] Model parameter optimization (eps = 10.000000)
[00:00:02 -3700.750827] AUTODETECT spr round 1 (radius: 5)
[00:00:02 -2903.661176] AUTODETECT spr round 2 (radius: 10)
[00:00:02 -2871.464230] AUTODETECT spr round 3 (radius: 15)
[00:00:02 -2871.393279] SPR radius for FAST iterations: 10 (autodetect)
[00:00:02 -2871.393279] Model parameter optimization (eps = 3.000000)
[00:00:02 -2845.933044] FAST spr round 1 (radius: 10)
[00:00:03 -2612.255202] FAST spr round 2 (radius: 10)
[00:00:03 -2609.572480] Model parameter optimization (eps = 1.000000)
[00:00:03 -2601.845414] SLOW spr round 1 (radius: 5)
[00:00:03 -2598.595151] SLOW spr round 2 (radius: 10)
[00:00:03 -2598.595142] SLOW spr round 3 (radius: 15)
[00:00:03 -2598.595142] SLOW spr round 4 (radius: 20)
[00:00:03 -2598.595142] SLOW spr round 5 (radius: 25)
[00:00:03 -2598.595142] Model parameter optimization (eps = 0.100000)

[00:00:03] [worker #0] ML tree search #1, logLikelihood: -2598.505364

[00:00:03 -5085.746018] Initial branch length optimization
[00:00:03 -3998.173192] Model parameter optimization (eps = 10.000000)
[00:00:03 -3761.226285] AUTODETECT spr round 1 (radius: 5)
[00:00:03] [worker #1] ML tree search #2, logLikelihood: -2597.108587
[00:00:04 -2958.443577] AUTODETECT spr round 2 (radius: 10)
[00:00:04] [worker #2] ML tree search #3, logLikelihood: -2597.765275
[00:00:04 -2674.568771] AUTODETECT spr round 3 (radius: 15)
[00:00:04 -2673.878435] AUTODETECT spr round 4 (radius: 20)
[00:00:04 -2673.833461] SPR radius for FAST iterations: 15 (autodetect)
[00:00:04 -2673.833461] Model parameter optimization (eps = 3.000000)
[00:00:04 -2627.848393] FAST spr round 1 (radius: 15)
[00:00:04] [worker #3] ML tree search #4, logLikelihood: -2598.122236
[00:00:04 -2600.495918] FAST spr round 2 (radius: 15)
[00:00:04 -2600.163274] Model parameter optimization (eps = 1.000000)
[00:00:04 -2599.507523] SLOW spr round 1 (radius: 5)
[00:00:04 -2599.105864] SLOW spr round 2 (radius: 10)
[00:00:04 -2599.105863] SLOW spr round 3 (radius: 15)
[00:00:05 -2599.105863] SLOW spr round 4 (radius: 20)
[00:00:05 -2599.105863] SLOW spr round 5 (radius: 25)
[00:00:05 -2599.105863] Model parameter optimization (eps = 0.100000)

[00:00:05] [worker #0] ML tree search #5, logLikelihood: -2599.063938

[00:00:05 -5076.366036] Initial branch length optimization
[00:00:05 -4048.607729] Model parameter optimization (eps = 10.000000)
[00:00:05] [worker #1] ML tree search #6, logLikelihood: -2597.108083
[00:00:05 -3758.333587] AUTODETECT spr round 1 (radius: 5)
[00:00:05] [worker #2] ML tree search #7, logLikelihood: -2597.765307
[00:00:05 -2887.587744] AUTODETECT spr round 2 (radius: 10)
[00:00:05 -2733.939288] AUTODETECT spr round 3 (radius: 15)
[00:00:05 -2733.887500] SPR radius for FAST iterations: 10 (autodetect)
[00:00:05 -2733.887500] Model parameter optimization (eps = 3.000000)
[00:00:05 -2690.667330] FAST spr round 1 (radius: 10)
[00:00:05 -2601.524859] FAST spr round 2 (radius: 10)
[00:00:05 -2601.011009] Model parameter optimization (eps = 1.000000)
[00:00:05 -2599.203221] SLOW spr round 1 (radius: 5)
[00:00:06 -2598.830940] SLOW spr round 2 (radius: 10)
[00:00:06 -2598.830938] SLOW spr round 3 (radius: 15)
[00:00:06] [worker #3] ML tree search #8, logLikelihood: -2599.776993
[00:00:06 -2598.830938] SLOW spr round 4 (radius: 20)
[00:00:06 -2598.830938] SLOW spr round 5 (radius: 25)
[00:00:06 -2598.830938] Model parameter optimization (eps = 0.100000)

[00:00:06] [worker #0] ML tree search #9, logLikelihood: -2598.790274

[00:00:06 -3509.867644] Initial branch length optimization
[00:00:06 -2668.571534] Model parameter optimization (eps = 10.000000)
[00:00:06 -2603.880453] AUTODETECT spr round 1 (radius: 5)
[00:00:06 -2600.886178] AUTODETECT spr round 2 (radius: 10)
[00:00:06 -2600.875462] SPR radius for FAST iterations: 5 (autodetect)
[00:00:06 -2600.875462] Model parameter optimization (eps = 3.000000)
[00:00:07 -2600.832373] FAST spr round 1 (radius: 5)
[00:00:07] [worker #2] ML tree search #11, logLikelihood: -2597.765276
[00:00:07 -2599.861153] Model parameter optimization (eps = 1.000000)
[00:00:07 -2599.833936] SLOW spr round 1 (radius: 5)
[00:00:07] [worker #1] ML tree search #10, logLikelihood: -2597.107955
[00:00:07 -2597.159273] SLOW spr round 2 (radius: 10)
[00:00:07 -2597.159269] SLOW spr round 3 (radius: 15)
[00:00:07 -2597.159269] SLOW spr round 4 (radius: 20)
[00:00:07 -2597.159269] SLOW spr round 5 (radius: 25)
[00:00:07 -2597.159269] Model parameter optimization (eps = 0.100000)

[00:00:08] [worker #0] ML tree search #13, logLikelihood: -2597.108024

[00:00:08 -3504.237895] Initial branch length optimization
[00:00:08 -2665.545281] Model parameter optimization (eps = 10.000000)
[00:00:08 -2608.238469] AUTODETECT spr round 1 (radius: 5)
[00:00:08 -2606.215563] AUTODETECT spr round 2 (radius: 10)
[00:00:08] [worker #3] ML tree search #12, logLikelihood: -2598.093877
[00:00:08 -2602.989712] AUTODETECT spr round 3 (radius: 15)
[00:00:08 -2602.844570] AUTODETECT spr round 4 (radius: 20)
[00:00:08 -2602.844553] SPR radius for FAST iterations: 15 (autodetect)
[00:00:08 -2602.844553] Model parameter optimization (eps = 3.000000)
[00:00:08 -2602.626692] FAST spr round 1 (radius: 15)
[00:00:08 -2602.059414] Model parameter optimization (eps = 1.000000)
[00:00:08 -2602.025593] SLOW spr round 1 (radius: 5)
[00:00:08] [worker #2] ML tree search #15, logLikelihood: -2598.790276
[00:00:08 -2597.821068] SLOW spr round 2 (radius: 10)
[00:00:08] [worker #1] ML tree search #14, logLikelihood: -2597.107957
[00:00:08 -2597.821066] SLOW spr round 3 (radius: 15)
[00:00:09 -2597.821066] SLOW spr round 4 (radius: 20)
[00:00:09 -2597.821066] SLOW spr round 5 (radius: 25)
[00:00:09 -2597.821066] Model parameter optimization (eps = 0.100000)

[00:00:09] [worker #0] ML tree search #17, logLikelihood: -2597.765282

[00:00:09] [worker #3] ML tree search #16, logLikelihood: -2598.790577
[00:00:10] [worker #2] ML tree search #19, logLikelihood: -2598.093811
[00:00:10] [worker #1] ML tree search #18, logLikelihood: -2597.765297
[00:00:11] [worker #3] ML tree search #20, logLikelihood: -2597.107960

Optimized model parameters:

   Partition 0: noname
   Rate heterogeneity: GAMMA (4 cats, mean),  alpha: 1.756577 (ML),  weights&rates: (0.250000,0.262379) (0.250000,0.626352) (0.250000,1.062508) (0.250000,2.048762) 
   Base frequencies (empirical): 0.278103 0.196243 0.223664 0.301990 
   Substitution rates (ML): 1.164014 3.861676 0.860497 0.993803 3.098979 1.000000 


Final LogLikelihood: -2597.107955

AIC score: 5362.215910 / AICc score: 5394.162219 / BIC score: 5721.453963
Free parameters (model + branch lengths): 84

WARNING: Best ML tree contains 6 near-zero branches!

Best ML tree with collapsed near-zero branches saved to: /data/jeremias/eucs/roadies/output/genes/gene_70_filtered.fa.aln.raxml.bestTreeCollapsed
Best ML tree saved to: /data/jeremias/eucs/roadies/output/genes/gene_70_filtered.fa.aln.raxml.bestTree
All ML trees saved to: /data/jeremias/eucs/roadies/output/genes/gene_70_filtered.fa.aln.raxml.mlTrees
Optimized model saved to: /data/jeremias/eucs/roadies/output/genes/gene_70_filtered.fa.aln.raxml.bestModel

Execution log saved to: /data/jeremias/eucs/roadies/output/genes/gene_70_filtered.fa.aln.raxml.log

Analysis started: 29-Jul-2024 15:31:50 / finished: 29-Jul-2024 15:32:01

Elapsed time: 11.473 seconds

