
RAxML-NG v. 1.2.2 released on 11.04.2024 by The Exelixis Lab.
Developed by: Alexey M. Kozlov and Alexandros Stamatakis.
Contributors: Diego Darriba, Tomas Flouri, Benoit Morel, Sarah Lutteropp, Ben Bettisworth, Julia Haag, Anastasis Togkousidis.
Latest version: https://github.com/amkozlov/raxml-ng
Questions/problems/suggestions? Please visit: https://groups.google.com/forum/#!forum/raxml

System: AMD EPYC 7742 64-Core Processor, 128 cores, 1007 GB RAM

RAxML-NG was called at 03-Jul-2024 19:36:31 as follows:

raxml-ng --msa /data/jeremias/eucs/roadies/output/genes/gene_226_filtered.fa.aln --model GTR+G+F --redo --threads auto{4} --blopt nr_safe

Analysis options:
  run mode: ML tree search
  start tree(s): random (10) + parsimony (10)
  random seed: 1719999391
  tip-inner: OFF
  pattern compression: ON
  per-rate scalers: OFF
  site repeats: ON
  logLH epsilon: general: 10.000000, brlen-triplet: 1000.000000
  fast spr radius: AUTO
  spr subtree cutoff: 1.000000
  fast CLV updates: ON
  branch lengths: proportional (ML estimate, algorithm: NR-SAFE)
  SIMD kernels: AVX2
  parallelization: coarse-grained (auto), PTHREADS (auto)

WARNING: Running in REDO mode: existing checkpoints are ignored, and all result files will be overwritten!

[00:00:00] Reading alignment from file: /data/jeremias/eucs/roadies/output/genes/gene_226_filtered.fa.aln
[00:00:00] Loaded alignment with 77 taxa and 529 sites

WARNING: Sequences GCA_014182735.1_2 and GCA_014182735.1_3 are exactly identical!
WARNING: Duplicate sequences found: 1

NOTE: Reduced alignment (with duplicates and gap-only sites/taxa removed) 
NOTE: was saved to: /data/jeremias/eucs/roadies/output/genes/gene_226_filtered.fa.aln.raxml.reduced.phy

Alignment comprises 1 partitions and 299 patterns

Partition 0: noname
Model: GTR+FC+G4m
Alignment sites / patterns: 529 / 299
Gaps: 5.62 %
Invariant sites: 47.26 %


NOTE: Binary MSA file created: /data/jeremias/eucs/roadies/output/genes/gene_226_filtered.fa.aln.raxml.rba

Parallelization scheme autoconfig: 4 worker(s) x 1 thread(s)

[00:00:00] Generating 10 random starting tree(s) with 77 taxa
[00:00:00] Generating 10 parsimony starting tree(s) with 77 taxa
Parallel parsimony with 4 threads
Parallel reduction/worker buffer size: 1 KB  / 0 KB

[00:00:00] Data distribution: max. partitions/sites/weight per thread: 1 / 299 / 4784
[00:00:00] Data distribution: max. searches per worker: 5

Starting ML tree search with 20 distinct starting trees

[00:00:00 -11276.259304] Initial branch length optimization
[00:00:00 -9037.198096] Model parameter optimization (eps = 10.000000)
[00:00:00 -8238.562008] AUTODETECT spr round 1 (radius: 5)
[00:00:00 -4912.012502] AUTODETECT spr round 2 (radius: 10)
[00:00:00 -4123.038068] AUTODETECT spr round 3 (radius: 15)
[00:00:00 -4122.428728] AUTODETECT spr round 4 (radius: 20)
[00:00:01 -4122.150966] AUTODETECT spr round 5 (radius: 25)
[00:00:01 -4122.019601] SPR radius for FAST iterations: 25 (autodetect)
[00:00:01 -4122.019601] Model parameter optimization (eps = 3.000000)
[00:00:01 -3932.774902] FAST spr round 1 (radius: 25)
[00:00:01 -3804.170152] FAST spr round 2 (radius: 25)
[00:00:01 -3710.144677] FAST spr round 3 (radius: 25)
[00:00:02 -3708.274427] Model parameter optimization (eps = 1.000000)
[00:00:02 -3706.804096] SLOW spr round 1 (radius: 5)
[00:00:02 -3706.326138] SLOW spr round 2 (radius: 10)
[00:00:03 -3706.326136] SLOW spr round 3 (radius: 15)
[00:00:03 -3706.326136] SLOW spr round 4 (radius: 20)
[00:00:04] [worker #3] ML tree search #4, logLikelihood: -3709.777291
[00:00:04 -3706.326136] SLOW spr round 5 (radius: 25)
[00:00:04] [worker #1] ML tree search #2, logLikelihood: -3708.996308
[00:00:04] [worker #2] ML tree search #3, logLikelihood: -3708.800305
[00:00:04 -3706.326136] Model parameter optimization (eps = 0.100000)

[00:00:04] [worker #0] ML tree search #1, logLikelihood: -3706.291625

[00:00:04 -11074.809625] Initial branch length optimization
[00:00:04 -9042.241269] Model parameter optimization (eps = 10.000000)
[00:00:04 -8267.032381] AUTODETECT spr round 1 (radius: 5)
[00:00:04 -5408.293260] AUTODETECT spr round 2 (radius: 10)
[00:00:05 -4191.597350] AUTODETECT spr round 3 (radius: 15)
[00:00:05 -4181.537729] AUTODETECT spr round 4 (radius: 20)
[00:00:05 -4181.418100] AUTODETECT spr round 5 (radius: 25)
[00:00:05 -4181.404062] SPR radius for FAST iterations: 20 (autodetect)
[00:00:05 -4181.404062] Model parameter optimization (eps = 3.000000)
[00:00:05 -3994.892577] FAST spr round 1 (radius: 20)
[00:00:06 -3724.216082] FAST spr round 2 (radius: 20)
[00:00:06 -3710.280562] FAST spr round 3 (radius: 20)
[00:00:06 -3710.205432] Model parameter optimization (eps = 1.000000)
[00:00:06 -3706.423073] SLOW spr round 1 (radius: 5)
[00:00:07 -3706.111463] SLOW spr round 2 (radius: 10)
[00:00:08 -3706.111462] SLOW spr round 3 (radius: 15)
[00:00:08] [worker #3] ML tree search #8, logLikelihood: -3706.101325
[00:00:08] [worker #2] ML tree search #7, logLikelihood: -3710.715197
[00:00:08 -3706.111462] SLOW spr round 4 (radius: 20)
[00:00:08] [worker #1] ML tree search #6, logLikelihood: -3706.101095
[00:00:09 -3706.111462] SLOW spr round 5 (radius: 25)
[00:00:09 -3706.111462] Model parameter optimization (eps = 0.100000)

[00:00:09] [worker #0] ML tree search #5, logLikelihood: -3706.101061

[00:00:09 -11874.115946] Initial branch length optimization
[00:00:09 -9574.591758] Model parameter optimization (eps = 10.000000)
[00:00:09 -8656.602621] AUTODETECT spr round 1 (radius: 5)
[00:00:09 -5833.912726] AUTODETECT spr round 2 (radius: 10)
[00:00:10 -4233.742565] AUTODETECT spr round 3 (radius: 15)
[00:00:10 -4182.180240] AUTODETECT spr round 4 (radius: 20)
[00:00:10 -4182.011646] AUTODETECT spr round 5 (radius: 25)
[00:00:10 -4182.001517] SPR radius for FAST iterations: 20 (autodetect)
[00:00:10 -4182.001517] Model parameter optimization (eps = 3.000000)
[00:00:10 -3986.248024] FAST spr round 1 (radius: 20)
[00:00:11 -3715.887460] FAST spr round 2 (radius: 20)
[00:00:11 -3710.064551] Model parameter optimization (eps = 1.000000)
[00:00:11 -3707.199892] SLOW spr round 1 (radius: 5)
[00:00:12] [worker #3] ML tree search #12, logLikelihood: -3706.297367
[00:00:12 -3706.951905] SLOW spr round 2 (radius: 10)
[00:00:12] [worker #2] ML tree search #11, logLikelihood: -3706.856166
[00:00:12 -3706.951904] SLOW spr round 3 (radius: 15)
[00:00:13 -3706.951904] SLOW spr round 4 (radius: 20)
[00:00:13] [worker #1] ML tree search #10, logLikelihood: -3709.642928
[00:00:13 -3706.951904] SLOW spr round 5 (radius: 25)
[00:00:13 -3706.951904] Model parameter optimization (eps = 0.100000)

[00:00:13] [worker #0] ML tree search #9, logLikelihood: -3706.947945

[00:00:13 -5117.495106] Initial branch length optimization
[00:00:13 -3866.020463] Model parameter optimization (eps = 10.000000)
[00:00:14 -3769.328183] AUTODETECT spr round 1 (radius: 5)
[00:00:14 -3716.060045] AUTODETECT spr round 2 (radius: 10)
[00:00:14 -3716.059661] SPR radius for FAST iterations: 5 (autodetect)
[00:00:14 -3716.059661] Model parameter optimization (eps = 3.000000)
[00:00:14 -3715.863384] FAST spr round 1 (radius: 5)
[00:00:14 -3709.508645] Model parameter optimization (eps = 1.000000)
[00:00:14 -3709.449347] SLOW spr round 1 (radius: 5)
[00:00:15] [worker #3] ML tree search #16, logLikelihood: -3717.704298
[00:00:15] [worker #2] ML tree search #15, logLikelihood: -3706.943770
[00:00:15 -3706.299240] SLOW spr round 2 (radius: 10)
[00:00:15 -3706.299239] SLOW spr round 3 (radius: 15)
[00:00:16] [worker #1] ML tree search #14, logLikelihood: -3708.800437
[00:00:16 -3706.299239] SLOW spr round 4 (radius: 20)
[00:00:16 -3706.299239] SLOW spr round 5 (radius: 25)
[00:00:17 -3706.299239] Model parameter optimization (eps = 0.100000)

[00:00:17] [worker #0] ML tree search #13, logLikelihood: -3706.291650

[00:00:17 -5072.046571] Initial branch length optimization
[00:00:17 -3832.126467] Model parameter optimization (eps = 10.000000)
[00:00:17 -3739.297499] AUTODETECT spr round 1 (radius: 5)
[00:00:17 -3720.208838] AUTODETECT spr round 2 (radius: 10)
[00:00:17 -3720.019306] AUTODETECT spr round 3 (radius: 15)
[00:00:17 -3710.987740] AUTODETECT spr round 4 (radius: 20)
[00:00:18 -3710.985442] SPR radius for FAST iterations: 15 (autodetect)
[00:00:18 -3710.985442] Model parameter optimization (eps = 3.000000)
[00:00:18 -3710.903825] FAST spr round 1 (radius: 15)
[00:00:18 -3710.118014] Model parameter optimization (eps = 1.000000)
[00:00:18 -3710.111483] SLOW spr round 1 (radius: 5)
[00:00:18] [worker #2] ML tree search #19, logLikelihood: -3706.291515
[00:00:18] [worker #3] ML tree search #20, logLikelihood: -3708.066860
[00:00:18 -3709.874664] SLOW spr round 2 (radius: 10)
[00:00:19 -3709.874664] SLOW spr round 3 (radius: 15)
[00:00:20 -3709.874664] SLOW spr round 4 (radius: 20)
[00:00:20 -3709.874664] SLOW spr round 5 (radius: 25)
[00:00:20] [worker #1] ML tree search #18, logLikelihood: -3706.311715
[00:00:20 -3709.874664] Model parameter optimization (eps = 0.100000)

[00:00:20] [worker #0] ML tree search #17, logLikelihood: -3709.865743


Optimized model parameters:

   Partition 0: noname
   Rate heterogeneity: GAMMA (4 cats, mean),  alpha: 1.430070 (ML),  weights&rates: (0.250000,0.214315) (0.250000,0.576487) (0.250000,1.046037) (0.250000,2.163162) 
   Base frequencies (empirical): 0.375793 0.208199 0.177453 0.238555 
   Substitution rates (ML): 0.631070 2.472980 0.543441 1.015070 2.436096 1.000000 


Final LogLikelihood: -3706.101061

AIC score: 7732.202123 / AICc score: 7872.202123 / BIC score: 8415.560272
Free parameters (model + branch lengths): 160

WARNING: Best ML tree contains 18 near-zero branches!

Best ML tree with collapsed near-zero branches saved to: /data/jeremias/eucs/roadies/output/genes/gene_226_filtered.fa.aln.raxml.bestTreeCollapsed
Best ML tree saved to: /data/jeremias/eucs/roadies/output/genes/gene_226_filtered.fa.aln.raxml.bestTree
All ML trees saved to: /data/jeremias/eucs/roadies/output/genes/gene_226_filtered.fa.aln.raxml.mlTrees
Optimized model saved to: /data/jeremias/eucs/roadies/output/genes/gene_226_filtered.fa.aln.raxml.bestModel

Execution log saved to: /data/jeremias/eucs/roadies/output/genes/gene_226_filtered.fa.aln.raxml.log

Analysis started: 03-Jul-2024 19:36:31 / finished: 03-Jul-2024 19:36:51

Elapsed time: 20.722 seconds

