
RAxML-NG v. 1.2.2 released on 11.04.2024 by The Exelixis Lab.
Developed by: Alexey M. Kozlov and Alexandros Stamatakis.
Contributors: Diego Darriba, Tomas Flouri, Benoit Morel, Sarah Lutteropp, Ben Bettisworth, Julia Haag, Anastasis Togkousidis.
Latest version: https://github.com/amkozlov/raxml-ng
Questions/problems/suggestions? Please visit: https://groups.google.com/forum/#!forum/raxml

System: AMD EPYC 7742 64-Core Processor, 128 cores, 1007 GB RAM

RAxML-NG was called at 29-Jul-2024 17:30:12 as follows:

raxml-ng --msa /data/jeremias/eucs/roadies/output/genes/gene_132_filtered.fa.aln --model GTR+G+F --redo --threads auto{4} --blopt nr_safe

Analysis options:
  run mode: ML tree search
  start tree(s): random (10) + parsimony (10)
  random seed: 1722238212
  tip-inner: OFF
  pattern compression: ON
  per-rate scalers: OFF
  site repeats: ON
  logLH epsilon: general: 10.000000, brlen-triplet: 1000.000000
  fast spr radius: AUTO
  spr subtree cutoff: 1.000000
  fast CLV updates: ON
  branch lengths: proportional (ML estimate, algorithm: NR-SAFE)
  SIMD kernels: AVX2
  parallelization: coarse-grained (auto), PTHREADS (auto)

WARNING: Running in REDO mode: existing checkpoints are ignored, and all result files will be overwritten!

[00:00:00] Reading alignment from file: /data/jeremias/eucs/roadies/output/genes/gene_132_filtered.fa.aln
[00:00:00] Loaded alignment with 129 taxa and 574 sites

WARNING: Sequences E_melliodora_0 and E_sid_E_mel_0 are exactly identical!
WARNING: Sequences E_melliodora_0 and E_paniculata_0 are exactly identical!
WARNING: Sequences E_melliodora_2 and E_albens_2 are exactly identical!
WARNING: Sequences E_globulus_0 and E_viminalis_0 are exactly identical!
WARNING: Sequences E_polyanthemos_0 and E_dawsonii_2 are exactly identical!
WARNING: Sequences E_fibrosa_2 and E_coolabah_1 are exactly identical!
WARNING: Sequences E_fibrosa_2 and E_caleyi_1 are exactly identical!
WARNING: Sequences E_microcorys_6 and E_microcorys_5 are exactly identical!
WARNING: Sequences E_decipiens_2 and E_decipiens_3 are exactly identical!
WARNING: Sequences E_pumila_1 and E_pumila_0 are exactly identical!
WARNING: Duplicate sequences found: 10

NOTE: Reduced alignment (with duplicates and gap-only sites/taxa removed) 
NOTE: was saved to: /data/jeremias/eucs/roadies/output/genes/gene_132_filtered.fa.aln.raxml.reduced.phy

Alignment comprises 1 partitions and 482 patterns

Partition 0: noname
Model: GTR+FC+G4m
Alignment sites / patterns: 574 / 482
Gaps: 18.15 %
Invariant sites: 28.57 %


NOTE: Binary MSA file created: /data/jeremias/eucs/roadies/output/genes/gene_132_filtered.fa.aln.raxml.rba

Parallelization scheme autoconfig: 4 worker(s) x 1 thread(s)

[00:00:00] Generating 10 random starting tree(s) with 129 taxa
[00:00:00] Generating 10 parsimony starting tree(s) with 129 taxa
Parallel parsimony with 4 threads
Parallel reduction/worker buffer size: 1 KB  / 0 KB

[00:00:00] Data distribution: max. partitions/sites/weight per thread: 1 / 482 / 7712
[00:00:00] Data distribution: max. searches per worker: 5

Starting ML tree search with 20 distinct starting trees

[00:00:00 -20177.992036] Initial branch length optimization
[00:00:00 -17573.215492] Model parameter optimization (eps = 10.000000)
[00:00:00 -16926.701690] AUTODETECT spr round 1 (radius: 5)
[00:00:00 -10651.309392] AUTODETECT spr round 2 (radius: 10)
[00:00:01 -7754.755719] AUTODETECT spr round 3 (radius: 15)
[00:00:03 -7267.897792] AUTODETECT spr round 4 (radius: 20)
[00:00:04 -7265.281469] AUTODETECT spr round 5 (radius: 25)
[00:00:04 -7263.848418] SPR radius for FAST iterations: 25 (autodetect)
[00:00:04 -7263.848418] Model parameter optimization (eps = 3.000000)
[00:00:04 -7187.808167] FAST spr round 1 (radius: 25)
[00:00:05 -6434.799923] FAST spr round 2 (radius: 25)
[00:00:05 -6426.230145] Model parameter optimization (eps = 1.000000)
[00:00:05 -6422.078283] SLOW spr round 1 (radius: 5)
[00:00:07 -6414.865153] SLOW spr round 2 (radius: 10)
[00:00:08 -6414.865144] SLOW spr round 3 (radius: 15)
[00:00:10 -6414.865144] SLOW spr round 4 (radius: 20)
[00:00:12 -6414.865144] SLOW spr round 5 (radius: 25)
[00:00:13 -6414.865144] Model parameter optimization (eps = 0.100000)

[00:00:13] [worker #0] ML tree search #1, logLikelihood: -6414.861886

[00:00:13 -20434.843377] Initial branch length optimization
[00:00:13] [worker #1] ML tree search #2, logLikelihood: -6414.599129
[00:00:13 -17887.652696] Model parameter optimization (eps = 10.000000)
[00:00:13] [worker #2] ML tree search #3, logLikelihood: -6414.599213
[00:00:13 -17227.434339] AUTODETECT spr round 1 (radius: 5)
[00:00:14] [worker #3] ML tree search #4, logLikelihood: -6416.592464
[00:00:14 -10413.918663] AUTODETECT spr round 2 (radius: 10)
[00:00:15 -7477.460072] AUTODETECT spr round 3 (radius: 15)
[00:00:16 -7272.582465] AUTODETECT spr round 4 (radius: 20)
[00:00:17 -7271.107150] AUTODETECT spr round 5 (radius: 25)
[00:00:17 -7270.787741] SPR radius for FAST iterations: 25 (autodetect)
[00:00:17 -7270.787741] Model parameter optimization (eps = 3.000000)
[00:00:17 -7201.086338] FAST spr round 1 (radius: 25)
[00:00:18 -6438.203454] FAST spr round 2 (radius: 25)
[00:00:19 -6426.319140] FAST spr round 3 (radius: 25)
[00:00:19 -6426.318977] Model parameter optimization (eps = 1.000000)
[00:00:19 -6418.820823] SLOW spr round 1 (radius: 5)
[00:00:21 -6414.601851] SLOW spr round 2 (radius: 10)
[00:00:22 -6414.601414] SLOW spr round 3 (radius: 15)
[00:00:24 -6414.601411] SLOW spr round 4 (radius: 20)
[00:00:26 -6414.601411] SLOW spr round 5 (radius: 25)
[00:00:27 -6414.601411] Model parameter optimization (eps = 0.100000)

[00:00:27] [worker #0] ML tree search #5, logLikelihood: -6414.599186

[00:00:27 -20592.770218] Initial branch length optimization
[00:00:27 -17981.258968] Model parameter optimization (eps = 10.000000)
[00:00:27] [worker #1] ML tree search #6, logLikelihood: -6414.598639
[00:00:27] [worker #2] ML tree search #7, logLikelihood: -6414.861280
[00:00:27 -17301.019286] AUTODETECT spr round 1 (radius: 5)
[00:00:28] [worker #3] ML tree search #8, logLikelihood: -6414.599203
[00:00:28 -10174.103793] AUTODETECT spr round 2 (radius: 10)
[00:00:29 -7071.090061] AUTODETECT spr round 3 (radius: 15)
[00:00:30 -7065.693681] AUTODETECT spr round 4 (radius: 20)
[00:00:31 -7062.414705] AUTODETECT spr round 5 (radius: 25)
[00:00:31 -7060.617700] SPR radius for FAST iterations: 25 (autodetect)
[00:00:31 -7060.617700] Model parameter optimization (eps = 3.000000)
[00:00:32 -6976.393160] FAST spr round 1 (radius: 25)
[00:00:32 -6444.890822] FAST spr round 2 (radius: 25)
[00:00:33 -6424.684358] FAST spr round 3 (radius: 25)
[00:00:33 -6423.340113] Model parameter optimization (eps = 1.000000)
[00:00:33 -6420.034251] SLOW spr round 1 (radius: 5)
[00:00:35 -6415.256072] SLOW spr round 2 (radius: 10)
[00:00:36 -6415.256051] SLOW spr round 3 (radius: 15)
[00:00:37] [worker #3] ML tree search #12, logLikelihood: -6414.599148
[00:00:38] [worker #2] ML tree search #11, logLikelihood: -6415.718950
[00:00:38 -6415.256051] SLOW spr round 4 (radius: 20)
[00:00:40 -6415.256051] SLOW spr round 5 (radius: 25)
[00:00:41 -6415.256051] Model parameter optimization (eps = 0.100000)

[00:00:41] [worker #0] ML tree search #9, logLikelihood: -6415.253166

[00:00:41 -8153.303634] Initial branch length optimization
[00:00:41 -6630.270383] Model parameter optimization (eps = 10.000000)
[00:00:41 -6430.601481] AUTODETECT spr round 1 (radius: 5)
[00:00:41] [worker #1] ML tree search #10, logLikelihood: -6415.718807
[00:00:41 -6418.947887] AUTODETECT spr round 2 (radius: 10)
[00:00:43 -6418.902837] SPR radius for FAST iterations: 5 (autodetect)
[00:00:43 -6418.902837] Model parameter optimization (eps = 3.000000)
[00:00:43 -6418.852846] FAST spr round 1 (radius: 5)
[00:00:43 -6418.852492] Model parameter optimization (eps = 1.000000)
[00:00:43 -6418.852478] SLOW spr round 1 (radius: 5)
[00:00:44 -6415.727919] SLOW spr round 2 (radius: 10)
[00:00:46 -6415.727915] SLOW spr round 3 (radius: 15)
[00:00:47] [worker #3] ML tree search #16, logLikelihood: -6414.861800
[00:00:48 -6415.727914] SLOW spr round 4 (radius: 20)
[00:00:49] [worker #2] ML tree search #15, logLikelihood: -6414.599189
[00:00:49 -6415.727914] SLOW spr round 5 (radius: 25)
[00:00:50 -6415.727914] Model parameter optimization (eps = 0.100000)

[00:00:50] [worker #0] ML tree search #13, logLikelihood: -6415.718980

[00:00:50 -8181.693461] Initial branch length optimization
[00:00:50 -6652.819960] Model parameter optimization (eps = 10.000000)
[00:00:50 -6458.514065] AUTODETECT spr round 1 (radius: 5)
[00:00:50] [worker #1] ML tree search #14, logLikelihood: -6414.598790
[00:00:51 -6429.509731] AUTODETECT spr round 2 (radius: 10)
[00:00:52 -6418.051041] AUTODETECT spr round 3 (radius: 15)
[00:00:53 -6417.922296] AUTODETECT spr round 4 (radius: 20)
[00:00:54 -6417.921531] SPR radius for FAST iterations: 15 (autodetect)
[00:00:54 -6417.921531] Model parameter optimization (eps = 3.000000)
[00:00:54 -6417.821796] FAST spr round 1 (radius: 15)
[00:00:54 -6416.906165] Model parameter optimization (eps = 1.000000)
[00:00:54 -6416.903888] SLOW spr round 1 (radius: 5)
[00:00:56 -6415.725282] SLOW spr round 2 (radius: 10)
[00:00:57] [worker #3] ML tree search #20, logLikelihood: -6414.861940
[00:00:58 -6415.725259] SLOW spr round 3 (radius: 15)
[00:00:59] [worker #2] ML tree search #19, logLikelihood: -6414.598613
[00:01:00 -6415.725259] SLOW spr round 4 (radius: 20)
[00:01:01] [worker #1] ML tree search #18, logLikelihood: -6414.599238
[00:01:01 -6415.725259] SLOW spr round 5 (radius: 25)
[00:01:02 -6415.725259] Model parameter optimization (eps = 0.100000)

[00:01:02] [worker #0] ML tree search #17, logLikelihood: -6415.719069


Optimized model parameters:

   Partition 0: noname
   Rate heterogeneity: GAMMA (4 cats, mean),  alpha: 3.532963 (ML),  weights&rates: (0.250000,0.426707) (0.250000,0.757334) (0.250000,1.084126) (0.250000,1.731833) 
   Base frequencies (empirical): 0.251502 0.177777 0.192331 0.378391 
   Substitution rates (ML): 1.017139 3.572183 0.957842 1.088135 3.059540 1.000000 


Final LogLikelihood: -6414.598613

AIC score: 13357.197227 / AICc score: 13810.012761 / BIC score: 14506.291387
Free parameters (model + branch lengths): 264

WARNING: Best ML tree contains 34 near-zero branches!

Best ML tree with collapsed near-zero branches saved to: /data/jeremias/eucs/roadies/output/genes/gene_132_filtered.fa.aln.raxml.bestTreeCollapsed
Best ML tree saved to: /data/jeremias/eucs/roadies/output/genes/gene_132_filtered.fa.aln.raxml.bestTree
All ML trees saved to: /data/jeremias/eucs/roadies/output/genes/gene_132_filtered.fa.aln.raxml.mlTrees
Optimized model saved to: /data/jeremias/eucs/roadies/output/genes/gene_132_filtered.fa.aln.raxml.bestModel

Execution log saved to: /data/jeremias/eucs/roadies/output/genes/gene_132_filtered.fa.aln.raxml.log

Analysis started: 29-Jul-2024 17:30:12 / finished: 29-Jul-2024 17:31:15

Elapsed time: 62.626 seconds

