
RAxML-NG v. 1.2.2 released on 11.04.2024 by The Exelixis Lab.
Developed by: Alexey M. Kozlov and Alexandros Stamatakis.
Contributors: Diego Darriba, Tomas Flouri, Benoit Morel, Sarah Lutteropp, Ben Bettisworth, Julia Haag, Anastasis Togkousidis.
Latest version: https://github.com/amkozlov/raxml-ng
Questions/problems/suggestions? Please visit: https://groups.google.com/forum/#!forum/raxml

System: AMD EPYC 7742 64-Core Processor, 128 cores, 1007 GB RAM

RAxML-NG was called at 29-Jul-2024 14:43:01 as follows:

raxml-ng --msa /data/jeremias/eucs/roadies/output/genes/gene_199_filtered.fa.aln --model GTR+G+F --redo --threads auto{4} --blopt nr_safe

Analysis options:
  run mode: ML tree search
  start tree(s): random (10) + parsimony (10)
  random seed: 1722228181
  tip-inner: OFF
  pattern compression: ON
  per-rate scalers: OFF
  site repeats: ON
  logLH epsilon: general: 10.000000, brlen-triplet: 1000.000000
  fast spr radius: AUTO
  spr subtree cutoff: 1.000000
  fast CLV updates: ON
  branch lengths: proportional (ML estimate, algorithm: NR-SAFE)
  SIMD kernels: AVX2
  parallelization: coarse-grained (auto), PTHREADS (auto)

WARNING: Running in REDO mode: existing checkpoints are ignored, and all result files will be overwritten!

[00:00:00] Reading alignment from file: /data/jeremias/eucs/roadies/output/genes/gene_199_filtered.fa.aln
[00:00:00] Loaded alignment with 346 taxa and 601 sites

WARNING: Sequences E_pauciflora_7 and E_pauciflora_6 are exactly identical!
WARNING: Duplicate sequences found: 1

NOTE: Reduced alignment (with duplicates and gap-only sites/taxa removed) 
NOTE: was saved to: /data/jeremias/eucs/roadies/output/genes/gene_199_filtered.fa.aln.raxml.reduced.phy

Alignment comprises 1 partitions and 587 patterns

Partition 0: noname
Model: GTR+FC+G4m
Alignment sites / patterns: 601 / 587
Gaps: 17.59 %
Invariant sites: 7.49 %


NOTE: Binary MSA file created: /data/jeremias/eucs/roadies/output/genes/gene_199_filtered.fa.aln.raxml.rba

Parallelization scheme autoconfig: 4 worker(s) x 1 thread(s)

[00:00:00] Generating 10 random starting tree(s) with 346 taxa
[00:00:00] Generating 10 parsimony starting tree(s) with 346 taxa
Parallel parsimony with 4 threads
Parallel reduction/worker buffer size: 1 KB  / 0 KB

[00:00:00] Data distribution: max. partitions/sites/weight per thread: 1 / 587 / 9392
[00:00:00] Data distribution: max. searches per worker: 5

Starting ML tree search with 20 distinct starting trees

[00:00:00 -82445.581282] Initial branch length optimization
[00:00:02 -60632.422585] Model parameter optimization (eps = 10.000000)
[00:00:04 -56745.478398] AUTODETECT spr round 1 (radius: 5)
[00:00:06 -44403.692155] AUTODETECT spr round 2 (radius: 10)
[00:00:09 -34066.004108] AUTODETECT spr round 3 (radius: 15)
[00:00:16 -30278.141072] AUTODETECT spr round 4 (radius: 20)
[00:00:23 -28779.301849] AUTODETECT spr round 5 (radius: 25)
[00:00:28 -28775.614086] SPR radius for FAST iterations: 25 (autodetect)
[00:00:28 -28775.614086] Model parameter optimization (eps = 3.000000)
[00:00:30 -28456.783408] FAST spr round 1 (radius: 25)
[00:00:35 -25108.658069] FAST spr round 2 (radius: 25)
[00:00:43 -24905.690581] FAST spr round 3 (radius: 25)
[00:00:49 -24901.285068] Model parameter optimization (eps = 1.000000)
[00:00:51 -24896.932598] SLOW spr round 1 (radius: 5)
[00:01:00 -24888.622219] SLOW spr round 2 (radius: 10)
[00:01:11 -24887.409123] SLOW spr round 3 (radius: 15)
[00:01:26 -24887.409104] SLOW spr round 4 (radius: 20)
[00:01:52 -24852.766776] SLOW spr round 5 (radius: 5)
[00:02:03 -24846.249441] SLOW spr round 6 (radius: 10)
[00:02:12 -24844.630037] SLOW spr round 7 (radius: 15)
[00:02:22 -24844.630015] SLOW spr round 8 (radius: 20)
[00:02:36] [worker #3] ML tree search #4, logLikelihood: -24876.989142
[00:02:55 -24844.630012] SLOW spr round 9 (radius: 25)
[00:03:27 -24844.630011] Model parameter optimization (eps = 0.100000)

[00:03:27] [worker #0] ML tree search #1, logLikelihood: -24844.531523

[00:03:27 -82708.543785] Initial branch length optimization
[00:03:28 -60684.173163] Model parameter optimization (eps = 10.000000)
[00:03:31 -56784.311202] AUTODETECT spr round 1 (radius: 5)
[00:03:33 -46138.183976] AUTODETECT spr round 2 (radius: 10)
[00:03:37] [worker #2] ML tree search #3, logLikelihood: -25271.774626
[00:03:38 -32136.953344] AUTODETECT spr round 3 (radius: 15)
[00:03:44 -30581.228366] AUTODETECT spr round 4 (radius: 20)
[00:03:51 -29372.174277] AUTODETECT spr round 5 (radius: 25)
[00:03:59 -29282.174808] SPR radius for FAST iterations: 25 (autodetect)
[00:03:59 -29282.174808] Model parameter optimization (eps = 3.000000)
[00:04:01 -28948.023413] FAST spr round 1 (radius: 25)
[00:04:06 -24963.414743] FAST spr round 2 (radius: 25)
[00:04:09 -24898.780458] FAST spr round 3 (radius: 25)
[00:04:12 -24896.140777] Model parameter optimization (eps = 1.000000)
[00:04:12 -24890.650223] SLOW spr round 1 (radius: 5)
[00:04:19] [worker #1] ML tree search #2, logLikelihood: -24857.575515
[00:04:25 -24881.016628] SLOW spr round 2 (radius: 10)
[00:04:29] [worker #3] ML tree search #8, logLikelihood: -25085.535097
[00:04:31 -24878.636779] SLOW spr round 3 (radius: 15)
[00:04:47 -24878.636461] SLOW spr round 4 (radius: 20)
[00:05:07 -24877.598844] SLOW spr round 5 (radius: 25)
[00:05:28 -24877.598718] Model parameter optimization (eps = 0.100000)

[00:05:29] [worker #0] ML tree search #5, logLikelihood: -24877.561433

[00:05:29 -80586.974450] Initial branch length optimization
[00:05:29 -60238.949408] Model parameter optimization (eps = 10.000000)
[00:05:32 -56485.696380] AUTODETECT spr round 1 (radius: 5)
[00:05:34 -45561.510329] AUTODETECT spr round 2 (radius: 10)
[00:05:40 -33616.262924] AUTODETECT spr round 3 (radius: 15)
[00:05:42] [worker #2] ML tree search #7, logLikelihood: -24859.102661
[00:05:48 -28822.218683] AUTODETECT spr round 4 (radius: 20)
[00:05:58 -28607.152939] AUTODETECT spr round 5 (radius: 25)
[00:05:59] [worker #1] ML tree search #6, logLikelihood: -24853.400891
[00:06:05 -28556.232451] SPR radius for FAST iterations: 25 (autodetect)
[00:06:05 -28556.232451] Model parameter optimization (eps = 3.000000)
[00:06:07 -28216.491615] FAST spr round 1 (radius: 25)
[00:06:11 -24985.126824] FAST spr round 2 (radius: 25)
[00:06:14 -24877.764976] FAST spr round 3 (radius: 25)
[00:06:16 -24877.347670] Model parameter optimization (eps = 1.000000)
[00:06:17 -24871.497574] SLOW spr round 1 (radius: 5)
[00:06:25 -24863.375657] SLOW spr round 2 (radius: 10)
[00:06:31 -24863.332540] SLOW spr round 3 (radius: 15)
[00:06:39] [worker #3] ML tree search #12, logLikelihood: -24866.997098
[00:06:42 -24863.332108] SLOW spr round 4 (radius: 20)
[00:07:01 -24862.622841] SLOW spr round 5 (radius: 25)
[00:07:22 -24857.019446] Model parameter optimization (eps = 0.100000)

[00:07:22] [worker #0] ML tree search #9, logLikelihood: -24856.955351

[00:07:22 -29413.499342] Initial branch length optimization
[00:07:23 -26157.181260] Model parameter optimization (eps = 10.000000)
[00:07:24 -25174.480017] AUTODETECT spr round 1 (radius: 5)
[00:07:26 -24963.428648] AUTODETECT spr round 2 (radius: 10)
[00:07:30 -24924.245772] AUTODETECT spr round 3 (radius: 15)
[00:07:36 -24897.069528] AUTODETECT spr round 4 (radius: 20)
[00:07:43 -24896.089682] AUTODETECT spr round 5 (radius: 25)
[00:07:49 -24895.893260] SPR radius for FAST iterations: 25 (autodetect)
[00:07:49 -24895.893260] Model parameter optimization (eps = 3.000000)
[00:07:49 -24894.519149] FAST spr round 1 (radius: 25)
[00:07:53 -24871.301584] FAST spr round 2 (radius: 25)
[00:07:55 -24871.236458] Model parameter optimization (eps = 1.000000)
[00:07:55 -24871.161276] SLOW spr round 1 (radius: 5)
[00:08:00] [worker #2] ML tree search #11, logLikelihood: -24877.077424
[00:08:03 -24862.389709] SLOW spr round 2 (radius: 10)
[00:08:09 -24862.388513] SLOW spr round 3 (radius: 15)
[00:08:11] [worker #1] ML tree search #10, logLikelihood: -24928.039405
[00:08:21] [worker #3] ML tree search #16, logLikelihood: -24867.995976
[00:08:22 -24862.388317] SLOW spr round 4 (radius: 20)
[00:08:40 -24862.388283] SLOW spr round 5 (radius: 25)
[00:09:16 -24862.388277] Model parameter optimization (eps = 0.100000)

[00:09:17] [worker #0] ML tree search #13, logLikelihood: -24862.341456

[00:09:17 -29372.647653] Initial branch length optimization
[00:09:18 -26086.894571] Model parameter optimization (eps = 10.000000)
[00:09:19 -25094.532475] AUTODETECT spr round 1 (radius: 5)
[00:09:22 -24928.247908] AUTODETECT spr round 2 (radius: 10)
[00:09:29 -24922.890448] AUTODETECT spr round 3 (radius: 15)
[00:09:42 -24922.546891] AUTODETECT spr round 4 (radius: 20)
[00:09:53 -24922.443413] AUTODETECT spr round 5 (radius: 25)
[00:10:03] [worker #2] ML tree search #15, logLikelihood: -24881.700291
[00:10:03 -24922.394859] SPR radius for FAST iterations: 20 (autodetect)
[00:10:03 -24922.394859] Model parameter optimization (eps = 3.000000)
[00:10:03 -24921.246285] FAST spr round 1 (radius: 20)
[00:10:07 -24903.399865] FAST spr round 2 (radius: 20)
[00:10:11 -24901.693054] Model parameter optimization (eps = 1.000000)
[00:10:12 -24901.647227] SLOW spr round 1 (radius: 5)
[00:10:16] [worker #1] ML tree search #14, logLikelihood: -24874.040116
[00:10:23 -24895.534907] SLOW spr round 2 (radius: 10)
[00:10:27] [worker #3] ML tree search #20, logLikelihood: -24870.510702
[00:10:30 -24895.322401] SLOW spr round 3 (radius: 15)
[00:10:47 -24895.322153] SLOW spr round 4 (radius: 20)
[00:11:17 -24894.706335] SLOW spr round 5 (radius: 25)
[00:11:50 -24894.631790] Model parameter optimization (eps = 0.100000)

[00:11:50] [worker #0] ML tree search #17, logLikelihood: -24894.569992

[00:12:10] [worker #2] ML tree search #19, logLikelihood: -24862.715203
[00:12:35] [worker #1] ML tree search #18, logLikelihood: -24866.955843

Optimized model parameters:

   Partition 0: noname
   Rate heterogeneity: GAMMA (4 cats, mean),  alpha: 1.539719 (ML),  weights&rates: (0.250000,0.231394) (0.250000,0.595037) (0.250000,1.052671) (0.250000,2.120898) 
   Base frequencies (empirical): 0.335683 0.229788 0.115711 0.318819 
   Substitution rates (ML): 0.548270 2.789434 0.372092 0.507627 1.531310 1.000000 


Final LogLikelihood: -24844.531523

AIC score: 51085.063046 / AICc score: 1026889.063046 / BIC score: 54155.282311
Free parameters (model + branch lengths): 698

WARNING: Number of free parameters (K=698) is larger than alignment size (n=601).
         This might lead to overfitting and compromise tree inference results!


WARNING: Best ML tree contains 61 near-zero branches!

Best ML tree with collapsed near-zero branches saved to: /data/jeremias/eucs/roadies/output/genes/gene_199_filtered.fa.aln.raxml.bestTreeCollapsed
Best ML tree saved to: /data/jeremias/eucs/roadies/output/genes/gene_199_filtered.fa.aln.raxml.bestTree
All ML trees saved to: /data/jeremias/eucs/roadies/output/genes/gene_199_filtered.fa.aln.raxml.mlTrees
Optimized model saved to: /data/jeremias/eucs/roadies/output/genes/gene_199_filtered.fa.aln.raxml.bestModel

Execution log saved to: /data/jeremias/eucs/roadies/output/genes/gene_199_filtered.fa.aln.raxml.log

Analysis started: 29-Jul-2024 14:43:01 / finished: 29-Jul-2024 14:55:37

Elapsed time: 755.903 seconds

