
RAxML-NG v. 1.2.2 released on 11.04.2024 by The Exelixis Lab.
Developed by: Alexey M. Kozlov and Alexandros Stamatakis.
Contributors: Diego Darriba, Tomas Flouri, Benoit Morel, Sarah Lutteropp, Ben Bettisworth, Julia Haag, Anastasis Togkousidis.
Latest version: https://github.com/amkozlov/raxml-ng
Questions/problems/suggestions? Please visit: https://groups.google.com/forum/#!forum/raxml

System: AMD EPYC 7742 64-Core Processor, 128 cores, 1007 GB RAM

RAxML-NG was called at 29-Jul-2024 17:16:06 as follows:

raxml-ng --msa /data/jeremias/eucs/roadies/output/genes/gene_142_filtered.fa.aln --model GTR+G+F --redo --threads auto{4} --blopt nr_safe

Analysis options:
  run mode: ML tree search
  start tree(s): random (10) + parsimony (10)
  random seed: 1722237366
  tip-inner: OFF
  pattern compression: ON
  per-rate scalers: OFF
  site repeats: ON
  logLH epsilon: general: 10.000000, brlen-triplet: 1000.000000
  fast spr radius: AUTO
  spr subtree cutoff: 1.000000
  fast CLV updates: ON
  branch lengths: proportional (ML estimate, algorithm: NR-SAFE)
  SIMD kernels: AVX2
  parallelization: coarse-grained (auto), PTHREADS (auto)

WARNING: Running in REDO mode: existing checkpoints are ignored, and all result files will be overwritten!

[00:00:00] Reading alignment from file: /data/jeremias/eucs/roadies/output/genes/gene_142_filtered.fa.aln
[00:00:00] Loaded alignment with 58 taxa and 623 sites

WARNING: Sequences E_caleyi_1 and E_paniculata_0 are exactly identical!
WARNING: Sequences E_sid_E_mel_0 and E_sideroxylon_0 are exactly identical!
WARNING: Sequences E_sid_E_mel_0 and E_albens_1 are exactly identical!
WARNING: Sequences E_decipiens_1 and E_decipiens_2 are exactly identical!
WARNING: Duplicate sequences found: 4

NOTE: Reduced alignment (with duplicates and gap-only sites/taxa removed) 
NOTE: was saved to: /data/jeremias/eucs/roadies/output/genes/gene_142_filtered.fa.aln.raxml.reduced.phy

Alignment comprises 1 partitions and 439 patterns

Partition 0: noname
Model: GTR+FC+G4m
Alignment sites / patterns: 623 / 439
Gaps: 21.33 %
Invariant sites: 28.09 %


NOTE: Binary MSA file created: /data/jeremias/eucs/roadies/output/genes/gene_142_filtered.fa.aln.raxml.rba

Parallelization scheme autoconfig: 4 worker(s) x 1 thread(s)

[00:00:00] Generating 10 random starting tree(s) with 58 taxa
[00:00:00] Generating 10 parsimony starting tree(s) with 58 taxa
Parallel parsimony with 4 threads
Parallel reduction/worker buffer size: 1 KB  / 0 KB

[00:00:00] Data distribution: max. partitions/sites/weight per thread: 1 / 439 / 7024
[00:00:00] Data distribution: max. searches per worker: 5

Starting ML tree search with 20 distinct starting trees

[00:00:00 -20472.536564] Initial branch length optimization
[00:00:00 -12402.189588] Model parameter optimization (eps = 10.000000)
[00:00:00 -11222.935427] AUTODETECT spr round 1 (radius: 5)
[00:00:00 -8725.093260] AUTODETECT spr round 2 (radius: 10)
[00:00:01 -4954.911335] AUTODETECT spr round 3 (radius: 15)
[00:00:01 -4952.957964] AUTODETECT spr round 4 (radius: 20)
[00:00:01 -4952.529018] AUTODETECT spr round 5 (radius: 25)
[00:00:01 -4952.432650] SPR radius for FAST iterations: 20 (autodetect)
[00:00:01 -4952.432650] Model parameter optimization (eps = 3.000000)
[00:00:01 -4685.158441] FAST spr round 1 (radius: 20)
[00:00:02 -4496.779387] FAST spr round 2 (radius: 20)
[00:00:02 -4380.776903] FAST spr round 3 (radius: 20)
[00:00:02 -4380.774437] Model parameter optimization (eps = 1.000000)
[00:00:02 -4369.932145] SLOW spr round 1 (radius: 5)
[00:00:03 -4368.656031] SLOW spr round 2 (radius: 10)
[00:00:04 -4368.653373] SLOW spr round 3 (radius: 15)
[00:00:04 -4368.652431] SLOW spr round 4 (radius: 20)
[00:00:04] [worker #3] ML tree search #4, logLikelihood: -4368.508092
[00:00:05 -4368.652098] SLOW spr round 5 (radius: 25)
[00:00:06 -4368.651981] Model parameter optimization (eps = 0.100000)
[00:00:06] [worker #1] ML tree search #2, logLikelihood: -4368.510498
[00:00:07] [worker #2] ML tree search #3, logLikelihood: -4368.514822

[00:00:08] [worker #0] ML tree search #1, logLikelihood: -4368.507032

[00:00:11 -19961.214619] Initial branch length optimization
[00:00:13 -12503.600849] Model parameter optimization (eps = 10.000000)
[00:00:17 -11328.590748] AUTODETECT spr round 1 (radius: 5)
[00:00:24 -8064.299274] AUTODETECT spr round 2 (radius: 10)
[00:00:26 -5043.998195] AUTODETECT spr round 3 (radius: 15)
[00:00:29 -5041.132911] AUTODETECT spr round 4 (radius: 20)
[00:00:29 -5040.036012] AUTODETECT spr round 5 (radius: 25)
[00:00:29 -5039.560377] SPR radius for FAST iterations: 25 (autodetect)
[00:00:29 -5039.560377] Model parameter optimization (eps = 3.000000)
[00:00:29 -4796.227953] FAST spr round 1 (radius: 25)
[00:00:29 -4390.885550] FAST spr round 2 (radius: 25)
[00:00:30 -4390.881499] Model parameter optimization (eps = 1.000000)
[00:00:30 -4370.874073] SLOW spr round 1 (radius: 5)
[00:00:31 -4369.034746] SLOW spr round 2 (radius: 10)
[00:00:31 -4369.031723] SLOW spr round 3 (radius: 15)
[00:00:32] [worker #1] ML tree search #6, logLikelihood: -4368.507901
[00:00:32 -4369.030503] SLOW spr round 4 (radius: 20)
[00:00:33 -4369.029993] SLOW spr round 5 (radius: 25)
[00:00:33] [worker #3] ML tree search #8, logLikelihood: -4368.513148
[00:00:43 -4369.029771] Model parameter optimization (eps = 0.100000)

[00:00:45] [worker #0] ML tree search #5, logLikelihood: -4368.797687

[00:00:49] [worker #2] ML tree search #7, logLikelihood: -4368.516806
[00:00:49 -19966.811805] Initial branch length optimization
[00:00:49 -12273.626654] Model parameter optimization (eps = 10.000000)
[00:00:50 -11245.621400] AUTODETECT spr round 1 (radius: 5)
[00:00:50 -7720.775757] AUTODETECT spr round 2 (radius: 10)
[00:00:50 -6395.056767] AUTODETECT spr round 3 (radius: 15)
[00:00:50 -6348.531035] AUTODETECT spr round 4 (radius: 20)
[00:00:51 -5926.917026] AUTODETECT spr round 5 (radius: 25)
[00:00:51 -5926.500738] SPR radius for FAST iterations: 25 (autodetect)
[00:00:51 -5926.500738] Model parameter optimization (eps = 3.000000)
[00:00:51 -5844.848556] FAST spr round 1 (radius: 25)
[00:00:51 -4544.615374] FAST spr round 2 (radius: 25)
[00:00:52 -4520.014622] FAST spr round 3 (radius: 25)
[00:00:52 -4519.517552] Model parameter optimization (eps = 1.000000)
[00:00:52 -4371.328832] SLOW spr round 1 (radius: 5)
[00:00:52] [worker #3] ML tree search #12, logLikelihood: -4368.508427
[00:00:53 -4368.879905] SLOW spr round 2 (radius: 10)
[00:00:54] [worker #2] ML tree search #11, logLikelihood: -4368.506950
[00:00:54] [worker #1] ML tree search #10, logLikelihood: -4368.513026
[00:00:54 -4368.879742] SLOW spr round 3 (radius: 15)
[00:00:55 -4368.879725] SLOW spr round 4 (radius: 20)
[00:00:56 -4368.879719] SLOW spr round 5 (radius: 25)
[00:00:56 -4368.879717] Model parameter optimization (eps = 0.100000)

[00:00:56] [worker #0] ML tree search #9, logLikelihood: -4368.730376

[00:00:56 -6429.840370] Initial branch length optimization
[00:00:56 -4500.878967] Model parameter optimization (eps = 10.000000)
[00:00:56 -4382.716498] AUTODETECT spr round 1 (radius: 5)
[00:00:56 -4369.913973] AUTODETECT spr round 2 (radius: 10)
[00:00:57 -4369.606617] AUTODETECT spr round 3 (radius: 15)
[00:00:57 -4369.463293] AUTODETECT spr round 4 (radius: 20)
[00:00:57 -4369.381614] SPR radius for FAST iterations: 15 (autodetect)
[00:00:57 -4369.381614] Model parameter optimization (eps = 3.000000)
[00:00:57 -4368.604953] FAST spr round 1 (radius: 15)
[00:00:57] [worker #3] ML tree search #16, logLikelihood: -4368.731272
[00:00:57 -4368.569244] Model parameter optimization (eps = 1.000000)
[00:00:57 -4368.508471] SLOW spr round 1 (radius: 5)
[00:00:58] [worker #2] ML tree search #15, logLikelihood: -4368.615987
[00:00:58 -4368.507712] SLOW spr round 2 (radius: 10)
[00:00:59 -4368.507563] SLOW spr round 3 (radius: 15)
[00:00:59] [worker #1] ML tree search #14, logLikelihood: -4368.503453
[00:00:59 -4368.507502] SLOW spr round 4 (radius: 20)
[00:01:00 -4368.507471] SLOW spr round 5 (radius: 25)
[00:01:00 -4368.507450] Model parameter optimization (eps = 0.100000)

[00:01:00] [worker #0] ML tree search #13, logLikelihood: -4368.503015

[00:01:00 -6405.652462] Initial branch length optimization
[00:01:00 -4508.801128] Model parameter optimization (eps = 10.000000)
[00:01:00 -4389.262460] AUTODETECT spr round 1 (radius: 5)
[00:01:01 -4370.603958] AUTODETECT spr round 2 (radius: 10)
[00:01:01 -4370.251800] AUTODETECT spr round 3 (radius: 15)
[00:01:01 -4370.206325] SPR radius for FAST iterations: 10 (autodetect)
[00:01:01 -4370.206325] Model parameter optimization (eps = 3.000000)
[00:01:01 -4369.599327] FAST spr round 1 (radius: 10)
[00:01:01 -4369.511477] Model parameter optimization (eps = 1.000000)
[00:01:01 -4369.436729] SLOW spr round 1 (radius: 5)
[00:01:02] [worker #3] ML tree search #20, logLikelihood: -4368.727342
[00:01:02] [worker #2] ML tree search #19, logLikelihood: -4368.509015
[00:01:02 -4368.779463] SLOW spr round 2 (radius: 10)
[00:01:03 -4368.778330] SLOW spr round 3 (radius: 15)
[00:01:04 -4368.777947] SLOW spr round 4 (radius: 20)
[00:01:04] [worker #1] ML tree search #18, logLikelihood: -4368.729238
[00:01:04 -4368.777816] SLOW spr round 5 (radius: 25)
[00:01:05 -4368.777772] Model parameter optimization (eps = 0.100000)

[00:01:05] [worker #0] ML tree search #17, logLikelihood: -4368.730832


Optimized model parameters:

   Partition 0: noname
   Rate heterogeneity: GAMMA (4 cats, mean),  alpha: 3.454173 (ML),  weights&rates: (0.250000,0.421608) (0.250000,0.753932) (0.250000,1.083995) (0.250000,1.740466) 
   Base frequencies (empirical): 0.255128 0.263536 0.228566 0.252770 
   Substitution rates (ML): 0.844078 2.779547 0.797607 0.777228 2.814710 1.000000 


Final LogLikelihood: -4368.503015

AIC score: 8981.006031 / AICc score: 9041.030031 / BIC score: 9522.020706
Free parameters (model + branch lengths): 122

WARNING: Best ML tree contains 20 near-zero branches!

Best ML tree with collapsed near-zero branches saved to: /data/jeremias/eucs/roadies/output/genes/gene_142_filtered.fa.aln.raxml.bestTreeCollapsed
Best ML tree saved to: /data/jeremias/eucs/roadies/output/genes/gene_142_filtered.fa.aln.raxml.bestTree
All ML trees saved to: /data/jeremias/eucs/roadies/output/genes/gene_142_filtered.fa.aln.raxml.mlTrees
Optimized model saved to: /data/jeremias/eucs/roadies/output/genes/gene_142_filtered.fa.aln.raxml.bestModel

Execution log saved to: /data/jeremias/eucs/roadies/output/genes/gene_142_filtered.fa.aln.raxml.log

Analysis started: 29-Jul-2024 17:16:06 / finished: 29-Jul-2024 17:17:11

Elapsed time: 65.189 seconds

