
RAxML-NG v. 1.2.2 released on 11.04.2024 by The Exelixis Lab.
Developed by: Alexey M. Kozlov and Alexandros Stamatakis.
Contributors: Diego Darriba, Tomas Flouri, Benoit Morel, Sarah Lutteropp, Ben Bettisworth, Julia Haag, Anastasis Togkousidis.
Latest version: https://github.com/amkozlov/raxml-ng
Questions/problems/suggestions? Please visit: https://groups.google.com/forum/#!forum/raxml

System: AMD EPYC 7742 64-Core Processor, 128 cores, 1007 GB RAM

RAxML-NG was called at 29-Jul-2024 15:14:45 as follows:

raxml-ng --msa /data/jeremias/eucs/roadies/output/genes/gene_120_filtered.fa.aln --model GTR+G+F --redo --threads auto{4} --blopt nr_safe

Analysis options:
  run mode: ML tree search
  start tree(s): random (10) + parsimony (10)
  random seed: 1722230085
  tip-inner: OFF
  pattern compression: ON
  per-rate scalers: OFF
  site repeats: ON
  logLH epsilon: general: 10.000000, brlen-triplet: 1000.000000
  fast spr radius: AUTO
  spr subtree cutoff: 1.000000
  fast CLV updates: ON
  branch lengths: proportional (ML estimate, algorithm: NR-SAFE)
  SIMD kernels: AVX2
  parallelization: coarse-grained (auto), PTHREADS (auto)

WARNING: Running in REDO mode: existing checkpoints are ignored, and all result files will be overwritten!

[00:00:00] Reading alignment from file: /data/jeremias/eucs/roadies/output/genes/gene_120_filtered.fa.aln
[00:00:00] Loaded alignment with 38 taxa and 509 sites

WARNING: Sequences E_viminalis_0 and E_globulus_0 are exactly identical!
WARNING: Duplicate sequences found: 1

NOTE: Reduced alignment (with duplicates and gap-only sites/taxa removed) 
NOTE: was saved to: /data/jeremias/eucs/roadies/output/genes/gene_120_filtered.fa.aln.raxml.reduced.phy

Alignment comprises 1 partitions and 161 patterns

Partition 0: noname
Model: GTR+FC+G4m
Alignment sites / patterns: 509 / 161
Gaps: 3.22 %
Invariant sites: 71.32 %


NOTE: Binary MSA file created: /data/jeremias/eucs/roadies/output/genes/gene_120_filtered.fa.aln.raxml.rba

Parallelization scheme autoconfig: 4 worker(s) x 1 thread(s)

[00:00:00] Generating 10 random starting tree(s) with 38 taxa
[00:00:00] Generating 10 parsimony starting tree(s) with 38 taxa
Parallel parsimony with 4 threads
Parallel reduction/worker buffer size: 1 KB  / 0 KB

[00:00:00] Data distribution: max. partitions/sites/weight per thread: 1 / 161 / 2576
[00:00:00] Data distribution: max. searches per worker: 5

Starting ML tree search with 20 distinct starting trees

[00:00:00 -3771.877116] Initial branch length optimization
[00:00:00 -2943.929413] Model parameter optimization (eps = 10.000000)
[00:00:00 -2744.087903] AUTODETECT spr round 1 (radius: 5)
[00:00:00 -2343.983871] AUTODETECT spr round 2 (radius: 10)
[00:00:00 -2275.044705] AUTODETECT spr round 3 (radius: 15)
[00:00:00 -2275.043170] SPR radius for FAST iterations: 10 (autodetect)
[00:00:00 -2275.043170] Model parameter optimization (eps = 3.000000)
[00:00:00 -2269.176566] FAST spr round 1 (radius: 10)
[00:00:00 -2134.467530] FAST spr round 2 (radius: 10)
[00:00:00 -2132.408616] Model parameter optimization (eps = 1.000000)
[00:00:00 -2128.861619] SLOW spr round 1 (radius: 5)
[00:00:00 -2128.860743] SLOW spr round 2 (radius: 10)
[00:00:00 -2128.860742] SLOW spr round 3 (radius: 15)
[00:00:01 -2128.860742] SLOW spr round 4 (radius: 20)
[00:00:01 -2128.860742] SLOW spr round 5 (radius: 25)
[00:00:01 -2128.860742] Model parameter optimization (eps = 0.100000)

[00:00:01] [worker #0] ML tree search #1, logLikelihood: -2128.860398

[00:00:01 -3756.345701] Initial branch length optimization
[00:00:01 -2923.277956] Model parameter optimization (eps = 10.000000)
[00:00:01] [worker #1] ML tree search #2, logLikelihood: -2136.005207
[00:00:01] [worker #2] ML tree search #3, logLikelihood: -2132.576719
[00:00:01] [worker #3] ML tree search #4, logLikelihood: -2132.576666
[00:00:01 -2725.672497] AUTODETECT spr round 1 (radius: 5)
[00:00:01 -2217.428994] AUTODETECT spr round 2 (radius: 10)
[00:00:01 -2199.753064] AUTODETECT spr round 3 (radius: 15)
[00:00:01 -2198.793755] AUTODETECT spr round 4 (radius: 20)
[00:00:01 -2198.788275] SPR radius for FAST iterations: 15 (autodetect)
[00:00:01 -2198.788275] Model parameter optimization (eps = 3.000000)
[00:00:01 -2192.864150] FAST spr round 1 (radius: 15)
[00:00:01 -2162.095231] FAST spr round 2 (radius: 15)
[00:00:01 -2157.318716] Model parameter optimization (eps = 1.000000)
[00:00:01 -2156.563602] SLOW spr round 1 (radius: 5)
[00:00:02 -2156.563226] SLOW spr round 2 (radius: 10)
[00:00:02 -2129.121799] SLOW spr round 3 (radius: 5)
[00:00:02] [worker #1] ML tree search #6, logLikelihood: -2132.961409
[00:00:02] [worker #2] ML tree search #7, logLikelihood: -2130.735479
[00:00:02 -2129.121754] SLOW spr round 4 (radius: 10)
[00:00:02] [worker #3] ML tree search #8, logLikelihood: -2133.913699
[00:00:02 -2129.121754] SLOW spr round 5 (radius: 15)
[00:00:02 -2129.121754] SLOW spr round 6 (radius: 20)
[00:00:02 -2129.121754] SLOW spr round 7 (radius: 25)
[00:00:02 -2129.121754] Model parameter optimization (eps = 0.100000)

[00:00:02] [worker #0] ML tree search #5, logLikelihood: -2128.860405

[00:00:02 -3806.177103] Initial branch length optimization
[00:00:02 -2967.001613] Model parameter optimization (eps = 10.000000)
[00:00:02 -2758.347502] AUTODETECT spr round 1 (radius: 5)
[00:00:02 -2310.578338] AUTODETECT spr round 2 (radius: 10)
[00:00:02 -2263.713656] AUTODETECT spr round 3 (radius: 15)
[00:00:02 -2263.204954] AUTODETECT spr round 4 (radius: 20)
[00:00:02 -2257.733230] AUTODETECT spr round 5 (radius: 25)
[00:00:02 -2257.728920] SPR radius for FAST iterations: 20 (autodetect)
[00:00:02 -2257.728920] Model parameter optimization (eps = 3.000000)
[00:00:03 -2253.074446] FAST spr round 1 (radius: 20)
[00:00:03 -2139.551397] FAST spr round 2 (radius: 20)
[00:00:03 -2134.733263] Model parameter optimization (eps = 1.000000)
[00:00:03] [worker #2] ML tree search #11, logLikelihood: -2130.053584
[00:00:03 -2131.610845] SLOW spr round 1 (radius: 5)
[00:00:03] [worker #1] ML tree search #10, logLikelihood: -2133.661322
[00:00:03] [worker #3] ML tree search #12, logLikelihood: -2136.149427
[00:00:03 -2131.610028] SLOW spr round 2 (radius: 10)
[00:00:03 -2131.610027] SLOW spr round 3 (radius: 15)
[00:00:03 -2131.610027] SLOW spr round 4 (radius: 20)
[00:00:03 -2131.610027] SLOW spr round 5 (radius: 25)
[00:00:03 -2131.610027] Model parameter optimization (eps = 0.100000)

[00:00:03] [worker #0] ML tree search #9, logLikelihood: -2131.609691

[00:00:03 -3000.054978] Initial branch length optimization
[00:00:03 -2200.953965] Model parameter optimization (eps = 10.000000)
[00:00:03 -2137.682041] AUTODETECT spr round 1 (radius: 5)
[00:00:03 -2134.905488] AUTODETECT spr round 2 (radius: 10)
[00:00:03 -2134.905075] SPR radius for FAST iterations: 5 (autodetect)
[00:00:03 -2134.905075] Model parameter optimization (eps = 3.000000)
[00:00:03] [worker #1] ML tree search #14, logLikelihood: -2133.568285
[00:00:03 -2134.830972] FAST spr round 1 (radius: 5)
[00:00:04] [worker #2] ML tree search #15, logLikelihood: -2130.730690
[00:00:04 -2133.393101] Model parameter optimization (eps = 1.000000)
[00:00:04 -2133.384893] SLOW spr round 1 (radius: 5)
[00:00:04] [worker #3] ML tree search #16, logLikelihood: -2128.860421
[00:00:04 -2132.339785] SLOW spr round 2 (radius: 10)
[00:00:04 -2132.339778] SLOW spr round 3 (radius: 15)
[00:00:04 -2131.012861] SLOW spr round 4 (radius: 20)
[00:00:04 -2131.012844] SLOW spr round 5 (radius: 25)
[00:00:04 -2131.012844] Model parameter optimization (eps = 0.100000)

[00:00:04] [worker #0] ML tree search #13, logLikelihood: -2130.735481

[00:00:04 -3012.926073] Initial branch length optimization
[00:00:04 -2222.891741] Model parameter optimization (eps = 10.000000)
[00:00:04 -2159.699608] AUTODETECT spr round 1 (radius: 5)
[00:00:04 -2146.369399] AUTODETECT spr round 2 (radius: 10)
[00:00:04 -2143.711714] AUTODETECT spr round 3 (radius: 15)
[00:00:04 -2143.270667] AUTODETECT spr round 4 (radius: 20)
[00:00:04 -2143.260284] SPR radius for FAST iterations: 15 (autodetect)
[00:00:04 -2143.260284] Model parameter optimization (eps = 3.000000)
[00:00:04 -2143.189551] FAST spr round 1 (radius: 15)
[00:00:04] [worker #1] ML tree search #18, logLikelihood: -2128.860407
[00:00:04] [worker #2] ML tree search #19, logLikelihood: -2132.633526
[00:00:04 -2139.438695] Model parameter optimization (eps = 1.000000)
[00:00:04 -2139.425526] SLOW spr round 1 (radius: 5)
[00:00:04] [worker #3] ML tree search #20, logLikelihood: -2128.860398
[00:00:05 -2135.490712] SLOW spr round 2 (radius: 10)
[00:00:05 -2135.490705] SLOW spr round 3 (radius: 15)
[00:00:05 -2135.490705] SLOW spr round 4 (radius: 20)
[00:00:05 -2135.490705] SLOW spr round 5 (radius: 25)
[00:00:05 -2135.490705] Model parameter optimization (eps = 0.100000)

[00:00:05] [worker #0] ML tree search #17, logLikelihood: -2135.372055


Optimized model parameters:

   Partition 0: noname
   Rate heterogeneity: GAMMA (4 cats, mean),  alpha: 0.400001 (ML),  weights&rates: (0.250000,0.016714) (0.250000,0.181757) (0.250000,0.731281) (0.250000,3.070248) 
   Base frequencies (empirical): 0.262300 0.256157 0.182595 0.298948 
   Substitution rates (ML): 1.133079 7.087701 2.569586 1.242217 5.429236 1.000000 


Final LogLikelihood: -2128.860398

AIC score: 4421.720796 / AICc score: 4453.673848 / BIC score: 4768.781533
Free parameters (model + branch lengths): 82

WARNING: Best ML tree contains 7 near-zero branches!

Best ML tree with collapsed near-zero branches saved to: /data/jeremias/eucs/roadies/output/genes/gene_120_filtered.fa.aln.raxml.bestTreeCollapsed
Best ML tree saved to: /data/jeremias/eucs/roadies/output/genes/gene_120_filtered.fa.aln.raxml.bestTree
All ML trees saved to: /data/jeremias/eucs/roadies/output/genes/gene_120_filtered.fa.aln.raxml.mlTrees
Optimized model saved to: /data/jeremias/eucs/roadies/output/genes/gene_120_filtered.fa.aln.raxml.bestModel

Execution log saved to: /data/jeremias/eucs/roadies/output/genes/gene_120_filtered.fa.aln.raxml.log

Analysis started: 29-Jul-2024 15:14:45 / finished: 29-Jul-2024 15:14:50

Elapsed time: 5.362 seconds

