
RAxML-NG v. 1.2.2 released on 11.04.2024 by The Exelixis Lab.
Developed by: Alexey M. Kozlov and Alexandros Stamatakis.
Contributors: Diego Darriba, Tomas Flouri, Benoit Morel, Sarah Lutteropp, Ben Bettisworth, Julia Haag, Anastasis Togkousidis.
Latest version: https://github.com/amkozlov/raxml-ng
Questions/problems/suggestions? Please visit: https://groups.google.com/forum/#!forum/raxml

System: AMD EPYC 7742 64-Core Processor, 128 cores, 1007 GB RAM

RAxML-NG was called at 03-Jul-2024 18:00:42 as follows:

raxml-ng --msa /data/jeremias/eucs/roadies/output/genes/gene_153_filtered.fa.aln --model GTR+G+F --redo --threads auto{4} --blopt nr_safe

Analysis options:
  run mode: ML tree search
  start tree(s): random (10) + parsimony (10)
  random seed: 1719993642
  tip-inner: OFF
  pattern compression: ON
  per-rate scalers: OFF
  site repeats: ON
  logLH epsilon: general: 10.000000, brlen-triplet: 1000.000000
  fast spr radius: AUTO
  spr subtree cutoff: 1.000000
  fast CLV updates: ON
  branch lengths: proportional (ML estimate, algorithm: NR-SAFE)
  SIMD kernels: AVX2
  parallelization: coarse-grained (auto), PTHREADS (auto)

WARNING: Running in REDO mode: existing checkpoints are ignored, and all result files will be overwritten!

[00:00:00] Reading alignment from file: /data/jeremias/eucs/roadies/output/genes/gene_153_filtered.fa.aln
[00:00:00] Loaded alignment with 35 taxa and 606 sites

Alignment comprises 1 partitions and 204 patterns

Partition 0: noname
Model: GTR+FC+G4m
Alignment sites / patterns: 606 / 204
Gaps: 17.49 %
Invariant sites: 70.46 %


NOTE: Binary MSA file created: /data/jeremias/eucs/roadies/output/genes/gene_153_filtered.fa.aln.raxml.rba

Parallelization scheme autoconfig: 4 worker(s) x 1 thread(s)

[00:00:00] Generating 10 random starting tree(s) with 35 taxa
[00:00:00] Generating 10 parsimony starting tree(s) with 35 taxa
Parallel parsimony with 4 threads
Parallel reduction/worker buffer size: 1 KB  / 0 KB

[00:00:00] Data distribution: max. partitions/sites/weight per thread: 1 / 204 / 3264
[00:00:00] Data distribution: max. searches per worker: 5

Starting ML tree search with 20 distinct starting trees

[00:00:00 -4320.271450] Initial branch length optimization
[00:00:00 -3497.464373] Model parameter optimization (eps = 10.000000)
[00:00:00 -3302.821889] AUTODETECT spr round 1 (radius: 5)
[00:00:00 -2743.937508] AUTODETECT spr round 2 (radius: 10)
[00:00:00 -2703.637535] AUTODETECT spr round 3 (radius: 15)
[00:00:00 -2702.212871] AUTODETECT spr round 4 (radius: 20)
[00:00:00 -2701.764360] AUTODETECT spr round 5 (radius: 25)
[00:00:00 -2701.761701] SPR radius for FAST iterations: 20 (autodetect)
[00:00:00 -2701.761701] Model parameter optimization (eps = 3.000000)
[00:00:00 -2695.212930] FAST spr round 1 (radius: 20)
[00:00:00 -2573.762359] FAST spr round 2 (radius: 20)
[00:00:00 -2557.884679] FAST spr round 3 (radius: 20)
[00:00:00 -2557.567687] Model parameter optimization (eps = 1.000000)
[00:00:00 -2553.654842] SLOW spr round 1 (radius: 5)
[00:00:00 -2553.222659] SLOW spr round 2 (radius: 10)
[00:00:00] [worker #2] ML tree search #3, logLikelihood: -2553.850003
[00:00:00 -2553.222459] SLOW spr round 3 (radius: 15)
[00:00:00 -2553.222458] SLOW spr round 4 (radius: 20)
[00:00:01] [worker #1] ML tree search #2, logLikelihood: -2553.926103
[00:00:01 -2553.222458] SLOW spr round 5 (radius: 25)
[00:00:01 -2553.222458] Model parameter optimization (eps = 0.100000)

[00:00:01] [worker #0] ML tree search #1, logLikelihood: -2553.212622

[00:00:01] [worker #3] ML tree search #4, logLikelihood: -2553.212239
[00:00:01 -4371.687793] Initial branch length optimization
[00:00:01 -3511.485766] Model parameter optimization (eps = 10.000000)
[00:00:01 -3312.570250] AUTODETECT spr round 1 (radius: 5)
[00:00:01 -2760.426533] AUTODETECT spr round 2 (radius: 10)
[00:00:01 -2716.295161] AUTODETECT spr round 3 (radius: 15)
[00:00:01 -2716.034301] AUTODETECT spr round 4 (radius: 20)
[00:00:01 -2716.032931] SPR radius for FAST iterations: 15 (autodetect)
[00:00:01 -2716.032931] Model parameter optimization (eps = 3.000000)
[00:00:01 -2710.613848] FAST spr round 1 (radius: 15)
[00:00:01 -2559.691663] FAST spr round 2 (radius: 15)
[00:00:01 -2559.669898] Model parameter optimization (eps = 1.000000)
[00:00:01 -2555.618087] SLOW spr round 1 (radius: 5)
[00:00:01] [worker #2] ML tree search #7, logLikelihood: -2554.957847
[00:00:01 -2555.617628] SLOW spr round 2 (radius: 10)
[00:00:01 -2555.617628] SLOW spr round 3 (radius: 15)
[00:00:02 -2555.617628] SLOW spr round 4 (radius: 20)
[00:00:02] [worker #1] ML tree search #6, logLikelihood: -2554.805433
[00:00:02 -2555.617628] SLOW spr round 5 (radius: 25)
[00:00:02 -2555.617628] Model parameter optimization (eps = 0.100000)
[00:00:02] [worker #3] ML tree search #8, logLikelihood: -2553.850234

[00:00:02] [worker #0] ML tree search #5, logLikelihood: -2555.617563

[00:00:02 -4408.833815] Initial branch length optimization
[00:00:02 -3552.010697] Model parameter optimization (eps = 10.000000)
[00:00:02 -3346.665600] AUTODETECT spr round 1 (radius: 5)
[00:00:02 -2779.039803] AUTODETECT spr round 2 (radius: 10)
[00:00:02 -2694.338368] AUTODETECT spr round 3 (radius: 15)
[00:00:02] [worker #2] ML tree search #11, logLikelihood: -2553.925759
[00:00:02 -2690.859097] AUTODETECT spr round 4 (radius: 20)
[00:00:02 -2690.826948] SPR radius for FAST iterations: 15 (autodetect)
[00:00:02 -2690.826948] Model parameter optimization (eps = 3.000000)
[00:00:02 -2679.518539] FAST spr round 1 (radius: 15)
[00:00:02 -2556.800110] FAST spr round 2 (radius: 15)
[00:00:02 -2555.467261] Model parameter optimization (eps = 1.000000)
[00:00:02 -2554.646087] SLOW spr round 1 (radius: 5)
[00:00:02 -2553.869105] SLOW spr round 2 (radius: 10)
[00:00:02] [worker #3] ML tree search #12, logLikelihood: -2553.849982
[00:00:02 -2553.868548] SLOW spr round 3 (radius: 15)
[00:00:02] [worker #1] ML tree search #10, logLikelihood: -2553.925705
[00:00:02 -2553.868544] SLOW spr round 4 (radius: 20)
[00:00:02 -2553.868544] SLOW spr round 5 (radius: 25)
[00:00:02 -2553.868544] Model parameter optimization (eps = 0.100000)

[00:00:02] [worker #0] ML tree search #9, logLikelihood: -2553.850125

[00:00:02 -3361.014213] Initial branch length optimization
[00:00:02 -2637.503034] Model parameter optimization (eps = 10.000000)
[00:00:03 -2576.663134] AUTODETECT spr round 1 (radius: 5)
[00:00:03 -2567.697421] AUTODETECT spr round 2 (radius: 10)
[00:00:03 -2567.641955] SPR radius for FAST iterations: 5 (autodetect)
[00:00:03] [worker #2] ML tree search #15, logLikelihood: -2555.147106
[00:00:03 -2567.641955] Model parameter optimization (eps = 3.000000)
[00:00:03 -2567.547407] FAST spr round 1 (radius: 5)
[00:00:03 -2563.988121] Model parameter optimization (eps = 1.000000)
[00:00:03 -2563.980308] SLOW spr round 1 (radius: 5)
[00:00:03 -2563.980000] SLOW spr round 2 (radius: 10)
[00:00:03] [worker #3] ML tree search #16, logLikelihood: -2553.839320
[00:00:03 -2563.980000] SLOW spr round 3 (radius: 15)
[00:00:03 -2563.980000] SLOW spr round 4 (radius: 20)
[00:00:03 -2563.980000] SLOW spr round 5 (radius: 25)
[00:00:03 -2563.980000] Model parameter optimization (eps = 0.100000)

[00:00:03] [worker #0] ML tree search #13, logLikelihood: -2563.979995

[00:00:03 -3350.796175] Initial branch length optimization
[00:00:03 -2630.411948] Model parameter optimization (eps = 10.000000)
[00:00:03 -2570.640972] AUTODETECT spr round 1 (radius: 5)
[00:00:03 -2561.530562] AUTODETECT spr round 2 (radius: 10)
[00:00:04] [worker #1] ML tree search #14, logLikelihood: -2556.966326
[00:00:04 -2559.284793] AUTODETECT spr round 3 (radius: 15)
[00:00:04 -2559.280060] SPR radius for FAST iterations: 10 (autodetect)
[00:00:04 -2559.280060] Model parameter optimization (eps = 3.000000)
[00:00:04] [worker #2] ML tree search #19, logLikelihood: -2554.957777
[00:00:04 -2559.011973] FAST spr round 1 (radius: 10)
[00:00:04 -2559.011878] Model parameter optimization (eps = 1.000000)
[00:00:04 -2559.011868] SLOW spr round 1 (radius: 5)
[00:00:04] [worker #3] ML tree search #20, logLikelihood: -2553.850100
[00:00:04 -2558.926437] SLOW spr round 2 (radius: 10)
[00:00:04 -2558.924398] SLOW spr round 3 (radius: 15)
[00:00:04 -2558.924388] SLOW spr round 4 (radius: 20)
[00:00:04 -2558.924388] SLOW spr round 5 (radius: 25)
[00:00:04 -2558.924388] Model parameter optimization (eps = 0.100000)

[00:00:04] [worker #0] ML tree search #17, logLikelihood: -2558.905375

[00:00:04] [worker #1] ML tree search #18, logLikelihood: -2551.926632

Optimized model parameters:

   Partition 0: noname
   Rate heterogeneity: GAMMA (4 cats, mean),  alpha: 0.427800 (ML),  weights&rates: (0.250000,0.020921) (0.250000,0.202200) (0.250000,0.759692) (0.250000,3.017187) 
   Base frequencies (empirical): 0.289200 0.248171 0.209371 0.253257 
   Substitution rates (ML): 0.749255 3.771869 1.484638 0.945758 3.429988 1.000000 


Final LogLikelihood: -2551.926632

AIC score: 5255.853264 / AICc score: 5277.978028 / BIC score: 5590.776143
Free parameters (model + branch lengths): 76

WARNING: Best ML tree contains 3 near-zero branches!

Best ML tree with collapsed near-zero branches saved to: /data/jeremias/eucs/roadies/output/genes/gene_153_filtered.fa.aln.raxml.bestTreeCollapsed
Best ML tree saved to: /data/jeremias/eucs/roadies/output/genes/gene_153_filtered.fa.aln.raxml.bestTree
All ML trees saved to: /data/jeremias/eucs/roadies/output/genes/gene_153_filtered.fa.aln.raxml.mlTrees
Optimized model saved to: /data/jeremias/eucs/roadies/output/genes/gene_153_filtered.fa.aln.raxml.bestModel

Execution log saved to: /data/jeremias/eucs/roadies/output/genes/gene_153_filtered.fa.aln.raxml.log

Analysis started: 03-Jul-2024 18:00:42 / finished: 03-Jul-2024 18:00:47

Elapsed time: 4.745 seconds

