
RAxML-NG v. 1.2.2 released on 11.04.2024 by The Exelixis Lab.
Developed by: Alexey M. Kozlov and Alexandros Stamatakis.
Contributors: Diego Darriba, Tomas Flouri, Benoit Morel, Sarah Lutteropp, Ben Bettisworth, Julia Haag, Anastasis Togkousidis.
Latest version: https://github.com/amkozlov/raxml-ng
Questions/problems/suggestions? Please visit: https://groups.google.com/forum/#!forum/raxml

System: AMD EPYC 7742 64-Core Processor, 128 cores, 1007 GB RAM

RAxML-NG was called at 29-Jul-2024 16:23:56 as follows:

raxml-ng --msa /data/jeremias/eucs/roadies/output/genes/gene_43_filtered.fa.aln --model GTR+G+F --redo --threads auto{4} --blopt nr_safe

Analysis options:
  run mode: ML tree search
  start tree(s): random (10) + parsimony (10)
  random seed: 1722234236
  tip-inner: OFF
  pattern compression: ON
  per-rate scalers: OFF
  site repeats: ON
  logLH epsilon: general: 10.000000, brlen-triplet: 1000.000000
  fast spr radius: AUTO
  spr subtree cutoff: 1.000000
  fast CLV updates: ON
  branch lengths: proportional (ML estimate, algorithm: NR-SAFE)
  SIMD kernels: AVX2
  parallelization: coarse-grained (auto), PTHREADS (auto)

WARNING: Running in REDO mode: existing checkpoints are ignored, and all result files will be overwritten!

[00:00:00] Reading alignment from file: /data/jeremias/eucs/roadies/output/genes/gene_43_filtered.fa.aln
[00:00:00] Loaded alignment with 99 taxa and 593 sites

Alignment comprises 1 partitions and 454 patterns

Partition 0: noname
Model: GTR+FC+G4m
Alignment sites / patterns: 593 / 454
Gaps: 12.04 %
Invariant sites: 33.22 %


NOTE: Binary MSA file created: /data/jeremias/eucs/roadies/output/genes/gene_43_filtered.fa.aln.raxml.rba

Parallelization scheme autoconfig: 4 worker(s) x 1 thread(s)

[00:00:00] Generating 10 random starting tree(s) with 99 taxa
[00:00:00] Generating 10 parsimony starting tree(s) with 99 taxa
Parallel parsimony with 4 threads
Parallel reduction/worker buffer size: 1 KB  / 0 KB

[00:00:00] Data distribution: max. partitions/sites/weight per thread: 1 / 454 / 7264
[00:00:00] Data distribution: max. searches per worker: 5

Starting ML tree search with 20 distinct starting trees

[00:00:00 -14351.370099] Initial branch length optimization
[00:00:00 -12621.878974] Model parameter optimization (eps = 10.000000)
[00:00:00 -11740.067547] AUTODETECT spr round 1 (radius: 5)
[00:00:00 -8226.825397] AUTODETECT spr round 2 (radius: 10)
[00:00:01 -6920.211285] AUTODETECT spr round 3 (radius: 15)
[00:00:02 -6915.079720] AUTODETECT spr round 4 (radius: 20)
[00:00:02 -6911.555402] AUTODETECT spr round 5 (radius: 25)
[00:00:03 -6909.329823] SPR radius for FAST iterations: 25 (autodetect)
[00:00:03 -6909.329823] Model parameter optimization (eps = 3.000000)
[00:00:03 -6823.159037] FAST spr round 1 (radius: 25)
[00:00:04 -6452.821124] FAST spr round 2 (radius: 25)
[00:00:04 -6438.397665] FAST spr round 3 (radius: 25)
[00:00:05 -6426.292345] FAST spr round 4 (radius: 25)
[00:00:05 -6426.292167] Model parameter optimization (eps = 1.000000)
[00:00:05 -6424.613410] SLOW spr round 1 (radius: 5)
[00:00:07 -6422.411292] SLOW spr round 2 (radius: 10)
[00:00:08 -6422.411284] SLOW spr round 3 (radius: 15)
[00:00:10 -6422.411284] SLOW spr round 4 (radius: 20)
[00:00:10] [worker #2] ML tree search #3, logLikelihood: -6419.653856
[00:00:11 -6422.411284] SLOW spr round 5 (radius: 25)
[00:00:11 -6422.411284] Model parameter optimization (eps = 0.100000)

[00:00:11] [worker #0] ML tree search #1, logLikelihood: -6422.389621

[00:00:11 -14533.463543] Initial branch length optimization
[00:00:11 -12702.089118] Model parameter optimization (eps = 10.000000)
[00:00:12 -11829.636542] AUTODETECT spr round 1 (radius: 5)
[00:00:12 -7936.194220] AUTODETECT spr round 2 (radius: 10)
[00:00:13] [worker #1] ML tree search #2, logLikelihood: -6422.416272
[00:00:13 -7002.556107] AUTODETECT spr round 3 (radius: 15)
[00:00:13] [worker #3] ML tree search #4, logLikelihood: -6434.400875
[00:00:13 -6984.126512] AUTODETECT spr round 4 (radius: 20)
[00:00:14 -6981.900925] AUTODETECT spr round 5 (radius: 25)
[00:00:14 -6980.651856] SPR radius for FAST iterations: 25 (autodetect)
[00:00:14 -6980.651856] Model parameter optimization (eps = 3.000000)
[00:00:14 -6897.692876] FAST spr round 1 (radius: 25)
[00:00:15 -6445.837194] FAST spr round 2 (radius: 25)
[00:00:15 -6441.030163] Model parameter optimization (eps = 1.000000)
[00:00:16 -6438.974702] SLOW spr round 1 (radius: 5)
[00:00:17 -6433.924118] SLOW spr round 2 (radius: 10)
[00:00:18 -6433.919665] SLOW spr round 3 (radius: 15)
[00:00:19 -6433.919657] SLOW spr round 4 (radius: 20)
[00:00:20] [worker #2] ML tree search #7, logLikelihood: -6422.357561
[00:00:20 -6433.919657] SLOW spr round 5 (radius: 25)
[00:00:21 -6433.919657] Model parameter optimization (eps = 0.100000)

[00:00:21] [worker #0] ML tree search #5, logLikelihood: -6433.885463

[00:00:21 -14403.059207] Initial branch length optimization
[00:00:21 -12677.058190] Model parameter optimization (eps = 10.000000)
[00:00:22 -11771.034190] AUTODETECT spr round 1 (radius: 5)
[00:00:22 -7570.450704] AUTODETECT spr round 2 (radius: 10)
[00:00:23 -6935.702611] AUTODETECT spr round 3 (radius: 15)
[00:00:23 -6895.107449] AUTODETECT spr round 4 (radius: 20)
[00:00:24 -6892.142227] AUTODETECT spr round 5 (radius: 25)
[00:00:24 -6889.871877] SPR radius for FAST iterations: 25 (autodetect)
[00:00:24 -6889.871877] Model parameter optimization (eps = 3.000000)
[00:00:24 -6798.474023] FAST spr round 1 (radius: 25)
[00:00:25] [worker #1] ML tree search #6, logLikelihood: -6421.541362
[00:00:25 -6447.240489] FAST spr round 2 (radius: 25)
[00:00:26 -6421.919819] FAST spr round 3 (radius: 25)
[00:00:26 -6421.919677] Model parameter optimization (eps = 1.000000)
[00:00:26 -6420.559474] SLOW spr round 1 (radius: 5)
[00:00:27] [worker #2] ML tree search #11, logLikelihood: -6419.489870
[00:00:28] [worker #3] ML tree search #8, logLikelihood: -6419.489899
[00:00:29 -6419.656623] SLOW spr round 2 (radius: 10)
[00:00:30 -6419.656609] SLOW spr round 3 (radius: 15)
[00:00:33 -6419.656609] SLOW spr round 4 (radius: 20)
[00:00:34 -6419.656609] SLOW spr round 5 (radius: 25)
[00:00:35 -6419.656609] Model parameter optimization (eps = 0.100000)

[00:00:35] [worker #0] ML tree search #9, logLikelihood: -6419.653922

[00:00:35 -8006.715318] Initial branch length optimization
[00:00:35 -6750.920349] Model parameter optimization (eps = 10.000000)
[00:00:35 -6481.688470] AUTODETECT spr round 1 (radius: 5)
[00:00:36 -6436.322752] AUTODETECT spr round 2 (radius: 10)
[00:00:36] [worker #3] ML tree search #12, logLikelihood: -6421.856396
[00:00:36] [worker #1] ML tree search #10, logLikelihood: -6420.338709
[00:00:36] [worker #2] ML tree search #15, logLikelihood: -6420.338835
[00:00:36 -6433.589382] AUTODETECT spr round 3 (radius: 15)
[00:00:37 -6433.566181] SPR radius for FAST iterations: 10 (autodetect)
[00:00:37 -6433.566181] Model parameter optimization (eps = 3.000000)
[00:00:37 -6433.451167] FAST spr round 1 (radius: 10)
[00:00:37 -6425.942086] Model parameter optimization (eps = 1.000000)
[00:00:38 -6425.930958] SLOW spr round 1 (radius: 5)
[00:00:39 -6425.194819] SLOW spr round 2 (radius: 10)
[00:00:40 -6419.580004] SLOW spr round 3 (radius: 15)
[00:00:41 -6419.550552] SLOW spr round 4 (radius: 20)
[00:00:42 -6419.549991] SLOW spr round 5 (radius: 25)
[00:00:43 -6419.549983] Model parameter optimization (eps = 0.100000)

[00:00:43] [worker #0] ML tree search #13, logLikelihood: -6419.489998

[00:00:43 -7985.565787] Initial branch length optimization
[00:00:43 -6722.923079] Model parameter optimization (eps = 10.000000)
[00:00:43 -6449.112705] AUTODETECT spr round 1 (radius: 5)
[00:00:43] [worker #3] ML tree search #16, logLikelihood: -6421.856666
[00:00:43 -6424.633566] AUTODETECT spr round 2 (radius: 10)
[00:00:44 -6424.565124] SPR radius for FAST iterations: 5 (autodetect)
[00:00:44 -6424.565124] Model parameter optimization (eps = 3.000000)
[00:00:45 -6424.525630] FAST spr round 1 (radius: 5)
[00:00:45 -6424.525608] Model parameter optimization (eps = 1.000000)
[00:00:45 -6424.525604] SLOW spr round 1 (radius: 5)
[00:00:46] [worker #1] ML tree search #14, logLikelihood: -6421.519261
[00:00:47] [worker #2] ML tree search #19, logLikelihood: -6419.653517
[00:00:47 -6422.397933] SLOW spr round 2 (radius: 10)
[00:00:48 -6422.397927] SLOW spr round 3 (radius: 15)
[00:00:49 -6422.397927] SLOW spr round 4 (radius: 20)
[00:00:50 -6422.397927] SLOW spr round 5 (radius: 25)
[00:00:51 -6422.397927] Model parameter optimization (eps = 0.100000)

[00:00:51] [worker #0] ML tree search #17, logLikelihood: -6422.389892

[00:00:52] [worker #3] ML tree search #20, logLikelihood: -6422.358040
[00:00:57] [worker #1] ML tree search #18, logLikelihood: -6422.389928

Optimized model parameters:

   Partition 0: noname
   Rate heterogeneity: GAMMA (4 cats, mean),  alpha: 1.485653 (ML),  weights&rates: (0.250000,0.223098) (0.250000,0.586151) (0.250000,1.049568) (0.250000,2.141184) 
   Base frequencies (empirical): 0.294893 0.199442 0.199287 0.306377 
   Substitution rates (ML): 1.404470 5.993379 1.189451 1.426451 5.648636 1.000000 


Final LogLikelihood: -6419.489870

AIC score: 13246.979740 / AICc score: 13462.546751 / BIC score: 14141.559398
Free parameters (model + branch lengths): 204

WARNING: Best ML tree contains 18 near-zero branches!

Best ML tree with collapsed near-zero branches saved to: /data/jeremias/eucs/roadies/output/genes/gene_43_filtered.fa.aln.raxml.bestTreeCollapsed
Best ML tree saved to: /data/jeremias/eucs/roadies/output/genes/gene_43_filtered.fa.aln.raxml.bestTree
All ML trees saved to: /data/jeremias/eucs/roadies/output/genes/gene_43_filtered.fa.aln.raxml.mlTrees
Optimized model saved to: /data/jeremias/eucs/roadies/output/genes/gene_43_filtered.fa.aln.raxml.bestModel

Execution log saved to: /data/jeremias/eucs/roadies/output/genes/gene_43_filtered.fa.aln.raxml.log

Analysis started: 29-Jul-2024 16:23:56 / finished: 29-Jul-2024 16:24:53

Elapsed time: 57.126 seconds

