
RAxML-NG v. 1.2.2 released on 11.04.2024 by The Exelixis Lab.
Developed by: Alexey M. Kozlov and Alexandros Stamatakis.
Contributors: Diego Darriba, Tomas Flouri, Benoit Morel, Sarah Lutteropp, Ben Bettisworth, Julia Haag, Anastasis Togkousidis.
Latest version: https://github.com/amkozlov/raxml-ng
Questions/problems/suggestions? Please visit: https://groups.google.com/forum/#!forum/raxml

System: AMD EPYC 7742 64-Core Processor, 128 cores, 1007 GB RAM

RAxML-NG was called at 29-Jul-2024 16:54:26 as follows:

raxml-ng --msa /data/jeremias/eucs/roadies/output/genes/gene_66_filtered.fa.aln --model GTR+G+F --redo --threads auto{4} --blopt nr_safe

Analysis options:
  run mode: ML tree search
  start tree(s): random (10) + parsimony (10)
  random seed: 1722236066
  tip-inner: OFF
  pattern compression: ON
  per-rate scalers: OFF
  site repeats: ON
  logLH epsilon: general: 10.000000, brlen-triplet: 1000.000000
  fast spr radius: AUTO
  spr subtree cutoff: 1.000000
  fast CLV updates: ON
  branch lengths: proportional (ML estimate, algorithm: NR-SAFE)
  SIMD kernels: AVX2
  parallelization: coarse-grained (auto), PTHREADS (auto)

WARNING: Running in REDO mode: existing checkpoints are ignored, and all result files will be overwritten!

[00:00:00] Reading alignment from file: /data/jeremias/eucs/roadies/output/genes/gene_66_filtered.fa.aln
[00:00:00] Loaded alignment with 37 taxa and 576 sites

Alignment comprises 1 partitions and 150 patterns

Partition 0: noname
Model: GTR+FC+G4m
Alignment sites / patterns: 576 / 150
Gaps: 11.89 %
Invariant sites: 72.92 %


NOTE: Binary MSA file created: /data/jeremias/eucs/roadies/output/genes/gene_66_filtered.fa.aln.raxml.rba

Parallelization scheme autoconfig: 4 worker(s) x 1 thread(s)

[00:00:00] Generating 10 random starting tree(s) with 37 taxa
[00:00:00] Generating 10 parsimony starting tree(s) with 37 taxa
Parallel parsimony with 4 threads
Parallel reduction/worker buffer size: 1 KB  / 0 KB

[00:00:00] Data distribution: max. partitions/sites/weight per thread: 1 / 150 / 2400
[00:00:00] Data distribution: max. searches per worker: 5

Starting ML tree search with 20 distinct starting trees

[00:00:00 -4109.277241] Initial branch length optimization
[00:00:00 -3146.228072] Model parameter optimization (eps = 10.000000)
[00:00:00 -2898.545955] AUTODETECT spr round 1 (radius: 5)
[00:00:00 -2120.304062] AUTODETECT spr round 2 (radius: 10)
[00:00:00 -2116.642931] AUTODETECT spr round 3 (radius: 15)
[00:00:00 -2116.631244] SPR radius for FAST iterations: 10 (autodetect)
[00:00:00 -2116.631244] Model parameter optimization (eps = 3.000000)
[00:00:00 -2093.868350] FAST spr round 1 (radius: 10)
[00:00:00 -2052.525645] FAST spr round 2 (radius: 10)
[00:00:00 -2052.525636] Model parameter optimization (eps = 1.000000)
[00:00:00 -2052.134915] SLOW spr round 1 (radius: 5)
[00:00:00 -2052.134655] SLOW spr round 2 (radius: 10)
[00:00:00 -2052.134655] SLOW spr round 3 (radius: 15)
[00:00:00] [worker #3] ML tree search #4, logLikelihood: -2052.000744
[00:00:00] [worker #1] ML tree search #2, logLikelihood: -2052.132914
[00:00:00 -2052.134655] SLOW spr round 4 (radius: 20)
[00:00:00 -2052.134655] SLOW spr round 5 (radius: 25)
[00:00:00 -2052.134655] Model parameter optimization (eps = 0.100000)

[00:00:00] [worker #0] ML tree search #1, logLikelihood: -2052.132906

[00:00:00 -4156.254740] Initial branch length optimization
[00:00:00 -3186.803196] Model parameter optimization (eps = 10.000000)
[00:00:00] [worker #2] ML tree search #3, logLikelihood: -2051.621720
[00:00:00 -2945.635674] AUTODETECT spr round 1 (radius: 5)
[00:00:00 -2242.912003] AUTODETECT spr round 2 (radius: 10)
[00:00:01 -2120.993768] AUTODETECT spr round 3 (radius: 15)
[00:00:01 -2120.979272] SPR radius for FAST iterations: 10 (autodetect)
[00:00:01 -2120.979272] Model parameter optimization (eps = 3.000000)
[00:00:01 -2098.548528] FAST spr round 1 (radius: 10)
[00:00:01 -2055.644209] FAST spr round 2 (radius: 10)
[00:00:01 -2052.764192] Model parameter optimization (eps = 1.000000)
[00:00:01 -2052.137162] SLOW spr round 1 (radius: 5)
[00:00:01 -2052.136896] SLOW spr round 2 (radius: 10)
[00:00:01 -2052.136896] SLOW spr round 3 (radius: 15)
[00:00:01] [worker #3] ML tree search #8, logLikelihood: -2052.132911
[00:00:01] [worker #1] ML tree search #6, logLikelihood: -2051.560539
[00:00:01 -2052.136896] SLOW spr round 4 (radius: 20)
[00:00:01 -2052.136896] SLOW spr round 5 (radius: 25)
[00:00:01 -2052.136896] Model parameter optimization (eps = 0.100000)

[00:00:01] [worker #0] ML tree search #5, logLikelihood: -2052.132907

[00:00:01 -4098.159321] Initial branch length optimization
[00:00:01 -3154.149518] Model parameter optimization (eps = 10.000000)
[00:00:01] [worker #2] ML tree search #7, logLikelihood: -2052.132910
[00:00:01 -2918.066201] AUTODETECT spr round 1 (radius: 5)
[00:00:01 -2226.747330] AUTODETECT spr round 2 (radius: 10)
[00:00:01 -2114.246061] AUTODETECT spr round 3 (radius: 15)
[00:00:01 -2114.231404] SPR radius for FAST iterations: 10 (autodetect)
[00:00:01 -2114.231404] Model parameter optimization (eps = 3.000000)
[00:00:01 -2091.890883] FAST spr round 1 (radius: 10)
[00:00:01 -2062.214057] FAST spr round 2 (radius: 10)
[00:00:01] [worker #3] ML tree search #12, logLikelihood: -2051.621723
[00:00:02 -2052.655473] Model parameter optimization (eps = 1.000000)
[00:00:02 -2051.622225] SLOW spr round 1 (radius: 5)
[00:00:02 -2051.621763] SLOW spr round 2 (radius: 10)
[00:00:02] [worker #2] ML tree search #11, logLikelihood: -2052.132906
[00:00:02 -2051.621757] SLOW spr round 3 (radius: 15)
[00:00:02] [worker #1] ML tree search #10, logLikelihood: -2052.132916
[00:00:02 -2051.621757] SLOW spr round 4 (radius: 20)
[00:00:02 -2051.621757] SLOW spr round 5 (radius: 25)
[00:00:02 -2051.621757] Model parameter optimization (eps = 0.100000)

[00:00:02] [worker #0] ML tree search #9, logLikelihood: -2051.621712

[00:00:02 -3028.671784] Initial branch length optimization
[00:00:02 -2121.676037] Model parameter optimization (eps = 10.000000)
[00:00:02 -2054.805127] AUTODETECT spr round 1 (radius: 5)
[00:00:02] [worker #3] ML tree search #16, logLikelihood: -2051.651226
[00:00:02 -2052.199592] AUTODETECT spr round 2 (radius: 10)
[00:00:02 -2052.199197] SPR radius for FAST iterations: 5 (autodetect)
[00:00:02 -2052.199197] Model parameter optimization (eps = 3.000000)
[00:00:02 -2052.160057] FAST spr round 1 (radius: 5)
[00:00:02 -2052.160048] Model parameter optimization (eps = 1.000000)
[00:00:02 -2052.160029] SLOW spr round 1 (radius: 5)
[00:00:02 -2052.000821] SLOW spr round 2 (radius: 10)
[00:00:02] [worker #1] ML tree search #14, logLikelihood: -2051.560544
[00:00:02 -2052.000821] SLOW spr round 3 (radius: 15)
[00:00:02] [worker #2] ML tree search #15, logLikelihood: -2052.000738
[00:00:02 -2052.000821] SLOW spr round 4 (radius: 20)
[00:00:02 -2052.000821] SLOW spr round 5 (radius: 25)
[00:00:02 -2052.000821] Model parameter optimization (eps = 0.100000)

[00:00:02] [worker #0] ML tree search #13, logLikelihood: -2052.000747

[00:00:02 -3025.999872] Initial branch length optimization
[00:00:02 -2120.226093] Model parameter optimization (eps = 10.000000)
[00:00:02 -2052.001143] AUTODETECT spr round 1 (radius: 5)
[00:00:02 -2052.000814] SPR radius for FAST iterations: 5 (autodetect)
[00:00:02 -2052.000814] Model parameter optimization (eps = 3.000000)
[00:00:02 -2052.000804] FAST spr round 1 (radius: 5)
[00:00:02] [worker #3] ML tree search #20, logLikelihood: -2052.000743
[00:00:02 -2052.000804] Model parameter optimization (eps = 1.000000)
[00:00:02 -2052.000802] SLOW spr round 1 (radius: 5)
[00:00:03 -2052.000741] SLOW spr round 2 (radius: 10)
[00:00:03 -2052.000741] SLOW spr round 3 (radius: 15)
[00:00:03] [worker #1] ML tree search #18, logLikelihood: -2052.132913
[00:00:03 -2052.000741] SLOW spr round 4 (radius: 20)
[00:00:03 -2052.000741] SLOW spr round 5 (radius: 25)
[00:00:03 -2052.000741] Model parameter optimization (eps = 0.100000)

[00:00:03] [worker #0] ML tree search #17, logLikelihood: -2052.000738

[00:00:03] [worker #2] ML tree search #19, logLikelihood: -2051.621709

Optimized model parameters:

   Partition 0: noname
   Rate heterogeneity: GAMMA (4 cats, mean),  alpha: 0.808724 (ML),  weights&rates: (0.250000,0.097414) (0.250000,0.410623) (0.250000,0.959343) (0.250000,2.532620) 
   Base frequencies (empirical): 0.275284 0.203707 0.171114 0.349896 
   Substitution rates (ML): 0.765483 4.149706 0.789881 1.603877 5.263090 1.000000 


Final LogLikelihood: -2051.560539

AIC score: 4263.121079 / AICc score: 4289.302897 / BIC score: 4611.609692
Free parameters (model + branch lengths): 80

WARNING: Best ML tree contains 14 near-zero branches!

Best ML tree with collapsed near-zero branches saved to: /data/jeremias/eucs/roadies/output/genes/gene_66_filtered.fa.aln.raxml.bestTreeCollapsed
Best ML tree saved to: /data/jeremias/eucs/roadies/output/genes/gene_66_filtered.fa.aln.raxml.bestTree
All ML trees saved to: /data/jeremias/eucs/roadies/output/genes/gene_66_filtered.fa.aln.raxml.mlTrees
Optimized model saved to: /data/jeremias/eucs/roadies/output/genes/gene_66_filtered.fa.aln.raxml.bestModel

Execution log saved to: /data/jeremias/eucs/roadies/output/genes/gene_66_filtered.fa.aln.raxml.log

Analysis started: 29-Jul-2024 16:54:26 / finished: 29-Jul-2024 16:54:30

Elapsed time: 3.308 seconds

