
RAxML-NG v. 1.2.2 released on 11.04.2024 by The Exelixis Lab.
Developed by: Alexey M. Kozlov and Alexandros Stamatakis.
Contributors: Diego Darriba, Tomas Flouri, Benoit Morel, Sarah Lutteropp, Ben Bettisworth, Julia Haag, Anastasis Togkousidis.
Latest version: https://github.com/amkozlov/raxml-ng
Questions/problems/suggestions? Please visit: https://groups.google.com/forum/#!forum/raxml

System: AMD EPYC 7742 64-Core Processor, 128 cores, 1007 GB RAM

RAxML-NG was called at 29-Jul-2024 15:41:04 as follows:

raxml-ng --msa /data/jeremias/eucs/roadies/output/genes/gene_138_filtered.fa.aln --model GTR+G+F --redo --threads auto{4} --blopt nr_safe

Analysis options:
  run mode: ML tree search
  start tree(s): random (10) + parsimony (10)
  random seed: 1722231664
  tip-inner: OFF
  pattern compression: ON
  per-rate scalers: OFF
  site repeats: ON
  logLH epsilon: general: 10.000000, brlen-triplet: 1000.000000
  fast spr radius: AUTO
  spr subtree cutoff: 1.000000
  fast CLV updates: ON
  branch lengths: proportional (ML estimate, algorithm: NR-SAFE)
  SIMD kernels: AVX2
  parallelization: coarse-grained (auto), PTHREADS (auto)

WARNING: Running in REDO mode: existing checkpoints are ignored, and all result files will be overwritten!

[00:00:00] Reading alignment from file: /data/jeremias/eucs/roadies/output/genes/gene_138_filtered.fa.aln
[00:00:00] Loaded alignment with 36 taxa and 522 sites

WARNING: Sequences E_victrix_0 and E_melliodora_0 are exactly identical!
WARNING: Sequences E_victrix_0 and E_albens_0 are exactly identical!
WARNING: Sequences E_sideroxylon_0 and E_dawsonii_0 are exactly identical!
WARNING: Sequences E_sideroxylon_0 and E_cladocalyx_0 are exactly identical!
WARNING: Duplicate sequences found: 4

NOTE: Reduced alignment (with duplicates and gap-only sites/taxa removed) 
NOTE: was saved to: /data/jeremias/eucs/roadies/output/genes/gene_138_filtered.fa.aln.raxml.reduced.phy

Alignment comprises 1 partitions and 134 patterns

Partition 0: noname
Model: GTR+FC+G4m
Alignment sites / patterns: 522 / 134
Gaps: 4.16 %
Invariant sites: 76.44 %


NOTE: Binary MSA file created: /data/jeremias/eucs/roadies/output/genes/gene_138_filtered.fa.aln.raxml.rba

Parallelization scheme autoconfig: 4 worker(s) x 1 thread(s)

[00:00:00] Generating 10 random starting tree(s) with 36 taxa
[00:00:00] Generating 10 parsimony starting tree(s) with 36 taxa
Parallel parsimony with 4 threads
Parallel reduction/worker buffer size: 1 KB  / 0 KB

[00:00:00] Data distribution: max. partitions/sites/weight per thread: 1 / 134 / 2144
[00:00:00] Data distribution: max. searches per worker: 5

Starting ML tree search with 20 distinct starting trees

[00:00:00 -3484.095021] Initial branch length optimization
[00:00:00 -2624.291905] Model parameter optimization (eps = 10.000000)
[00:00:00 -2371.199039] AUTODETECT spr round 1 (radius: 5)
[00:00:00 -1941.049822] AUTODETECT spr round 2 (radius: 10)
[00:00:00 -1836.864401] AUTODETECT spr round 3 (radius: 15)
[00:00:00 -1836.747580] AUTODETECT spr round 4 (radius: 20)
[00:00:00 -1836.742572] SPR radius for FAST iterations: 15 (autodetect)
[00:00:00 -1836.742572] Model parameter optimization (eps = 3.000000)
[00:00:00 -1824.533103] FAST spr round 1 (radius: 15)
[00:00:00 -1790.109544] FAST spr round 2 (radius: 15)
[00:00:00 -1790.109526] Model parameter optimization (eps = 1.000000)
[00:00:00 -1788.811443] SLOW spr round 1 (radius: 5)
[00:00:00 -1788.811428] SLOW spr round 2 (radius: 10)
[00:00:00 -1788.811428] SLOW spr round 3 (radius: 15)
[00:00:00 -1788.811428] SLOW spr round 4 (radius: 20)
[00:00:00 -1788.811428] SLOW spr round 5 (radius: 25)
[00:00:00 -1788.811428] Model parameter optimization (eps = 0.100000)

[00:00:00] [worker #0] ML tree search #1, logLikelihood: -1788.811411

[00:00:00 -3439.259248] Initial branch length optimization
[00:00:00 -2568.791821] Model parameter optimization (eps = 10.000000)
[00:00:00] [worker #1] ML tree search #2, logLikelihood: -1788.811681
[00:00:00] [worker #3] ML tree search #4, logLikelihood: -1788.811448
[00:00:00 -2329.466423] AUTODETECT spr round 1 (radius: 5)
[00:00:00 -2007.317635] AUTODETECT spr round 2 (radius: 10)
[00:00:00] [worker #2] ML tree search #3, logLikelihood: -1792.663938
[00:00:00 -1835.286825] AUTODETECT spr round 3 (radius: 15)
[00:00:01 -1835.243524] SPR radius for FAST iterations: 10 (autodetect)
[00:00:01 -1835.243524] Model parameter optimization (eps = 3.000000)
[00:00:01 -1823.510599] FAST spr round 1 (radius: 10)
[00:00:01 -1796.360835] FAST spr round 2 (radius: 10)
[00:00:01 -1790.364384] Model parameter optimization (eps = 1.000000)
[00:00:01 -1788.811536] SLOW spr round 1 (radius: 5)
[00:00:01 -1788.811450] SLOW spr round 2 (radius: 10)
[00:00:01 -1788.811450] SLOW spr round 3 (radius: 15)
[00:00:01 -1788.811450] SLOW spr round 4 (radius: 20)
[00:00:01 -1788.811450] SLOW spr round 5 (radius: 25)
[00:00:01 -1788.811450] Model parameter optimization (eps = 0.100000)

[00:00:01] [worker #0] ML tree search #5, logLikelihood: -1788.811407

[00:00:01 -3430.616711] Initial branch length optimization
[00:00:01 -2591.027662] Model parameter optimization (eps = 10.000000)
[00:00:01] [worker #1] ML tree search #6, logLikelihood: -1788.811825
[00:00:01 -2358.250258] AUTODETECT spr round 1 (radius: 5)
[00:00:01 -1995.829588] AUTODETECT spr round 2 (radius: 10)
[00:00:01] [worker #3] ML tree search #8, logLikelihood: -1788.811416
[00:00:01 -1820.170782] AUTODETECT spr round 3 (radius: 15)
[00:00:01] [worker #2] ML tree search #7, logLikelihood: -1792.663733
[00:00:01 -1819.917472] AUTODETECT spr round 4 (radius: 20)
[00:00:01 -1819.904041] SPR radius for FAST iterations: 15 (autodetect)
[00:00:01 -1819.904041] Model parameter optimization (eps = 3.000000)
[00:00:01 -1805.980805] FAST spr round 1 (radius: 15)
[00:00:01 -1789.757646] FAST spr round 2 (radius: 15)
[00:00:01 -1789.757246] Model parameter optimization (eps = 1.000000)
[00:00:02 -1789.127494] SLOW spr round 1 (radius: 5)
[00:00:02 -1788.822481] SLOW spr round 2 (radius: 10)
[00:00:02 -1788.822393] SLOW spr round 3 (radius: 15)
[00:00:02] [worker #3] ML tree search #12, logLikelihood: -1793.258049
[00:00:02] [worker #1] ML tree search #10, logLikelihood: -1788.811426
[00:00:02 -1788.822393] SLOW spr round 4 (radius: 20)
[00:00:02 -1788.822393] SLOW spr round 5 (radius: 25)
[00:00:02] [worker #2] ML tree search #11, logLikelihood: -1788.811419
[00:00:02 -1788.822393] Model parameter optimization (eps = 0.100000)

[00:00:02] [worker #0] ML tree search #9, logLikelihood: -1788.811439

[00:00:02 -2706.719678] Initial branch length optimization
[00:00:02 -1838.790807] Model parameter optimization (eps = 10.000000)
[00:00:02 -1802.695829] AUTODETECT spr round 1 (radius: 5)
[00:00:02 -1792.584283] AUTODETECT spr round 2 (radius: 10)
[00:00:02 -1792.544873] SPR radius for FAST iterations: 5 (autodetect)
[00:00:02 -1792.544873] Model parameter optimization (eps = 3.000000)
[00:00:02 -1792.470717] FAST spr round 1 (radius: 5)
[00:00:02 -1792.470603] Model parameter optimization (eps = 1.000000)
[00:00:02 -1792.470300] SLOW spr round 1 (radius: 5)
[00:00:02 -1792.470093] SLOW spr round 2 (radius: 10)
[00:00:03 -1792.470093] SLOW spr round 3 (radius: 15)
[00:00:03] [worker #1] ML tree search #14, logLikelihood: -1788.811424
[00:00:03] [worker #3] ML tree search #16, logLikelihood: -1788.811415
[00:00:03 -1792.470093] SLOW spr round 4 (radius: 20)
[00:00:03 -1792.470093] SLOW spr round 5 (radius: 25)
[00:00:03] [worker #2] ML tree search #15, logLikelihood: -1788.811411
[00:00:03 -1792.470093] Model parameter optimization (eps = 0.100000)

[00:00:03] [worker #0] ML tree search #13, logLikelihood: -1792.470093

[00:00:03 -2706.891893] Initial branch length optimization
[00:00:03 -1830.818292] Model parameter optimization (eps = 10.000000)
[00:00:03 -1794.634929] AUTODETECT spr round 1 (radius: 5)
[00:00:03 -1789.006616] AUTODETECT spr round 2 (radius: 10)
[00:00:03 -1789.004109] SPR radius for FAST iterations: 5 (autodetect)
[00:00:03 -1789.004109] Model parameter optimization (eps = 3.000000)
[00:00:03 -1788.811571] FAST spr round 1 (radius: 5)
[00:00:03 -1788.811563] Model parameter optimization (eps = 1.000000)
[00:00:03 -1788.811422] SLOW spr round 1 (radius: 5)
[00:00:03 -1788.811411] SLOW spr round 2 (radius: 10)
[00:00:03] [worker #1] ML tree search #18, logLikelihood: -1788.811415
[00:00:03] [worker #3] ML tree search #20, logLikelihood: -1788.811419
[00:00:03 -1788.811411] SLOW spr round 3 (radius: 15)
[00:00:03] [worker #2] ML tree search #19, logLikelihood: -1788.811414
[00:00:03 -1788.811411] SLOW spr round 4 (radius: 20)
[00:00:03 -1788.811411] SLOW spr round 5 (radius: 25)
[00:00:03 -1788.811411] Model parameter optimization (eps = 0.100000)

[00:00:03] [worker #0] ML tree search #17, logLikelihood: -1788.811408


Optimized model parameters:

   Partition 0: noname
   Rate heterogeneity: GAMMA (4 cats, mean),  alpha: 0.421116 (ML),  weights&rates: (0.250000,0.019875) (0.250000,0.197346) (0.250000,0.753156) (0.250000,3.029623) 
   Base frequencies (empirical): 0.243573 0.253012 0.170396 0.333019 
   Substitution rates (ML): 0.799172 4.135514 0.777030 1.131559 1.248791 1.000000 


Final LogLikelihood: -1788.811407

AIC score: 3733.622815 / AICc score: 3761.442228 / BIC score: 4065.720886
Free parameters (model + branch lengths): 78

WARNING: Best ML tree contains 14 near-zero branches!

Best ML tree with collapsed near-zero branches saved to: /data/jeremias/eucs/roadies/output/genes/gene_138_filtered.fa.aln.raxml.bestTreeCollapsed
Best ML tree saved to: /data/jeremias/eucs/roadies/output/genes/gene_138_filtered.fa.aln.raxml.bestTree
All ML trees saved to: /data/jeremias/eucs/roadies/output/genes/gene_138_filtered.fa.aln.raxml.mlTrees
Optimized model saved to: /data/jeremias/eucs/roadies/output/genes/gene_138_filtered.fa.aln.raxml.bestModel

Execution log saved to: /data/jeremias/eucs/roadies/output/genes/gene_138_filtered.fa.aln.raxml.log

Analysis started: 29-Jul-2024 15:41:04 / finished: 29-Jul-2024 15:41:08

Elapsed time: 3.912 seconds

