
RAxML-NG v. 1.2.2 released on 11.04.2024 by The Exelixis Lab.
Developed by: Alexey M. Kozlov and Alexandros Stamatakis.
Contributors: Diego Darriba, Tomas Flouri, Benoit Morel, Sarah Lutteropp, Ben Bettisworth, Julia Haag, Anastasis Togkousidis.
Latest version: https://github.com/amkozlov/raxml-ng
Questions/problems/suggestions? Please visit: https://groups.google.com/forum/#!forum/raxml

System: AMD EPYC 7742 64-Core Processor, 128 cores, 1007 GB RAM

RAxML-NG was called at 29-Jul-2024 15:19:53 as follows:

raxml-ng --msa /data/jeremias/eucs/roadies/output/genes/gene_151_filtered.fa.aln --model GTR+G+F --redo --threads auto{4} --blopt nr_safe

Analysis options:
  run mode: ML tree search
  start tree(s): random (10) + parsimony (10)
  random seed: 1722230393
  tip-inner: OFF
  pattern compression: ON
  per-rate scalers: OFF
  site repeats: ON
  logLH epsilon: general: 10.000000, brlen-triplet: 1000.000000
  fast spr radius: AUTO
  spr subtree cutoff: 1.000000
  fast CLV updates: ON
  branch lengths: proportional (ML estimate, algorithm: NR-SAFE)
  SIMD kernels: AVX2
  parallelization: coarse-grained (auto), PTHREADS (auto)

WARNING: Running in REDO mode: existing checkpoints are ignored, and all result files will be overwritten!

[00:00:00] Reading alignment from file: /data/jeremias/eucs/roadies/output/genes/gene_151_filtered.fa.aln
[00:00:00] Loaded alignment with 70 taxa and 545 sites

WARNING: Sequences E_regnans_0 and E_ANBG9806169_0 are exactly identical!
WARNING: Duplicate sequences found: 1

NOTE: Reduced alignment (with duplicates and gap-only sites/taxa removed) 
NOTE: was saved to: /data/jeremias/eucs/roadies/output/genes/gene_151_filtered.fa.aln.raxml.reduced.phy

Alignment comprises 1 partitions and 290 patterns

Partition 0: noname
Model: GTR+FC+G4m
Alignment sites / patterns: 545 / 290
Gaps: 8.45 %
Invariant sites: 32.11 %


NOTE: Binary MSA file created: /data/jeremias/eucs/roadies/output/genes/gene_151_filtered.fa.aln.raxml.rba

Parallelization scheme autoconfig: 4 worker(s) x 1 thread(s)

[00:00:00] Generating 10 random starting tree(s) with 70 taxa
[00:00:00] Generating 10 parsimony starting tree(s) with 70 taxa
Parallel parsimony with 4 threads
Parallel reduction/worker buffer size: 1 KB  / 0 KB

[00:00:00] Data distribution: max. partitions/sites/weight per thread: 1 / 290 / 4640
[00:00:00] Data distribution: max. searches per worker: 5

Starting ML tree search with 20 distinct starting trees

[00:00:00 -25012.347119] Initial branch length optimization
[00:00:00 -14372.312298] Model parameter optimization (eps = 10.000000)
[00:00:00 -12811.312059] AUTODETECT spr round 1 (radius: 5)
[00:00:01 -6624.910139] AUTODETECT spr round 2 (radius: 10)
[00:00:01 -4338.417413] AUTODETECT spr round 3 (radius: 15)
[00:00:01 -4005.140604] AUTODETECT spr round 4 (radius: 20)
[00:00:01 -4004.455058] AUTODETECT spr round 5 (radius: 25)
[00:00:01 -4004.188622] SPR radius for FAST iterations: 25 (autodetect)
[00:00:01 -4004.188622] Model parameter optimization (eps = 3.000000)
[00:00:02 -3899.337428] FAST spr round 1 (radius: 25)
[00:00:02 -3714.225895] FAST spr round 2 (radius: 25)
[00:00:02 -3706.703523] Model parameter optimization (eps = 1.000000)
[00:00:02 -3694.080256] SLOW spr round 1 (radius: 5)
[00:00:03 -3693.618857] SLOW spr round 2 (radius: 10)
[00:00:04 -3693.618856] SLOW spr round 3 (radius: 15)
[00:00:04 -3693.618856] SLOW spr round 4 (radius: 20)
[00:00:04 -3693.618856] SLOW spr round 5 (radius: 25)
[00:00:05 -3693.618856] Model parameter optimization (eps = 0.100000)
[00:00:05] [worker #2] ML tree search #3, logLikelihood: -3692.462896

[00:00:05] [worker #0] ML tree search #1, logLikelihood: -3693.312637

[00:00:05 -26095.891850] Initial branch length optimization
[00:00:05] [worker #1] ML tree search #2, logLikelihood: -3698.536698
[00:00:05 -15530.388773] Model parameter optimization (eps = 10.000000)
[00:00:05] [worker #3] ML tree search #4, logLikelihood: -3695.188371
[00:00:06 -13755.653505] AUTODETECT spr round 1 (radius: 5)
[00:00:06 -5396.018608] AUTODETECT spr round 2 (radius: 10)
[00:00:06 -4029.157615] AUTODETECT spr round 3 (radius: 15)
[00:00:06 -3999.684472] AUTODETECT spr round 4 (radius: 20)
[00:00:07 -3999.032369] AUTODETECT spr round 5 (radius: 25)
[00:00:07 -3999.030620] SPR radius for FAST iterations: 20 (autodetect)
[00:00:07 -3999.030620] Model parameter optimization (eps = 3.000000)
[00:00:07 -3872.740387] FAST spr round 1 (radius: 20)
[00:00:07 -3713.654863] FAST spr round 2 (radius: 20)
[00:00:07 -3706.763997] Model parameter optimization (eps = 1.000000)
[00:00:08 -3699.137918] SLOW spr round 1 (radius: 5)
[00:00:09 -3694.473939] SLOW spr round 2 (radius: 10)
[00:00:09 -3694.473914] SLOW spr round 3 (radius: 15)
[00:00:10 -3694.473914] SLOW spr round 4 (radius: 20)
[00:00:10 -3694.473914] SLOW spr round 5 (radius: 25)
[00:00:10] [worker #1] ML tree search #6, logLikelihood: -3692.464537
[00:00:11 -3694.473914] Model parameter optimization (eps = 0.100000)

[00:00:11] [worker #0] ML tree search #5, logLikelihood: -3694.289213

[00:00:11] [worker #3] ML tree search #8, logLikelihood: -3692.475363
[00:00:11 -27513.293724] Initial branch length optimization
[00:00:11 -16286.600450] Model parameter optimization (eps = 10.000000)
[00:00:11] [worker #2] ML tree search #7, logLikelihood: -3694.129166
[00:00:12 -14316.778409] AUTODETECT spr round 1 (radius: 5)
[00:00:12 -6625.858110] AUTODETECT spr round 2 (radius: 10)
[00:00:13 -4535.590940] AUTODETECT spr round 3 (radius: 15)
[00:00:13 -4031.548494] AUTODETECT spr round 4 (radius: 20)
[00:00:13 -4031.274061] AUTODETECT spr round 5 (radius: 25)
[00:00:13 -4031.094008] SPR radius for FAST iterations: 25 (autodetect)
[00:00:13 -4031.094008] Model parameter optimization (eps = 3.000000)
[00:00:13 -3900.510647] FAST spr round 1 (radius: 25)
[00:00:14 -3758.796278] FAST spr round 2 (radius: 25)
[00:00:14 -3708.038181] FAST spr round 3 (radius: 25)
[00:00:14 -3707.348161] Model parameter optimization (eps = 1.000000)
[00:00:15 -3692.764621] SLOW spr round 1 (radius: 5)
[00:00:15] [worker #3] ML tree search #12, logLikelihood: -3692.457947
[00:00:16 -3692.561211] SLOW spr round 2 (radius: 10)
[00:00:16] [worker #2] ML tree search #11, logLikelihood: -3694.362564
[00:00:16] [worker #1] ML tree search #10, logLikelihood: -3692.461691
[00:00:16 -3692.561211] SLOW spr round 3 (radius: 15)
[00:00:17 -3692.561211] SLOW spr round 4 (radius: 20)
[00:00:17 -3692.561211] SLOW spr round 5 (radius: 25)
[00:00:18 -3692.561211] Model parameter optimization (eps = 0.100000)

[00:00:18] [worker #0] ML tree search #9, logLikelihood: -3692.476888

[00:00:18 -5797.399032] Initial branch length optimization
[00:00:18 -3876.785769] Model parameter optimization (eps = 10.000000)
[00:00:18 -3747.663166] AUTODETECT spr round 1 (radius: 5)
[00:00:18 -3703.440051] AUTODETECT spr round 2 (radius: 10)
[00:00:18 -3697.820711] AUTODETECT spr round 3 (radius: 15)
[00:00:18] [worker #3] ML tree search #16, logLikelihood: -3693.516070
[00:00:18 -3697.586418] AUTODETECT spr round 4 (radius: 20)
[00:00:18 -3697.414274] AUTODETECT spr round 5 (radius: 25)
[00:00:19 -3697.259776] SPR radius for FAST iterations: 25 (autodetect)
[00:00:19 -3697.259776] Model parameter optimization (eps = 3.000000)
[00:00:19 -3696.953614] FAST spr round 1 (radius: 25)
[00:00:19 -3693.334981] Model parameter optimization (eps = 1.000000)
[00:00:19 -3693.275480] SLOW spr round 1 (radius: 5)
[00:00:20] [worker #1] ML tree search #14, logLikelihood: -3699.365533
[00:00:20 -3693.275122] SLOW spr round 2 (radius: 10)
[00:00:20] [worker #2] ML tree search #15, logLikelihood: -3692.456864
[00:00:20 -3693.275122] SLOW spr round 3 (radius: 15)
[00:00:21 -3693.275122] SLOW spr round 4 (radius: 20)
[00:00:21 -3693.275122] SLOW spr round 5 (radius: 25)
[00:00:22 -3693.275122] Model parameter optimization (eps = 0.100000)

[00:00:22] [worker #0] ML tree search #13, logLikelihood: -3693.262896

[00:00:22 -5767.166089] Initial branch length optimization
[00:00:22 -3862.194711] Model parameter optimization (eps = 10.000000)
[00:00:22 -3732.963463] AUTODETECT spr round 1 (radius: 5)
[00:00:22] [worker #3] ML tree search #20, logLikelihood: -3692.455423
[00:00:22 -3706.818921] AUTODETECT spr round 2 (radius: 10)
[00:00:22 -3706.734002] SPR radius for FAST iterations: 5 (autodetect)
[00:00:22 -3706.734002] Model parameter optimization (eps = 3.000000)
[00:00:22 -3706.574125] FAST spr round 1 (radius: 5)
[00:00:23 -3703.371899] Model parameter optimization (eps = 1.000000)
[00:00:23 -3703.368959] SLOW spr round 1 (radius: 5)
[00:00:23] [worker #1] ML tree search #18, logLikelihood: -3694.664534
[00:00:24 -3703.108924] SLOW spr round 2 (radius: 10)
[00:00:24 -3703.108923] SLOW spr round 3 (radius: 15)
[00:00:24] [worker #2] ML tree search #19, logLikelihood: -3692.458048
[00:00:25 -3703.108923] SLOW spr round 4 (radius: 20)
[00:00:25 -3703.108923] SLOW spr round 5 (radius: 25)
[00:00:26 -3703.108923] Model parameter optimization (eps = 0.100000)

[00:00:26] [worker #0] ML tree search #17, logLikelihood: -3703.103382


Optimized model parameters:

   Partition 0: noname
   Rate heterogeneity: GAMMA (4 cats, mean),  alpha: 1.214472 (ML),  weights&rates: (0.250000,0.177666) (0.250000,0.532924) (0.250000,1.028096) (0.250000,2.261315) 
   Base frequencies (empirical): 0.311441 0.225979 0.183492 0.279088 
   Substitution rates (ML): 0.698063 4.187129 0.744932 0.968906 3.929230 1.000000 


Final LogLikelihood: -3692.455423

AIC score: 7676.910845 / AICc score: 7784.760091 / BIC score: 8304.825571
Free parameters (model + branch lengths): 146

WARNING: Best ML tree contains 25 near-zero branches!

Best ML tree with collapsed near-zero branches saved to: /data/jeremias/eucs/roadies/output/genes/gene_151_filtered.fa.aln.raxml.bestTreeCollapsed
Best ML tree saved to: /data/jeremias/eucs/roadies/output/genes/gene_151_filtered.fa.aln.raxml.bestTree
All ML trees saved to: /data/jeremias/eucs/roadies/output/genes/gene_151_filtered.fa.aln.raxml.mlTrees
Optimized model saved to: /data/jeremias/eucs/roadies/output/genes/gene_151_filtered.fa.aln.raxml.bestModel

Execution log saved to: /data/jeremias/eucs/roadies/output/genes/gene_151_filtered.fa.aln.raxml.log

Analysis started: 29-Jul-2024 15:19:53 / finished: 29-Jul-2024 15:20:19

Elapsed time: 26.315 seconds

