
RAxML-NG v. 1.2.2 released on 11.04.2024 by The Exelixis Lab.
Developed by: Alexey M. Kozlov and Alexandros Stamatakis.
Contributors: Diego Darriba, Tomas Flouri, Benoit Morel, Sarah Lutteropp, Ben Bettisworth, Julia Haag, Anastasis Togkousidis.
Latest version: https://github.com/amkozlov/raxml-ng
Questions/problems/suggestions? Please visit: https://groups.google.com/forum/#!forum/raxml

System: AMD EPYC 7742 64-Core Processor, 128 cores, 1007 GB RAM

RAxML-NG was called at 29-Jul-2024 17:34:09 as follows:

raxml-ng --msa /data/jeremias/eucs/roadies/output/genes/gene_192_filtered.fa.aln --model GTR+G+F --redo --threads auto{4} --blopt nr_safe

Analysis options:
  run mode: ML tree search
  start tree(s): random (10) + parsimony (10)
  random seed: 1722238449
  tip-inner: OFF
  pattern compression: ON
  per-rate scalers: OFF
  site repeats: ON
  logLH epsilon: general: 10.000000, brlen-triplet: 1000.000000
  fast spr radius: AUTO
  spr subtree cutoff: 1.000000
  fast CLV updates: ON
  branch lengths: proportional (ML estimate, algorithm: NR-SAFE)
  SIMD kernels: AVX2
  parallelization: coarse-grained (auto), PTHREADS (auto)

WARNING: Running in REDO mode: existing checkpoints are ignored, and all result files will be overwritten!

[00:00:00] Reading alignment from file: /data/jeremias/eucs/roadies/output/genes/gene_192_filtered.fa.aln
[00:00:00] Loaded alignment with 37 taxa and 522 sites

Alignment comprises 1 partitions and 181 patterns

Partition 0: noname
Model: GTR+FC+G4m
Alignment sites / patterns: 522 / 181
Gaps: 5.83 %
Invariant sites: 66.86 %


NOTE: Binary MSA file created: /data/jeremias/eucs/roadies/output/genes/gene_192_filtered.fa.aln.raxml.rba

Parallelization scheme autoconfig: 4 worker(s) x 1 thread(s)

[00:00:00] Generating 10 random starting tree(s) with 37 taxa
[00:00:00] Generating 10 parsimony starting tree(s) with 37 taxa
Parallel parsimony with 4 threads
Parallel reduction/worker buffer size: 1 KB  / 0 KB

[00:00:00] Data distribution: max. partitions/sites/weight per thread: 1 / 181 / 2896
[00:00:00] Data distribution: max. searches per worker: 5

Starting ML tree search with 20 distinct starting trees

[00:00:00 -4206.735686] Initial branch length optimization
[00:00:00 -3341.523719] Model parameter optimization (eps = 10.000000)
[00:00:00 -3120.567506] AUTODETECT spr round 1 (radius: 5)
[00:00:00 -2563.013049] AUTODETECT spr round 2 (radius: 10)
[00:00:00 -2394.570093] AUTODETECT spr round 3 (radius: 15)
[00:00:00 -2394.197465] AUTODETECT spr round 4 (radius: 20)
[00:00:00 -2394.178706] SPR radius for FAST iterations: 15 (autodetect)
[00:00:00 -2394.178706] Model parameter optimization (eps = 3.000000)
[00:00:00 -2384.044565] FAST spr round 1 (radius: 15)
[00:00:00 -2361.329034] FAST spr round 2 (radius: 15)
[00:00:00 -2357.417822] Model parameter optimization (eps = 1.000000)
[00:00:00 -2357.000636] SLOW spr round 1 (radius: 5)
[00:00:00 -2357.000435] SLOW spr round 2 (radius: 10)
[00:00:00 -2357.000435] SLOW spr round 3 (radius: 15)
[00:00:01 -2357.000435] SLOW spr round 4 (radius: 20)
[00:00:01 -2357.000435] SLOW spr round 5 (radius: 25)
[00:00:01 -2357.000435] Model parameter optimization (eps = 0.100000)

[00:00:01] [worker #0] ML tree search #1, logLikelihood: -2356.997780

[00:00:01 -4214.280993] Initial branch length optimization
[00:00:01 -3409.065073] Model parameter optimization (eps = 10.000000)
[00:00:01] [worker #3] ML tree search #4, logLikelihood: -2359.338322
[00:00:01 -3172.738912] AUTODETECT spr round 1 (radius: 5)
[00:00:01] [worker #2] ML tree search #3, logLikelihood: -2357.784758
[00:00:01] [worker #1] ML tree search #2, logLikelihood: -2358.099336
[00:00:01 -2654.194473] AUTODETECT spr round 2 (radius: 10)
[00:00:01 -2438.841232] AUTODETECT spr round 3 (radius: 15)
[00:00:01 -2438.248906] AUTODETECT spr round 4 (radius: 20)
[00:00:01 -2438.214477] SPR radius for FAST iterations: 15 (autodetect)
[00:00:01 -2438.214477] Model parameter optimization (eps = 3.000000)
[00:00:01 -2427.776980] FAST spr round 1 (radius: 15)
[00:00:01 -2359.971564] FAST spr round 2 (radius: 15)
[00:00:01 -2358.469147] Model parameter optimization (eps = 1.000000)
[00:00:01 -2357.899068] SLOW spr round 1 (radius: 5)
[00:00:02 -2357.898260] SLOW spr round 2 (radius: 10)
[00:00:02] [worker #3] ML tree search #8, logLikelihood: -2359.846428
[00:00:02] [worker #2] ML tree search #7, logLikelihood: -2359.139991
[00:00:02 -2357.898259] SLOW spr round 3 (radius: 15)
[00:00:02] [worker #1] ML tree search #6, logLikelihood: -2358.705082
[00:00:02 -2357.898259] SLOW spr round 4 (radius: 20)
[00:00:02 -2357.898259] SLOW spr round 5 (radius: 25)
[00:00:02 -2357.898259] Model parameter optimization (eps = 0.100000)

[00:00:02] [worker #0] ML tree search #5, logLikelihood: -2357.894684

[00:00:02 -4002.221437] Initial branch length optimization
[00:00:02 -3232.939804] Model parameter optimization (eps = 10.000000)
[00:00:02 -3051.693436] AUTODETECT spr round 1 (radius: 5)
[00:00:02 -2457.669367] AUTODETECT spr round 2 (radius: 10)
[00:00:02 -2408.094407] AUTODETECT spr round 3 (radius: 15)
[00:00:02 -2405.495482] AUTODETECT spr round 4 (radius: 20)
[00:00:02 -2405.346591] AUTODETECT spr round 5 (radius: 25)
[00:00:02 -2405.330258] SPR radius for FAST iterations: 20 (autodetect)
[00:00:02 -2405.330258] Model parameter optimization (eps = 3.000000)
[00:00:02 -2395.502746] FAST spr round 1 (radius: 20)
[00:00:02] [worker #3] ML tree search #12, logLikelihood: -2356.997777
[00:00:03] [worker #2] ML tree search #11, logLikelihood: -2358.455720
[00:00:03 -2360.186891] FAST spr round 2 (radius: 20)
[00:00:03 -2360.160686] Model parameter optimization (eps = 1.000000)
[00:00:03 -2359.792698] SLOW spr round 1 (radius: 5)
[00:00:03] [worker #1] ML tree search #10, logLikelihood: -2357.894673
[00:00:03 -2358.130497] SLOW spr round 2 (radius: 10)
[00:00:03 -2358.128581] SLOW spr round 3 (radius: 15)
[00:00:03] [worker #3] ML tree search #16, logLikelihood: -2361.643808
[00:00:03] [worker #2] ML tree search #15, logLikelihood: -2356.441452
[00:00:03 -2358.128562] SLOW spr round 4 (radius: 20)
[00:00:03 -2358.128562] SLOW spr round 5 (radius: 25)
[00:00:04 -2358.128562] Model parameter optimization (eps = 0.100000)

[00:00:04] [worker #0] ML tree search #9, logLikelihood: -2358.099224

[00:00:04 -3225.282591] Initial branch length optimization
[00:00:04 -2429.064025] Model parameter optimization (eps = 10.000000)
[00:00:04 -2373.604180] AUTODETECT spr round 1 (radius: 5)
[00:00:04] [worker #1] ML tree search #14, logLikelihood: -2358.136033
[00:00:04 -2362.359466] AUTODETECT spr round 2 (radius: 10)
[00:00:04 -2362.348303] SPR radius for FAST iterations: 5 (autodetect)
[00:00:04 -2362.348303] Model parameter optimization (eps = 3.000000)
[00:00:04 -2362.322508] FAST spr round 1 (radius: 5)
[00:00:04 -2359.774666] Model parameter optimization (eps = 1.000000)
[00:00:04 -2359.763599] SLOW spr round 1 (radius: 5)
[00:00:04] [worker #3] ML tree search #20, logLikelihood: -2358.136037
[00:00:04 -2359.756568] SLOW spr round 2 (radius: 10)
[00:00:04 -2359.756565] SLOW spr round 3 (radius: 15)
[00:00:04] [worker #2] ML tree search #19, logLikelihood: -2357.894661
[00:00:04] [worker #1] ML tree search #18, logLikelihood: -2358.435547
[00:00:04 -2359.756565] SLOW spr round 4 (radius: 20)
[00:00:05 -2359.756565] SLOW spr round 5 (radius: 25)
[00:00:05 -2359.756565] Model parameter optimization (eps = 0.100000)

[00:00:05] [worker #0] ML tree search #13, logLikelihood: -2359.756476

[00:00:05 -3217.827992] Initial branch length optimization
[00:00:05 -2423.099114] Model parameter optimization (eps = 10.000000)
[00:00:05 -2372.023544] AUTODETECT spr round 1 (radius: 5)
[00:00:05 -2362.251089] AUTODETECT spr round 2 (radius: 10)
[00:00:05 -2362.237401] SPR radius for FAST iterations: 5 (autodetect)
[00:00:05 -2362.237401] Model parameter optimization (eps = 3.000000)
[00:00:05 -2362.176992] FAST spr round 1 (radius: 5)
[00:00:05 -2358.417993] Model parameter optimization (eps = 1.000000)
[00:00:05 -2358.297445] SLOW spr round 1 (radius: 5)
[00:00:05 -2358.297229] SLOW spr round 2 (radius: 10)
[00:00:05 -2358.297229] SLOW spr round 3 (radius: 15)
[00:00:06 -2358.297229] SLOW spr round 4 (radius: 20)
[00:00:06 -2358.297229] SLOW spr round 5 (radius: 25)
[00:00:06 -2358.297229] Model parameter optimization (eps = 0.100000)

[00:00:06] [worker #0] ML tree search #17, logLikelihood: -2358.297210


Optimized model parameters:

   Partition 0: noname
   Rate heterogeneity: GAMMA (4 cats, mean),  alpha: 0.487075 (ML),  weights&rates: (0.250000,0.031018) (0.250000,0.243394) (0.250000,0.810631) (0.250000,2.914957) 
   Base frequencies (empirical): 0.322300 0.300198 0.216681 0.160820 
   Substitution rates (ML): 0.962937 2.227393 0.637211 0.390810 2.430444 1.000000 


Final LogLikelihood: -2356.441452

AIC score: 4872.882904 / AICc score: 4902.270659 / BIC score: 5213.496311
Free parameters (model + branch lengths): 80

WARNING: Best ML tree contains 8 near-zero branches!

Best ML tree with collapsed near-zero branches saved to: /data/jeremias/eucs/roadies/output/genes/gene_192_filtered.fa.aln.raxml.bestTreeCollapsed
Best ML tree saved to: /data/jeremias/eucs/roadies/output/genes/gene_192_filtered.fa.aln.raxml.bestTree
All ML trees saved to: /data/jeremias/eucs/roadies/output/genes/gene_192_filtered.fa.aln.raxml.mlTrees
Optimized model saved to: /data/jeremias/eucs/roadies/output/genes/gene_192_filtered.fa.aln.raxml.bestModel

Execution log saved to: /data/jeremias/eucs/roadies/output/genes/gene_192_filtered.fa.aln.raxml.log

Analysis started: 29-Jul-2024 17:34:09 / finished: 29-Jul-2024 17:34:16

Elapsed time: 6.121 seconds

