
RAxML-NG v. 1.2.2 released on 11.04.2024 by The Exelixis Lab.
Developed by: Alexey M. Kozlov and Alexandros Stamatakis.
Contributors: Diego Darriba, Tomas Flouri, Benoit Morel, Sarah Lutteropp, Ben Bettisworth, Julia Haag, Anastasis Togkousidis.
Latest version: https://github.com/amkozlov/raxml-ng
Questions/problems/suggestions? Please visit: https://groups.google.com/forum/#!forum/raxml

System: AMD EPYC 7742 64-Core Processor, 128 cores, 1007 GB RAM

RAxML-NG was called at 29-Jul-2024 15:32:07 as follows:

raxml-ng --msa /data/jeremias/eucs/roadies/output/genes/gene_250_filtered.fa.aln --model GTR+G+F --redo --threads auto{4} --blopt nr_safe

Analysis options:
  run mode: ML tree search
  start tree(s): random (10) + parsimony (10)
  random seed: 1722231126
  tip-inner: OFF
  pattern compression: ON
  per-rate scalers: OFF
  site repeats: ON
  logLH epsilon: general: 10.000000, brlen-triplet: 1000.000000
  fast spr radius: AUTO
  spr subtree cutoff: 1.000000
  fast CLV updates: ON
  branch lengths: proportional (ML estimate, algorithm: NR-SAFE)
  SIMD kernels: AVX2
  parallelization: coarse-grained (auto), PTHREADS (auto)

WARNING: Running in REDO mode: existing checkpoints are ignored, and all result files will be overwritten!

[00:00:00] Reading alignment from file: /data/jeremias/eucs/roadies/output/genes/gene_250_filtered.fa.aln
[00:00:00] Loaded alignment with 36 taxa and 521 sites

WARNING: Sequences E_pauciflora_0 and E_regnans_0 are exactly identical!
WARNING: Sequences E_sideroxylon_0 and E_sid_E_mel_0 are exactly identical!
WARNING: Sequences E_caleyi_0 and E_fibrosa_0 are exactly identical!
WARNING: Duplicate sequences found: 3

NOTE: Reduced alignment (with duplicates and gap-only sites/taxa removed) 
NOTE: was saved to: /data/jeremias/eucs/roadies/output/genes/gene_250_filtered.fa.aln.raxml.reduced.phy

Alignment comprises 1 partitions and 111 patterns

Partition 0: noname
Model: GTR+FC+G4m
Alignment sites / patterns: 521 / 111
Gaps: 4.01 %
Invariant sites: 79.08 %


NOTE: Binary MSA file created: /data/jeremias/eucs/roadies/output/genes/gene_250_filtered.fa.aln.raxml.rba

Parallelization scheme autoconfig: 4 worker(s) x 1 thread(s)

[00:00:00] Generating 10 random starting tree(s) with 36 taxa
[00:00:00] Generating 10 parsimony starting tree(s) with 36 taxa
Parallel parsimony with 4 threads
Parallel reduction/worker buffer size: 1 KB  / 0 KB

[00:00:00] Data distribution: max. partitions/sites/weight per thread: 1 / 111 / 1776
[00:00:00] Data distribution: max. searches per worker: 5

Starting ML tree search with 20 distinct starting trees

[00:00:00 -3103.771948] Initial branch length optimization
[00:00:00 -2309.131671] Model parameter optimization (eps = 10.000000)
[00:00:00 -2162.072076] AUTODETECT spr round 1 (radius: 5)
[00:00:00 -1860.216365] AUTODETECT spr round 2 (radius: 10)
[00:00:00 -1718.581626] AUTODETECT spr round 3 (radius: 15)
[00:00:00 -1718.569067] SPR radius for FAST iterations: 10 (autodetect)
[00:00:00 -1718.569067] Model parameter optimization (eps = 3.000000)
[00:00:00 -1713.152620] FAST spr round 1 (radius: 10)
[00:00:00 -1678.620712] FAST spr round 2 (radius: 10)
[00:00:00 -1675.888166] Model parameter optimization (eps = 1.000000)
[00:00:00 -1674.921784] SLOW spr round 1 (radius: 5)
[00:00:00 -1674.319851] SLOW spr round 2 (radius: 10)
[00:00:00 -1674.319651] SLOW spr round 3 (radius: 15)
[00:00:00 -1674.319651] SLOW spr round 4 (radius: 20)
[00:00:00] [worker #2] ML tree search #3, logLikelihood: -1674.248873
[00:00:00 -1674.319651] SLOW spr round 5 (radius: 25)
[00:00:00 -1674.319651] Model parameter optimization (eps = 0.100000)

[00:00:00] [worker #0] ML tree search #1, logLikelihood: -1674.249224

[00:00:00 -3121.381529] Initial branch length optimization
[00:00:00 -2313.101669] Model parameter optimization (eps = 10.000000)
[00:00:00] [worker #1] ML tree search #2, logLikelihood: -1674.903877
[00:00:00 -2160.703767] AUTODETECT spr round 1 (radius: 5)
[00:00:00 -1837.375397] AUTODETECT spr round 2 (radius: 10)
[00:00:01 -1726.106232] AUTODETECT spr round 3 (radius: 15)
[00:00:01 -1725.837162] AUTODETECT spr round 4 (radius: 20)
[00:00:01 -1724.920127] AUTODETECT spr round 5 (radius: 25)
[00:00:01 -1723.571488] SPR radius for FAST iterations: 25 (autodetect)
[00:00:01 -1723.571488] Model parameter optimization (eps = 3.000000)
[00:00:01] [worker #3] ML tree search #4, logLikelihood: -1674.248869
[00:00:01 -1714.589063] FAST spr round 1 (radius: 25)
[00:00:01 -1678.061608] FAST spr round 2 (radius: 25)
[00:00:01 -1676.781625] Model parameter optimization (eps = 1.000000)
[00:00:01 -1676.071416] SLOW spr round 1 (radius: 5)
[00:00:01 -1674.915380] SLOW spr round 2 (radius: 10)
[00:00:01 -1674.915273] SLOW spr round 3 (radius: 15)
[00:00:01 -1674.915273] SLOW spr round 4 (radius: 20)
[00:00:01 -1674.915273] SLOW spr round 5 (radius: 25)
[00:00:01] [worker #2] ML tree search #7, logLikelihood: -1674.248825
[00:00:01 -1674.915273] Model parameter optimization (eps = 0.100000)

[00:00:01] [worker #0] ML tree search #5, logLikelihood: -1674.903597

[00:00:01 -3130.512385] Initial branch length optimization
[00:00:01 -2316.181165] Model parameter optimization (eps = 10.000000)
[00:00:01 -2163.956379] AUTODETECT spr round 1 (radius: 5)
[00:00:01] [worker #1] ML tree search #6, logLikelihood: -1674.249275
[00:00:01 -1707.272877] AUTODETECT spr round 2 (radius: 10)
[00:00:01 -1705.806831] AUTODETECT spr round 3 (radius: 15)
[00:00:01 -1705.806424] SPR radius for FAST iterations: 10 (autodetect)
[00:00:01 -1705.806424] Model parameter optimization (eps = 3.000000)
[00:00:01 -1698.203471] FAST spr round 1 (radius: 10)
[00:00:01] [worker #3] ML tree search #8, logLikelihood: -1674.249195
[00:00:01 -1677.327513] FAST spr round 2 (radius: 10)
[00:00:02 -1676.079819] Model parameter optimization (eps = 1.000000)
[00:00:02 -1675.755959] SLOW spr round 1 (radius: 5)
[00:00:02 -1674.342245] SLOW spr round 2 (radius: 10)
[00:00:02] [worker #2] ML tree search #11, logLikelihood: -1674.248818
[00:00:02 -1674.339423] SLOW spr round 3 (radius: 15)
[00:00:02 -1674.339419] SLOW spr round 4 (radius: 20)
[00:00:02 -1674.339419] SLOW spr round 5 (radius: 25)
[00:00:02 -1674.339419] Model parameter optimization (eps = 0.100000)

[00:00:02] [worker #0] ML tree search #9, logLikelihood: -1674.249293

[00:00:02 -2566.052853] Initial branch length optimization
[00:00:02 -1707.728641] Model parameter optimization (eps = 10.000000)
[00:00:02 -1686.690196] AUTODETECT spr round 1 (radius: 5)
[00:00:02] [worker #3] ML tree search #12, logLikelihood: -1674.248993
[00:00:02 -1676.973170] AUTODETECT spr round 2 (radius: 10)
[00:00:02 -1676.939015] SPR radius for FAST iterations: 5 (autodetect)
[00:00:02 -1676.939015] Model parameter optimization (eps = 3.000000)
[00:00:02 -1676.807391] FAST spr round 1 (radius: 5)
[00:00:02] [worker #1] ML tree search #10, logLikelihood: -1674.249083
[00:00:02 -1674.567981] Model parameter optimization (eps = 1.000000)
[00:00:02 -1674.519903] SLOW spr round 1 (radius: 5)
[00:00:03 -1674.264114] SLOW spr round 2 (radius: 10)
[00:00:03] [worker #2] ML tree search #15, logLikelihood: -1674.248871
[00:00:03 -1674.263586] SLOW spr round 3 (radius: 15)
[00:00:03] [worker #3] ML tree search #16, logLikelihood: -1674.248815
[00:00:03 -1674.263586] SLOW spr round 4 (radius: 20)
[00:00:03] [worker #1] ML tree search #14, logLikelihood: -1674.248973
[00:00:03 -1674.263586] SLOW spr round 5 (radius: 25)
[00:00:03 -1674.263586] Model parameter optimization (eps = 0.100000)

[00:00:03] [worker #0] ML tree search #13, logLikelihood: -1674.248904

[00:00:03 -2561.084476] Initial branch length optimization
[00:00:03 -1704.221065] Model parameter optimization (eps = 10.000000)
[00:00:03 -1686.913894] AUTODETECT spr round 1 (radius: 5)
[00:00:03 -1675.830330] AUTODETECT spr round 2 (radius: 10)
[00:00:03 -1675.706034] AUTODETECT spr round 3 (radius: 15)
[00:00:03 -1675.704510] SPR radius for FAST iterations: 10 (autodetect)
[00:00:03 -1675.704510] Model parameter optimization (eps = 3.000000)
[00:00:03 -1675.377515] FAST spr round 1 (radius: 10)
[00:00:03 -1675.377138] Model parameter optimization (eps = 1.000000)
[00:00:03 -1675.377015] SLOW spr round 1 (radius: 5)
[00:00:04] [worker #2] ML tree search #19, logLikelihood: -1674.248814
[00:00:04] [worker #3] ML tree search #20, logLikelihood: -1678.884536
[00:00:04 -1674.287123] SLOW spr round 2 (radius: 10)
[00:00:04] [worker #1] ML tree search #18, logLikelihood: -1674.248816
[00:00:04 -1674.287122] SLOW spr round 3 (radius: 15)
[00:00:04 -1674.287122] SLOW spr round 4 (radius: 20)
[00:00:04 -1674.287122] SLOW spr round 5 (radius: 25)
[00:00:04 -1674.287122] Model parameter optimization (eps = 0.100000)

[00:00:04] [worker #0] ML tree search #17, logLikelihood: -1674.249032


Optimized model parameters:

   Partition 0: noname
   Rate heterogeneity: GAMMA (4 cats, mean),  alpha: 0.284928 (ML),  weights&rates: (0.250000,0.004153) (0.250000,0.092834) (0.250000,0.569602) (0.250000,3.333412) 
   Base frequencies (empirical): 0.144635 0.292935 0.425683 0.136747 
   Substitution rates (ML): 0.636505 1.471167 0.562708 0.655023 1.650697 1.000000 


Final LogLikelihood: -1674.248814

AIC score: 3504.497628 / AICc score: 3532.379981 / BIC score: 3836.446131
Free parameters (model + branch lengths): 78

WARNING: Best ML tree contains 14 near-zero branches!

Best ML tree with collapsed near-zero branches saved to: /data/jeremias/eucs/roadies/output/genes/gene_250_filtered.fa.aln.raxml.bestTreeCollapsed
Best ML tree saved to: /data/jeremias/eucs/roadies/output/genes/gene_250_filtered.fa.aln.raxml.bestTree
All ML trees saved to: /data/jeremias/eucs/roadies/output/genes/gene_250_filtered.fa.aln.raxml.mlTrees
Optimized model saved to: /data/jeremias/eucs/roadies/output/genes/gene_250_filtered.fa.aln.raxml.bestModel

Execution log saved to: /data/jeremias/eucs/roadies/output/genes/gene_250_filtered.fa.aln.raxml.log

Analysis started: 29-Jul-2024 15:32:07 / finished: 29-Jul-2024 15:32:11

Elapsed time: 4.416 seconds

