
RAxML-NG v. 1.2.2 released on 11.04.2024 by The Exelixis Lab.
Developed by: Alexey M. Kozlov and Alexandros Stamatakis.
Contributors: Diego Darriba, Tomas Flouri, Benoit Morel, Sarah Lutteropp, Ben Bettisworth, Julia Haag, Anastasis Togkousidis.
Latest version: https://github.com/amkozlov/raxml-ng
Questions/problems/suggestions? Please visit: https://groups.google.com/forum/#!forum/raxml

System: AMD EPYC 7742 64-Core Processor, 128 cores, 1007 GB RAM

RAxML-NG was called at 29-Jul-2024 15:38:15 as follows:

raxml-ng --msa /data/jeremias/eucs/roadies/output/genes/gene_228_filtered.fa.aln --model GTR+G+F --redo --threads auto{4} --blopt nr_safe

Analysis options:
  run mode: ML tree search
  start tree(s): random (10) + parsimony (10)
  random seed: 1722231495
  tip-inner: OFF
  pattern compression: ON
  per-rate scalers: OFF
  site repeats: ON
  logLH epsilon: general: 10.000000, brlen-triplet: 1000.000000
  fast spr radius: AUTO
  spr subtree cutoff: 1.000000
  fast CLV updates: ON
  branch lengths: proportional (ML estimate, algorithm: NR-SAFE)
  SIMD kernels: AVX2
  parallelization: coarse-grained (auto), PTHREADS (auto)

WARNING: Running in REDO mode: existing checkpoints are ignored, and all result files will be overwritten!

[00:00:00] Reading alignment from file: /data/jeremias/eucs/roadies/output/genes/gene_228_filtered.fa.aln
[00:00:00] Loaded alignment with 157 taxa and 558 sites

WARNING: Sequences E_caleyi_0 and E_fibrosa_0 are exactly identical!
WARNING: Sequences E_caleyi_0 and E_paniculata_0 are exactly identical!
WARNING: Sequences E_polyanthemos_2 and E_dawsonii_3 are exactly identical!
WARNING: Sequences E_cloeziana_4 and E_cloeziana_5 are exactly identical!
WARNING: Sequences E_fibrosa_1 and E_fibrosa_2 are exactly identical!
WARNING: Sequences E_viminalis_0 and E_globulus_0 are exactly identical!
WARNING: Sequences E_regnans_4 and E_regnans_5 are exactly identical!
WARNING: Duplicate sequences found: 7

NOTE: Reduced alignment (with duplicates and gap-only sites/taxa removed) 
NOTE: was saved to: /data/jeremias/eucs/roadies/output/genes/gene_228_filtered.fa.aln.raxml.reduced.phy

Alignment comprises 1 partitions and 425 patterns

Partition 0: noname
Model: GTR+FC+G4m
Alignment sites / patterns: 558 / 425
Gaps: 12.64 %
Invariant sites: 30.11 %


NOTE: Binary MSA file created: /data/jeremias/eucs/roadies/output/genes/gene_228_filtered.fa.aln.raxml.rba

Parallelization scheme autoconfig: 4 worker(s) x 1 thread(s)

[00:00:00] Generating 10 random starting tree(s) with 157 taxa
[00:00:00] Generating 10 parsimony starting tree(s) with 157 taxa
Parallel parsimony with 4 threads
Parallel reduction/worker buffer size: 1 KB  / 0 KB

[00:00:00] Data distribution: max. partitions/sites/weight per thread: 1 / 425 / 6800
[00:00:00] Data distribution: max. searches per worker: 5

Starting ML tree search with 20 distinct starting trees

[00:00:00 -21190.028891] Initial branch length optimization
[00:00:00 -16589.533442] Model parameter optimization (eps = 10.000000)
[00:00:00 -15563.678802] AUTODETECT spr round 1 (radius: 5)
[00:00:01 -9117.180495] AUTODETECT spr round 2 (radius: 10)
[00:00:02 -6953.038703] AUTODETECT spr round 3 (radius: 15)
[00:00:04 -6673.882713] AUTODETECT spr round 4 (radius: 20)
[00:00:05 -6672.161459] AUTODETECT spr round 5 (radius: 25)
[00:00:06 -6671.003118] SPR radius for FAST iterations: 25 (autodetect)
[00:00:06 -6671.003118] Model parameter optimization (eps = 3.000000)
[00:00:07 -6484.881465] FAST spr round 1 (radius: 25)
[00:00:08 -5887.640930] FAST spr round 2 (radius: 25)
[00:00:09 -5867.765009] FAST spr round 3 (radius: 25)
[00:00:10 -5867.764978] Model parameter optimization (eps = 1.000000)
[00:00:10 -5861.329701] SLOW spr round 1 (radius: 5)
[00:00:13 -5857.938190] SLOW spr round 2 (radius: 10)
[00:00:15 -5857.938189] SLOW spr round 3 (radius: 15)
[00:00:19 -5855.278436] SLOW spr round 4 (radius: 20)
[00:00:23 -5855.278430] SLOW spr round 5 (radius: 25)
[00:00:25 -5855.278430] Model parameter optimization (eps = 0.100000)

[00:00:25] [worker #0] ML tree search #1, logLikelihood: -5855.238761

[00:00:25 -21667.748058] Initial branch length optimization
[00:00:25 -16789.371030] Model parameter optimization (eps = 10.000000)
[00:00:26 -15725.266293] AUTODETECT spr round 1 (radius: 5)
[00:00:26] [worker #3] ML tree search #4, logLikelihood: -5854.227308
[00:00:26 -10120.036019] AUTODETECT spr round 2 (radius: 10)
[00:00:27] [worker #1] ML tree search #2, logLikelihood: -5855.111225
[00:00:28 -7291.733009] AUTODETECT spr round 3 (radius: 15)
[00:00:28] [worker #2] ML tree search #3, logLikelihood: -5853.975045
[00:00:29 -7110.674027] AUTODETECT spr round 4 (radius: 20)
[00:00:30 -6678.621696] AUTODETECT spr round 5 (radius: 25)
[00:00:31 -6676.117765] SPR radius for FAST iterations: 25 (autodetect)
[00:00:31 -6676.117765] Model parameter optimization (eps = 3.000000)
[00:00:32 -6487.018167] FAST spr round 1 (radius: 25)
[00:00:33 -5873.116502] FAST spr round 2 (radius: 25)
[00:00:33 -5861.187079] FAST spr round 3 (radius: 25)
[00:00:34 -5861.187074] Model parameter optimization (eps = 1.000000)
[00:00:34 -5854.724694] SLOW spr round 1 (radius: 5)
[00:00:36 -5854.724120] SLOW spr round 2 (radius: 10)
[00:00:38 -5854.724120] SLOW spr round 3 (radius: 15)
[00:00:43 -5854.724120] SLOW spr round 4 (radius: 20)
[00:00:48 -5854.724120] SLOW spr round 5 (radius: 25)
[00:00:51 -5854.724120] Model parameter optimization (eps = 0.100000)

[00:00:51] [worker #0] ML tree search #5, logLikelihood: -5854.724116

[00:00:51 -20635.188271] Initial branch length optimization
[00:00:51 -16203.725081] Model parameter optimization (eps = 10.000000)
[00:00:52 -15261.560566] AUTODETECT spr round 1 (radius: 5)
[00:00:53 -9203.140542] AUTODETECT spr round 2 (radius: 10)
[00:00:53] [worker #3] ML tree search #8, logLikelihood: -5857.910439
[00:00:54] [worker #1] ML tree search #6, logLikelihood: -5857.522958
[00:00:54 -6895.712191] AUTODETECT spr round 3 (radius: 15)
[00:00:56] [worker #2] ML tree search #7, logLikelihood: -5865.638102
[00:00:57 -6411.067009] AUTODETECT spr round 4 (radius: 20)
[00:00:59 -6407.393699] AUTODETECT spr round 5 (radius: 25)
[00:01:00 -6405.349487] SPR radius for FAST iterations: 25 (autodetect)
[00:01:00 -6405.349487] Model parameter optimization (eps = 3.000000)
[00:01:00 -6222.666483] FAST spr round 1 (radius: 25)
[00:01:01 -5864.863645] FAST spr round 2 (radius: 25)
[00:01:01 -5857.170111] Model parameter optimization (eps = 1.000000)
[00:01:02 -5854.457628] SLOW spr round 1 (radius: 5)
[00:01:03 -5854.456919] SLOW spr round 2 (radius: 10)
[00:01:05 -5854.456919] SLOW spr round 3 (radius: 15)
[00:01:10 -5854.456919] SLOW spr round 4 (radius: 20)
[00:01:15] [worker #3] ML tree search #12, logLikelihood: -5854.503298
[00:01:15 -5854.456919] SLOW spr round 5 (radius: 25)
[00:01:16 -5854.456919] Model parameter optimization (eps = 0.100000)

[00:01:16] [worker #0] ML tree search #9, logLikelihood: -5854.456912

[00:01:16 -8002.599858] Initial branch length optimization
[00:01:17 -6024.460654] Model parameter optimization (eps = 10.000000)
[00:01:17 -5865.990647] AUTODETECT spr round 1 (radius: 5)
[00:01:18 -5857.941997] AUTODETECT spr round 2 (radius: 10)
[00:01:18] [worker #2] ML tree search #11, logLikelihood: -5853.926817
[00:01:19 -5857.941649] SPR radius for FAST iterations: 5 (autodetect)
[00:01:20 -5857.941649] Model parameter optimization (eps = 3.000000)
[00:01:21 -5857.927816] FAST spr round 1 (radius: 5)
[00:01:22 -5857.703615] Model parameter optimization (eps = 1.000000)
[00:01:22 -5857.695939] SLOW spr round 1 (radius: 5)
[00:01:23] [worker #1] ML tree search #10, logLikelihood: -5854.058811
[00:01:24 -5856.998698] SLOW spr round 2 (radius: 10)
[00:01:26 -5856.998656] SLOW spr round 3 (radius: 15)
[00:01:32 -5854.708576] SLOW spr round 4 (radius: 20)
[00:01:37 -5854.708516] SLOW spr round 5 (radius: 25)
[00:01:39 -5854.708516] Model parameter optimization (eps = 0.100000)

[00:01:39] [worker #0] ML tree search #13, logLikelihood: -5854.680566

[00:01:39 -8018.518482] Initial branch length optimization
[00:01:40 -6047.802734] Model parameter optimization (eps = 10.000000)
[00:01:40 -5887.979971] AUTODETECT spr round 1 (radius: 5)
[00:01:40 -5878.650236] AUTODETECT spr round 2 (radius: 10)
[00:01:41] [worker #3] ML tree search #16, logLikelihood: -5854.359286
[00:01:42 -5878.630341] SPR radius for FAST iterations: 5 (autodetect)
[00:01:42 -5878.630341] Model parameter optimization (eps = 3.000000)
[00:01:42 -5878.595942] FAST spr round 1 (radius: 5)
[00:01:42] [worker #2] ML tree search #15, logLikelihood: -5859.425951
[00:01:43 -5861.902400] FAST spr round 2 (radius: 5)
[00:01:43 -5859.878188] Model parameter optimization (eps = 1.000000)
[00:01:43 -5859.803695] SLOW spr round 1 (radius: 5)
[00:01:45 -5859.200043] SLOW spr round 2 (radius: 10)
[00:01:47] [worker #1] ML tree search #14, logLikelihood: -5858.437454
[00:01:47 -5859.199806] SLOW spr round 3 (radius: 15)
[00:01:53 -5856.881607] SLOW spr round 4 (radius: 20)
[00:01:57 -5856.881592] SLOW spr round 5 (radius: 25)
[00:01:59 -5856.881592] Model parameter optimization (eps = 0.100000)

[00:01:59] [worker #0] ML tree search #17, logLikelihood: -5856.850031

[00:02:00] [worker #3] ML tree search #20, logLikelihood: -5861.330885
[00:02:02] [worker #2] ML tree search #19, logLikelihood: -5854.059112
[00:02:06] [worker #1] ML tree search #18, logLikelihood: -5853.927177

Optimized model parameters:

   Partition 0: noname
   Rate heterogeneity: GAMMA (4 cats, mean),  alpha: 3.450882 (ML),  weights&rates: (0.250000,0.421392) (0.250000,0.753787) (0.250000,1.083988) (0.250000,1.740833) 
   Base frequencies (empirical): 0.353769 0.203037 0.206264 0.236930 
   Substitution rates (ML): 0.638549 2.024656 0.658632 0.748247 2.574498 1.000000 


Final LogLikelihood: -5853.926817

AIC score: 12347.853633 / AICc score: 13214.689076 / BIC score: 13731.648501
Free parameters (model + branch lengths): 320

WARNING: Best ML tree contains 66 near-zero branches!

Best ML tree with collapsed near-zero branches saved to: /data/jeremias/eucs/roadies/output/genes/gene_228_filtered.fa.aln.raxml.bestTreeCollapsed
Best ML tree saved to: /data/jeremias/eucs/roadies/output/genes/gene_228_filtered.fa.aln.raxml.bestTree
All ML trees saved to: /data/jeremias/eucs/roadies/output/genes/gene_228_filtered.fa.aln.raxml.mlTrees
Optimized model saved to: /data/jeremias/eucs/roadies/output/genes/gene_228_filtered.fa.aln.raxml.bestModel

Execution log saved to: /data/jeremias/eucs/roadies/output/genes/gene_228_filtered.fa.aln.raxml.log

Analysis started: 29-Jul-2024 15:38:15 / finished: 29-Jul-2024 15:40:22

Elapsed time: 126.492 seconds

