
RAxML-NG v. 1.2.2 released on 11.04.2024 by The Exelixis Lab.
Developed by: Alexey M. Kozlov and Alexandros Stamatakis.
Contributors: Diego Darriba, Tomas Flouri, Benoit Morel, Sarah Lutteropp, Ben Bettisworth, Julia Haag, Anastasis Togkousidis.
Latest version: https://github.com/amkozlov/raxml-ng
Questions/problems/suggestions? Please visit: https://groups.google.com/forum/#!forum/raxml

System: AMD EPYC 7742 64-Core Processor, 128 cores, 1007 GB RAM

RAxML-NG was called at 03-Jul-2024 18:26:25 as follows:

raxml-ng --msa /data/jeremias/eucs/roadies/output/genes/gene_25_filtered.fa.aln --model GTR+G+F --redo --threads auto{4} --blopt nr_safe

Analysis options:
  run mode: ML tree search
  start tree(s): random (10) + parsimony (10)
  random seed: 1719995185
  tip-inner: OFF
  pattern compression: ON
  per-rate scalers: OFF
  site repeats: ON
  logLH epsilon: general: 10.000000, brlen-triplet: 1000.000000
  fast spr radius: AUTO
  spr subtree cutoff: 1.000000
  fast CLV updates: ON
  branch lengths: proportional (ML estimate, algorithm: NR-SAFE)
  SIMD kernels: AVX2
  parallelization: coarse-grained (auto), PTHREADS (auto)

WARNING: Running in REDO mode: existing checkpoints are ignored, and all result files will be overwritten!

[00:00:00] Reading alignment from file: /data/jeremias/eucs/roadies/output/genes/gene_25_filtered.fa.aln
[00:00:00] Loaded alignment with 344 taxa and 503 sites

WARNING: Sequences GCA_014182405.1_7 and GCA_016097485.1_7 are exactly identical!
WARNING: Sequences GCA_014182575.1_2 and GCA_017140185.1_6 are exactly identical!
WARNING: Sequences GCA_014182845.1_2 and GCA_014182845.1_3 are exactly identical!
WARNING: Sequences GCA_017140395.1_6 and GCA_017140395.1_5 are exactly identical!
WARNING: Sequences GCA_014182375.1_6 and GCA_014182725.1_3 are exactly identical!
WARNING: Duplicate sequences found: 5

NOTE: Reduced alignment (with duplicates and gap-only sites/taxa removed) 
NOTE: was saved to: /data/jeremias/eucs/roadies/output/genes/gene_25_filtered.fa.aln.raxml.reduced.phy

Alignment comprises 1 partitions and 461 patterns

Partition 0: noname
Model: GTR+FC+G4m
Alignment sites / patterns: 503 / 461
Gaps: 0.56 %
Invariant sites: 10.54 %


NOTE: Binary MSA file created: /data/jeremias/eucs/roadies/output/genes/gene_25_filtered.fa.aln.raxml.rba

Parallelization scheme autoconfig: 4 worker(s) x 1 thread(s)

[00:00:00] Generating 10 random starting tree(s) with 344 taxa
[00:00:00] Generating 10 parsimony starting tree(s) with 344 taxa
Parallel parsimony with 4 threads
Parallel reduction/worker buffer size: 1 KB  / 0 KB

[00:00:00] Data distribution: max. partitions/sites/weight per thread: 1 / 461 / 7376
[00:00:00] Data distribution: max. searches per worker: 5

Starting ML tree search with 20 distinct starting trees

[00:00:00 -64557.721104] Initial branch length optimization
[00:00:00 -57002.894963] Model parameter optimization (eps = 10.000000)
[00:00:01 -51892.648481] AUTODETECT spr round 1 (radius: 5)
[00:00:03 -32327.713523] AUTODETECT spr round 2 (radius: 10)
[00:00:05 -22050.063133] AUTODETECT spr round 3 (radius: 15)
[00:00:09 -20673.800877] AUTODETECT spr round 4 (radius: 20)
[00:00:14 -20196.783890] AUTODETECT spr round 5 (radius: 25)
[00:00:20 -20195.508697] SPR radius for FAST iterations: 25 (autodetect)
[00:00:20 -20195.508697] Model parameter optimization (eps = 3.000000)
[00:00:21 -20126.336314] FAST spr round 1 (radius: 25)
[00:00:23 -17856.614573] FAST spr round 2 (radius: 25)
[00:00:26 -17654.789457] FAST spr round 3 (radius: 25)
[00:00:27 -17624.725117] FAST spr round 4 (radius: 25)
[00:00:29 -17624.076022] Model parameter optimization (eps = 1.000000)
[00:00:29 -17621.559283] SLOW spr round 1 (radius: 5)
[00:00:35 -17615.052551] SLOW spr round 2 (radius: 10)
[00:00:39 -17615.052501] SLOW spr round 3 (radius: 15)
[00:00:49 -17615.052501] SLOW spr round 4 (radius: 20)
[00:01:02 -17615.052501] SLOW spr round 5 (radius: 25)
[00:01:15 -17615.052501] Model parameter optimization (eps = 0.100000)

[00:01:15] [worker #0] ML tree search #1, logLikelihood: -17615.019699

[00:01:15 -63667.322511] Initial branch length optimization
[00:01:15 -56068.009432] Model parameter optimization (eps = 10.000000)
[00:01:17] [worker #3] ML tree search #4, logLikelihood: -17611.025192
[00:01:17 -51119.408766] AUTODETECT spr round 1 (radius: 5)
[00:01:18] [worker #1] ML tree search #2, logLikelihood: -17607.366628
[00:01:19 -32049.779462] AUTODETECT spr round 2 (radius: 10)
[00:01:20] [worker #2] ML tree search #3, logLikelihood: -17608.080428
[00:01:22 -21692.245780] AUTODETECT spr round 3 (radius: 15)
[00:01:28 -20272.121516] AUTODETECT spr round 4 (radius: 20)
[00:01:35 -20016.144416] AUTODETECT spr round 5 (radius: 25)
[00:01:42 -20013.256172] SPR radius for FAST iterations: 25 (autodetect)
[00:01:42 -20013.256172] Model parameter optimization (eps = 3.000000)
[00:01:44 -19744.998689] FAST spr round 1 (radius: 25)
[00:01:46 -17663.057684] FAST spr round 2 (radius: 25)
[00:01:48 -17614.980619] FAST spr round 3 (radius: 25)
[00:01:50 -17611.450097] Model parameter optimization (eps = 1.000000)
[00:01:50 -17610.120262] SLOW spr round 1 (radius: 5)
[00:01:55 -17608.227227] SLOW spr round 2 (radius: 10)
[00:02:00 -17608.226261] SLOW spr round 3 (radius: 15)
[00:02:09 -17608.226235] SLOW spr round 4 (radius: 20)
[00:02:22 -17608.226235] SLOW spr round 5 (radius: 25)
[00:02:34] [worker #1] ML tree search #6, logLikelihood: -17616.254195
[00:02:35] [worker #3] ML tree search #8, logLikelihood: -17608.216866
[00:02:35 -17608.226234] Model parameter optimization (eps = 0.100000)

[00:02:35] [worker #0] ML tree search #5, logLikelihood: -17608.220301

[00:02:35 -63880.357142] Initial branch length optimization
[00:02:35 -56180.557590] Model parameter optimization (eps = 10.000000)
[00:02:37] [worker #2] ML tree search #7, logLikelihood: -17609.509269
[00:02:37 -51195.816848] AUTODETECT spr round 1 (radius: 5)
[00:02:38 -32765.975200] AUTODETECT spr round 2 (radius: 10)
[00:02:41 -24063.322252] AUTODETECT spr round 3 (radius: 15)
[00:02:46 -19759.693423] AUTODETECT spr round 4 (radius: 20)
[00:02:54 -19721.543452] AUTODETECT spr round 5 (radius: 25)
[00:03:02 -19720.188732] SPR radius for FAST iterations: 25 (autodetect)
[00:03:02 -19720.188732] Model parameter optimization (eps = 3.000000)
[00:03:03 -19483.820744] FAST spr round 1 (radius: 25)
[00:03:06 -17718.562444] FAST spr round 2 (radius: 25)
[00:03:08 -17610.351018] FAST spr round 3 (radius: 25)
[00:03:10 -17609.807150] Model parameter optimization (eps = 1.000000)
[00:03:10 -17608.848379] SLOW spr round 1 (radius: 5)
[00:03:16 -17606.560824] SLOW spr round 2 (radius: 10)
[00:03:20 -17606.560438] SLOW spr round 3 (radius: 15)
[00:03:30] [worker #2] ML tree search #11, logLikelihood: -17625.615655
[00:03:30 -17606.560418] SLOW spr round 4 (radius: 20)
[00:03:43] [worker #3] ML tree search #12, logLikelihood: -17611.780093
[00:03:44 -17606.560415] SLOW spr round 5 (radius: 25)
[00:03:54] [worker #1] ML tree search #10, logLikelihood: -17606.088060
[00:03:57 -17606.560415] Model parameter optimization (eps = 0.100000)

[00:03:57] [worker #0] ML tree search #9, logLikelihood: -17606.557390

[00:03:57 -22697.347716] Initial branch length optimization
[00:03:58 -19159.380578] Model parameter optimization (eps = 10.000000)
[00:03:59 -17763.921546] AUTODETECT spr round 1 (radius: 5)
[00:04:00 -17630.807719] AUTODETECT spr round 2 (radius: 10)
[00:04:04 -17627.114831] AUTODETECT spr round 3 (radius: 15)
[00:04:11 -17627.099330] SPR radius for FAST iterations: 10 (autodetect)
[00:04:11 -17627.099330] Model parameter optimization (eps = 3.000000)
[00:04:11 -17626.974202] FAST spr round 1 (radius: 10)
[00:04:13 -17614.687063] FAST spr round 2 (radius: 10)
[00:04:14 -17614.686941] Model parameter optimization (eps = 1.000000)
[00:04:14 -17614.675368] SLOW spr round 1 (radius: 5)
[00:04:20 -17610.230539] SLOW spr round 2 (radius: 10)
[00:04:24 -17610.230183] SLOW spr round 3 (radius: 15)
[00:04:36 -17609.999406] SLOW spr round 4 (radius: 20)
[00:04:43] [worker #2] ML tree search #15, logLikelihood: -17617.423549
[00:04:43] [worker #3] ML tree search #16, logLikelihood: -17613.874485
[00:04:50 -17609.999400] SLOW spr round 5 (radius: 25)
[00:05:03 -17609.999398] Model parameter optimization (eps = 0.100000)

[00:05:03] [worker #0] ML tree search #13, logLikelihood: -17609.984420

[00:05:03 -22757.335347] Initial branch length optimization
[00:05:04 -19212.166418] Model parameter optimization (eps = 10.000000)
[00:05:05 -17789.575482] AUTODETECT spr round 1 (radius: 5)
[00:05:06 -17651.000146] AUTODETECT spr round 2 (radius: 10)
[00:05:08] [worker #1] ML tree search #14, logLikelihood: -17612.966142
[00:05:09 -17637.958342] AUTODETECT spr round 3 (radius: 15)
[00:05:15 -17637.829256] AUTODETECT spr round 4 (radius: 20)
[00:05:23 -17637.823320] SPR radius for FAST iterations: 15 (autodetect)
[00:05:23 -17637.823320] Model parameter optimization (eps = 3.000000)
[00:05:23 -17637.714965] FAST spr round 1 (radius: 15)
[00:05:25 -17619.023892] FAST spr round 2 (radius: 15)
[00:05:27 -17615.735363] Model parameter optimization (eps = 1.000000)
[00:05:27 -17615.682985] SLOW spr round 1 (radius: 5)
[00:05:33 -17613.304747] SLOW spr round 2 (radius: 10)
[00:05:37 -17611.097166] SLOW spr round 3 (radius: 15)
[00:05:48 -17611.097057] SLOW spr round 4 (radius: 20)
[00:05:55] [worker #2] ML tree search #19, logLikelihood: -17612.138643
[00:05:56] [worker #3] ML tree search #20, logLikelihood: -17615.385594
[00:06:00 -17611.097024] SLOW spr round 5 (radius: 25)
[00:06:14 -17611.097006] Model parameter optimization (eps = 0.100000)

[00:06:14] [worker #0] ML tree search #17, logLikelihood: -17611.092207

[00:06:28] [worker #1] ML tree search #18, logLikelihood: -17613.710079

Optimized model parameters:

   Partition 0: noname
   Rate heterogeneity: GAMMA (4 cats, mean),  alpha: 0.794086 (ML),  weights&rates: (0.250000,0.094300) (0.250000,0.404742) (0.250000,0.955303) (0.250000,2.545656) 
   Base frequencies (empirical): 0.289089 0.212480 0.254138 0.244293 
   Substitution rates (ML): 1.018212 6.845184 1.316002 0.876347 9.497622 1.000000 


Final LogLikelihood: -17606.088060

AIC score: 36600.176120 / AICc score: 1001260.176120 / BIC score: 39529.265698
Free parameters (model + branch lengths): 694

WARNING: Number of free parameters (K=694) is larger than alignment size (n=503).
         This might lead to overfitting and compromise tree inference results!


WARNING: Best ML tree contains 82 near-zero branches!

Best ML tree with collapsed near-zero branches saved to: /data/jeremias/eucs/roadies/output/genes/gene_25_filtered.fa.aln.raxml.bestTreeCollapsed
Best ML tree saved to: /data/jeremias/eucs/roadies/output/genes/gene_25_filtered.fa.aln.raxml.bestTree
All ML trees saved to: /data/jeremias/eucs/roadies/output/genes/gene_25_filtered.fa.aln.raxml.mlTrees
Optimized model saved to: /data/jeremias/eucs/roadies/output/genes/gene_25_filtered.fa.aln.raxml.bestModel

Execution log saved to: /data/jeremias/eucs/roadies/output/genes/gene_25_filtered.fa.aln.raxml.log

Analysis started: 03-Jul-2024 18:26:25 / finished: 03-Jul-2024 18:32:53

Elapsed time: 388.911 seconds

