
RAxML-NG v. 1.2.2 released on 11.04.2024 by The Exelixis Lab.
Developed by: Alexey M. Kozlov and Alexandros Stamatakis.
Contributors: Diego Darriba, Tomas Flouri, Benoit Morel, Sarah Lutteropp, Ben Bettisworth, Julia Haag, Anastasis Togkousidis.
Latest version: https://github.com/amkozlov/raxml-ng
Questions/problems/suggestions? Please visit: https://groups.google.com/forum/#!forum/raxml

System: AMD EPYC 7742 64-Core Processor, 128 cores, 1007 GB RAM

RAxML-NG was called at 29-Jul-2024 16:43:35 as follows:

raxml-ng --msa /data/jeremias/eucs/roadies/output/genes/gene_227_filtered.fa.aln --model GTR+G+F --redo --threads auto{4} --blopt nr_safe

Analysis options:
  run mode: ML tree search
  start tree(s): random (10) + parsimony (10)
  random seed: 1722235415
  tip-inner: OFF
  pattern compression: ON
  per-rate scalers: OFF
  site repeats: ON
  logLH epsilon: general: 10.000000, brlen-triplet: 1000.000000
  fast spr radius: AUTO
  spr subtree cutoff: 1.000000
  fast CLV updates: ON
  branch lengths: proportional (ML estimate, algorithm: NR-SAFE)
  SIMD kernels: AVX2
  parallelization: coarse-grained (auto), PTHREADS (auto)

WARNING: Running in REDO mode: existing checkpoints are ignored, and all result files will be overwritten!

[00:00:00] Reading alignment from file: /data/jeremias/eucs/roadies/output/genes/gene_227_filtered.fa.aln
[00:00:00] Loaded alignment with 297 taxa and 580 sites

WARNING: Sequences E_shirleyi_9 and E_fibrosa_9 are exactly identical!
WARNING: Sequences E_sideroxylon_9 and E_albens_8 are exactly identical!
WARNING: Sequences E_paniculata_1 and E_caleyi_1 are exactly identical!
WARNING: Duplicate sequences found: 3

NOTE: Reduced alignment (with duplicates and gap-only sites/taxa removed) 
NOTE: was saved to: /data/jeremias/eucs/roadies/output/genes/gene_227_filtered.fa.aln.raxml.reduced.phy

Alignment comprises 1 partitions and 573 patterns

Partition 0: noname
Model: GTR+FC+G4m
Alignment sites / patterns: 580 / 573
Gaps: 15.02 %
Invariant sites: 5.17 %


NOTE: Binary MSA file created: /data/jeremias/eucs/roadies/output/genes/gene_227_filtered.fa.aln.raxml.rba

Parallelization scheme autoconfig: 4 worker(s) x 1 thread(s)

[00:00:00] Generating 10 random starting tree(s) with 297 taxa
[00:00:00] Generating 10 parsimony starting tree(s) with 297 taxa
Parallel parsimony with 4 threads
Parallel reduction/worker buffer size: 1 KB  / 0 KB

[00:00:00] Data distribution: max. partitions/sites/weight per thread: 1 / 573 / 9168
[00:00:00] Data distribution: max. searches per worker: 5

Starting ML tree search with 20 distinct starting trees

[00:00:00 -118185.910457] Initial branch length optimization
[00:00:00 -83933.007227] Model parameter optimization (eps = 10.000000)
[00:00:04 -79233.013919] AUTODETECT spr round 1 (radius: 5)
[00:00:05 -46818.885969] AUTODETECT spr round 2 (radius: 10)
[00:00:09 -29804.736253] AUTODETECT spr round 3 (radius: 15)
[00:00:13 -23392.312582] AUTODETECT spr round 4 (radius: 20)
[00:00:19 -23110.739906] AUTODETECT spr round 5 (radius: 25)
[00:00:23 -23105.396102] SPR radius for FAST iterations: 25 (autodetect)
[00:00:24 -23105.396102] Model parameter optimization (eps = 3.000000)
[00:00:26 -22766.103122] FAST spr round 1 (radius: 25)
[00:00:29 -20663.317824] FAST spr round 2 (radius: 25)
[00:00:32 -20490.419718] FAST spr round 3 (radius: 25)
[00:00:33 -20485.944301] Model parameter optimization (eps = 1.000000)
[00:00:34 -20484.350539] SLOW spr round 1 (radius: 5)
[00:00:39 -20477.756062] SLOW spr round 2 (radius: 10)
[00:00:43 -20477.451995] SLOW spr round 3 (radius: 15)
[00:00:55 -20477.451934] SLOW spr round 4 (radius: 20)
[00:01:10 -20477.451927] SLOW spr round 5 (radius: 25)
[00:01:24 -20477.451926] Model parameter optimization (eps = 0.100000)

[00:01:24] [worker #0] ML tree search #1, logLikelihood: -20477.436294

[00:01:24 -117079.097727] Initial branch length optimization
[00:01:25 -84444.460177] Model parameter optimization (eps = 10.000000)
[00:01:27 -79861.232496] AUTODETECT spr round 1 (radius: 5)
[00:01:28] [worker #1] ML tree search #2, logLikelihood: -20470.223655
[00:01:28] [worker #3] ML tree search #4, logLikelihood: -20472.193753
[00:01:29 -48337.386659] AUTODETECT spr round 2 (radius: 10)
[00:01:29] [worker #2] ML tree search #3, logLikelihood: -20468.676980
[00:01:31 -31492.881933] AUTODETECT spr round 3 (radius: 15)
[00:01:34 -25556.376904] AUTODETECT spr round 4 (radius: 20)
[00:01:39 -25128.131003] AUTODETECT spr round 5 (radius: 25)
[00:01:43 -23779.490887] SPR radius for FAST iterations: 25 (autodetect)
[00:01:43 -23779.490887] Model parameter optimization (eps = 3.000000)
[00:01:44 -23460.617218] FAST spr round 1 (radius: 25)
[00:01:46 -20973.467884] FAST spr round 2 (radius: 25)
[00:01:48 -20585.645410] FAST spr round 3 (radius: 25)
[00:01:50 -20492.305044] FAST spr round 4 (radius: 25)
[00:01:52 -20479.310431] FAST spr round 5 (radius: 25)
[00:01:53 -20479.310377] Model parameter optimization (eps = 1.000000)
[00:01:53 -20477.734664] SLOW spr round 1 (radius: 5)
[00:01:58 -20470.273178] SLOW spr round 2 (radius: 10)
[00:02:02 -20470.269327] SLOW spr round 3 (radius: 15)
[00:02:10 -20470.268433] SLOW spr round 4 (radius: 20)
[00:02:21 -20470.268224] SLOW spr round 5 (radius: 25)
[00:02:33 -20470.268175] Model parameter optimization (eps = 0.100000)

[00:02:33] [worker #0] ML tree search #5, logLikelihood: -20470.243473

[00:02:33 -114310.004266] Initial branch length optimization
[00:02:33 -81003.434862] Model parameter optimization (eps = 10.000000)
[00:02:33] [worker #2] ML tree search #7, logLikelihood: -20475.419274
[00:02:34] [worker #1] ML tree search #6, logLikelihood: -20469.703037
[00:02:35 -76541.178173] AUTODETECT spr round 1 (radius: 5)
[00:02:36 -45817.405438] AUTODETECT spr round 2 (radius: 10)
[00:02:37] [worker #3] ML tree search #8, logLikelihood: -20478.160316
[00:02:39 -31055.449007] AUTODETECT spr round 3 (radius: 15)
[00:02:42 -27476.783507] AUTODETECT spr round 4 (radius: 20)
[00:02:46 -26195.977152] AUTODETECT spr round 5 (radius: 25)
[00:02:50 -26193.134479] SPR radius for FAST iterations: 25 (autodetect)
[00:02:50 -26193.134479] Model parameter optimization (eps = 3.000000)
[00:02:51 -25857.996447] FAST spr round 1 (radius: 25)
[00:02:54 -22548.136965] FAST spr round 2 (radius: 25)
[00:02:56 -22096.993319] FAST spr round 3 (radius: 25)
[00:02:57 -21461.753288] FAST spr round 4 (radius: 25)
[00:02:58 -20553.482974] FAST spr round 5 (radius: 25)
[00:03:00 -20478.986757] FAST spr round 6 (radius: 25)
[00:03:02 -20476.063744] Model parameter optimization (eps = 1.000000)
[00:03:02 -20473.047171] SLOW spr round 1 (radius: 5)
[00:03:07 -20466.695917] SLOW spr round 2 (radius: 10)
[00:03:11 -20466.695822] SLOW spr round 3 (radius: 15)
[00:03:19 -20466.695800] SLOW spr round 4 (radius: 20)
[00:03:30 -20466.695795] SLOW spr round 5 (radius: 25)
[00:03:34] [worker #3] ML tree search #12, logLikelihood: -20471.109877
[00:03:37] [worker #2] ML tree search #11, logLikelihood: -20479.727772
[00:03:41] [worker #1] ML tree search #10, logLikelihood: -20467.804778
[00:03:43 -20466.695794] Model parameter optimization (eps = 0.100000)

[00:03:43] [worker #0] ML tree search #9, logLikelihood: -20466.685820

[00:03:43 -25533.413521] Initial branch length optimization
[00:03:44 -21898.696616] Model parameter optimization (eps = 10.000000)
[00:03:45 -20643.434506] AUTODETECT spr round 1 (radius: 5)
[00:03:46 -20497.703683] AUTODETECT spr round 2 (radius: 10)
[00:03:49 -20491.042705] AUTODETECT spr round 3 (radius: 15)
[00:03:54 -20490.999794] SPR radius for FAST iterations: 10 (autodetect)
[00:03:54 -20490.999794] Model parameter optimization (eps = 3.000000)
[00:03:54 -20490.813065] FAST spr round 1 (radius: 10)
[00:03:56 -20481.214796] Model parameter optimization (eps = 1.000000)
[00:03:56 -20481.210671] SLOW spr round 1 (radius: 5)
[00:04:02 -20477.517343] SLOW spr round 2 (radius: 10)
[00:04:06 -20477.517260] SLOW spr round 3 (radius: 15)
[00:04:19 -20477.517248] SLOW spr round 4 (radius: 20)
[00:04:34 -20477.517246] SLOW spr round 5 (radius: 25)
[00:04:43] [worker #2] ML tree search #15, logLikelihood: -20477.254653
[00:04:49 -20477.517245] Model parameter optimization (eps = 0.100000)

[00:04:49] [worker #0] ML tree search #13, logLikelihood: -20477.513687

[00:04:49 -25504.664556] Initial branch length optimization
[00:04:50 -21880.894139] Model parameter optimization (eps = 10.000000)
[00:04:50 -20629.766348] AUTODETECT spr round 1 (radius: 5)
[00:04:52 -20497.943047] AUTODETECT spr round 2 (radius: 10)
[00:04:52] [worker #3] ML tree search #16, logLikelihood: -20473.525886
[00:04:55 -20497.823199] AUTODETECT spr round 3 (radius: 15)
[00:04:57] [worker #1] ML tree search #14, logLikelihood: -20476.836142
[00:05:00 -20497.704320] AUTODETECT spr round 4 (radius: 20)
[00:05:05 -20497.616422] SPR radius for FAST iterations: 15 (autodetect)
[00:05:05 -20497.616422] Model parameter optimization (eps = 3.000000)
[00:05:05 -20497.488648] FAST spr round 1 (radius: 15)
[00:05:07 -20478.685835] FAST spr round 2 (radius: 15)
[00:05:09 -20478.682816] Model parameter optimization (eps = 1.000000)
[00:05:09 -20478.679860] SLOW spr round 1 (radius: 5)
[00:05:15 -20475.597297] SLOW spr round 2 (radius: 10)
[00:05:19 -20472.377933] SLOW spr round 3 (radius: 15)
[00:05:32 -20472.377909] SLOW spr round 4 (radius: 20)
[00:05:50 -20472.377909] SLOW spr round 5 (radius: 25)
[00:06:05 -20472.377909] Model parameter optimization (eps = 0.100000)

[00:06:05] [worker #0] ML tree search #17, logLikelihood: -20472.374307

[00:06:07] [worker #2] ML tree search #19, logLikelihood: -20476.396615
[00:06:09] [worker #3] ML tree search #20, logLikelihood: -20476.174567
[00:06:20] [worker #1] ML tree search #18, logLikelihood: -20468.281734

Optimized model parameters:

   Partition 0: noname
   Rate heterogeneity: GAMMA (4 cats, mean),  alpha: 1.831163 (ML),  weights&rates: (0.250000,0.272252) (0.250000,0.635769) (0.250000,1.065128) (0.250000,2.026852) 
   Base frequencies (empirical): 0.288473 0.212705 0.247877 0.250944 
   Substitution rates (ML): 0.900166 4.098119 0.973451 0.708440 6.154431 1.000000 


Final LogLikelihood: -20466.685820

AIC score: 42133.371641 / AICc score: 763333.371641 / BIC score: 44751.188503
Free parameters (model + branch lengths): 600

WARNING: Number of free parameters (K=600) is larger than alignment size (n=580).
         This might lead to overfitting and compromise tree inference results!


WARNING: Best ML tree contains 57 near-zero branches!

Best ML tree with collapsed near-zero branches saved to: /data/jeremias/eucs/roadies/output/genes/gene_227_filtered.fa.aln.raxml.bestTreeCollapsed
Best ML tree saved to: /data/jeremias/eucs/roadies/output/genes/gene_227_filtered.fa.aln.raxml.bestTree
All ML trees saved to: /data/jeremias/eucs/roadies/output/genes/gene_227_filtered.fa.aln.raxml.mlTrees
Optimized model saved to: /data/jeremias/eucs/roadies/output/genes/gene_227_filtered.fa.aln.raxml.bestModel

Execution log saved to: /data/jeremias/eucs/roadies/output/genes/gene_227_filtered.fa.aln.raxml.log

Analysis started: 29-Jul-2024 16:43:35 / finished: 29-Jul-2024 16:49:55

Elapsed time: 380.240 seconds

