
RAxML-NG v. 1.2.2 released on 11.04.2024 by The Exelixis Lab.
Developed by: Alexey M. Kozlov and Alexandros Stamatakis.
Contributors: Diego Darriba, Tomas Flouri, Benoit Morel, Sarah Lutteropp, Ben Bettisworth, Julia Haag, Anastasis Togkousidis.
Latest version: https://github.com/amkozlov/raxml-ng
Questions/problems/suggestions? Please visit: https://groups.google.com/forum/#!forum/raxml

System: AMD EPYC 7742 64-Core Processor, 128 cores, 1007 GB RAM

RAxML-NG was called at 29-Jul-2024 15:55:16 as follows:

raxml-ng --msa /data/jeremias/eucs/roadies/output/genes/gene_36_filtered.fa.aln --model GTR+G+F --redo --threads auto{4} --blopt nr_safe

Analysis options:
  run mode: ML tree search
  start tree(s): random (10) + parsimony (10)
  random seed: 1722232516
  tip-inner: OFF
  pattern compression: ON
  per-rate scalers: OFF
  site repeats: ON
  logLH epsilon: general: 10.000000, brlen-triplet: 1000.000000
  fast spr radius: AUTO
  spr subtree cutoff: 1.000000
  fast CLV updates: ON
  branch lengths: proportional (ML estimate, algorithm: NR-SAFE)
  SIMD kernels: AVX2
  parallelization: coarse-grained (auto), PTHREADS (auto)

WARNING: Running in REDO mode: existing checkpoints are ignored, and all result files will be overwritten!

[00:00:00] Reading alignment from file: /data/jeremias/eucs/roadies/output/genes/gene_36_filtered.fa.aln
[00:00:00] Loaded alignment with 36 taxa and 584 sites

Alignment comprises 1 partitions and 214 patterns

Partition 0: noname
Model: GTR+FC+G4m
Alignment sites / patterns: 584 / 214
Gaps: 15.51 %
Invariant sites: 61.47 %


NOTE: Binary MSA file created: /data/jeremias/eucs/roadies/output/genes/gene_36_filtered.fa.aln.raxml.rba

Parallelization scheme autoconfig: 4 worker(s) x 1 thread(s)

[00:00:00] Generating 10 random starting tree(s) with 36 taxa
[00:00:00] Generating 10 parsimony starting tree(s) with 36 taxa
Parallel parsimony with 4 threads
Parallel reduction/worker buffer size: 1 KB  / 0 KB

[00:00:00] Data distribution: max. partitions/sites/weight per thread: 1 / 214 / 3424
[00:00:00] Data distribution: max. searches per worker: 5

Starting ML tree search with 20 distinct starting trees

[00:00:00 -4251.326122] Initial branch length optimization
[00:00:00 -3398.120313] Model parameter optimization (eps = 10.000000)
[00:00:00 -3189.525510] AUTODETECT spr round 1 (radius: 5)
[00:00:00 -2706.745292] AUTODETECT spr round 2 (radius: 10)
[00:00:00 -2670.045267] AUTODETECT spr round 3 (radius: 15)
[00:00:00 -2668.780097] AUTODETECT spr round 4 (radius: 20)
[00:00:00 -2668.527116] AUTODETECT spr round 5 (radius: 25)
[00:00:00 -2668.473012] SPR radius for FAST iterations: 20 (autodetect)
[00:00:00 -2668.473012] Model parameter optimization (eps = 3.000000)
[00:00:00 -2637.270230] FAST spr round 1 (radius: 20)
[00:00:00 -2611.925729] FAST spr round 2 (radius: 20)
[00:00:00 -2608.228644] Model parameter optimization (eps = 1.000000)
[00:00:00 -2607.496237] SLOW spr round 1 (radius: 5)
[00:00:01 -2607.047293] SLOW spr round 2 (radius: 10)
[00:00:01] [worker #3] ML tree search #4, logLikelihood: -2607.076796
[00:00:01] [worker #2] ML tree search #3, logLikelihood: -2605.949685
[00:00:01 -2607.047292] SLOW spr round 3 (radius: 15)
[00:00:01 -2607.047292] SLOW spr round 4 (radius: 20)
[00:00:01 -2607.047292] SLOW spr round 5 (radius: 25)
[00:00:01 -2607.047292] Model parameter optimization (eps = 0.100000)

[00:00:01] [worker #0] ML tree search #1, logLikelihood: -2606.700332

[00:00:01 -4277.757889] Initial branch length optimization
[00:00:01 -3429.521830] Model parameter optimization (eps = 10.000000)
[00:00:01] [worker #1] ML tree search #2, logLikelihood: -2606.264084
[00:00:01 -3210.159548] AUTODETECT spr round 1 (radius: 5)
[00:00:01 -2786.304434] AUTODETECT spr round 2 (radius: 10)
[00:00:01 -2676.005049] AUTODETECT spr round 3 (radius: 15)
[00:00:01 -2675.577432] AUTODETECT spr round 4 (radius: 20)
[00:00:01 -2675.473959] AUTODETECT spr round 5 (radius: 25)
[00:00:01 -2675.444882] SPR radius for FAST iterations: 20 (autodetect)
[00:00:01 -2675.444882] Model parameter optimization (eps = 3.000000)
[00:00:01 -2643.334427] FAST spr round 1 (radius: 20)
[00:00:01 -2617.162654] FAST spr round 2 (radius: 20)
[00:00:02 -2614.924551] Model parameter optimization (eps = 1.000000)
[00:00:02 -2614.190753] SLOW spr round 1 (radius: 5)
[00:00:02] [worker #3] ML tree search #8, logLikelihood: -2606.700435
[00:00:02 -2613.508259] SLOW spr round 2 (radius: 10)
[00:00:02 -2607.896052] SLOW spr round 3 (radius: 15)
[00:00:02 -2607.896052] SLOW spr round 4 (radius: 20)
[00:00:02 -2607.896052] SLOW spr round 5 (radius: 25)
[00:00:02 -2607.896052] Model parameter optimization (eps = 0.100000)

[00:00:02] [worker #0] ML tree search #5, logLikelihood: -2607.226550

[00:00:02 -4236.885408] Initial branch length optimization
[00:00:02 -3403.255408] Model parameter optimization (eps = 10.000000)
[00:00:02 -3193.044264] AUTODETECT spr round 1 (radius: 5)
[00:00:02] [worker #2] ML tree search #7, logLikelihood: -2605.189237
[00:00:02 -2776.196048] AUTODETECT spr round 2 (radius: 10)
[00:00:02 -2702.380408] AUTODETECT spr round 3 (radius: 15)
[00:00:02 -2702.073866] AUTODETECT spr round 4 (radius: 20)
[00:00:02 -2702.001088] SPR radius for FAST iterations: 15 (autodetect)
[00:00:02 -2702.001088] Model parameter optimization (eps = 3.000000)
[00:00:02 -2674.307994] FAST spr round 1 (radius: 15)
[00:00:02] [worker #3] ML tree search #12, logLikelihood: -2603.950650
[00:00:03] [worker #1] ML tree search #6, logLikelihood: -2607.084519
[00:00:03 -2615.013291] FAST spr round 2 (radius: 15)
[00:00:03 -2607.318232] Model parameter optimization (eps = 1.000000)
[00:00:03 -2605.954110] SLOW spr round 1 (radius: 5)
[00:00:03] [worker #3] ML tree search #16, logLikelihood: -2603.973491
[00:00:03 -2605.197120] SLOW spr round 2 (radius: 10)
[00:00:03] [worker #2] ML tree search #11, logLikelihood: -2603.950947
[00:00:03 -2605.197113] SLOW spr round 3 (radius: 15)
[00:00:04 -2605.197113] SLOW spr round 4 (radius: 20)
[00:00:04 -2605.197113] SLOW spr round 5 (radius: 25)
[00:00:04 -2605.197113] Model parameter optimization (eps = 0.100000)

[00:00:04] [worker #0] ML tree search #9, logLikelihood: -2605.185980

[00:00:04 -3613.947142] Initial branch length optimization
[00:00:04 -2694.364489] Model parameter optimization (eps = 10.000000)
[00:00:04] [worker #1] ML tree search #10, logLikelihood: -2604.086143
[00:00:04 -2613.305770] AUTODETECT spr round 1 (radius: 5)
[00:00:04 -2604.629859] AUTODETECT spr round 2 (radius: 10)
[00:00:04 -2604.254984] AUTODETECT spr round 3 (radius: 15)
[00:00:04 -2604.103585] AUTODETECT spr round 4 (radius: 20)
[00:00:04 -2604.101240] SPR radius for FAST iterations: 15 (autodetect)
[00:00:04 -2604.101240] Model parameter optimization (eps = 3.000000)
[00:00:04 -2603.953754] FAST spr round 1 (radius: 15)
[00:00:04 -2603.951601] Model parameter optimization (eps = 1.000000)
[00:00:04 -2603.950657] SLOW spr round 1 (radius: 5)
[00:00:04] [worker #3] ML tree search #20, logLikelihood: -2603.950675
[00:00:05 -2603.950651] SLOW spr round 2 (radius: 10)
[00:00:05] [worker #2] ML tree search #15, logLikelihood: -2606.263642
[00:00:05 -2603.950651] SLOW spr round 3 (radius: 15)
[00:00:05 -2603.950651] SLOW spr round 4 (radius: 20)
[00:00:05 -2603.950651] SLOW spr round 5 (radius: 25)
[00:00:05 -2603.950651] Model parameter optimization (eps = 0.100000)

[00:00:05] [worker #0] ML tree search #13, logLikelihood: -2603.950648

[00:00:05 -3640.401848] Initial branch length optimization
[00:00:05 -2698.616659] Model parameter optimization (eps = 10.000000)
[00:00:05] [worker #1] ML tree search #14, logLikelihood: -2603.951489
[00:00:05 -2617.827585] AUTODETECT spr round 1 (radius: 5)
[00:00:05 -2616.473049] AUTODETECT spr round 2 (radius: 10)
[00:00:05 -2616.467940] SPR radius for FAST iterations: 5 (autodetect)
[00:00:05 -2616.467940] Model parameter optimization (eps = 3.000000)
[00:00:05 -2616.452793] FAST spr round 1 (radius: 5)
[00:00:05 -2609.575300] Model parameter optimization (eps = 1.000000)
[00:00:05 -2609.526913] SLOW spr round 1 (radius: 5)
[00:00:06] [worker #2] ML tree search #19, logLikelihood: -2603.951133
[00:00:06 -2606.719951] SLOW spr round 2 (radius: 10)
[00:00:06 -2606.719939] SLOW spr round 3 (radius: 15)
[00:00:06] [worker #1] ML tree search #18, logLikelihood: -2603.951136
[00:00:06 -2606.719939] SLOW spr round 4 (radius: 20)
[00:00:06 -2606.719939] SLOW spr round 5 (radius: 25)
[00:00:06 -2606.719939] Model parameter optimization (eps = 0.100000)

[00:00:06] [worker #0] ML tree search #17, logLikelihood: -2606.700073


Optimized model parameters:

   Partition 0: noname
   Rate heterogeneity: GAMMA (4 cats, mean),  alpha: 0.874605 (ML),  weights&rates: (0.250000,0.111307) (0.250000,0.435522) (0.250000,0.975661) (0.250000,2.477510) 
   Base frequencies (empirical): 0.274278 0.236615 0.277431 0.211676 
   Substitution rates (ML): 0.740556 3.204544 0.772858 1.048289 5.033934 1.000000 


Final LogLikelihood: -2603.950648

AIC score: 5363.901295 / AICc score: 5388.305256 / BIC score: 5704.753572
Free parameters (model + branch lengths): 78

WARNING: Best ML tree contains 9 near-zero branches!

Best ML tree with collapsed near-zero branches saved to: /data/jeremias/eucs/roadies/output/genes/gene_36_filtered.fa.aln.raxml.bestTreeCollapsed
Best ML tree saved to: /data/jeremias/eucs/roadies/output/genes/gene_36_filtered.fa.aln.raxml.bestTree
All ML trees saved to: /data/jeremias/eucs/roadies/output/genes/gene_36_filtered.fa.aln.raxml.mlTrees
Optimized model saved to: /data/jeremias/eucs/roadies/output/genes/gene_36_filtered.fa.aln.raxml.bestModel

Execution log saved to: /data/jeremias/eucs/roadies/output/genes/gene_36_filtered.fa.aln.raxml.log

Analysis started: 29-Jul-2024 15:55:16 / finished: 29-Jul-2024 15:55:23

Elapsed time: 6.597 seconds

