
RAxML-NG v. 1.2.2 released on 11.04.2024 by The Exelixis Lab.
Developed by: Alexey M. Kozlov and Alexandros Stamatakis.
Contributors: Diego Darriba, Tomas Flouri, Benoit Morel, Sarah Lutteropp, Ben Bettisworth, Julia Haag, Anastasis Togkousidis.
Latest version: https://github.com/amkozlov/raxml-ng
Questions/problems/suggestions? Please visit: https://groups.google.com/forum/#!forum/raxml

System: AMD EPYC 7742 64-Core Processor, 128 cores, 1007 GB RAM

RAxML-NG was called at 29-Jul-2024 15:58:38 as follows:

raxml-ng --msa /data/jeremias/eucs/roadies/output/genes/gene_82_filtered.fa.aln --model GTR+G+F --redo --threads auto{4} --blopt nr_safe

Analysis options:
  run mode: ML tree search
  start tree(s): random (10) + parsimony (10)
  random seed: 1722232718
  tip-inner: OFF
  pattern compression: ON
  per-rate scalers: OFF
  site repeats: ON
  logLH epsilon: general: 10.000000, brlen-triplet: 1000.000000
  fast spr radius: AUTO
  spr subtree cutoff: 1.000000
  fast CLV updates: ON
  branch lengths: proportional (ML estimate, algorithm: NR-SAFE)
  SIMD kernels: AVX2
  parallelization: coarse-grained (auto), PTHREADS (auto)

WARNING: Running in REDO mode: existing checkpoints are ignored, and all result files will be overwritten!

[00:00:00] Reading alignment from file: /data/jeremias/eucs/roadies/output/genes/gene_82_filtered.fa.aln
[00:00:00] Loaded alignment with 38 taxa and 515 sites

Alignment comprises 1 partitions and 210 patterns

Partition 0: noname
Model: GTR+FC+G4m
Alignment sites / patterns: 515 / 210
Gaps: 3.53 %
Invariant sites: 62.52 %


NOTE: Binary MSA file created: /data/jeremias/eucs/roadies/output/genes/gene_82_filtered.fa.aln.raxml.rba

Parallelization scheme autoconfig: 4 worker(s) x 1 thread(s)

[00:00:00] Generating 10 random starting tree(s) with 38 taxa
[00:00:00] Generating 10 parsimony starting tree(s) with 38 taxa
Parallel parsimony with 4 threads
Parallel reduction/worker buffer size: 1 KB  / 0 KB

[00:00:00] Data distribution: max. partitions/sites/weight per thread: 1 / 210 / 3360
[00:00:00] Data distribution: max. searches per worker: 5

Starting ML tree search with 20 distinct starting trees

[00:00:00 -4373.803121] Initial branch length optimization
[00:00:00 -3420.454712] Model parameter optimization (eps = 10.000000)
[00:00:00 -3214.559813] AUTODETECT spr round 1 (radius: 5)
[00:00:00 -2697.304156] AUTODETECT spr round 2 (radius: 10)
[00:00:00 -2417.402991] AUTODETECT spr round 3 (radius: 15)
[00:00:00 -2416.582876] AUTODETECT spr round 4 (radius: 20)
[00:00:00 -2416.526866] SPR radius for FAST iterations: 15 (autodetect)
[00:00:00 -2416.526866] Model parameter optimization (eps = 3.000000)
[00:00:00 -2390.692762] FAST spr round 1 (radius: 15)
[00:00:00 -2368.379025] FAST spr round 2 (radius: 15)
[00:00:00 -2366.601625] Model parameter optimization (eps = 1.000000)
[00:00:00 -2366.320036] SLOW spr round 1 (radius: 5)
[00:00:00 -2366.296014] SLOW spr round 2 (radius: 10)
[00:00:00 -2359.735291] SLOW spr round 3 (radius: 15)
[00:00:00 -2359.735255] SLOW spr round 4 (radius: 20)
[00:00:00 -2359.735255] SLOW spr round 5 (radius: 25)
[00:00:00 -2359.735255] Model parameter optimization (eps = 0.100000)

[00:00:01] [worker #0] ML tree search #1, logLikelihood: -2359.597887

[00:00:01 -4370.502752] Initial branch length optimization
[00:00:01] [worker #2] ML tree search #3, logLikelihood: -2353.229244
[00:00:01 -3446.226690] Model parameter optimization (eps = 10.000000)
[00:00:01] [worker #1] ML tree search #2, logLikelihood: -2353.229402
[00:00:01 -3192.380993] AUTODETECT spr round 1 (radius: 5)
[00:00:01 -2765.580519] AUTODETECT spr round 2 (radius: 10)
[00:00:01] [worker #3] ML tree search #4, logLikelihood: -2353.229367
[00:00:01 -2456.851020] AUTODETECT spr round 3 (radius: 15)
[00:00:01 -2455.370059] AUTODETECT spr round 4 (radius: 20)
[00:00:01 -2455.217363] AUTODETECT spr round 5 (radius: 25)
[00:00:01 -2455.204555] SPR radius for FAST iterations: 20 (autodetect)
[00:00:01 -2455.204555] Model parameter optimization (eps = 3.000000)
[00:00:01 -2426.648943] FAST spr round 1 (radius: 20)
[00:00:01 -2376.606442] FAST spr round 2 (radius: 20)
[00:00:01 -2370.035357] Model parameter optimization (eps = 1.000000)
[00:00:01 -2368.582984] SLOW spr round 1 (radius: 5)
[00:00:01 -2355.967609] SLOW spr round 2 (radius: 5)
[00:00:01 -2355.837176] SLOW spr round 3 (radius: 10)
[00:00:02 -2353.392598] SLOW spr round 4 (radius: 15)
[00:00:02] [worker #2] ML tree search #7, logLikelihood: -2353.229370
[00:00:02] [worker #1] ML tree search #6, logLikelihood: -2353.229371
[00:00:02] [worker #3] ML tree search #8, logLikelihood: -2353.229388
[00:00:02 -2353.392598] SLOW spr round 5 (radius: 20)
[00:00:02 -2353.392598] SLOW spr round 6 (radius: 25)
[00:00:02 -2353.392598] Model parameter optimization (eps = 0.100000)

[00:00:02] [worker #0] ML tree search #5, logLikelihood: -2353.229379

[00:00:02 -4446.140754] Initial branch length optimization
[00:00:02 -3487.793407] Model parameter optimization (eps = 10.000000)
[00:00:02 -3223.626129] AUTODETECT spr round 1 (radius: 5)
[00:00:02 -2719.080649] AUTODETECT spr round 2 (radius: 10)
[00:00:02 -2660.595540] AUTODETECT spr round 3 (radius: 15)
[00:00:02 -2592.240931] AUTODETECT spr round 4 (radius: 20)
[00:00:02 -2592.215754] SPR radius for FAST iterations: 15 (autodetect)
[00:00:02 -2592.215754] Model parameter optimization (eps = 3.000000)
[00:00:02 -2576.527553] FAST spr round 1 (radius: 15)
[00:00:02 -2508.679141] FAST spr round 2 (radius: 15)
[00:00:02 -2361.860290] FAST spr round 3 (radius: 15)
[00:00:02 -2361.059932] Model parameter optimization (eps = 1.000000)
[00:00:02] [worker #2] ML tree search #11, logLikelihood: -2353.229375
[00:00:02 -2353.263507] SLOW spr round 1 (radius: 5)
[00:00:02] [worker #3] ML tree search #12, logLikelihood: -2359.326587
[00:00:03 -2353.229801] SLOW spr round 2 (radius: 10)
[00:00:03] [worker #1] ML tree search #10, logLikelihood: -2353.229219
[00:00:03 -2353.229795] SLOW spr round 3 (radius: 15)
[00:00:03 -2353.229795] SLOW spr round 4 (radius: 20)
[00:00:03 -2353.229795] SLOW spr round 5 (radius: 25)
[00:00:03 -2353.229795] Model parameter optimization (eps = 0.100000)

[00:00:03] [worker #0] ML tree search #9, logLikelihood: -2353.229367

[00:00:03 -3266.079400] Initial branch length optimization
[00:00:03 -2422.546287] Model parameter optimization (eps = 10.000000)
[00:00:03 -2376.247725] AUTODETECT spr round 1 (radius: 5)
[00:00:03 -2368.750852] AUTODETECT spr round 2 (radius: 10)
[00:00:03] [worker #2] ML tree search #15, logLikelihood: -2369.735885
[00:00:03 -2365.913426] AUTODETECT spr round 3 (radius: 15)
[00:00:03 -2365.910534] SPR radius for FAST iterations: 10 (autodetect)
[00:00:03 -2365.910534] Model parameter optimization (eps = 3.000000)
[00:00:03 -2365.559710] FAST spr round 1 (radius: 10)
[00:00:03 -2356.296793] Model parameter optimization (eps = 1.000000)
[00:00:03 -2356.135795] SLOW spr round 1 (radius: 5)
[00:00:04 -2353.259778] SLOW spr round 2 (radius: 10)
[00:00:04] [worker #3] ML tree search #16, logLikelihood: -2353.229231
[00:00:04] [worker #1] ML tree search #14, logLikelihood: -2353.229618
[00:00:04 -2353.259778] SLOW spr round 3 (radius: 15)
[00:00:04 -2353.259778] SLOW spr round 4 (radius: 20)
[00:00:04 -2353.259778] SLOW spr round 5 (radius: 25)
[00:00:04 -2353.259778] Model parameter optimization (eps = 0.100000)

[00:00:04] [worker #0] ML tree search #13, logLikelihood: -2353.229374

[00:00:04 -3240.886828] Initial branch length optimization
[00:00:04 -2427.266779] Model parameter optimization (eps = 10.000000)
[00:00:04 -2379.978333] AUTODETECT spr round 1 (radius: 5)
[00:00:04 -2360.545914] AUTODETECT spr round 2 (radius: 10)
[00:00:04 -2360.502669] SPR radius for FAST iterations: 5 (autodetect)
[00:00:04 -2360.502669] Model parameter optimization (eps = 3.000000)
[00:00:04 -2360.161744] FAST spr round 1 (radius: 5)
[00:00:04 -2354.113587] Model parameter optimization (eps = 1.000000)
[00:00:04 -2354.055632] SLOW spr round 1 (radius: 5)
[00:00:04] [worker #2] ML tree search #19, logLikelihood: -2353.229424
[00:00:04 -2353.243533] SLOW spr round 2 (radius: 10)
[00:00:04] [worker #3] ML tree search #20, logLikelihood: -2353.229368
[00:00:04 -2353.243421] SLOW spr round 3 (radius: 15)
[00:00:04] [worker #1] ML tree search #18, logLikelihood: -2353.229373
[00:00:05 -2353.243420] SLOW spr round 4 (radius: 20)
[00:00:05 -2353.243420] SLOW spr round 5 (radius: 25)
[00:00:05 -2353.243420] Model parameter optimization (eps = 0.100000)

[00:00:05] [worker #0] ML tree search #17, logLikelihood: -2353.229466


Optimized model parameters:

   Partition 0: noname
   Rate heterogeneity: GAMMA (4 cats, mean),  alpha: 1.208325 (ML),  weights&rates: (0.250000,0.176558) (0.250000,0.531516) (0.250000,1.027461) (0.250000,2.264465) 
   Base frequencies (empirical): 0.351165 0.221769 0.190042 0.237023 
   Substitution rates (ML): 0.829013 3.144384 0.632965 1.414110 2.764053 1.000000 


Final LogLikelihood: -2353.229219

AIC score: 4870.458439 / AICc score: 4901.967698 / BIC score: 5218.480125
Free parameters (model + branch lengths): 82

WARNING: Best ML tree contains 13 near-zero branches!

Best ML tree with collapsed near-zero branches saved to: /data/jeremias/eucs/roadies/output/genes/gene_82_filtered.fa.aln.raxml.bestTreeCollapsed
Best ML tree saved to: /data/jeremias/eucs/roadies/output/genes/gene_82_filtered.fa.aln.raxml.bestTree
All ML trees saved to: /data/jeremias/eucs/roadies/output/genes/gene_82_filtered.fa.aln.raxml.mlTrees
Optimized model saved to: /data/jeremias/eucs/roadies/output/genes/gene_82_filtered.fa.aln.raxml.bestModel

Execution log saved to: /data/jeremias/eucs/roadies/output/genes/gene_82_filtered.fa.aln.raxml.log

Analysis started: 29-Jul-2024 15:58:38 / finished: 29-Jul-2024 15:58:43

Elapsed time: 5.134 seconds

