
RAxML-NG v. 1.2.2 released on 11.04.2024 by The Exelixis Lab.
Developed by: Alexey M. Kozlov and Alexandros Stamatakis.
Contributors: Diego Darriba, Tomas Flouri, Benoit Morel, Sarah Lutteropp, Ben Bettisworth, Julia Haag, Anastasis Togkousidis.
Latest version: https://github.com/amkozlov/raxml-ng
Questions/problems/suggestions? Please visit: https://groups.google.com/forum/#!forum/raxml

System: AMD EPYC 7742 64-Core Processor, 128 cores, 1007 GB RAM

RAxML-NG was called at 29-Jul-2024 17:28:04 as follows:

raxml-ng --msa /data/jeremias/eucs/roadies/output/genes/gene_145_filtered.fa.aln --model GTR+G+F --redo --threads auto{4} --blopt nr_safe

Analysis options:
  run mode: ML tree search
  start tree(s): random (10) + parsimony (10)
  random seed: 1722238084
  tip-inner: OFF
  pattern compression: ON
  per-rate scalers: OFF
  site repeats: ON
  logLH epsilon: general: 10.000000, brlen-triplet: 1000.000000
  fast spr radius: AUTO
  spr subtree cutoff: 1.000000
  fast CLV updates: ON
  branch lengths: proportional (ML estimate, algorithm: NR-SAFE)
  SIMD kernels: AVX2
  parallelization: coarse-grained (auto), PTHREADS (auto)

WARNING: Running in REDO mode: existing checkpoints are ignored, and all result files will be overwritten!

[00:00:00] Reading alignment from file: /data/jeremias/eucs/roadies/output/genes/gene_145_filtered.fa.aln
[00:00:00] Loaded alignment with 74 taxa and 519 sites

WARNING: Sequences E_cloeziana_1 and E_cloeziana_2 are exactly identical!
WARNING: Duplicate sequences found: 1

NOTE: Reduced alignment (with duplicates and gap-only sites/taxa removed) 
NOTE: was saved to: /data/jeremias/eucs/roadies/output/genes/gene_145_filtered.fa.aln.raxml.reduced.phy

Alignment comprises 1 partitions and 216 patterns

Partition 0: noname
Model: GTR+FC+G4m
Alignment sites / patterns: 519 / 216
Gaps: 6.30 %
Invariant sites: 60.69 %


NOTE: Binary MSA file created: /data/jeremias/eucs/roadies/output/genes/gene_145_filtered.fa.aln.raxml.rba

Parallelization scheme autoconfig: 4 worker(s) x 1 thread(s)

[00:00:00] Generating 10 random starting tree(s) with 74 taxa
[00:00:00] Generating 10 parsimony starting tree(s) with 74 taxa
Parallel parsimony with 4 threads
Parallel reduction/worker buffer size: 1 KB  / 0 KB

[00:00:00] Data distribution: max. partitions/sites/weight per thread: 1 / 216 / 3456
[00:00:00] Data distribution: max. searches per worker: 5

Starting ML tree search with 20 distinct starting trees

[00:00:00 -6817.250756] Initial branch length optimization
[00:00:00 -5515.680593] Model parameter optimization (eps = 10.000000)
[00:00:00 -4879.739338] AUTODETECT spr round 1 (radius: 5)
[00:00:00 -3893.302377] AUTODETECT spr round 2 (radius: 10)
[00:00:00 -3296.071343] AUTODETECT spr round 3 (radius: 15)
[00:00:00 -3210.492384] AUTODETECT spr round 4 (radius: 20)
[00:00:00 -3210.451002] SPR radius for FAST iterations: 15 (autodetect)
[00:00:00 -3210.451002] Model parameter optimization (eps = 3.000000)
[00:00:00 -3195.103086] FAST spr round 1 (radius: 15)
[00:00:01 -2989.609762] FAST spr round 2 (radius: 15)
[00:00:01 -2986.657954] Model parameter optimization (eps = 1.000000)
[00:00:01 -2984.525421] SLOW spr round 1 (radius: 5)
[00:00:01 -2983.561359] SLOW spr round 2 (radius: 10)
[00:00:02 -2983.561354] SLOW spr round 3 (radius: 15)
[00:00:02 -2983.561354] SLOW spr round 4 (radius: 20)
[00:00:02 -2983.561354] SLOW spr round 5 (radius: 25)
[00:00:03 -2983.561354] Model parameter optimization (eps = 0.100000)

[00:00:03] [worker #0] ML tree search #1, logLikelihood: -2983.556020

[00:00:03 -6830.452186] Initial branch length optimization
[00:00:03 -5532.505644] Model parameter optimization (eps = 10.000000)
[00:00:03 -4881.753912] AUTODETECT spr round 1 (radius: 5)
[00:00:03 -3858.284435] AUTODETECT spr round 2 (radius: 10)
[00:00:03] [worker #1] ML tree search #2, logLikelihood: -2981.640851
[00:00:03 -3210.239387] AUTODETECT spr round 3 (radius: 15)
[00:00:03] [worker #2] ML tree search #3, logLikelihood: -2981.640850
[00:00:03 -3098.829857] AUTODETECT spr round 4 (radius: 20)
[00:00:04 -3098.794752] SPR radius for FAST iterations: 15 (autodetect)
[00:00:04 -3098.794752] Model parameter optimization (eps = 3.000000)
[00:00:04] [worker #3] ML tree search #4, logLikelihood: -2983.555805
[00:00:04 -3075.962403] FAST spr round 1 (radius: 15)
[00:00:04 -2993.617741] FAST spr round 2 (radius: 15)
[00:00:04 -2982.537905] FAST spr round 3 (radius: 15)
[00:00:04 -2982.537899] Model parameter optimization (eps = 1.000000)
[00:00:04 -2982.114208] SLOW spr round 1 (radius: 5)
[00:00:05 -2981.644956] SLOW spr round 2 (radius: 10)
[00:00:06 -2981.644938] SLOW spr round 3 (radius: 15)
[00:00:06 -2981.644938] SLOW spr round 4 (radius: 20)
[00:00:07] [worker #1] ML tree search #6, logLikelihood: -2981.640850
[00:00:07 -2981.644938] SLOW spr round 5 (radius: 25)
[00:00:07] [worker #2] ML tree search #7, logLikelihood: -2981.640827
[00:00:07 -2981.644938] Model parameter optimization (eps = 0.100000)

[00:00:07] [worker #0] ML tree search #5, logLikelihood: -2981.640840

[00:00:08 -6852.321305] Initial branch length optimization
[00:00:08 -5540.911018] Model parameter optimization (eps = 10.000000)
[00:00:08] [worker #3] ML tree search #8, logLikelihood: -2983.556073
[00:00:08 -4845.740143] AUTODETECT spr round 1 (radius: 5)
[00:00:08 -3829.843008] AUTODETECT spr round 2 (radius: 10)
[00:00:08 -3396.119515] AUTODETECT spr round 3 (radius: 15)
[00:00:09 -3246.169480] AUTODETECT spr round 4 (radius: 20)
[00:00:09 -3159.034926] AUTODETECT spr round 5 (radius: 25)
[00:00:09 -3158.759057] SPR radius for FAST iterations: 25 (autodetect)
[00:00:09 -3158.759057] Model parameter optimization (eps = 3.000000)
[00:00:09 -3136.916918] FAST spr round 1 (radius: 25)
[00:00:09 -2993.557582] FAST spr round 2 (radius: 25)
[00:00:10 -2986.461207] Model parameter optimization (eps = 1.000000)
[00:00:10 -2984.784701] SLOW spr round 1 (radius: 5)
[00:00:10 -2983.565087] SLOW spr round 2 (radius: 10)
[00:00:11 -2981.780011] SLOW spr round 3 (radius: 15)
[00:00:11] [worker #3] ML tree search #12, logLikelihood: -2981.640824
[00:00:11] [worker #1] ML tree search #10, logLikelihood: -2981.640943
[00:00:11] [worker #2] ML tree search #11, logLikelihood: -2981.640813
[00:00:11 -2981.779924] SLOW spr round 4 (radius: 20)
[00:00:11 -2981.779923] SLOW spr round 5 (radius: 25)
[00:00:12 -2981.779923] Model parameter optimization (eps = 0.100000)

[00:00:12] [worker #0] ML tree search #9, logLikelihood: -2981.640852

[00:00:12 -4355.877815] Initial branch length optimization
[00:00:12 -3156.772343] Model parameter optimization (eps = 10.000000)
[00:00:12 -3006.918530] AUTODETECT spr round 1 (radius: 5)
[00:00:12 -2981.728881] AUTODETECT spr round 2 (radius: 10)
[00:00:12 -2981.698701] SPR radius for FAST iterations: 5 (autodetect)
[00:00:12 -2981.698701] Model parameter optimization (eps = 3.000000)
[00:00:12 -2981.641221] FAST spr round 1 (radius: 5)
[00:00:12 -2981.641171] Model parameter optimization (eps = 1.000000)
[00:00:12 -2981.640889] SLOW spr round 1 (radius: 5)
[00:00:13 -2981.640849] SLOW spr round 2 (radius: 10)
[00:00:13 -2981.640849] SLOW spr round 3 (radius: 15)
[00:00:13] [worker #2] ML tree search #15, logLikelihood: -2981.640978
[00:00:14 -2981.640849] SLOW spr round 4 (radius: 20)
[00:00:14] [worker #1] ML tree search #14, logLikelihood: -2981.640858
[00:00:14 -2981.640849] SLOW spr round 5 (radius: 25)
[00:00:14 -2981.640849] Model parameter optimization (eps = 0.100000)
[00:00:14] [worker #3] ML tree search #16, logLikelihood: -2981.640859

[00:00:14] [worker #0] ML tree search #13, logLikelihood: -2981.640847

[00:00:14 -4342.283502] Initial branch length optimization
[00:00:14 -3133.380556] Model parameter optimization (eps = 10.000000)
[00:00:15 -2990.175598] AUTODETECT spr round 1 (radius: 5)
[00:00:15 -2983.618758] AUTODETECT spr round 2 (radius: 10)
[00:00:15 -2983.614413] SPR radius for FAST iterations: 5 (autodetect)
[00:00:15 -2983.614413] Model parameter optimization (eps = 3.000000)
[00:00:15 -2983.556282] FAST spr round 1 (radius: 5)
[00:00:15 -2983.556162] Model parameter optimization (eps = 1.000000)
[00:00:15 -2983.556148] SLOW spr round 1 (radius: 5)
[00:00:16 -2983.555774] SLOW spr round 2 (radius: 10)
[00:00:16] [worker #1] ML tree search #18, logLikelihood: -2981.640891
[00:00:16] [worker #2] ML tree search #19, logLikelihood: -2981.640999
[00:00:16 -2981.776254] SLOW spr round 3 (radius: 15)
[00:00:16 -2981.776175] SLOW spr round 4 (radius: 20)
[00:00:17 -2981.776175] SLOW spr round 5 (radius: 25)
[00:00:17] [worker #3] ML tree search #20, logLikelihood: -2981.640925
[00:00:17 -2981.776175] Model parameter optimization (eps = 0.100000)

[00:00:17] [worker #0] ML tree search #17, logLikelihood: -2981.640863


Optimized model parameters:

   Partition 0: noname
   Rate heterogeneity: GAMMA (4 cats, mean),  alpha: 0.514132 (ML),  weights&rates: (0.250000,0.036036) (0.250000,0.261041) (0.250000,0.830285) (0.250000,2.872638) 
   Base frequencies (empirical): 0.265909 0.191158 0.348385 0.194548 
   Substitution rates (ML): 0.995478 4.102713 1.194331 1.007322 9.545431 1.000000 


Final LogLikelihood: -2981.640813

AIC score: 6271.281627 / AICc score: 6402.435473 / BIC score: 6926.074825
Free parameters (model + branch lengths): 154

WARNING: Best ML tree contains 27 near-zero branches!

Best ML tree with collapsed near-zero branches saved to: /data/jeremias/eucs/roadies/output/genes/gene_145_filtered.fa.aln.raxml.bestTreeCollapsed
Best ML tree saved to: /data/jeremias/eucs/roadies/output/genes/gene_145_filtered.fa.aln.raxml.bestTree
All ML trees saved to: /data/jeremias/eucs/roadies/output/genes/gene_145_filtered.fa.aln.raxml.mlTrees
Optimized model saved to: /data/jeremias/eucs/roadies/output/genes/gene_145_filtered.fa.aln.raxml.bestModel

Execution log saved to: /data/jeremias/eucs/roadies/output/genes/gene_145_filtered.fa.aln.raxml.log

Analysis started: 29-Jul-2024 17:28:04 / finished: 29-Jul-2024 17:28:22

Elapsed time: 17.662 seconds

