
RAxML-NG v. 1.2.2 released on 11.04.2024 by The Exelixis Lab.
Developed by: Alexey M. Kozlov and Alexandros Stamatakis.
Contributors: Diego Darriba, Tomas Flouri, Benoit Morel, Sarah Lutteropp, Ben Bettisworth, Julia Haag, Anastasis Togkousidis.
Latest version: https://github.com/amkozlov/raxml-ng
Questions/problems/suggestions? Please visit: https://groups.google.com/forum/#!forum/raxml

System: AMD EPYC 7742 64-Core Processor, 128 cores, 1007 GB RAM

RAxML-NG was called at 03-Jul-2024 20:26:51 as follows:

raxml-ng --msa /data/jeremias/eucs/roadies/output/genes/gene_20_filtered.fa.aln --model GTR+G+F --redo --threads auto{4} --blopt nr_safe

Analysis options:
  run mode: ML tree search
  start tree(s): random (10) + parsimony (10)
  random seed: 1720002411
  tip-inner: OFF
  pattern compression: ON
  per-rate scalers: OFF
  site repeats: ON
  logLH epsilon: general: 10.000000, brlen-triplet: 1000.000000
  fast spr radius: AUTO
  spr subtree cutoff: 1.000000
  fast CLV updates: ON
  branch lengths: proportional (ML estimate, algorithm: NR-SAFE)
  SIMD kernels: AVX2
  parallelization: coarse-grained (auto), PTHREADS (auto)

WARNING: Running in REDO mode: existing checkpoints are ignored, and all result files will be overwritten!

[00:00:00] Reading alignment from file: /data/jeremias/eucs/roadies/output/genes/gene_20_filtered.fa.aln
[00:00:00] Loaded alignment with 39 taxa and 553 sites

Alignment comprises 1 partitions and 197 patterns

Partition 0: noname
Model: GTR+FC+G4m
Alignment sites / patterns: 553 / 197
Gaps: 9.23 %
Invariant sites: 66.91 %


NOTE: Binary MSA file created: /data/jeremias/eucs/roadies/output/genes/gene_20_filtered.fa.aln.raxml.rba

Parallelization scheme autoconfig: 4 worker(s) x 1 thread(s)

[00:00:00] Generating 10 random starting tree(s) with 39 taxa
[00:00:00] Generating 10 parsimony starting tree(s) with 39 taxa
Parallel parsimony with 4 threads
Parallel reduction/worker buffer size: 1 KB  / 0 KB

[00:00:00] Data distribution: max. partitions/sites/weight per thread: 1 / 197 / 3152
[00:00:00] Data distribution: max. searches per worker: 5

Starting ML tree search with 20 distinct starting trees

[00:00:00 -4293.394120] Initial branch length optimization
[00:00:00 -3412.807402] Model parameter optimization (eps = 10.000000)
[00:00:00 -3229.597627] AUTODETECT spr round 1 (radius: 5)
[00:00:00 -2718.619192] AUTODETECT spr round 2 (radius: 10)
[00:00:00 -2554.649441] AUTODETECT spr round 3 (radius: 15)
[00:00:00 -2554.495621] AUTODETECT spr round 4 (radius: 20)
[00:00:00 -2554.485013] SPR radius for FAST iterations: 15 (autodetect)
[00:00:00 -2554.485013] Model parameter optimization (eps = 3.000000)
[00:00:00 -2540.016701] FAST spr round 1 (radius: 15)
[00:00:00 -2478.338283] FAST spr round 2 (radius: 15)
[00:00:00 -2459.548571] FAST spr round 3 (radius: 15)
[00:00:00 -2459.548531] Model parameter optimization (eps = 1.000000)
[00:00:00 -2458.927878] SLOW spr round 1 (radius: 5)
[00:00:00 -2458.878018] SLOW spr round 2 (radius: 10)
[00:00:01 -2458.878018] SLOW spr round 3 (radius: 15)
[00:00:01] [worker #2] ML tree search #3, logLikelihood: -2456.569111
[00:00:01] [worker #3] ML tree search #4, logLikelihood: -2454.917146
[00:00:01 -2458.878018] SLOW spr round 4 (radius: 20)
[00:00:01 -2458.878018] SLOW spr round 5 (radius: 25)
[00:00:01 -2458.878018] Model parameter optimization (eps = 0.100000)

[00:00:01] [worker #0] ML tree search #1, logLikelihood: -2458.875693

[00:00:01 -4404.864979] Initial branch length optimization
[00:00:01 -3541.702552] Model parameter optimization (eps = 10.000000)
[00:00:01 -3336.213851] AUTODETECT spr round 1 (radius: 5)
[00:00:01] [worker #1] ML tree search #2, logLikelihood: -2456.557267
[00:00:01 -2598.438717] AUTODETECT spr round 2 (radius: 10)
[00:00:01 -2548.833902] AUTODETECT spr round 3 (radius: 15)
[00:00:01 -2548.595668] AUTODETECT spr round 4 (radius: 20)
[00:00:01 -2548.580929] SPR radius for FAST iterations: 15 (autodetect)
[00:00:01 -2548.580929] Model parameter optimization (eps = 3.000000)
[00:00:01 -2532.966707] FAST spr round 1 (radius: 15)
[00:00:01 -2464.069392] FAST spr round 2 (radius: 15)
[00:00:01 -2458.800286] Model parameter optimization (eps = 1.000000)
[00:00:01 -2457.319707] SLOW spr round 1 (radius: 5)
[00:00:02 -2456.602859] SLOW spr round 2 (radius: 10)
[00:00:02] [worker #2] ML tree search #7, logLikelihood: -2456.885846
[00:00:02] [worker #3] ML tree search #8, logLikelihood: -2456.568752
[00:00:02 -2456.602850] SLOW spr round 3 (radius: 15)
[00:00:02 -2456.602850] SLOW spr round 4 (radius: 20)
[00:00:02 -2456.602850] SLOW spr round 5 (radius: 25)
[00:00:02 -2456.602850] Model parameter optimization (eps = 0.100000)
[00:00:02] [worker #1] ML tree search #6, logLikelihood: -2454.917560

[00:00:02] [worker #0] ML tree search #5, logLikelihood: -2456.568748

[00:00:02 -4330.254083] Initial branch length optimization
[00:00:02 -3483.840305] Model parameter optimization (eps = 10.000000)
[00:00:02 -3284.706721] AUTODETECT spr round 1 (radius: 5)
[00:00:02 -2703.911938] AUTODETECT spr round 2 (radius: 10)
[00:00:02 -2627.747850] AUTODETECT spr round 3 (radius: 15)
[00:00:02 -2627.734722] SPR radius for FAST iterations: 10 (autodetect)
[00:00:02 -2627.734722] Model parameter optimization (eps = 3.000000)
[00:00:02 -2620.181274] FAST spr round 1 (radius: 10)
[00:00:02 -2468.556687] FAST spr round 2 (radius: 10)
[00:00:02 -2463.750065] Model parameter optimization (eps = 1.000000)
[00:00:02] [worker #3] ML tree search #12, logLikelihood: -2454.944244
[00:00:02 -2458.846743] SLOW spr round 1 (radius: 5)
[00:00:02] [worker #2] ML tree search #11, logLikelihood: -2456.568949
[00:00:03 -2457.104345] SLOW spr round 2 (radius: 10)
[00:00:03 -2457.104343] SLOW spr round 3 (radius: 15)
[00:00:03] [worker #1] ML tree search #10, logLikelihood: -2456.568819
[00:00:03 -2457.104343] SLOW spr round 4 (radius: 20)
[00:00:03 -2457.104343] SLOW spr round 5 (radius: 25)
[00:00:03 -2457.104343] Model parameter optimization (eps = 0.100000)

[00:00:03] [worker #0] ML tree search #9, logLikelihood: -2457.057256

[00:00:03 -3355.792742] Initial branch length optimization
[00:00:03 -2527.075322] Model parameter optimization (eps = 10.000000)
[00:00:03 -2462.567342] AUTODETECT spr round 1 (radius: 5)
[00:00:03 -2457.775853] AUTODETECT spr round 2 (radius: 10)
[00:00:03 -2457.752967] SPR radius for FAST iterations: 5 (autodetect)
[00:00:03 -2457.752967] Model parameter optimization (eps = 3.000000)
[00:00:03 -2457.547611] FAST spr round 1 (radius: 5)
[00:00:03] [worker #3] ML tree search #16, logLikelihood: -2456.551453
[00:00:03 -2457.514808] Model parameter optimization (eps = 1.000000)
[00:00:03] [worker #2] ML tree search #15, logLikelihood: -2456.568735
[00:00:03 -2457.504816] SLOW spr round 1 (radius: 5)
[00:00:04 -2457.283846] SLOW spr round 2 (radius: 10)
[00:00:04 -2456.921170] SLOW spr round 3 (radius: 15)
[00:00:04] [worker #1] ML tree search #14, logLikelihood: -2459.141966
[00:00:04 -2456.921036] SLOW spr round 4 (radius: 20)
[00:00:04 -2456.921036] SLOW spr round 5 (radius: 25)
[00:00:04 -2456.921036] Model parameter optimization (eps = 0.100000)

[00:00:04] [worker #0] ML tree search #13, logLikelihood: -2456.885454

[00:00:04 -3363.501542] Initial branch length optimization
[00:00:04 -2540.684919] Model parameter optimization (eps = 10.000000)
[00:00:04 -2476.588457] AUTODETECT spr round 1 (radius: 5)
[00:00:04 -2459.452373] AUTODETECT spr round 2 (radius: 10)
[00:00:04] [worker #3] ML tree search #20, logLikelihood: -2456.568746
[00:00:04 -2459.220467] AUTODETECT spr round 3 (radius: 15)
[00:00:04 -2459.179731] SPR radius for FAST iterations: 10 (autodetect)
[00:00:04 -2459.179731] Model parameter optimization (eps = 3.000000)
[00:00:04 -2458.854809] FAST spr round 1 (radius: 10)
[00:00:04] [worker #2] ML tree search #19, logLikelihood: -2456.551538
[00:00:04 -2457.368859] Model parameter optimization (eps = 1.000000)
[00:00:04 -2457.334237] SLOW spr round 1 (radius: 5)
[00:00:04 -2457.079207] SLOW spr round 2 (radius: 10)
[00:00:05] [worker #1] ML tree search #18, logLikelihood: -2456.557210
[00:00:05 -2457.079200] SLOW spr round 3 (radius: 15)
[00:00:05 -2457.079200] SLOW spr round 4 (radius: 20)
[00:00:05 -2457.079200] SLOW spr round 5 (radius: 25)
[00:00:05 -2457.079200] Model parameter optimization (eps = 0.100000)

[00:00:05] [worker #0] ML tree search #17, logLikelihood: -2457.057238


Optimized model parameters:

   Partition 0: noname
   Rate heterogeneity: GAMMA (4 cats, mean),  alpha: 0.776347 (ML),  weights&rates: (0.250000,0.090517) (0.250000,0.397434) (0.250000,0.950179) (0.250000,2.561870) 
   Base frequencies (empirical): 0.301594 0.215417 0.188598 0.294391 
   Substitution rates (ML): 0.875877 3.117653 0.473795 0.635138 2.774991 1.000000 


Final LogLikelihood: -2454.917146

AIC score: 5077.834292 / AICc score: 5108.347113 / BIC score: 5440.324364
Free parameters (model + branch lengths): 84

WARNING: Best ML tree contains 9 near-zero branches!

Best ML tree with collapsed near-zero branches saved to: /data/jeremias/eucs/roadies/output/genes/gene_20_filtered.fa.aln.raxml.bestTreeCollapsed
Best ML tree saved to: /data/jeremias/eucs/roadies/output/genes/gene_20_filtered.fa.aln.raxml.bestTree
All ML trees saved to: /data/jeremias/eucs/roadies/output/genes/gene_20_filtered.fa.aln.raxml.mlTrees
Optimized model saved to: /data/jeremias/eucs/roadies/output/genes/gene_20_filtered.fa.aln.raxml.bestModel

Execution log saved to: /data/jeremias/eucs/roadies/output/genes/gene_20_filtered.fa.aln.raxml.log

Analysis started: 03-Jul-2024 20:26:51 / finished: 03-Jul-2024 20:26:56

Elapsed time: 5.187 seconds

