
RAxML-NG v. 1.2.2 released on 11.04.2024 by The Exelixis Lab.
Developed by: Alexey M. Kozlov and Alexandros Stamatakis.
Contributors: Diego Darriba, Tomas Flouri, Benoit Morel, Sarah Lutteropp, Ben Bettisworth, Julia Haag, Anastasis Togkousidis.
Latest version: https://github.com/amkozlov/raxml-ng
Questions/problems/suggestions? Please visit: https://groups.google.com/forum/#!forum/raxml

System: AMD EPYC 7742 64-Core Processor, 128 cores, 1007 GB RAM

RAxML-NG was called at 29-Jul-2024 14:03:50 as follows:

raxml-ng --msa /data/jeremias/eucs/roadies/output/genes/gene_58_filtered.fa.aln --model GTR+G+F --redo --threads auto{4} --blopt nr_safe

Analysis options:
  run mode: ML tree search
  start tree(s): random (10) + parsimony (10)
  random seed: 1722225830
  tip-inner: OFF
  pattern compression: ON
  per-rate scalers: OFF
  site repeats: ON
  logLH epsilon: general: 10.000000, brlen-triplet: 1000.000000
  fast spr radius: AUTO
  spr subtree cutoff: 1.000000
  fast CLV updates: ON
  branch lengths: proportional (ML estimate, algorithm: NR-SAFE)
  SIMD kernels: AVX2
  parallelization: coarse-grained (auto), PTHREADS (auto)

WARNING: Running in REDO mode: existing checkpoints are ignored, and all result files will be overwritten!

[00:00:00] Reading alignment from file: /data/jeremias/eucs/roadies/output/genes/gene_58_filtered.fa.aln
[00:00:00] Loaded alignment with 330 taxa and 501 sites

Alignment comprises 1 partitions and 493 patterns

Partition 0: noname
Model: GTR+FC+G4m
Alignment sites / patterns: 501 / 493
Gaps: 1.09 %
Invariant sites: 4.39 %


NOTE: Binary MSA file created: /data/jeremias/eucs/roadies/output/genes/gene_58_filtered.fa.aln.raxml.rba

Parallelization scheme autoconfig: 4 worker(s) x 1 thread(s)

[00:00:00] Generating 10 random starting tree(s) with 330 taxa
[00:00:00] Generating 10 parsimony starting tree(s) with 330 taxa
Parallel parsimony with 4 threads
Parallel reduction/worker buffer size: 1 KB  / 0 KB

[00:00:00] Data distribution: max. partitions/sites/weight per thread: 1 / 493 / 7888
[00:00:00] Data distribution: max. searches per worker: 5

Starting ML tree search with 20 distinct starting trees

[00:00:00 -91967.681675] Initial branch length optimization
[00:00:00 -74838.141201] Model parameter optimization (eps = 10.000000)
[00:00:06 -69906.673448] AUTODETECT spr round 1 (radius: 5)
[00:00:09 -50628.470711] AUTODETECT spr round 2 (radius: 10)
[00:00:12 -38863.791761] AUTODETECT spr round 3 (radius: 15)
[00:00:15 -33408.865183] AUTODETECT spr round 4 (radius: 20)
[00:00:21 -31863.027505] AUTODETECT spr round 5 (radius: 25)
[00:00:27 -31857.995256] SPR radius for FAST iterations: 25 (autodetect)
[00:00:27 -31857.995256] Model parameter optimization (eps = 3.000000)
[00:00:30 -31492.191682] FAST spr round 1 (radius: 25)
[00:00:33 -28329.104864] FAST spr round 2 (radius: 25)
[00:00:35 -28182.137191] FAST spr round 3 (radius: 25)
[00:00:37 -28177.295595] Model parameter optimization (eps = 1.000000)
[00:00:38 -28172.489921] SLOW spr round 1 (radius: 5)
[00:00:45 -28164.819902] SLOW spr round 2 (radius: 10)
[00:00:50 -28164.819733] SLOW spr round 3 (radius: 15)
[00:00:56 -28163.423400] SLOW spr round 4 (radius: 20)
[00:01:02 -28163.423300] SLOW spr round 5 (radius: 25)
[00:01:06] [worker #1] ML tree search #2, logLikelihood: -28163.954829
[00:01:09] [worker #2] ML tree search #3, logLikelihood: -28161.816438
[00:01:11 -28163.423290] Model parameter optimization (eps = 0.100000)

[00:01:12] [worker #0] ML tree search #1, logLikelihood: -28163.401244

[00:01:12 -92337.773221] Initial branch length optimization
[00:01:12 -75094.248218] Model parameter optimization (eps = 10.000000)
[00:01:15] [worker #3] ML tree search #4, logLikelihood: -28577.068626
[00:01:15 -70375.774192] AUTODETECT spr round 1 (radius: 5)
[00:01:16 -50891.751506] AUTODETECT spr round 2 (radius: 10)
[00:01:18 -40354.639207] AUTODETECT spr round 3 (radius: 15)
[00:01:21 -36921.599576] AUTODETECT spr round 4 (radius: 20)
[00:01:25 -34615.417004] AUTODETECT spr round 5 (radius: 25)
[00:01:30 -34131.960911] SPR radius for FAST iterations: 25 (autodetect)
[00:01:30 -34131.960911] Model parameter optimization (eps = 3.000000)
[00:01:31 -33834.012282] FAST spr round 1 (radius: 25)
[00:01:34 -28727.056492] FAST spr round 2 (radius: 25)
[00:01:37 -28220.579803] FAST spr round 3 (radius: 25)
[00:01:39 -28213.517962] Model parameter optimization (eps = 1.000000)
[00:01:39 -28174.348898] SLOW spr round 1 (radius: 5)
[00:01:44 -28166.220507] SLOW spr round 2 (radius: 10)
[00:01:49 -28166.219987] SLOW spr round 3 (radius: 15)
[00:01:54 -28166.219932] SLOW spr round 4 (radius: 20)
[00:01:59 -28166.219926] SLOW spr round 5 (radius: 25)
[00:02:03] [worker #1] ML tree search #6, logLikelihood: -28161.063805
[00:02:04] [worker #2] ML tree search #7, logLikelihood: -28161.414001
[00:02:07 -28166.219926] Model parameter optimization (eps = 0.100000)

[00:02:07] [worker #0] ML tree search #5, logLikelihood: -28166.205931

[00:02:07 -90901.764158] Initial branch length optimization
[00:02:07 -73840.926581] Model parameter optimization (eps = 10.000000)
[00:02:07] [worker #3] ML tree search #8, logLikelihood: -28165.984355
[00:02:09 -69192.932074] AUTODETECT spr round 1 (radius: 5)
[00:02:10 -51363.945880] AUTODETECT spr round 2 (radius: 10)
[00:02:13 -41106.319124] AUTODETECT spr round 3 (radius: 15)
[00:02:16 -36272.821893] AUTODETECT spr round 4 (radius: 20)
[00:02:20 -33620.371771] AUTODETECT spr round 5 (radius: 25)
[00:02:23 -33238.143473] SPR radius for FAST iterations: 25 (autodetect)
[00:02:23 -33238.143473] Model parameter optimization (eps = 3.000000)
[00:02:26 -32854.197108] FAST spr round 1 (radius: 25)
[00:02:29 -28435.567750] FAST spr round 2 (radius: 25)
[00:02:30 -28186.275899] FAST spr round 3 (radius: 25)
[00:02:32 -28178.486896] Model parameter optimization (eps = 1.000000)
[00:02:33 -28171.819105] SLOW spr round 1 (radius: 5)
[00:02:37 -28166.049667] SLOW spr round 2 (radius: 10)
[00:02:42 -28166.049513] SLOW spr round 3 (radius: 15)
[00:02:47 -28162.063239] SLOW spr round 4 (radius: 20)
[00:02:54 -28162.063104] SLOW spr round 5 (radius: 25)
[00:02:55] [worker #2] ML tree search #11, logLikelihood: -28161.815124
[00:02:58] [worker #3] ML tree search #12, logLikelihood: -28159.795787
[00:03:00] [worker #1] ML tree search #10, logLikelihood: -28161.102894
[00:03:05 -28162.063092] Model parameter optimization (eps = 0.100000)

[00:03:05] [worker #0] ML tree search #9, logLikelihood: -28162.044266

[00:03:05 -33890.689700] Initial branch length optimization
[00:03:06 -30113.683775] Model parameter optimization (eps = 10.000000)
[00:03:07 -28343.389530] AUTODETECT spr round 1 (radius: 5)
[00:03:09 -28225.531441] AUTODETECT spr round 2 (radius: 10)
[00:03:11 -28223.687957] AUTODETECT spr round 3 (radius: 15)
[00:03:15 -28215.036319] AUTODETECT spr round 4 (radius: 20)
[00:03:19 -28214.045298] AUTODETECT spr round 5 (radius: 25)
[00:03:25 -28213.889625] SPR radius for FAST iterations: 25 (autodetect)
[00:03:25 -28213.889625] Model parameter optimization (eps = 3.000000)
[00:03:25 -28211.339599] FAST spr round 1 (radius: 25)
[00:03:29 -28168.158571] FAST spr round 2 (radius: 25)
[00:03:33 -28166.183968] Model parameter optimization (eps = 1.000000)
[00:03:33 -28166.157250] SLOW spr round 1 (radius: 5)
[00:03:39 -28161.438906] SLOW spr round 2 (radius: 10)
[00:03:44 -28161.437385] SLOW spr round 3 (radius: 15)
[00:03:50 -28161.436290] SLOW spr round 4 (radius: 20)
[00:03:57] [worker #2] ML tree search #15, logLikelihood: -28163.942707
[00:04:01 -28161.435240] SLOW spr round 5 (radius: 25)
[00:04:04] [worker #3] ML tree search #16, logLikelihood: -28174.319515
[00:04:13] [worker #1] ML tree search #14, logLikelihood: -28163.719247
[00:04:16 -28161.434196] Model parameter optimization (eps = 0.100000)

[00:04:16] [worker #0] ML tree search #13, logLikelihood: -28161.428317

[00:04:16 -33964.914571] Initial branch length optimization
[00:04:17 -30184.236763] Model parameter optimization (eps = 10.000000)
[00:04:19 -28427.830486] AUTODETECT spr round 1 (radius: 5)
[00:04:21 -28218.341768] AUTODETECT spr round 2 (radius: 10)
[00:04:25 -28192.561638] AUTODETECT spr round 3 (radius: 15)
[00:04:31 -28191.179347] AUTODETECT spr round 4 (radius: 20)
[00:04:38 -28190.558003] AUTODETECT spr round 5 (radius: 25)
[00:04:46 -28190.268772] SPR radius for FAST iterations: 25 (autodetect)
[00:04:46 -28190.268772] Model parameter optimization (eps = 3.000000)
[00:04:47 -28185.666438] FAST spr round 1 (radius: 25)
[00:04:50 -28168.999138] FAST spr round 2 (radius: 25)
[00:04:52 -28168.431445] Model parameter optimization (eps = 1.000000)
[00:04:52 -28168.414884] SLOW spr round 1 (radius: 5)
[00:04:58 -28164.243080] SLOW spr round 2 (radius: 10)
[00:05:04 -28161.829571] SLOW spr round 3 (radius: 15)
[00:05:09 -28161.829501] SLOW spr round 4 (radius: 20)
[00:05:12] [worker #2] ML tree search #19, logLikelihood: -28198.444291
[00:05:16] [worker #1] ML tree search #18, logLikelihood: -28172.784989
[00:05:16 -28161.829498] SLOW spr round 5 (radius: 25)
[00:05:19] [worker #3] ML tree search #20, logLikelihood: -28162.252392
[00:05:26 -28161.829497] Model parameter optimization (eps = 0.100000)

[00:05:26] [worker #0] ML tree search #17, logLikelihood: -28161.815399


Optimized model parameters:

   Partition 0: noname
   Rate heterogeneity: GAMMA (4 cats, mean),  alpha: 1.500907 (ML),  weights&rates: (0.250000,0.225463) (0.250000,0.588707) (0.250000,1.050475) (0.250000,2.135355) 
   Base frequencies (empirical): 0.336638 0.194095 0.217009 0.252258 
   Substitution rates (ML): 1.681839 4.332499 0.994156 0.507515 6.987595 1.000000 


Final LogLikelihood: -28159.795787

AIC score: 57651.591574 / AICc score: 946095.591574 / BIC score: 60459.851237
Free parameters (model + branch lengths): 666

WARNING: Number of free parameters (K=666) is larger than alignment size (n=501).
         This might lead to overfitting and compromise tree inference results!


WARNING: Best ML tree contains 65 near-zero branches!

Best ML tree with collapsed near-zero branches saved to: /data/jeremias/eucs/roadies/output/genes/gene_58_filtered.fa.aln.raxml.bestTreeCollapsed
Best ML tree saved to: /data/jeremias/eucs/roadies/output/genes/gene_58_filtered.fa.aln.raxml.bestTree
All ML trees saved to: /data/jeremias/eucs/roadies/output/genes/gene_58_filtered.fa.aln.raxml.mlTrees
Optimized model saved to: /data/jeremias/eucs/roadies/output/genes/gene_58_filtered.fa.aln.raxml.bestModel

Execution log saved to: /data/jeremias/eucs/roadies/output/genes/gene_58_filtered.fa.aln.raxml.log

Analysis started: 29-Jul-2024 14:03:50 / finished: 29-Jul-2024 14:09:17

Elapsed time: 326.329 seconds

