
RAxML-NG v. 1.2.2 released on 11.04.2024 by The Exelixis Lab.
Developed by: Alexey M. Kozlov and Alexandros Stamatakis.
Contributors: Diego Darriba, Tomas Flouri, Benoit Morel, Sarah Lutteropp, Ben Bettisworth, Julia Haag, Anastasis Togkousidis.
Latest version: https://github.com/amkozlov/raxml-ng
Questions/problems/suggestions? Please visit: https://groups.google.com/forum/#!forum/raxml

System: AMD EPYC 7742 64-Core Processor, 128 cores, 1007 GB RAM

RAxML-NG was called at 29-Jul-2024 17:15:26 as follows:

raxml-ng --msa /data/jeremias/eucs/roadies/output/genes/gene_155_filtered.fa.aln --model GTR+G+F --redo --threads auto{4} --blopt nr_safe

Analysis options:
  run mode: ML tree search
  start tree(s): random (10) + parsimony (10)
  random seed: 1722237326
  tip-inner: OFF
  pattern compression: ON
  per-rate scalers: OFF
  site repeats: ON
  logLH epsilon: general: 10.000000, brlen-triplet: 1000.000000
  fast spr radius: AUTO
  spr subtree cutoff: 1.000000
  fast CLV updates: ON
  branch lengths: proportional (ML estimate, algorithm: NR-SAFE)
  SIMD kernels: AVX2
  parallelization: coarse-grained (auto), PTHREADS (auto)

WARNING: Running in REDO mode: existing checkpoints are ignored, and all result files will be overwritten!

[00:00:00] Reading alignment from file: /data/jeremias/eucs/roadies/output/genes/gene_155_filtered.fa.aln
[00:00:00] Loaded alignment with 36 taxa and 514 sites

Alignment comprises 1 partitions and 184 patterns

Partition 0: noname
Model: GTR+FC+G4m
Alignment sites / patterns: 514 / 184
Gaps: 2.67 %
Invariant sites: 60.70 %


NOTE: Binary MSA file created: /data/jeremias/eucs/roadies/output/genes/gene_155_filtered.fa.aln.raxml.rba

Parallelization scheme autoconfig: 4 worker(s) x 1 thread(s)

[00:00:00] Generating 10 random starting tree(s) with 36 taxa
[00:00:00] Generating 10 parsimony starting tree(s) with 36 taxa
Parallel parsimony with 4 threads
Parallel reduction/worker buffer size: 1 KB  / 0 KB

[00:00:00] Data distribution: max. partitions/sites/weight per thread: 1 / 184 / 2944
[00:00:00] Data distribution: max. searches per worker: 5

Starting ML tree search with 20 distinct starting trees

[00:00:00 -3796.889346] Initial branch length optimization
[00:00:00 -2802.018174] Model parameter optimization (eps = 10.000000)
[00:00:00 -2687.673125] AUTODETECT spr round 1 (radius: 5)
[00:00:00 -2416.743697] AUTODETECT spr round 2 (radius: 10)
[00:00:00 -2393.309659] AUTODETECT spr round 3 (radius: 15)
[00:00:00 -2393.250312] SPR radius for FAST iterations: 10 (autodetect)
[00:00:00 -2393.250312] Model parameter optimization (eps = 3.000000)
[00:00:00 -2387.840904] FAST spr round 1 (radius: 10)
[00:00:00 -2235.254513] FAST spr round 2 (radius: 10)
[00:00:00 -2229.773729] Model parameter optimization (eps = 1.000000)
[00:00:00 -2216.911428] SLOW spr round 1 (radius: 5)
[00:00:00 -2216.910754] SLOW spr round 2 (radius: 10)
[00:00:00 -2216.910711] SLOW spr round 3 (radius: 15)
[00:00:01 -2216.910686] SLOW spr round 4 (radius: 20)
[00:00:01 -2216.910671] SLOW spr round 5 (radius: 25)
[00:00:01 -2216.910662] Model parameter optimization (eps = 0.100000)

[00:00:01] [worker #0] ML tree search #1, logLikelihood: -2216.910141

[00:00:01 -3847.187701] Initial branch length optimization
[00:00:01] [worker #2] ML tree search #3, logLikelihood: -2218.178521
[00:00:01 -2840.345390] Model parameter optimization (eps = 10.000000)
[00:00:01 -2716.391636] AUTODETECT spr round 1 (radius: 5)
[00:00:01 -2364.064916] AUTODETECT spr round 2 (radius: 10)
[00:00:01] [worker #1] ML tree search #2, logLikelihood: -2216.713139
[00:00:01 -2339.938471] AUTODETECT spr round 3 (radius: 15)
[00:00:01 -2336.591264] AUTODETECT spr round 4 (radius: 20)
[00:00:01 -2336.566392] SPR radius for FAST iterations: 15 (autodetect)
[00:00:01 -2336.566392] Model parameter optimization (eps = 3.000000)
[00:00:01] [worker #3] ML tree search #4, logLikelihood: -2216.712510
[00:00:01 -2317.059881] FAST spr round 1 (radius: 15)
[00:00:01 -2221.620493] FAST spr round 2 (radius: 15)
[00:00:01 -2218.426465] Model parameter optimization (eps = 1.000000)
[00:00:01 -2216.584505] SLOW spr round 1 (radius: 5)
[00:00:02 -2216.584254] SLOW spr round 2 (radius: 10)
[00:00:02 -2216.584152] SLOW spr round 3 (radius: 15)
[00:00:02 -2216.584091] SLOW spr round 4 (radius: 20)
[00:00:02 -2216.584055] SLOW spr round 5 (radius: 25)
[00:00:02 -2216.584034] Model parameter optimization (eps = 0.100000)

[00:00:02] [worker #0] ML tree search #5, logLikelihood: -2216.583729

[00:00:02 -3830.733739] Initial branch length optimization
[00:00:02] [worker #2] ML tree search #7, logLikelihood: -2218.178579
[00:00:02 -2830.222479] Model parameter optimization (eps = 10.000000)
[00:00:02 -2706.802969] AUTODETECT spr round 1 (radius: 5)
[00:00:02 -2394.769943] AUTODETECT spr round 2 (radius: 10)
[00:00:02 -2385.994444] AUTODETECT spr round 3 (radius: 15)
[00:00:02 -2385.972728] SPR radius for FAST iterations: 10 (autodetect)
[00:00:02 -2385.972728] Model parameter optimization (eps = 3.000000)
[00:00:02 -2380.007799] FAST spr round 1 (radius: 10)
[00:00:02] [worker #3] ML tree search #8, logLikelihood: -2216.777864
[00:00:02] [worker #1] ML tree search #6, logLikelihood: -2216.910956
[00:00:02 -2231.295037] FAST spr round 2 (radius: 10)
[00:00:02 -2230.524107] Model parameter optimization (eps = 1.000000)
[00:00:02 -2218.121648] SLOW spr round 1 (radius: 5)
[00:00:03 -2218.121495] SLOW spr round 2 (radius: 10)
[00:00:03 -2218.121495] SLOW spr round 3 (radius: 15)
[00:00:03] [worker #2] ML tree search #11, logLikelihood: -2218.178519
[00:00:03 -2218.121495] SLOW spr round 4 (radius: 20)
[00:00:03 -2218.121495] SLOW spr round 5 (radius: 25)
[00:00:03 -2218.121495] Model parameter optimization (eps = 0.100000)

[00:00:03] [worker #0] ML tree search #9, logLikelihood: -2218.121410

[00:00:03 -3150.984145] Initial branch length optimization
[00:00:03 -2268.808486] Model parameter optimization (eps = 10.000000)
[00:00:03 -2223.238199] AUTODETECT spr round 1 (radius: 5)
[00:00:03] [worker #3] ML tree search #12, logLikelihood: -2216.910965
[00:00:03 -2218.789600] AUTODETECT spr round 2 (radius: 10)
[00:00:03 -2218.779836] SPR radius for FAST iterations: 5 (autodetect)
[00:00:03 -2218.779836] Model parameter optimization (eps = 3.000000)
[00:00:03 -2218.762716] FAST spr round 1 (radius: 5)
[00:00:03] [worker #1] ML tree search #10, logLikelihood: -2216.642766
[00:00:03 -2218.051635] Model parameter optimization (eps = 1.000000)
[00:00:03 -2218.018572] SLOW spr round 1 (radius: 5)
[00:00:04] [worker #2] ML tree search #15, logLikelihood: -2216.712549
[00:00:04 -2216.600464] SLOW spr round 2 (radius: 10)
[00:00:04 -2216.600363] SLOW spr round 3 (radius: 15)
[00:00:04 -2216.600302] SLOW spr round 4 (radius: 20)
[00:00:04 -2216.600267] SLOW spr round 5 (radius: 25)
[00:00:04 -2216.600245] Model parameter optimization (eps = 0.100000)

[00:00:04] [worker #0] ML tree search #13, logLikelihood: -2216.583848

[00:00:04 -3156.006450] Initial branch length optimization
[00:00:04 -2271.476331] Model parameter optimization (eps = 10.000000)
[00:00:04 -2228.640230] AUTODETECT spr round 1 (radius: 5)
[00:00:04] [worker #3] ML tree search #16, logLikelihood: -2216.910954
[00:00:04 -2219.747873] AUTODETECT spr round 2 (radius: 10)
[00:00:04 -2219.737789] SPR radius for FAST iterations: 5 (autodetect)
[00:00:04 -2219.737789] Model parameter optimization (eps = 3.000000)
[00:00:04] [worker #1] ML tree search #14, logLikelihood: -2216.910635
[00:00:04 -2219.641106] FAST spr round 1 (radius: 5)
[00:00:04 -2216.826944] Model parameter optimization (eps = 1.000000)
[00:00:04 -2216.778557] SLOW spr round 1 (radius: 5)
[00:00:04] [worker #2] ML tree search #19, logLikelihood: -2216.910128
[00:00:05 -2216.752463] SLOW spr round 2 (radius: 10)
[00:00:05 -2216.752463] SLOW spr round 3 (radius: 15)
[00:00:05 -2216.752463] SLOW spr round 4 (radius: 20)
[00:00:05 -2216.752463] SLOW spr round 5 (radius: 25)
[00:00:05 -2216.752463] Model parameter optimization (eps = 0.100000)

[00:00:05] [worker #0] ML tree search #17, logLikelihood: -2216.713119

[00:00:05] [worker #3] ML tree search #20, logLikelihood: -2216.910512
[00:00:05] [worker #1] ML tree search #18, logLikelihood: -2216.910112

Optimized model parameters:

   Partition 0: noname
   Rate heterogeneity: GAMMA (4 cats, mean),  alpha: 2.680940 (ML),  weights&rates: (0.250000,0.362967) (0.250000,0.712178) (0.250000,1.080413) (0.250000,1.844443) 
   Base frequencies (empirical): 0.294559 0.202832 0.161188 0.341421 
   Substitution rates (ML): 1.180995 4.420839 1.237097 1.696453 3.615870 1.000000 


Final LogLikelihood: -2216.583729

AIC score: 4589.167459 / AICc score: 4617.498493 / BIC score: 4920.060874
Free parameters (model + branch lengths): 78

WARNING: Best ML tree contains 9 near-zero branches!

Best ML tree with collapsed near-zero branches saved to: /data/jeremias/eucs/roadies/output/genes/gene_155_filtered.fa.aln.raxml.bestTreeCollapsed
Best ML tree saved to: /data/jeremias/eucs/roadies/output/genes/gene_155_filtered.fa.aln.raxml.bestTree
All ML trees saved to: /data/jeremias/eucs/roadies/output/genes/gene_155_filtered.fa.aln.raxml.mlTrees
Optimized model saved to: /data/jeremias/eucs/roadies/output/genes/gene_155_filtered.fa.aln.raxml.bestModel

Execution log saved to: /data/jeremias/eucs/roadies/output/genes/gene_155_filtered.fa.aln.raxml.log

Analysis started: 29-Jul-2024 17:15:26 / finished: 29-Jul-2024 17:15:32

Elapsed time: 5.590 seconds

