
RAxML-NG v. 1.2.2 released on 11.04.2024 by The Exelixis Lab.
Developed by: Alexey M. Kozlov and Alexandros Stamatakis.
Contributors: Diego Darriba, Tomas Flouri, Benoit Morel, Sarah Lutteropp, Ben Bettisworth, Julia Haag, Anastasis Togkousidis.
Latest version: https://github.com/amkozlov/raxml-ng
Questions/problems/suggestions? Please visit: https://groups.google.com/forum/#!forum/raxml

System: AMD EPYC 7742 64-Core Processor, 128 cores, 1007 GB RAM

RAxML-NG was called at 29-Jul-2024 15:11:48 as follows:

raxml-ng --msa /data/jeremias/eucs/roadies/output/genes/gene_110_filtered.fa.aln --model GTR+G+F --redo --threads auto{4} --blopt nr_safe

Analysis options:
  run mode: ML tree search
  start tree(s): random (10) + parsimony (10)
  random seed: 1722229908
  tip-inner: OFF
  pattern compression: ON
  per-rate scalers: OFF
  site repeats: ON
  logLH epsilon: general: 10.000000, brlen-triplet: 1000.000000
  fast spr radius: AUTO
  spr subtree cutoff: 1.000000
  fast CLV updates: ON
  branch lengths: proportional (ML estimate, algorithm: NR-SAFE)
  SIMD kernels: AVX2
  parallelization: coarse-grained (auto), PTHREADS (auto)

WARNING: Running in REDO mode: existing checkpoints are ignored, and all result files will be overwritten!

[00:00:00] Reading alignment from file: /data/jeremias/eucs/roadies/output/genes/gene_110_filtered.fa.aln
[00:00:00] Loaded alignment with 290 taxa and 573 sites

WARNING: Sequences E_lansdowneana_5 and E_lansdowneana_6 are exactly identical!
WARNING: Sequences E_lansdowneana_5 and E_cladocalyx_4 are exactly identical!
WARNING: Sequences E_polyanthemos_3 and E_dawsonii_2 are exactly identical!
WARNING: Sequences E_polyanthemos_5 and E_dawsonii_5 are exactly identical!
WARNING: Duplicate sequences found: 4

NOTE: Reduced alignment (with duplicates and gap-only sites/taxa removed) 
NOTE: was saved to: /data/jeremias/eucs/roadies/output/genes/gene_110_filtered.fa.aln.raxml.reduced.phy

Alignment comprises 1 partitions and 548 patterns

Partition 0: noname
Model: GTR+FC+G4m
Alignment sites / patterns: 573 / 548
Gaps: 4.08 %
Invariant sites: 9.42 %


NOTE: Binary MSA file created: /data/jeremias/eucs/roadies/output/genes/gene_110_filtered.fa.aln.raxml.rba

Parallelization scheme autoconfig: 4 worker(s) x 1 thread(s)

[00:00:00] Generating 10 random starting tree(s) with 290 taxa
[00:00:00] Generating 10 parsimony starting tree(s) with 290 taxa
Parallel parsimony with 4 threads
Parallel reduction/worker buffer size: 1 KB  / 0 KB

[00:00:00] Data distribution: max. partitions/sites/weight per thread: 1 / 548 / 8768
[00:00:00] Data distribution: max. searches per worker: 5

Starting ML tree search with 20 distinct starting trees

[00:00:00 -47365.933931] Initial branch length optimization
[00:00:00 -41832.926509] Model parameter optimization (eps = 10.000000)
[00:00:01 -39686.941037] AUTODETECT spr round 1 (radius: 5)
[00:00:02 -31376.322272] AUTODETECT spr round 2 (radius: 10)
[00:00:05 -23292.874995] AUTODETECT spr round 3 (radius: 15)
[00:00:11 -21704.828259] AUTODETECT spr round 4 (radius: 20)
[00:00:16 -21596.780001] AUTODETECT spr round 5 (radius: 25)
[00:00:21 -21594.019114] SPR radius for FAST iterations: 25 (autodetect)
[00:00:21 -21594.019114] Model parameter optimization (eps = 3.000000)
[00:00:22 -21532.958762] FAST spr round 1 (radius: 25)
[00:00:24 -19664.459232] FAST spr round 2 (radius: 25)
[00:00:26 -19596.473202] FAST spr round 3 (radius: 25)
[00:00:27 -19594.263751] Model parameter optimization (eps = 1.000000)
[00:00:27 -19592.295634] SLOW spr round 1 (radius: 5)
[00:00:32 -19585.941788] SLOW spr round 2 (radius: 10)
[00:00:36 -19584.201604] SLOW spr round 3 (radius: 15)
[00:00:44 -19578.255827] SLOW spr round 4 (radius: 20)
[00:00:57 -19578.253958] SLOW spr round 5 (radius: 25)
[00:01:05] [worker #3] ML tree search #4, logLikelihood: -19581.800234
[00:01:06] [worker #2] ML tree search #3, logLikelihood: -19584.062589
[00:01:08 -19578.253876] Model parameter optimization (eps = 0.100000)

[00:01:08] [worker #0] ML tree search #1, logLikelihood: -19578.224933

[00:01:08 -47373.264743] Initial branch length optimization
[00:01:08 -41874.384265] Model parameter optimization (eps = 10.000000)
[00:01:09 -39724.726974] AUTODETECT spr round 1 (radius: 5)
[00:01:09] [worker #1] ML tree search #2, logLikelihood: -19575.840144
[00:01:10 -30582.006906] AUTODETECT spr round 2 (radius: 10)
[00:01:14 -22723.640659] AUTODETECT spr round 3 (radius: 15)
[00:01:19 -21492.084646] AUTODETECT spr round 4 (radius: 20)
[00:01:27 -21464.459931] AUTODETECT spr round 5 (radius: 25)
[00:01:32 -21463.535291] SPR radius for FAST iterations: 25 (autodetect)
[00:01:32 -21463.535291] Model parameter optimization (eps = 3.000000)
[00:01:33 -21399.312742] FAST spr round 1 (radius: 25)
[00:01:37 -19698.772183] FAST spr round 2 (radius: 25)
[00:01:40 -19590.996309] FAST spr round 3 (radius: 25)
[00:01:42 -19590.139476] Model parameter optimization (eps = 1.000000)
[00:01:42 -19589.518147] SLOW spr round 1 (radius: 5)
[00:01:49 -19587.358165] SLOW spr round 2 (radius: 10)
[00:01:53 -19587.358044] SLOW spr round 3 (radius: 15)
[00:02:02 -19584.838034] SLOW spr round 4 (radius: 20)
[00:02:17 -19584.832870] SLOW spr round 5 (radius: 25)
[00:02:22] [worker #3] ML tree search #8, logLikelihood: -19585.277863
[00:02:25] [worker #2] ML tree search #7, logLikelihood: -19580.603135
[00:02:32] [worker #1] ML tree search #6, logLikelihood: -19583.792266
[00:02:33 -19584.832578] Model parameter optimization (eps = 0.100000)

[00:02:34] [worker #0] ML tree search #5, logLikelihood: -19584.715450

[00:02:34 -47356.584997] Initial branch length optimization
[00:02:34 -41803.141944] Model parameter optimization (eps = 10.000000)
[00:02:38 -39661.741220] AUTODETECT spr round 1 (radius: 5)
[00:02:40 -30486.914752] AUTODETECT spr round 2 (radius: 10)
[00:02:44 -23215.852956] AUTODETECT spr round 3 (radius: 15)
[00:02:52 -21648.148356] AUTODETECT spr round 4 (radius: 20)
[00:03:01 -21576.417171] AUTODETECT spr round 5 (radius: 25)
[00:03:10 -21573.704961] SPR radius for FAST iterations: 25 (autodetect)
[00:03:10 -21573.704961] Model parameter optimization (eps = 3.000000)
[00:03:11 -21503.214303] FAST spr round 1 (radius: 25)
[00:03:16 -19696.734130] FAST spr round 2 (radius: 25)
[00:03:20 -19577.157666] FAST spr round 3 (radius: 25)
[00:03:22 -19576.364905] Model parameter optimization (eps = 1.000000)
[00:03:23 -19575.287147] SLOW spr round 1 (radius: 5)
[00:03:30] [worker #2] ML tree search #11, logLikelihood: -19562.903535
[00:03:32 -19572.921340] SLOW spr round 2 (radius: 10)
[00:03:37 -19570.522515] SLOW spr round 3 (radius: 15)
[00:03:41] [worker #3] ML tree search #12, logLikelihood: -19578.921868
[00:03:47 -19570.501624] SLOW spr round 4 (radius: 20)
[00:04:04 -19570.500661] SLOW spr round 5 (radius: 25)
[00:04:11] [worker #1] ML tree search #10, logLikelihood: -19578.454302
[00:04:20 -19570.500611] Model parameter optimization (eps = 0.100000)

[00:04:20] [worker #0] ML tree search #9, logLikelihood: -19570.431733

[00:04:20 -23528.478158] Initial branch length optimization
[00:04:20 -20651.544494] Model parameter optimization (eps = 10.000000)
[00:04:21 -19769.742418] AUTODETECT spr round 1 (radius: 5)
[00:04:22 -19592.581179] AUTODETECT spr round 2 (radius: 10)
[00:04:26 -19592.486298] SPR radius for FAST iterations: 5 (autodetect)
[00:04:26 -19592.486298] Model parameter optimization (eps = 3.000000)
[00:04:26 -19592.229719] FAST spr round 1 (radius: 5)
[00:04:28 -19578.545954] FAST spr round 2 (radius: 5)
[00:04:30 -19577.251157] Model parameter optimization (eps = 1.000000)
[00:04:30 -19577.245530] SLOW spr round 1 (radius: 5)
[00:04:35] [worker #2] ML tree search #15, logLikelihood: -19568.316764
[00:04:36 -19567.292105] SLOW spr round 2 (radius: 10)
[00:04:41 -19567.291357] SLOW spr round 3 (radius: 15)
[00:04:46] [worker #3] ML tree search #16, logLikelihood: -19580.191449
[00:04:50 -19567.291298] SLOW spr round 4 (radius: 20)
[00:05:10 -19567.291293] SLOW spr round 5 (radius: 25)
[00:05:24 -19567.291293] Model parameter optimization (eps = 0.100000)

[00:05:24] [worker #0] ML tree search #13, logLikelihood: -19567.246196

[00:05:24 -23501.878928] Initial branch length optimization
[00:05:24 -20626.519985] Model parameter optimization (eps = 10.000000)
[00:05:25 -19729.424149] AUTODETECT spr round 1 (radius: 5)
[00:05:25] [worker #1] ML tree search #14, logLikelihood: -19577.696477
[00:05:26 -19586.271738] AUTODETECT spr round 2 (radius: 10)
[00:05:29 -19586.172606] SPR radius for FAST iterations: 5 (autodetect)
[00:05:29 -19586.172606] Model parameter optimization (eps = 3.000000)
[00:05:30 -19586.000182] FAST spr round 1 (radius: 5)
[00:05:31 -19569.083932] FAST spr round 2 (radius: 5)
[00:05:32 -19569.083724] Model parameter optimization (eps = 1.000000)
[00:05:33 -19569.041545] SLOW spr round 1 (radius: 5)
[00:05:38 -19568.090147] SLOW spr round 2 (radius: 10)
[00:05:42 -19568.089784] SLOW spr round 3 (radius: 15)
[00:05:51 -19568.089782] SLOW spr round 4 (radius: 20)
[00:06:00] [worker #3] ML tree search #20, logLikelihood: -19576.019897
[00:06:04 -19568.089782] SLOW spr round 5 (radius: 25)
[00:06:11] [worker #2] ML tree search #19, logLikelihood: -19564.068821
[00:06:16 -19568.089782] Model parameter optimization (eps = 0.100000)

[00:06:16] [worker #0] ML tree search #17, logLikelihood: -19568.078848

[00:06:45] [worker #1] ML tree search #18, logLikelihood: -19584.336913

Optimized model parameters:

   Partition 0: noname
   Rate heterogeneity: GAMMA (4 cats, mean),  alpha: 1.145818 (ML),  weights&rates: (0.250000,0.165097) (0.250000,0.516585) (0.250000,1.020508) (0.250000,2.297811) 
   Base frequencies (empirical): 0.287640 0.200295 0.189441 0.322624 
   Substitution rates (ML): 1.083804 4.862223 0.789826 1.165757 4.203685 1.000000 


Final LogLikelihood: -19562.903535

AIC score: 40297.807071 / AICc score: 728261.807071 / BIC score: 42847.426101
Free parameters (model + branch lengths): 586

WARNING: Number of free parameters (K=586) is larger than alignment size (n=573).
         This might lead to overfitting and compromise tree inference results!


WARNING: Best ML tree contains 50 near-zero branches!

Best ML tree with collapsed near-zero branches saved to: /data/jeremias/eucs/roadies/output/genes/gene_110_filtered.fa.aln.raxml.bestTreeCollapsed
Best ML tree saved to: /data/jeremias/eucs/roadies/output/genes/gene_110_filtered.fa.aln.raxml.bestTree
All ML trees saved to: /data/jeremias/eucs/roadies/output/genes/gene_110_filtered.fa.aln.raxml.mlTrees
Optimized model saved to: /data/jeremias/eucs/roadies/output/genes/gene_110_filtered.fa.aln.raxml.bestModel

Execution log saved to: /data/jeremias/eucs/roadies/output/genes/gene_110_filtered.fa.aln.raxml.log

Analysis started: 29-Jul-2024 15:11:48 / finished: 29-Jul-2024 15:18:33

Elapsed time: 405.534 seconds

