
RAxML-NG v. 1.2.2 released on 11.04.2024 by The Exelixis Lab.
Developed by: Alexey M. Kozlov and Alexandros Stamatakis.
Contributors: Diego Darriba, Tomas Flouri, Benoit Morel, Sarah Lutteropp, Ben Bettisworth, Julia Haag, Anastasis Togkousidis.
Latest version: https://github.com/amkozlov/raxml-ng
Questions/problems/suggestions? Please visit: https://groups.google.com/forum/#!forum/raxml

System: AMD EPYC 7742 64-Core Processor, 128 cores, 1007 GB RAM

RAxML-NG was called at 29-Jul-2024 14:05:55 as follows:

raxml-ng --msa /data/jeremias/eucs/roadies/output/genes/gene_217_filtered.fa.aln --model GTR+G+F --redo --threads auto{4} --blopt nr_safe

Analysis options:
  run mode: ML tree search
  start tree(s): random (10) + parsimony (10)
  random seed: 1722225955
  tip-inner: OFF
  pattern compression: ON
  per-rate scalers: OFF
  site repeats: ON
  logLH epsilon: general: 10.000000, brlen-triplet: 1000.000000
  fast spr radius: AUTO
  spr subtree cutoff: 1.000000
  fast CLV updates: ON
  branch lengths: proportional (ML estimate, algorithm: NR-SAFE)
  SIMD kernels: AVX2
  parallelization: coarse-grained (auto), PTHREADS (auto)

WARNING: Running in REDO mode: existing checkpoints are ignored, and all result files will be overwritten!

[00:00:00] Reading alignment from file: /data/jeremias/eucs/roadies/output/genes/gene_217_filtered.fa.aln
[00:00:00] Loaded alignment with 359 taxa and 505 sites

WARNING: Sequences E_shirleyi_8 and E_paniculata_8 are exactly identical!
WARNING: Sequences E_globulus_1 and E_pumila_1 are exactly identical!
WARNING: Sequences E_dawsonii_3 and E_polyanthemos_4 are exactly identical!
WARNING: Sequences E_sid_E_mel_2 and E_sideroxylon_2 are exactly identical!
WARNING: Sequences E_sid_E_mel_6 and E_sideroxylon_8 are exactly identical!
WARNING: Sequences E_fibrosa_1 and E_paniculata_2 are exactly identical!
WARNING: Duplicate sequences found: 6

NOTE: Reduced alignment (with duplicates and gap-only sites/taxa removed) 
NOTE: was saved to: /data/jeremias/eucs/roadies/output/genes/gene_217_filtered.fa.aln.raxml.reduced.phy

Alignment comprises 1 partitions and 492 patterns

Partition 0: noname
Model: GTR+FC+G4m
Alignment sites / patterns: 505 / 492
Gaps: 0.46 %
Invariant sites: 5.54 %


NOTE: Binary MSA file created: /data/jeremias/eucs/roadies/output/genes/gene_217_filtered.fa.aln.raxml.rba

Parallelization scheme autoconfig: 4 worker(s) x 1 thread(s)

[00:00:00] Generating 10 random starting tree(s) with 359 taxa
[00:00:00] Generating 10 parsimony starting tree(s) with 359 taxa
Parallel parsimony with 4 threads
Parallel reduction/worker buffer size: 1 KB  / 0 KB

[00:00:00] Data distribution: max. partitions/sites/weight per thread: 1 / 492 / 7872
[00:00:00] Data distribution: max. searches per worker: 5

Starting ML tree search with 20 distinct starting trees

[00:00:00 -53139.871632] Initial branch length optimization
[00:00:00 -44666.349848] Model parameter optimization (eps = 10.000000)
[00:00:01 -39638.867496] AUTODETECT spr round 1 (radius: 5)
[00:00:03 -31916.883260] AUTODETECT spr round 2 (radius: 10)
[00:00:05 -27291.687421] AUTODETECT spr round 3 (radius: 15)
[00:00:10 -24141.856953] AUTODETECT spr round 4 (radius: 20)
[00:00:14 -22712.773807] AUTODETECT spr round 5 (radius: 25)
[00:00:20 -22678.658978] SPR radius for FAST iterations: 25 (autodetect)
[00:00:20 -22678.658978] Model parameter optimization (eps = 3.000000)
[00:00:20 -22562.396557] FAST spr round 1 (radius: 25)
[00:00:25 -19894.108811] FAST spr round 2 (radius: 25)
[00:00:28 -19800.704963] FAST spr round 3 (radius: 25)
[00:00:31 -19789.266104] FAST spr round 4 (radius: 25)
[00:00:33 -19788.264904] Model parameter optimization (eps = 1.000000)
[00:00:33 -19784.582197] SLOW spr round 1 (radius: 5)
[00:00:39 -19777.074056] SLOW spr round 2 (radius: 10)
[00:00:45 -19777.072247] SLOW spr round 3 (radius: 15)
[00:01:00 -19777.071644] SLOW spr round 4 (radius: 20)
[00:01:15 -19777.071320] SLOW spr round 5 (radius: 25)
[00:01:26] [worker #1] ML tree search #2, logLikelihood: -19779.189801
[00:01:28 -19777.071136] Model parameter optimization (eps = 0.100000)

[00:01:28] [worker #0] ML tree search #1, logLikelihood: -19777.063612

[00:01:28 -53377.135270] Initial branch length optimization
[00:01:28 -44230.785710] Model parameter optimization (eps = 10.000000)
[00:01:30 -39289.994567] AUTODETECT spr round 1 (radius: 5)
[00:01:31 -32513.956767] AUTODETECT spr round 2 (radius: 10)
[00:01:32] [worker #2] ML tree search #3, logLikelihood: -19771.373311
[00:01:35 -27096.234606] AUTODETECT spr round 3 (radius: 15)
[00:01:39 -22931.953028] AUTODETECT spr round 4 (radius: 20)
[00:01:45] [worker #3] ML tree search #4, logLikelihood: -19777.242488
[00:01:48 -22356.847177] AUTODETECT spr round 5 (radius: 25)
[00:01:56 -22347.189039] SPR radius for FAST iterations: 25 (autodetect)
[00:01:56 -22347.189039] Model parameter optimization (eps = 3.000000)
[00:01:58 -22055.336368] FAST spr round 1 (radius: 25)
[00:02:04 -19858.400107] FAST spr round 2 (radius: 25)
[00:02:08 -19798.280682] FAST spr round 3 (radius: 25)
[00:02:11 -19791.185391] Model parameter optimization (eps = 1.000000)
[00:02:11 -19789.701498] SLOW spr round 1 (radius: 5)
[00:02:19 -19777.964291] SLOW spr round 2 (radius: 5)
[00:02:25 -19777.809623] SLOW spr round 3 (radius: 10)
[00:02:32 -19777.809584] SLOW spr round 4 (radius: 15)
[00:02:45 -19777.809571] SLOW spr round 5 (radius: 20)
[00:02:58 -19777.809564] SLOW spr round 6 (radius: 25)
[00:03:12 -19777.809560] Model parameter optimization (eps = 0.100000)

[00:03:12] [worker #0] ML tree search #5, logLikelihood: -19777.802635

[00:03:12 -52995.400331] Initial branch length optimization
[00:03:13 -43932.926221] Model parameter optimization (eps = 10.000000)
[00:03:14 -39108.653949] AUTODETECT spr round 1 (radius: 5)
[00:03:16 -31447.474195] AUTODETECT spr round 2 (radius: 10)
[00:03:19] [worker #1] ML tree search #6, logLikelihood: -19775.631997
[00:03:19 -25967.689716] AUTODETECT spr round 3 (radius: 15)
[00:03:23 -22965.214797] AUTODETECT spr round 4 (radius: 20)
[00:03:28 -22575.288789] AUTODETECT spr round 5 (radius: 25)
[00:03:31] [worker #2] ML tree search #7, logLikelihood: -19777.751694
[00:03:34 -22571.591119] SPR radius for FAST iterations: 25 (autodetect)
[00:03:34 -22571.591119] Model parameter optimization (eps = 3.000000)
[00:03:35 -22475.245545] FAST spr round 1 (radius: 25)
[00:03:40 -19981.124841] FAST spr round 2 (radius: 25)
[00:03:45 -19795.441114] FAST spr round 3 (radius: 25)
[00:03:48 -19788.768621] Model parameter optimization (eps = 1.000000)
[00:03:48 -19785.728257] SLOW spr round 1 (radius: 5)
[00:03:49] [worker #3] ML tree search #8, logLikelihood: -19776.136433
[00:03:56 -19780.391448] SLOW spr round 2 (radius: 10)
[00:04:03 -19775.595728] SLOW spr round 3 (radius: 15)
[00:04:14 -19775.594742] SLOW spr round 4 (radius: 20)
[00:04:25 -19775.594434] SLOW spr round 5 (radius: 25)
[00:04:34 -19775.594272] Model parameter optimization (eps = 0.100000)

[00:04:34] [worker #0] ML tree search #9, logLikelihood: -19775.578899

[00:04:34 -25391.606851] Initial branch length optimization
[00:04:35 -21511.583365] Model parameter optimization (eps = 10.000000)
[00:04:35 -20139.788196] AUTODETECT spr round 1 (radius: 5)
[00:04:37 -19901.574978] AUTODETECT spr round 2 (radius: 10)
[00:04:40 -19818.587117] AUTODETECT spr round 3 (radius: 15)
[00:04:44 -19815.863611] AUTODETECT spr round 4 (radius: 20)
[00:04:45] [worker #1] ML tree search #10, logLikelihood: -19771.626443
[00:04:46] [worker #2] ML tree search #11, logLikelihood: -19785.032763
[00:04:49 -19815.863134] SPR radius for FAST iterations: 15 (autodetect)
[00:04:50 -19815.863134] Model parameter optimization (eps = 3.000000)
[00:04:50 -19815.254400] FAST spr round 1 (radius: 15)
[00:04:53 -19786.037687] FAST spr round 2 (radius: 15)
[00:04:55 -19781.774505] Model parameter optimization (eps = 1.000000)
[00:04:56 -19781.720257] SLOW spr round 1 (radius: 5)
[00:04:56] [worker #3] ML tree search #12, logLikelihood: -19784.387429
[00:05:01 -19779.423445] SLOW spr round 2 (radius: 10)
[00:05:07 -19779.423233] SLOW spr round 3 (radius: 15)
[00:05:18 -19779.117165] SLOW spr round 4 (radius: 20)
[00:05:29 -19779.116919] SLOW spr round 5 (radius: 25)
[00:05:40 -19779.116917] Model parameter optimization (eps = 0.100000)

[00:05:40] [worker #0] ML tree search #13, logLikelihood: -19779.115673

[00:05:40 -25261.906721] Initial branch length optimization
[00:05:41 -21373.547155] Model parameter optimization (eps = 10.000000)
[00:05:42 -20007.369674] AUTODETECT spr round 1 (radius: 5)
[00:05:43 -19856.115708] AUTODETECT spr round 2 (radius: 10)
[00:05:46] [worker #1] ML tree search #14, logLikelihood: -19788.662178
[00:05:46 -19809.517764] AUTODETECT spr round 3 (radius: 15)
[00:05:51 -19809.495246] SPR radius for FAST iterations: 10 (autodetect)
[00:05:51 -19809.495246] Model parameter optimization (eps = 3.000000)
[00:05:51 -19809.347416] FAST spr round 1 (radius: 10)
[00:05:55 -19788.495601] FAST spr round 2 (radius: 10)
[00:05:57 -19788.494400] Model parameter optimization (eps = 1.000000)
[00:05:57 -19788.482950] SLOW spr round 1 (radius: 5)
[00:06:00] [worker #2] ML tree search #15, logLikelihood: -19773.684260
[00:06:04 -19784.309641] SLOW spr round 2 (radius: 10)
[00:06:08] [worker #3] ML tree search #16, logLikelihood: -19777.403614
[00:06:12 -19781.913382] SLOW spr round 3 (radius: 15)
[00:06:25 -19781.913319] SLOW spr round 4 (radius: 20)
[00:06:37 -19781.913292] SLOW spr round 5 (radius: 25)
[00:06:47 -19781.913277] Model parameter optimization (eps = 0.100000)

[00:06:47] [worker #0] ML tree search #17, logLikelihood: -19781.906868

[00:06:58] [worker #1] ML tree search #18, logLikelihood: -19775.438524
[00:07:18] [worker #2] ML tree search #19, logLikelihood: -19771.331082
[00:07:24] [worker #3] ML tree search #20, logLikelihood: -19770.156117

Optimized model parameters:

   Partition 0: noname
   Rate heterogeneity: GAMMA (4 cats, mean),  alpha: 0.917308 (ML),  weights&rates: (0.250000,0.120173) (0.250000,0.450403) (0.250000,0.984822) (0.250000,2.444601) 
   Base frequencies (empirical): 0.268862 0.226860 0.169009 0.335269 
   Substitution rates (ML): 1.085422 7.247224 1.013929 0.606895 5.012175 1.000000 


Final LogLikelihood: -19770.156117

AIC score: 40988.312235 / AICc score: 1090788.312235 / BIC score: 44046.892537
Free parameters (model + branch lengths): 724

WARNING: Number of free parameters (K=724) is larger than alignment size (n=505).
         This might lead to overfitting and compromise tree inference results!


WARNING: Best ML tree contains 101 near-zero branches!

Best ML tree with collapsed near-zero branches saved to: /data/jeremias/eucs/roadies/output/genes/gene_217_filtered.fa.aln.raxml.bestTreeCollapsed
Best ML tree saved to: /data/jeremias/eucs/roadies/output/genes/gene_217_filtered.fa.aln.raxml.bestTree
All ML trees saved to: /data/jeremias/eucs/roadies/output/genes/gene_217_filtered.fa.aln.raxml.mlTrees
Optimized model saved to: /data/jeremias/eucs/roadies/output/genes/gene_217_filtered.fa.aln.raxml.bestModel

Execution log saved to: /data/jeremias/eucs/roadies/output/genes/gene_217_filtered.fa.aln.raxml.log

Analysis started: 29-Jul-2024 14:05:55 / finished: 29-Jul-2024 14:13:19

Elapsed time: 444.581 seconds

