
RAxML-NG v. 1.2.2 released on 11.04.2024 by The Exelixis Lab.
Developed by: Alexey M. Kozlov and Alexandros Stamatakis.
Contributors: Diego Darriba, Tomas Flouri, Benoit Morel, Sarah Lutteropp, Ben Bettisworth, Julia Haag, Anastasis Togkousidis.
Latest version: https://github.com/amkozlov/raxml-ng
Questions/problems/suggestions? Please visit: https://groups.google.com/forum/#!forum/raxml

System: AMD EPYC 7742 64-Core Processor, 128 cores, 1007 GB RAM

RAxML-NG was called at 03-Jul-2024 18:24:06 as follows:

raxml-ng --msa /data/jeremias/eucs/roadies/output/genes/gene_205_filtered.fa.aln --model GTR+G+F --redo --threads auto{4} --blopt nr_safe

Analysis options:
  run mode: ML tree search
  start tree(s): random (10) + parsimony (10)
  random seed: 1719995046
  tip-inner: OFF
  pattern compression: ON
  per-rate scalers: OFF
  site repeats: ON
  logLH epsilon: general: 10.000000, brlen-triplet: 1000.000000
  fast spr radius: AUTO
  spr subtree cutoff: 1.000000
  fast CLV updates: ON
  branch lengths: proportional (ML estimate, algorithm: NR-SAFE)
  SIMD kernels: AVX2
  parallelization: coarse-grained (auto), PTHREADS (auto)

WARNING: Running in REDO mode: existing checkpoints are ignored, and all result files will be overwritten!

[00:00:00] Reading alignment from file: /data/jeremias/eucs/roadies/output/genes/gene_205_filtered.fa.aln
[00:00:00] Loaded alignment with 123 taxa and 500 sites

WARNING: Sequences GCA_014182885.2_1 and GCA_014182695.1_1 are exactly identical!
WARNING: Sequences GCA_014182405.1_0 and GCA_004368105.3_1 are exactly identical!
WARNING: Sequences GCA_017140185.1_3 and GCA_014182725.1_1 are exactly identical!
WARNING: Sequences GCA_017140165.1_0 and GCA_017140325.1_0 are exactly identical!
WARNING: Sequences GCA_017140165.1_0 and GCA_004368105.3_0 are exactly identical!
WARNING: Duplicate sequences found: 5

NOTE: Reduced alignment (with duplicates and gap-only sites/taxa removed) 
NOTE: was saved to: /data/jeremias/eucs/roadies/output/genes/gene_205_filtered.fa.aln.raxml.reduced.phy

Alignment comprises 1 partitions and 222 patterns

Partition 0: noname
Model: GTR+FC+G4m
Alignment sites / patterns: 500 / 222
Gaps: 0.14 %
Invariant sites: 56.00 %


NOTE: Binary MSA file created: /data/jeremias/eucs/roadies/output/genes/gene_205_filtered.fa.aln.raxml.rba

Parallelization scheme autoconfig: 4 worker(s) x 1 thread(s)

[00:00:00] Generating 10 random starting tree(s) with 123 taxa
[00:00:00] Generating 10 parsimony starting tree(s) with 123 taxa
Parallel parsimony with 4 threads
Parallel reduction/worker buffer size: 1 KB  / 0 KB

[00:00:00] Data distribution: max. partitions/sites/weight per thread: 1 / 222 / 3552
[00:00:00] Data distribution: max. searches per worker: 5

Starting ML tree search with 20 distinct starting trees

[00:00:00 -10398.317583] Initial branch length optimization
[00:00:00 -8629.543986] Model parameter optimization (eps = 10.000000)
[00:00:00 -7624.274067] AUTODETECT spr round 1 (radius: 5)
[00:00:00 -5770.590016] AUTODETECT spr round 2 (radius: 10)
[00:00:00 -4571.561830] AUTODETECT spr round 3 (radius: 15)
[00:00:01 -4429.038468] AUTODETECT spr round 4 (radius: 20)
[00:00:01 -4428.794815] AUTODETECT spr round 5 (radius: 25)
[00:00:01 -4428.724555] SPR radius for FAST iterations: 20 (autodetect)
[00:00:01 -4428.724555] Model parameter optimization (eps = 3.000000)
[00:00:01 -4415.232015] FAST spr round 1 (radius: 20)
[00:00:02 -4147.262326] FAST spr round 2 (radius: 20)
[00:00:02 -4117.116186] FAST spr round 3 (radius: 20)
[00:00:02 -4113.574104] Model parameter optimization (eps = 1.000000)
[00:00:02 -4111.765959] SLOW spr round 1 (radius: 5)
[00:00:03 -4110.724827] SLOW spr round 2 (radius: 10)
[00:00:04 -4109.499901] SLOW spr round 3 (radius: 15)
[00:00:05 -4109.475768] SLOW spr round 4 (radius: 20)
[00:00:05 -4109.475464] SLOW spr round 5 (radius: 25)
[00:00:06] [worker #3] ML tree search #4, logLikelihood: -4105.035791
[00:00:06] [worker #1] ML tree search #2, logLikelihood: -4098.480830
[00:00:06] [worker #2] ML tree search #3, logLikelihood: -4100.460546
[00:00:06 -4109.475456] Model parameter optimization (eps = 0.100000)

[00:00:06] [worker #0] ML tree search #1, logLikelihood: -4109.422397

[00:00:06 -10272.036227] Initial branch length optimization
[00:00:06 -8475.566654] Model parameter optimization (eps = 10.000000)
[00:00:06 -7522.237127] AUTODETECT spr round 1 (radius: 5)
[00:00:06 -5767.488665] AUTODETECT spr round 2 (radius: 10)
[00:00:07 -4465.461771] AUTODETECT spr round 3 (radius: 15)
[00:00:08 -4386.252021] AUTODETECT spr round 4 (radius: 20)
[00:00:08 -4385.892616] AUTODETECT spr round 5 (radius: 25)
[00:00:08 -4385.735874] SPR radius for FAST iterations: 25 (autodetect)
[00:00:08 -4385.735874] Model parameter optimization (eps = 3.000000)
[00:00:08 -4371.960818] FAST spr round 1 (radius: 25)
[00:00:08 -4126.756608] FAST spr round 2 (radius: 25)
[00:00:09 -4109.298450] FAST spr round 3 (radius: 25)
[00:00:09 -4106.254423] Model parameter optimization (eps = 1.000000)
[00:00:09 -4105.110075] SLOW spr round 1 (radius: 5)
[00:00:10 -4099.881521] SLOW spr round 2 (radius: 10)
[00:00:10 -4099.881517] SLOW spr round 3 (radius: 15)
[00:00:11 -4099.881517] SLOW spr round 4 (radius: 20)
[00:00:12] [worker #3] ML tree search #8, logLikelihood: -4107.475849
[00:00:12 -4099.881517] SLOW spr round 5 (radius: 25)
[00:00:12] [worker #2] ML tree search #7, logLikelihood: -4097.636289
[00:00:12 -4099.881517] Model parameter optimization (eps = 0.100000)

[00:00:13] [worker #0] ML tree search #5, logLikelihood: -4099.830556

[00:00:13 -10304.961525] Initial branch length optimization
[00:00:13 -8500.761642] Model parameter optimization (eps = 10.000000)
[00:00:13 -7532.230440] AUTODETECT spr round 1 (radius: 5)
[00:00:13 -5863.707048] AUTODETECT spr round 2 (radius: 10)
[00:00:13 -4608.474323] AUTODETECT spr round 3 (radius: 15)
[00:00:14 -4374.226756] AUTODETECT spr round 4 (radius: 20)
[00:00:14] [worker #1] ML tree search #6, logLikelihood: -4101.161092
[00:00:14 -4372.466909] AUTODETECT spr round 5 (radius: 25)
[00:00:14 -4372.313934] SPR radius for FAST iterations: 25 (autodetect)
[00:00:14 -4372.313934] Model parameter optimization (eps = 3.000000)
[00:00:15 -4359.610097] FAST spr round 1 (radius: 25)
[00:00:15 -4130.628883] FAST spr round 2 (radius: 25)
[00:00:15 -4118.310366] FAST spr round 3 (radius: 25)
[00:00:15 -4103.875216] FAST spr round 4 (radius: 25)
[00:00:16 -4103.874574] Model parameter optimization (eps = 1.000000)
[00:00:16 -4102.084589] SLOW spr round 1 (radius: 5)
[00:00:17 -4101.858060] SLOW spr round 2 (radius: 10)
[00:00:17] [worker #3] ML tree search #12, logLikelihood: -4099.376610
[00:00:17 -4101.016950] SLOW spr round 3 (radius: 15)
[00:00:17] [worker #2] ML tree search #11, logLikelihood: -4101.502996
[00:00:18 -4101.016795] SLOW spr round 4 (radius: 20)
[00:00:19 -4101.016791] SLOW spr round 5 (radius: 25)
[00:00:19 -4101.016791] Model parameter optimization (eps = 0.100000)

[00:00:19] [worker #0] ML tree search #9, logLikelihood: -4101.014334

[00:00:19 -6029.669674] Initial branch length optimization
[00:00:19 -4412.438008] Model parameter optimization (eps = 10.000000)
[00:00:19 -4159.180028] AUTODETECT spr round 1 (radius: 5)
[00:00:20 -4120.216179] AUTODETECT spr round 2 (radius: 10)
[00:00:20 -4107.737630] AUTODETECT spr round 3 (radius: 15)
[00:00:20] [worker #1] ML tree search #10, logLikelihood: -4098.643414
[00:00:21 -4107.181513] AUTODETECT spr round 4 (radius: 20)
[00:00:21 -4107.180346] SPR radius for FAST iterations: 15 (autodetect)
[00:00:21 -4107.180346] Model parameter optimization (eps = 3.000000)
[00:00:21 -4107.086517] FAST spr round 1 (radius: 15)
[00:00:21 -4099.097900] Model parameter optimization (eps = 1.000000)
[00:00:21 -4099.027799] SLOW spr round 1 (radius: 5)
[00:00:22] [worker #3] ML tree search #16, logLikelihood: -4097.666632
[00:00:22 -4096.752059] SLOW spr round 2 (radius: 10)
[00:00:22] [worker #2] ML tree search #15, logLikelihood: -4096.283922
[00:00:23 -4095.499091] SLOW spr round 3 (radius: 15)
[00:00:23 -4095.499046] SLOW spr round 4 (radius: 20)
[00:00:24 -4095.499044] SLOW spr round 5 (radius: 25)
[00:00:25 -4095.499044] Model parameter optimization (eps = 0.100000)

[00:00:25] [worker #0] ML tree search #13, logLikelihood: -4095.461239

[00:00:25 -6039.470964] Initial branch length optimization
[00:00:25 -4420.374748] Model parameter optimization (eps = 10.000000)
[00:00:25 -4163.671399] AUTODETECT spr round 1 (radius: 5)
[00:00:25 -4126.027629] AUTODETECT spr round 2 (radius: 10)
[00:00:25 -4116.312015] AUTODETECT spr round 3 (radius: 15)
[00:00:26] [worker #1] ML tree search #14, logLikelihood: -4094.703941
[00:00:26 -4116.309733] SPR radius for FAST iterations: 10 (autodetect)
[00:00:26 -4116.309733] Model parameter optimization (eps = 3.000000)
[00:00:26 -4116.172993] FAST spr round 1 (radius: 10)
[00:00:26 -4105.912783] FAST spr round 2 (radius: 10)
[00:00:26 -4105.911847] Model parameter optimization (eps = 1.000000)
[00:00:26 -4105.885721] SLOW spr round 1 (radius: 5)
[00:00:27] [worker #3] ML tree search #20, logLikelihood: -4093.280860
[00:00:27] [worker #2] ML tree search #19, logLikelihood: -4106.817357
[00:00:27 -4104.469206] SLOW spr round 2 (radius: 10)
[00:00:28 -4099.787591] SLOW spr round 3 (radius: 15)
[00:00:29 -4099.786603] SLOW spr round 4 (radius: 20)
[00:00:29 -4099.786556] SLOW spr round 5 (radius: 25)
[00:00:30 -4099.786554] Model parameter optimization (eps = 0.100000)

[00:00:30] [worker #0] ML tree search #17, logLikelihood: -4099.782103

[00:00:31] [worker #1] ML tree search #18, logLikelihood: -4093.106795

Optimized model parameters:

   Partition 0: noname
   Rate heterogeneity: GAMMA (4 cats, mean),  alpha: 0.376829 (ML),  weights&rates: (0.250000,0.013518) (0.250000,0.164246) (0.250000,0.704938) (0.250000,3.117298) 
   Base frequencies (empirical): 0.275056 0.215068 0.229088 0.280787 
   Substitution rates (ML): 0.984657 8.771542 1.468329 1.439330 6.684962 1.000000 


Final LogLikelihood: -4093.106795

AIC score: 8690.213589 / AICc score: 9206.456504 / BIC score: 9752.294830
Free parameters (model + branch lengths): 252

WARNING: Best ML tree contains 37 near-zero branches!

Best ML tree with collapsed near-zero branches saved to: /data/jeremias/eucs/roadies/output/genes/gene_205_filtered.fa.aln.raxml.bestTreeCollapsed
Best ML tree saved to: /data/jeremias/eucs/roadies/output/genes/gene_205_filtered.fa.aln.raxml.bestTree
All ML trees saved to: /data/jeremias/eucs/roadies/output/genes/gene_205_filtered.fa.aln.raxml.mlTrees
Optimized model saved to: /data/jeremias/eucs/roadies/output/genes/gene_205_filtered.fa.aln.raxml.bestModel

Execution log saved to: /data/jeremias/eucs/roadies/output/genes/gene_205_filtered.fa.aln.raxml.log

Analysis started: 03-Jul-2024 18:24:06 / finished: 03-Jul-2024 18:24:38

Elapsed time: 31.721 seconds

