
RAxML-NG v. 1.2.2 released on 11.04.2024 by The Exelixis Lab.
Developed by: Alexey M. Kozlov and Alexandros Stamatakis.
Contributors: Diego Darriba, Tomas Flouri, Benoit Morel, Sarah Lutteropp, Ben Bettisworth, Julia Haag, Anastasis Togkousidis.
Latest version: https://github.com/amkozlov/raxml-ng
Questions/problems/suggestions? Please visit: https://groups.google.com/forum/#!forum/raxml

System: AMD EPYC 7742 64-Core Processor, 128 cores, 1007 GB RAM

RAxML-NG was called at 29-Jul-2024 15:33:14 as follows:

raxml-ng --msa /data/jeremias/eucs/roadies/output/genes/gene_48_filtered.fa.aln --model GTR+G+F --redo --threads auto{4} --blopt nr_safe

Analysis options:
  run mode: ML tree search
  start tree(s): random (10) + parsimony (10)
  random seed: 1722231194
  tip-inner: OFF
  pattern compression: ON
  per-rate scalers: OFF
  site repeats: ON
  logLH epsilon: general: 10.000000, brlen-triplet: 1000.000000
  fast spr radius: AUTO
  spr subtree cutoff: 1.000000
  fast CLV updates: ON
  branch lengths: proportional (ML estimate, algorithm: NR-SAFE)
  SIMD kernels: AVX2
  parallelization: coarse-grained (auto), PTHREADS (auto)

WARNING: Running in REDO mode: existing checkpoints are ignored, and all result files will be overwritten!

[00:00:00] Reading alignment from file: /data/jeremias/eucs/roadies/output/genes/gene_48_filtered.fa.aln
[00:00:00] Loaded alignment with 355 taxa and 500 sites

WARNING: Sequences E_coolabah_0 and E_polyanthemos_0 are exactly identical!
WARNING: Sequences E_coolabah_0 and E_camaldulensis_1 are exactly identical!
WARNING: Sequences E_globulus_0 and E_camaldulensis_0 are exactly identical!
WARNING: Sequences E_decipiens_4 and E_decipiens_5 are exactly identical!
WARNING: Sequences E_brandiana_4 and E_caleyi_4 are exactly identical!
WARNING: Duplicate sequences found: 5

NOTE: Reduced alignment (with duplicates and gap-only sites/taxa removed) 
NOTE: was saved to: /data/jeremias/eucs/roadies/output/genes/gene_48_filtered.fa.aln.raxml.reduced.phy

Alignment comprises 1 partitions and 468 patterns

Partition 0: noname
Model: GTR+FC+G4m
Alignment sites / patterns: 500 / 468
Gaps: 0.42 %
Invariant sites: 8.40 %


NOTE: Binary MSA file created: /data/jeremias/eucs/roadies/output/genes/gene_48_filtered.fa.aln.raxml.rba

Parallelization scheme autoconfig: 4 worker(s) x 1 thread(s)

[00:00:00] Generating 10 random starting tree(s) with 355 taxa
[00:00:00] Generating 10 parsimony starting tree(s) with 355 taxa
Parallel parsimony with 4 threads
Parallel reduction/worker buffer size: 1 KB  / 0 KB

[00:00:00] Data distribution: max. partitions/sites/weight per thread: 1 / 468 / 7488
[00:00:00] Data distribution: max. searches per worker: 5

Starting ML tree search with 20 distinct starting trees

[00:00:00 -77869.802250] Initial branch length optimization
[00:00:00 -68846.969107] Model parameter optimization (eps = 10.000000)
[00:00:02 -62789.514687] AUTODETECT spr round 1 (radius: 5)
[00:00:04 -42367.233967] AUTODETECT spr round 2 (radius: 10)
[00:00:08 -26613.638881] AUTODETECT spr round 3 (radius: 15)
[00:00:14 -23040.736056] AUTODETECT spr round 4 (radius: 20)
[00:00:23 -22627.854127] AUTODETECT spr round 5 (radius: 25)
[00:00:32 -22626.307673] SPR radius for FAST iterations: 25 (autodetect)
[00:00:32 -22626.307673] Model parameter optimization (eps = 3.000000)
[00:00:33 -22382.071095] FAST spr round 1 (radius: 25)
[00:00:36 -20346.037951] FAST spr round 2 (radius: 25)
[00:00:38 -20242.879264] FAST spr round 3 (radius: 25)
[00:00:39 -20242.158842] Model parameter optimization (eps = 1.000000)
[00:00:39 -20241.376545] SLOW spr round 1 (radius: 5)
[00:00:44 -20228.888936] SLOW spr round 2 (radius: 5)
[00:00:49 -20228.271290] SLOW spr round 3 (radius: 10)
[00:00:53 -20228.270098] SLOW spr round 4 (radius: 15)
[00:01:02 -20228.269833] SLOW spr round 5 (radius: 20)
[00:01:12] [worker #3] ML tree search #4, logLikelihood: -20230.502350
[00:01:14 -20228.269760] SLOW spr round 6 (radius: 25)
[00:01:18] [worker #1] ML tree search #2, logLikelihood: -20229.734705
[00:01:18] [worker #2] ML tree search #3, logLikelihood: -20229.248740
[00:01:26 -20228.269739] Model parameter optimization (eps = 0.100000)

[00:01:26] [worker #0] ML tree search #1, logLikelihood: -20228.235756

[00:01:26 -77663.754509] Initial branch length optimization
[00:01:26 -68287.196419] Model parameter optimization (eps = 10.000000)
[00:01:28 -62248.975919] AUTODETECT spr round 1 (radius: 5)
[00:01:30 -43281.024454] AUTODETECT spr round 2 (radius: 10)
[00:01:34 -26836.277072] AUTODETECT spr round 3 (radius: 15)
[00:01:44 -24225.860497] AUTODETECT spr round 4 (radius: 20)
[00:01:58 -23563.043234] AUTODETECT spr round 5 (radius: 25)
[00:02:08 -23462.833137] SPR radius for FAST iterations: 25 (autodetect)
[00:02:08 -23462.833137] Model parameter optimization (eps = 3.000000)
[00:02:08 -23382.325933] FAST spr round 1 (radius: 25)
[00:02:11 -20452.722583] FAST spr round 2 (radius: 25)
[00:02:14 -20244.689333] FAST spr round 3 (radius: 25)
[00:02:15 -20239.999144] Model parameter optimization (eps = 1.000000)
[00:02:16 -20238.695215] SLOW spr round 1 (radius: 5)
[00:02:22 -20229.750102] SLOW spr round 2 (radius: 10)
[00:02:26 -20229.746948] SLOW spr round 3 (radius: 15)
[00:02:38 -20229.746941] SLOW spr round 4 (radius: 20)
[00:02:58 -20229.746941] SLOW spr round 5 (radius: 25)
[00:03:01] [worker #2] ML tree search #7, logLikelihood: -20227.242178
[00:03:03] [worker #1] ML tree search #6, logLikelihood: -20228.060602
[00:03:04] [worker #3] ML tree search #8, logLikelihood: -20231.164747
[00:03:12 -20229.746941] Model parameter optimization (eps = 0.100000)

[00:03:12] [worker #0] ML tree search #5, logLikelihood: -20229.733249

[00:03:12 -77573.840637] Initial branch length optimization
[00:03:12 -68605.142954] Model parameter optimization (eps = 10.000000)
[00:03:14 -62520.856241] AUTODETECT spr round 1 (radius: 5)
[00:03:16 -40441.019152] AUTODETECT spr round 2 (radius: 10)
[00:03:19 -24522.026063] AUTODETECT spr round 3 (radius: 15)
[00:03:25 -22958.909251] AUTODETECT spr round 4 (radius: 20)
[00:03:33 -22684.414976] AUTODETECT spr round 5 (radius: 25)
[00:03:41 -22683.577063] SPR radius for FAST iterations: 25 (autodetect)
[00:03:41 -22683.577063] Model parameter optimization (eps = 3.000000)
[00:03:42 -22607.167627] FAST spr round 1 (radius: 25)
[00:03:45 -20368.299170] FAST spr round 2 (radius: 25)
[00:03:47 -20234.059766] FAST spr round 3 (radius: 25)
[00:03:50 -20232.896638] Model parameter optimization (eps = 1.000000)
[00:03:50 -20231.870471] SLOW spr round 1 (radius: 5)
[00:04:00 -20227.250911] SLOW spr round 2 (radius: 10)
[00:04:05 -20227.247951] SLOW spr round 3 (radius: 15)
[00:04:16 -20227.247827] SLOW spr round 4 (radius: 20)
[00:04:20] [worker #3] ML tree search #12, logLikelihood: -20229.157598
[00:04:28] [worker #2] ML tree search #11, logLikelihood: -20229.191948
[00:04:31 -20227.247818] SLOW spr round 5 (radius: 25)
[00:04:44] [worker #1] ML tree search #10, logLikelihood: -20225.981158
[00:04:44 -20227.247817] Model parameter optimization (eps = 0.100000)

[00:04:45] [worker #0] ML tree search #9, logLikelihood: -20227.241556

[00:04:45 -25502.351929] Initial branch length optimization
[00:04:45 -21996.478162] Model parameter optimization (eps = 10.000000)
[00:04:46 -20467.657821] AUTODETECT spr round 1 (radius: 5)
[00:04:47 -20255.296027] AUTODETECT spr round 2 (radius: 10)
[00:04:51 -20248.782406] AUTODETECT spr round 3 (radius: 15)
[00:04:58 -20248.720763] SPR radius for FAST iterations: 10 (autodetect)
[00:04:58 -20248.720763] Model parameter optimization (eps = 3.000000)
[00:04:59 -20248.183402] FAST spr round 1 (radius: 10)
[00:05:00 -20235.371926] FAST spr round 2 (radius: 10)
[00:05:02 -20235.354355] Model parameter optimization (eps = 1.000000)
[00:05:02 -20235.327763] SLOW spr round 1 (radius: 5)
[00:05:08 -20231.722485] SLOW spr round 2 (radius: 10)
[00:05:13 -20231.722473] SLOW spr round 3 (radius: 15)
[00:05:25 -20231.722472] SLOW spr round 4 (radius: 20)
[00:05:39 -20231.722472] SLOW spr round 5 (radius: 25)
[00:05:42] [worker #3] ML tree search #16, logLikelihood: -20227.665538
[00:05:43] [worker #2] ML tree search #15, logLikelihood: -20228.063114
[00:05:51 -20231.722472] Model parameter optimization (eps = 0.100000)

[00:05:51] [worker #0] ML tree search #13, logLikelihood: -20231.713895

[00:05:51 -25518.457486] Initial branch length optimization
[00:05:52 -21992.802494] Model parameter optimization (eps = 10.000000)
[00:05:53 -20465.863977] AUTODETECT spr round 1 (radius: 5)
[00:05:54 -20266.780072] AUTODETECT spr round 2 (radius: 10)
[00:05:56] [worker #1] ML tree search #14, logLikelihood: -20229.389969
[00:05:57 -20252.297727] AUTODETECT spr round 3 (radius: 15)
[00:06:03 -20252.252781] SPR radius for FAST iterations: 10 (autodetect)
[00:06:03 -20252.252781] Model parameter optimization (eps = 3.000000)
[00:06:04 -20251.731738] FAST spr round 1 (radius: 10)
[00:06:05 -20243.561058] Model parameter optimization (eps = 1.000000)
[00:06:05 -20243.549871] SLOW spr round 1 (radius: 5)
[00:06:10 -20235.732054] SLOW spr round 2 (radius: 10)
[00:06:14 -20235.381294] SLOW spr round 3 (radius: 15)
[00:06:23 -20235.381287] SLOW spr round 4 (radius: 20)
[00:06:36 -20235.381286] SLOW spr round 5 (radius: 25)
[00:06:49] [worker #3] ML tree search #20, logLikelihood: -20227.217488
[00:06:51 -20235.381286] Model parameter optimization (eps = 0.100000)

[00:06:51] [worker #0] ML tree search #17, logLikelihood: -20235.367847

[00:06:52] [worker #1] ML tree search #18, logLikelihood: -20231.049039
[00:06:55] [worker #2] ML tree search #19, logLikelihood: -20227.449902

Optimized model parameters:

   Partition 0: noname
   Rate heterogeneity: GAMMA (4 cats, mean),  alpha: 0.953124 (ML),  weights&rates: (0.250000,0.127509) (0.250000,0.462194) (0.250000,0.991777) (0.250000,2.418521) 
   Base frequencies (empirical): 0.265708 0.201920 0.201541 0.330831 
   Substitution rates (ML): 1.389289 9.879951 1.062868 1.101809 6.878572 1.000000 


Final LogLikelihood: -20225.981158

AIC score: 41883.962317 / AICc score: 1068627.962317 / BIC score: 44901.621715
Free parameters (model + branch lengths): 716

WARNING: Number of free parameters (K=716) is larger than alignment size (n=500).
         This might lead to overfitting and compromise tree inference results!


WARNING: Best ML tree contains 63 near-zero branches!

Best ML tree with collapsed near-zero branches saved to: /data/jeremias/eucs/roadies/output/genes/gene_48_filtered.fa.aln.raxml.bestTreeCollapsed
Best ML tree saved to: /data/jeremias/eucs/roadies/output/genes/gene_48_filtered.fa.aln.raxml.bestTree
All ML trees saved to: /data/jeremias/eucs/roadies/output/genes/gene_48_filtered.fa.aln.raxml.mlTrees
Optimized model saved to: /data/jeremias/eucs/roadies/output/genes/gene_48_filtered.fa.aln.raxml.bestModel

Execution log saved to: /data/jeremias/eucs/roadies/output/genes/gene_48_filtered.fa.aln.raxml.log

Analysis started: 29-Jul-2024 15:33:14 / finished: 29-Jul-2024 15:40:09

Elapsed time: 415.685 seconds

