
RAxML-NG v. 1.2.2 released on 11.04.2024 by The Exelixis Lab.
Developed by: Alexey M. Kozlov and Alexandros Stamatakis.
Contributors: Diego Darriba, Tomas Flouri, Benoit Morel, Sarah Lutteropp, Ben Bettisworth, Julia Haag, Anastasis Togkousidis.
Latest version: https://github.com/amkozlov/raxml-ng
Questions/problems/suggestions? Please visit: https://groups.google.com/forum/#!forum/raxml

System: AMD EPYC 7742 64-Core Processor, 128 cores, 1007 GB RAM

RAxML-NG was called at 29-Jul-2024 13:59:20 as follows:

raxml-ng --msa /data/jeremias/eucs/roadies/output/genes/gene_18_filtered.fa.aln --model GTR+G+F --redo --threads auto{4} --blopt nr_safe

Analysis options:
  run mode: ML tree search
  start tree(s): random (10) + parsimony (10)
  random seed: 1722225560
  tip-inner: OFF
  pattern compression: ON
  per-rate scalers: OFF
  site repeats: ON
  logLH epsilon: general: 10.000000, brlen-triplet: 1000.000000
  fast spr radius: AUTO
  spr subtree cutoff: 1.000000
  fast CLV updates: ON
  branch lengths: proportional (ML estimate, algorithm: NR-SAFE)
  SIMD kernels: AVX2
  parallelization: coarse-grained (auto), PTHREADS (auto)

WARNING: Running in REDO mode: existing checkpoints are ignored, and all result files will be overwritten!

[00:00:00] Reading alignment from file: /data/jeremias/eucs/roadies/output/genes/gene_18_filtered.fa.aln
[00:00:00] Loaded alignment with 360 taxa and 484 sites

Alignment comprises 1 partitions and 472 patterns

Partition 0: noname
Model: GTR+FC+G4m
Alignment sites / patterns: 484 / 472
Gaps: 0.10 %
Invariant sites: 4.13 %


NOTE: Binary MSA file created: /data/jeremias/eucs/roadies/output/genes/gene_18_filtered.fa.aln.raxml.rba

Parallelization scheme autoconfig: 4 worker(s) x 1 thread(s)

[00:00:00] Generating 10 random starting tree(s) with 360 taxa
[00:00:00] Generating 10 parsimony starting tree(s) with 360 taxa
Parallel parsimony with 4 threads
Parallel reduction/worker buffer size: 1 KB  / 0 KB

[00:00:00] Data distribution: max. partitions/sites/weight per thread: 1 / 472 / 7552
[00:00:00] Data distribution: max. searches per worker: 5

Starting ML tree search with 20 distinct starting trees

[00:00:00 -88317.668981] Initial branch length optimization
[00:00:00 -78748.744987] Model parameter optimization (eps = 10.000000)
[00:00:03 -66805.033449] AUTODETECT spr round 1 (radius: 5)
[00:00:04 -59632.692994] AUTODETECT spr round 2 (radius: 10)
[00:00:07 -48838.293277] AUTODETECT spr round 3 (radius: 15)
[00:00:12 -45341.449372] AUTODETECT spr round 4 (radius: 20)
[00:00:18 -45059.823930] AUTODETECT spr round 5 (radius: 25)
[00:00:26 -44940.710529] SPR radius for FAST iterations: 25 (autodetect)
[00:00:26 -44940.710529] Model parameter optimization (eps = 3.000000)
[00:00:27 -44916.405114] FAST spr round 1 (radius: 25)
[00:00:31 -41422.286721] FAST spr round 2 (radius: 25)
[00:00:34 -41180.401451] FAST spr round 3 (radius: 25)
[00:00:37 -41159.199304] FAST spr round 4 (radius: 25)
[00:00:40 -41156.947059] Model parameter optimization (eps = 1.000000)
[00:00:40 -41154.143801] SLOW spr round 1 (radius: 5)
[00:00:47 -41147.641417] SLOW spr round 2 (radius: 10)
[00:00:52 -41147.639555] SLOW spr round 3 (radius: 15)
[00:01:03 -41147.639522] SLOW spr round 4 (radius: 20)
[00:01:18 -41147.639521] SLOW spr round 5 (radius: 25)
[00:01:26] [worker #1] ML tree search #2, logLikelihood: -41154.508210
[00:01:29 -41147.639521] Model parameter optimization (eps = 0.100000)
[00:01:29] [worker #2] ML tree search #3, logLikelihood: -41155.045818

[00:01:29] [worker #0] ML tree search #1, logLikelihood: -41147.623515

[00:01:29 -88750.100841] Initial branch length optimization
[00:01:29 -79194.580043] Model parameter optimization (eps = 10.000000)
[00:01:32 -67206.895901] AUTODETECT spr round 1 (radius: 5)
[00:01:33 -60591.195725] AUTODETECT spr round 2 (radius: 10)
[00:01:37 -50365.405770] AUTODETECT spr round 3 (radius: 15)
[00:01:37] [worker #3] ML tree search #4, logLikelihood: -41168.055722
[00:01:41 -46027.372936] AUTODETECT spr round 4 (radius: 20)
[00:01:46 -45426.050313] AUTODETECT spr round 5 (radius: 25)
[00:01:52 -45060.346708] SPR radius for FAST iterations: 25 (autodetect)
[00:01:52 -45060.346708] Model parameter optimization (eps = 3.000000)
[00:01:53 -45034.726197] FAST spr round 1 (radius: 25)
[00:01:58 -41496.506223] FAST spr round 2 (radius: 25)
[00:02:01 -41166.046586] FAST spr round 3 (radius: 25)
[00:02:03 -41155.141924] FAST spr round 4 (radius: 25)
[00:02:06 -41154.714210] Model parameter optimization (eps = 1.000000)
[00:02:06 -41150.785955] SLOW spr round 1 (radius: 5)
[00:02:13 -41143.205503] SLOW spr round 2 (radius: 10)
[00:02:18 -41143.205307] SLOW spr round 3 (radius: 15)
[00:02:33 -41143.205304] SLOW spr round 4 (radius: 20)
[00:02:51 -41143.205303] SLOW spr round 5 (radius: 25)
[00:03:02] [worker #1] ML tree search #6, logLikelihood: -41145.516513
[00:03:04 -41143.205303] Model parameter optimization (eps = 0.100000)

[00:03:04] [worker #0] ML tree search #5, logLikelihood: -41143.201856

[00:03:04 -88999.968609] Initial branch length optimization
[00:03:05 -79454.186824] Model parameter optimization (eps = 10.000000)
[00:03:10 -67473.362713] AUTODETECT spr round 1 (radius: 5)
[00:03:11 -60131.675941] AUTODETECT spr round 2 (radius: 10)
[00:03:15 -50056.796565] AUTODETECT spr round 3 (radius: 15)
[00:03:20 -46863.856364] AUTODETECT spr round 4 (radius: 20)
[00:03:23] [worker #2] ML tree search #7, logLikelihood: -41157.643321
[00:03:27 -44954.163770] AUTODETECT spr round 5 (radius: 25)
[00:03:33] [worker #3] ML tree search #8, logLikelihood: -41152.933465
[00:03:35 -44226.315136] SPR radius for FAST iterations: 25 (autodetect)
[00:03:35 -44226.315136] Model parameter optimization (eps = 3.000000)
[00:03:36 -44202.057922] FAST spr round 1 (radius: 25)
[00:03:41 -41329.901418] FAST spr round 2 (radius: 25)
[00:03:45 -41178.108361] FAST spr round 3 (radius: 25)
[00:03:48 -41172.756237] Model parameter optimization (eps = 1.000000)
[00:03:49 -41171.646512] SLOW spr round 1 (radius: 5)
[00:03:57 -41163.056749] SLOW spr round 2 (radius: 10)
[00:04:03 -41158.882309] SLOW spr round 3 (radius: 15)
[00:04:17 -41158.880399] SLOW spr round 4 (radius: 20)
[00:04:38 -41158.880341] SLOW spr round 5 (radius: 25)
[00:04:53 -41158.880336] Model parameter optimization (eps = 0.100000)

[00:04:54] [worker #0] ML tree search #9, logLikelihood: -41158.858206

[00:04:54 -52316.804284] Initial branch length optimization
[00:04:54 -48402.325049] Model parameter optimization (eps = 10.000000)
[00:04:58 -41483.912073] AUTODETECT spr round 1 (radius: 5)
[00:05:00 -41085.650369] AUTODETECT spr round 2 (radius: 10)
[00:05:05 -41024.237172] AUTODETECT spr round 3 (radius: 15)
[00:05:11] [worker #1] ML tree search #10, logLikelihood: -40949.387052
[00:05:12 -41012.719920] AUTODETECT spr round 4 (radius: 20)
[00:05:12] [worker #3] ML tree search #12, logLikelihood: -40962.386578
[00:05:15] [worker #2] ML tree search #11, logLikelihood: -40976.032577
[00:05:23 -41012.609523] AUTODETECT spr round 5 (radius: 25)
[00:05:31 -41012.603651] SPR radius for FAST iterations: 20 (autodetect)
[00:05:31 -41012.603651] Model parameter optimization (eps = 3.000000)
[00:05:32 -41011.106998] FAST spr round 1 (radius: 20)
[00:05:36 -40966.663655] FAST spr round 2 (radius: 20)
[00:05:38 -40963.983389] Model parameter optimization (eps = 1.000000)
[00:05:39 -40963.808034] SLOW spr round 1 (radius: 5)
[00:05:46 -40951.643335] SLOW spr round 2 (radius: 5)
[00:05:52 -40949.989079] SLOW spr round 3 (radius: 10)
[00:05:57 -40949.988978] SLOW spr round 4 (radius: 15)
[00:06:09 -40949.988977] SLOW spr round 5 (radius: 20)
[00:06:24 -40949.988977] SLOW spr round 6 (radius: 25)
[00:06:36 -40949.988977] Model parameter optimization (eps = 0.100000)

[00:06:36] [worker #0] ML tree search #13, logLikelihood: -40949.946090

[00:06:36 -52483.558717] Initial branch length optimization
[00:06:36 -48616.366772] Model parameter optimization (eps = 10.000000)
[00:06:38 -41647.599270] AUTODETECT spr round 1 (radius: 5)
[00:06:39 -41220.716044] AUTODETECT spr round 2 (radius: 10)
[00:06:40] [worker #2] ML tree search #15, logLikelihood: -40953.563516
[00:06:40] [worker #1] ML tree search #14, logLikelihood: -40951.601540
[00:06:41] [worker #3] ML tree search #16, logLikelihood: -40956.271286
[00:06:42 -41100.407464] AUTODETECT spr round 3 (radius: 15)
[00:06:47 -41092.943014] AUTODETECT spr round 4 (radius: 20)
[00:06:54 -41087.568744] AUTODETECT spr round 5 (radius: 25)
[00:07:00 -41087.533467] SPR radius for FAST iterations: 20 (autodetect)
[00:07:00 -41087.533467] Model parameter optimization (eps = 3.000000)
[00:07:01 -41085.300659] FAST spr round 1 (radius: 20)
[00:07:04 -40969.978900] FAST spr round 2 (radius: 20)
[00:07:07 -40966.920149] Model parameter optimization (eps = 1.000000)
[00:07:07 -40966.746151] SLOW spr round 1 (radius: 5)
[00:07:14 -40960.229511] SLOW spr round 2 (radius: 10)
[00:07:20 -40960.229490] SLOW spr round 3 (radius: 15)
[00:07:35 -40960.229490] SLOW spr round 4 (radius: 20)
[00:07:56 -40960.229490] SLOW spr round 5 (radius: 25)
[00:08:03] [worker #3] ML tree search #20, logLikelihood: -40958.055339
[00:08:17 -40960.229490] Model parameter optimization (eps = 0.100000)
[00:08:18] [worker #2] ML tree search #19, logLikelihood: -40957.424142

[00:08:18] [worker #0] ML tree search #17, logLikelihood: -40960.212015

[00:08:26] [worker #1] ML tree search #18, logLikelihood: -40958.775681

Optimized model parameters:

   Partition 0: noname
   Rate heterogeneity: GAMMA (4 cats, mean),  alpha: 0.800528 (ML),  weights&rates: (0.250000,0.095671) (0.250000,0.407347) (0.250000,0.957101) (0.250000,2.539881) 
   Base frequencies (empirical): 0.269134 0.242615 0.275925 0.212327 
   Substitution rates (ML): 0.799779 10.935637 1.312570 0.318808 14.458844 1.000000 


Final LogLikelihood: -40949.387052

AIC score: 83350.774104 / AICc score: 1138954.774104 / BIC score: 86386.967747
Free parameters (model + branch lengths): 726

WARNING: Number of free parameters (K=726) is larger than alignment size (n=484).
         This might lead to overfitting and compromise tree inference results!


WARNING: Best ML tree contains 26 near-zero branches!

Best ML tree with collapsed near-zero branches saved to: /data/jeremias/eucs/roadies/output/genes/gene_18_filtered.fa.aln.raxml.bestTreeCollapsed
Best ML tree saved to: /data/jeremias/eucs/roadies/output/genes/gene_18_filtered.fa.aln.raxml.bestTree
All ML trees saved to: /data/jeremias/eucs/roadies/output/genes/gene_18_filtered.fa.aln.raxml.mlTrees
Optimized model saved to: /data/jeremias/eucs/roadies/output/genes/gene_18_filtered.fa.aln.raxml.bestModel

Execution log saved to: /data/jeremias/eucs/roadies/output/genes/gene_18_filtered.fa.aln.raxml.log

Analysis started: 29-Jul-2024 13:59:20 / finished: 29-Jul-2024 14:07:46

Elapsed time: 506.101 seconds

