
RAxML-NG v. 1.2.2 released on 11.04.2024 by The Exelixis Lab.
Developed by: Alexey M. Kozlov and Alexandros Stamatakis.
Contributors: Diego Darriba, Tomas Flouri, Benoit Morel, Sarah Lutteropp, Ben Bettisworth, Julia Haag, Anastasis Togkousidis.
Latest version: https://github.com/amkozlov/raxml-ng
Questions/problems/suggestions? Please visit: https://groups.google.com/forum/#!forum/raxml

System: AMD EPYC 7742 64-Core Processor, 128 cores, 1007 GB RAM

RAxML-NG was called at 29-Jul-2024 16:50:36 as follows:

raxml-ng --msa /data/jeremias/eucs/roadies/output/genes/gene_26_filtered.fa.aln --model GTR+G+F --redo --threads auto{4} --blopt nr_safe

Analysis options:
  run mode: ML tree search
  start tree(s): random (10) + parsimony (10)
  random seed: 1722235836
  tip-inner: OFF
  pattern compression: ON
  per-rate scalers: OFF
  site repeats: ON
  logLH epsilon: general: 10.000000, brlen-triplet: 1000.000000
  fast spr radius: AUTO
  spr subtree cutoff: 1.000000
  fast CLV updates: ON
  branch lengths: proportional (ML estimate, algorithm: NR-SAFE)
  SIMD kernels: AVX2
  parallelization: coarse-grained (auto), PTHREADS (auto)

WARNING: Running in REDO mode: existing checkpoints are ignored, and all result files will be overwritten!

[00:00:00] Reading alignment from file: /data/jeremias/eucs/roadies/output/genes/gene_26_filtered.fa.aln
[00:00:00] Loaded alignment with 189 taxa and 520 sites

WARNING: Sequences E_caleyi_0 and E_victrix_2 are exactly identical!
WARNING: Sequences E_cloeziana_0 and E_pauciflora_0 are exactly identical!
WARNING: Sequences E_cladocalyx_2 and E_sideroxylon_6 are exactly identical!
WARNING: Sequences E_tenuipes_2 and E_tenuipes_3 are exactly identical!
WARNING: Duplicate sequences found: 4

NOTE: Reduced alignment (with duplicates and gap-only sites/taxa removed) 
NOTE: was saved to: /data/jeremias/eucs/roadies/output/genes/gene_26_filtered.fa.aln.raxml.reduced.phy

Alignment comprises 1 partitions and 442 patterns

Partition 0: noname
Model: GTR+FC+G4m
Alignment sites / patterns: 520 / 442
Gaps: 8.79 %
Invariant sites: 19.23 %


NOTE: Binary MSA file created: /data/jeremias/eucs/roadies/output/genes/gene_26_filtered.fa.aln.raxml.rba

Parallelization scheme autoconfig: 4 worker(s) x 1 thread(s)

[00:00:00] Generating 10 random starting tree(s) with 189 taxa
[00:00:00] Generating 10 parsimony starting tree(s) with 189 taxa
Parallel parsimony with 4 threads
Parallel reduction/worker buffer size: 1 KB  / 0 KB

[00:00:00] Data distribution: max. partitions/sites/weight per thread: 1 / 442 / 7072
[00:00:00] Data distribution: max. searches per worker: 5

Starting ML tree search with 20 distinct starting trees

[00:00:00 -34103.266448] Initial branch length optimization
[00:00:00 -25380.267665] Model parameter optimization (eps = 10.000000)
[00:00:01 -23699.121129] AUTODETECT spr round 1 (radius: 5)
[00:00:01 -14591.586413] AUTODETECT spr round 2 (radius: 10)
[00:00:03 -10756.675772] AUTODETECT spr round 3 (radius: 15)
[00:00:05 -9254.833706] AUTODETECT spr round 4 (radius: 20)
[00:00:07 -9249.644848] AUTODETECT spr round 5 (radius: 25)
[00:00:08 -9246.682750] SPR radius for FAST iterations: 25 (autodetect)
[00:00:09 -9246.682750] Model parameter optimization (eps = 3.000000)
[00:00:10 -9035.012935] FAST spr round 1 (radius: 25)
[00:00:12 -8174.938884] FAST spr round 2 (radius: 25)
[00:00:14 -8102.192447] FAST spr round 3 (radius: 25)
[00:00:14 -8102.192071] Model parameter optimization (eps = 1.000000)
[00:00:14 -8095.745018] SLOW spr round 1 (radius: 5)
[00:00:17 -8090.695908] SLOW spr round 2 (radius: 10)
[00:00:19 -8090.695559] SLOW spr round 3 (radius: 15)
[00:00:23 -8090.695556] SLOW spr round 4 (radius: 20)
[00:00:28 -8090.695556] SLOW spr round 5 (radius: 25)
[00:00:30] [worker #1] ML tree search #2, logLikelihood: -8087.986491
[00:00:32] [worker #3] ML tree search #4, logLikelihood: -8087.880488
[00:00:32 -8090.695556] Model parameter optimization (eps = 0.100000)

[00:00:32] [worker #0] ML tree search #1, logLikelihood: -8090.639531

[00:00:32 -33394.687384] Initial branch length optimization
[00:00:32 -25072.986537] Model parameter optimization (eps = 10.000000)
[00:00:33 -23430.489518] AUTODETECT spr round 1 (radius: 5)
[00:00:34 -14716.792298] AUTODETECT spr round 2 (radius: 10)
[00:00:34] [worker #2] ML tree search #3, logLikelihood: -8089.783227
[00:00:35 -11185.065384] AUTODETECT spr round 3 (radius: 15)
[00:00:37 -9309.866905] AUTODETECT spr round 4 (radius: 20)
[00:00:38 -9302.846942] AUTODETECT spr round 5 (radius: 25)
[00:00:40 -9302.574831] SPR radius for FAST iterations: 25 (autodetect)
[00:00:40 -9302.574831] Model parameter optimization (eps = 3.000000)
[00:00:41 -8920.078118] FAST spr round 1 (radius: 25)
[00:00:42 -8233.016692] FAST spr round 2 (radius: 25)
[00:00:44 -8116.254908] FAST spr round 3 (radius: 25)
[00:00:44 -8102.171704] FAST spr round 4 (radius: 25)
[00:00:45 -8102.170789] Model parameter optimization (eps = 1.000000)
[00:00:45 -8095.236868] SLOW spr round 1 (radius: 5)
[00:00:48 -8092.667890] SLOW spr round 2 (radius: 10)
[00:00:49 -8092.667566] SLOW spr round 3 (radius: 15)
[00:00:52 -8092.667563] SLOW spr round 4 (radius: 20)
[00:00:56 -8092.667563] SLOW spr round 5 (radius: 25)
[00:00:58] [worker #1] ML tree search #6, logLikelihood: -8090.996553
[00:01:01] [worker #3] ML tree search #8, logLikelihood: -8091.043668
[00:01:01 -8092.667563] Model parameter optimization (eps = 0.100000)

[00:01:02] [worker #0] ML tree search #5, logLikelihood: -8092.598267

[00:01:02 -33978.859562] Initial branch length optimization
[00:01:02 -25150.849546] Model parameter optimization (eps = 10.000000)
[00:01:02 -23544.125935] AUTODETECT spr round 1 (radius: 5)
[00:01:03 -14986.000297] AUTODETECT spr round 2 (radius: 10)
[00:01:03] [worker #2] ML tree search #7, logLikelihood: -8096.927501
[00:01:04 -10538.242402] AUTODETECT spr round 3 (radius: 15)
[00:01:06 -9167.589887] AUTODETECT spr round 4 (radius: 20)
[00:01:07 -9164.042365] AUTODETECT spr round 5 (radius: 25)
[00:01:09 -9161.769567] SPR radius for FAST iterations: 25 (autodetect)
[00:01:09 -9161.769567] Model parameter optimization (eps = 3.000000)
[00:01:09 -8949.635471] FAST spr round 1 (radius: 25)
[00:01:13 -8198.445574] FAST spr round 2 (radius: 25)
[00:01:14 -8112.661114] FAST spr round 3 (radius: 25)
[00:01:14 -8111.431565] Model parameter optimization (eps = 1.000000)
[00:01:15 -8105.122273] SLOW spr round 1 (radius: 5)
[00:01:17 -8102.079376] SLOW spr round 2 (radius: 10)
[00:01:19 -8101.121875] SLOW spr round 3 (radius: 15)
[00:01:22 -8101.121870] SLOW spr round 4 (radius: 20)
[00:01:26 -8101.121869] SLOW spr round 5 (radius: 25)
[00:01:27] [worker #1] ML tree search #10, logLikelihood: -8096.196673
[00:01:27] [worker #3] ML tree search #12, logLikelihood: -8090.295522
[00:01:27] [worker #2] ML tree search #11, logLikelihood: -8088.795286
[00:01:31 -8101.121869] Model parameter optimization (eps = 0.100000)

[00:01:31] [worker #0] ML tree search #9, logLikelihood: -8101.008335

[00:01:31 -10600.935475] Initial branch length optimization
[00:01:31 -8313.451474] Model parameter optimization (eps = 10.000000)
[00:01:32 -8103.063361] AUTODETECT spr round 1 (radius: 5)
[00:01:32 -8089.842998] AUTODETECT spr round 2 (radius: 10)
[00:01:33 -8089.817636] SPR radius for FAST iterations: 5 (autodetect)
[00:01:33 -8089.817636] Model parameter optimization (eps = 3.000000)
[00:01:33 -8089.797034] FAST spr round 1 (radius: 5)
[00:01:34 -8089.796506] Model parameter optimization (eps = 1.000000)
[00:01:34 -8089.796490] SLOW spr round 1 (radius: 5)
[00:01:36 -8089.307139] SLOW spr round 2 (radius: 10)
[00:01:38 -8089.307139] SLOW spr round 3 (radius: 15)
[00:01:43 -8089.307139] SLOW spr round 4 (radius: 20)
[00:01:48 -8089.307139] SLOW spr round 5 (radius: 25)
[00:01:51] [worker #3] ML tree search #16, logLikelihood: -8093.391965
[00:01:51] [worker #1] ML tree search #14, logLikelihood: -8090.571629
[00:01:53 -8089.307139] Model parameter optimization (eps = 0.100000)

[00:01:54] [worker #0] ML tree search #13, logLikelihood: -8089.300873

[00:01:54 -10664.409897] Initial branch length optimization
[00:01:54 -8344.441462] Model parameter optimization (eps = 10.000000)
[00:01:54 -8132.725220] AUTODETECT spr round 1 (radius: 5)
[00:01:54] [worker #2] ML tree search #15, logLikelihood: -8088.796104
[00:01:55 -8109.651890] AUTODETECT spr round 2 (radius: 10)
[00:01:56 -8098.149861] AUTODETECT spr round 3 (radius: 15)
[00:01:59 -8095.908982] AUTODETECT spr round 4 (radius: 20)
[00:02:01 -8095.908526] SPR radius for FAST iterations: 15 (autodetect)
[00:02:01 -8095.908526] Model parameter optimization (eps = 3.000000)
[00:02:01 -8095.878678] FAST spr round 1 (radius: 15)
[00:02:02 -8094.516375] Model parameter optimization (eps = 1.000000)
[00:02:02 -8094.515597] SLOW spr round 1 (radius: 5)
[00:02:04 -8089.049941] SLOW spr round 2 (radius: 10)
[00:02:07 -8089.049643] SLOW spr round 3 (radius: 15)
[00:02:11 -8089.049640] SLOW spr round 4 (radius: 20)
[00:02:16 -8089.049640] SLOW spr round 5 (radius: 25)
[00:02:17] [worker #3] ML tree search #20, logLikelihood: -8089.208930
[00:02:22 -8089.049640] Model parameter optimization (eps = 0.100000)

[00:02:22] [worker #0] ML tree search #17, logLikelihood: -8089.013635

[00:02:22] [worker #1] ML tree search #18, logLikelihood: -8090.016315
[00:02:28] [worker #2] ML tree search #19, logLikelihood: -8091.382765

Optimized model parameters:

   Partition 0: noname
   Rate heterogeneity: GAMMA (4 cats, mean),  alpha: 2.360633 (ML),  weights&rates: (0.250000,0.332832) (0.250000,0.688595) (0.250000,1.076858) (0.250000,1.901715) 
   Base frequencies (empirical): 0.268168 0.204690 0.172315 0.354827 
   Substitution rates (ML): 1.102037 4.038897 1.008924 1.517470 2.771010 1.000000 


Final LogLikelihood: -8087.880488

AIC score: 16943.760976 / AICc score: 19133.983198 / BIC score: 18577.231240
Free parameters (model + branch lengths): 384

WARNING: Best ML tree contains 58 near-zero branches!

Best ML tree with collapsed near-zero branches saved to: /data/jeremias/eucs/roadies/output/genes/gene_26_filtered.fa.aln.raxml.bestTreeCollapsed
Best ML tree saved to: /data/jeremias/eucs/roadies/output/genes/gene_26_filtered.fa.aln.raxml.bestTree
All ML trees saved to: /data/jeremias/eucs/roadies/output/genes/gene_26_filtered.fa.aln.raxml.mlTrees
Optimized model saved to: /data/jeremias/eucs/roadies/output/genes/gene_26_filtered.fa.aln.raxml.bestModel

Execution log saved to: /data/jeremias/eucs/roadies/output/genes/gene_26_filtered.fa.aln.raxml.log

Analysis started: 29-Jul-2024 16:50:36 / finished: 29-Jul-2024 16:53:04

Elapsed time: 148.307 seconds

