
RAxML-NG v. 1.2.2 released on 11.04.2024 by The Exelixis Lab.
Developed by: Alexey M. Kozlov and Alexandros Stamatakis.
Contributors: Diego Darriba, Tomas Flouri, Benoit Morel, Sarah Lutteropp, Ben Bettisworth, Julia Haag, Anastasis Togkousidis.
Latest version: https://github.com/amkozlov/raxml-ng
Questions/problems/suggestions? Please visit: https://groups.google.com/forum/#!forum/raxml

System: AMD EPYC 7742 64-Core Processor, 128 cores, 1007 GB RAM

RAxML-NG was called at 29-Jul-2024 16:14:57 as follows:

raxml-ng --msa /data/jeremias/eucs/roadies/output/genes/gene_152_filtered.fa.aln --model GTR+G+F --redo --threads auto{4} --blopt nr_safe

Analysis options:
  run mode: ML tree search
  start tree(s): random (10) + parsimony (10)
  random seed: 1722233697
  tip-inner: OFF
  pattern compression: ON
  per-rate scalers: OFF
  site repeats: ON
  logLH epsilon: general: 10.000000, brlen-triplet: 1000.000000
  fast spr radius: AUTO
  spr subtree cutoff: 1.000000
  fast CLV updates: ON
  branch lengths: proportional (ML estimate, algorithm: NR-SAFE)
  SIMD kernels: AVX2
  parallelization: coarse-grained (auto), PTHREADS (auto)

WARNING: Running in REDO mode: existing checkpoints are ignored, and all result files will be overwritten!

[00:00:00] Reading alignment from file: /data/jeremias/eucs/roadies/output/genes/gene_152_filtered.fa.aln
[00:00:00] Loaded alignment with 185 taxa and 509 sites

WARNING: Sequences E_melliodora_3 and E_lansdowneana_5 are exactly identical!
WARNING: Sequences E_albens_1 and E_sid_E_mel_3 are exactly identical!
WARNING: Sequences E_albens_1 and E_sid_E_mel_2 are exactly identical!
WARNING: Sequences E_albens_1 and E_lansdowneana_2 are exactly identical!
WARNING: Sequences E_albens_1 and E_shirleyi_1 are exactly identical!
WARNING: Sequences E_albens_1 and E_sideroxylon_1 are exactly identical!
WARNING: Sequences E_sid_E_mel_1 and E_sid_E_mel_0 are exactly identical!
WARNING: Sequences E_sid_E_mel_1 and E_sideroxylon_0 are exactly identical!
WARNING: Sequences E_sid_E_mel_4 and E_polyanthemos_2 are exactly identical!
WARNING: Sequences E_sid_E_mel_4 and E_melliodora_2 are exactly identical!
WARNING: Sequences E_sid_E_mel_4 and E_brandiana_4 are exactly identical!
WARNING: Sequences E_polyanthemos_1 and E_paniculata_1 are exactly identical!
WARNING: Sequences E_polyanthemos_1 and E_caleyi_1 are exactly identical!
WARNING: Sequences E_fibrosa_3 and E_lansdowneana_7 are exactly identical!
WARNING: Sequences E_pauciflora_1 and E_regnans_0 are exactly identical!
WARNING: Sequences E_lansdowneana_0 and E_shirleyi_0 are exactly identical!
WARNING: Sequences E_lansdowneana_0 and E_paniculata_0 are exactly identical!
WARNING: Sequences E_decipiens_1 and E_decipiens_2 are exactly identical!
WARNING: Sequences E_brandiana_3 and E_brandiana_2 are exactly identical!
WARNING: Sequences E_pauciflora_3 and E_regnans_2 are exactly identical!
WARNING: Sequences E_virginea_1 and E_virginea_2 are exactly identical!
WARNING: Sequences E_brandiana_1 and E_brandiana_0 are exactly identical!
WARNING: Duplicate sequences found: 22

NOTE: Reduced alignment (with duplicates and gap-only sites/taxa removed) 
NOTE: was saved to: /data/jeremias/eucs/roadies/output/genes/gene_152_filtered.fa.aln.raxml.reduced.phy

Alignment comprises 1 partitions and 403 patterns

Partition 0: noname
Model: GTR+FC+G4m
Alignment sites / patterns: 509 / 403
Gaps: 2.89 %
Invariant sites: 24.95 %


NOTE: Binary MSA file created: /data/jeremias/eucs/roadies/output/genes/gene_152_filtered.fa.aln.raxml.rba

Parallelization scheme autoconfig: 4 worker(s) x 1 thread(s)

[00:00:00] Generating 10 random starting tree(s) with 185 taxa
[00:00:00] Generating 10 parsimony starting tree(s) with 185 taxa
Parallel parsimony with 4 threads
Parallel reduction/worker buffer size: 1 KB  / 0 KB

[00:00:00] Data distribution: max. partitions/sites/weight per thread: 1 / 403 / 6448
[00:00:00] Data distribution: max. searches per worker: 5

Starting ML tree search with 20 distinct starting trees

[00:00:00 -28182.702901] Initial branch length optimization
[00:00:00 -22767.611253] Model parameter optimization (eps = 10.000000)
[00:00:00 -20779.642921] AUTODETECT spr round 1 (radius: 5)
[00:00:01 -10618.187459] AUTODETECT spr round 2 (radius: 10)
[00:00:02 -8497.433396] AUTODETECT spr round 3 (radius: 15)
[00:00:04 -7163.549129] AUTODETECT spr round 4 (radius: 20)
[00:00:06 -7006.140981] AUTODETECT spr round 5 (radius: 25)
[00:00:07 -7000.843355] SPR radius for FAST iterations: 25 (autodetect)
[00:00:07 -7000.843355] Model parameter optimization (eps = 3.000000)
[00:00:08 -6828.195753] FAST spr round 1 (radius: 25)
[00:00:09 -6252.048107] FAST spr round 2 (radius: 25)
[00:00:09 -6245.044303] Model parameter optimization (eps = 1.000000)
[00:00:10 -6241.952047] SLOW spr round 1 (radius: 5)
[00:00:11 -6238.165654] SLOW spr round 2 (radius: 10)
[00:00:13 -6238.165641] SLOW spr round 3 (radius: 15)
[00:00:16 -6238.165641] SLOW spr round 4 (radius: 20)
[00:00:20 -6238.165641] SLOW spr round 5 (radius: 25)
[00:00:22 -6238.165641] Model parameter optimization (eps = 0.100000)

[00:00:22] [worker #0] ML tree search #1, logLikelihood: -6238.145174

[00:00:22 -28418.008502] Initial branch length optimization
[00:00:22 -22528.123145] Model parameter optimization (eps = 10.000000)
[00:00:22] [worker #3] ML tree search #4, logLikelihood: -6235.820561
[00:00:23 -20575.479241] AUTODETECT spr round 1 (radius: 5)
[00:00:23] [worker #2] ML tree search #3, logLikelihood: -6237.373467
[00:00:23 -11849.768068] AUTODETECT spr round 2 (radius: 10)
[00:00:24 -8587.310771] AUTODETECT spr round 3 (radius: 15)
[00:00:24] [worker #1] ML tree search #2, logLikelihood: -6237.492445
[00:00:25 -7837.779818] AUTODETECT spr round 4 (radius: 20)
[00:00:27 -7604.959807] AUTODETECT spr round 5 (radius: 25)
[00:00:29 -7510.863847] SPR radius for FAST iterations: 25 (autodetect)
[00:00:29 -7510.863847] Model parameter optimization (eps = 3.000000)
[00:00:30 -7418.853389] FAST spr round 1 (radius: 25)
[00:00:30 -6334.456281] FAST spr round 2 (radius: 25)
[00:00:31 -6254.463271] FAST spr round 3 (radius: 25)
[00:00:32 -6252.682730] Model parameter optimization (eps = 1.000000)
[00:00:32 -6239.213518] SLOW spr round 1 (radius: 5)
[00:00:34 -6237.945332] SLOW spr round 2 (radius: 10)
[00:00:35 -6237.945189] SLOW spr round 3 (radius: 15)
[00:00:38 -6236.001160] SLOW spr round 4 (radius: 20)
[00:00:43 -6236.001134] SLOW spr round 5 (radius: 25)
[00:00:45 -6236.001134] Model parameter optimization (eps = 0.100000)

[00:00:45] [worker #0] ML tree search #5, logLikelihood: -6235.935423

[00:00:45 -28390.898261] Initial branch length optimization
[00:00:45 -22435.706037] Model parameter optimization (eps = 10.000000)
[00:00:45] [worker #3] ML tree search #8, logLikelihood: -6238.525947
[00:00:45 -20478.242680] AUTODETECT spr round 1 (radius: 5)
[00:00:46] [worker #2] ML tree search #7, logLikelihood: -6236.790415
[00:00:46 -9793.487695] AUTODETECT spr round 2 (radius: 10)
[00:00:47] [worker #1] ML tree search #6, logLikelihood: -6235.935413
[00:00:47 -7828.615184] AUTODETECT spr round 3 (radius: 15)
[00:00:49 -7036.749893] AUTODETECT spr round 4 (radius: 20)
[00:00:51 -7031.418516] AUTODETECT spr round 5 (radius: 25)
[00:00:53 -7027.020021] SPR radius for FAST iterations: 25 (autodetect)
[00:00:53 -7027.020021] Model parameter optimization (eps = 3.000000)
[00:00:54 -6863.821641] FAST spr round 1 (radius: 25)
[00:00:55 -6287.904757] FAST spr round 2 (radius: 25)
[00:00:55 -6248.338892] FAST spr round 3 (radius: 25)
[00:00:56 -6246.108789] Model parameter optimization (eps = 1.000000)
[00:00:56 -6241.023484] SLOW spr round 1 (radius: 5)
[00:00:58 -6237.790405] SLOW spr round 2 (radius: 10)
[00:00:59 -6237.563922] SLOW spr round 3 (radius: 15)
[00:01:02 -6237.563921] SLOW spr round 4 (radius: 20)
[00:01:06] [worker #3] ML tree search #12, logLikelihood: -6240.446136
[00:01:07 -6237.563921] SLOW spr round 5 (radius: 25)
[00:01:07] [worker #2] ML tree search #11, logLikelihood: -6238.812590
[00:01:09 -6237.563921] Model parameter optimization (eps = 0.100000)

[00:01:09] [worker #0] ML tree search #9, logLikelihood: -6237.556044

[00:01:09 -9094.273788] Initial branch length optimization
[00:01:09] [worker #1] ML tree search #10, logLikelihood: -6237.732179
[00:01:09 -6470.131420] Model parameter optimization (eps = 10.000000)
[00:01:09 -6261.575262] AUTODETECT spr round 1 (radius: 5)
[00:01:10 -6243.883648] AUTODETECT spr round 2 (radius: 10)
[00:01:11 -6240.306118] AUTODETECT spr round 3 (radius: 15)
[00:01:13 -6240.180929] AUTODETECT spr round 4 (radius: 20)
[00:01:15 -6240.180128] SPR radius for FAST iterations: 15 (autodetect)
[00:01:15 -6240.180128] Model parameter optimization (eps = 3.000000)
[00:01:15 -6240.059943] FAST spr round 1 (radius: 15)
[00:01:16 -6236.615645] Model parameter optimization (eps = 1.000000)
[00:01:16 -6236.574205] SLOW spr round 1 (radius: 5)
[00:01:18 -6236.373082] SLOW spr round 2 (radius: 10)
[00:01:20 -6235.959320] SLOW spr round 3 (radius: 15)
[00:01:23 -6235.959320] SLOW spr round 4 (radius: 20)
[00:01:28] [worker #3] ML tree search #16, logLikelihood: -6238.876553
[00:01:28] [worker #2] ML tree search #15, logLikelihood: -6238.430682
[00:01:29 -6235.959320] SLOW spr round 5 (radius: 25)
[00:01:33 -6235.959320] Model parameter optimization (eps = 0.100000)
[00:01:33] [worker #1] ML tree search #14, logLikelihood: -6237.594290

[00:01:33] [worker #0] ML tree search #13, logLikelihood: -6235.935048

[00:01:33 -9103.822870] Initial branch length optimization
[00:01:33 -6489.138402] Model parameter optimization (eps = 10.000000)
[00:01:33 -6275.731545] AUTODETECT spr round 1 (radius: 5)
[00:01:34 -6240.597040] AUTODETECT spr round 2 (radius: 10)
[00:01:36 -6239.811588] AUTODETECT spr round 3 (radius: 15)
[00:01:39 -6238.024737] AUTODETECT spr round 4 (radius: 20)
[00:01:41 -6237.742079] AUTODETECT spr round 5 (radius: 25)
[00:01:43 -6237.741801] SPR radius for FAST iterations: 20 (autodetect)
[00:01:43 -6237.741801] Model parameter optimization (eps = 3.000000)
[00:01:43 -6237.539804] FAST spr round 1 (radius: 20)
[00:01:44 -6237.012682] Model parameter optimization (eps = 1.000000)
[00:01:44 -6237.011641] SLOW spr round 1 (radius: 5)
[00:01:46 -6237.011120] SLOW spr round 2 (radius: 10)
[00:01:48 -6237.010730] SLOW spr round 3 (radius: 15)
[00:01:52 -6237.010730] SLOW spr round 4 (radius: 20)
[00:01:55] [worker #3] ML tree search #20, logLikelihood: -6237.126895
[00:01:55] [worker #2] ML tree search #19, logLikelihood: -6239.383882
[00:01:56 -6237.010730] SLOW spr round 5 (radius: 25)
[00:01:59 -6237.010730] Model parameter optimization (eps = 0.100000)

[00:01:59] [worker #0] ML tree search #17, logLikelihood: -6237.010730

[00:02:00] [worker #1] ML tree search #18, logLikelihood: -6239.867919

Optimized model parameters:

   Partition 0: noname
   Rate heterogeneity: GAMMA (4 cats, mean),  alpha: 1.318919 (ML),  weights&rates: (0.250000,0.195946) (0.250000,0.555351) (0.250000,1.037746) (0.250000,2.210957) 
   Base frequencies (empirical): 0.291729 0.225265 0.191803 0.291204 
   Substitution rates (ML): 0.544838 3.536089 0.730226 0.863292 2.867305 1.000000 


Final LogLikelihood: -6235.820561

AIC score: 13223.641123 / AICc score: 15371.398698 / BIC score: 14815.041577
Free parameters (model + branch lengths): 376

WARNING: Best ML tree contains 77 near-zero branches!

Best ML tree with collapsed near-zero branches saved to: /data/jeremias/eucs/roadies/output/genes/gene_152_filtered.fa.aln.raxml.bestTreeCollapsed
Best ML tree saved to: /data/jeremias/eucs/roadies/output/genes/gene_152_filtered.fa.aln.raxml.bestTree
All ML trees saved to: /data/jeremias/eucs/roadies/output/genes/gene_152_filtered.fa.aln.raxml.mlTrees
Optimized model saved to: /data/jeremias/eucs/roadies/output/genes/gene_152_filtered.fa.aln.raxml.bestModel

Execution log saved to: /data/jeremias/eucs/roadies/output/genes/gene_152_filtered.fa.aln.raxml.log

Analysis started: 29-Jul-2024 16:14:57 / finished: 29-Jul-2024 16:16:58

Elapsed time: 120.792 seconds

