
RAxML-NG v. 1.2.2 released on 11.04.2024 by The Exelixis Lab.
Developed by: Alexey M. Kozlov and Alexandros Stamatakis.
Contributors: Diego Darriba, Tomas Flouri, Benoit Morel, Sarah Lutteropp, Ben Bettisworth, Julia Haag, Anastasis Togkousidis.
Latest version: https://github.com/amkozlov/raxml-ng
Questions/problems/suggestions? Please visit: https://groups.google.com/forum/#!forum/raxml

System: AMD EPYC 7742 64-Core Processor, 128 cores, 1007 GB RAM

RAxML-NG was called at 29-Jul-2024 17:15:21 as follows:

raxml-ng --msa /data/jeremias/eucs/roadies/output/genes/gene_156_filtered.fa.aln --model GTR+G+F --redo --threads auto{4} --blopt nr_safe

Analysis options:
  run mode: ML tree search
  start tree(s): random (10) + parsimony (10)
  random seed: 1722237321
  tip-inner: OFF
  pattern compression: ON
  per-rate scalers: OFF
  site repeats: ON
  logLH epsilon: general: 10.000000, brlen-triplet: 1000.000000
  fast spr radius: AUTO
  spr subtree cutoff: 1.000000
  fast CLV updates: ON
  branch lengths: proportional (ML estimate, algorithm: NR-SAFE)
  SIMD kernels: AVX2
  parallelization: coarse-grained (auto), PTHREADS (auto)

WARNING: Running in REDO mode: existing checkpoints are ignored, and all result files will be overwritten!

[00:00:00] Reading alignment from file: /data/jeremias/eucs/roadies/output/genes/gene_156_filtered.fa.aln
[00:00:00] Loaded alignment with 22 taxa and 529 sites

Alignment comprises 1 partitions and 192 patterns

Partition 0: noname
Model: GTR+FC+G4m
Alignment sites / patterns: 529 / 192
Gaps: 9.00 %
Invariant sites: 69.19 %


NOTE: Binary MSA file created: /data/jeremias/eucs/roadies/output/genes/gene_156_filtered.fa.aln.raxml.rba

Parallelization scheme autoconfig: 4 worker(s) x 1 thread(s)

[00:00:00] Generating 10 random starting tree(s) with 22 taxa
[00:00:00] Generating 10 parsimony starting tree(s) with 22 taxa
Parallel parsimony with 4 threads
Parallel reduction/worker buffer size: 1 KB  / 0 KB

[00:00:00] Data distribution: max. partitions/sites/weight per thread: 1 / 192 / 3072
[00:00:00] Data distribution: max. searches per worker: 5

Starting ML tree search with 20 distinct starting trees

[00:00:00 -3243.733125] Initial branch length optimization
[00:00:00 -2847.270373] Model parameter optimization (eps = 10.000000)
[00:00:00 -2632.980083] AUTODETECT spr round 1 (radius: 5)
[00:00:00 -2424.138842] AUTODETECT spr round 2 (radius: 10)
[00:00:00 -2423.621477] AUTODETECT spr round 3 (radius: 15)
[00:00:00 -2423.583697] SPR radius for FAST iterations: 10 (autodetect)
[00:00:00 -2423.583697] Model parameter optimization (eps = 3.000000)
[00:00:00 -2420.937045] FAST spr round 1 (radius: 10)
[00:00:00 -2382.703048] FAST spr round 2 (radius: 10)
[00:00:00 -2376.278326] Model parameter optimization (eps = 1.000000)
[00:00:00 -2375.519568] SLOW spr round 1 (radius: 5)
[00:00:00 -2374.522260] SLOW spr round 2 (radius: 10)
[00:00:00 -2374.522129] SLOW spr round 3 (radius: 15)
[00:00:00 -2374.522127] SLOW spr round 4 (radius: 20)
[00:00:00 -2374.522127] Model parameter optimization (eps = 0.100000)

[00:00:00] [worker #0] ML tree search #1, logLikelihood: -2374.494793

[00:00:00 -3253.876585] Initial branch length optimization
[00:00:00 -2825.740260] Model parameter optimization (eps = 10.000000)
[00:00:00 -2615.681383] AUTODETECT spr round 1 (radius: 5)
[00:00:00] [worker #1] ML tree search #2, logLikelihood: -2382.016653
[00:00:00] [worker #2] ML tree search #3, logLikelihood: -2374.185479
[00:00:00 -2398.475198] AUTODETECT spr round 2 (radius: 10)
[00:00:00 -2398.184841] AUTODETECT spr round 3 (radius: 15)
[00:00:00 -2398.163592] SPR radius for FAST iterations: 10 (autodetect)
[00:00:00 -2398.163592] Model parameter optimization (eps = 3.000000)
[00:00:00] [worker #3] ML tree search #4, logLikelihood: -2374.166190
[00:00:01 -2396.426898] FAST spr round 1 (radius: 10)
[00:00:01 -2376.231987] FAST spr round 2 (radius: 10)
[00:00:01 -2375.009919] Model parameter optimization (eps = 1.000000)
[00:00:01 -2374.746896] SLOW spr round 1 (radius: 5)
[00:00:01 -2374.267153] SLOW spr round 2 (radius: 10)
[00:00:01 -2374.267151] SLOW spr round 3 (radius: 15)
[00:00:01 -2374.267151] SLOW spr round 4 (radius: 20)
[00:00:01] [worker #2] ML tree search #7, logLikelihood: -2374.123703
[00:00:01 -2374.267151] Model parameter optimization (eps = 0.100000)
[00:00:01] [worker #3] ML tree search #8, logLikelihood: -2374.769625

[00:00:01] [worker #0] ML tree search #5, logLikelihood: -2374.253637

[00:00:01] [worker #1] ML tree search #6, logLikelihood: -2374.851062
[00:00:01 -3234.500063] Initial branch length optimization
[00:00:01 -2831.700594] Model parameter optimization (eps = 10.000000)
[00:00:01 -2618.631586] AUTODETECT spr round 1 (radius: 5)
[00:00:01 -2400.210191] AUTODETECT spr round 2 (radius: 10)
[00:00:01 -2394.662229] AUTODETECT spr round 3 (radius: 15)
[00:00:01 -2394.088851] AUTODETECT spr round 4 (radius: 20)
[00:00:01 -2394.078304] SPR radius for FAST iterations: 15 (autodetect)
[00:00:01 -2394.078304] Model parameter optimization (eps = 3.000000)
[00:00:01 -2391.927907] FAST spr round 1 (radius: 15)
[00:00:01 -2375.544711] FAST spr round 2 (radius: 15)
[00:00:01 -2374.399631] Model parameter optimization (eps = 1.000000)
[00:00:01 -2374.141611] SLOW spr round 1 (radius: 5)
[00:00:01] [worker #2] ML tree search #11, logLikelihood: -2374.123799
[00:00:02 -2374.124372] SLOW spr round 2 (radius: 10)
[00:00:02] [worker #3] ML tree search #12, logLikelihood: -2374.166116
[00:00:02 -2374.124347] SLOW spr round 3 (radius: 15)
[00:00:02 -2374.124347] SLOW spr round 4 (radius: 20)
[00:00:02 -2374.124347] Model parameter optimization (eps = 0.100000)

[00:00:02] [worker #0] ML tree search #9, logLikelihood: -2374.123713

[00:00:02] [worker #1] ML tree search #10, logLikelihood: -2374.166313
[00:00:02 -2921.054735] Initial branch length optimization
[00:00:02 -2504.435831] Model parameter optimization (eps = 10.000000)
[00:00:02 -2380.410470] AUTODETECT spr round 1 (radius: 5)
[00:00:02 -2377.408250] AUTODETECT spr round 2 (radius: 10)
[00:00:02 -2377.356136] SPR radius for FAST iterations: 5 (autodetect)
[00:00:02 -2377.356136] Model parameter optimization (eps = 3.000000)
[00:00:02 -2377.281305] FAST spr round 1 (radius: 5)
[00:00:02 -2376.775324] Model parameter optimization (eps = 1.000000)
[00:00:02 -2376.747700] SLOW spr round 1 (radius: 5)
[00:00:02 -2376.659635] SLOW spr round 2 (radius: 10)
[00:00:03 -2374.892256] SLOW spr round 3 (radius: 15)
[00:00:03] [worker #3] ML tree search #16, logLikelihood: -2374.166005
[00:00:03] [worker #2] ML tree search #15, logLikelihood: -2374.166401
[00:00:03] [worker #1] ML tree search #14, logLikelihood: -2374.166012
[00:00:03 -2374.874929] SLOW spr round 4 (radius: 20)
[00:00:03 -2374.874924] Model parameter optimization (eps = 0.100000)

[00:00:03] [worker #0] ML tree search #13, logLikelihood: -2374.769533

[00:00:03 -2913.353808] Initial branch length optimization
[00:00:03 -2502.266093] Model parameter optimization (eps = 10.000000)
[00:00:03 -2379.058263] AUTODETECT spr round 1 (radius: 5)
[00:00:03 -2374.754656] AUTODETECT spr round 2 (radius: 10)
[00:00:03 -2374.748422] SPR radius for FAST iterations: 5 (autodetect)
[00:00:03 -2374.748422] Model parameter optimization (eps = 3.000000)
[00:00:04 -2374.738548] FAST spr round 1 (radius: 5)
[00:00:04 -2374.449478] Model parameter optimization (eps = 1.000000)
[00:00:04 -2374.447034] SLOW spr round 1 (radius: 5)
[00:00:04 -2374.176889] SLOW spr round 2 (radius: 10)
[00:00:04] [worker #1] ML tree search #18, logLikelihood: -2374.165986
[00:00:04 -2374.176864] SLOW spr round 3 (radius: 15)
[00:00:04] [worker #2] ML tree search #19, logLikelihood: -2374.166119
[00:00:04] [worker #3] ML tree search #20, logLikelihood: -2374.122506
[00:00:04 -2374.176864] SLOW spr round 4 (radius: 20)
[00:00:04 -2374.176864] Model parameter optimization (eps = 0.100000)

[00:00:04] [worker #0] ML tree search #17, logLikelihood: -2374.166278


Optimized model parameters:

   Partition 0: noname
   Rate heterogeneity: GAMMA (4 cats, mean),  alpha: 0.245076 (ML),  weights&rates: (0.250000,0.001890) (0.250000,0.063157) (0.250000,0.490985) (0.250000,3.443967) 
   Base frequencies (empirical): 0.274950 0.244642 0.189878 0.290530 
   Substitution rates (ML): 1.929449 9.073845 1.823754 2.610715 8.318397 1.000000 


Final LogLikelihood: -2374.122506

AIC score: 4848.245012 / AICc score: 4858.914468 / BIC score: 5061.794434
Free parameters (model + branch lengths): 50

WARNING: Best ML tree contains 2 near-zero branches!

Best ML tree with collapsed near-zero branches saved to: /data/jeremias/eucs/roadies/output/genes/gene_156_filtered.fa.aln.raxml.bestTreeCollapsed
Best ML tree saved to: /data/jeremias/eucs/roadies/output/genes/gene_156_filtered.fa.aln.raxml.bestTree
All ML trees saved to: /data/jeremias/eucs/roadies/output/genes/gene_156_filtered.fa.aln.raxml.mlTrees
Optimized model saved to: /data/jeremias/eucs/roadies/output/genes/gene_156_filtered.fa.aln.raxml.bestModel

Execution log saved to: /data/jeremias/eucs/roadies/output/genes/gene_156_filtered.fa.aln.raxml.log

Analysis started: 29-Jul-2024 17:15:21 / finished: 29-Jul-2024 17:15:26

Elapsed time: 4.627 seconds

