
RAxML-NG v. 1.2.2 released on 11.04.2024 by The Exelixis Lab.
Developed by: Alexey M. Kozlov and Alexandros Stamatakis.
Contributors: Diego Darriba, Tomas Flouri, Benoit Morel, Sarah Lutteropp, Ben Bettisworth, Julia Haag, Anastasis Togkousidis.
Latest version: https://github.com/amkozlov/raxml-ng
Questions/problems/suggestions? Please visit: https://groups.google.com/forum/#!forum/raxml

System: AMD EPYC 7742 64-Core Processor, 128 cores, 1007 GB RAM

RAxML-NG was called at 29-Jul-2024 14:29:45 as follows:

raxml-ng --msa /data/jeremias/eucs/roadies/output/genes/gene_63_filtered.fa.aln --model GTR+G+F --redo --threads auto{4} --blopt nr_safe

Analysis options:
  run mode: ML tree search
  start tree(s): random (10) + parsimony (10)
  random seed: 1722227385
  tip-inner: OFF
  pattern compression: ON
  per-rate scalers: OFF
  site repeats: ON
  logLH epsilon: general: 10.000000, brlen-triplet: 1000.000000
  fast spr radius: AUTO
  spr subtree cutoff: 1.000000
  fast CLV updates: ON
  branch lengths: proportional (ML estimate, algorithm: NR-SAFE)
  SIMD kernels: AVX2
  parallelization: coarse-grained (auto), PTHREADS (auto)

WARNING: Running in REDO mode: existing checkpoints are ignored, and all result files will be overwritten!

[00:00:00] Reading alignment from file: /data/jeremias/eucs/roadies/output/genes/gene_63_filtered.fa.aln
[00:00:00] Loaded alignment with 53 taxa and 502 sites

WARNING: Sequences E_polyanthemos_0 and E_dawsonii_0 are exactly identical!
WARNING: Sequences E_grandis_0 and E_globulus_0 are exactly identical!
WARNING: Sequences E_melliodora_0 and E_dawsonii_1 are exactly identical!
WARNING: Duplicate sequences found: 3

NOTE: Reduced alignment (with duplicates and gap-only sites/taxa removed) 
NOTE: was saved to: /data/jeremias/eucs/roadies/output/genes/gene_63_filtered.fa.aln.raxml.reduced.phy

Alignment comprises 1 partitions and 232 patterns

Partition 0: noname
Model: GTR+FC+G4m
Alignment sites / patterns: 502 / 232
Gaps: 1.70 %
Invariant sites: 55.78 %


NOTE: Binary MSA file created: /data/jeremias/eucs/roadies/output/genes/gene_63_filtered.fa.aln.raxml.rba

Parallelization scheme autoconfig: 4 worker(s) x 1 thread(s)

[00:00:00] Generating 10 random starting tree(s) with 53 taxa
[00:00:00] Generating 10 parsimony starting tree(s) with 53 taxa
Parallel parsimony with 4 threads
Parallel reduction/worker buffer size: 1 KB  / 0 KB

[00:00:00] Data distribution: max. partitions/sites/weight per thread: 1 / 232 / 3712
[00:00:00] Data distribution: max. searches per worker: 5

Starting ML tree search with 20 distinct starting trees

[00:00:00 -5043.797033] Initial branch length optimization
[00:00:00 -4272.240694] Model parameter optimization (eps = 10.000000)
[00:00:00 -3999.295644] AUTODETECT spr round 1 (radius: 5)
[00:00:00 -3057.726142] AUTODETECT spr round 2 (radius: 10)
[00:00:00 -2893.769760] AUTODETECT spr round 3 (radius: 15)
[00:00:00 -2893.610856] AUTODETECT spr round 4 (radius: 20)
[00:00:00 -2893.459671] AUTODETECT spr round 5 (radius: 25)
[00:00:00 -2893.205034] SPR radius for FAST iterations: 25 (autodetect)
[00:00:00 -2893.205034] Model parameter optimization (eps = 3.000000)
[00:00:00 -2834.601211] FAST spr round 1 (radius: 25)
[00:00:00 -2751.185096] FAST spr round 2 (radius: 25)
[00:00:00 -2743.595459] Model parameter optimization (eps = 1.000000)
[00:00:00 -2742.548068] SLOW spr round 1 (radius: 5)
[00:00:01 -2742.547935] SLOW spr round 2 (radius: 10)
[00:00:01 -2742.547935] SLOW spr round 3 (radius: 15)
[00:00:01 -2742.547935] SLOW spr round 4 (radius: 20)
[00:00:01 -2742.547935] SLOW spr round 5 (radius: 25)
[00:00:01] [worker #2] ML tree search #3, logLikelihood: -2742.547933
[00:00:01 -2742.547935] Model parameter optimization (eps = 0.100000)
[00:00:01] [worker #1] ML tree search #2, logLikelihood: -2742.547924

[00:00:01] [worker #0] ML tree search #1, logLikelihood: -2742.547932

[00:00:01 -5033.595332] Initial branch length optimization
[00:00:01] [worker #3] ML tree search #4, logLikelihood: -2742.547933
[00:00:01 -4272.602492] Model parameter optimization (eps = 10.000000)
[00:00:01 -4005.112965] AUTODETECT spr round 1 (radius: 5)
[00:00:02 -3301.727678] AUTODETECT spr round 2 (radius: 10)
[00:00:02 -3013.120392] AUTODETECT spr round 3 (radius: 15)
[00:00:02 -3012.435604] AUTODETECT spr round 4 (radius: 20)
[00:00:02 -3012.391874] SPR radius for FAST iterations: 15 (autodetect)
[00:00:02 -3012.391874] Model parameter optimization (eps = 3.000000)
[00:00:02 -2969.443507] FAST spr round 1 (radius: 15)
[00:00:02 -2753.383904] FAST spr round 2 (radius: 15)
[00:00:02 -2747.551860] Model parameter optimization (eps = 1.000000)
[00:00:02 -2742.548408] SLOW spr round 1 (radius: 5)
[00:00:03 -2742.547943] SLOW spr round 2 (radius: 10)
[00:00:03 -2742.547943] SLOW spr round 3 (radius: 15)
[00:00:03 -2742.547943] SLOW spr round 4 (radius: 20)
[00:00:03] [worker #2] ML tree search #7, logLikelihood: -2742.547938
[00:00:03 -2742.547943] SLOW spr round 5 (radius: 25)
[00:00:03] [worker #3] ML tree search #8, logLikelihood: -2742.547916
[00:00:03 -2742.547943] Model parameter optimization (eps = 0.100000)

[00:00:03] [worker #0] ML tree search #5, logLikelihood: -2742.547943

[00:00:03 -5010.406434] Initial branch length optimization
[00:00:03 -4220.779836] Model parameter optimization (eps = 10.000000)
[00:00:03] [worker #1] ML tree search #6, logLikelihood: -2744.886918
[00:00:03 -3971.705114] AUTODETECT spr round 1 (radius: 5)
[00:00:03 -3035.341691] AUTODETECT spr round 2 (radius: 10)
[00:00:03 -2923.725260] AUTODETECT spr round 3 (radius: 15)
[00:00:04 -2923.529693] AUTODETECT spr round 4 (radius: 20)
[00:00:04 -2923.419514] AUTODETECT spr round 5 (radius: 25)
[00:00:04 -2923.364682] SPR radius for FAST iterations: 20 (autodetect)
[00:00:04 -2923.364682] Model parameter optimization (eps = 3.000000)
[00:00:04 -2876.262875] FAST spr round 1 (radius: 20)
[00:00:04 -2747.339737] FAST spr round 2 (radius: 20)
[00:00:04 -2747.238993] Model parameter optimization (eps = 1.000000)
[00:00:04 -2745.506522] SLOW spr round 1 (radius: 5)
[00:00:04] [worker #2] ML tree search #11, logLikelihood: -2742.547936
[00:00:04 -2744.892243] SLOW spr round 2 (radius: 10)
[00:00:04] [worker #3] ML tree search #12, logLikelihood: -2742.547919
[00:00:04 -2744.891833] SLOW spr round 3 (radius: 15)
[00:00:06 -2744.891718] SLOW spr round 4 (radius: 20)
[00:00:06 -2744.891688] SLOW spr round 5 (radius: 25)
[00:00:06 -2744.891681] Model parameter optimization (eps = 0.100000)

[00:00:06] [worker #0] ML tree search #9, logLikelihood: -2744.886948

[00:00:06 -3758.686438] Initial branch length optimization
[00:00:06 -2842.501277] Model parameter optimization (eps = 10.000000)
[00:00:06] [worker #1] ML tree search #10, logLikelihood: -2742.547922
[00:00:06 -2747.173925] AUTODETECT spr round 1 (radius: 5)
[00:00:06 -2742.566434] AUTODETECT spr round 2 (radius: 10)
[00:00:06 -2742.566251] SPR radius for FAST iterations: 5 (autodetect)
[00:00:06 -2742.566251] Model parameter optimization (eps = 3.000000)
[00:00:06 -2742.548460] FAST spr round 1 (radius: 5)
[00:00:06 -2742.548446] Model parameter optimization (eps = 1.000000)
[00:00:06 -2742.548445] SLOW spr round 1 (radius: 5)
[00:00:07] [worker #2] ML tree search #15, logLikelihood: -2744.886681
[00:00:07 -2742.547934] SLOW spr round 2 (radius: 10)
[00:00:07] [worker #3] ML tree search #16, logLikelihood: -2744.886765
[00:00:07 -2742.547934] SLOW spr round 3 (radius: 15)
[00:00:07 -2742.547934] SLOW spr round 4 (radius: 20)
[00:00:07 -2742.547934] SLOW spr round 5 (radius: 25)
[00:00:07 -2742.547934] Model parameter optimization (eps = 0.100000)

[00:00:07] [worker #0] ML tree search #13, logLikelihood: -2742.547933

[00:00:07 -3761.341573] Initial branch length optimization
[00:00:07 -2842.160280] Model parameter optimization (eps = 10.000000)
[00:00:07 -2745.100454] AUTODETECT spr round 1 (radius: 5)
[00:00:07] [worker #1] ML tree search #14, logLikelihood: -2742.547929
[00:00:07 -2742.548936] AUTODETECT spr round 2 (radius: 10)
[00:00:08 -2742.548853] SPR radius for FAST iterations: 5 (autodetect)
[00:00:08 -2742.548853] Model parameter optimization (eps = 3.000000)
[00:00:08 -2742.548431] FAST spr round 1 (radius: 5)
[00:00:08 -2742.548431] Model parameter optimization (eps = 1.000000)
[00:00:08 -2742.548431] SLOW spr round 1 (radius: 5)
[00:00:08] [worker #2] ML tree search #19, logLikelihood: -2744.886658
[00:00:08 -2742.547916] SLOW spr round 2 (radius: 10)
[00:00:08] [worker #3] ML tree search #20, logLikelihood: -2742.547923
[00:00:08 -2742.547915] SLOW spr round 3 (radius: 15)
[00:00:08 -2742.547915] SLOW spr round 4 (radius: 20)
[00:00:08 -2742.547915] SLOW spr round 5 (radius: 25)
[00:00:08 -2742.547915] Model parameter optimization (eps = 0.100000)

[00:00:08] [worker #0] ML tree search #17, logLikelihood: -2742.547915

[00:00:09] [worker #1] ML tree search #18, logLikelihood: -2744.886655

Optimized model parameters:

   Partition 0: noname
   Rate heterogeneity: GAMMA (4 cats, mean),  alpha: 2.214794 (ML),  weights&rates: (0.250000,0.317634) (0.250000,0.676069) (0.250000,1.074540) (0.250000,1.931757) 
   Base frequencies (empirical): 0.337297 0.147467 0.135538 0.379698 
   Substitution rates (ML): 0.992454 3.380287 0.488977 1.140221 3.240717 1.000000 


Final LogLikelihood: -2742.547915

AIC score: 5709.095831 / AICc score: 5774.165240 / BIC score: 6181.579044
Free parameters (model + branch lengths): 112

WARNING: Best ML tree contains 15 near-zero branches!

Best ML tree with collapsed near-zero branches saved to: /data/jeremias/eucs/roadies/output/genes/gene_63_filtered.fa.aln.raxml.bestTreeCollapsed
Best ML tree saved to: /data/jeremias/eucs/roadies/output/genes/gene_63_filtered.fa.aln.raxml.bestTree
All ML trees saved to: /data/jeremias/eucs/roadies/output/genes/gene_63_filtered.fa.aln.raxml.mlTrees
Optimized model saved to: /data/jeremias/eucs/roadies/output/genes/gene_63_filtered.fa.aln.raxml.bestModel

Execution log saved to: /data/jeremias/eucs/roadies/output/genes/gene_63_filtered.fa.aln.raxml.log

Analysis started: 29-Jul-2024 14:29:45 / finished: 29-Jul-2024 14:29:54

Elapsed time: 9.084 seconds

