
RAxML-NG v. 1.2.2 released on 11.04.2024 by The Exelixis Lab.
Developed by: Alexey M. Kozlov and Alexandros Stamatakis.
Contributors: Diego Darriba, Tomas Flouri, Benoit Morel, Sarah Lutteropp, Ben Bettisworth, Julia Haag, Anastasis Togkousidis.
Latest version: https://github.com/amkozlov/raxml-ng
Questions/problems/suggestions? Please visit: https://groups.google.com/forum/#!forum/raxml

System: AMD EPYC 7742 64-Core Processor, 128 cores, 1007 GB RAM

RAxML-NG was called at 29-Jul-2024 14:57:17 as follows:

raxml-ng --msa /data/jeremias/eucs/roadies/output/genes/gene_2_filtered.fa.aln --model GTR+G+F --redo --threads auto{4} --blopt nr_safe

Analysis options:
  run mode: ML tree search
  start tree(s): random (10) + parsimony (10)
  random seed: 1722229037
  tip-inner: OFF
  pattern compression: ON
  per-rate scalers: OFF
  site repeats: ON
  logLH epsilon: general: 10.000000, brlen-triplet: 1000.000000
  fast spr radius: AUTO
  spr subtree cutoff: 1.000000
  fast CLV updates: ON
  branch lengths: proportional (ML estimate, algorithm: NR-SAFE)
  SIMD kernels: AVX2
  parallelization: coarse-grained (auto), PTHREADS (auto)

WARNING: Running in REDO mode: existing checkpoints are ignored, and all result files will be overwritten!

[00:00:00] Reading alignment from file: /data/jeremias/eucs/roadies/output/genes/gene_2_filtered.fa.aln
[00:00:00] Loaded alignment with 39 taxa and 530 sites

WARNING: Sequences E_viminalis_0 and E_globulus_0 are exactly identical!
WARNING: Sequences E_sid_E_mel_0 and E_fibrosa_0 are exactly identical!
WARNING: Duplicate sequences found: 2

NOTE: Reduced alignment (with duplicates and gap-only sites/taxa removed) 
NOTE: was saved to: /data/jeremias/eucs/roadies/output/genes/gene_2_filtered.fa.aln.raxml.reduced.phy

Alignment comprises 1 partitions and 136 patterns

Partition 0: noname
Model: GTR+FC+G4m
Alignment sites / patterns: 530 / 136
Gaps: 5.54 %
Invariant sites: 73.58 %


NOTE: Binary MSA file created: /data/jeremias/eucs/roadies/output/genes/gene_2_filtered.fa.aln.raxml.rba

Parallelization scheme autoconfig: 4 worker(s) x 1 thread(s)

[00:00:00] Generating 10 random starting tree(s) with 39 taxa
[00:00:00] Generating 10 parsimony starting tree(s) with 39 taxa
Parallel parsimony with 4 threads
Parallel reduction/worker buffer size: 1 KB  / 0 KB

[00:00:00] Data distribution: max. partitions/sites/weight per thread: 1 / 136 / 2176
[00:00:00] Data distribution: max. searches per worker: 5

Starting ML tree search with 20 distinct starting trees

[00:00:00 -3905.061545] Initial branch length optimization
[00:00:00 -3053.412708] Model parameter optimization (eps = 10.000000)
[00:00:00 -2733.251100] AUTODETECT spr round 1 (radius: 5)
[00:00:00 -2105.468710] AUTODETECT spr round 2 (radius: 10)
[00:00:00 -1959.842108] AUTODETECT spr round 3 (radius: 15)
[00:00:00 -1959.702247] AUTODETECT spr round 4 (radius: 20)
[00:00:00 -1959.696219] SPR radius for FAST iterations: 15 (autodetect)
[00:00:00 -1959.696219] Model parameter optimization (eps = 3.000000)
[00:00:00 -1940.763055] FAST spr round 1 (radius: 15)
[00:00:00 -1922.945227] FAST spr round 2 (radius: 15)
[00:00:00 -1912.791916] FAST spr round 3 (radius: 15)
[00:00:00 -1910.634537] Model parameter optimization (eps = 1.000000)
[00:00:00 -1909.995061] SLOW spr round 1 (radius: 5)
[00:00:00 -1909.995036] SLOW spr round 2 (radius: 10)
[00:00:00 -1909.995036] SLOW spr round 3 (radius: 15)
[00:00:00] [worker #3] ML tree search #4, logLikelihood: -1910.722939
[00:00:00 -1909.995036] SLOW spr round 4 (radius: 20)
[00:00:00] [worker #2] ML tree search #3, logLikelihood: -1909.994353
[00:00:00 -1909.995036] SLOW spr round 5 (radius: 25)
[00:00:00 -1909.995036] Model parameter optimization (eps = 0.100000)

[00:00:00] [worker #0] ML tree search #1, logLikelihood: -1909.994275

[00:00:00 -3901.240028] Initial branch length optimization
[00:00:00 -3049.014623] Model parameter optimization (eps = 10.000000)
[00:00:00] [worker #1] ML tree search #2, logLikelihood: -1909.994271
[00:00:01 -2726.912800] AUTODETECT spr round 1 (radius: 5)
[00:00:01 -2311.310354] AUTODETECT spr round 2 (radius: 10)
[00:00:01 -1989.404800] AUTODETECT spr round 3 (radius: 15)
[00:00:01 -1989.335063] SPR radius for FAST iterations: 10 (autodetect)
[00:00:01 -1989.335063] Model parameter optimization (eps = 3.000000)
[00:00:01 -1970.692878] FAST spr round 1 (radius: 10)
[00:00:01 -1911.168257] FAST spr round 2 (radius: 10)
[00:00:01 -1910.598603] Model parameter optimization (eps = 1.000000)
[00:00:01 -1909.995757] SLOW spr round 1 (radius: 5)
[00:00:01 -1909.995655] SLOW spr round 2 (radius: 10)
[00:00:01 -1909.995655] SLOW spr round 3 (radius: 15)
[00:00:01 -1909.995655] SLOW spr round 4 (radius: 20)
[00:00:01 -1909.995655] SLOW spr round 5 (radius: 25)
[00:00:01 -1909.995655] Model parameter optimization (eps = 0.100000)

[00:00:01] [worker #0] ML tree search #5, logLikelihood: -1909.994262

[00:00:01 -3889.728253] Initial branch length optimization
[00:00:01] [worker #3] ML tree search #8, logLikelihood: -1909.994264
[00:00:01 -3024.702448] Model parameter optimization (eps = 10.000000)
[00:00:02 -2715.541841] AUTODETECT spr round 1 (radius: 5)
[00:00:02] [worker #1] ML tree search #6, logLikelihood: -1909.994304
[00:00:02 -1993.772727] AUTODETECT spr round 2 (radius: 10)
[00:00:02] [worker #2] ML tree search #7, logLikelihood: -1909.212929
[00:00:02 -1981.898125] AUTODETECT spr round 3 (radius: 15)
[00:00:02 -1981.724377] AUTODETECT spr round 4 (radius: 20)
[00:00:02 -1981.723411] SPR radius for FAST iterations: 15 (autodetect)
[00:00:02 -1981.723411] Model parameter optimization (eps = 3.000000)
[00:00:02 -1965.532986] FAST spr round 1 (radius: 15)
[00:00:02 -1910.820869] FAST spr round 2 (radius: 15)
[00:00:02 -1910.820723] Model parameter optimization (eps = 1.000000)
[00:00:02 -1909.996190] SLOW spr round 1 (radius: 5)
[00:00:02 -1909.995997] SLOW spr round 2 (radius: 10)
[00:00:02 -1909.995997] SLOW spr round 3 (radius: 15)
[00:00:02 -1909.995997] SLOW spr round 4 (radius: 20)
[00:00:03 -1909.995997] SLOW spr round 5 (radius: 25)
[00:00:03] [worker #3] ML tree search #12, logLikelihood: -1909.212931
[00:00:03 -1909.995997] Model parameter optimization (eps = 0.100000)
[00:00:03] [worker #2] ML tree search #11, logLikelihood: -1909.994263

[00:00:03] [worker #0] ML tree search #9, logLikelihood: -1909.994271

[00:00:03 -2880.574674] Initial branch length optimization
[00:00:03 -1997.659330] Model parameter optimization (eps = 10.000000)
[00:00:03] [worker #1] ML tree search #10, logLikelihood: -1909.994262
[00:00:03 -1924.721447] AUTODETECT spr round 1 (radius: 5)
[00:00:03 -1913.523201] AUTODETECT spr round 2 (radius: 10)
[00:00:03 -1913.521523] SPR radius for FAST iterations: 5 (autodetect)
[00:00:03 -1913.521523] Model parameter optimization (eps = 3.000000)
[00:00:03 -1913.252797] FAST spr round 1 (radius: 5)
[00:00:03 -1910.022773] Model parameter optimization (eps = 1.000000)
[00:00:03 -1909.994388] SLOW spr round 1 (radius: 5)
[00:00:03 -1909.994292] SLOW spr round 2 (radius: 10)
[00:00:03 -1909.994292] SLOW spr round 3 (radius: 15)
[00:00:03] [worker #2] ML tree search #15, logLikelihood: -1909.994258
[00:00:03 -1909.994292] SLOW spr round 4 (radius: 20)
[00:00:03 -1909.994292] SLOW spr round 5 (radius: 25)
[00:00:03 -1909.994292] Model parameter optimization (eps = 0.100000)

[00:00:03] [worker #0] ML tree search #13, logLikelihood: -1909.994258

[00:00:03 -2902.341619] Initial branch length optimization
[00:00:03 -2011.868979] Model parameter optimization (eps = 10.000000)
[00:00:04 -1939.044307] AUTODETECT spr round 1 (radius: 5)
[00:00:04 -1914.110620] AUTODETECT spr round 2 (radius: 10)
[00:00:04] [worker #1] ML tree search #14, logLikelihood: -1910.722912
[00:00:04] [worker #3] ML tree search #16, logLikelihood: -1909.212935
[00:00:04 -1914.100511] SPR radius for FAST iterations: 5 (autodetect)
[00:00:04 -1914.100511] Model parameter optimization (eps = 3.000000)
[00:00:04 -1913.821632] FAST spr round 1 (radius: 5)
[00:00:04 -1910.332719] Model parameter optimization (eps = 1.000000)
[00:00:04 -1910.301261] SLOW spr round 1 (radius: 5)
[00:00:04 -1909.237241] SLOW spr round 2 (radius: 10)
[00:00:04 -1909.237241] SLOW spr round 3 (radius: 15)
[00:00:04] [worker #2] ML tree search #19, logLikelihood: -1910.574852
[00:00:05 -1909.237241] SLOW spr round 4 (radius: 20)
[00:00:05 -1909.237241] SLOW spr round 5 (radius: 25)
[00:00:05 -1909.237241] Model parameter optimization (eps = 0.100000)

[00:00:05] [worker #0] ML tree search #17, logLikelihood: -1909.212972

[00:00:05] [worker #3] ML tree search #20, logLikelihood: -1909.994260
[00:00:05] [worker #1] ML tree search #18, logLikelihood: -1909.994264

Optimized model parameters:

   Partition 0: noname
   Rate heterogeneity: GAMMA (4 cats, mean),  alpha: 0.660328 (ML),  weights&rates: (0.250000,0.065743) (0.250000,0.344194) (0.250000,0.909231) (0.250000,2.680832) 
   Base frequencies (empirical): 0.309773 0.215837 0.212252 0.262139 
   Substitution rates (ML): 0.666600 4.132000 0.768407 0.930057 5.319796 1.000000 


Final LogLikelihood: -1909.212929

AIC score: 3986.425859 / AICc score: 4018.515746 / BIC score: 4345.347527
Free parameters (model + branch lengths): 84

WARNING: Best ML tree contains 11 near-zero branches!

Best ML tree with collapsed near-zero branches saved to: /data/jeremias/eucs/roadies/output/genes/gene_2_filtered.fa.aln.raxml.bestTreeCollapsed
Best ML tree saved to: /data/jeremias/eucs/roadies/output/genes/gene_2_filtered.fa.aln.raxml.bestTree
All ML trees saved to: /data/jeremias/eucs/roadies/output/genes/gene_2_filtered.fa.aln.raxml.mlTrees
Optimized model saved to: /data/jeremias/eucs/roadies/output/genes/gene_2_filtered.fa.aln.raxml.bestModel

Execution log saved to: /data/jeremias/eucs/roadies/output/genes/gene_2_filtered.fa.aln.raxml.log

Analysis started: 29-Jul-2024 14:57:17 / finished: 29-Jul-2024 14:57:23

Elapsed time: 5.345 seconds

