
RAxML-NG v. 1.2.2 released on 11.04.2024 by The Exelixis Lab.
Developed by: Alexey M. Kozlov and Alexandros Stamatakis.
Contributors: Diego Darriba, Tomas Flouri, Benoit Morel, Sarah Lutteropp, Ben Bettisworth, Julia Haag, Anastasis Togkousidis.
Latest version: https://github.com/amkozlov/raxml-ng
Questions/problems/suggestions? Please visit: https://groups.google.com/forum/#!forum/raxml

System: AMD EPYC 7742 64-Core Processor, 128 cores, 1007 GB RAM

RAxML-NG was called at 29-Jul-2024 15:49:30 as follows:

raxml-ng --msa /data/jeremias/eucs/roadies/output/genes/gene_76_filtered.fa.aln --model GTR+G+F --redo --threads auto{4} --blopt nr_safe

Analysis options:
  run mode: ML tree search
  start tree(s): random (10) + parsimony (10)
  random seed: 1722232170
  tip-inner: OFF
  pattern compression: ON
  per-rate scalers: OFF
  site repeats: ON
  logLH epsilon: general: 10.000000, brlen-triplet: 1000.000000
  fast spr radius: AUTO
  spr subtree cutoff: 1.000000
  fast CLV updates: ON
  branch lengths: proportional (ML estimate, algorithm: NR-SAFE)
  SIMD kernels: AVX2
  parallelization: coarse-grained (auto), PTHREADS (auto)

WARNING: Running in REDO mode: existing checkpoints are ignored, and all result files will be overwritten!

[00:00:00] Reading alignment from file: /data/jeremias/eucs/roadies/output/genes/gene_76_filtered.fa.aln
[00:00:00] Loaded alignment with 360 taxa and 500 sites

WARNING: Sequences E_coolabah_8 and E_fibrosa_7 are exactly identical!
WARNING: Sequences E_globulus_1 and E_viminalis_2 are exactly identical!
WARNING: Sequences E_globulus_5 and E_camaldulensis_4 are exactly identical!
WARNING: Sequences E_dawsonii_2 and E_dawsonii_1 are exactly identical!
WARNING: Sequences E_dawsonii_2 and E_polyanthemos_1 are exactly identical!
WARNING: Sequences E_dawsonii_6 and E_melliodora_8 are exactly identical!
WARNING: Sequences E_sid_E_mel_9 and E_cladocalyx_7 are exactly identical!
WARNING: Sequences E_sid_E_mel_8 and E_sideroxylon_8 are exactly identical!
WARNING: Sequences E_sid_E_mel_3 and E_sideroxylon_3 are exactly identical!
WARNING: Sequences E_sid_E_mel_2 and E_sideroxylon_2 are exactly identical!
WARNING: Sequences E_ANBG9806169_6 and E_pauciflora_8 are exactly identical!
WARNING: Sequences E_marginata_7 and E_pauciflora_9 are exactly identical!
WARNING: Sequences E_marginata_0 and E_cloeziana_1 are exactly identical!
WARNING: Sequences E_albens_4 and E_cladocalyx_2 are exactly identical!
WARNING: Sequences E_albens_1 and E_melliodora_1 are exactly identical!
WARNING: Sequences E_leucophloia_7 and E_leucophloia_6 are exactly identical!
WARNING: Sequences E_leucophloia_0 and E_melliodora_2 are exactly identical!
WARNING: Sequences E_pauciflora_3 and E_regnans_2 are exactly identical!
WARNING: Sequences E_sid_E_mel_0 and E_sideroxylon_0 are exactly identical!
WARNING: Sequences E_brandiana_8 and E_brandiana_9 are exactly identical!
WARNING: Duplicate sequences found: 20

NOTE: Reduced alignment (with duplicates and gap-only sites/taxa removed) 
NOTE: was saved to: /data/jeremias/eucs/roadies/output/genes/gene_76_filtered.fa.aln.raxml.reduced.phy

Alignment comprises 1 partitions and 389 patterns

Partition 0: noname
Model: GTR+FC+G4m
Alignment sites / patterns: 500 / 389
Gaps: 0.16 %
Invariant sites: 24.00 %


NOTE: Binary MSA file created: /data/jeremias/eucs/roadies/output/genes/gene_76_filtered.fa.aln.raxml.rba

Parallelization scheme autoconfig: 4 worker(s) x 1 thread(s)

[00:00:00] Generating 10 random starting tree(s) with 360 taxa
[00:00:00] Generating 10 parsimony starting tree(s) with 360 taxa
Parallel parsimony with 4 threads
Parallel reduction/worker buffer size: 1 KB  / 0 KB

[00:00:00] Data distribution: max. partitions/sites/weight per thread: 1 / 389 / 6224
[00:00:00] Data distribution: max. searches per worker: 5

Starting ML tree search with 20 distinct starting trees

[00:00:00 -29768.845585] Initial branch length optimization
[00:00:00 -24960.418190] Model parameter optimization (eps = 10.000000)
[00:00:02 -21803.210990] AUTODETECT spr round 1 (radius: 5)
[00:00:04 -16427.468942] AUTODETECT spr round 2 (radius: 10)
[00:00:08 -11922.060686] AUTODETECT spr round 3 (radius: 15)
[00:00:15 -10872.630278] AUTODETECT spr round 4 (radius: 20)
[00:00:22 -10833.674421] AUTODETECT spr round 5 (radius: 25)
[00:00:27 -10832.209574] SPR radius for FAST iterations: 25 (autodetect)
[00:00:27 -10832.209574] Model parameter optimization (eps = 3.000000)
[00:00:28 -10765.100684] FAST spr round 1 (radius: 25)
[00:00:30 -9796.326318] FAST spr round 2 (radius: 25)
[00:00:33 -9736.765419] FAST spr round 3 (radius: 25)
[00:00:35 -9730.860603] Model parameter optimization (eps = 1.000000)
[00:00:36 -9719.192760] SLOW spr round 1 (radius: 5)
[00:00:41 -9718.955720] SLOW spr round 2 (radius: 10)
[00:00:45 -9718.952973] SLOW spr round 3 (radius: 15)
[00:00:53 -9718.952482] SLOW spr round 4 (radius: 20)
[00:01:05 -9717.490773] SLOW spr round 5 (radius: 25)
[00:01:16] [worker #1] ML tree search #2, logLikelihood: -9729.368506
[00:01:20 -9716.913035] Model parameter optimization (eps = 0.100000)

[00:01:20] [worker #0] ML tree search #1, logLikelihood: -9716.828352

[00:01:20 -29703.932749] Initial branch length optimization
[00:01:20 -24787.830395] Model parameter optimization (eps = 10.000000)
[00:01:22 -21637.178234] AUTODETECT spr round 1 (radius: 5)
[00:01:22] [worker #3] ML tree search #4, logLikelihood: -9720.311202
[00:01:23 -16185.673258] AUTODETECT spr round 2 (radius: 10)
[00:01:25 -12198.325808] AUTODETECT spr round 3 (radius: 15)
[00:01:28 -10928.131593] AUTODETECT spr round 4 (radius: 20)
[00:01:29] [worker #2] ML tree search #3, logLikelihood: -9708.599402
[00:01:32 -10883.489895] AUTODETECT spr round 5 (radius: 25)
[00:01:37 -10867.734149] SPR radius for FAST iterations: 25 (autodetect)
[00:01:37 -10867.734149] Model parameter optimization (eps = 3.000000)
[00:01:38 -10799.588332] FAST spr round 1 (radius: 25)
[00:01:40 -9770.371440] FAST spr round 2 (radius: 25)
[00:01:42 -9741.339152] FAST spr round 3 (radius: 25)
[00:01:44 -9734.776071] Model parameter optimization (eps = 1.000000)
[00:01:44 -9721.053589] SLOW spr round 1 (radius: 5)
[00:01:48 -9718.367189] SLOW spr round 2 (radius: 10)
[00:01:52 -9716.989409] SLOW spr round 3 (radius: 15)
[00:02:02 -9716.146137] SLOW spr round 4 (radius: 20)
[00:02:14 -9716.145046] SLOW spr round 5 (radius: 25)
[00:02:25 -9716.144868] Model parameter optimization (eps = 0.100000)
[00:02:26] [worker #1] ML tree search #6, logLikelihood: -9718.139783

[00:02:26] [worker #0] ML tree search #5, logLikelihood: -9715.791395

[00:02:26 -29830.335011] Initial branch length optimization
[00:02:26 -24930.117065] Model parameter optimization (eps = 10.000000)
[00:02:27 -21761.472785] AUTODETECT spr round 1 (radius: 5)
[00:02:28 -15776.451741] AUTODETECT spr round 2 (radius: 10)
[00:02:31 -11409.948157] AUTODETECT spr round 3 (radius: 15)
[00:02:34 -10858.748122] AUTODETECT spr round 4 (radius: 20)
[00:02:38] [worker #3] ML tree search #8, logLikelihood: -9708.778815
[00:02:42 -10852.613686] AUTODETECT spr round 5 (radius: 25)
[00:02:51 -10845.619529] SPR radius for FAST iterations: 25 (autodetect)
[00:02:51 -10845.619529] Model parameter optimization (eps = 3.000000)
[00:02:51 -10781.018122] FAST spr round 1 (radius: 25)
[00:02:52] [worker #2] ML tree search #7, logLikelihood: -9720.130605
[00:02:54 -9817.626217] FAST spr round 2 (radius: 25)
[00:02:56 -9742.951982] FAST spr round 3 (radius: 25)
[00:02:58 -9740.239647] Model parameter optimization (eps = 1.000000)
[00:02:58 -9724.670936] SLOW spr round 1 (radius: 5)
[00:03:06 -9721.066505] SLOW spr round 2 (radius: 10)
[00:03:12 -9720.792738] SLOW spr round 3 (radius: 15)
[00:03:22 -9720.792712] SLOW spr round 4 (radius: 20)
[00:03:42 -9720.792712] SLOW spr round 5 (radius: 25)
[00:03:52] [worker #3] ML tree search #12, logLikelihood: -9707.652214
[00:03:55 -9720.792711] Model parameter optimization (eps = 0.100000)

[00:03:56] [worker #0] ML tree search #9, logLikelihood: -9720.748666

[00:03:56 -14279.436708] Initial branch length optimization
[00:03:56 -10275.927141] Model parameter optimization (eps = 10.000000)
[00:03:57 -9806.246179] AUTODETECT spr round 1 (radius: 5)
[00:03:57] [worker #1] ML tree search #10, logLikelihood: -9717.345926
[00:03:58 -9751.111354] AUTODETECT spr round 2 (radius: 10)
[00:04:02 -9737.722474] AUTODETECT spr round 3 (radius: 15)
[00:04:02] [worker #2] ML tree search #11, logLikelihood: -9708.334800
[00:04:07 -9734.378740] AUTODETECT spr round 4 (radius: 20)
[00:04:14 -9734.226585] AUTODETECT spr round 5 (radius: 25)
[00:04:21 -9732.584641] SPR radius for FAST iterations: 25 (autodetect)
[00:04:21 -9732.584641] Model parameter optimization (eps = 3.000000)
[00:04:21 -9732.094141] FAST spr round 1 (radius: 25)
[00:04:23 -9710.163395] FAST spr round 2 (radius: 25)
[00:04:24 -9710.162772] Model parameter optimization (eps = 1.000000)
[00:04:24 -9710.155480] SLOW spr round 1 (radius: 5)
[00:04:29 -9707.403960] SLOW spr round 2 (radius: 10)
[00:04:32 -9707.403802] SLOW spr round 3 (radius: 15)
[00:04:43 -9707.332192] SLOW spr round 4 (radius: 20)
[00:04:54] [worker #3] ML tree search #16, logLikelihood: -9722.609490
[00:04:56 -9707.331902] SLOW spr round 5 (radius: 25)
[00:05:08 -9707.331860] Model parameter optimization (eps = 0.100000)

[00:05:08] [worker #0] ML tree search #13, logLikelihood: -9707.318648

[00:05:08 -14301.236235] Initial branch length optimization
[00:05:08 -10305.497459] Model parameter optimization (eps = 10.000000)
[00:05:09 -9831.603512] AUTODETECT spr round 1 (radius: 5)
[00:05:10 -9753.266600] AUTODETECT spr round 2 (radius: 10)
[00:05:13 -9739.804933] AUTODETECT spr round 3 (radius: 15)
[00:05:19 -9731.986964] AUTODETECT spr round 4 (radius: 20)
[00:05:25 -9731.986554] SPR radius for FAST iterations: 15 (autodetect)
[00:05:25 -9731.986554] Model parameter optimization (eps = 3.000000)
[00:05:25 -9731.606613] FAST spr round 1 (radius: 15)
[00:05:27 -9726.193110] Model parameter optimization (eps = 1.000000)
[00:05:27 -9726.182932] SLOW spr round 1 (radius: 5)
[00:05:28] [worker #2] ML tree search #15, logLikelihood: -9708.573636
[00:05:30] [worker #1] ML tree search #14, logLikelihood: -9704.085404
[00:05:32 -9721.394187] SLOW spr round 2 (radius: 10)
[00:05:36 -9721.393839] SLOW spr round 3 (radius: 15)
[00:05:47 -9720.297227] SLOW spr round 4 (radius: 20)
[00:06:00 -9720.296102] SLOW spr round 5 (radius: 25)
[00:06:02] [worker #3] ML tree search #20, logLikelihood: -9716.509118
[00:06:10 -9719.521511] Model parameter optimization (eps = 0.100000)

[00:06:11] [worker #0] ML tree search #17, logLikelihood: -9719.450576

[00:06:45] [worker #1] ML tree search #18, logLikelihood: -9711.335722
[00:06:58] [worker #2] ML tree search #19, logLikelihood: -9711.104595

Optimized model parameters:

   Partition 0: noname
   Rate heterogeneity: GAMMA (4 cats, mean),  alpha: 0.675868 (ML),  weights&rates: (0.250000,0.069043) (0.250000,0.351918) (0.250000,0.915587) (0.250000,2.663453) 
   Base frequencies (empirical): 0.264681 0.198940 0.268960 0.267419 
   Substitution rates (ML): 1.414018 4.847362 0.844692 0.893428 6.454465 1.000000 


Final LogLikelihood: -9704.085404

AIC score: 20860.170808 / AICc score: 1076464.170808 / BIC score: 23919.976288
Free parameters (model + branch lengths): 726

WARNING: Number of free parameters (K=726) is larger than alignment size (n=500).
         This might lead to overfitting and compromise tree inference results!


WARNING: Best ML tree contains 138 near-zero branches!

Best ML tree with collapsed near-zero branches saved to: /data/jeremias/eucs/roadies/output/genes/gene_76_filtered.fa.aln.raxml.bestTreeCollapsed
Best ML tree saved to: /data/jeremias/eucs/roadies/output/genes/gene_76_filtered.fa.aln.raxml.bestTree
All ML trees saved to: /data/jeremias/eucs/roadies/output/genes/gene_76_filtered.fa.aln.raxml.mlTrees
Optimized model saved to: /data/jeremias/eucs/roadies/output/genes/gene_76_filtered.fa.aln.raxml.bestModel

Execution log saved to: /data/jeremias/eucs/roadies/output/genes/gene_76_filtered.fa.aln.raxml.log

Analysis started: 29-Jul-2024 15:49:30 / finished: 29-Jul-2024 15:56:29

Elapsed time: 418.535 seconds

