
RAxML-NG v. 1.2.2 released on 11.04.2024 by The Exelixis Lab.
Developed by: Alexey M. Kozlov and Alexandros Stamatakis.
Contributors: Diego Darriba, Tomas Flouri, Benoit Morel, Sarah Lutteropp, Ben Bettisworth, Julia Haag, Anastasis Togkousidis.
Latest version: https://github.com/amkozlov/raxml-ng
Questions/problems/suggestions? Please visit: https://groups.google.com/forum/#!forum/raxml

System: AMD EPYC 7742 64-Core Processor, 128 cores, 1007 GB RAM

RAxML-NG was called at 29-Jul-2024 15:55:10 as follows:

raxml-ng --msa /data/jeremias/eucs/roadies/output/genes/gene_87_filtered.fa.aln --model GTR+G+F --redo --threads auto{4} --blopt nr_safe

Analysis options:
  run mode: ML tree search
  start tree(s): random (10) + parsimony (10)
  random seed: 1722232510
  tip-inner: OFF
  pattern compression: ON
  per-rate scalers: OFF
  site repeats: ON
  logLH epsilon: general: 10.000000, brlen-triplet: 1000.000000
  fast spr radius: AUTO
  spr subtree cutoff: 1.000000
  fast CLV updates: ON
  branch lengths: proportional (ML estimate, algorithm: NR-SAFE)
  SIMD kernels: AVX2
  parallelization: coarse-grained (auto), PTHREADS (auto)

WARNING: Running in REDO mode: existing checkpoints are ignored, and all result files will be overwritten!

[00:00:00] Reading alignment from file: /data/jeremias/eucs/roadies/output/genes/gene_87_filtered.fa.aln
[00:00:00] Loaded alignment with 38 taxa and 510 sites

Alignment comprises 1 partitions and 154 patterns

Partition 0: noname
Model: GTR+FC+G4m
Alignment sites / patterns: 510 / 154
Gaps: 2.45 %
Invariant sites: 72.35 %


NOTE: Binary MSA file created: /data/jeremias/eucs/roadies/output/genes/gene_87_filtered.fa.aln.raxml.rba

Parallelization scheme autoconfig: 4 worker(s) x 1 thread(s)

[00:00:00] Generating 10 random starting tree(s) with 38 taxa
[00:00:00] Generating 10 parsimony starting tree(s) with 38 taxa
Parallel parsimony with 4 threads
Parallel reduction/worker buffer size: 1 KB  / 0 KB

[00:00:00] Data distribution: max. partitions/sites/weight per thread: 1 / 154 / 2464
[00:00:00] Data distribution: max. searches per worker: 5

Starting ML tree search with 20 distinct starting trees

[00:00:00 -3702.480062] Initial branch length optimization
[00:00:00 -2835.007850] Model parameter optimization (eps = 10.000000)
[00:00:00 -2534.367031] AUTODETECT spr round 1 (radius: 5)
[00:00:00 -2147.655310] AUTODETECT spr round 2 (radius: 10)
[00:00:00 -2037.204972] AUTODETECT spr round 3 (radius: 15)
[00:00:00 -2037.093594] AUTODETECT spr round 4 (radius: 20)
[00:00:00 -2037.086613] SPR radius for FAST iterations: 15 (autodetect)
[00:00:00 -2037.086613] Model parameter optimization (eps = 3.000000)
[00:00:00 -2025.770702] FAST spr round 1 (radius: 15)
[00:00:00 -1934.454304] FAST spr round 2 (radius: 15)
[00:00:00 -1924.358498] FAST spr round 3 (radius: 15)
[00:00:00 -1924.358454] Model parameter optimization (eps = 1.000000)
[00:00:00 -1920.594744] SLOW spr round 1 (radius: 5)
[00:00:00 -1920.594623] SLOW spr round 2 (radius: 10)
[00:00:00 -1920.594623] SLOW spr round 3 (radius: 15)
[00:00:00] [worker #3] ML tree search #4, logLikelihood: -1920.594600
[00:00:01] [worker #1] ML tree search #2, logLikelihood: -1920.594636
[00:00:01 -1920.594623] SLOW spr round 4 (radius: 20)
[00:00:01 -1920.594623] SLOW spr round 5 (radius: 25)
[00:00:01 -1920.594623] Model parameter optimization (eps = 0.100000)

[00:00:01] [worker #0] ML tree search #1, logLikelihood: -1920.594610

[00:00:01 -3583.835229] Initial branch length optimization
[00:00:01 -2671.359604] Model parameter optimization (eps = 10.000000)
[00:00:01 -2432.189396] AUTODETECT spr round 1 (radius: 5)
[00:00:01 -2076.016731] AUTODETECT spr round 2 (radius: 10)
[00:00:01 -1983.324438] AUTODETECT spr round 3 (radius: 15)
[00:00:01 -1982.941530] AUTODETECT spr round 4 (radius: 20)
[00:00:01] [worker #2] ML tree search #3, logLikelihood: -1920.594654
[00:00:01 -1982.924631] SPR radius for FAST iterations: 15 (autodetect)
[00:00:01 -1982.924631] Model parameter optimization (eps = 3.000000)
[00:00:01 -1968.085680] FAST spr round 1 (radius: 15)
[00:00:01 -1925.841498] FAST spr round 2 (radius: 15)
[00:00:01 -1921.038718] Model parameter optimization (eps = 1.000000)
[00:00:01 -1920.595514] SLOW spr round 1 (radius: 5)
[00:00:01 -1920.595254] SLOW spr round 2 (radius: 10)
[00:00:01] [worker #3] ML tree search #8, logLikelihood: -1920.594685
[00:00:01 -1920.595253] SLOW spr round 3 (radius: 15)
[00:00:02] [worker #1] ML tree search #6, logLikelihood: -1920.594606
[00:00:02 -1920.595253] SLOW spr round 4 (radius: 20)
[00:00:02 -1920.595253] SLOW spr round 5 (radius: 25)
[00:00:02 -1920.595253] Model parameter optimization (eps = 0.100000)

[00:00:02] [worker #0] ML tree search #5, logLikelihood: -1920.594587

[00:00:02 -3668.961128] Initial branch length optimization
[00:00:02 -2770.493905] Model parameter optimization (eps = 10.000000)
[00:00:02 -2502.125682] AUTODETECT spr round 1 (radius: 5)
[00:00:02 -2054.932130] AUTODETECT spr round 2 (radius: 10)
[00:00:02 -1951.537644] AUTODETECT spr round 3 (radius: 15)
[00:00:02 -1951.152046] AUTODETECT spr round 4 (radius: 20)
[00:00:02 -1951.136689] SPR radius for FAST iterations: 15 (autodetect)
[00:00:02 -1951.136689] Model parameter optimization (eps = 3.000000)
[00:00:02 -1934.249011] FAST spr round 1 (radius: 15)
[00:00:02 -1930.161261] Model parameter optimization (eps = 1.000000)
[00:00:02 -1930.108003] SLOW spr round 1 (radius: 5)
[00:00:02] [worker #3] ML tree search #12, logLikelihood: -1925.259275
[00:00:02] [worker #2] ML tree search #7, logLikelihood: -1920.594643
[00:00:02 -1920.719525] SLOW spr round 2 (radius: 10)
[00:00:02 -1920.719520] SLOW spr round 3 (radius: 15)
[00:00:02 -1920.719520] SLOW spr round 4 (radius: 20)
[00:00:03 -1920.719520] SLOW spr round 5 (radius: 25)
[00:00:03 -1920.719520] Model parameter optimization (eps = 0.100000)

[00:00:03] [worker #0] ML tree search #9, logLikelihood: -1920.594819

[00:00:03 -2854.158333] Initial branch length optimization
[00:00:03 -2002.463420] Model parameter optimization (eps = 10.000000)
[00:00:03 -1938.853319] AUTODETECT spr round 1 (radius: 5)
[00:00:03] [worker #1] ML tree search #10, logLikelihood: -1920.594598
[00:00:03 -1927.172752] AUTODETECT spr round 2 (radius: 10)
[00:00:03 -1926.052102] AUTODETECT spr round 3 (radius: 15)
[00:00:03 -1926.051519] SPR radius for FAST iterations: 10 (autodetect)
[00:00:03 -1926.051519] Model parameter optimization (eps = 3.000000)
[00:00:03 -1925.972024] FAST spr round 1 (radius: 10)
[00:00:03 -1923.451133] Model parameter optimization (eps = 1.000000)
[00:00:03 -1923.411168] SLOW spr round 1 (radius: 5)
[00:00:03] [worker #2] ML tree search #11, logLikelihood: -1920.594610
[00:00:03] [worker #3] ML tree search #16, logLikelihood: -1920.594604
[00:00:03 -1920.716926] SLOW spr round 2 (radius: 10)
[00:00:03 -1920.716873] SLOW spr round 3 (radius: 15)
[00:00:04 -1920.716873] SLOW spr round 4 (radius: 20)
[00:00:04 -1920.716873] SLOW spr round 5 (radius: 25)
[00:00:04 -1920.716873] Model parameter optimization (eps = 0.100000)

[00:00:04] [worker #0] ML tree search #13, logLikelihood: -1920.594643

[00:00:04 -2856.914089] Initial branch length optimization
[00:00:04 -2003.159774] Model parameter optimization (eps = 10.000000)
[00:00:04 -1939.022162] AUTODETECT spr round 1 (radius: 5)
[00:00:04 -1924.860034] AUTODETECT spr round 2 (radius: 10)
[00:00:04] [worker #1] ML tree search #14, logLikelihood: -1922.638438
[00:00:04 -1924.745268] AUTODETECT spr round 3 (radius: 15)
[00:00:04] [worker #2] ML tree search #15, logLikelihood: -1920.594607
[00:00:04 -1924.744886] SPR radius for FAST iterations: 10 (autodetect)
[00:00:04 -1924.744886] Model parameter optimization (eps = 3.000000)
[00:00:04 -1924.676432] FAST spr round 1 (radius: 10)
[00:00:04 -1923.449465] Model parameter optimization (eps = 1.000000)
[00:00:04 -1923.411104] SLOW spr round 1 (radius: 5)
[00:00:04 -1920.717044] SLOW spr round 2 (radius: 10)
[00:00:05 -1920.717044] SLOW spr round 3 (radius: 15)
[00:00:05] [worker #3] ML tree search #20, logLikelihood: -1920.594594
[00:00:05 -1920.717044] SLOW spr round 4 (radius: 20)
[00:00:05 -1920.717044] SLOW spr round 5 (radius: 25)
[00:00:05 -1920.717044] Model parameter optimization (eps = 0.100000)

[00:00:05] [worker #0] ML tree search #17, logLikelihood: -1920.594609

[00:00:05] [worker #1] ML tree search #18, logLikelihood: -1920.594612
[00:00:05] [worker #2] ML tree search #19, logLikelihood: -1923.267570

Optimized model parameters:

   Partition 0: noname
   Rate heterogeneity: GAMMA (4 cats, mean),  alpha: 0.538630 (ML),  weights&rates: (0.250000,0.040752) (0.250000,0.276388) (0.250000,0.846461) (0.250000,2.836399) 
   Base frequencies (empirical): 0.191008 0.168686 0.199312 0.440994 
   Substitution rates (ML): 2.715496 9.092523 0.940351 2.994647 5.210649 1.000000 


Final LogLikelihood: -1920.594587

AIC score: 4005.189174 / AICc score: 4037.067394 / BIC score: 4352.410854
Free parameters (model + branch lengths): 82

WARNING: Best ML tree contains 12 near-zero branches!

Best ML tree with collapsed near-zero branches saved to: /data/jeremias/eucs/roadies/output/genes/gene_87_filtered.fa.aln.raxml.bestTreeCollapsed
Best ML tree saved to: /data/jeremias/eucs/roadies/output/genes/gene_87_filtered.fa.aln.raxml.bestTree
All ML trees saved to: /data/jeremias/eucs/roadies/output/genes/gene_87_filtered.fa.aln.raxml.mlTrees
Optimized model saved to: /data/jeremias/eucs/roadies/output/genes/gene_87_filtered.fa.aln.raxml.bestModel

Execution log saved to: /data/jeremias/eucs/roadies/output/genes/gene_87_filtered.fa.aln.raxml.log

Analysis started: 29-Jul-2024 15:55:10 / finished: 29-Jul-2024 15:55:16

Elapsed time: 5.650 seconds

