
RAxML-NG v. 1.2.2 released on 11.04.2024 by The Exelixis Lab.
Developed by: Alexey M. Kozlov and Alexandros Stamatakis.
Contributors: Diego Darriba, Tomas Flouri, Benoit Morel, Sarah Lutteropp, Ben Bettisworth, Julia Haag, Anastasis Togkousidis.
Latest version: https://github.com/amkozlov/raxml-ng
Questions/problems/suggestions? Please visit: https://groups.google.com/forum/#!forum/raxml

System: AMD EPYC 7742 64-Core Processor, 128 cores, 1007 GB RAM

RAxML-NG was called at 29-Jul-2024 14:18:54 as follows:

raxml-ng --msa /data/jeremias/eucs/roadies/output/genes/gene_121_filtered.fa.aln --model GTR+G+F --redo --threads auto{4} --blopt nr_safe

Analysis options:
  run mode: ML tree search
  start tree(s): random (10) + parsimony (10)
  random seed: 1722226734
  tip-inner: OFF
  pattern compression: ON
  per-rate scalers: OFF
  site repeats: ON
  logLH epsilon: general: 10.000000, brlen-triplet: 1000.000000
  fast spr radius: AUTO
  spr subtree cutoff: 1.000000
  fast CLV updates: ON
  branch lengths: proportional (ML estimate, algorithm: NR-SAFE)
  SIMD kernels: AVX2
  parallelization: coarse-grained (auto), PTHREADS (auto)

WARNING: Running in REDO mode: existing checkpoints are ignored, and all result files will be overwritten!

[00:00:00] Reading alignment from file: /data/jeremias/eucs/roadies/output/genes/gene_121_filtered.fa.aln
[00:00:00] Loaded alignment with 77 taxa and 517 sites

WARNING: Sequences E_albens_0 and E_cladocalyx_0 are exactly identical!
WARNING: Duplicate sequences found: 1

NOTE: Reduced alignment (with duplicates and gap-only sites/taxa removed) 
NOTE: was saved to: /data/jeremias/eucs/roadies/output/genes/gene_121_filtered.fa.aln.raxml.reduced.phy

Alignment comprises 1 partitions and 315 patterns

Partition 0: noname
Model: GTR+FC+G4m
Alignment sites / patterns: 517 / 315
Gaps: 4.12 %
Invariant sites: 47.39 %


NOTE: Binary MSA file created: /data/jeremias/eucs/roadies/output/genes/gene_121_filtered.fa.aln.raxml.rba

Parallelization scheme autoconfig: 4 worker(s) x 1 thread(s)

[00:00:00] Generating 10 random starting tree(s) with 77 taxa
[00:00:00] Generating 10 parsimony starting tree(s) with 77 taxa
Parallel parsimony with 4 threads
Parallel reduction/worker buffer size: 1 KB  / 0 KB

[00:00:00] Data distribution: max. partitions/sites/weight per thread: 1 / 315 / 5040
[00:00:00] Data distribution: max. searches per worker: 5

Starting ML tree search with 20 distinct starting trees

[00:00:00 -11439.016287] Initial branch length optimization
[00:00:00 -9084.125628] Model parameter optimization (eps = 10.000000)
[00:00:00 -8151.341027] AUTODETECT spr round 1 (radius: 5)
[00:00:00 -4851.441760] AUTODETECT spr round 2 (radius: 10)
[00:00:01 -4258.390626] AUTODETECT spr round 3 (radius: 15)
[00:00:01 -4031.909587] AUTODETECT spr round 4 (radius: 20)
[00:00:01 -4031.664747] AUTODETECT spr round 5 (radius: 25)
[00:00:01 -4031.514099] SPR radius for FAST iterations: 25 (autodetect)
[00:00:01 -4031.514099] Model parameter optimization (eps = 3.000000)
[00:00:02 -3974.700401] FAST spr round 1 (radius: 25)
[00:00:02 -3588.348198] FAST spr round 2 (radius: 25)
[00:00:02 -3566.496349] FAST spr round 3 (radius: 25)
[00:00:02 -3542.190337] FAST spr round 4 (radius: 25)
[00:00:03 -3542.190314] Model parameter optimization (eps = 1.000000)
[00:00:03 -3531.513529] SLOW spr round 1 (radius: 5)
[00:00:03 -3531.512994] SLOW spr round 2 (radius: 10)
[00:00:04 -3531.512994] SLOW spr round 3 (radius: 15)
[00:00:04] [worker #1] ML tree search #2, logLikelihood: -3531.512893
[00:00:04] [worker #3] ML tree search #4, logLikelihood: -3531.512907
[00:00:05 -3531.512994] SLOW spr round 4 (radius: 20)
[00:00:05 -3531.512994] SLOW spr round 5 (radius: 25)
[00:00:05] [worker #2] ML tree search #3, logLikelihood: -3531.512914
[00:00:05 -3531.512994] Model parameter optimization (eps = 0.100000)

[00:00:05] [worker #0] ML tree search #1, logLikelihood: -3531.512889

[00:00:05 -11516.913673] Initial branch length optimization
[00:00:06 -9213.204285] Model parameter optimization (eps = 10.000000)
[00:00:06 -8253.259107] AUTODETECT spr round 1 (radius: 5)
[00:00:06 -4535.787515] AUTODETECT spr round 2 (radius: 10)
[00:00:06 -3779.725018] AUTODETECT spr round 3 (radius: 15)
[00:00:07 -3779.041548] AUTODETECT spr round 4 (radius: 20)
[00:00:07 -3778.977072] SPR radius for FAST iterations: 15 (autodetect)
[00:00:07 -3778.977072] Model parameter optimization (eps = 3.000000)
[00:00:07 -3700.600420] FAST spr round 1 (radius: 15)
[00:00:07 -3572.004527] FAST spr round 2 (radius: 15)
[00:00:07 -3541.326954] FAST spr round 3 (radius: 15)
[00:00:08 -3536.066125] Model parameter optimization (eps = 1.000000)
[00:00:08 -3534.368037] SLOW spr round 1 (radius: 5)
[00:00:08 -3534.170616] SLOW spr round 2 (radius: 10)
[00:00:08] [worker #1] ML tree search #6, logLikelihood: -3531.512899
[00:00:09 -3534.170613] SLOW spr round 3 (radius: 15)
[00:00:10 -3534.170613] SLOW spr round 4 (radius: 20)
[00:00:10] [worker #3] ML tree search #8, logLikelihood: -3531.512933
[00:00:10 -3534.170613] SLOW spr round 5 (radius: 25)
[00:00:10] [worker #2] ML tree search #7, logLikelihood: -3534.166750
[00:00:11 -3534.170613] Model parameter optimization (eps = 0.100000)

[00:00:11] [worker #0] ML tree search #5, logLikelihood: -3534.166755

[00:00:11 -11396.728826] Initial branch length optimization
[00:00:11 -9100.920750] Model parameter optimization (eps = 10.000000)
[00:00:11 -8165.507210] AUTODETECT spr round 1 (radius: 5)
[00:00:11 -5265.296743] AUTODETECT spr round 2 (radius: 10)
[00:00:11 -3973.985944] AUTODETECT spr round 3 (radius: 15)
[00:00:12 -3754.736953] AUTODETECT spr round 4 (radius: 20)
[00:00:12 -3754.620100] AUTODETECT spr round 5 (radius: 25)
[00:00:12 -3754.607614] SPR radius for FAST iterations: 20 (autodetect)
[00:00:12 -3754.607614] Model parameter optimization (eps = 3.000000)
[00:00:12 -3680.572902] FAST spr round 1 (radius: 20)
[00:00:12 -3575.021743] FAST spr round 2 (radius: 20)
[00:00:13] [worker #3] ML tree search #12, logLikelihood: -3531.512957
[00:00:13 -3543.066209] FAST spr round 3 (radius: 20)
[00:00:13 -3537.820805] Model parameter optimization (eps = 1.000000)
[00:00:13] [worker #1] ML tree search #10, logLikelihood: -3531.512909
[00:00:13 -3534.368063] SLOW spr round 1 (radius: 5)
[00:00:14 -3534.170771] SLOW spr round 2 (radius: 10)
[00:00:14 -3534.170764] SLOW spr round 3 (radius: 15)
[00:00:14] [worker #2] ML tree search #11, logLikelihood: -3531.512937
[00:00:15 -3534.170764] SLOW spr round 4 (radius: 20)
[00:00:15 -3534.170764] SLOW spr round 5 (radius: 25)
[00:00:16 -3534.170764] Model parameter optimization (eps = 0.100000)

[00:00:16] [worker #0] ML tree search #9, logLikelihood: -3534.166763

[00:00:16 -4961.792334] Initial branch length optimization
[00:00:16 -3674.059225] Model parameter optimization (eps = 10.000000)
[00:00:16 -3554.812739] AUTODETECT spr round 1 (radius: 5)
[00:00:16 -3540.327297] AUTODETECT spr round 2 (radius: 10)
[00:00:16 -3540.319482] SPR radius for FAST iterations: 5 (autodetect)
[00:00:16 -3540.319482] Model parameter optimization (eps = 3.000000)
[00:00:16 -3540.249524] FAST spr round 1 (radius: 5)
[00:00:16 -3531.632847] Model parameter optimization (eps = 1.000000)
[00:00:17 -3531.612353] SLOW spr round 1 (radius: 5)
[00:00:17] [worker #1] ML tree search #14, logLikelihood: -3531.982294
[00:00:17 -3531.513364] SLOW spr round 2 (radius: 10)
[00:00:17] [worker #3] ML tree search #16, logLikelihood: -3531.513027
[00:00:17 -3531.513364] SLOW spr round 3 (radius: 15)
[00:00:18] [worker #2] ML tree search #15, logLikelihood: -3531.982293
[00:00:18 -3531.513364] SLOW spr round 4 (radius: 20)
[00:00:19 -3531.513364] SLOW spr round 5 (radius: 25)
[00:00:19 -3531.513364] Model parameter optimization (eps = 0.100000)

[00:00:19] [worker #0] ML tree search #13, logLikelihood: -3531.512933

[00:00:19 -4947.008494] Initial branch length optimization
[00:00:19 -3656.074148] Model parameter optimization (eps = 10.000000)
[00:00:19 -3538.451234] AUTODETECT spr round 1 (radius: 5)
[00:00:20 -3531.658860] AUTODETECT spr round 2 (radius: 10)
[00:00:20] [worker #1] ML tree search #18, logLikelihood: -3531.982330
[00:00:20 -3531.657995] SPR radius for FAST iterations: 5 (autodetect)
[00:00:20 -3531.657995] Model parameter optimization (eps = 3.000000)
[00:00:20 -3531.612232] FAST spr round 1 (radius: 5)
[00:00:20 -3531.612220] Model parameter optimization (eps = 1.000000)
[00:00:20 -3531.612191] SLOW spr round 1 (radius: 5)
[00:00:20 -3531.513188] SLOW spr round 2 (radius: 10)
[00:00:21] [worker #3] ML tree search #20, logLikelihood: -3531.512905
[00:00:21 -3531.513188] SLOW spr round 3 (radius: 15)
[00:00:21] [worker #2] ML tree search #19, logLikelihood: -3531.512916
[00:00:21 -3531.513188] SLOW spr round 4 (radius: 20)
[00:00:22 -3531.513188] SLOW spr round 5 (radius: 25)
[00:00:23 -3531.513188] Model parameter optimization (eps = 0.100000)

[00:00:23] [worker #0] ML tree search #17, logLikelihood: -3531.512910


Optimized model parameters:

   Partition 0: noname
   Rate heterogeneity: GAMMA (4 cats, mean),  alpha: 1.756702 (ML),  weights&rates: (0.250000,0.262395) (0.250000,0.626368) (0.250000,1.062512) (0.250000,2.048724) 
   Base frequencies (empirical): 0.266256 0.175819 0.215064 0.342861 
   Substitution rates (ML): 1.095679 4.321007 0.710941 1.053708 3.501508 1.000000 


Final LogLikelihood: -3531.512889

AIC score: 7383.025779 / AICc score: 7527.744880 / BIC score: 8062.712639
Free parameters (model + branch lengths): 160

WARNING: Best ML tree contains 26 near-zero branches!

Best ML tree with collapsed near-zero branches saved to: /data/jeremias/eucs/roadies/output/genes/gene_121_filtered.fa.aln.raxml.bestTreeCollapsed
Best ML tree saved to: /data/jeremias/eucs/roadies/output/genes/gene_121_filtered.fa.aln.raxml.bestTree
All ML trees saved to: /data/jeremias/eucs/roadies/output/genes/gene_121_filtered.fa.aln.raxml.mlTrees
Optimized model saved to: /data/jeremias/eucs/roadies/output/genes/gene_121_filtered.fa.aln.raxml.bestModel

Execution log saved to: /data/jeremias/eucs/roadies/output/genes/gene_121_filtered.fa.aln.raxml.log

Analysis started: 29-Jul-2024 14:18:54 / finished: 29-Jul-2024 14:19:18

Elapsed time: 23.544 seconds

