
RAxML-NG v. 1.2.2 released on 11.04.2024 by The Exelixis Lab.
Developed by: Alexey M. Kozlov and Alexandros Stamatakis.
Contributors: Diego Darriba, Tomas Flouri, Benoit Morel, Sarah Lutteropp, Ben Bettisworth, Julia Haag, Anastasis Togkousidis.
Latest version: https://github.com/amkozlov/raxml-ng
Questions/problems/suggestions? Please visit: https://groups.google.com/forum/#!forum/raxml

System: AMD EPYC 7742 64-Core Processor, 128 cores, 1007 GB RAM

RAxML-NG was called at 29-Jul-2024 17:17:11 as follows:

raxml-ng --msa /data/jeremias/eucs/roadies/output/genes/gene_172_filtered.fa.aln --model GTR+G+F --redo --threads auto{4} --blopt nr_safe

Analysis options:
  run mode: ML tree search
  start tree(s): random (10) + parsimony (10)
  random seed: 1722237431
  tip-inner: OFF
  pattern compression: ON
  per-rate scalers: OFF
  site repeats: ON
  logLH epsilon: general: 10.000000, brlen-triplet: 1000.000000
  fast spr radius: AUTO
  spr subtree cutoff: 1.000000
  fast CLV updates: ON
  branch lengths: proportional (ML estimate, algorithm: NR-SAFE)
  SIMD kernels: AVX2
  parallelization: coarse-grained (auto), PTHREADS (auto)

WARNING: Running in REDO mode: existing checkpoints are ignored, and all result files will be overwritten!

[00:00:00] Reading alignment from file: /data/jeremias/eucs/roadies/output/genes/gene_172_filtered.fa.aln
[00:00:00] Loaded alignment with 19 taxa and 591 sites

Alignment comprises 1 partitions and 93 patterns

Partition 0: noname
Model: GTR+FC+G4m
Alignment sites / patterns: 591 / 93
Gaps: 14.09 %
Invariant sites: 85.62 %


NOTE: Binary MSA file created: /data/jeremias/eucs/roadies/output/genes/gene_172_filtered.fa.aln.raxml.rba

Parallelization scheme autoconfig: 4 worker(s) x 1 thread(s)

[00:00:00] Generating 10 random starting tree(s) with 19 taxa
[00:00:00] Generating 10 parsimony starting tree(s) with 19 taxa
Parallel parsimony with 4 threads
Parallel reduction/worker buffer size: 1 KB  / 0 KB

[00:00:00] Data distribution: max. partitions/sites/weight per thread: 1 / 93 / 1488
[00:00:00] Data distribution: max. searches per worker: 5

Starting ML tree search with 20 distinct starting trees

[00:00:00 -2249.831948] Initial branch length optimization
[00:00:00 -1661.557710] Model parameter optimization (eps = 10.000000)
[00:00:00 -1582.280995] AUTODETECT spr round 1 (radius: 5)
[00:00:00 -1453.165213] AUTODETECT spr round 2 (radius: 10)
[00:00:00 -1453.161021] SPR radius for FAST iterations: 5 (autodetect)
[00:00:00 -1453.161021] Model parameter optimization (eps = 3.000000)
[00:00:00 -1446.062106] FAST spr round 1 (radius: 5)
[00:00:00 -1439.794494] Model parameter optimization (eps = 1.000000)
[00:00:00 -1439.681266] SLOW spr round 1 (radius: 5)
[00:00:00 -1439.681084] SLOW spr round 2 (radius: 10)
[00:00:00 -1439.681084] SLOW spr round 3 (radius: 15)
[00:00:00] [worker #1] ML tree search #2, logLikelihood: -1439.680800
[00:00:00 -1439.681084] Model parameter optimization (eps = 0.100000)
[00:00:00] [worker #3] ML tree search #4, logLikelihood: -1439.680798

[00:00:01] [worker #0] ML tree search #1, logLikelihood: -1439.680799

[00:00:01] [worker #2] ML tree search #3, logLikelihood: -1439.680799
[00:00:01 -2247.200108] Initial branch length optimization
[00:00:01 -1683.925652] Model parameter optimization (eps = 10.000000)
[00:00:01 -1600.232219] AUTODETECT spr round 1 (radius: 5)
[00:00:01 -1456.904518] AUTODETECT spr round 2 (radius: 10)
[00:00:01 -1456.884178] SPR radius for FAST iterations: 5 (autodetect)
[00:00:01 -1456.884178] Model parameter optimization (eps = 3.000000)
[00:00:01 -1449.892581] FAST spr round 1 (radius: 5)
[00:00:01 -1439.925478] Model parameter optimization (eps = 1.000000)
[00:00:01 -1439.681786] SLOW spr round 1 (radius: 5)
[00:00:01] [worker #1] ML tree search #6, logLikelihood: -1439.680824
[00:00:01 -1439.681486] SLOW spr round 2 (radius: 10)
[00:00:01] [worker #3] ML tree search #8, logLikelihood: -1439.680879
[00:00:01 -1439.681486] SLOW spr round 3 (radius: 15)
[00:00:01 -1439.681486] Model parameter optimization (eps = 0.100000)
[00:00:01] [worker #2] ML tree search #7, logLikelihood: -1439.680798

[00:00:01] [worker #0] ML tree search #5, logLikelihood: -1439.680800

[00:00:01 -2284.249559] Initial branch length optimization
[00:00:01 -1690.657386] Model parameter optimization (eps = 10.000000)
[00:00:01 -1604.888647] AUTODETECT spr round 1 (radius: 5)
[00:00:01 -1468.915332] AUTODETECT spr round 2 (radius: 10)
[00:00:01 -1468.910689] SPR radius for FAST iterations: 5 (autodetect)
[00:00:01 -1468.910689] Model parameter optimization (eps = 3.000000)
[00:00:01 -1461.131855] FAST spr round 1 (radius: 5)
[00:00:01 -1440.585423] FAST spr round 2 (radius: 5)
[00:00:01 -1440.585381] Model parameter optimization (eps = 1.000000)
[00:00:01] [worker #3] ML tree search #12, logLikelihood: -1439.680836
[00:00:01 -1439.683362] SLOW spr round 1 (radius: 5)
[00:00:02] [worker #2] ML tree search #11, logLikelihood: -1439.680798
[00:00:02] [worker #1] ML tree search #10, logLikelihood: -1439.680824
[00:00:02 -1439.683355] SLOW spr round 2 (radius: 10)
[00:00:02 -1439.683355] SLOW spr round 3 (radius: 15)
[00:00:02 -1439.683355] Model parameter optimization (eps = 0.100000)

[00:00:02] [worker #0] ML tree search #9, logLikelihood: -1439.680824

[00:00:02 -2065.175652] Initial branch length optimization
[00:00:02 -1486.193783] Model parameter optimization (eps = 10.000000)
[00:00:02 -1441.250428] AUTODETECT spr round 1 (radius: 5)
[00:00:02 -1439.725773] AUTODETECT spr round 2 (radius: 10)
[00:00:02 -1439.725620] SPR radius for FAST iterations: 5 (autodetect)
[00:00:02 -1439.725620] Model parameter optimization (eps = 3.000000)
[00:00:02 -1439.680921] FAST spr round 1 (radius: 5)
[00:00:02 -1439.680921] Model parameter optimization (eps = 1.000000)
[00:00:02 -1439.680920] SLOW spr round 1 (radius: 5)
[00:00:02] [worker #3] ML tree search #16, logLikelihood: -1439.680799
[00:00:02] [worker #2] ML tree search #15, logLikelihood: -1439.680837
[00:00:02] [worker #1] ML tree search #14, logLikelihood: -1439.680838
[00:00:02 -1439.680818] SLOW spr round 2 (radius: 10)
[00:00:02 -1439.680818] SLOW spr round 3 (radius: 15)
[00:00:02 -1439.680818] Model parameter optimization (eps = 0.100000)

[00:00:02] [worker #0] ML tree search #13, logLikelihood: -1439.680817

[00:00:02 -2077.125355] Initial branch length optimization
[00:00:02 -1486.176292] Model parameter optimization (eps = 10.000000)
[00:00:02 -1440.234296] AUTODETECT spr round 1 (radius: 5)
[00:00:02 -1439.681024] AUTODETECT spr round 2 (radius: 10)
[00:00:02 -1439.681012] SPR radius for FAST iterations: 5 (autodetect)
[00:00:02 -1439.681012] Model parameter optimization (eps = 3.000000)
[00:00:02] [worker #1] ML tree search #18, logLikelihood: -1439.680825
[00:00:02] [worker #2] ML tree search #19, logLikelihood: -1439.680836
[00:00:02 -1439.680932] FAST spr round 1 (radius: 5)
[00:00:02] [worker #3] ML tree search #20, logLikelihood: -1439.680825
[00:00:02 -1439.680932] Model parameter optimization (eps = 1.000000)
[00:00:02 -1439.680932] SLOW spr round 1 (radius: 5)
[00:00:02 -1439.680836] SLOW spr round 2 (radius: 10)
[00:00:02 -1439.680836] SLOW spr round 3 (radius: 15)
[00:00:02 -1439.680836] Model parameter optimization (eps = 0.100000)

[00:00:02] [worker #0] ML tree search #17, logLikelihood: -1439.680836


Optimized model parameters:

   Partition 0: noname
   Rate heterogeneity: GAMMA (4 cats, mean),  alpha: 1.018973 (ML),  weights&rates: (0.250000,0.140724) (0.250000,0.482381) (0.250000,1.003074) (0.250000,2.373821) 
   Base frequencies (empirical): 0.278429 0.225044 0.172282 0.324246 
   Substitution rates (ML): 2.658825 9.028614 0.284226 2.062516 8.869672 1.000000 


Final LogLikelihood: -1439.680798

AIC score: 2967.361596 / AICc score: 2974.614343 / BIC score: 3160.161501
Free parameters (model + branch lengths): 44

WARNING: Best ML tree contains 6 near-zero branches!

Best ML tree with collapsed near-zero branches saved to: /data/jeremias/eucs/roadies/output/genes/gene_172_filtered.fa.aln.raxml.bestTreeCollapsed
Best ML tree saved to: /data/jeremias/eucs/roadies/output/genes/gene_172_filtered.fa.aln.raxml.bestTree
All ML trees saved to: /data/jeremias/eucs/roadies/output/genes/gene_172_filtered.fa.aln.raxml.mlTrees
Optimized model saved to: /data/jeremias/eucs/roadies/output/genes/gene_172_filtered.fa.aln.raxml.bestModel

Execution log saved to: /data/jeremias/eucs/roadies/output/genes/gene_172_filtered.fa.aln.raxml.log

Analysis started: 29-Jul-2024 17:17:11 / finished: 29-Jul-2024 17:17:14

Elapsed time: 2.939 seconds

