
RAxML-NG v. 1.2.2 released on 11.04.2024 by The Exelixis Lab.
Developed by: Alexey M. Kozlov and Alexandros Stamatakis.
Contributors: Diego Darriba, Tomas Flouri, Benoit Morel, Sarah Lutteropp, Ben Bettisworth, Julia Haag, Anastasis Togkousidis.
Latest version: https://github.com/amkozlov/raxml-ng
Questions/problems/suggestions? Please visit: https://groups.google.com/forum/#!forum/raxml

System: AMD EPYC 7742 64-Core Processor, 128 cores, 1007 GB RAM

RAxML-NG was called at 29-Jul-2024 16:49:03 as follows:

raxml-ng --msa /data/jeremias/eucs/roadies/output/genes/gene_128_filtered.fa.aln --model GTR+G+F --redo --threads auto{4} --blopt nr_safe

Analysis options:
  run mode: ML tree search
  start tree(s): random (10) + parsimony (10)
  random seed: 1722235743
  tip-inner: OFF
  pattern compression: ON
  per-rate scalers: OFF
  site repeats: ON
  logLH epsilon: general: 10.000000, brlen-triplet: 1000.000000
  fast spr radius: AUTO
  spr subtree cutoff: 1.000000
  fast CLV updates: ON
  branch lengths: proportional (ML estimate, algorithm: NR-SAFE)
  SIMD kernels: AVX2
  parallelization: coarse-grained (auto), PTHREADS (auto)

WARNING: Running in REDO mode: existing checkpoints are ignored, and all result files will be overwritten!

[00:00:00] Reading alignment from file: /data/jeremias/eucs/roadies/output/genes/gene_128_filtered.fa.aln
[00:00:00] Loaded alignment with 54 taxa and 498 sites

WARNING: Sequences E_polyanthemos_1 and E_brandiana_1 are exactly identical!
WARNING: Sequences E_virginea_2 and E_virginea_3 are exactly identical!
WARNING: Duplicate sequences found: 2

NOTE: Reduced alignment (with duplicates and gap-only sites/taxa removed) 
NOTE: was saved to: /data/jeremias/eucs/roadies/output/genes/gene_128_filtered.fa.aln.raxml.reduced.phy

Alignment comprises 1 partitions and 312 patterns

Partition 0: noname
Model: GTR+FC+G4m
Alignment sites / patterns: 498 / 312
Gaps: 8.47 %
Invariant sites: 39.36 %


NOTE: Binary MSA file created: /data/jeremias/eucs/roadies/output/genes/gene_128_filtered.fa.aln.raxml.rba

Parallelization scheme autoconfig: 4 worker(s) x 1 thread(s)

[00:00:00] Generating 10 random starting tree(s) with 54 taxa
[00:00:00] Generating 10 parsimony starting tree(s) with 54 taxa
Parallel parsimony with 4 threads
Parallel reduction/worker buffer size: 1 KB  / 0 KB

[00:00:00] Data distribution: max. partitions/sites/weight per thread: 1 / 312 / 4992
[00:00:00] Data distribution: max. searches per worker: 5

Starting ML tree search with 20 distinct starting trees

[00:00:00 -10551.466515] Initial branch length optimization
[00:00:00 -8636.019215] Model parameter optimization (eps = 10.000000)
[00:00:00 -8065.647904] AUTODETECT spr round 1 (radius: 5)
[00:00:00 -4738.480260] AUTODETECT spr round 2 (radius: 10)
[00:00:00 -3904.413728] AUTODETECT spr round 3 (radius: 15)
[00:00:01 -3902.329492] AUTODETECT spr round 4 (radius: 20)
[00:00:01 -3900.834301] AUTODETECT spr round 5 (radius: 25)
[00:00:01 -3899.691665] SPR radius for FAST iterations: 25 (autodetect)
[00:00:01 -3899.691665] Model parameter optimization (eps = 3.000000)
[00:00:01 -3690.861778] FAST spr round 1 (radius: 25)
[00:00:01 -3493.130199] FAST spr round 2 (radius: 25)
[00:00:01 -3491.191792] Model parameter optimization (eps = 1.000000)
[00:00:01 -3486.498181] SLOW spr round 1 (radius: 5)
[00:00:02 -3484.679962] SLOW spr round 2 (radius: 10)
[00:00:03] [worker #1] ML tree search #2, logLikelihood: -3485.657991
[00:00:03 -3484.679949] SLOW spr round 3 (radius: 15)
[00:00:03 -3484.679949] SLOW spr round 4 (radius: 20)
[00:00:04] [worker #3] ML tree search #4, logLikelihood: -3485.657979
[00:00:04] [worker #2] ML tree search #3, logLikelihood: -3484.673918
[00:00:04 -3484.679949] SLOW spr round 5 (radius: 25)
[00:00:04 -3484.679949] Model parameter optimization (eps = 0.100000)

[00:00:04] [worker #0] ML tree search #1, logLikelihood: -3484.673929

[00:00:04 -10295.680554] Initial branch length optimization
[00:00:04 -8710.268247] Model parameter optimization (eps = 10.000000)
[00:00:04 -8211.156855] AUTODETECT spr round 1 (radius: 5)
[00:00:04 -4162.853043] AUTODETECT spr round 2 (radius: 10)
[00:00:05 -3800.059245] AUTODETECT spr round 3 (radius: 15)
[00:00:05 -3794.340986] AUTODETECT spr round 4 (radius: 20)
[00:00:05 -3789.724161] AUTODETECT spr round 5 (radius: 25)
[00:00:05 -3784.631050] SPR radius for FAST iterations: 25 (autodetect)
[00:00:05 -3784.631050] Model parameter optimization (eps = 3.000000)
[00:00:05 -3604.767973] FAST spr round 1 (radius: 25)
[00:00:06 -3489.005235] FAST spr round 2 (radius: 25)
[00:00:06 -3489.005068] Model parameter optimization (eps = 1.000000)
[00:00:06 -3485.891135] SLOW spr round 1 (radius: 5)
[00:00:07 -3484.685440] SLOW spr round 2 (radius: 10)
[00:00:07] [worker #1] ML tree search #6, logLikelihood: -3485.260621
[00:00:07] [worker #3] ML tree search #8, logLikelihood: -3484.673924
[00:00:07] [worker #2] ML tree search #7, logLikelihood: -3484.673917
[00:00:07 -3484.685440] SLOW spr round 3 (radius: 15)
[00:00:08 -3484.685440] SLOW spr round 4 (radius: 20)
[00:00:08 -3484.685440] SLOW spr round 5 (radius: 25)
[00:00:08 -3484.685440] Model parameter optimization (eps = 0.100000)

[00:00:08] [worker #0] ML tree search #5, logLikelihood: -3484.673926

[00:00:08 -10978.054504] Initial branch length optimization
[00:00:08 -9045.970628] Model parameter optimization (eps = 10.000000)
[00:00:08 -8368.334422] AUTODETECT spr round 1 (radius: 5)
[00:00:09 -4477.308131] AUTODETECT spr round 2 (radius: 10)
[00:00:09] [worker #3] ML tree search #12, logLikelihood: -3486.365602
[00:00:09 -3749.415383] AUTODETECT spr round 3 (radius: 15)
[00:00:09 -3747.624500] AUTODETECT spr round 4 (radius: 20)
[00:00:09 -3747.245770] AUTODETECT spr round 5 (radius: 25)
[00:00:09 -3747.182914] SPR radius for FAST iterations: 20 (autodetect)
[00:00:09 -3747.182914] Model parameter optimization (eps = 3.000000)
[00:00:09 -3655.370942] FAST spr round 1 (radius: 20)
[00:00:09] [worker #2] ML tree search #11, logLikelihood: -3486.243289
[00:00:09 -3504.487276] FAST spr round 2 (radius: 20)
[00:00:10 -3490.643539] FAST spr round 3 (radius: 20)
[00:00:10 -3490.076080] Model parameter optimization (eps = 1.000000)
[00:00:10 -3486.498185] SLOW spr round 1 (radius: 5)
[00:00:10 -3484.680048] SLOW spr round 2 (radius: 10)
[00:00:10] [worker #1] ML tree search #10, logLikelihood: -3484.673921
[00:00:11 -3484.680025] SLOW spr round 3 (radius: 15)
[00:00:11] [worker #3] ML tree search #16, logLikelihood: -3486.365587
[00:00:11 -3484.680025] SLOW spr round 4 (radius: 20)
[00:00:11] [worker #2] ML tree search #15, logLikelihood: -3484.673921
[00:00:11 -3484.680025] SLOW spr round 5 (radius: 25)
[00:00:11 -3484.680025] Model parameter optimization (eps = 0.100000)

[00:00:11] [worker #0] ML tree search #9, logLikelihood: -3484.673953

[00:00:11 -4511.742252] Initial branch length optimization
[00:00:11 -3596.079967] Model parameter optimization (eps = 10.000000)
[00:00:11 -3488.754355] AUTODETECT spr round 1 (radius: 5)
[00:00:11 -3486.396517] AUTODETECT spr round 2 (radius: 10)
[00:00:11 -3486.381249] SPR radius for FAST iterations: 5 (autodetect)
[00:00:11 -3486.381249] Model parameter optimization (eps = 3.000000)
[00:00:11 -3486.365660] FAST spr round 1 (radius: 5)
[00:00:12 -3486.365648] Model parameter optimization (eps = 1.000000)
[00:00:12 -3486.365632] SLOW spr round 1 (radius: 5)
[00:00:12 -3486.365586] SLOW spr round 2 (radius: 10)
[00:00:12 -3486.249001] SLOW spr round 3 (radius: 15)
[00:00:12] [worker #3] ML tree search #20, logLikelihood: -3485.657932
[00:00:12] [worker #1] ML tree search #14, logLikelihood: -3484.673911
[00:00:13 -3486.249001] SLOW spr round 4 (radius: 20)
[00:00:13 -3486.249001] SLOW spr round 5 (radius: 25)
[00:00:13] [worker #2] ML tree search #19, logLikelihood: -3485.658031
[00:00:13 -3486.249001] Model parameter optimization (eps = 0.100000)

[00:00:13] [worker #0] ML tree search #13, logLikelihood: -3486.243299

[00:00:13 -4527.094302] Initial branch length optimization
[00:00:13 -3613.410171] Model parameter optimization (eps = 10.000000)
[00:00:13 -3503.089068] AUTODETECT spr round 1 (radius: 5)
[00:00:13 -3485.665669] AUTODETECT spr round 2 (radius: 10)
[00:00:13 -3485.637993] SPR radius for FAST iterations: 5 (autodetect)
[00:00:13 -3485.637993] Model parameter optimization (eps = 3.000000)
[00:00:13 -3485.591051] FAST spr round 1 (radius: 5)
[00:00:13 -3484.689381] Model parameter optimization (eps = 1.000000)
[00:00:13 -3484.673951] SLOW spr round 1 (radius: 5)
[00:00:14 -3484.673915] SLOW spr round 2 (radius: 10)
[00:00:14 -3484.673915] SLOW spr round 3 (radius: 15)
[00:00:15] [worker #1] ML tree search #18, logLikelihood: -3484.673907
[00:00:15 -3484.673915] SLOW spr round 4 (radius: 20)
[00:00:15 -3484.673915] SLOW spr round 5 (radius: 25)
[00:00:15 -3484.673915] Model parameter optimization (eps = 0.100000)

[00:00:15] [worker #0] ML tree search #17, logLikelihood: -3484.673907


Optimized model parameters:

   Partition 0: noname
   Rate heterogeneity: GAMMA (4 cats, mean),  alpha: 3.397092 (ML),  weights&rates: (0.250000,0.417826) (0.250000,0.751387) (0.250000,1.083880) (0.250000,1.746908) 
   Base frequencies (empirical): 0.340240 0.169612 0.185862 0.304286 
   Substitution rates (ML): 1.165611 3.478822 0.871244 1.294234 3.880174 1.000000 


Final LogLikelihood: -3484.673907

AIC score: 7197.347813 / AICc score: 7265.807343 / BIC score: 7677.356222
Free parameters (model + branch lengths): 114

WARNING: Best ML tree contains 17 near-zero branches!

Best ML tree with collapsed near-zero branches saved to: /data/jeremias/eucs/roadies/output/genes/gene_128_filtered.fa.aln.raxml.bestTreeCollapsed
Best ML tree saved to: /data/jeremias/eucs/roadies/output/genes/gene_128_filtered.fa.aln.raxml.bestTree
All ML trees saved to: /data/jeremias/eucs/roadies/output/genes/gene_128_filtered.fa.aln.raxml.mlTrees
Optimized model saved to: /data/jeremias/eucs/roadies/output/genes/gene_128_filtered.fa.aln.raxml.bestModel

Execution log saved to: /data/jeremias/eucs/roadies/output/genes/gene_128_filtered.fa.aln.raxml.log

Analysis started: 29-Jul-2024 16:49:03 / finished: 29-Jul-2024 16:49:18

Elapsed time: 15.623 seconds

