
RAxML-NG v. 1.2.2 released on 11.04.2024 by The Exelixis Lab.
Developed by: Alexey M. Kozlov and Alexandros Stamatakis.
Contributors: Diego Darriba, Tomas Flouri, Benoit Morel, Sarah Lutteropp, Ben Bettisworth, Julia Haag, Anastasis Togkousidis.
Latest version: https://github.com/amkozlov/raxml-ng
Questions/problems/suggestions? Please visit: https://groups.google.com/forum/#!forum/raxml

System: AMD EPYC 7742 64-Core Processor, 128 cores, 1007 GB RAM

RAxML-NG was called at 29-Jul-2024 15:32:01 as follows:

raxml-ng --msa /data/jeremias/eucs/roadies/output/genes/gene_190_filtered.fa.aln --model GTR+G+F --redo --threads auto{4} --blopt nr_safe

Analysis options:
  run mode: ML tree search
  start tree(s): random (10) + parsimony (10)
  random seed: 1722231121
  tip-inner: OFF
  pattern compression: ON
  per-rate scalers: OFF
  site repeats: ON
  logLH epsilon: general: 10.000000, brlen-triplet: 1000.000000
  fast spr radius: AUTO
  spr subtree cutoff: 1.000000
  fast CLV updates: ON
  branch lengths: proportional (ML estimate, algorithm: NR-SAFE)
  SIMD kernels: AVX2
  parallelization: coarse-grained (auto), PTHREADS (auto)

WARNING: Running in REDO mode: existing checkpoints are ignored, and all result files will be overwritten!

[00:00:00] Reading alignment from file: /data/jeremias/eucs/roadies/output/genes/gene_190_filtered.fa.aln
[00:00:00] Loaded alignment with 38 taxa and 521 sites

Alignment comprises 1 partitions and 147 patterns

Partition 0: noname
Model: GTR+FC+G4m
Alignment sites / patterns: 521 / 147
Gaps: 4.06 %
Invariant sites: 70.83 %


NOTE: Binary MSA file created: /data/jeremias/eucs/roadies/output/genes/gene_190_filtered.fa.aln.raxml.rba

Parallelization scheme autoconfig: 4 worker(s) x 1 thread(s)

[00:00:00] Generating 10 random starting tree(s) with 38 taxa
[00:00:00] Generating 10 parsimony starting tree(s) with 38 taxa
Parallel parsimony with 4 threads
Parallel reduction/worker buffer size: 1 KB  / 0 KB

[00:00:00] Data distribution: max. partitions/sites/weight per thread: 1 / 147 / 2352
[00:00:00] Data distribution: max. searches per worker: 5

Starting ML tree search with 20 distinct starting trees

[00:00:00 -3910.628605] Initial branch length optimization
[00:00:00 -2939.560996] Model parameter optimization (eps = 10.000000)
[00:00:00 -2728.775927] AUTODETECT spr round 1 (radius: 5)
[00:00:00 -2399.776486] AUTODETECT spr round 2 (radius: 10)
[00:00:00 -2067.967432] AUTODETECT spr round 3 (radius: 15)
[00:00:00 -2067.946966] SPR radius for FAST iterations: 10 (autodetect)
[00:00:00 -2067.946966] Model parameter optimization (eps = 3.000000)
[00:00:00 -2052.339479] FAST spr round 1 (radius: 10)
[00:00:00 -2010.302977] FAST spr round 2 (radius: 10)
[00:00:00 -2006.267156] Model parameter optimization (eps = 1.000000)
[00:00:00 -2004.897121] SLOW spr round 1 (radius: 5)
[00:00:00 -2004.896717] SLOW spr round 2 (radius: 10)
[00:00:00 -2004.896717] SLOW spr round 3 (radius: 15)
[00:00:00] [worker #2] ML tree search #3, logLikelihood: -2002.668799
[00:00:00 -2004.896717] SLOW spr round 4 (radius: 20)
[00:00:00] [worker #1] ML tree search #2, logLikelihood: -2004.896874
[00:00:00 -2004.896717] SLOW spr round 5 (radius: 25)
[00:00:00 -2004.896717] Model parameter optimization (eps = 0.100000)

[00:00:00] [worker #0] ML tree search #1, logLikelihood: -2004.896709

[00:00:00 -3866.043121] Initial branch length optimization
[00:00:00 -2875.035881] Model parameter optimization (eps = 10.000000)
[00:00:00] [worker #3] ML tree search #4, logLikelihood: -2002.668828
[00:00:01 -2675.177876] AUTODETECT spr round 1 (radius: 5)
[00:00:01 -2141.716515] AUTODETECT spr round 2 (radius: 10)
[00:00:01 -2065.226493] AUTODETECT spr round 3 (radius: 15)
[00:00:01 -2065.221090] SPR radius for FAST iterations: 10 (autodetect)
[00:00:01 -2065.221090] Model parameter optimization (eps = 3.000000)
[00:00:01 -2048.150877] FAST spr round 1 (radius: 10)
[00:00:01 -2034.608369] FAST spr round 2 (radius: 10)
[00:00:01 -2005.795603] FAST spr round 3 (radius: 10)
[00:00:01 -2005.795479] Model parameter optimization (eps = 1.000000)
[00:00:01 -2004.906514] SLOW spr round 1 (radius: 5)
[00:00:01 -2004.905936] SLOW spr round 2 (radius: 10)
[00:00:01 -2004.905936] SLOW spr round 3 (radius: 15)
[00:00:01] [worker #1] ML tree search #6, logLikelihood: -2004.896706
[00:00:01] [worker #2] ML tree search #7, logLikelihood: -2002.668846
[00:00:01 -2004.905936] SLOW spr round 4 (radius: 20)
[00:00:01 -2004.905936] SLOW spr round 5 (radius: 25)
[00:00:01 -2004.905936] Model parameter optimization (eps = 0.100000)

[00:00:01] [worker #0] ML tree search #5, logLikelihood: -2004.896710

[00:00:01 -3861.770317] Initial branch length optimization
[00:00:01 -2973.115830] Model parameter optimization (eps = 10.000000)
[00:00:02 -2774.566880] AUTODETECT spr round 1 (radius: 5)
[00:00:02 -2248.867028] AUTODETECT spr round 2 (radius: 10)
[00:00:02 -2056.306526] AUTODETECT spr round 3 (radius: 15)
[00:00:02 -2056.189621] AUTODETECT spr round 4 (radius: 20)
[00:00:02 -2056.180317] SPR radius for FAST iterations: 15 (autodetect)
[00:00:02 -2056.180317] Model parameter optimization (eps = 3.000000)
[00:00:02 -2038.280919] FAST spr round 1 (radius: 15)
[00:00:02 -2009.614473] FAST spr round 2 (radius: 15)
[00:00:02] [worker #3] ML tree search #8, logLikelihood: -2006.426997
[00:00:02 -2005.557413] Model parameter optimization (eps = 1.000000)
[00:00:02 -2004.902983] SLOW spr round 1 (radius: 5)
[00:00:02 -2004.902437] SLOW spr round 2 (radius: 10)
[00:00:02 -2004.902437] SLOW spr round 3 (radius: 15)
[00:00:02 -2004.902437] SLOW spr round 4 (radius: 20)
[00:00:02] [worker #2] ML tree search #11, logLikelihood: -2002.668798
[00:00:02 -2004.902437] SLOW spr round 5 (radius: 25)
[00:00:02 -2004.902437] Model parameter optimization (eps = 0.100000)

[00:00:02] [worker #0] ML tree search #9, logLikelihood: -2004.896712

[00:00:02 -2953.569493] Initial branch length optimization
[00:00:02 -2054.590451] Model parameter optimization (eps = 10.000000)
[00:00:02 -2009.584525] AUTODETECT spr round 1 (radius: 5)
[00:00:02 -2009.093277] AUTODETECT spr round 2 (radius: 10)
[00:00:02 -2009.093276] SPR radius for FAST iterations: 5 (autodetect)
[00:00:02 -2009.093276] Model parameter optimization (eps = 3.000000)
[00:00:03 -2009.072078] FAST spr round 1 (radius: 5)
[00:00:03] [worker #3] ML tree search #12, logLikelihood: -2002.668794
[00:00:03 -2006.962472] Model parameter optimization (eps = 1.000000)
[00:00:03] [worker #1] ML tree search #10, logLikelihood: -2004.204078
[00:00:03 -2006.955186] SLOW spr round 1 (radius: 5)
[00:00:03 -2004.897072] SLOW spr round 2 (radius: 10)
[00:00:03 -2004.897072] SLOW spr round 3 (radius: 15)
[00:00:03 -2004.897072] SLOW spr round 4 (radius: 20)
[00:00:03 -2004.897072] SLOW spr round 5 (radius: 25)
[00:00:03] [worker #2] ML tree search #15, logLikelihood: -2004.896719
[00:00:03 -2004.897072] Model parameter optimization (eps = 0.100000)

[00:00:03] [worker #0] ML tree search #13, logLikelihood: -2004.896710

[00:00:03 -2953.840566] Initial branch length optimization
[00:00:03 -2054.289273] Model parameter optimization (eps = 10.000000)
[00:00:03 -2010.801908] AUTODETECT spr round 1 (radius: 5)
[00:00:03 -2009.016299] AUTODETECT spr round 2 (radius: 10)
[00:00:03 -2007.737603] AUTODETECT spr round 3 (radius: 15)
[00:00:03 -2007.736948] SPR radius for FAST iterations: 10 (autodetect)
[00:00:03 -2007.736948] Model parameter optimization (eps = 3.000000)
[00:00:03 -2007.654049] FAST spr round 1 (radius: 10)
[00:00:03] [worker #3] ML tree search #16, logLikelihood: -2004.896711
[00:00:04 -2007.654021] Model parameter optimization (eps = 1.000000)
[00:00:04 -2007.654015] SLOW spr round 1 (radius: 5)
[00:00:04] [worker #1] ML tree search #14, logLikelihood: -2005.414138
[00:00:04 -2004.935714] SLOW spr round 2 (radius: 10)
[00:00:04] [worker #2] ML tree search #19, logLikelihood: -2005.522538
[00:00:04 -2004.935713] SLOW spr round 3 (radius: 15)
[00:00:04 -2004.935713] SLOW spr round 4 (radius: 20)
[00:00:04 -2004.935713] SLOW spr round 5 (radius: 25)
[00:00:04 -2004.935713] Model parameter optimization (eps = 0.100000)

[00:00:04] [worker #0] ML tree search #17, logLikelihood: -2004.896822

[00:00:04] [worker #3] ML tree search #20, logLikelihood: -2002.668793
[00:00:05] [worker #1] ML tree search #18, logLikelihood: -2004.896707

Optimized model parameters:

   Partition 0: noname
   Rate heterogeneity: GAMMA (4 cats, mean),  alpha: 0.674239 (ML),  weights&rates: (0.250000,0.068696) (0.250000,0.351118) (0.250000,0.914935) (0.250000,2.665251) 
   Base frequencies (empirical): 0.238023 0.242708 0.283511 0.235759 
   Substitution rates (ML): 1.784197 4.178378 2.475352 1.577399 7.282916 1.000000 


Final LogLikelihood: -2002.668793

AIC score: 4169.337586 / AICc score: 4200.415212 / BIC score: 4518.309090
Free parameters (model + branch lengths): 82

WARNING: Best ML tree contains 12 near-zero branches!

Best ML tree with collapsed near-zero branches saved to: /data/jeremias/eucs/roadies/output/genes/gene_190_filtered.fa.aln.raxml.bestTreeCollapsed
Best ML tree saved to: /data/jeremias/eucs/roadies/output/genes/gene_190_filtered.fa.aln.raxml.bestTree
All ML trees saved to: /data/jeremias/eucs/roadies/output/genes/gene_190_filtered.fa.aln.raxml.mlTrees
Optimized model saved to: /data/jeremias/eucs/roadies/output/genes/gene_190_filtered.fa.aln.raxml.bestModel

Execution log saved to: /data/jeremias/eucs/roadies/output/genes/gene_190_filtered.fa.aln.raxml.log

Analysis started: 29-Jul-2024 15:32:01 / finished: 29-Jul-2024 15:32:06

Elapsed time: 5.131 seconds

