
RAxML-NG v. 1.2.2 released on 11.04.2024 by The Exelixis Lab.
Developed by: Alexey M. Kozlov and Alexandros Stamatakis.
Contributors: Diego Darriba, Tomas Flouri, Benoit Morel, Sarah Lutteropp, Ben Bettisworth, Julia Haag, Anastasis Togkousidis.
Latest version: https://github.com/amkozlov/raxml-ng
Questions/problems/suggestions? Please visit: https://groups.google.com/forum/#!forum/raxml

System: AMD EPYC 7742 64-Core Processor, 128 cores, 1007 GB RAM

RAxML-NG was called at 29-Jul-2024 16:05:38 as follows:

raxml-ng --msa /data/jeremias/eucs/roadies/output/genes/gene_65_filtered.fa.aln --model GTR+G+F --redo --threads auto{4} --blopt nr_safe

Analysis options:
  run mode: ML tree search
  start tree(s): random (10) + parsimony (10)
  random seed: 1722233138
  tip-inner: OFF
  pattern compression: ON
  per-rate scalers: OFF
  site repeats: ON
  logLH epsilon: general: 10.000000, brlen-triplet: 1000.000000
  fast spr radius: AUTO
  spr subtree cutoff: 1.000000
  fast CLV updates: ON
  branch lengths: proportional (ML estimate, algorithm: NR-SAFE)
  SIMD kernels: AVX2
  parallelization: coarse-grained (auto), PTHREADS (auto)

WARNING: Running in REDO mode: existing checkpoints are ignored, and all result files will be overwritten!

[00:00:00] Reading alignment from file: /data/jeremias/eucs/roadies/output/genes/gene_65_filtered.fa.aln
[00:00:00] Loaded alignment with 64 taxa and 515 sites

WARNING: Sequences E_melliodora_0 and E_fibrosa_0 are exactly identical!
WARNING: Sequences E_melliodora_0 and E_dawsonii_1 are exactly identical!
WARNING: Sequences E_pauciflora_2 and E_pauciflora_1 are exactly identical!
WARNING: Sequences E_pauciflora_5 and E_pauciflora_4 are exactly identical!
WARNING: Duplicate sequences found: 4

NOTE: Reduced alignment (with duplicates and gap-only sites/taxa removed) 
NOTE: was saved to: /data/jeremias/eucs/roadies/output/genes/gene_65_filtered.fa.aln.raxml.reduced.phy

Alignment comprises 1 partitions and 260 patterns

Partition 0: noname
Model: GTR+FC+G4m
Alignment sites / patterns: 515 / 260
Gaps: 2.80 %
Invariant sites: 51.46 %


NOTE: Binary MSA file created: /data/jeremias/eucs/roadies/output/genes/gene_65_filtered.fa.aln.raxml.rba

Parallelization scheme autoconfig: 4 worker(s) x 1 thread(s)

[00:00:00] Generating 10 random starting tree(s) with 64 taxa
[00:00:00] Generating 10 parsimony starting tree(s) with 64 taxa
Parallel parsimony with 4 threads
Parallel reduction/worker buffer size: 1 KB  / 0 KB

[00:00:00] Data distribution: max. partitions/sites/weight per thread: 1 / 260 / 4160
[00:00:00] Data distribution: max. searches per worker: 5

Starting ML tree search with 20 distinct starting trees

[00:00:00 -5991.745898] Initial branch length optimization
[00:00:01 -5072.998983] Model parameter optimization (eps = 10.000000)
[00:00:03 -4750.355216] AUTODETECT spr round 1 (radius: 5)
[00:00:04 -4239.313892] AUTODETECT spr round 2 (radius: 10)
[00:00:04 -3978.095169] AUTODETECT spr round 3 (radius: 15)
[00:00:04 -3936.795365] AUTODETECT spr round 4 (radius: 20)
[00:00:04 -3925.214790] AUTODETECT spr round 5 (radius: 25)
[00:00:04 -3925.159605] SPR radius for FAST iterations: 20 (autodetect)
[00:00:04 -3925.159605] Model parameter optimization (eps = 3.000000)
[00:00:04 -3909.109532] FAST spr round 1 (radius: 20)
[00:00:05 -3840.593333] FAST spr round 2 (radius: 20)
[00:00:05 -3839.693128] Model parameter optimization (eps = 1.000000)
[00:00:05 -3839.305275] SLOW spr round 1 (radius: 5)
[00:00:05 -3834.424395] SLOW spr round 2 (radius: 10)
[00:00:06 -3832.105237] SLOW spr round 3 (radius: 15)
[00:00:07 -3832.105000] SLOW spr round 4 (radius: 20)
[00:00:07 -3832.104996] SLOW spr round 5 (radius: 25)
[00:00:07 -3832.104996] Model parameter optimization (eps = 0.100000)

[00:00:07] [worker #0] ML tree search #1, logLikelihood: -3832.072251

[00:00:07 -6061.654036] Initial branch length optimization
[00:00:07 -5088.083431] Model parameter optimization (eps = 10.000000)
[00:00:07] [worker #2] ML tree search #3, logLikelihood: -3836.944202
[00:00:08 -4756.664757] AUTODETECT spr round 1 (radius: 5)
[00:00:08 -4349.304530] AUTODETECT spr round 2 (radius: 10)
[00:00:08] [worker #3] ML tree search #4, logLikelihood: -3844.305917
[00:00:08 -4120.614616] AUTODETECT spr round 3 (radius: 15)
[00:00:08 -4006.188120] AUTODETECT spr round 4 (radius: 20)
[00:00:08 -4001.712281] AUTODETECT spr round 5 (radius: 25)
[00:00:08 -4001.152126] SPR radius for FAST iterations: 25 (autodetect)
[00:00:08 -4001.152126] Model parameter optimization (eps = 3.000000)
[00:00:09 -3985.426076] FAST spr round 1 (radius: 25)
[00:00:09] [worker #1] ML tree search #2, logLikelihood: -3833.013079
[00:00:09 -3894.125909] FAST spr round 2 (radius: 25)
[00:00:09 -3881.753786] FAST spr round 3 (radius: 25)
[00:00:09 -3879.652415] Model parameter optimization (eps = 1.000000)
[00:00:09 -3879.043748] SLOW spr round 1 (radius: 5)
[00:00:10 -3876.326586] SLOW spr round 2 (radius: 10)
[00:00:10 -3869.883617] SLOW spr round 3 (radius: 15)
[00:00:11 -3865.534395] SLOW spr round 4 (radius: 20)
[00:00:11] [worker #2] ML tree search #7, logLikelihood: -3835.163199
[00:00:11 -3865.533951] SLOW spr round 5 (radius: 25)
[00:00:11] [worker #3] ML tree search #8, logLikelihood: -3829.640979
[00:00:11 -3865.533949] Model parameter optimization (eps = 0.100000)

[00:00:11] [worker #0] ML tree search #5, logLikelihood: -3865.194894

[00:00:11 -6025.564058] Initial branch length optimization
[00:00:12 -5068.229840] Model parameter optimization (eps = 10.000000)
[00:00:12 -4743.636751] AUTODETECT spr round 1 (radius: 5)
[00:00:12 -4364.108750] AUTODETECT spr round 2 (radius: 10)
[00:00:12] [worker #1] ML tree search #6, logLikelihood: -3822.243020
[00:00:12 -4053.976726] AUTODETECT spr round 3 (radius: 15)
[00:00:12 -4006.323174] AUTODETECT spr round 4 (radius: 20)
[00:00:12 -3986.184360] AUTODETECT spr round 5 (radius: 25)
[00:00:12 -3977.973859] SPR radius for FAST iterations: 25 (autodetect)
[00:00:12 -3977.973859] Model parameter optimization (eps = 3.000000)
[00:00:12 -3965.932597] FAST spr round 1 (radius: 25)
[00:00:13 -3870.474367] FAST spr round 2 (radius: 25)
[00:00:13 -3847.508520] FAST spr round 3 (radius: 25)
[00:00:13 -3838.720939] Model parameter optimization (eps = 1.000000)
[00:00:13 -3836.205413] SLOW spr round 1 (radius: 5)
[00:00:14 -3832.822518] SLOW spr round 2 (radius: 10)
[00:00:14 -3827.834641] SLOW spr round 3 (radius: 15)
[00:00:14] [worker #3] ML tree search #12, logLikelihood: -3822.755350
[00:00:14] [worker #2] ML tree search #11, logLikelihood: -3835.240088
[00:00:15 -3824.567890] SLOW spr round 4 (radius: 20)
[00:00:15 -3824.567854] SLOW spr round 5 (radius: 25)
[00:00:15 -3824.567854] Model parameter optimization (eps = 0.100000)

[00:00:15] [worker #0] ML tree search #9, logLikelihood: -3824.218767

[00:00:15 -5010.783236] Initial branch length optimization
[00:00:15 -4045.637753] Model parameter optimization (eps = 10.000000)
[00:00:15 -3902.451664] AUTODETECT spr round 1 (radius: 5)
[00:00:15] [worker #1] ML tree search #10, logLikelihood: -3836.705349
[00:00:15 -3879.762812] AUTODETECT spr round 2 (radius: 10)
[00:00:16 -3860.271561] AUTODETECT spr round 3 (radius: 15)
[00:00:16 -3859.891512] AUTODETECT spr round 4 (radius: 20)
[00:00:16 -3859.891405] SPR radius for FAST iterations: 15 (autodetect)
[00:00:16 -3859.891405] Model parameter optimization (eps = 3.000000)
[00:00:16 -3859.829273] FAST spr round 1 (radius: 15)
[00:00:16 -3845.098726] FAST spr round 2 (radius: 15)
[00:00:17 -3843.398065] Model parameter optimization (eps = 1.000000)
[00:00:17 -3843.258567] SLOW spr round 1 (radius: 5)
[00:00:17] [worker #2] ML tree search #15, logLikelihood: -3833.609346
[00:00:18 -3841.914873] SLOW spr round 2 (radius: 10)
[00:00:18] [worker #1] ML tree search #14, logLikelihood: -3826.748186
[00:00:18] [worker #3] ML tree search #16, logLikelihood: -3839.592156
[00:00:18 -3839.732968] SLOW spr round 3 (radius: 15)
[00:00:20 -3839.732045] SLOW spr round 4 (radius: 20)
[00:00:20 -3839.731638] SLOW spr round 5 (radius: 25)
[00:00:20 -3839.731464] Model parameter optimization (eps = 0.100000)

[00:00:21] [worker #0] ML tree search #13, logLikelihood: -3839.688111

[00:00:21 -4993.846564] Initial branch length optimization
[00:00:21 -4015.580247] Model parameter optimization (eps = 10.000000)
[00:00:21 -3879.775081] AUTODETECT spr round 1 (radius: 5)
[00:00:21 -3853.929347] AUTODETECT spr round 2 (radius: 10)
[00:00:21 -3852.457708] AUTODETECT spr round 3 (radius: 15)
[00:00:21 -3845.486399] AUTODETECT spr round 4 (radius: 20)
[00:00:21] [worker #2] ML tree search #19, logLikelihood: -3836.229014
[00:00:22 -3845.478739] SPR radius for FAST iterations: 15 (autodetect)
[00:00:22 -3845.478739] Model parameter optimization (eps = 3.000000)
[00:00:22 -3845.215087] FAST spr round 1 (radius: 15)
[00:00:22 -3836.612432] Model parameter optimization (eps = 1.000000)
[00:00:22 -3836.595262] SLOW spr round 1 (radius: 5)
[00:00:22] [worker #3] ML tree search #20, logLikelihood: -3834.801913
[00:00:23 -3828.616225] SLOW spr round 2 (radius: 10)
[00:00:23] [worker #1] ML tree search #18, logLikelihood: -3821.591730
[00:00:23 -3828.610834] SLOW spr round 3 (radius: 15)
[00:00:24 -3826.904532] SLOW spr round 4 (radius: 20)
[00:00:24 -3826.904393] SLOW spr round 5 (radius: 25)
[00:00:24 -3826.904390] Model parameter optimization (eps = 0.100000)

[00:00:24] [worker #0] ML tree search #17, logLikelihood: -3826.870189


Optimized model parameters:

   Partition 0: noname
   Rate heterogeneity: GAMMA (4 cats, mean),  alpha: 0.576974 (ML),  weights&rates: (0.250000,0.048396) (0.250000,0.299228) (0.250000,0.869101) (0.250000,2.783274) 
   Base frequencies (empirical): 0.275190 0.272225 0.199557 0.253028 
   Substitution rates (ML): 0.370136 2.728652 0.696674 0.328651 1.631178 1.000000 


Final LogLikelihood: -3821.591730

AIC score: 7911.183460 / AICc score: 8006.393986 / BIC score: 8479.901824
Free parameters (model + branch lengths): 134

WARNING: Best ML tree contains 13 near-zero branches!

Best ML tree with collapsed near-zero branches saved to: /data/jeremias/eucs/roadies/output/genes/gene_65_filtered.fa.aln.raxml.bestTreeCollapsed
Best ML tree saved to: /data/jeremias/eucs/roadies/output/genes/gene_65_filtered.fa.aln.raxml.bestTree
All ML trees saved to: /data/jeremias/eucs/roadies/output/genes/gene_65_filtered.fa.aln.raxml.mlTrees
Optimized model saved to: /data/jeremias/eucs/roadies/output/genes/gene_65_filtered.fa.aln.raxml.bestModel

Execution log saved to: /data/jeremias/eucs/roadies/output/genes/gene_65_filtered.fa.aln.raxml.log

Analysis started: 29-Jul-2024 16:05:38 / finished: 29-Jul-2024 16:06:02

Elapsed time: 24.414 seconds

