
RAxML-NG v. 1.2.2 released on 11.04.2024 by The Exelixis Lab.
Developed by: Alexey M. Kozlov and Alexandros Stamatakis.
Contributors: Diego Darriba, Tomas Flouri, Benoit Morel, Sarah Lutteropp, Ben Bettisworth, Julia Haag, Anastasis Togkousidis.
Latest version: https://github.com/amkozlov/raxml-ng
Questions/problems/suggestions? Please visit: https://groups.google.com/forum/#!forum/raxml

System: AMD EPYC 7742 64-Core Processor, 128 cores, 1007 GB RAM

RAxML-NG was called at 29-Jul-2024 15:01:13 as follows:

raxml-ng --msa /data/jeremias/eucs/roadies/output/genes/gene_45_filtered.fa.aln --model GTR+G+F --redo --threads auto{4} --blopt nr_safe

Analysis options:
  run mode: ML tree search
  start tree(s): random (10) + parsimony (10)
  random seed: 1722229273
  tip-inner: OFF
  pattern compression: ON
  per-rate scalers: OFF
  site repeats: ON
  logLH epsilon: general: 10.000000, brlen-triplet: 1000.000000
  fast spr radius: AUTO
  spr subtree cutoff: 1.000000
  fast CLV updates: ON
  branch lengths: proportional (ML estimate, algorithm: NR-SAFE)
  SIMD kernels: AVX2
  parallelization: coarse-grained (auto), PTHREADS (auto)

WARNING: Running in REDO mode: existing checkpoints are ignored, and all result files will be overwritten!

[00:00:00] Reading alignment from file: /data/jeremias/eucs/roadies/output/genes/gene_45_filtered.fa.aln
[00:00:00] Loaded alignment with 41 taxa and 592 sites

Alignment comprises 1 partitions and 210 patterns

Partition 0: noname
Model: GTR+FC+G4m
Alignment sites / patterns: 592 / 210
Gaps: 13.74 %
Invariant sites: 70.78 %


NOTE: Binary MSA file created: /data/jeremias/eucs/roadies/output/genes/gene_45_filtered.fa.aln.raxml.rba

Parallelization scheme autoconfig: 4 worker(s) x 1 thread(s)

[00:00:00] Generating 10 random starting tree(s) with 41 taxa
[00:00:00] Generating 10 parsimony starting tree(s) with 41 taxa
Parallel parsimony with 4 threads
Parallel reduction/worker buffer size: 1 KB  / 0 KB

[00:00:00] Data distribution: max. partitions/sites/weight per thread: 1 / 210 / 3360
[00:00:00] Data distribution: max. searches per worker: 5

Starting ML tree search with 20 distinct starting trees

[00:00:00 -4302.962025] Initial branch length optimization
[00:00:01 -3442.750085] Model parameter optimization (eps = 10.000000)
[00:00:01 -3114.953280] AUTODETECT spr round 1 (radius: 5)
[00:00:01 -2712.241877] AUTODETECT spr round 2 (radius: 10)
[00:00:01 -2523.938891] AUTODETECT spr round 3 (radius: 15)
[00:00:01 -2523.269014] AUTODETECT spr round 4 (radius: 20)
[00:00:01 -2523.145477] AUTODETECT spr round 5 (radius: 25)
[00:00:01 -2523.124732] SPR radius for FAST iterations: 20 (autodetect)
[00:00:01 -2523.124732] Model parameter optimization (eps = 3.000000)
[00:00:01 -2513.381419] FAST spr round 1 (radius: 20)
[00:00:02 -2468.803129] FAST spr round 2 (radius: 20)
[00:00:02 -2468.802878] Model parameter optimization (eps = 1.000000)
[00:00:02 -2468.156676] SLOW spr round 1 (radius: 5)
[00:00:02 -2468.156481] SLOW spr round 2 (radius: 10)
[00:00:02 -2468.156481] SLOW spr round 3 (radius: 15)
[00:00:02] [worker #1] ML tree search #2, logLikelihood: -2468.153389
[00:00:02 -2468.156481] SLOW spr round 4 (radius: 20)
[00:00:02 -2468.156481] SLOW spr round 5 (radius: 25)
[00:00:02 -2468.156481] Model parameter optimization (eps = 0.100000)

[00:00:02] [worker #0] ML tree search #1, logLikelihood: -2468.153314

[00:00:02 -4344.294901] Initial branch length optimization
[00:00:02 -3467.185893] Model parameter optimization (eps = 10.000000)
[00:00:03 -3125.309916] AUTODETECT spr round 1 (radius: 5)
[00:00:03 -2587.290905] AUTODETECT spr round 2 (radius: 10)
[00:00:03 -2548.131263] AUTODETECT spr round 3 (radius: 15)
[00:00:03 -2547.568701] AUTODETECT spr round 4 (radius: 20)
[00:00:03 -2547.459052] AUTODETECT spr round 5 (radius: 25)
[00:00:03 -2547.446658] SPR radius for FAST iterations: 20 (autodetect)
[00:00:03 -2547.446658] Model parameter optimization (eps = 3.000000)
[00:00:03] [worker #2] ML tree search #3, logLikelihood: -2468.682984
[00:00:03] [worker #3] ML tree search #4, logLikelihood: -2468.153491
[00:00:03 -2536.569186] FAST spr round 1 (radius: 20)
[00:00:03 -2492.547669] FAST spr round 2 (radius: 20)
[00:00:03 -2470.937432] FAST spr round 3 (radius: 20)
[00:00:03 -2469.483818] Model parameter optimization (eps = 1.000000)
[00:00:03 -2468.823753] SLOW spr round 1 (radius: 5)
[00:00:03 -2468.823042] SLOW spr round 2 (radius: 10)
[00:00:04 -2468.823042] SLOW spr round 3 (radius: 15)
[00:00:04 -2468.823042] SLOW spr round 4 (radius: 20)
[00:00:04 -2468.823042] SLOW spr round 5 (radius: 25)
[00:00:04 -2468.823042] Model parameter optimization (eps = 0.100000)

[00:00:04] [worker #0] ML tree search #5, logLikelihood: -2468.820754

[00:00:04 -4290.322054] Initial branch length optimization
[00:00:04 -3471.446954] Model parameter optimization (eps = 10.000000)
[00:00:04] [worker #1] ML tree search #6, logLikelihood: -2470.506395
[00:00:04 -3131.204441] AUTODETECT spr round 1 (radius: 5)
[00:00:04 -2760.327198] AUTODETECT spr round 2 (radius: 10)
[00:00:04 -2662.576261] AUTODETECT spr round 3 (radius: 15)
[00:00:04 -2662.403069] AUTODETECT spr round 4 (radius: 20)
[00:00:04 -2662.383793] SPR radius for FAST iterations: 15 (autodetect)
[00:00:04 -2662.383793] Model parameter optimization (eps = 3.000000)
[00:00:04 -2656.103054] FAST spr round 1 (radius: 15)
[00:00:05 -2481.036351] FAST spr round 2 (radius: 15)
[00:00:05 -2472.958627] Model parameter optimization (eps = 1.000000)
[00:00:05 -2469.472801] SLOW spr round 1 (radius: 5)
[00:00:05] [worker #2] ML tree search #7, logLikelihood: -2468.153391
[00:00:05] [worker #3] ML tree search #8, logLikelihood: -2468.153311
[00:00:05 -2468.184171] SLOW spr round 2 (radius: 10)
[00:00:06] [worker #1] ML tree search #10, logLikelihood: -2468.153392
[00:00:06 -2468.184137] SLOW spr round 3 (radius: 15)
[00:00:07 -2468.184137] SLOW spr round 4 (radius: 20)
[00:00:07] [worker #2] ML tree search #11, logLikelihood: -2468.153340
[00:00:07 -2468.184137] SLOW spr round 5 (radius: 25)
[00:00:07 -2468.184137] Model parameter optimization (eps = 0.100000)

[00:00:07] [worker #0] ML tree search #9, logLikelihood: -2468.153698

[00:00:07 -3466.949165] Initial branch length optimization
[00:00:08 -2596.631637] Model parameter optimization (eps = 10.000000)
[00:00:08 -2476.765672] AUTODETECT spr round 1 (radius: 5)
[00:00:08 -2468.999670] AUTODETECT spr round 2 (radius: 10)
[00:00:08] [worker #3] ML tree search #12, logLikelihood: -2469.825152
[00:00:08 -2468.945070] SPR radius for FAST iterations: 5 (autodetect)
[00:00:08 -2468.945070] Model parameter optimization (eps = 3.000000)
[00:00:08 -2468.821255] FAST spr round 1 (radius: 5)
[00:00:08 -2468.821236] Model parameter optimization (eps = 1.000000)
[00:00:08 -2468.821024] SLOW spr round 1 (radius: 5)
[00:00:08 -2468.820786] SLOW spr round 2 (radius: 10)
[00:00:08 -2468.820786] SLOW spr round 3 (radius: 15)
[00:00:08] [worker #1] ML tree search #14, logLikelihood: -2470.506390
[00:00:08 -2468.820786] SLOW spr round 4 (radius: 20)
[00:00:09 -2468.820786] SLOW spr round 5 (radius: 25)
[00:00:09 -2468.820786] Model parameter optimization (eps = 0.100000)

[00:00:09] [worker #0] ML tree search #13, logLikelihood: -2468.820782

[00:00:09 -3476.494322] Initial branch length optimization
[00:00:09 -2602.779406] Model parameter optimization (eps = 10.000000)
[00:00:09 -2486.282624] AUTODETECT spr round 1 (radius: 5)
[00:00:09 -2472.236851] AUTODETECT spr round 2 (radius: 10)
[00:00:09] [worker #3] ML tree search #16, logLikelihood: -2468.776147
[00:00:09 -2472.154975] SPR radius for FAST iterations: 5 (autodetect)
[00:00:09 -2472.154975] Model parameter optimization (eps = 3.000000)
[00:00:09 -2472.090132] FAST spr round 1 (radius: 5)
[00:00:10 -2468.720539] Model parameter optimization (eps = 1.000000)
[00:00:10 -2468.683154] SLOW spr round 1 (radius: 5)
[00:00:10] [worker #2] ML tree search #15, logLikelihood: -2470.397641
[00:00:10 -2468.683029] SLOW spr round 2 (radius: 10)
[00:00:10 -2468.683029] SLOW spr round 3 (radius: 15)
[00:00:10] [worker #1] ML tree search #18, logLikelihood: -2468.820740
[00:00:10 -2468.683029] SLOW spr round 4 (radius: 20)
[00:00:11 -2468.683029] SLOW spr round 5 (radius: 25)
[00:00:11 -2468.683029] Model parameter optimization (eps = 0.100000)

[00:00:11] [worker #0] ML tree search #17, logLikelihood: -2468.682924

[00:00:11] [worker #2] ML tree search #19, logLikelihood: -2468.820801
[00:00:11] [worker #3] ML tree search #20, logLikelihood: -2469.320527

Optimized model parameters:

   Partition 0: noname
   Rate heterogeneity: GAMMA (4 cats, mean),  alpha: 0.448896 (ML),  weights&rates: (0.250000,0.024354) (0.250000,0.217251) (0.250000,0.779202) (0.250000,2.979193) 
   Base frequencies (empirical): 0.314419 0.241916 0.163156 0.280508 
   Substitution rates (ML): 1.731298 11.967775 1.493031 2.177791 7.866517 1.000000 


Final LogLikelihood: -2468.153311

AIC score: 5112.306622 / AICc score: 5143.447775 / BIC score: 5498.055206
Free parameters (model + branch lengths): 88

WARNING: Best ML tree contains 8 near-zero branches!

Best ML tree with collapsed near-zero branches saved to: /data/jeremias/eucs/roadies/output/genes/gene_45_filtered.fa.aln.raxml.bestTreeCollapsed
Best ML tree saved to: /data/jeremias/eucs/roadies/output/genes/gene_45_filtered.fa.aln.raxml.bestTree
All ML trees saved to: /data/jeremias/eucs/roadies/output/genes/gene_45_filtered.fa.aln.raxml.mlTrees
Optimized model saved to: /data/jeremias/eucs/roadies/output/genes/gene_45_filtered.fa.aln.raxml.bestModel

Execution log saved to: /data/jeremias/eucs/roadies/output/genes/gene_45_filtered.fa.aln.raxml.log

Analysis started: 29-Jul-2024 15:01:13 / finished: 29-Jul-2024 15:01:25

Elapsed time: 11.270 seconds

