
RAxML-NG v. 1.2.2 released on 11.04.2024 by The Exelixis Lab.
Developed by: Alexey M. Kozlov and Alexandros Stamatakis.
Contributors: Diego Darriba, Tomas Flouri, Benoit Morel, Sarah Lutteropp, Ben Bettisworth, Julia Haag, Anastasis Togkousidis.
Latest version: https://github.com/amkozlov/raxml-ng
Questions/problems/suggestions? Please visit: https://groups.google.com/forum/#!forum/raxml

System: AMD EPYC 7742 64-Core Processor, 128 cores, 1007 GB RAM

RAxML-NG was called at 29-Jul-2024 15:18:49 as follows:

raxml-ng --msa /data/jeremias/eucs/roadies/output/genes/gene_32_filtered.fa.aln --model GTR+G+F --redo --threads auto{4} --blopt nr_safe

Analysis options:
  run mode: ML tree search
  start tree(s): random (10) + parsimony (10)
  random seed: 1722230329
  tip-inner: OFF
  pattern compression: ON
  per-rate scalers: OFF
  site repeats: ON
  logLH epsilon: general: 10.000000, brlen-triplet: 1000.000000
  fast spr radius: AUTO
  spr subtree cutoff: 1.000000
  fast CLV updates: ON
  branch lengths: proportional (ML estimate, algorithm: NR-SAFE)
  SIMD kernels: AVX2
  parallelization: coarse-grained (auto), PTHREADS (auto)

WARNING: Running in REDO mode: existing checkpoints are ignored, and all result files will be overwritten!

[00:00:00] Reading alignment from file: /data/jeremias/eucs/roadies/output/genes/gene_32_filtered.fa.aln
[00:00:00] Loaded alignment with 79 taxa and 505 sites

WARNING: Sequences E_caleyi_0 and E_polyanthemos_2 are exactly identical!
WARNING: Sequences E_brandiana_2 and E_brandiana_1 are exactly identical!
WARNING: Sequences E_sid_E_mel_0 and E_lansdowneana_0 are exactly identical!
WARNING: Duplicate sequences found: 3

NOTE: Reduced alignment (with duplicates and gap-only sites/taxa removed) 
NOTE: was saved to: /data/jeremias/eucs/roadies/output/genes/gene_32_filtered.fa.aln.raxml.reduced.phy

Alignment comprises 1 partitions and 242 patterns

Partition 0: noname
Model: GTR+FC+G4m
Alignment sites / patterns: 505 / 242
Gaps: 1.36 %
Invariant sites: 58.42 %


NOTE: Binary MSA file created: /data/jeremias/eucs/roadies/output/genes/gene_32_filtered.fa.aln.raxml.rba

Parallelization scheme autoconfig: 4 worker(s) x 1 thread(s)

[00:00:00] Generating 10 random starting tree(s) with 79 taxa
[00:00:00] Generating 10 parsimony starting tree(s) with 79 taxa
Parallel parsimony with 4 threads
Parallel reduction/worker buffer size: 1 KB  / 0 KB

[00:00:00] Data distribution: max. partitions/sites/weight per thread: 1 / 242 / 3872
[00:00:00] Data distribution: max. searches per worker: 5

Starting ML tree search with 20 distinct starting trees

[00:00:00 -5680.910849] Initial branch length optimization
[00:00:00 -4520.564460] Model parameter optimization (eps = 10.000000)
[00:00:00 -4186.537380] AUTODETECT spr round 1 (radius: 5)
[00:00:00 -3523.685742] AUTODETECT spr round 2 (radius: 10)
[00:00:00 -3056.970236] AUTODETECT spr round 3 (radius: 15)
[00:00:01 -3056.652091] AUTODETECT spr round 4 (radius: 20)
[00:00:01 -3056.618035] SPR radius for FAST iterations: 15 (autodetect)
[00:00:01 -3056.618035] Model parameter optimization (eps = 3.000000)
[00:00:01 -3025.466940] FAST spr round 1 (radius: 15)
[00:00:01 -2912.746758] FAST spr round 2 (radius: 15)
[00:00:01 -2910.465746] Model parameter optimization (eps = 1.000000)
[00:00:01 -2909.435339] SLOW spr round 1 (radius: 5)
[00:00:02 -2908.873231] SLOW spr round 2 (radius: 10)
[00:00:03 -2908.873228] SLOW spr round 3 (radius: 15)
[00:00:03 -2908.873228] SLOW spr round 4 (radius: 20)
[00:00:03 -2908.873228] SLOW spr round 5 (radius: 25)
[00:00:04 -2908.873228] Model parameter optimization (eps = 0.100000)

[00:00:04] [worker #0] ML tree search #1, logLikelihood: -2908.848375

[00:00:04 -5778.578304] Initial branch length optimization
[00:00:04 -4620.160387] Model parameter optimization (eps = 10.000000)
[00:00:04 -4223.376271] AUTODETECT spr round 1 (radius: 5)
[00:00:04] [worker #3] ML tree search #4, logLikelihood: -2905.991172
[00:00:04 -3294.865351] AUTODETECT spr round 2 (radius: 10)
[00:00:04 -3023.400513] AUTODETECT spr round 3 (radius: 15)
[00:00:05] [worker #2] ML tree search #3, logLikelihood: -2905.991129
[00:00:05 -3022.934970] AUTODETECT spr round 4 (radius: 20)
[00:00:05 -3022.853241] SPR radius for FAST iterations: 15 (autodetect)
[00:00:05 -3022.853241] Model parameter optimization (eps = 3.000000)
[00:00:05 -2977.956108] FAST spr round 1 (radius: 15)
[00:00:05 -2910.203999] FAST spr round 2 (radius: 15)
[00:00:05 -2906.847979] Model parameter optimization (eps = 1.000000)
[00:00:05 -2906.202260] SLOW spr round 1 (radius: 5)
[00:00:05] [worker #1] ML tree search #2, logLikelihood: -2908.855112
[00:00:06 -2905.145754] SLOW spr round 2 (radius: 10)
[00:00:06 -2905.145723] SLOW spr round 3 (radius: 15)
[00:00:07 -2905.145723] SLOW spr round 4 (radius: 20)
[00:00:07 -2905.145723] SLOW spr round 5 (radius: 25)
[00:00:07 -2905.145723] Model parameter optimization (eps = 0.100000)

[00:00:07] [worker #0] ML tree search #5, logLikelihood: -2905.098521

[00:00:07 -5630.745217] Initial branch length optimization
[00:00:07 -4511.628661] Model parameter optimization (eps = 10.000000)
[00:00:08 -4173.419197] AUTODETECT spr round 1 (radius: 5)
[00:00:08 -3379.342650] AUTODETECT spr round 2 (radius: 10)
[00:00:08 -3043.996937] AUTODETECT spr round 3 (radius: 15)
[00:00:08 -3030.146181] AUTODETECT spr round 4 (radius: 20)
[00:00:08] [worker #3] ML tree search #8, logLikelihood: -2904.979740
[00:00:08 -3026.393538] AUTODETECT spr round 5 (radius: 25)
[00:00:08 -3026.347640] SPR radius for FAST iterations: 20 (autodetect)
[00:00:08 -3026.347640] Model parameter optimization (eps = 3.000000)
[00:00:09 -2993.587956] FAST spr round 1 (radius: 20)
[00:00:09 -2913.432703] FAST spr round 2 (radius: 20)
[00:00:09] [worker #2] ML tree search #7, logLikelihood: -2905.990833
[00:00:09 -2911.570650] Model parameter optimization (eps = 1.000000)
[00:00:09 -2911.122857] SLOW spr round 1 (radius: 5)
[00:00:09] [worker #1] ML tree search #6, logLikelihood: -2904.979691
[00:00:10 -2908.006663] SLOW spr round 2 (radius: 10)
[00:00:10 -2907.278803] SLOW spr round 3 (radius: 15)
[00:00:11 -2907.278802] SLOW spr round 4 (radius: 20)
[00:00:11 -2907.278802] SLOW spr round 5 (radius: 25)
[00:00:11 -2907.278802] Model parameter optimization (eps = 0.100000)

[00:00:11] [worker #0] ML tree search #9, logLikelihood: -2907.169901

[00:00:11 -4249.854167] Initial branch length optimization
[00:00:11 -2974.955572] Model parameter optimization (eps = 10.000000)
[00:00:11 -2908.249384] AUTODETECT spr round 1 (radius: 5)
[00:00:11 -2906.099224] AUTODETECT spr round 2 (radius: 10)
[00:00:11 -2906.091986] SPR radius for FAST iterations: 5 (autodetect)
[00:00:11 -2906.091986] Model parameter optimization (eps = 3.000000)
[00:00:12 -2906.047610] FAST spr round 1 (radius: 5)
[00:00:12 -2906.047247] Model parameter optimization (eps = 1.000000)
[00:00:12 -2906.047237] SLOW spr round 1 (radius: 5)
[00:00:12 -2905.015856] SLOW spr round 2 (radius: 10)
[00:00:12] [worker #2] ML tree search #11, logLikelihood: -2908.327911
[00:00:13 -2905.015855] SLOW spr round 3 (radius: 15)
[00:00:13] [worker #1] ML tree search #10, logLikelihood: -2905.098851
[00:00:13] [worker #3] ML tree search #12, logLikelihood: -2905.990968
[00:00:13 -2905.015855] SLOW spr round 4 (radius: 20)
[00:00:13 -2905.015855] SLOW spr round 5 (radius: 25)
[00:00:14 -2905.015855] Model parameter optimization (eps = 0.100000)

[00:00:14] [worker #0] ML tree search #13, logLikelihood: -2904.980344

[00:00:14 -4270.654506] Initial branch length optimization
[00:00:14 -2990.149800] Model parameter optimization (eps = 10.000000)
[00:00:14 -2922.691782] AUTODETECT spr round 1 (radius: 5)
[00:00:14 -2915.315731] AUTODETECT spr round 2 (radius: 10)
[00:00:14 -2915.040026] AUTODETECT spr round 3 (radius: 15)
[00:00:14 -2915.040015] SPR radius for FAST iterations: 10 (autodetect)
[00:00:14 -2915.040015] Model parameter optimization (eps = 3.000000)
[00:00:15 -2914.920591] FAST spr round 1 (radius: 10)
[00:00:15 -2910.698310] Model parameter optimization (eps = 1.000000)
[00:00:15 -2910.690941] SLOW spr round 1 (radius: 5)
[00:00:15 -2910.377805] SLOW spr round 2 (radius: 10)
[00:00:15] [worker #2] ML tree search #15, logLikelihood: -2906.141467
[00:00:16 -2908.071820] SLOW spr round 3 (radius: 15)
[00:00:16] [worker #3] ML tree search #16, logLikelihood: -2904.980004
[00:00:16 -2908.071736] SLOW spr round 4 (radius: 20)
[00:00:17 -2908.071736] SLOW spr round 5 (radius: 25)
[00:00:17 -2908.071736] Model parameter optimization (eps = 0.100000)

[00:00:17] [worker #0] ML tree search #17, logLikelihood: -2908.045034

[00:00:17] [worker #1] ML tree search #14, logLikelihood: -2910.349335
[00:00:19] [worker #2] ML tree search #19, logLikelihood: -2905.098958
[00:00:20] [worker #3] ML tree search #20, logLikelihood: -2904.979976
[00:00:20] [worker #1] ML tree search #18, logLikelihood: -2906.141480

Optimized model parameters:

   Partition 0: noname
   Rate heterogeneity: GAMMA (4 cats, mean),  alpha: 0.966238 (ML),  weights&rates: (0.250000,0.130169) (0.250000,0.466363) (0.250000,0.994172) (0.250000,2.409295) 
   Base frequencies (empirical): 0.342379 0.206840 0.214413 0.236367 
   Substitution rates (ML): 0.742395 3.568799 1.105921 1.531075 3.925205 1.000000 


Final LogLikelihood: -2904.979691

AIC score: 6137.959382 / AICc score: 6297.135853 / BIC score: 6830.786964
Free parameters (model + branch lengths): 164

WARNING: Best ML tree contains 32 near-zero branches!

Best ML tree with collapsed near-zero branches saved to: /data/jeremias/eucs/roadies/output/genes/gene_32_filtered.fa.aln.raxml.bestTreeCollapsed
Best ML tree saved to: /data/jeremias/eucs/roadies/output/genes/gene_32_filtered.fa.aln.raxml.bestTree
All ML trees saved to: /data/jeremias/eucs/roadies/output/genes/gene_32_filtered.fa.aln.raxml.mlTrees
Optimized model saved to: /data/jeremias/eucs/roadies/output/genes/gene_32_filtered.fa.aln.raxml.bestModel

Execution log saved to: /data/jeremias/eucs/roadies/output/genes/gene_32_filtered.fa.aln.raxml.log

Analysis started: 29-Jul-2024 15:18:49 / finished: 29-Jul-2024 15:19:10

Elapsed time: 20.530 seconds

