
RAxML-NG v. 1.2.2 released on 11.04.2024 by The Exelixis Lab.
Developed by: Alexey M. Kozlov and Alexandros Stamatakis.
Contributors: Diego Darriba, Tomas Flouri, Benoit Morel, Sarah Lutteropp, Ben Bettisworth, Julia Haag, Anastasis Togkousidis.
Latest version: https://github.com/amkozlov/raxml-ng
Questions/problems/suggestions? Please visit: https://groups.google.com/forum/#!forum/raxml

System: AMD EPYC 7742 64-Core Processor, 128 cores, 1007 GB RAM

RAxML-NG was called at 29-Jul-2024 16:50:52 as follows:

raxml-ng --msa /data/jeremias/eucs/roadies/output/genes/gene_236_filtered.fa.aln --model GTR+G+F --redo --threads auto{4} --blopt nr_safe

Analysis options:
  run mode: ML tree search
  start tree(s): random (10) + parsimony (10)
  random seed: 1722235852
  tip-inner: OFF
  pattern compression: ON
  per-rate scalers: OFF
  site repeats: ON
  logLH epsilon: general: 10.000000, brlen-triplet: 1000.000000
  fast spr radius: AUTO
  spr subtree cutoff: 1.000000
  fast CLV updates: ON
  branch lengths: proportional (ML estimate, algorithm: NR-SAFE)
  SIMD kernels: AVX2
  parallelization: coarse-grained (auto), PTHREADS (auto)

WARNING: Running in REDO mode: existing checkpoints are ignored, and all result files will be overwritten!

[00:00:00] Reading alignment from file: /data/jeremias/eucs/roadies/output/genes/gene_236_filtered.fa.aln
[00:00:00] Loaded alignment with 31 taxa and 569 sites

Alignment comprises 1 partitions and 226 patterns

Partition 0: noname
Model: GTR+FC+G4m
Alignment sites / patterns: 569 / 226
Gaps: 11.67 %
Invariant sites: 44.11 %


NOTE: Binary MSA file created: /data/jeremias/eucs/roadies/output/genes/gene_236_filtered.fa.aln.raxml.rba

Parallelization scheme autoconfig: 4 worker(s) x 1 thread(s)

[00:00:00] Generating 10 random starting tree(s) with 31 taxa
[00:00:00] Generating 10 parsimony starting tree(s) with 31 taxa
Parallel parsimony with 4 threads
Parallel reduction/worker buffer size: 1 KB  / 0 KB

[00:00:00] Data distribution: max. partitions/sites/weight per thread: 1 / 226 / 3616
[00:00:00] Data distribution: max. searches per worker: 5

Starting ML tree search with 20 distinct starting trees

[00:00:00 -5770.639680] Initial branch length optimization
[00:00:00 -3825.585844] Model parameter optimization (eps = 10.000000)
[00:00:00 -3616.965026] AUTODETECT spr round 1 (radius: 5)
[00:00:00 -3409.548229] AUTODETECT spr round 2 (radius: 10)
[00:00:00 -2768.927412] AUTODETECT spr round 3 (radius: 15)
[00:00:00 -2768.581904] AUTODETECT spr round 4 (radius: 20)
[00:00:00 -2768.560266] SPR radius for FAST iterations: 15 (autodetect)
[00:00:00 -2768.560266] Model parameter optimization (eps = 3.000000)
[00:00:00 -2727.957010] FAST spr round 1 (radius: 15)
[00:00:00 -2722.363369] Model parameter optimization (eps = 1.000000)
[00:00:00 -2719.837818] SLOW spr round 1 (radius: 5)
[00:00:00 -2715.012972] SLOW spr round 2 (radius: 10)
[00:00:00 -2714.982904] SLOW spr round 3 (radius: 15)
[00:00:00 -2714.982904] SLOW spr round 4 (radius: 20)
[00:00:00 -2714.982904] SLOW spr round 5 (radius: 25)
[00:00:00 -2714.982904] Model parameter optimization (eps = 0.100000)

[00:00:00] [worker #0] ML tree search #1, logLikelihood: -2714.458061

[00:00:00 -5760.313474] Initial branch length optimization
[00:00:01 -3820.229456] Model parameter optimization (eps = 10.000000)
[00:00:01] [worker #3] ML tree search #4, logLikelihood: -2718.025405
[00:00:01 -3622.284388] AUTODETECT spr round 1 (radius: 5)
[00:00:01 -2813.686666] AUTODETECT spr round 2 (radius: 10)
[00:00:01 -2768.421304] AUTODETECT spr round 3 (radius: 15)
[00:00:01 -2768.336907] SPR radius for FAST iterations: 10 (autodetect)
[00:00:01 -2768.336907] Model parameter optimization (eps = 3.000000)
[00:00:01] [worker #2] ML tree search #3, logLikelihood: -2718.023029
[00:00:01] [worker #1] ML tree search #2, logLikelihood: -2714.467246
[00:00:01 -2731.299890] FAST spr round 1 (radius: 10)
[00:00:01 -2718.357831] FAST spr round 2 (radius: 10)
[00:00:01 -2717.782727] Model parameter optimization (eps = 1.000000)
[00:00:01 -2714.913737] SLOW spr round 1 (radius: 5)
[00:00:01 -2714.874528] SLOW spr round 2 (radius: 10)
[00:00:02 -2714.874527] SLOW spr round 3 (radius: 15)
[00:00:02] [worker #3] ML tree search #8, logLikelihood: -2714.808728
[00:00:02 -2714.874527] SLOW spr round 4 (radius: 20)
[00:00:02 -2714.874527] SLOW spr round 5 (radius: 25)
[00:00:02 -2714.874527] Model parameter optimization (eps = 0.100000)

[00:00:02] [worker #0] ML tree search #5, logLikelihood: -2714.476319

[00:00:02 -5156.409663] Initial branch length optimization
[00:00:02 -3518.940254] Model parameter optimization (eps = 10.000000)
[00:00:02 -3366.261509] AUTODETECT spr round 1 (radius: 5)
[00:00:02 -3136.632154] AUTODETECT spr round 2 (radius: 10)
[00:00:02] [worker #2] ML tree search #7, logLikelihood: -2714.477670
[00:00:02 -2764.787591] AUTODETECT spr round 3 (radius: 15)
[00:00:02 -2764.426284] AUTODETECT spr round 4 (radius: 20)
[00:00:02 -2764.345103] SPR radius for FAST iterations: 15 (autodetect)
[00:00:02 -2764.345103] Model parameter optimization (eps = 3.000000)
[00:00:02] [worker #1] ML tree search #6, logLikelihood: -2714.477349
[00:00:02 -2747.213709] FAST spr round 1 (radius: 15)
[00:00:02 -2716.961419] FAST spr round 2 (radius: 15)
[00:00:02 -2716.961402] Model parameter optimization (eps = 1.000000)
[00:00:02 -2714.801387] SLOW spr round 1 (radius: 5)
[00:00:03 -2714.798657] SLOW spr round 2 (radius: 10)
[00:00:03] [worker #3] ML tree search #12, logLikelihood: -2718.002211
[00:00:03 -2714.748808] SLOW spr round 3 (radius: 15)
[00:00:03 -2714.748808] SLOW spr round 4 (radius: 20)
[00:00:03 -2714.748808] SLOW spr round 5 (radius: 25)
[00:00:03 -2714.748808] Model parameter optimization (eps = 0.100000)

[00:00:03] [worker #0] ML tree search #9, logLikelihood: -2714.469253

[00:00:03 -3981.408987] Initial branch length optimization
[00:00:03 -2823.244875] Model parameter optimization (eps = 10.000000)
[00:00:03 -2736.020835] AUTODETECT spr round 1 (radius: 5)
[00:00:03] [worker #2] ML tree search #11, logLikelihood: -2714.431497
[00:00:03 -2723.991957] AUTODETECT spr round 2 (radius: 10)
[00:00:03 -2722.410750] AUTODETECT spr round 3 (radius: 15)
[00:00:03 -2722.326279] SPR radius for FAST iterations: 10 (autodetect)
[00:00:03 -2722.326279] Model parameter optimization (eps = 3.000000)
[00:00:03 -2721.986432] FAST spr round 1 (radius: 10)
[00:00:03 -2718.756591] Model parameter optimization (eps = 1.000000)
[00:00:03 -2718.642748] SLOW spr round 1 (radius: 5)
[00:00:04] [worker #1] ML tree search #10, logLikelihood: -2714.459526
[00:00:04 -2718.074751] SLOW spr round 2 (radius: 10)
[00:00:04 -2718.074750] SLOW spr round 3 (radius: 15)
[00:00:04] [worker #3] ML tree search #16, logLikelihood: -2714.428254
[00:00:04 -2718.074750] SLOW spr round 4 (radius: 20)
[00:00:04 -2718.074750] SLOW spr round 5 (radius: 25)
[00:00:04 -2718.074750] Model parameter optimization (eps = 0.100000)

[00:00:04] [worker #0] ML tree search #13, logLikelihood: -2718.009123

[00:00:04 -3965.887353] Initial branch length optimization
[00:00:04 -2805.101887] Model parameter optimization (eps = 10.000000)
[00:00:04 -2721.528893] AUTODETECT spr round 1 (radius: 5)
[00:00:04 -2716.091462] AUTODETECT spr round 2 (radius: 10)
[00:00:04 -2715.116211] AUTODETECT spr round 3 (radius: 15)
[00:00:04 -2714.959029] AUTODETECT spr round 4 (radius: 20)
[00:00:04 -2714.936388] SPR radius for FAST iterations: 15 (autodetect)
[00:00:04 -2714.936388] Model parameter optimization (eps = 3.000000)
[00:00:04 -2714.760620] FAST spr round 1 (radius: 15)
[00:00:04 -2714.531241] Model parameter optimization (eps = 1.000000)
[00:00:04 -2714.442901] SLOW spr round 1 (radius: 5)
[00:00:04] [worker #2] ML tree search #15, logLikelihood: -2718.603008
[00:00:05] [worker #1] ML tree search #14, logLikelihood: -2714.418289
[00:00:05 -2714.441496] SLOW spr round 2 (radius: 10)
[00:00:05 -2714.441398] SLOW spr round 3 (radius: 15)
[00:00:05 -2714.441391] SLOW spr round 4 (radius: 20)
[00:00:05] [worker #3] ML tree search #20, logLikelihood: -2718.007668
[00:00:05 -2714.441390] SLOW spr round 5 (radius: 25)
[00:00:05 -2714.441390] Model parameter optimization (eps = 0.100000)

[00:00:05] [worker #0] ML tree search #17, logLikelihood: -2714.421553

[00:00:05] [worker #1] ML tree search #18, logLikelihood: -2714.452201
[00:00:05] [worker #2] ML tree search #19, logLikelihood: -2714.435200

Optimized model parameters:

   Partition 0: noname
   Rate heterogeneity: GAMMA (4 cats, mean),  alpha: 2.348873 (ML),  weights&rates: (0.250000,0.331644) (0.250000,0.687631) (0.250000,1.076690) (0.250000,1.904035) 
   Base frequencies (empirical): 0.311361 0.113286 0.204621 0.370732 
   Substitution rates (ML): 0.822717 3.212214 0.574074 0.942676 3.057005 1.000000 


Final LogLikelihood: -2714.418289

AIC score: 5564.836578 / AICc score: 5583.604578 / BIC score: 5860.220448
Free parameters (model + branch lengths): 68

WARNING: Best ML tree contains 7 near-zero branches!

Best ML tree with collapsed near-zero branches saved to: /data/jeremias/eucs/roadies/output/genes/gene_236_filtered.fa.aln.raxml.bestTreeCollapsed
Best ML tree saved to: /data/jeremias/eucs/roadies/output/genes/gene_236_filtered.fa.aln.raxml.bestTree
All ML trees saved to: /data/jeremias/eucs/roadies/output/genes/gene_236_filtered.fa.aln.raxml.mlTrees
Optimized model saved to: /data/jeremias/eucs/roadies/output/genes/gene_236_filtered.fa.aln.raxml.bestModel

Execution log saved to: /data/jeremias/eucs/roadies/output/genes/gene_236_filtered.fa.aln.raxml.log

Analysis started: 29-Jul-2024 16:50:52 / finished: 29-Jul-2024 16:50:57

Elapsed time: 5.870 seconds

