
RAxML-NG v. 1.2.2 released on 11.04.2024 by The Exelixis Lab.
Developed by: Alexey M. Kozlov and Alexandros Stamatakis.
Contributors: Diego Darriba, Tomas Flouri, Benoit Morel, Sarah Lutteropp, Ben Bettisworth, Julia Haag, Anastasis Togkousidis.
Latest version: https://github.com/amkozlov/raxml-ng
Questions/problems/suggestions? Please visit: https://groups.google.com/forum/#!forum/raxml

System: AMD EPYC 7742 64-Core Processor, 128 cores, 1007 GB RAM

RAxML-NG was called at 29-Jul-2024 16:05:42 as follows:

raxml-ng --msa /data/jeremias/eucs/roadies/output/genes/gene_114_filtered.fa.aln --model GTR+G+F --redo --threads auto{4} --blopt nr_safe

Analysis options:
  run mode: ML tree search
  start tree(s): random (10) + parsimony (10)
  random seed: 1722233142
  tip-inner: OFF
  pattern compression: ON
  per-rate scalers: OFF
  site repeats: ON
  logLH epsilon: general: 10.000000, brlen-triplet: 1000.000000
  fast spr radius: AUTO
  spr subtree cutoff: 1.000000
  fast CLV updates: ON
  branch lengths: proportional (ML estimate, algorithm: NR-SAFE)
  SIMD kernels: AVX2
  parallelization: coarse-grained (auto), PTHREADS (auto)

WARNING: Running in REDO mode: existing checkpoints are ignored, and all result files will be overwritten!

[00:00:00] Reading alignment from file: /data/jeremias/eucs/roadies/output/genes/gene_114_filtered.fa.aln
[00:00:00] Loaded alignment with 58 taxa and 555 sites

Alignment comprises 1 partitions and 267 patterns

Partition 0: noname
Model: GTR+FC+G4m
Alignment sites / patterns: 555 / 267
Gaps: 7.01 %
Invariant sites: 59.28 %


NOTE: Binary MSA file created: /data/jeremias/eucs/roadies/output/genes/gene_114_filtered.fa.aln.raxml.rba

Parallelization scheme autoconfig: 4 worker(s) x 1 thread(s)

[00:00:00] Generating 10 random starting tree(s) with 58 taxa
[00:00:00] Generating 10 parsimony starting tree(s) with 58 taxa
Parallel parsimony with 4 threads
Parallel reduction/worker buffer size: 1 KB  / 0 KB

[00:00:00] Data distribution: max. partitions/sites/weight per thread: 1 / 267 / 4272
[00:00:00] Data distribution: max. searches per worker: 5

Starting ML tree search with 20 distinct starting trees

[00:00:00 -6682.590645] Initial branch length optimization
[00:00:00 -5081.456832] Model parameter optimization (eps = 10.000000)
[00:00:00 -4628.760262] AUTODETECT spr round 1 (radius: 5)
[00:00:00 -3360.494239] AUTODETECT spr round 2 (radius: 10)
[00:00:00 -3096.885365] AUTODETECT spr round 3 (radius: 15)
[00:00:00 -3096.621302] AUTODETECT spr round 4 (radius: 20)
[00:00:00 -3096.548561] SPR radius for FAST iterations: 15 (autodetect)
[00:00:00 -3096.548561] Model parameter optimization (eps = 3.000000)
[00:00:00 -3049.804965] FAST spr round 1 (radius: 15)
[00:00:01 -2877.226202] FAST spr round 2 (radius: 15)
[00:00:01 -2877.223427] Model parameter optimization (eps = 1.000000)
[00:00:01 -2874.864336] SLOW spr round 1 (radius: 5)
[00:00:01 -2874.745860] SLOW spr round 2 (radius: 10)
[00:00:02 -2874.745857] SLOW spr round 3 (radius: 15)
[00:00:02 -2874.745857] SLOW spr round 4 (radius: 20)
[00:00:02 -2874.745857] SLOW spr round 5 (radius: 25)
[00:00:02 -2874.745857] Model parameter optimization (eps = 0.100000)

[00:00:02] [worker #0] ML tree search #1, logLikelihood: -2874.743327

[00:00:02 -6690.711787] Initial branch length optimization
[00:00:02 -5094.988817] Model parameter optimization (eps = 10.000000)
[00:00:02] [worker #3] ML tree search #4, logLikelihood: -2873.568574
[00:00:02 -4632.817765] AUTODETECT spr round 1 (radius: 5)
[00:00:02] [worker #1] ML tree search #2, logLikelihood: -2876.714885
[00:00:03] [worker #2] ML tree search #3, logLikelihood: -2873.568558
[00:00:03 -3692.850795] AUTODETECT spr round 2 (radius: 10)
[00:00:03 -3186.065389] AUTODETECT spr round 3 (radius: 15)
[00:00:03 -3067.842242] AUTODETECT spr round 4 (radius: 20)
[00:00:03 -3067.784086] SPR radius for FAST iterations: 15 (autodetect)
[00:00:03 -3067.784086] Model parameter optimization (eps = 3.000000)
[00:00:03 -3020.216471] FAST spr round 1 (radius: 15)
[00:00:03 -2903.577906] FAST spr round 2 (radius: 15)
[00:00:03 -2881.884642] FAST spr round 3 (radius: 15)
[00:00:04 -2877.340118] Model parameter optimization (eps = 1.000000)
[00:00:04 -2875.694248] SLOW spr round 1 (radius: 5)
[00:00:04 -2875.564385] SLOW spr round 2 (radius: 10)
[00:00:05 -2875.564381] SLOW spr round 3 (radius: 15)
[00:00:05 -2875.564381] SLOW spr round 4 (radius: 20)
[00:00:05 -2875.564381] SLOW spr round 5 (radius: 25)
[00:00:05 -2875.564381] Model parameter optimization (eps = 0.100000)

[00:00:05] [worker #0] ML tree search #5, logLikelihood: -2875.562540

[00:00:05 -6614.111941] Initial branch length optimization
[00:00:05 -5103.300436] Model parameter optimization (eps = 10.000000)
[00:00:05] [worker #1] ML tree search #6, logLikelihood: -2874.743318
[00:00:05 -4652.122281] AUTODETECT spr round 1 (radius: 5)
[00:00:05] [worker #2] ML tree search #7, logLikelihood: -2874.071602
[00:00:05 -3649.206907] AUTODETECT spr round 2 (radius: 10)
[00:00:06 -3184.113771] AUTODETECT spr round 3 (radius: 15)
[00:00:06 -3098.113615] AUTODETECT spr round 4 (radius: 20)
[00:00:06 -3097.969684] AUTODETECT spr round 5 (radius: 25)
[00:00:06 -3097.960952] SPR radius for FAST iterations: 20 (autodetect)
[00:00:06 -3097.960952] Model parameter optimization (eps = 3.000000)
[00:00:06 -3050.535456] FAST spr round 1 (radius: 20)
[00:00:06] [worker #3] ML tree search #8, logLikelihood: -2873.665276
[00:00:06 -2936.041996] FAST spr round 2 (radius: 20)
[00:00:06 -2877.734121] FAST spr round 3 (radius: 20)
[00:00:06 -2877.394409] Model parameter optimization (eps = 1.000000)
[00:00:07 -2874.738352] SLOW spr round 1 (radius: 5)
[00:00:07 -2873.615913] SLOW spr round 2 (radius: 10)
[00:00:07] [worker #2] ML tree search #11, logLikelihood: -2875.478218
[00:00:07 -2873.615909] SLOW spr round 3 (radius: 15)
[00:00:08 -2873.615909] SLOW spr round 4 (radius: 20)
[00:00:08 -2873.615909] SLOW spr round 5 (radius: 25)
[00:00:08 -2873.615909] Model parameter optimization (eps = 0.100000)

[00:00:08] [worker #0] ML tree search #9, logLikelihood: -2873.568669

[00:00:08 -4071.851220] Initial branch length optimization
[00:00:08 -2960.340595] Model parameter optimization (eps = 10.000000)
[00:00:08] [worker #1] ML tree search #10, logLikelihood: -2874.743354
[00:00:08 -2892.599367] AUTODETECT spr round 1 (radius: 5)
[00:00:08 -2882.051110] AUTODETECT spr round 2 (radius: 10)
[00:00:09 -2881.854537] AUTODETECT spr round 3 (radius: 15)
[00:00:09] [worker #3] ML tree search #12, logLikelihood: -2878.355662
[00:00:09 -2881.853567] SPR radius for FAST iterations: 10 (autodetect)
[00:00:09 -2881.853567] Model parameter optimization (eps = 3.000000)
[00:00:09 -2881.780451] FAST spr round 1 (radius: 10)
[00:00:09 -2880.744075] Model parameter optimization (eps = 1.000000)
[00:00:09 -2880.710245] SLOW spr round 1 (radius: 5)
[00:00:09 -2873.682622] SLOW spr round 2 (radius: 10)
[00:00:10] [worker #2] ML tree search #15, logLikelihood: -2873.568465
[00:00:10 -2873.682621] SLOW spr round 3 (radius: 15)
[00:00:10 -2873.682621] SLOW spr round 4 (radius: 20)
[00:00:10 -2873.682621] SLOW spr round 5 (radius: 25)
[00:00:10 -2873.682621] Model parameter optimization (eps = 0.100000)

[00:00:10] [worker #0] ML tree search #13, logLikelihood: -2873.568896

[00:00:10 -4077.270533] Initial branch length optimization
[00:00:10 -2982.402485] Model parameter optimization (eps = 10.000000)
[00:00:10 -2906.399787] AUTODETECT spr round 1 (radius: 5)
[00:00:11 -2874.286818] AUTODETECT spr round 2 (radius: 10)
[00:00:11] [worker #1] ML tree search #14, logLikelihood: -2878.103760
[00:00:11 -2874.286083] SPR radius for FAST iterations: 5 (autodetect)
[00:00:11 -2874.286083] Model parameter optimization (eps = 3.000000)
[00:00:11 -2874.072606] FAST spr round 1 (radius: 5)
[00:00:11 -2874.072468] Model parameter optimization (eps = 1.000000)
[00:00:11 -2874.072074] SLOW spr round 1 (radius: 5)
[00:00:11] [worker #3] ML tree search #16, logLikelihood: -2876.092234
[00:00:11 -2873.612486] SLOW spr round 2 (radius: 10)
[00:00:12] [worker #2] ML tree search #19, logLikelihood: -2876.714783
[00:00:12 -2873.612486] SLOW spr round 3 (radius: 15)
[00:00:12 -2873.612486] SLOW spr round 4 (radius: 20)
[00:00:12 -2873.612486] SLOW spr round 5 (radius: 25)
[00:00:12 -2873.612486] Model parameter optimization (eps = 0.100000)

[00:00:12] [worker #0] ML tree search #17, logLikelihood: -2873.568401

[00:00:13] [worker #1] ML tree search #18, logLikelihood: -2873.568463
[00:00:14] [worker #3] ML tree search #20, logLikelihood: -2876.345271

Optimized model parameters:

   Partition 0: noname
   Rate heterogeneity: GAMMA (4 cats, mean),  alpha: 1.266465 (ML),  weights&rates: (0.250000,0.186891) (0.250000,0.544429) (0.250000,1.033156) (0.250000,2.235523) 
   Base frequencies (empirical): 0.280493 0.187485 0.182775 0.349247 
   Substitution rates (ML): 1.175882 4.145643 0.905937 1.436403 4.082342 1.000000 


Final LogLikelihood: -2873.568401

AIC score: 5991.136802 / AICc score: 6060.609024 / BIC score: 6518.050911
Free parameters (model + branch lengths): 122

WARNING: Best ML tree contains 16 near-zero branches!

Best ML tree with collapsed near-zero branches saved to: /data/jeremias/eucs/roadies/output/genes/gene_114_filtered.fa.aln.raxml.bestTreeCollapsed
Best ML tree saved to: /data/jeremias/eucs/roadies/output/genes/gene_114_filtered.fa.aln.raxml.bestTree
All ML trees saved to: /data/jeremias/eucs/roadies/output/genes/gene_114_filtered.fa.aln.raxml.mlTrees
Optimized model saved to: /data/jeremias/eucs/roadies/output/genes/gene_114_filtered.fa.aln.raxml.bestModel

Execution log saved to: /data/jeremias/eucs/roadies/output/genes/gene_114_filtered.fa.aln.raxml.log

Analysis started: 29-Jul-2024 16:05:42 / finished: 29-Jul-2024 16:05:57

Elapsed time: 14.288 seconds

