
RAxML-NG v. 1.2.2 released on 11.04.2024 by The Exelixis Lab.
Developed by: Alexey M. Kozlov and Alexandros Stamatakis.
Contributors: Diego Darriba, Tomas Flouri, Benoit Morel, Sarah Lutteropp, Ben Bettisworth, Julia Haag, Anastasis Togkousidis.
Latest version: https://github.com/amkozlov/raxml-ng
Questions/problems/suggestions? Please visit: https://groups.google.com/forum/#!forum/raxml

System: AMD EPYC 7742 64-Core Processor, 128 cores, 1007 GB RAM

RAxML-NG was called at 29-Jul-2024 14:57:34 as follows:

raxml-ng --msa /data/jeremias/eucs/roadies/output/genes/gene_119_filtered.fa.aln --model GTR+G+F --redo --threads auto{4} --blopt nr_safe

Analysis options:
  run mode: ML tree search
  start tree(s): random (10) + parsimony (10)
  random seed: 1722229054
  tip-inner: OFF
  pattern compression: ON
  per-rate scalers: OFF
  site repeats: ON
  logLH epsilon: general: 10.000000, brlen-triplet: 1000.000000
  fast spr radius: AUTO
  spr subtree cutoff: 1.000000
  fast CLV updates: ON
  branch lengths: proportional (ML estimate, algorithm: NR-SAFE)
  SIMD kernels: AVX2
  parallelization: coarse-grained (auto), PTHREADS (auto)

WARNING: Running in REDO mode: existing checkpoints are ignored, and all result files will be overwritten!

[00:00:00] Reading alignment from file: /data/jeremias/eucs/roadies/output/genes/gene_119_filtered.fa.aln
[00:00:00] Loaded alignment with 42 taxa and 546 sites

WARNING: Sequences E_sideroxylon_0 and E_melliodora_0 are exactly identical!
WARNING: Duplicate sequences found: 1

NOTE: Reduced alignment (with duplicates and gap-only sites/taxa removed) 
NOTE: was saved to: /data/jeremias/eucs/roadies/output/genes/gene_119_filtered.fa.aln.raxml.reduced.phy

Alignment comprises 1 partitions and 148 patterns

Partition 0: noname
Model: GTR+FC+G4m
Alignment sites / patterns: 546 / 148
Gaps: 9.40 %
Invariant sites: 77.29 %


NOTE: Binary MSA file created: /data/jeremias/eucs/roadies/output/genes/gene_119_filtered.fa.aln.raxml.rba

Parallelization scheme autoconfig: 4 worker(s) x 1 thread(s)

[00:00:00] Generating 10 random starting tree(s) with 42 taxa
[00:00:00] Generating 10 parsimony starting tree(s) with 42 taxa
Parallel parsimony with 4 threads
Parallel reduction/worker buffer size: 1 KB  / 0 KB

[00:00:00] Data distribution: max. partitions/sites/weight per thread: 1 / 148 / 2368
[00:00:00] Data distribution: max. searches per worker: 5

Starting ML tree search with 20 distinct starting trees

[00:00:00 -3867.681681] Initial branch length optimization
[00:00:00 -2998.222792] Model parameter optimization (eps = 10.000000)
[00:00:00 -2677.961796] AUTODETECT spr round 1 (radius: 5)
[00:00:00 -2161.475479] AUTODETECT spr round 2 (radius: 10)
[00:00:00 -2087.198022] AUTODETECT spr round 3 (radius: 15)
[00:00:00 -2087.177210] SPR radius for FAST iterations: 10 (autodetect)
[00:00:00 -2087.177210] Model parameter optimization (eps = 3.000000)
[00:00:00 -2082.647200] FAST spr round 1 (radius: 10)
[00:00:00 -1911.783337] FAST spr round 2 (radius: 10)
[00:00:00 -1907.024394] Model parameter optimization (eps = 1.000000)
[00:00:00 -1902.263175] SLOW spr round 1 (radius: 5)
[00:00:00 -1902.148942] SLOW spr round 2 (radius: 10)
[00:00:00 -1902.148937] SLOW spr round 3 (radius: 15)
[00:00:00 -1902.148937] SLOW spr round 4 (radius: 20)
[00:00:00 -1902.148937] SLOW spr round 5 (radius: 25)
[00:00:00 -1902.148937] Model parameter optimization (eps = 0.100000)

[00:00:01] [worker #0] ML tree search #1, logLikelihood: -1902.144525

[00:00:01 -3884.913899] Initial branch length optimization
[00:00:01 -3023.172883] Model parameter optimization (eps = 10.000000)
[00:00:01] [worker #1] ML tree search #2, logLikelihood: -1903.197957
[00:00:01] [worker #2] ML tree search #3, logLikelihood: -1902.144541
[00:00:01 -2688.402943] AUTODETECT spr round 1 (radius: 5)
[00:00:01] [worker #3] ML tree search #4, logLikelihood: -1903.198142
[00:00:01 -2205.244080] AUTODETECT spr round 2 (radius: 10)
[00:00:01 -2009.728170] AUTODETECT spr round 3 (radius: 15)
[00:00:01 -2009.433925] AUTODETECT spr round 4 (radius: 20)
[00:00:01 -2009.403668] SPR radius for FAST iterations: 15 (autodetect)
[00:00:01 -2009.403668] Model parameter optimization (eps = 3.000000)
[00:00:01 -2004.894180] FAST spr round 1 (radius: 15)
[00:00:01 -1907.965405] FAST spr round 2 (radius: 15)
[00:00:01 -1906.462797] Model parameter optimization (eps = 1.000000)
[00:00:01 -1904.880306] SLOW spr round 1 (radius: 5)
[00:00:01 -1904.849014] SLOW spr round 2 (radius: 10)
[00:00:01 -1903.265132] SLOW spr round 3 (radius: 15)
[00:00:01 -1903.264166] SLOW spr round 4 (radius: 20)
[00:00:01 -1903.264165] SLOW spr round 5 (radius: 25)
[00:00:01 -1903.264165] Model parameter optimization (eps = 0.100000)

[00:00:01] [worker #0] ML tree search #5, logLikelihood: -1903.198008

[00:00:02 -3852.876421] Initial branch length optimization
[00:00:02 -3014.154164] Model parameter optimization (eps = 10.000000)
[00:00:02 -2689.079872] AUTODETECT spr round 1 (radius: 5)
[00:00:02] [worker #2] ML tree search #7, logLikelihood: -1902.144435
[00:00:02] [worker #3] ML tree search #8, logLikelihood: -1903.197609
[00:00:02] [worker #1] ML tree search #6, logLikelihood: -1903.197622
[00:00:02 -2023.957155] AUTODETECT spr round 2 (radius: 10)
[00:00:02 -1954.274395] AUTODETECT spr round 3 (radius: 15)
[00:00:02 -1954.248212] SPR radius for FAST iterations: 10 (autodetect)
[00:00:02 -1954.248212] Model parameter optimization (eps = 3.000000)
[00:00:02 -1948.863536] FAST spr round 1 (radius: 10)
[00:00:02 -1906.070520] FAST spr round 2 (radius: 10)
[00:00:02 -1903.137323] Model parameter optimization (eps = 1.000000)
[00:00:02 -1902.153297] SLOW spr round 1 (radius: 5)
[00:00:03 -1902.152148] SLOW spr round 2 (radius: 10)
[00:00:03 -1902.152148] SLOW spr round 3 (radius: 15)
[00:00:03] [worker #3] ML tree search #12, logLikelihood: -1902.144388
[00:00:03] [worker #2] ML tree search #11, logLikelihood: -1902.144385
[00:00:03 -1902.152148] SLOW spr round 4 (radius: 20)
[00:00:03 -1902.152148] SLOW spr round 5 (radius: 25)
[00:00:03 -1902.152148] Model parameter optimization (eps = 0.100000)

[00:00:03] [worker #0] ML tree search #9, logLikelihood: -1902.144444

[00:00:03 -2900.707408] Initial branch length optimization
[00:00:03 -1981.336463] Model parameter optimization (eps = 10.000000)
[00:00:03 -1928.355363] AUTODETECT spr round 1 (radius: 5)
[00:00:03 -1903.531840] AUTODETECT spr round 2 (radius: 10)
[00:00:03 -1903.444615] SPR radius for FAST iterations: 5 (autodetect)
[00:00:03] [worker #1] ML tree search #10, logLikelihood: -1903.197592
[00:00:03 -1903.444615] Model parameter optimization (eps = 3.000000)
[00:00:03 -1903.214538] FAST spr round 1 (radius: 5)
[00:00:03 -1903.214458] Model parameter optimization (eps = 1.000000)
[00:00:03 -1903.213986] SLOW spr round 1 (radius: 5)
[00:00:03 -1903.213978] SLOW spr round 2 (radius: 10)
[00:00:04 -1903.213978] SLOW spr round 3 (radius: 15)
[00:00:04 -1903.213978] SLOW spr round 4 (radius: 20)
[00:00:04] [worker #3] ML tree search #16, logLikelihood: -1903.213979
[00:00:04 -1903.213978] SLOW spr round 5 (radius: 25)
[00:00:04] [worker #2] ML tree search #15, logLikelihood: -1902.144385
[00:00:04 -1903.213978] Model parameter optimization (eps = 0.100000)

[00:00:04] [worker #0] ML tree search #13, logLikelihood: -1903.213977

[00:00:04 -2882.393623] Initial branch length optimization
[00:00:04 -1960.415270] Model parameter optimization (eps = 10.000000)
[00:00:04] [worker #1] ML tree search #14, logLikelihood: -1902.144386
[00:00:04 -1911.297693] AUTODETECT spr round 1 (radius: 5)
[00:00:04 -1903.574625] AUTODETECT spr round 2 (radius: 10)
[00:00:04 -1903.572724] SPR radius for FAST iterations: 5 (autodetect)
[00:00:04 -1903.572724] Model parameter optimization (eps = 3.000000)
[00:00:04 -1903.498755] FAST spr round 1 (radius: 5)
[00:00:04 -1903.498727] Model parameter optimization (eps = 1.000000)
[00:00:04 -1903.498718] SLOW spr round 1 (radius: 5)
[00:00:05 -1903.498715] SLOW spr round 2 (radius: 10)
[00:00:05 -1903.498715] SLOW spr round 3 (radius: 15)
[00:00:05] [worker #3] ML tree search #20, logLikelihood: -1902.144387
[00:00:05 -1903.498715] SLOW spr round 4 (radius: 20)
[00:00:05 -1903.498715] SLOW spr round 5 (radius: 25)
[00:00:05 -1903.498715] Model parameter optimization (eps = 0.100000)

[00:00:05] [worker #0] ML tree search #17, logLikelihood: -1903.498714

[00:00:05] [worker #2] ML tree search #19, logLikelihood: -1902.144386
[00:00:05] [worker #1] ML tree search #18, logLikelihood: -1902.144391

Optimized model parameters:

   Partition 0: noname
   Rate heterogeneity: GAMMA (4 cats, mean),  alpha: 0.325954 (ML),  weights&rates: (0.250000,0.007635) (0.250000,0.124778) (0.250000,0.636922) (0.250000,3.230665) 
   Base frequencies (empirical): 0.311883 0.223324 0.194157 0.270636 
   Substitution rates (ML): 1.016089 4.015678 0.765155 0.527341 2.679804 1.000000 


Final LogLikelihood: -1902.144385

AIC score: 3984.288770 / AICc score: 4020.288770 / BIC score: 4371.524478
Free parameters (model + branch lengths): 90

WARNING: Best ML tree contains 10 near-zero branches!

Best ML tree with collapsed near-zero branches saved to: /data/jeremias/eucs/roadies/output/genes/gene_119_filtered.fa.aln.raxml.bestTreeCollapsed
Best ML tree saved to: /data/jeremias/eucs/roadies/output/genes/gene_119_filtered.fa.aln.raxml.bestTree
All ML trees saved to: /data/jeremias/eucs/roadies/output/genes/gene_119_filtered.fa.aln.raxml.mlTrees
Optimized model saved to: /data/jeremias/eucs/roadies/output/genes/gene_119_filtered.fa.aln.raxml.bestModel

Execution log saved to: /data/jeremias/eucs/roadies/output/genes/gene_119_filtered.fa.aln.raxml.log

Analysis started: 29-Jul-2024 14:57:34 / finished: 29-Jul-2024 14:57:40

Elapsed time: 5.658 seconds

