
RAxML-NG v. 1.2.2 released on 11.04.2024 by The Exelixis Lab.
Developed by: Alexey M. Kozlov and Alexandros Stamatakis.
Contributors: Diego Darriba, Tomas Flouri, Benoit Morel, Sarah Lutteropp, Ben Bettisworth, Julia Haag, Anastasis Togkousidis.
Latest version: https://github.com/amkozlov/raxml-ng
Questions/problems/suggestions? Please visit: https://groups.google.com/forum/#!forum/raxml

System: AMD EPYC 7742 64-Core Processor, 128 cores, 1007 GB RAM

RAxML-NG was called at 03-Jul-2024 20:02:22 as follows:

raxml-ng --msa /data/jeremias/eucs/roadies/output/genes/gene_126_filtered.fa.aln --model GTR+G+F --redo --threads auto{4} --blopt nr_safe

Analysis options:
  run mode: ML tree search
  start tree(s): random (10) + parsimony (10)
  random seed: 1720000942
  tip-inner: OFF
  pattern compression: ON
  per-rate scalers: OFF
  site repeats: ON
  logLH epsilon: general: 10.000000, brlen-triplet: 1000.000000
  fast spr radius: AUTO
  spr subtree cutoff: 1.000000
  fast CLV updates: ON
  branch lengths: proportional (ML estimate, algorithm: NR-SAFE)
  SIMD kernels: AVX2
  parallelization: coarse-grained (auto), PTHREADS (auto)

WARNING: Running in REDO mode: existing checkpoints are ignored, and all result files will be overwritten!

[00:00:00] Reading alignment from file: /data/jeremias/eucs/roadies/output/genes/gene_126_filtered.fa.aln
[00:00:00] Loaded alignment with 35 taxa and 505 sites

WARNING: Sequences GCA_016097545.1_0 and GCA_014182885.2_0 are exactly identical!
WARNING: Sequences GCA_016097545.1_0 and GCA_004368105.3_0 are exactly identical!
WARNING: Sequences GCA_016097545.1_0 and GCA_017140475.1_0 are exactly identical!
WARNING: Duplicate sequences found: 3

NOTE: Reduced alignment (with duplicates and gap-only sites/taxa removed) 
NOTE: was saved to: /data/jeremias/eucs/roadies/output/genes/gene_126_filtered.fa.aln.raxml.reduced.phy

Alignment comprises 1 partitions and 108 patterns

Partition 0: noname
Model: GTR+FC+G4m
Alignment sites / patterns: 505 / 108
Gaps: 2.72 %
Invariant sites: 78.42 %


NOTE: Binary MSA file created: /data/jeremias/eucs/roadies/output/genes/gene_126_filtered.fa.aln.raxml.rba

Parallelization scheme autoconfig: 4 worker(s) x 1 thread(s)

[00:00:00] Generating 10 random starting tree(s) with 35 taxa
[00:00:00] Generating 10 parsimony starting tree(s) with 35 taxa
Parallel parsimony with 4 threads
Parallel reduction/worker buffer size: 1 KB  / 0 KB

[00:00:00] Data distribution: max. partitions/sites/weight per thread: 1 / 108 / 1728
[00:00:00] Data distribution: max. searches per worker: 5

Starting ML tree search with 20 distinct starting trees

[00:00:00 -2983.351229] Initial branch length optimization
[00:00:00 -2168.542672] Model parameter optimization (eps = 10.000000)
[00:00:00 -1935.489026] AUTODETECT spr round 1 (radius: 5)
[00:00:00 -1682.774780] AUTODETECT spr round 2 (radius: 10)
[00:00:00 -1643.002411] AUTODETECT spr round 3 (radius: 15)
[00:00:00 -1642.929050] SPR radius for FAST iterations: 10 (autodetect)
[00:00:00 -1642.929050] Model parameter optimization (eps = 3.000000)
[00:00:00 -1637.544431] FAST spr round 1 (radius: 10)
[00:00:00 -1607.750566] FAST spr round 2 (radius: 10)
[00:00:00 -1606.694012] Model parameter optimization (eps = 1.000000)
[00:00:00 -1606.368715] SLOW spr round 1 (radius: 5)
[00:00:00 -1606.368370] SLOW spr round 2 (radius: 10)
[00:00:00 -1606.368370] SLOW spr round 3 (radius: 15)
[00:00:00] [worker #1] ML tree search #2, logLikelihood: -1606.367463
[00:00:00] [worker #2] ML tree search #3, logLikelihood: -1606.885206
[00:00:00 -1606.368370] SLOW spr round 4 (radius: 20)
[00:00:00] [worker #3] ML tree search #4, logLikelihood: -1606.350415
[00:00:00 -1606.368370] SLOW spr round 5 (radius: 25)
[00:00:00 -1606.368370] Model parameter optimization (eps = 0.100000)

[00:00:00] [worker #0] ML tree search #1, logLikelihood: -1606.367464

[00:00:00 -3002.273638] Initial branch length optimization
[00:00:00 -2159.103973] Model parameter optimization (eps = 10.000000)
[00:00:00 -1931.136512] AUTODETECT spr round 1 (radius: 5)
[00:00:00 -1727.601394] AUTODETECT spr round 2 (radius: 10)
[00:00:00 -1639.660529] AUTODETECT spr round 3 (radius: 15)
[00:00:00 -1639.532386] AUTODETECT spr round 4 (radius: 20)
[00:00:00 -1639.515363] SPR radius for FAST iterations: 15 (autodetect)
[00:00:00 -1639.515363] Model parameter optimization (eps = 3.000000)
[00:00:00 -1633.792879] FAST spr round 1 (radius: 15)
[00:00:00 -1606.775270] FAST spr round 2 (radius: 15)
[00:00:00 -1606.775231] Model parameter optimization (eps = 1.000000)
[00:00:00 -1606.352008] SLOW spr round 1 (radius: 5)
[00:00:01 -1606.351518] SLOW spr round 2 (radius: 10)
[00:00:01] [worker #1] ML tree search #6, logLikelihood: -1606.350412
[00:00:01] [worker #2] ML tree search #7, logLikelihood: -1606.350418
[00:00:01 -1606.351518] SLOW spr round 3 (radius: 15)
[00:00:01] [worker #3] ML tree search #8, logLikelihood: -1606.885209
[00:00:01 -1606.351518] SLOW spr round 4 (radius: 20)
[00:00:01 -1606.351518] SLOW spr round 5 (radius: 25)
[00:00:01 -1606.351518] Model parameter optimization (eps = 0.100000)

[00:00:01] [worker #0] ML tree search #5, logLikelihood: -1606.350466

[00:00:01 -3020.648532] Initial branch length optimization
[00:00:01 -2196.942832] Model parameter optimization (eps = 10.000000)
[00:00:01 -1968.201190] AUTODETECT spr round 1 (radius: 5)
[00:00:01 -1709.827675] AUTODETECT spr round 2 (radius: 10)
[00:00:01 -1631.647421] AUTODETECT spr round 3 (radius: 15)
[00:00:01 -1631.610533] SPR radius for FAST iterations: 10 (autodetect)
[00:00:01 -1631.610533] Model parameter optimization (eps = 3.000000)
[00:00:01 -1626.543354] FAST spr round 1 (radius: 10)
[00:00:01 -1608.000045] FAST spr round 2 (radius: 10)
[00:00:01 -1606.591135] Model parameter optimization (eps = 1.000000)
[00:00:01] [worker #2] ML tree search #11, logLikelihood: -1606.367456
[00:00:01 -1606.368246] SLOW spr round 1 (radius: 5)
[00:00:01] [worker #3] ML tree search #12, logLikelihood: -1606.885203
[00:00:01 -1606.368063] SLOW spr round 2 (radius: 10)
[00:00:01] [worker #1] ML tree search #10, logLikelihood: -1606.350458
[00:00:01 -1606.368063] SLOW spr round 3 (radius: 15)
[00:00:01 -1606.368063] SLOW spr round 4 (radius: 20)
[00:00:01 -1606.368063] SLOW spr round 5 (radius: 25)
[00:00:01 -1606.368063] Model parameter optimization (eps = 0.100000)

[00:00:01] [worker #0] ML tree search #9, logLikelihood: -1606.367443

[00:00:01 -2537.764153] Initial branch length optimization
[00:00:01 -1684.548517] Model parameter optimization (eps = 10.000000)
[00:00:01 -1614.173456] AUTODETECT spr round 1 (radius: 5)
[00:00:01 -1607.842425] AUTODETECT spr round 2 (radius: 10)
[00:00:01 -1606.466270] AUTODETECT spr round 3 (radius: 15)
[00:00:01 -1606.462188] SPR radius for FAST iterations: 10 (autodetect)
[00:00:01 -1606.462188] Model parameter optimization (eps = 3.000000)
[00:00:01 -1606.367915] FAST spr round 1 (radius: 10)
[00:00:01] [worker #2] ML tree search #15, logLikelihood: -1606.350411
[00:00:01 -1606.367745] Model parameter optimization (eps = 1.000000)
[00:00:01 -1606.367549] SLOW spr round 1 (radius: 5)
[00:00:01] [worker #3] ML tree search #16, logLikelihood: -1606.350407
[00:00:02] [worker #1] ML tree search #14, logLikelihood: -1606.350414
[00:00:02 -1606.367424] SLOW spr round 2 (radius: 10)
[00:00:02 -1606.367424] SLOW spr round 3 (radius: 15)
[00:00:02 -1606.367424] SLOW spr round 4 (radius: 20)
[00:00:02 -1606.367424] SLOW spr round 5 (radius: 25)
[00:00:02 -1606.367424] Model parameter optimization (eps = 0.100000)

[00:00:02] [worker #0] ML tree search #13, logLikelihood: -1606.367424

[00:00:02 -2533.949466] Initial branch length optimization
[00:00:02 -1679.686749] Model parameter optimization (eps = 10.000000)
[00:00:02 -1610.562407] AUTODETECT spr round 1 (radius: 5)
[00:00:02] [worker #2] ML tree search #19, logLikelihood: -1606.367438
[00:00:02 -1607.792997] AUTODETECT spr round 2 (radius: 10)
[00:00:02 -1606.436867] AUTODETECT spr round 3 (radius: 15)
[00:00:02 -1606.432711] SPR radius for FAST iterations: 10 (autodetect)
[00:00:02 -1606.432711] Model parameter optimization (eps = 3.000000)
[00:00:02] [worker #3] ML tree search #20, logLikelihood: -1606.350451
[00:00:02 -1606.350537] FAST spr round 1 (radius: 10)
[00:00:02 -1606.350509] Model parameter optimization (eps = 1.000000)
[00:00:02 -1606.350506] SLOW spr round 1 (radius: 5)
[00:00:02] [worker #1] ML tree search #18, logLikelihood: -1606.367461
[00:00:02 -1606.350505] SLOW spr round 2 (radius: 10)
[00:00:02 -1606.350424] SLOW spr round 3 (radius: 15)
[00:00:02 -1606.350424] SLOW spr round 4 (radius: 20)
[00:00:02 -1606.350424] SLOW spr round 5 (radius: 25)
[00:00:02 -1606.350424] Model parameter optimization (eps = 0.100000)

[00:00:02] [worker #0] ML tree search #17, logLikelihood: -1606.350423


Optimized model parameters:

   Partition 0: noname
   Rate heterogeneity: GAMMA (4 cats, mean),  alpha: 0.333184 (ML),  weights&rates: (0.250000,0.008369) (0.250000,0.130436) (0.250000,0.647546) (0.250000,3.213649) 
   Base frequencies (empirical): 0.334923 0.217854 0.183658 0.263565 
   Substitution rates (ML): 1.323990 6.003946 0.453438 0.790601 6.699941 1.000000 


Final LogLikelihood: -1606.350407

AIC score: 3364.700815 / AICc score: 3392.046609 / BIC score: 3685.767255
Free parameters (model + branch lengths): 76

WARNING: Best ML tree contains 15 near-zero branches!

Best ML tree with collapsed near-zero branches saved to: /data/jeremias/eucs/roadies/output/genes/gene_126_filtered.fa.aln.raxml.bestTreeCollapsed
Best ML tree saved to: /data/jeremias/eucs/roadies/output/genes/gene_126_filtered.fa.aln.raxml.bestTree
All ML trees saved to: /data/jeremias/eucs/roadies/output/genes/gene_126_filtered.fa.aln.raxml.mlTrees
Optimized model saved to: /data/jeremias/eucs/roadies/output/genes/gene_126_filtered.fa.aln.raxml.bestModel

Execution log saved to: /data/jeremias/eucs/roadies/output/genes/gene_126_filtered.fa.aln.raxml.log

Analysis started: 03-Jul-2024 20:02:22 / finished: 03-Jul-2024 20:02:25

Elapsed time: 2.629 seconds

