
RAxML-NG v. 1.2.2 released on 11.04.2024 by The Exelixis Lab.
Developed by: Alexey M. Kozlov and Alexandros Stamatakis.
Contributors: Diego Darriba, Tomas Flouri, Benoit Morel, Sarah Lutteropp, Ben Bettisworth, Julia Haag, Anastasis Togkousidis.
Latest version: https://github.com/amkozlov/raxml-ng
Questions/problems/suggestions? Please visit: https://groups.google.com/forum/#!forum/raxml

System: AMD EPYC 7742 64-Core Processor, 128 cores, 1007 GB RAM

RAxML-NG was called at 03-Jul-2024 20:26:27 as follows:

raxml-ng --msa /data/jeremias/eucs/roadies/output/genes/gene_216_filtered.fa.aln --model GTR+G+F --redo --threads auto{4} --blopt nr_safe

Analysis options:
  run mode: ML tree search
  start tree(s): random (10) + parsimony (10)
  random seed: 1720002387
  tip-inner: OFF
  pattern compression: ON
  per-rate scalers: OFF
  site repeats: ON
  logLH epsilon: general: 10.000000, brlen-triplet: 1000.000000
  fast spr radius: AUTO
  spr subtree cutoff: 1.000000
  fast CLV updates: ON
  branch lengths: proportional (ML estimate, algorithm: NR-SAFE)
  SIMD kernels: AVX2
  parallelization: coarse-grained (auto), PTHREADS (auto)

WARNING: Running in REDO mode: existing checkpoints are ignored, and all result files will be overwritten!

[00:00:00] Reading alignment from file: /data/jeremias/eucs/roadies/output/genes/gene_216_filtered.fa.aln
[00:00:00] Loaded alignment with 39 taxa and 501 sites

WARNING: Sequences GCA_014182585.1_0 and GCA_016097545.1_0 are exactly identical!
WARNING: Sequences GCA_014182585.1_0 and GCA_017140325.1_0 are exactly identical!
WARNING: Sequences GCA_016097615.1_0 and GCA_017140475.1_0 are exactly identical!
WARNING: Sequences GCA_016097615.1_0 and GCA_017140255.1_0 are exactly identical!
WARNING: Duplicate sequences found: 4

NOTE: Reduced alignment (with duplicates and gap-only sites/taxa removed) 
NOTE: was saved to: /data/jeremias/eucs/roadies/output/genes/gene_216_filtered.fa.aln.raxml.reduced.phy

Alignment comprises 1 partitions and 93 patterns

Partition 0: noname
Model: GTR+FC+G4m
Alignment sites / patterns: 501 / 93
Gaps: 0.37 %
Invariant sites: 81.24 %


NOTE: Binary MSA file created: /data/jeremias/eucs/roadies/output/genes/gene_216_filtered.fa.aln.raxml.rba

Parallelization scheme autoconfig: 4 worker(s) x 1 thread(s)

[00:00:00] Generating 10 random starting tree(s) with 39 taxa
[00:00:00] Generating 10 parsimony starting tree(s) with 39 taxa
Parallel parsimony with 4 threads
Parallel reduction/worker buffer size: 1 KB  / 0 KB

[00:00:00] Data distribution: max. partitions/sites/weight per thread: 1 / 93 / 1488
[00:00:00] Data distribution: max. searches per worker: 5

Starting ML tree search with 20 distinct starting trees

[00:00:00 -3097.840049] Initial branch length optimization
[00:00:00 -2231.307121] Model parameter optimization (eps = 10.000000)
[00:00:00 -1992.306267] AUTODETECT spr round 1 (radius: 5)
[00:00:00 -1694.083575] AUTODETECT spr round 2 (radius: 10)
[00:00:00 -1559.640803] AUTODETECT spr round 3 (radius: 15)
[00:00:00 -1559.627688] SPR radius for FAST iterations: 10 (autodetect)
[00:00:00 -1559.627688] Model parameter optimization (eps = 3.000000)
[00:00:00 -1552.500619] FAST spr round 1 (radius: 10)
[00:00:00 -1482.414140] FAST spr round 2 (radius: 10)
[00:00:00 -1482.414019] Model parameter optimization (eps = 1.000000)
[00:00:00 -1477.481992] SLOW spr round 1 (radius: 5)
[00:00:00 -1477.481775] SLOW spr round 2 (radius: 10)
[00:00:00] [worker #3] ML tree search #4, logLikelihood: -1477.481746
[00:00:00 -1477.481775] SLOW spr round 3 (radius: 15)
[00:00:00 -1477.481775] SLOW spr round 4 (radius: 20)
[00:00:00 -1477.481775] SLOW spr round 5 (radius: 25)
[00:00:00 -1477.481775] Model parameter optimization (eps = 0.100000)

[00:00:00] [worker #0] ML tree search #1, logLikelihood: -1477.481758

[00:00:00 -3084.115224] Initial branch length optimization
[00:00:00 -2226.959780] Model parameter optimization (eps = 10.000000)
[00:00:00] [worker #1] ML tree search #2, logLikelihood: -1477.481746
[00:00:00 -1991.861943] AUTODETECT spr round 1 (radius: 5)
[00:00:00] [worker #2] ML tree search #3, logLikelihood: -1477.500544
[00:00:00 -1552.146021] AUTODETECT spr round 2 (radius: 10)
[00:00:00 -1528.631151] AUTODETECT spr round 3 (radius: 15)
[00:00:00 -1528.599507] SPR radius for FAST iterations: 10 (autodetect)
[00:00:00 -1528.599507] Model parameter optimization (eps = 3.000000)
[00:00:00 -1515.175372] FAST spr round 1 (radius: 10)
[00:00:00 -1482.894456] FAST spr round 2 (radius: 10)
[00:00:00 -1482.894450] Model parameter optimization (eps = 1.000000)
[00:00:00 -1482.478644] SLOW spr round 1 (radius: 5)
[00:00:01 -1477.548095] SLOW spr round 2 (radius: 10)
[00:00:01 -1477.548095] SLOW spr round 3 (radius: 15)
[00:00:01] [worker #3] ML tree search #8, logLikelihood: -1477.481763
[00:00:01 -1477.548095] SLOW spr round 4 (radius: 20)
[00:00:01 -1477.548095] SLOW spr round 5 (radius: 25)
[00:00:01 -1477.548095] Model parameter optimization (eps = 0.100000)

[00:00:01] [worker #0] ML tree search #5, logLikelihood: -1477.517816

[00:00:01 -3062.413943] Initial branch length optimization
[00:00:01 -2190.602692] Model parameter optimization (eps = 10.000000)
[00:00:01 -1972.898738] AUTODETECT spr round 1 (radius: 5)
[00:00:01 -1675.119564] AUTODETECT spr round 2 (radius: 10)
[00:00:01] [worker #1] ML tree search #6, logLikelihood: -1477.500551
[00:00:01] [worker #2] ML tree search #7, logLikelihood: -1477.481747
[00:00:01 -1513.186597] AUTODETECT spr round 3 (radius: 15)
[00:00:01 -1513.107388] SPR radius for FAST iterations: 10 (autodetect)
[00:00:01 -1513.107388] Model parameter optimization (eps = 3.000000)
[00:00:01 -1503.422084] FAST spr round 1 (radius: 10)
[00:00:01 -1477.949389] FAST spr round 2 (radius: 10)
[00:00:01 -1477.911394] Model parameter optimization (eps = 1.000000)
[00:00:01 -1477.517851] SLOW spr round 1 (radius: 5)
[00:00:01] [worker #3] ML tree search #12, logLikelihood: -1477.481761
[00:00:01 -1477.500829] SLOW spr round 2 (radius: 10)
[00:00:01 -1477.500829] SLOW spr round 3 (radius: 15)
[00:00:01 -1477.500829] SLOW spr round 4 (radius: 20)
[00:00:01 -1477.500829] SLOW spr round 5 (radius: 25)
[00:00:01 -1477.500829] Model parameter optimization (eps = 0.100000)

[00:00:01] [worker #0] ML tree search #9, logLikelihood: -1477.500548

[00:00:01 -2464.375874] Initial branch length optimization
[00:00:01 -1513.078608] Model parameter optimization (eps = 10.000000)
[00:00:01 -1477.932401] AUTODETECT spr round 1 (radius: 5)
[00:00:01 -1477.501811] AUTODETECT spr round 2 (radius: 10)
[00:00:01] [worker #2] ML tree search #11, logLikelihood: -1477.481770
[00:00:01 -1477.501807] SPR radius for FAST iterations: 5 (autodetect)
[00:00:01 -1477.501807] Model parameter optimization (eps = 3.000000)
[00:00:01 -1477.500853] FAST spr round 1 (radius: 5)
[00:00:01 -1477.500853] Model parameter optimization (eps = 1.000000)
[00:00:01 -1477.500852] SLOW spr round 1 (radius: 5)
[00:00:01] [worker #3] ML tree search #16, logLikelihood: -1477.481764
[00:00:01] [worker #1] ML tree search #10, logLikelihood: -1477.500562
[00:00:01 -1477.500560] SLOW spr round 2 (radius: 10)
[00:00:01 -1477.500560] SLOW spr round 3 (radius: 15)
[00:00:02 -1477.500560] SLOW spr round 4 (radius: 20)
[00:00:02 -1477.500560] SLOW spr round 5 (radius: 25)
[00:00:02 -1477.500560] Model parameter optimization (eps = 0.100000)

[00:00:02] [worker #0] ML tree search #13, logLikelihood: -1477.500559

[00:00:02 -2468.576133] Initial branch length optimization
[00:00:02 -1520.261787] Model parameter optimization (eps = 10.000000)
[00:00:02 -1483.258296] AUTODETECT spr round 1 (radius: 5)
[00:00:02 -1482.080719] AUTODETECT spr round 2 (radius: 10)
[00:00:02 -1477.692863] AUTODETECT spr round 3 (radius: 15)
[00:00:02 -1477.692349] SPR radius for FAST iterations: 10 (autodetect)
[00:00:02] [worker #2] ML tree search #15, logLikelihood: -1477.500561
[00:00:02 -1477.692349] Model parameter optimization (eps = 3.000000)
[00:00:02 -1477.500730] FAST spr round 1 (radius: 10)
[00:00:02 -1477.500722] Model parameter optimization (eps = 1.000000)
[00:00:02 -1477.500709] SLOW spr round 1 (radius: 5)
[00:00:02] [worker #3] ML tree search #20, logLikelihood: -1477.500553
[00:00:02] [worker #1] ML tree search #14, logLikelihood: -1477.500563
[00:00:02 -1477.500550] SLOW spr round 2 (radius: 10)
[00:00:02 -1477.500550] SLOW spr round 3 (radius: 15)
[00:00:02 -1477.500550] SLOW spr round 4 (radius: 20)
[00:00:02 -1477.500550] SLOW spr round 5 (radius: 25)
[00:00:02 -1477.500550] Model parameter optimization (eps = 0.100000)

[00:00:02] [worker #0] ML tree search #17, logLikelihood: -1477.500549

[00:00:02] [worker #2] ML tree search #19, logLikelihood: -1477.500539
[00:00:02] [worker #1] ML tree search #18, logLikelihood: -1477.500542

Optimized model parameters:

   Partition 0: noname
   Rate heterogeneity: GAMMA (4 cats, mean),  alpha: 0.413819 (ML),  weights&rates: (0.250000,0.018758) (0.250000,0.192002) (0.250000,0.745812) (0.250000,3.043429) 
   Base frequencies (empirical): 0.238609 0.186264 0.218215 0.356912 
   Substitution rates (ML): 1.231307 6.439764 1.508775 1.368692 5.176168 1.000000 


Final LogLikelihood: -1477.481746

AIC score: 3122.963491 / AICc score: 3157.290414 / BIC score: 3477.158404
Free parameters (model + branch lengths): 84

WARNING: Best ML tree contains 17 near-zero branches!

Best ML tree with collapsed near-zero branches saved to: /data/jeremias/eucs/roadies/output/genes/gene_216_filtered.fa.aln.raxml.bestTreeCollapsed
Best ML tree saved to: /data/jeremias/eucs/roadies/output/genes/gene_216_filtered.fa.aln.raxml.bestTree
All ML trees saved to: /data/jeremias/eucs/roadies/output/genes/gene_216_filtered.fa.aln.raxml.mlTrees
Optimized model saved to: /data/jeremias/eucs/roadies/output/genes/gene_216_filtered.fa.aln.raxml.bestModel

Execution log saved to: /data/jeremias/eucs/roadies/output/genes/gene_216_filtered.fa.aln.raxml.log

Analysis started: 03-Jul-2024 20:26:27 / finished: 03-Jul-2024 20:26:30

Elapsed time: 2.720 seconds

