
RAxML-NG v. 1.2.2 released on 11.04.2024 by The Exelixis Lab.
Developed by: Alexey M. Kozlov and Alexandros Stamatakis.
Contributors: Diego Darriba, Tomas Flouri, Benoit Morel, Sarah Lutteropp, Ben Bettisworth, Julia Haag, Anastasis Togkousidis.
Latest version: https://github.com/amkozlov/raxml-ng
Questions/problems/suggestions? Please visit: https://groups.google.com/forum/#!forum/raxml

System: AMD EPYC 7742 64-Core Processor, 128 cores, 1007 GB RAM

RAxML-NG was called at 29-Jul-2024 16:50:58 as follows:

raxml-ng --msa /data/jeremias/eucs/roadies/output/genes/gene_201_filtered.fa.aln --model GTR+G+F --redo --threads auto{4} --blopt nr_safe

Analysis options:
  run mode: ML tree search
  start tree(s): random (10) + parsimony (10)
  random seed: 1722235858
  tip-inner: OFF
  pattern compression: ON
  per-rate scalers: OFF
  site repeats: ON
  logLH epsilon: general: 10.000000, brlen-triplet: 1000.000000
  fast spr radius: AUTO
  spr subtree cutoff: 1.000000
  fast CLV updates: ON
  branch lengths: proportional (ML estimate, algorithm: NR-SAFE)
  SIMD kernels: AVX2
  parallelization: coarse-grained (auto), PTHREADS (auto)

WARNING: Running in REDO mode: existing checkpoints are ignored, and all result files will be overwritten!

[00:00:00] Reading alignment from file: /data/jeremias/eucs/roadies/output/genes/gene_201_filtered.fa.aln
[00:00:00] Loaded alignment with 45 taxa and 628 sites

Alignment comprises 1 partitions and 340 patterns

Partition 0: noname
Model: GTR+FC+G4m
Alignment sites / patterns: 628 / 340
Gaps: 19.20 %
Invariant sites: 49.52 %


NOTE: Binary MSA file created: /data/jeremias/eucs/roadies/output/genes/gene_201_filtered.fa.aln.raxml.rba

Parallelization scheme autoconfig: 4 worker(s) x 1 thread(s)

[00:00:00] Generating 10 random starting tree(s) with 45 taxa
[00:00:00] Generating 10 parsimony starting tree(s) with 45 taxa
Parallel parsimony with 4 threads
Parallel reduction/worker buffer size: 1 KB  / 0 KB

[00:00:00] Data distribution: max. partitions/sites/weight per thread: 1 / 340 / 5440
[00:00:00] Data distribution: max. searches per worker: 5

Starting ML tree search with 20 distinct starting trees

[00:00:00 -10307.575228] Initial branch length optimization
[00:00:00 -8373.030679] Model parameter optimization (eps = 10.000000)
[00:00:00 -7447.834818] AUTODETECT spr round 1 (radius: 5)
[00:00:00 -4811.969916] AUTODETECT spr round 2 (radius: 10)
[00:00:00 -4475.696174] AUTODETECT spr round 3 (radius: 15)
[00:00:00 -4242.538871] AUTODETECT spr round 4 (radius: 20)
[00:00:00 -4241.354030] AUTODETECT spr round 5 (radius: 25)
[00:00:00 -4241.122340] SPR radius for FAST iterations: 25 (autodetect)
[00:00:00 -4241.122340] Model parameter optimization (eps = 3.000000)
[00:00:00 -4142.476443] FAST spr round 1 (radius: 25)
[00:00:01 -3932.606133] FAST spr round 2 (radius: 25)
[00:00:01 -3921.791302] FAST spr round 3 (radius: 25)
[00:00:01 -3920.914526] Model parameter optimization (eps = 1.000000)
[00:00:01 -3915.048366] SLOW spr round 1 (radius: 5)
[00:00:01 -3915.041586] SLOW spr round 2 (radius: 10)
[00:00:02 -3915.039972] SLOW spr round 3 (radius: 15)
[00:00:02] [worker #1] ML tree search #2, logLikelihood: -3911.367590
[00:00:02] [worker #2] ML tree search #3, logLikelihood: -3911.367325
[00:00:02 -3915.039599] SLOW spr round 4 (radius: 20)
[00:00:02] [worker #3] ML tree search #4, logLikelihood: -3911.367358
[00:00:02 -3915.039519] SLOW spr round 5 (radius: 25)
[00:00:02 -3915.039502] Model parameter optimization (eps = 0.100000)

[00:00:02] [worker #0] ML tree search #1, logLikelihood: -3915.039433

[00:00:02 -9693.078976] Initial branch length optimization
[00:00:02 -7650.076068] Model parameter optimization (eps = 10.000000)
[00:00:02 -6869.463061] AUTODETECT spr round 1 (radius: 5)
[00:00:03 -4802.964131] AUTODETECT spr round 2 (radius: 10)
[00:00:03 -4387.390431] AUTODETECT spr round 3 (radius: 15)
[00:00:03 -4375.105993] AUTODETECT spr round 4 (radius: 20)
[00:00:03 -4374.767841] AUTODETECT spr round 5 (radius: 25)
[00:00:03 -4374.686656] SPR radius for FAST iterations: 20 (autodetect)
[00:00:03 -4374.686656] Model parameter optimization (eps = 3.000000)
[00:00:03 -4295.726151] FAST spr round 1 (radius: 20)
[00:00:03 -4004.303307] FAST spr round 2 (radius: 20)
[00:00:03 -3948.984628] FAST spr round 3 (radius: 20)
[00:00:04 -3924.377193] FAST spr round 4 (radius: 20)
[00:00:04 -3924.376504] Model parameter optimization (eps = 1.000000)
[00:00:04 -3915.111118] SLOW spr round 1 (radius: 5)
[00:00:04] [worker #1] ML tree search #6, logLikelihood: -3910.746075
[00:00:04] [worker #2] ML tree search #7, logLikelihood: -3915.039425
[00:00:04 -3915.040947] SLOW spr round 2 (radius: 10)
[00:00:04] [worker #3] ML tree search #8, logLikelihood: -3915.039444
[00:00:04 -3915.040022] SLOW spr round 3 (radius: 15)
[00:00:05 -3915.039862] SLOW spr round 4 (radius: 20)
[00:00:05 -3915.039832] SLOW spr round 5 (radius: 25)
[00:00:05 -3915.039826] Model parameter optimization (eps = 0.100000)

[00:00:05] [worker #0] ML tree search #5, logLikelihood: -3915.039427

[00:00:05 -10540.406614] Initial branch length optimization
[00:00:05 -8406.978925] Model parameter optimization (eps = 10.000000)
[00:00:05 -7447.925699] AUTODETECT spr round 1 (radius: 5)
[00:00:05 -4739.149884] AUTODETECT spr round 2 (radius: 10)
[00:00:05 -4245.417243] AUTODETECT spr round 3 (radius: 15)
[00:00:06 -4241.694845] AUTODETECT spr round 4 (radius: 20)
[00:00:06 -4240.694696] AUTODETECT spr round 5 (radius: 25)
[00:00:06 -4240.502864] SPR radius for FAST iterations: 25 (autodetect)
[00:00:06 -4240.502864] Model parameter optimization (eps = 3.000000)
[00:00:06] [worker #1] ML tree search #10, logLikelihood: -3910.746101
[00:00:06] [worker #3] ML tree search #12, logLikelihood: -3915.039436
[00:00:06 -4134.507164] FAST spr round 1 (radius: 25)
[00:00:06] [worker #2] ML tree search #11, logLikelihood: -3915.039429
[00:00:06 -3929.263229] FAST spr round 2 (radius: 25)
[00:00:06 -3916.498257] FAST spr round 3 (radius: 25)
[00:00:06 -3916.497862] Model parameter optimization (eps = 1.000000)
[00:00:06 -3911.367392] SLOW spr round 1 (radius: 5)
[00:00:07 -3911.367359] SLOW spr round 2 (radius: 10)
[00:00:07 -3911.367359] SLOW spr round 3 (radius: 15)
[00:00:07 -3911.367359] SLOW spr round 4 (radius: 20)
[00:00:07] [worker #2] ML tree search #15, logLikelihood: -3911.367362
[00:00:07 -3911.367359] SLOW spr round 5 (radius: 25)
[00:00:07] [worker #3] ML tree search #16, logLikelihood: -3911.367427
[00:00:07 -3911.367359] Model parameter optimization (eps = 0.100000)

[00:00:07] [worker #0] ML tree search #9, logLikelihood: -3911.367324

[00:00:08] [worker #1] ML tree search #14, logLikelihood: -3915.658593
[00:00:08 -5013.105240] Initial branch length optimization
[00:00:08 -4153.256790] Model parameter optimization (eps = 10.000000)
[00:00:08 -3923.042460] AUTODETECT spr round 1 (radius: 5)
[00:00:08 -3915.364848] AUTODETECT spr round 2 (radius: 10)
[00:00:08 -3915.362921] SPR radius for FAST iterations: 5 (autodetect)
[00:00:08 -3915.362921] Model parameter optimization (eps = 3.000000)
[00:00:08 -3915.329444] FAST spr round 1 (radius: 5)
[00:00:08 -3915.040033] Model parameter optimization (eps = 1.000000)
[00:00:08 -3915.039640] SLOW spr round 1 (radius: 5)
[00:00:08 -3915.039436] SLOW spr round 2 (radius: 10)
[00:00:09 -3915.039436] SLOW spr round 3 (radius: 15)
[00:00:09] [worker #2] ML tree search #19, logLikelihood: -3910.746071
[00:00:09 -3915.039436] SLOW spr round 4 (radius: 20)
[00:00:09] [worker #3] ML tree search #20, logLikelihood: -3910.746094
[00:00:09 -3915.039436] SLOW spr round 5 (radius: 25)
[00:00:09] [worker #1] ML tree search #18, logLikelihood: -3915.658560
[00:00:09 -3915.039436] Model parameter optimization (eps = 0.100000)

[00:00:09] [worker #0] ML tree search #13, logLikelihood: -3915.039436

[00:00:09 -5023.721317] Initial branch length optimization
[00:00:09 -4176.592314] Model parameter optimization (eps = 10.000000)
[00:00:09 -3939.582274] AUTODETECT spr round 1 (radius: 5)
[00:00:09 -3915.846486] AUTODETECT spr round 2 (radius: 10)
[00:00:10 -3915.836146] SPR radius for FAST iterations: 5 (autodetect)
[00:00:10 -3915.836146] Model parameter optimization (eps = 3.000000)
[00:00:10 -3915.744394] FAST spr round 1 (radius: 5)
[00:00:10 -3915.668583] Model parameter optimization (eps = 1.000000)
[00:00:10 -3915.668236] SLOW spr round 1 (radius: 5)
[00:00:10 -3915.660632] SLOW spr round 2 (radius: 10)
[00:00:10 -3915.659057] SLOW spr round 3 (radius: 15)
[00:00:10 -3915.658691] SLOW spr round 4 (radius: 20)
[00:00:11 -3915.658613] SLOW spr round 5 (radius: 25)
[00:00:11 -3915.658597] Model parameter optimization (eps = 0.100000)

[00:00:11] [worker #0] ML tree search #17, logLikelihood: -3915.658564


Optimized model parameters:

   Partition 0: noname
   Rate heterogeneity: GAMMA (4 cats, mean),  alpha: 2.755884 (ML),  weights&rates: (0.250000,0.369448) (0.250000,0.717049) (0.250000,1.081013) (0.250000,1.832490) 
   Base frequencies (empirical): 0.337508 0.144865 0.210685 0.306941 
   Substitution rates (ML): 1.114254 3.941434 0.556843 0.691568 6.334752 1.000000 


Final LogLikelihood: -3910.746071

AIC score: 8013.492142 / AICc score: 8048.565588 / BIC score: 8439.975998
Free parameters (model + branch lengths): 96

WARNING: Best ML tree contains 7 near-zero branches!

Best ML tree with collapsed near-zero branches saved to: /data/jeremias/eucs/roadies/output/genes/gene_201_filtered.fa.aln.raxml.bestTreeCollapsed
Best ML tree saved to: /data/jeremias/eucs/roadies/output/genes/gene_201_filtered.fa.aln.raxml.bestTree
All ML trees saved to: /data/jeremias/eucs/roadies/output/genes/gene_201_filtered.fa.aln.raxml.mlTrees
Optimized model saved to: /data/jeremias/eucs/roadies/output/genes/gene_201_filtered.fa.aln.raxml.bestModel

Execution log saved to: /data/jeremias/eucs/roadies/output/genes/gene_201_filtered.fa.aln.raxml.log

Analysis started: 29-Jul-2024 16:50:58 / finished: 29-Jul-2024 16:51:09

Elapsed time: 11.191 seconds

