
RAxML-NG v. 1.2.2 released on 11.04.2024 by The Exelixis Lab.
Developed by: Alexey M. Kozlov and Alexandros Stamatakis.
Contributors: Diego Darriba, Tomas Flouri, Benoit Morel, Sarah Lutteropp, Ben Bettisworth, Julia Haag, Anastasis Togkousidis.
Latest version: https://github.com/amkozlov/raxml-ng
Questions/problems/suggestions? Please visit: https://groups.google.com/forum/#!forum/raxml

System: AMD EPYC 7742 64-Core Processor, 128 cores, 1007 GB RAM

RAxML-NG was called at 29-Jul-2024 16:54:44 as follows:

raxml-ng --msa /data/jeremias/eucs/roadies/output/genes/gene_237_filtered.fa.aln --model GTR+G+F --redo --threads auto{4} --blopt nr_safe

Analysis options:
  run mode: ML tree search
  start tree(s): random (10) + parsimony (10)
  random seed: 1722236084
  tip-inner: OFF
  pattern compression: ON
  per-rate scalers: OFF
  site repeats: ON
  logLH epsilon: general: 10.000000, brlen-triplet: 1000.000000
  fast spr radius: AUTO
  spr subtree cutoff: 1.000000
  fast CLV updates: ON
  branch lengths: proportional (ML estimate, algorithm: NR-SAFE)
  SIMD kernels: AVX2
  parallelization: coarse-grained (auto), PTHREADS (auto)

WARNING: Running in REDO mode: existing checkpoints are ignored, and all result files will be overwritten!

[00:00:00] Reading alignment from file: /data/jeremias/eucs/roadies/output/genes/gene_237_filtered.fa.aln
[00:00:00] Loaded alignment with 39 taxa and 504 sites

Alignment comprises 1 partitions and 122 patterns

Partition 0: noname
Model: GTR+FC+G4m
Alignment sites / patterns: 504 / 122
Gaps: 0.99 %
Invariant sites: 73.21 %


NOTE: Binary MSA file created: /data/jeremias/eucs/roadies/output/genes/gene_237_filtered.fa.aln.raxml.rba

Parallelization scheme autoconfig: 4 worker(s) x 1 thread(s)

[00:00:00] Generating 10 random starting tree(s) with 39 taxa
[00:00:00] Generating 10 parsimony starting tree(s) with 39 taxa
Parallel parsimony with 4 threads
Parallel reduction/worker buffer size: 1 KB  / 0 KB

[00:00:00] Data distribution: max. partitions/sites/weight per thread: 1 / 122 / 1952
[00:00:00] Data distribution: max. searches per worker: 5

Starting ML tree search with 20 distinct starting trees

[00:00:00 -3252.004447] Initial branch length optimization
[00:00:00 -2380.445373] Model parameter optimization (eps = 10.000000)
[00:00:00 -2241.091414] AUTODETECT spr round 1 (radius: 5)
[00:00:00 -2021.401278] AUTODETECT spr round 2 (radius: 10)
[00:00:00 -1860.470697] AUTODETECT spr round 3 (radius: 15)
[00:00:00 -1853.008674] AUTODETECT spr round 4 (radius: 20)
[00:00:00 -1852.974878] SPR radius for FAST iterations: 15 (autodetect)
[00:00:00 -1852.974878] Model parameter optimization (eps = 3.000000)
[00:00:00 -1841.471887] FAST spr round 1 (radius: 15)
[00:00:00 -1820.396581] FAST spr round 2 (radius: 15)
[00:00:00 -1820.295609] Model parameter optimization (eps = 1.000000)
[00:00:00 -1819.923803] SLOW spr round 1 (radius: 5)
[00:00:00 -1819.343574] SLOW spr round 2 (radius: 10)
[00:00:00 -1819.343534] SLOW spr round 3 (radius: 15)
[00:00:00 -1819.343533] SLOW spr round 4 (radius: 20)
[00:00:00 -1819.343533] SLOW spr round 5 (radius: 25)
[00:00:00 -1819.343533] Model parameter optimization (eps = 0.100000)

[00:00:00] [worker #0] ML tree search #1, logLikelihood: -1819.324330

[00:00:00 -3385.493041] Initial branch length optimization
[00:00:00 -2454.636113] Model parameter optimization (eps = 10.000000)
[00:00:00] [worker #3] ML tree search #4, logLikelihood: -1819.324083
[00:00:00 -2288.680314] AUTODETECT spr round 1 (radius: 5)
[00:00:00] [worker #2] ML tree search #3, logLikelihood: -1819.625555
[00:00:00] [worker #1] ML tree search #2, logLikelihood: -1819.436050
[00:00:00 -1985.500910] AUTODETECT spr round 2 (radius: 10)
[00:00:00 -1932.759792] AUTODETECT spr round 3 (radius: 15)
[00:00:00 -1932.376725] AUTODETECT spr round 4 (radius: 20)
[00:00:00 -1932.350009] SPR radius for FAST iterations: 15 (autodetect)
[00:00:00 -1932.350009] Model parameter optimization (eps = 3.000000)
[00:00:00 -1926.061136] FAST spr round 1 (radius: 15)
[00:00:01 -1918.283472] Model parameter optimization (eps = 1.000000)
[00:00:01 -1918.141440] SLOW spr round 1 (radius: 5)
[00:00:01 -1822.127427] SLOW spr round 2 (radius: 5)
[00:00:01 -1822.126741] SLOW spr round 3 (radius: 10)
[00:00:01] [worker #3] ML tree search #8, logLikelihood: -1819.147266
[00:00:01 -1822.126741] SLOW spr round 4 (radius: 15)
[00:00:01] [worker #2] ML tree search #7, logLikelihood: -1819.146763
[00:00:01 -1822.126741] SLOW spr round 5 (radius: 20)
[00:00:01 -1822.126741] SLOW spr round 6 (radius: 25)
[00:00:01 -1822.126741] Model parameter optimization (eps = 0.100000)
[00:00:01] [worker #1] ML tree search #6, logLikelihood: -1819.146872

[00:00:01] [worker #0] ML tree search #5, logLikelihood: -1819.147203

[00:00:01 -3363.050213] Initial branch length optimization
[00:00:01 -2461.523956] Model parameter optimization (eps = 10.000000)
[00:00:01 -2299.561887] AUTODETECT spr round 1 (radius: 5)
[00:00:01 -1878.782066] AUTODETECT spr round 2 (radius: 10)
[00:00:01 -1836.301637] AUTODETECT spr round 3 (radius: 15)
[00:00:02 -1836.193185] AUTODETECT spr round 4 (radius: 20)
[00:00:02 -1836.189027] SPR radius for FAST iterations: 15 (autodetect)
[00:00:02 -1836.189027] Model parameter optimization (eps = 3.000000)
[00:00:02 -1822.034721] FAST spr round 1 (radius: 15)
[00:00:02 -1819.561378] Model parameter optimization (eps = 1.000000)
[00:00:02 -1819.476264] SLOW spr round 1 (radius: 5)
[00:00:02] [worker #3] ML tree search #12, logLikelihood: -1819.507878
[00:00:02] [worker #2] ML tree search #11, logLikelihood: -1819.324031
[00:00:02 -1819.220925] SLOW spr round 2 (radius: 10)
[00:00:02 -1819.220744] SLOW spr round 3 (radius: 15)
[00:00:02 -1819.220744] SLOW spr round 4 (radius: 20)
[00:00:02 -1819.220744] SLOW spr round 5 (radius: 25)
[00:00:02 -1819.220744] Model parameter optimization (eps = 0.100000)

[00:00:02] [worker #0] ML tree search #9, logLikelihood: -1819.146921

[00:00:02 -2846.377677] Initial branch length optimization
[00:00:02] [worker #1] ML tree search #10, logLikelihood: -1819.146759
[00:00:02 -1904.908502] Model parameter optimization (eps = 10.000000)
[00:00:02 -1826.004080] AUTODETECT spr round 1 (radius: 5)
[00:00:02 -1821.459312] AUTODETECT spr round 2 (radius: 10)
[00:00:02 -1821.450462] SPR radius for FAST iterations: 5 (autodetect)
[00:00:02 -1821.450462] Model parameter optimization (eps = 3.000000)
[00:00:02 -1821.374906] FAST spr round 1 (radius: 5)
[00:00:02 -1820.424151] Model parameter optimization (eps = 1.000000)
[00:00:02 -1820.413331] SLOW spr round 1 (radius: 5)
[00:00:03] [worker #3] ML tree search #16, logLikelihood: -1819.120081
[00:00:03] [worker #2] ML tree search #15, logLikelihood: -1819.120082
[00:00:03 -1819.542367] SLOW spr round 2 (radius: 10)
[00:00:03 -1819.339106] SLOW spr round 3 (radius: 15)
[00:00:03] [worker #1] ML tree search #14, logLikelihood: -1819.387808
[00:00:03 -1819.339105] SLOW spr round 4 (radius: 20)
[00:00:03 -1819.339105] SLOW spr round 5 (radius: 25)
[00:00:03 -1819.339105] Model parameter optimization (eps = 0.100000)

[00:00:03] [worker #0] ML tree search #13, logLikelihood: -1819.324135

[00:00:03 -2849.527477] Initial branch length optimization
[00:00:03 -1909.721845] Model parameter optimization (eps = 10.000000)
[00:00:03 -1832.581955] AUTODETECT spr round 1 (radius: 5)
[00:00:03 -1819.748346] AUTODETECT spr round 2 (radius: 10)
[00:00:03 -1819.599134] AUTODETECT spr round 3 (radius: 15)
[00:00:03 -1819.590940] SPR radius for FAST iterations: 10 (autodetect)
[00:00:03 -1819.590940] Model parameter optimization (eps = 3.000000)
[00:00:03 -1819.417682] FAST spr round 1 (radius: 10)
[00:00:03 -1819.391437] Model parameter optimization (eps = 1.000000)
[00:00:03 -1819.382298] SLOW spr round 1 (radius: 5)
[00:00:03] [worker #3] ML tree search #20, logLikelihood: -1819.625705
[00:00:03] [worker #2] ML tree search #19, logLikelihood: -1819.465368
[00:00:03 -1819.382279] SLOW spr round 2 (radius: 10)
[00:00:03] [worker #1] ML tree search #18, logLikelihood: -1819.324345
[00:00:03 -1819.382279] SLOW spr round 3 (radius: 15)
[00:00:03 -1819.382279] SLOW spr round 4 (radius: 20)
[00:00:03 -1819.382279] SLOW spr round 5 (radius: 25)
[00:00:03 -1819.382279] Model parameter optimization (eps = 0.100000)

[00:00:03] [worker #0] ML tree search #17, logLikelihood: -1819.382278


Optimized model parameters:

   Partition 0: noname
   Rate heterogeneity: GAMMA (4 cats, mean),  alpha: 0.429865 (ML),  weights&rates: (0.250000,0.021248) (0.250000,0.203692) (0.250000,0.761676) (0.250000,3.013384) 
   Base frequencies (empirical): 0.272288 0.200349 0.220081 0.307281 
   Substitution rates (ML): 0.573259 4.465685 0.756704 0.530189 4.638259 1.000000 


Final LogLikelihood: -1819.120081

AIC score: 3806.240162 / AICc score: 3840.321308 / BIC score: 4160.936569
Free parameters (model + branch lengths): 84

WARNING: Best ML tree contains 18 near-zero branches!

Best ML tree with collapsed near-zero branches saved to: /data/jeremias/eucs/roadies/output/genes/gene_237_filtered.fa.aln.raxml.bestTreeCollapsed
Best ML tree saved to: /data/jeremias/eucs/roadies/output/genes/gene_237_filtered.fa.aln.raxml.bestTree
All ML trees saved to: /data/jeremias/eucs/roadies/output/genes/gene_237_filtered.fa.aln.raxml.mlTrees
Optimized model saved to: /data/jeremias/eucs/roadies/output/genes/gene_237_filtered.fa.aln.raxml.bestModel

Execution log saved to: /data/jeremias/eucs/roadies/output/genes/gene_237_filtered.fa.aln.raxml.log

Analysis started: 29-Jul-2024 16:54:44 / finished: 29-Jul-2024 16:54:48

Elapsed time: 3.885 seconds

