
RAxML-NG v. 1.2.2 released on 11.04.2024 by The Exelixis Lab.
Developed by: Alexey M. Kozlov and Alexandros Stamatakis.
Contributors: Diego Darriba, Tomas Flouri, Benoit Morel, Sarah Lutteropp, Ben Bettisworth, Julia Haag, Anastasis Togkousidis.
Latest version: https://github.com/amkozlov/raxml-ng
Questions/problems/suggestions? Please visit: https://groups.google.com/forum/#!forum/raxml

System: AMD EPYC 7742 64-Core Processor, 128 cores, 1007 GB RAM

RAxML-NG was called at 03-Jul-2024 18:22:49 as follows:

raxml-ng --msa /data/jeremias/eucs/roadies/output/genes/gene_249_filtered.fa.aln --model GTR+G+F --redo --threads auto{4} --blopt nr_safe

Analysis options:
  run mode: ML tree search
  start tree(s): random (10) + parsimony (10)
  random seed: 1719994969
  tip-inner: OFF
  pattern compression: ON
  per-rate scalers: OFF
  site repeats: ON
  logLH epsilon: general: 10.000000, brlen-triplet: 1000.000000
  fast spr radius: AUTO
  spr subtree cutoff: 1.000000
  fast CLV updates: ON
  branch lengths: proportional (ML estimate, algorithm: NR-SAFE)
  SIMD kernels: AVX2
  parallelization: coarse-grained (auto), PTHREADS (auto)

WARNING: Running in REDO mode: existing checkpoints are ignored, and all result files will be overwritten!

[00:00:00] Reading alignment from file: /data/jeremias/eucs/roadies/output/genes/gene_249_filtered.fa.aln
[00:00:00] Loaded alignment with 100 taxa and 614 sites

Alignment comprises 1 partitions and 577 patterns

Partition 0: noname
Model: GTR+FC+G4m
Alignment sites / patterns: 614 / 577
Gaps: 21.11 %
Invariant sites: 10.59 %


NOTE: Binary MSA file created: /data/jeremias/eucs/roadies/output/genes/gene_249_filtered.fa.aln.raxml.rba

Parallelization scheme autoconfig: 4 worker(s) x 1 thread(s)

[00:00:00] Generating 10 random starting tree(s) with 100 taxa
[00:00:00] Generating 10 parsimony starting tree(s) with 100 taxa
Parallel parsimony with 4 threads
Parallel reduction/worker buffer size: 1 KB  / 0 KB

[00:00:00] Data distribution: max. partitions/sites/weight per thread: 1 / 577 / 9232
[00:00:00] Data distribution: max. searches per worker: 5

Starting ML tree search with 20 distinct starting trees

[00:00:00 -35441.228662] Initial branch length optimization
[00:00:00 -31842.553121] Model parameter optimization (eps = 10.000000)
[00:00:01 -26437.936702] AUTODETECT spr round 1 (radius: 5)
[00:00:01 -20522.074823] AUTODETECT spr round 2 (radius: 10)
[00:00:02 -19182.876768] AUTODETECT spr round 3 (radius: 15)
[00:00:03 -18869.341299] AUTODETECT spr round 4 (radius: 20)
[00:00:04 -18861.949905] AUTODETECT spr round 5 (radius: 25)
[00:00:04 -18855.838905] SPR radius for FAST iterations: 25 (autodetect)
[00:00:04 -18855.838905] Model parameter optimization (eps = 3.000000)
[00:00:05 -18762.634294] FAST spr round 1 (radius: 25)
[00:00:06 -17597.225316] FAST spr round 2 (radius: 25)
[00:00:06 -17578.645514] FAST spr round 3 (radius: 25)
[00:00:07 -17577.728470] Model parameter optimization (eps = 1.000000)
[00:00:07 -17575.635779] SLOW spr round 1 (radius: 5)
[00:00:10 -17567.071562] SLOW spr round 2 (radius: 10)
[00:00:12 -17567.071555] SLOW spr round 3 (radius: 15)
[00:00:13] [worker #3] ML tree search #4, logLikelihood: -17566.622141
[00:00:15 -17567.071555] SLOW spr round 4 (radius: 20)
[00:00:16] [worker #2] ML tree search #3, logLikelihood: -17566.606223
[00:00:16 -17567.071555] SLOW spr round 5 (radius: 25)
[00:00:16 -17567.071555] Model parameter optimization (eps = 0.100000)

[00:00:16] [worker #0] ML tree search #1, logLikelihood: -17567.041504

[00:00:16 -35765.754157] Initial branch length optimization
[00:00:16 -32021.369398] Model parameter optimization (eps = 10.000000)
[00:00:17] [worker #1] ML tree search #2, logLikelihood: -17569.085577
[00:00:17 -26598.282726] AUTODETECT spr round 1 (radius: 5)
[00:00:17 -21474.017813] AUTODETECT spr round 2 (radius: 10)
[00:00:18 -18244.447476] AUTODETECT spr round 3 (radius: 15)
[00:00:19 -18239.082779] AUTODETECT spr round 4 (radius: 20)
[00:00:19 -18234.308622] AUTODETECT spr round 5 (radius: 25)
[00:00:20 -18229.439391] SPR radius for FAST iterations: 25 (autodetect)
[00:00:20 -18229.439391] Model parameter optimization (eps = 3.000000)
[00:00:20 -18112.273531] FAST spr round 1 (radius: 25)
[00:00:21 -17611.073476] FAST spr round 2 (radius: 25)
[00:00:22 -17572.868865] FAST spr round 3 (radius: 25)
[00:00:22 -17571.250260] Model parameter optimization (eps = 1.000000)
[00:00:22 -17570.166125] SLOW spr round 1 (radius: 5)
[00:00:24 -17567.131545] SLOW spr round 2 (radius: 10)
[00:00:25] [worker #3] ML tree search #8, logLikelihood: -17566.605504
[00:00:26 -17567.128613] SLOW spr round 3 (radius: 15)
[00:00:28 -17567.128002] SLOW spr round 4 (radius: 20)
[00:00:29 -17567.127818] SLOW spr round 5 (radius: 25)
[00:00:29 -17567.127762] Model parameter optimization (eps = 0.100000)

[00:00:29] [worker #0] ML tree search #5, logLikelihood: -17567.116796

[00:00:29 -35429.373339] Initial branch length optimization
[00:00:29 -31841.472997] Model parameter optimization (eps = 10.000000)
[00:00:30 -26510.697921] AUTODETECT spr round 1 (radius: 5)
[00:00:30 -21400.331223] AUTODETECT spr round 2 (radius: 10)
[00:00:31 -18788.748092] AUTODETECT spr round 3 (radius: 15)
[00:00:32 -18545.524884] AUTODETECT spr round 4 (radius: 20)
[00:00:32] [worker #2] ML tree search #7, logLikelihood: -17568.742271
[00:00:33 -18544.524691] AUTODETECT spr round 5 (radius: 25)
[00:00:33 -18544.134372] SPR radius for FAST iterations: 25 (autodetect)
[00:00:33 -18544.134372] Model parameter optimization (eps = 3.000000)
[00:00:33] [worker #1] ML tree search #6, logLikelihood: -17567.748141
[00:00:33 -18478.610060] FAST spr round 1 (radius: 25)
[00:00:34 -17587.463466] FAST spr round 2 (radius: 25)
[00:00:35 -17576.794797] FAST spr round 3 (radius: 25)
[00:00:35 -17574.075248] Model parameter optimization (eps = 1.000000)
[00:00:36 -17570.675399] SLOW spr round 1 (radius: 5)
[00:00:36] [worker #3] ML tree search #12, logLikelihood: -17568.980645
[00:00:38 -17568.704946] SLOW spr round 2 (radius: 10)
[00:00:39 -17568.699823] SLOW spr round 3 (radius: 15)
[00:00:42 -17568.699782] SLOW spr round 4 (radius: 20)
[00:00:42 -17568.699782] SLOW spr round 5 (radius: 25)
[00:00:42 -17568.699782] Model parameter optimization (eps = 0.100000)

[00:00:42] [worker #0] ML tree search #9, logLikelihood: -17568.691930

[00:00:42 -22236.385460] Initial branch length optimization
[00:00:42 -20628.530351] Model parameter optimization (eps = 10.000000)
[00:00:43 -17741.838459] AUTODETECT spr round 1 (radius: 5)
[00:00:43 -17578.773688] AUTODETECT spr round 2 (radius: 10)
[00:00:43] [worker #2] ML tree search #11, logLikelihood: -17568.139747
[00:00:44 -17578.561543] AUTODETECT spr round 3 (radius: 15)
[00:00:45 -17578.522856] SPR radius for FAST iterations: 10 (autodetect)
[00:00:45 -17578.522856] Model parameter optimization (eps = 3.000000)
[00:00:45 -17577.857051] FAST spr round 1 (radius: 10)
[00:00:46 -17569.533048] Model parameter optimization (eps = 1.000000)
[00:00:46 -17569.458077] SLOW spr round 1 (radius: 5)
[00:00:46] [worker #3] ML tree search #16, logLikelihood: -17569.288435
[00:00:48 -17567.086005] SLOW spr round 2 (radius: 10)
[00:00:48] [worker #1] ML tree search #10, logLikelihood: -17570.220433
[00:00:49 -17567.083061] SLOW spr round 3 (radius: 15)
[00:00:52 -17567.083008] SLOW spr round 4 (radius: 20)
[00:00:52 -17567.083003] SLOW spr round 5 (radius: 25)
[00:00:52 -17567.083002] Model parameter optimization (eps = 0.100000)

[00:00:52] [worker #0] ML tree search #13, logLikelihood: -17567.079590

[00:00:52 -22177.356031] Initial branch length optimization
[00:00:52 -20575.653125] Model parameter optimization (eps = 10.000000)
[00:00:53 -17686.589666] AUTODETECT spr round 1 (radius: 5)
[00:00:53 -17580.184793] AUTODETECT spr round 2 (radius: 10)
[00:00:54 -17578.898606] AUTODETECT spr round 3 (radius: 15)
[00:00:55 -17578.820034] SPR radius for FAST iterations: 10 (autodetect)
[00:00:55 -17578.820034] Model parameter optimization (eps = 3.000000)
[00:00:55 -17578.586804] FAST spr round 1 (radius: 10)
[00:00:56 -17571.242249] Model parameter optimization (eps = 1.000000)
[00:00:56 -17571.222788] SLOW spr round 1 (radius: 5)
[00:00:56] [worker #2] ML tree search #15, logLikelihood: -17570.155243
[00:00:56] [worker #3] ML tree search #20, logLikelihood: -17568.128088
[00:00:57 -17567.092172] SLOW spr round 2 (radius: 10)
[00:00:59] [worker #1] ML tree search #14, logLikelihood: -17567.766351
[00:00:59 -17567.091221] SLOW spr round 3 (radius: 15)
[00:01:01 -17567.091172] SLOW spr round 4 (radius: 20)
[00:01:02 -17567.091169] SLOW spr round 5 (radius: 25)
[00:01:02 -17567.091168] Model parameter optimization (eps = 0.100000)

[00:01:02] [worker #0] ML tree search #17, logLikelihood: -17567.074188

[00:01:09] [worker #2] ML tree search #19, logLikelihood: -17567.814572
[00:01:10] [worker #1] ML tree search #18, logLikelihood: -17566.622360

Optimized model parameters:

   Partition 0: noname
   Rate heterogeneity: GAMMA (4 cats, mean),  alpha: 1.367940 (ML),  weights&rates: (0.250000,0.204182) (0.250000,0.564990) (0.250000,1.041623) (0.250000,2.189204) 
   Base frequencies (empirical): 0.189149 0.201371 0.412486 0.196994 
   Substitution rates (ML): 1.726752 16.199893 1.552246 0.662024 22.521170 1.000000 


Final LogLikelihood: -17566.605504

AIC score: 35545.211007 / AICc score: 35754.754005 / BIC score: 36455.729963
Free parameters (model + branch lengths): 206

WARNING: Best ML tree contains 1 near-zero branches!

Best ML tree with collapsed near-zero branches saved to: /data/jeremias/eucs/roadies/output/genes/gene_249_filtered.fa.aln.raxml.bestTreeCollapsed
Best ML tree saved to: /data/jeremias/eucs/roadies/output/genes/gene_249_filtered.fa.aln.raxml.bestTree
All ML trees saved to: /data/jeremias/eucs/roadies/output/genes/gene_249_filtered.fa.aln.raxml.mlTrees
Optimized model saved to: /data/jeremias/eucs/roadies/output/genes/gene_249_filtered.fa.aln.raxml.bestModel

Execution log saved to: /data/jeremias/eucs/roadies/output/genes/gene_249_filtered.fa.aln.raxml.log

Analysis started: 03-Jul-2024 18:22:49 / finished: 03-Jul-2024 18:23:59

Elapsed time: 70.203 seconds

