
RAxML-NG v. 1.2.2 released on 11.04.2024 by The Exelixis Lab.
Developed by: Alexey M. Kozlov and Alexandros Stamatakis.
Contributors: Diego Darriba, Tomas Flouri, Benoit Morel, Sarah Lutteropp, Ben Bettisworth, Julia Haag, Anastasis Togkousidis.
Latest version: https://github.com/amkozlov/raxml-ng
Questions/problems/suggestions? Please visit: https://groups.google.com/forum/#!forum/raxml

System: AMD EPYC 7742 64-Core Processor, 128 cores, 1007 GB RAM

RAxML-NG was called at 29-Jul-2024 15:24:51 as follows:

raxml-ng --msa /data/jeremias/eucs/roadies/output/genes/gene_169_filtered.fa.aln --model GTR+G+F --redo --threads auto{4} --blopt nr_safe

Analysis options:
  run mode: ML tree search
  start tree(s): random (10) + parsimony (10)
  random seed: 1722230691
  tip-inner: OFF
  pattern compression: ON
  per-rate scalers: OFF
  site repeats: ON
  logLH epsilon: general: 10.000000, brlen-triplet: 1000.000000
  fast spr radius: AUTO
  spr subtree cutoff: 1.000000
  fast CLV updates: ON
  branch lengths: proportional (ML estimate, algorithm: NR-SAFE)
  SIMD kernels: AVX2
  parallelization: coarse-grained (auto), PTHREADS (auto)

WARNING: Running in REDO mode: existing checkpoints are ignored, and all result files will be overwritten!

[00:00:00] Reading alignment from file: /data/jeremias/eucs/roadies/output/genes/gene_169_filtered.fa.aln
[00:00:00] Loaded alignment with 360 taxa and 498 sites

WARNING: Sequences E_sideroxylon_7 and E_paniculata_7 are exactly identical!
WARNING: Duplicate sequences found: 1

NOTE: Reduced alignment (with duplicates and gap-only sites/taxa removed) 
NOTE: was saved to: /data/jeremias/eucs/roadies/output/genes/gene_169_filtered.fa.aln.raxml.reduced.phy

Alignment comprises 1 partitions and 483 patterns

Partition 0: noname
Model: GTR+FC+G4m
Alignment sites / patterns: 498 / 483
Gaps: 0.29 %
Invariant sites: 5.02 %


NOTE: Binary MSA file created: /data/jeremias/eucs/roadies/output/genes/gene_169_filtered.fa.aln.raxml.rba

Parallelization scheme autoconfig: 4 worker(s) x 1 thread(s)

[00:00:00] Generating 10 random starting tree(s) with 360 taxa
[00:00:00] Generating 10 parsimony starting tree(s) with 360 taxa
Parallel parsimony with 4 threads
Parallel reduction/worker buffer size: 1 KB  / 0 KB

[00:00:00] Data distribution: max. partitions/sites/weight per thread: 1 / 483 / 7728
[00:00:00] Data distribution: max. searches per worker: 5

Starting ML tree search with 20 distinct starting trees

[00:00:00 -89067.737437] Initial branch length optimization
[00:00:00 -77325.648461] Model parameter optimization (eps = 10.000000)
[00:00:02 -68749.343758] AUTODETECT spr round 1 (radius: 5)
[00:00:03 -51958.418519] AUTODETECT spr round 2 (radius: 10)
[00:00:06 -40701.091796] AUTODETECT spr round 3 (radius: 15)
[00:00:12 -36157.686712] AUTODETECT spr round 4 (radius: 20)
[00:00:21 -35654.992721] AUTODETECT spr round 5 (radius: 25)
[00:00:29 -35654.102641] SPR radius for FAST iterations: 25 (autodetect)
[00:00:29 -35654.102641] Model parameter optimization (eps = 3.000000)
[00:00:30 -35525.234179] FAST spr round 1 (radius: 25)
[00:00:34 -31371.010459] FAST spr round 2 (radius: 25)
[00:00:36 -31083.435605] FAST spr round 3 (radius: 25)
[00:00:39 -31064.307746] FAST spr round 4 (radius: 25)
[00:00:40 -31059.485679] Model parameter optimization (eps = 1.000000)
[00:00:40 -31055.442926] SLOW spr round 1 (radius: 5)
[00:00:46 -31027.696312] SLOW spr round 2 (radius: 5)
[00:00:51 -31027.693516] SLOW spr round 3 (radius: 10)
[00:00:55 -31027.693482] SLOW spr round 4 (radius: 15)
[00:01:02 -31027.693481] SLOW spr round 5 (radius: 20)
[00:01:10] [worker #3] ML tree search #4, logLikelihood: -31025.317257
[00:01:11 -31027.693481] SLOW spr round 6 (radius: 25)
[00:01:12] [worker #1] ML tree search #2, logLikelihood: -31026.437253
[00:01:14] [worker #2] ML tree search #3, logLikelihood: -31025.461761
[00:01:22 -31027.693481] Model parameter optimization (eps = 0.100000)

[00:01:22] [worker #0] ML tree search #1, logLikelihood: -31027.542895

[00:01:22 -89523.057849] Initial branch length optimization
[00:01:23 -77824.240657] Model parameter optimization (eps = 10.000000)
[00:01:25 -69275.154364] AUTODETECT spr round 1 (radius: 5)
[00:01:26 -51219.438604] AUTODETECT spr round 2 (radius: 10)
[00:01:29 -41711.204272] AUTODETECT spr round 3 (radius: 15)
[00:01:34 -35406.952585] AUTODETECT spr round 4 (radius: 20)
[00:01:40 -34490.533975] AUTODETECT spr round 5 (radius: 25)
[00:01:46 -34489.202998] SPR radius for FAST iterations: 25 (autodetect)
[00:01:46 -34489.202998] Model parameter optimization (eps = 3.000000)
[00:01:47 -34350.838872] FAST spr round 1 (radius: 25)
[00:01:51 -31135.935671] FAST spr round 2 (radius: 25)
[00:01:53 -31051.828962] FAST spr round 3 (radius: 25)
[00:01:55 -31045.584386] Model parameter optimization (eps = 1.000000)
[00:01:56 -31043.824194] SLOW spr round 1 (radius: 5)
[00:02:01 -31031.240917] SLOW spr round 2 (radius: 5)
[00:02:06 -31027.714958] SLOW spr round 3 (radius: 10)
[00:02:10 -31027.714339] SLOW spr round 4 (radius: 15)
[00:02:17 -31027.714329] SLOW spr round 5 (radius: 20)
[00:02:23] [worker #1] ML tree search #6, logLikelihood: -31028.494875
[00:02:28 -31027.714329] SLOW spr round 6 (radius: 25)
[00:02:28] [worker #3] ML tree search #8, logLikelihood: -31027.715073
[00:02:29] [worker #2] ML tree search #7, logLikelihood: -31028.984445
[00:02:40 -31027.714329] Model parameter optimization (eps = 0.100000)

[00:02:40] [worker #0] ML tree search #5, logLikelihood: -31027.691225

[00:02:40 -88972.688900] Initial branch length optimization
[00:02:40 -77490.517490] Model parameter optimization (eps = 10.000000)
[00:02:42 -68824.067643] AUTODETECT spr round 1 (radius: 5)
[00:02:44 -52645.565072] AUTODETECT spr round 2 (radius: 10)
[00:02:46 -39864.019310] AUTODETECT spr round 3 (radius: 15)
[00:02:50 -38240.150057] AUTODETECT spr round 4 (radius: 20)
[00:02:56 -36091.644939] AUTODETECT spr round 5 (radius: 25)
[00:03:03 -36090.193369] SPR radius for FAST iterations: 25 (autodetect)
[00:03:08 -36090.193369] Model parameter optimization (eps = 3.000000)
[00:03:10 -35947.850671] FAST spr round 1 (radius: 25)
[00:03:14 -31328.873837] FAST spr round 2 (radius: 25)
[00:03:16 -31055.276405] FAST spr round 3 (radius: 25)
[00:03:18 -31041.960933] FAST spr round 4 (radius: 25)
[00:03:20 -31040.985569] Model parameter optimization (eps = 1.000000)
[00:03:21 -31037.325723] SLOW spr round 1 (radius: 5)
[00:03:28 -31028.031665] SLOW spr round 2 (radius: 10)
[00:03:33 -31028.031645] SLOW spr round 3 (radius: 15)
[00:03:37] [worker #2] ML tree search #11, logLikelihood: -30881.540227
[00:03:41 -31028.031645] SLOW spr round 4 (radius: 20)
[00:03:44] [worker #3] ML tree search #12, logLikelihood: -30884.523868
[00:03:52 -31028.031645] SLOW spr round 5 (radius: 25)
[00:03:57] [worker #1] ML tree search #10, logLikelihood: -31028.125996
[00:04:06 -31028.031645] Model parameter optimization (eps = 0.100000)

[00:04:06] [worker #0] ML tree search #9, logLikelihood: -31028.028278

[00:04:06 -39488.628355] Initial branch length optimization
[00:04:07 -35622.934934] Model parameter optimization (eps = 10.000000)
[00:04:10 -31302.540667] AUTODETECT spr round 1 (radius: 5)
[00:04:12 -30936.589463] AUTODETECT spr round 2 (radius: 10)
[00:04:16 -30931.306001] AUTODETECT spr round 3 (radius: 15)
[00:04:21 -30931.236624] SPR radius for FAST iterations: 10 (autodetect)
[00:04:21 -30931.236624] Model parameter optimization (eps = 3.000000)
[00:04:22 -30929.773463] FAST spr round 1 (radius: 10)
[00:04:25 -30903.143255] FAST spr round 2 (radius: 10)
[00:04:28 -30900.140506] Model parameter optimization (eps = 1.000000)
[00:04:28 -30900.074441] SLOW spr round 1 (radius: 5)
[00:04:38 -30886.755986] SLOW spr round 2 (radius: 5)
[00:04:45 -30886.163827] SLOW spr round 3 (radius: 10)
[00:04:49 -30886.163813] SLOW spr round 4 (radius: 15)
[00:04:55] [worker #2] ML tree search #15, logLikelihood: -30882.175274
[00:04:57 -30886.163813] SLOW spr round 5 (radius: 20)
[00:05:02] [worker #3] ML tree search #16, logLikelihood: -30887.055273
[00:05:07 -30886.163813] SLOW spr round 6 (radius: 25)
[00:05:12] [worker #1] ML tree search #14, logLikelihood: -30883.823435
[00:05:19 -30886.163813] Model parameter optimization (eps = 0.100000)

[00:05:19] [worker #0] ML tree search #13, logLikelihood: -30886.120138

[00:05:19 -39345.474683] Initial branch length optimization
[00:05:19 -35534.007681] Model parameter optimization (eps = 10.000000)
[00:05:22 -31209.261673] AUTODETECT spr round 1 (radius: 5)
[00:05:24 -30902.256303] AUTODETECT spr round 2 (radius: 10)
[00:05:29 -30898.078627] AUTODETECT spr round 3 (radius: 15)
[00:05:34 -30898.070258] SPR radius for FAST iterations: 10 (autodetect)
[00:05:34 -30898.070258] Model parameter optimization (eps = 3.000000)
[00:05:34 -30897.142441] FAST spr round 1 (radius: 10)
[00:05:37 -30892.041188] Model parameter optimization (eps = 1.000000)
[00:05:38 -30891.994256] SLOW spr round 1 (radius: 5)
[00:05:46 -30883.808749] SLOW spr round 2 (radius: 10)
[00:05:51 -30883.807404] SLOW spr round 3 (radius: 15)
[00:05:59 -30883.807355] SLOW spr round 4 (radius: 20)
[00:06:09 -30883.807354] SLOW spr round 5 (radius: 25)
[00:06:09] [worker #2] ML tree search #19, logLikelihood: -30883.079085
[00:06:09] [worker #3] ML tree search #20, logLikelihood: -30882.476629
[00:06:18] [worker #1] ML tree search #18, logLikelihood: -30885.520653
[00:06:21 -30883.807354] Model parameter optimization (eps = 0.100000)

[00:06:21] [worker #0] ML tree search #17, logLikelihood: -30883.797619


Optimized model parameters:

   Partition 0: noname
   Rate heterogeneity: GAMMA (4 cats, mean),  alpha: 0.893704 (ML),  weights&rates: (0.250000,0.115288) (0.250000,0.442293) (0.250000,0.979884) (0.250000,2.462535) 
   Base frequencies (empirical): 0.202438 0.267627 0.260103 0.269832 
   Substitution rates (ML): 1.024143 14.797205 1.674027 0.477063 10.575704 1.000000 


Final LogLikelihood: -30881.540227

AIC score: 63215.080454 / AICc score: 1118819.080454 / BIC score: 66271.976110
Free parameters (model + branch lengths): 726

WARNING: Number of free parameters (K=726) is larger than alignment size (n=498).
         This might lead to overfitting and compromise tree inference results!


WARNING: Best ML tree contains 57 near-zero branches!

Best ML tree with collapsed near-zero branches saved to: /data/jeremias/eucs/roadies/output/genes/gene_169_filtered.fa.aln.raxml.bestTreeCollapsed
Best ML tree saved to: /data/jeremias/eucs/roadies/output/genes/gene_169_filtered.fa.aln.raxml.bestTree
All ML trees saved to: /data/jeremias/eucs/roadies/output/genes/gene_169_filtered.fa.aln.raxml.mlTrees
Optimized model saved to: /data/jeremias/eucs/roadies/output/genes/gene_169_filtered.fa.aln.raxml.bestModel

Execution log saved to: /data/jeremias/eucs/roadies/output/genes/gene_169_filtered.fa.aln.raxml.log

Analysis started: 29-Jul-2024 15:24:51 / finished: 29-Jul-2024 15:31:13

Elapsed time: 381.938 seconds

