
RAxML-NG v. 1.2.2 released on 11.04.2024 by The Exelixis Lab.
Developed by: Alexey M. Kozlov and Alexandros Stamatakis.
Contributors: Diego Darriba, Tomas Flouri, Benoit Morel, Sarah Lutteropp, Ben Bettisworth, Julia Haag, Anastasis Togkousidis.
Latest version: https://github.com/amkozlov/raxml-ng
Questions/problems/suggestions? Please visit: https://groups.google.com/forum/#!forum/raxml

System: AMD EPYC 7742 64-Core Processor, 128 cores, 1007 GB RAM

RAxML-NG was called at 29-Jul-2024 17:35:42 as follows:

raxml-ng --msa /data/jeremias/eucs/roadies/output/genes/gene_115_filtered.fa.aln --model GTR+G+F --redo --threads auto{4} --blopt nr_safe

Analysis options:
  run mode: ML tree search
  start tree(s): random (10) + parsimony (10)
  random seed: 1722238542
  tip-inner: OFF
  pattern compression: ON
  per-rate scalers: OFF
  site repeats: ON
  logLH epsilon: general: 10.000000, brlen-triplet: 1000.000000
  fast spr radius: AUTO
  spr subtree cutoff: 1.000000
  fast CLV updates: ON
  branch lengths: proportional (ML estimate, algorithm: NR-SAFE)
  SIMD kernels: AVX2
  parallelization: coarse-grained (auto), PTHREADS (auto)

WARNING: Running in REDO mode: existing checkpoints are ignored, and all result files will be overwritten!

[00:00:00] Reading alignment from file: /data/jeremias/eucs/roadies/output/genes/gene_115_filtered.fa.aln
[00:00:00] Loaded alignment with 360 taxa and 585 sites

WARNING: Sequences E_coolabah_9 and E_victrix_4 are exactly identical!
WARNING: Sequences E_shirleyi_7 and E_sid_E_mel_8 are exactly identical!
WARNING: Sequences E_shirleyi_7 and E_sideroxylon_5 are exactly identical!
WARNING: Sequences E_shirleyi_7 and E_melliodora_6 are exactly identical!
WARNING: Sequences E_dawsonii_8 and E_polyanthemos_7 are exactly identical!
WARNING: Sequences E_sid_E_mel_9 and E_polyanthemos_9 are exactly identical!
WARNING: Sequences E_fibrosa_9 and E_sideroxylon_9 are exactly identical!
WARNING: Sequences E_ANBG9806169_7 and E_ANBG9806169_8 are exactly identical!
WARNING: Duplicate sequences found: 8

NOTE: Reduced alignment (with duplicates and gap-only sites/taxa removed) 
NOTE: was saved to: /data/jeremias/eucs/roadies/output/genes/gene_115_filtered.fa.aln.raxml.reduced.phy

Alignment comprises 1 partitions and 502 patterns

Partition 0: noname
Model: GTR+FC+G4m
Alignment sites / patterns: 585 / 502
Gaps: 14.76 %
Invariant sites: 16.07 %


NOTE: Binary MSA file created: /data/jeremias/eucs/roadies/output/genes/gene_115_filtered.fa.aln.raxml.rba

Parallelization scheme autoconfig: 4 worker(s) x 1 thread(s)

[00:00:00] Generating 10 random starting tree(s) with 360 taxa
[00:00:00] Generating 10 parsimony starting tree(s) with 360 taxa
Parallel parsimony with 4 threads
Parallel reduction/worker buffer size: 1 KB  / 0 KB

[00:00:00] Data distribution: max. partitions/sites/weight per thread: 1 / 502 / 8032
[00:00:00] Data distribution: max. searches per worker: 5

Starting ML tree search with 20 distinct starting trees

[00:00:00 -76375.774232] Initial branch length optimization
[00:00:00 -58512.673984] Model parameter optimization (eps = 10.000000)
[00:00:05 -52796.661101] AUTODETECT spr round 1 (radius: 5)
[00:00:06 -33245.707897] AUTODETECT spr round 2 (radius: 10)
[00:00:10 -21037.412366] AUTODETECT spr round 3 (radius: 15)
[00:00:14 -17492.974943] AUTODETECT spr round 4 (radius: 20)
[00:00:20 -17376.453866] AUTODETECT spr round 5 (radius: 25)
[00:00:31 -17376.367316] SPR radius for FAST iterations: 20 (autodetect)
[00:00:31 -17376.367316] Model parameter optimization (eps = 3.000000)
[00:00:34 -17131.121860] FAST spr round 1 (radius: 20)
[00:00:37 -15365.654231] FAST spr round 2 (radius: 20)
[00:00:40 -15321.061238] FAST spr round 3 (radius: 20)
[00:00:42 -15317.883964] Model parameter optimization (eps = 1.000000)
[00:00:42 -15314.544723] SLOW spr round 1 (radius: 5)
[00:00:48 -15313.601018] SLOW spr round 2 (radius: 10)
[00:00:52 -15306.267278] SLOW spr round 3 (radius: 15)
[00:01:03 -15306.263871] SLOW spr round 4 (radius: 20)
[00:01:16 -15306.263740] SLOW spr round 5 (radius: 25)
[00:01:36 -15306.263731] Model parameter optimization (eps = 0.100000)

[00:01:36] [worker #0] ML tree search #1, logLikelihood: -15306.248461

[00:01:36 -76731.812541] Initial branch length optimization
[00:01:37 -58316.176497] Model parameter optimization (eps = 10.000000)
[00:01:43] [worker #2] ML tree search #3, logLikelihood: -15284.729498
[00:01:44 -52500.379936] AUTODETECT spr round 1 (radius: 5)
[00:01:47 -33950.744014] AUTODETECT spr round 2 (radius: 10)
[00:01:49] [worker #1] ML tree search #2, logLikelihood: -15295.229422
[00:01:51] [worker #3] ML tree search #4, logLikelihood: -15296.623295
[00:01:53 -20505.127279] AUTODETECT spr round 3 (radius: 15)
[00:01:59 -18177.519477] AUTODETECT spr round 4 (radius: 20)
[00:02:05 -17536.413509] AUTODETECT spr round 5 (radius: 25)
[00:02:11 -17529.667140] SPR radius for FAST iterations: 25 (autodetect)
[00:02:11 -17529.667140] Model parameter optimization (eps = 3.000000)
[00:02:13 -17276.853682] FAST spr round 1 (radius: 25)
[00:02:16 -15510.189279] FAST spr round 2 (radius: 25)
[00:02:18 -15303.228021] FAST spr round 3 (radius: 25)
[00:02:20 -15301.175569] Model parameter optimization (eps = 1.000000)
[00:02:21 -15297.108752] SLOW spr round 1 (radius: 5)
[00:02:26 -15293.624717] SLOW spr round 2 (radius: 10)
[00:02:30 -15293.624613] SLOW spr round 3 (radius: 15)
[00:02:40 -15293.624603] SLOW spr round 4 (radius: 20)
[00:02:52 -15293.624601] SLOW spr round 5 (radius: 25)
[00:03:13 -15293.624601] Model parameter optimization (eps = 0.100000)

[00:03:14] [worker #0] ML tree search #5, logLikelihood: -15293.608798

[00:03:14 -76555.285489] Initial branch length optimization
[00:03:14 -58364.905960] Model parameter optimization (eps = 10.000000)
[00:03:19 -52755.380460] AUTODETECT spr round 1 (radius: 5)
[00:03:21] [worker #2] ML tree search #7, logLikelihood: -15288.935999
[00:03:21 -34213.094333] AUTODETECT spr round 2 (radius: 10)
[00:03:24] [worker #1] ML tree search #6, logLikelihood: -15293.766067
[00:03:26 -24499.645118] AUTODETECT spr round 3 (radius: 15)
[00:03:31 -20506.528518] AUTODETECT spr round 4 (radius: 20)
[00:03:36 -18627.572450] AUTODETECT spr round 5 (radius: 25)
[00:03:38] [worker #3] ML tree search #8, logLikelihood: -15300.810916
[00:03:45 -17275.677775] SPR radius for FAST iterations: 25 (autodetect)
[00:03:45 -17275.677775] Model parameter optimization (eps = 3.000000)
[00:03:47 -17021.911801] FAST spr round 1 (radius: 25)
[00:03:51 -15428.150160] FAST spr round 2 (radius: 25)
[00:03:55 -15318.858348] FAST spr round 3 (radius: 25)
[00:03:57 -15318.855273] Model parameter optimization (eps = 1.000000)
[00:03:57 -15316.068841] SLOW spr round 1 (radius: 5)
[00:04:04 -15309.827742] SLOW spr round 2 (radius: 10)
[00:04:09 -15297.022764] SLOW spr round 3 (radius: 5)
[00:04:18 -15297.022515] SLOW spr round 4 (radius: 10)
[00:04:24 -15297.022504] SLOW spr round 5 (radius: 15)
[00:04:35 -15297.022503] SLOW spr round 6 (radius: 20)
[00:04:53 -15297.022502] SLOW spr round 7 (radius: 25)
[00:04:55] [worker #1] ML tree search #10, logLikelihood: -15282.931207
[00:05:04] [worker #3] ML tree search #12, logLikelihood: -15283.874403
[00:05:04] [worker #2] ML tree search #11, logLikelihood: -15292.488361
[00:05:12 -15297.022502] Model parameter optimization (eps = 0.100000)

[00:05:13] [worker #0] ML tree search #9, logLikelihood: -15296.988095

[00:05:13 -20554.479684] Initial branch length optimization
[00:05:13 -16234.187405] Model parameter optimization (eps = 10.000000)
[00:05:14 -15485.023014] AUTODETECT spr round 1 (radius: 5)
[00:05:16 -15336.795498] AUTODETECT spr round 2 (radius: 10)
[00:05:20 -15317.384478] AUTODETECT spr round 3 (radius: 15)
[00:05:26 -15317.055795] AUTODETECT spr round 4 (radius: 20)
[00:05:34 -15316.565875] AUTODETECT spr round 5 (radius: 25)
[00:05:42 -15316.395963] SPR radius for FAST iterations: 25 (autodetect)
[00:05:42 -15316.395963] Model parameter optimization (eps = 3.000000)
[00:05:42 -15315.869066] FAST spr round 1 (radius: 25)
[00:05:44 -15301.287584] FAST spr round 2 (radius: 25)
[00:05:46 -15296.267060] Model parameter optimization (eps = 1.000000)
[00:05:46 -15296.238335] SLOW spr round 1 (radius: 5)
[00:05:52 -15291.942550] SLOW spr round 2 (radius: 10)
[00:05:56 -15291.942442] SLOW spr round 3 (radius: 15)
[00:06:08 -15291.942433] SLOW spr round 4 (radius: 20)
[00:06:22 -15291.942433] SLOW spr round 5 (radius: 25)
[00:06:24] [worker #3] ML tree search #16, logLikelihood: -15294.543563
[00:06:26] [worker #2] ML tree search #15, logLikelihood: -15294.562769
[00:06:27] [worker #1] ML tree search #14, logLikelihood: -15288.680522
[00:06:41 -15291.942433] Model parameter optimization (eps = 0.100000)

[00:06:42] [worker #0] ML tree search #13, logLikelihood: -15291.936126

[00:06:42 -20547.416135] Initial branch length optimization
[00:06:42 -16185.569399] Model parameter optimization (eps = 10.000000)
[00:06:43 -15438.584305] AUTODETECT spr round 1 (radius: 5)
[00:06:44 -15324.586161] AUTODETECT spr round 2 (radius: 10)
[00:06:48 -15314.557514] AUTODETECT spr round 3 (radius: 15)
[00:06:54 -15314.266315] AUTODETECT spr round 4 (radius: 20)
[00:07:02 -15314.220177] SPR radius for FAST iterations: 15 (autodetect)
[00:07:02 -15314.220177] Model parameter optimization (eps = 3.000000)
[00:07:02 -15313.781012] FAST spr round 1 (radius: 15)
[00:07:04 -15301.131478] FAST spr round 2 (radius: 15)
[00:07:05 -15300.649475] Model parameter optimization (eps = 1.000000)
[00:07:05 -15300.645046] SLOW spr round 1 (radius: 5)
[00:07:10 -15295.128946] SLOW spr round 2 (radius: 10)
[00:07:14 -15295.128316] SLOW spr round 3 (radius: 15)
[00:07:23 -15295.128284] SLOW spr round 4 (radius: 20)
[00:07:34] [worker #3] ML tree search #20, logLikelihood: -15281.089065
[00:07:36] [worker #2] ML tree search #19, logLikelihood: -15297.402495
[00:07:38 -15295.128282] SLOW spr round 5 (radius: 25)
[00:07:41] [worker #1] ML tree search #18, logLikelihood: -15288.993684
[00:07:52 -15295.128282] Model parameter optimization (eps = 0.100000)

[00:07:53] [worker #0] ML tree search #17, logLikelihood: -15295.060834


Optimized model parameters:

   Partition 0: noname
   Rate heterogeneity: GAMMA (4 cats, mean),  alpha: 1.032428 (ML),  weights&rates: (0.250000,0.143378) (0.250000,0.486286) (0.250000,1.005172) (0.250000,2.365163) 
   Base frequencies (empirical): 0.137201 0.441710 0.227395 0.193694 
   Substitution rates (ML): 0.898909 6.655885 1.399993 0.586394 2.769291 1.000000 


Final LogLikelihood: -15281.089065

AIC score: 32014.178131 / AICc score: 1087618.178131 / BIC score: 35187.968332
Free parameters (model + branch lengths): 726

WARNING: Number of free parameters (K=726) is larger than alignment size (n=585).
         This might lead to overfitting and compromise tree inference results!


WARNING: Best ML tree contains 98 near-zero branches!

Best ML tree with collapsed near-zero branches saved to: /data/jeremias/eucs/roadies/output/genes/gene_115_filtered.fa.aln.raxml.bestTreeCollapsed
Best ML tree saved to: /data/jeremias/eucs/roadies/output/genes/gene_115_filtered.fa.aln.raxml.bestTree
All ML trees saved to: /data/jeremias/eucs/roadies/output/genes/gene_115_filtered.fa.aln.raxml.mlTrees
Optimized model saved to: /data/jeremias/eucs/roadies/output/genes/gene_115_filtered.fa.aln.raxml.bestModel

Execution log saved to: /data/jeremias/eucs/roadies/output/genes/gene_115_filtered.fa.aln.raxml.log

Analysis started: 29-Jul-2024 17:35:42 / finished: 29-Jul-2024 17:43:35

Elapsed time: 473.161 seconds

