
RAxML-NG v. 1.2.2 released on 11.04.2024 by The Exelixis Lab.
Developed by: Alexey M. Kozlov and Alexandros Stamatakis.
Contributors: Diego Darriba, Tomas Flouri, Benoit Morel, Sarah Lutteropp, Ben Bettisworth, Julia Haag, Anastasis Togkousidis.
Latest version: https://github.com/amkozlov/raxml-ng
Questions/problems/suggestions? Please visit: https://groups.google.com/forum/#!forum/raxml

System: AMD EPYC 7742 64-Core Processor, 128 cores, 1007 GB RAM

RAxML-NG was called at 29-Jul-2024 17:06:09 as follows:

raxml-ng --msa /data/jeremias/eucs/roadies/output/genes/gene_14_filtered.fa.aln --model GTR+G+F --redo --threads auto{4} --blopt nr_safe

Analysis options:
  run mode: ML tree search
  start tree(s): random (10) + parsimony (10)
  random seed: 1722236769
  tip-inner: OFF
  pattern compression: ON
  per-rate scalers: OFF
  site repeats: ON
  logLH epsilon: general: 10.000000, brlen-triplet: 1000.000000
  fast spr radius: AUTO
  spr subtree cutoff: 1.000000
  fast CLV updates: ON
  branch lengths: proportional (ML estimate, algorithm: NR-SAFE)
  SIMD kernels: AVX2
  parallelization: coarse-grained (auto), PTHREADS (auto)

WARNING: Running in REDO mode: existing checkpoints are ignored, and all result files will be overwritten!

[00:00:00] Reading alignment from file: /data/jeremias/eucs/roadies/output/genes/gene_14_filtered.fa.aln
[00:00:00] Loaded alignment with 70 taxa and 618 sites

WARNING: Sequences E_decipiens_1 and E_decipiens_2 are exactly identical!
WARNING: Duplicate sequences found: 1

NOTE: Reduced alignment (with duplicates and gap-only sites/taxa removed) 
NOTE: was saved to: /data/jeremias/eucs/roadies/output/genes/gene_14_filtered.fa.aln.raxml.reduced.phy

Alignment comprises 1 partitions and 433 patterns

Partition 0: noname
Model: GTR+FC+G4m
Alignment sites / patterns: 618 / 433
Gaps: 18.84 %
Invariant sites: 25.73 %


NOTE: Binary MSA file created: /data/jeremias/eucs/roadies/output/genes/gene_14_filtered.fa.aln.raxml.rba

Parallelization scheme autoconfig: 4 worker(s) x 1 thread(s)

[00:00:00] Generating 10 random starting tree(s) with 70 taxa
[00:00:00] Generating 10 parsimony starting tree(s) with 70 taxa
Parallel parsimony with 4 threads
Parallel reduction/worker buffer size: 1 KB  / 0 KB

[00:00:00] Data distribution: max. partitions/sites/weight per thread: 1 / 433 / 6928
[00:00:00] Data distribution: max. searches per worker: 5

Starting ML tree search with 20 distinct starting trees

[00:00:00 -30939.405393] Initial branch length optimization
[00:00:00 -19419.661319] Model parameter optimization (eps = 10.000000)
[00:00:01 -17650.686445] AUTODETECT spr round 1 (radius: 5)
[00:00:01 -8532.178941] AUTODETECT spr round 2 (radius: 10)
[00:00:02 -6151.191667] AUTODETECT spr round 3 (radius: 15)
[00:00:02 -6141.239124] AUTODETECT spr round 4 (radius: 20)
[00:00:02 -6141.106983] AUTODETECT spr round 5 (radius: 25)
[00:00:02 -6141.056949] SPR radius for FAST iterations: 20 (autodetect)
[00:00:02 -6141.056949] Model parameter optimization (eps = 3.000000)
[00:00:03 -5825.430628] FAST spr round 1 (radius: 20)
[00:00:04 -5642.739772] FAST spr round 2 (radius: 20)
[00:00:04 -5635.628080] Model parameter optimization (eps = 1.000000)
[00:00:04 -5629.366635] SLOW spr round 1 (radius: 5)
[00:00:06 -5625.418678] SLOW spr round 2 (radius: 10)
[00:00:07 -5625.416752] SLOW spr round 3 (radius: 15)
[00:00:07] [worker #2] ML tree search #3, logLikelihood: -5625.834084
[00:00:08 -5625.415541] SLOW spr round 4 (radius: 20)
[00:00:08 -5625.414782] SLOW spr round 5 (radius: 25)
[00:00:08] [worker #1] ML tree search #2, logLikelihood: -5623.769925
[00:00:08] [worker #3] ML tree search #4, logLikelihood: -5626.191084
[00:00:09 -5625.414308] Model parameter optimization (eps = 0.100000)

[00:00:09] [worker #0] ML tree search #1, logLikelihood: -5625.011152

[00:00:09 -28471.958117] Initial branch length optimization
[00:00:09 -17272.718115] Model parameter optimization (eps = 10.000000)
[00:00:10 -15799.195237] AUTODETECT spr round 1 (radius: 5)
[00:00:10 -8884.531205] AUTODETECT spr round 2 (radius: 10)
[00:00:10 -6002.996798] AUTODETECT spr round 3 (radius: 15)
[00:00:11 -5956.991402] AUTODETECT spr round 4 (radius: 20)
[00:00:11 -5956.679470] AUTODETECT spr round 5 (radius: 25)
[00:00:11 -5956.637288] SPR radius for FAST iterations: 20 (autodetect)
[00:00:11 -5956.637288] Model parameter optimization (eps = 3.000000)
[00:00:11 -5774.082375] FAST spr round 1 (radius: 20)
[00:00:12 -5643.962505] FAST spr round 2 (radius: 20)
[00:00:12 -5635.329374] Model parameter optimization (eps = 1.000000)
[00:00:12 -5629.999996] SLOW spr round 1 (radius: 5)
[00:00:13 -5627.171879] SLOW spr round 2 (radius: 10)
[00:00:14 -5627.171356] SLOW spr round 3 (radius: 15)
[00:00:15 -5626.612495] SLOW spr round 4 (radius: 20)
[00:00:15 -5626.540857] SLOW spr round 5 (radius: 25)
[00:00:15] [worker #3] ML tree search #8, logLikelihood: -5626.149061
[00:00:16] [worker #2] ML tree search #7, logLikelihood: -5623.894504
[00:00:16 -5626.514907] Model parameter optimization (eps = 0.100000)

[00:00:16] [worker #0] ML tree search #5, logLikelihood: -5626.212894

[00:00:16 -27886.740115] Initial branch length optimization
[00:00:16 -16857.904955] Model parameter optimization (eps = 10.000000)
[00:00:17 -15475.105371] AUTODETECT spr round 1 (radius: 5)
[00:00:17 -8368.196466] AUTODETECT spr round 2 (radius: 10)
[00:00:17 -6426.096667] AUTODETECT spr round 3 (radius: 15)
[00:00:17] [worker #1] ML tree search #6, logLikelihood: -5622.525105
[00:00:18 -6228.861960] AUTODETECT spr round 4 (radius: 20)
[00:00:18 -6227.570609] AUTODETECT spr round 5 (radius: 25)
[00:00:18 -6226.505592] SPR radius for FAST iterations: 25 (autodetect)
[00:00:18 -6226.505592] Model parameter optimization (eps = 3.000000)
[00:00:18 -5960.762839] FAST spr round 1 (radius: 25)
[00:00:19 -5659.904814] FAST spr round 2 (radius: 25)
[00:00:19 -5642.441987] FAST spr round 3 (radius: 25)
[00:00:19 -5639.096545] Model parameter optimization (eps = 1.000000)
[00:00:19 -5630.007484] SLOW spr round 1 (radius: 5)
[00:00:20] [worker #2] ML tree search #11, logLikelihood: -5623.053543
[00:00:20 -5625.260257] SLOW spr round 2 (radius: 10)
[00:00:21] [worker #3] ML tree search #12, logLikelihood: -5627.038086
[00:00:21 -5625.260197] SLOW spr round 3 (radius: 15)
[00:00:22 -5624.717052] SLOW spr round 4 (radius: 20)
[00:00:22 -5624.646371] SLOW spr round 5 (radius: 25)
[00:00:23 -5624.620335] Model parameter optimization (eps = 0.100000)

[00:00:23] [worker #0] ML tree search #9, logLikelihood: -5624.136609

[00:00:23 -7700.722469] Initial branch length optimization
[00:00:23 -5903.695187] Model parameter optimization (eps = 10.000000)
[00:00:23 -5678.029677] AUTODETECT spr round 1 (radius: 5)
[00:00:24 -5627.044569] AUTODETECT spr round 2 (radius: 10)
[00:00:24 -5625.619495] AUTODETECT spr round 3 (radius: 15)
[00:00:24 -5625.523962] SPR radius for FAST iterations: 10 (autodetect)
[00:00:24 -5625.523962] Model parameter optimization (eps = 3.000000)
[00:00:24 -5625.176863] FAST spr round 1 (radius: 10)
[00:00:24 -5623.543339] Model parameter optimization (eps = 1.000000)
[00:00:25 -5623.430610] SLOW spr round 1 (radius: 5)
[00:00:26 -5620.702746] SLOW spr round 2 (radius: 10)
[00:00:26 -5620.702061] SLOW spr round 3 (radius: 15)
[00:00:26] [worker #3] ML tree search #16, logLikelihood: -5628.631415
[00:00:27 -5620.701659] SLOW spr round 4 (radius: 20)
[00:00:27 -5620.701425] SLOW spr round 5 (radius: 25)
[00:00:28 -5620.701288] Model parameter optimization (eps = 0.100000)
[00:00:28] [worker #1] ML tree search #10, logLikelihood: -5627.414494

[00:00:28] [worker #0] ML tree search #13, logLikelihood: -5620.623546

[00:00:28 -7695.358792] Initial branch length optimization
[00:00:28 -5888.335742] Model parameter optimization (eps = 10.000000)
[00:00:28 -5664.432670] AUTODETECT spr round 1 (radius: 5)
[00:00:29] [worker #2] ML tree search #15, logLikelihood: -5625.855826
[00:00:29 -5633.095214] AUTODETECT spr round 2 (radius: 10)
[00:00:29 -5632.094179] AUTODETECT spr round 3 (radius: 15)
[00:00:29 -5631.894999] AUTODETECT spr round 4 (radius: 20)
[00:00:30 -5631.720339] AUTODETECT spr round 5 (radius: 25)
[00:00:30 -5631.641229] SPR radius for FAST iterations: 20 (autodetect)
[00:00:30 -5631.641229] Model parameter optimization (eps = 3.000000)
[00:00:30 -5631.366177] FAST spr round 1 (radius: 20)
[00:00:30 -5624.238084] Model parameter optimization (eps = 1.000000)
[00:00:30 -5624.185250] SLOW spr round 1 (radius: 5)
[00:00:31 -5621.770580] SLOW spr round 2 (radius: 10)
[00:00:32 -5621.769314] SLOW spr round 3 (radius: 15)
[00:00:33 -5621.768591] SLOW spr round 4 (radius: 20)
[00:00:33] [worker #3] ML tree search #20, logLikelihood: -5623.690565
[00:00:33 -5621.768175] SLOW spr round 5 (radius: 25)
[00:00:34 -5621.767934] Model parameter optimization (eps = 0.100000)

[00:00:34] [worker #0] ML tree search #17, logLikelihood: -5621.682863

[00:00:35] [worker #1] ML tree search #14, logLikelihood: -5624.910273
[00:00:35] [worker #2] ML tree search #19, logLikelihood: -5623.919702
[00:00:40] [worker #1] ML tree search #18, logLikelihood: -5627.539747

Optimized model parameters:

   Partition 0: noname
   Rate heterogeneity: GAMMA (4 cats, mean),  alpha: 1.493341 (ML),  weights&rates: (0.250000,0.224292) (0.250000,0.587444) (0.250000,1.050028) (0.250000,2.138236) 
   Base frequencies (empirical): 0.268421 0.233843 0.192970 0.304765 
   Substitution rates (ML): 1.056347 6.185801 0.802216 0.840825 3.327035 1.000000 


Final LogLikelihood: -5620.623546

AIC score: 11533.247092 / AICc score: 11624.380850 / BIC score: 12179.514406
Free parameters (model + branch lengths): 146

WARNING: Best ML tree contains 9 near-zero branches!

Best ML tree with collapsed near-zero branches saved to: /data/jeremias/eucs/roadies/output/genes/gene_14_filtered.fa.aln.raxml.bestTreeCollapsed
Best ML tree saved to: /data/jeremias/eucs/roadies/output/genes/gene_14_filtered.fa.aln.raxml.bestTree
All ML trees saved to: /data/jeremias/eucs/roadies/output/genes/gene_14_filtered.fa.aln.raxml.mlTrees
Optimized model saved to: /data/jeremias/eucs/roadies/output/genes/gene_14_filtered.fa.aln.raxml.bestModel

Execution log saved to: /data/jeremias/eucs/roadies/output/genes/gene_14_filtered.fa.aln.raxml.log

Analysis started: 29-Jul-2024 17:06:09 / finished: 29-Jul-2024 17:06:49

Elapsed time: 40.282 seconds

