
RAxML-NG v. 1.2.2 released on 11.04.2024 by The Exelixis Lab.
Developed by: Alexey M. Kozlov and Alexandros Stamatakis.
Contributors: Diego Darriba, Tomas Flouri, Benoit Morel, Sarah Lutteropp, Ben Bettisworth, Julia Haag, Anastasis Togkousidis.
Latest version: https://github.com/amkozlov/raxml-ng
Questions/problems/suggestions? Please visit: https://groups.google.com/forum/#!forum/raxml

System: AMD EPYC 7742 64-Core Processor, 128 cores, 1007 GB RAM

RAxML-NG was called at 29-Jul-2024 14:53:08 as follows:

raxml-ng --msa /data/jeremias/eucs/roadies/output/genes/gene_209_filtered.fa.aln --model GTR+G+F --redo --threads auto{4} --blopt nr_safe

Analysis options:
  run mode: ML tree search
  start tree(s): random (10) + parsimony (10)
  random seed: 1722228788
  tip-inner: OFF
  pattern compression: ON
  per-rate scalers: OFF
  site repeats: ON
  logLH epsilon: general: 10.000000, brlen-triplet: 1000.000000
  fast spr radius: AUTO
  spr subtree cutoff: 1.000000
  fast CLV updates: ON
  branch lengths: proportional (ML estimate, algorithm: NR-SAFE)
  SIMD kernels: AVX2
  parallelization: coarse-grained (auto), PTHREADS (auto)

WARNING: Running in REDO mode: existing checkpoints are ignored, and all result files will be overwritten!

[00:00:00] Reading alignment from file: /data/jeremias/eucs/roadies/output/genes/gene_209_filtered.fa.aln
[00:00:00] Loaded alignment with 130 taxa and 551 sites

WARNING: Sequences E_sid_E_mel_1 and E_caleyi_1 are exactly identical!
WARNING: Sequences E_sid_E_mel_4 and E_caleyi_3 are exactly identical!
WARNING: Sequences E_ANBG9806169_4 and E_ANBG9806169_3 are exactly identical!
WARNING: Sequences E_leucophloia_1 and E_leucophloia_0 are exactly identical!
WARNING: Duplicate sequences found: 4

NOTE: Reduced alignment (with duplicates and gap-only sites/taxa removed) 
NOTE: was saved to: /data/jeremias/eucs/roadies/output/genes/gene_209_filtered.fa.aln.raxml.reduced.phy

Alignment comprises 1 partitions and 485 patterns

Partition 0: noname
Model: GTR+FC+G4m
Alignment sites / patterns: 551 / 485
Gaps: 14.42 %
Invariant sites: 21.96 %


NOTE: Binary MSA file created: /data/jeremias/eucs/roadies/output/genes/gene_209_filtered.fa.aln.raxml.rba

Parallelization scheme autoconfig: 4 worker(s) x 1 thread(s)

[00:00:00] Generating 10 random starting tree(s) with 130 taxa
[00:00:00] Generating 10 parsimony starting tree(s) with 130 taxa
Parallel parsimony with 4 threads
Parallel reduction/worker buffer size: 1 KB  / 0 KB

[00:00:00] Data distribution: max. partitions/sites/weight per thread: 1 / 485 / 7760
[00:00:00] Data distribution: max. searches per worker: 5

Starting ML tree search with 20 distinct starting trees

[00:00:00 -25008.629159] Initial branch length optimization
[00:00:00 -18959.332063] Model parameter optimization (eps = 10.000000)
[00:00:00 -18006.682968] AUTODETECT spr round 1 (radius: 5)
[00:00:01 -11919.964236] AUTODETECT spr round 2 (radius: 10)
[00:00:03 -7918.132158] AUTODETECT spr round 3 (radius: 15)
[00:00:05 -7810.845992] AUTODETECT spr round 4 (radius: 20)
[00:00:07 -7808.247244] AUTODETECT spr round 5 (radius: 25)
[00:00:08 -7806.378643] SPR radius for FAST iterations: 25 (autodetect)
[00:00:08 -7806.378643] Model parameter optimization (eps = 3.000000)
[00:00:08 -7592.652823] FAST spr round 1 (radius: 25)
[00:00:09 -7097.037972] FAST spr round 2 (radius: 25)
[00:00:10 -7044.092082] FAST spr round 3 (radius: 25)
[00:00:11 -7041.094416] Model parameter optimization (eps = 1.000000)
[00:00:11 -7037.446801] SLOW spr round 1 (radius: 5)
[00:00:13 -7036.472285] SLOW spr round 2 (radius: 10)
[00:00:15 -7036.472283] SLOW spr round 3 (radius: 15)
[00:00:17] [worker #2] ML tree search #3, logLikelihood: -7034.046062
[00:00:19 -7036.472283] SLOW spr round 4 (radius: 20)
[00:00:21] [worker #1] ML tree search #2, logLikelihood: -7029.711924
[00:00:22 -7036.472282] SLOW spr round 5 (radius: 25)
[00:00:22] [worker #3] ML tree search #4, logLikelihood: -7029.843117
[00:00:23 -7036.472281] Model parameter optimization (eps = 0.100000)

[00:00:23] [worker #0] ML tree search #1, logLikelihood: -7036.466218

[00:00:23 -25122.179162] Initial branch length optimization
[00:00:23 -19206.991166] Model parameter optimization (eps = 10.000000)
[00:00:24 -18204.037640] AUTODETECT spr round 1 (radius: 5)
[00:00:24 -11763.248986] AUTODETECT spr round 2 (radius: 10)
[00:00:25 -7919.353606] AUTODETECT spr round 3 (radius: 15)
[00:00:26 -7808.582481] AUTODETECT spr round 4 (radius: 20)
[00:00:27 -7729.171990] AUTODETECT spr round 5 (radius: 25)
[00:00:27 -7725.978487] SPR radius for FAST iterations: 25 (autodetect)
[00:00:27 -7725.978487] Model parameter optimization (eps = 3.000000)
[00:00:28 -7489.967650] FAST spr round 1 (radius: 25)
[00:00:29 -7096.228050] FAST spr round 2 (radius: 25)
[00:00:29 -7037.356088] FAST spr round 3 (radius: 25)
[00:00:30 -7036.869341] Model parameter optimization (eps = 1.000000)
[00:00:30 -7033.675168] SLOW spr round 1 (radius: 5)
[00:00:33 -7030.758253] SLOW spr round 2 (radius: 10)
[00:00:35 -7030.758250] SLOW spr round 3 (radius: 15)
[00:00:37] [worker #2] ML tree search #7, logLikelihood: -7033.910455
[00:00:38 -7030.758249] SLOW spr round 4 (radius: 20)
[00:00:40] [worker #3] ML tree search #8, logLikelihood: -7031.006111
[00:00:41 -7030.758249] SLOW spr round 5 (radius: 25)
[00:00:43 -7030.758249] Model parameter optimization (eps = 0.100000)

[00:00:43] [worker #0] ML tree search #5, logLikelihood: -7030.735793

[00:00:43 -24958.073279] Initial branch length optimization
[00:00:43 -19036.619207] Model parameter optimization (eps = 10.000000)
[00:00:43 -18048.223304] AUTODETECT spr round 1 (radius: 5)
[00:00:44 -10692.052302] AUTODETECT spr round 2 (radius: 10)
[00:00:45 -7930.167066] AUTODETECT spr round 3 (radius: 15)
[00:00:46] [worker #1] ML tree search #6, logLikelihood: -7032.500673
[00:00:46 -7864.675663] AUTODETECT spr round 4 (radius: 20)
[00:00:47 -7860.312942] AUTODETECT spr round 5 (radius: 25)
[00:00:47 -7856.911435] SPR radius for FAST iterations: 25 (autodetect)
[00:00:47 -7856.911435] Model parameter optimization (eps = 3.000000)
[00:00:48 -7630.534511] FAST spr round 1 (radius: 25)
[00:00:49 -7085.770993] FAST spr round 2 (radius: 25)
[00:00:50 -7038.418222] FAST spr round 3 (radius: 25)
[00:00:51 -7036.798458] Model parameter optimization (eps = 1.000000)
[00:00:51 -7033.203963] SLOW spr round 1 (radius: 5)
[00:00:51] [worker #2] ML tree search #11, logLikelihood: -7028.551787
[00:00:53] [worker #3] ML tree search #12, logLikelihood: -7042.851480
[00:00:54 -7031.007800] SLOW spr round 2 (radius: 10)
[00:00:56 -7031.007409] SLOW spr round 3 (radius: 15)
[00:01:00 -7031.007022] SLOW spr round 4 (radius: 20)
[00:01:02 -7031.006635] SLOW spr round 5 (radius: 25)
[00:01:03 -7031.006249] Model parameter optimization (eps = 0.100000)

[00:01:03] [worker #0] ML tree search #9, logLikelihood: -7031.001934

[00:01:03 -9105.220329] Initial branch length optimization
[00:01:04 -7345.945488] Model parameter optimization (eps = 10.000000)
[00:01:04 -7096.148300] AUTODETECT spr round 1 (radius: 5)
[00:01:04 -7037.111965] AUTODETECT spr round 2 (radius: 10)
[00:01:05 -7037.103637] SPR radius for FAST iterations: 5 (autodetect)
[00:01:05 -7037.103637] Model parameter optimization (eps = 3.000000)
[00:01:05 -7037.002110] FAST spr round 1 (radius: 5)
[00:01:06 -7034.724828] Model parameter optimization (eps = 1.000000)
[00:01:06 -7034.700055] SLOW spr round 1 (radius: 5)
[00:01:07 -7031.994169] SLOW spr round 2 (radius: 10)
[00:01:08] [worker #3] ML tree search #16, logLikelihood: -7029.163852
[00:01:09 -7027.285354] SLOW spr round 3 (radius: 15)
[00:01:09] [worker #1] ML tree search #10, logLikelihood: -7034.538358
[00:01:10] [worker #2] ML tree search #15, logLikelihood: -7034.745219
[00:01:12 -7027.284332] SLOW spr round 4 (radius: 20)
[00:01:14 -7027.284331] SLOW spr round 5 (radius: 25)
[00:01:16 -7027.284330] Model parameter optimization (eps = 0.100000)

[00:01:16] [worker #0] ML tree search #13, logLikelihood: -7027.256718

[00:01:16 -9104.919230] Initial branch length optimization
[00:01:16 -7349.242135] Model parameter optimization (eps = 10.000000)
[00:01:16 -7099.247944] AUTODETECT spr round 1 (radius: 5)
[00:01:17 -7038.939386] AUTODETECT spr round 2 (radius: 10)
[00:01:18 -7038.930798] SPR radius for FAST iterations: 5 (autodetect)
[00:01:18 -7038.930798] Model parameter optimization (eps = 3.000000)
[00:01:18 -7038.877401] FAST spr round 1 (radius: 5)
[00:01:18 -7035.411792] Model parameter optimization (eps = 1.000000)
[00:01:18 -7035.393986] SLOW spr round 1 (radius: 5)
[00:01:20 -7035.175157] SLOW spr round 2 (radius: 10)
[00:01:21 -7035.174663] SLOW spr round 3 (radius: 15)
[00:01:23] [worker #3] ML tree search #20, logLikelihood: -7037.092337
[00:01:25 -7035.174204] SLOW spr round 4 (radius: 20)
[00:01:25] [worker #1] ML tree search #14, logLikelihood: -7029.209058
[00:01:28 -7035.173746] SLOW spr round 5 (radius: 25)
[00:01:29] [worker #2] ML tree search #19, logLikelihood: -7031.859263
[00:01:29 -7035.173289] Model parameter optimization (eps = 0.100000)

[00:01:29] [worker #0] ML tree search #17, logLikelihood: -7035.163719

[00:01:43] [worker #1] ML tree search #18, logLikelihood: -7031.815035

Optimized model parameters:

   Partition 0: noname
   Rate heterogeneity: GAMMA (4 cats, mean),  alpha: 2.839518 (ML),  weights&rates: (0.250000,0.376453) (0.250000,0.722237) (0.250000,1.081600) (0.250000,1.819711) 
   Base frequencies (empirical): 0.284882 0.219074 0.224555 0.271489 
   Substitution rates (ML): 1.373599 4.666755 1.322281 1.357224 4.466275 1.000000 


Final LogLikelihood: -7027.256718

AIC score: 14586.513435 / AICc score: 15086.668365 / BIC score: 15733.434894
Free parameters (model + branch lengths): 266

WARNING: Best ML tree contains 32 near-zero branches!

Best ML tree with collapsed near-zero branches saved to: /data/jeremias/eucs/roadies/output/genes/gene_209_filtered.fa.aln.raxml.bestTreeCollapsed
Best ML tree saved to: /data/jeremias/eucs/roadies/output/genes/gene_209_filtered.fa.aln.raxml.bestTree
All ML trees saved to: /data/jeremias/eucs/roadies/output/genes/gene_209_filtered.fa.aln.raxml.mlTrees
Optimized model saved to: /data/jeremias/eucs/roadies/output/genes/gene_209_filtered.fa.aln.raxml.bestModel

Execution log saved to: /data/jeremias/eucs/roadies/output/genes/gene_209_filtered.fa.aln.raxml.log

Analysis started: 29-Jul-2024 14:53:08 / finished: 29-Jul-2024 14:54:51

Elapsed time: 103.639 seconds

