
RAxML-NG v. 1.2.2 released on 11.04.2024 by The Exelixis Lab.
Developed by: Alexey M. Kozlov and Alexandros Stamatakis.
Contributors: Diego Darriba, Tomas Flouri, Benoit Morel, Sarah Lutteropp, Ben Bettisworth, Julia Haag, Anastasis Togkousidis.
Latest version: https://github.com/amkozlov/raxml-ng
Questions/problems/suggestions? Please visit: https://groups.google.com/forum/#!forum/raxml

System: AMD EPYC 7742 64-Core Processor, 128 cores, 1007 GB RAM

RAxML-NG was called at 29-Jul-2024 15:48:21 as follows:

raxml-ng --msa /data/jeremias/eucs/roadies/output/genes/gene_241_filtered.fa.aln --model GTR+G+F --redo --threads auto{4} --blopt nr_safe

Analysis options:
  run mode: ML tree search
  start tree(s): random (10) + parsimony (10)
  random seed: 1722232101
  tip-inner: OFF
  pattern compression: ON
  per-rate scalers: OFF
  site repeats: ON
  logLH epsilon: general: 10.000000, brlen-triplet: 1000.000000
  fast spr radius: AUTO
  spr subtree cutoff: 1.000000
  fast CLV updates: ON
  branch lengths: proportional (ML estimate, algorithm: NR-SAFE)
  SIMD kernels: AVX2
  parallelization: coarse-grained (auto), PTHREADS (auto)

WARNING: Running in REDO mode: existing checkpoints are ignored, and all result files will be overwritten!

[00:00:00] Reading alignment from file: /data/jeremias/eucs/roadies/output/genes/gene_241_filtered.fa.aln
[00:00:00] Loaded alignment with 36 taxa and 546 sites

WARNING: Sequences E_tenuipes_0 and E_tenuipes_1 are exactly identical!
WARNING: Sequences E_paniculata_0 and E_dawsonii_0 are exactly identical!
WARNING: Duplicate sequences found: 2

NOTE: Reduced alignment (with duplicates and gap-only sites/taxa removed) 
NOTE: was saved to: /data/jeremias/eucs/roadies/output/genes/gene_241_filtered.fa.aln.raxml.reduced.phy

Alignment comprises 1 partitions and 125 patterns

Partition 0: noname
Model: GTR+FC+G4m
Alignment sites / patterns: 546 / 125
Gaps: 8.13 %
Invariant sites: 78.02 %


NOTE: Binary MSA file created: /data/jeremias/eucs/roadies/output/genes/gene_241_filtered.fa.aln.raxml.rba

Parallelization scheme autoconfig: 4 worker(s) x 1 thread(s)

[00:00:00] Generating 10 random starting tree(s) with 36 taxa
[00:00:00] Generating 10 parsimony starting tree(s) with 36 taxa
Parallel parsimony with 4 threads
Parallel reduction/worker buffer size: 1 KB  / 0 KB

[00:00:00] Data distribution: max. partitions/sites/weight per thread: 1 / 125 / 2000
[00:00:00] Data distribution: max. searches per worker: 5

Starting ML tree search with 20 distinct starting trees

[00:00:00 -3205.968363] Initial branch length optimization
[00:00:00 -2339.646221] Model parameter optimization (eps = 10.000000)
[00:00:00 -2166.247949] AUTODETECT spr round 1 (radius: 5)
[00:00:00 -1846.398246] AUTODETECT spr round 2 (radius: 10)
[00:00:00 -1839.555307] AUTODETECT spr round 3 (radius: 15)
[00:00:00 -1839.352195] AUTODETECT spr round 4 (radius: 20)
[00:00:00 -1839.093127] AUTODETECT spr round 5 (radius: 25)
[00:00:00 -1838.502202] SPR radius for FAST iterations: 25 (autodetect)
[00:00:00 -1838.502202] Model parameter optimization (eps = 3.000000)
[00:00:00 -1832.846979] FAST spr round 1 (radius: 25)
[00:00:00 -1704.985560] FAST spr round 2 (radius: 25)
[00:00:00 -1704.985458] Model parameter optimization (eps = 1.000000)
[00:00:00 -1696.613916] SLOW spr round 1 (radius: 5)
[00:00:00 -1696.613878] SLOW spr round 2 (radius: 10)
[00:00:00 -1696.613878] SLOW spr round 3 (radius: 15)
[00:00:00] [worker #1] ML tree search #2, logLikelihood: -1696.613893
[00:00:00 -1696.613878] SLOW spr round 4 (radius: 20)
[00:00:00 -1696.613878] SLOW spr round 5 (radius: 25)
[00:00:00 -1696.613878] Model parameter optimization (eps = 0.100000)

[00:00:00] [worker #0] ML tree search #1, logLikelihood: -1696.613838

[00:00:00 -3179.952509] Initial branch length optimization
[00:00:00 -2322.624081] Model parameter optimization (eps = 10.000000)
[00:00:00 -2153.862852] AUTODETECT spr round 1 (radius: 5)
[00:00:00] [worker #3] ML tree search #4, logLikelihood: -1696.613836
[00:00:00 -1822.020055] AUTODETECT spr round 2 (radius: 10)
[00:00:00] [worker #2] ML tree search #3, logLikelihood: -1699.111541
[00:00:00 -1734.473192] AUTODETECT spr round 3 (radius: 15)
[00:00:00 -1734.459416] SPR radius for FAST iterations: 10 (autodetect)
[00:00:00 -1734.459416] Model parameter optimization (eps = 3.000000)
[00:00:00 -1721.152211] FAST spr round 1 (radius: 10)
[00:00:01 -1701.004348] FAST spr round 2 (radius: 10)
[00:00:01 -1701.003788] Model parameter optimization (eps = 1.000000)
[00:00:01 -1700.534042] SLOW spr round 1 (radius: 5)
[00:00:01 -1700.529533] SLOW spr round 2 (radius: 10)
[00:00:01] [worker #1] ML tree search #6, logLikelihood: -1700.515714
[00:00:01 -1700.528189] SLOW spr round 3 (radius: 15)
[00:00:01 -1700.527803] SLOW spr round 4 (radius: 20)
[00:00:01 -1700.527693] SLOW spr round 5 (radius: 25)
[00:00:01 -1700.527662] Model parameter optimization (eps = 0.100000)

[00:00:01] [worker #0] ML tree search #5, logLikelihood: -1700.517679

[00:00:01 -3186.031334] Initial branch length optimization
[00:00:01 -2304.675934] Model parameter optimization (eps = 10.000000)
[00:00:01 -2138.016564] AUTODETECT spr round 1 (radius: 5)
[00:00:01 -1848.197791] AUTODETECT spr round 2 (radius: 10)
[00:00:01 -1729.579849] AUTODETECT spr round 3 (radius: 15)
[00:00:01] [worker #3] ML tree search #8, logLikelihood: -1699.111488
[00:00:01 -1729.525169] SPR radius for FAST iterations: 10 (autodetect)
[00:00:01 -1729.525169] Model parameter optimization (eps = 3.000000)
[00:00:01 -1716.169413] FAST spr round 1 (radius: 10)
[00:00:01] [worker #2] ML tree search #7, logLikelihood: -1696.613837
[00:00:01 -1699.719930] FAST spr round 2 (radius: 10)
[00:00:01 -1699.364978] Model parameter optimization (eps = 1.000000)
[00:00:01 -1699.113556] SLOW spr round 1 (radius: 5)
[00:00:01] [worker #1] ML tree search #10, logLikelihood: -1699.111490
[00:00:01 -1699.113434] SLOW spr round 2 (radius: 10)
[00:00:02 -1699.113434] SLOW spr round 3 (radius: 15)
[00:00:02 -1699.113434] SLOW spr round 4 (radius: 20)
[00:00:02 -1699.113434] SLOW spr round 5 (radius: 25)
[00:00:02 -1699.113434] Model parameter optimization (eps = 0.100000)

[00:00:02] [worker #0] ML tree search #9, logLikelihood: -1699.111778

[00:00:02 -2629.806189] Initial branch length optimization
[00:00:02 -1750.646661] Model parameter optimization (eps = 10.000000)
[00:00:02 -1705.959030] AUTODETECT spr round 1 (radius: 5)
[00:00:02 -1702.792154] AUTODETECT spr round 2 (radius: 10)
[00:00:02] [worker #3] ML tree search #12, logLikelihood: -1696.613841
[00:00:02 -1696.664385] AUTODETECT spr round 3 (radius: 15)
[00:00:02 -1696.664216] SPR radius for FAST iterations: 10 (autodetect)
[00:00:02 -1696.664216] Model parameter optimization (eps = 3.000000)
[00:00:02 -1696.613870] FAST spr round 1 (radius: 10)
[00:00:02 -1696.613870] Model parameter optimization (eps = 1.000000)
[00:00:02] [worker #2] ML tree search #11, logLikelihood: -1696.613836
[00:00:02 -1696.613842] SLOW spr round 1 (radius: 5)
[00:00:02 -1696.613835] SLOW spr round 2 (radius: 10)
[00:00:02 -1696.613835] SLOW spr round 3 (radius: 15)
[00:00:02] [worker #1] ML tree search #14, logLikelihood: -1696.613860
[00:00:02 -1696.613835] SLOW spr round 4 (radius: 20)
[00:00:02 -1696.613835] SLOW spr round 5 (radius: 25)
[00:00:02 -1696.613835] Model parameter optimization (eps = 0.100000)

[00:00:02] [worker #0] ML tree search #13, logLikelihood: -1696.613835

[00:00:02 -2628.415990] Initial branch length optimization
[00:00:02 -1749.255422] Model parameter optimization (eps = 10.000000)
[00:00:02 -1702.783127] AUTODETECT spr round 1 (radius: 5)
[00:00:02 -1699.151177] AUTODETECT spr round 2 (radius: 10)
[00:00:02 -1699.147708] SPR radius for FAST iterations: 5 (autodetect)
[00:00:02 -1699.147708] Model parameter optimization (eps = 3.000000)
[00:00:02 -1699.111629] FAST spr round 1 (radius: 5)
[00:00:02] [worker #3] ML tree search #16, logLikelihood: -1699.111489
[00:00:02 -1699.111628] Model parameter optimization (eps = 1.000000)
[00:00:02 -1699.111493] SLOW spr round 1 (radius: 5)
[00:00:03] [worker #2] ML tree search #15, logLikelihood: -1696.613838
[00:00:03 -1699.111493] SLOW spr round 2 (radius: 10)
[00:00:03 -1699.111493] SLOW spr round 3 (radius: 15)
[00:00:03] [worker #1] ML tree search #18, logLikelihood: -1699.111489
[00:00:03 -1699.111493] SLOW spr round 4 (radius: 20)
[00:00:03 -1699.111493] SLOW spr round 5 (radius: 25)
[00:00:03 -1699.111493] Model parameter optimization (eps = 0.100000)

[00:00:03] [worker #0] ML tree search #17, logLikelihood: -1699.111491

[00:00:03] [worker #2] ML tree search #19, logLikelihood: -1696.613851
[00:00:03] [worker #3] ML tree search #20, logLikelihood: -1696.613838

Optimized model parameters:

   Partition 0: noname
   Rate heterogeneity: GAMMA (4 cats, mean),  alpha: 0.858722 (ML),  weights&rates: (0.250000,0.107979) (0.250000,0.429744) (0.250000,0.971986) (0.250000,2.490291) 
   Base frequencies (empirical): 0.312344 0.166030 0.185967 0.335659 
   Substitution rates (ML): 0.527023 3.129918 0.437481 1.168069 3.186950 1.000000 


Final LogLikelihood: -1696.613835

AIC score: 3549.227669 / AICc score: 3575.617391 / BIC score: 3884.831949
Free parameters (model + branch lengths): 78

WARNING: Best ML tree contains 16 near-zero branches!

Best ML tree with collapsed near-zero branches saved to: /data/jeremias/eucs/roadies/output/genes/gene_241_filtered.fa.aln.raxml.bestTreeCollapsed
Best ML tree saved to: /data/jeremias/eucs/roadies/output/genes/gene_241_filtered.fa.aln.raxml.bestTree
All ML trees saved to: /data/jeremias/eucs/roadies/output/genes/gene_241_filtered.fa.aln.raxml.mlTrees
Optimized model saved to: /data/jeremias/eucs/roadies/output/genes/gene_241_filtered.fa.aln.raxml.bestModel

Execution log saved to: /data/jeremias/eucs/roadies/output/genes/gene_241_filtered.fa.aln.raxml.log

Analysis started: 29-Jul-2024 15:48:21 / finished: 29-Jul-2024 15:48:25

Elapsed time: 3.614 seconds

