
RAxML-NG v. 1.2.2 released on 11.04.2024 by The Exelixis Lab.
Developed by: Alexey M. Kozlov and Alexandros Stamatakis.
Contributors: Diego Darriba, Tomas Flouri, Benoit Morel, Sarah Lutteropp, Ben Bettisworth, Julia Haag, Anastasis Togkousidis.
Latest version: https://github.com/amkozlov/raxml-ng
Questions/problems/suggestions? Please visit: https://groups.google.com/forum/#!forum/raxml

System: AMD EPYC 7742 64-Core Processor, 128 cores, 1007 GB RAM

RAxML-NG was called at 29-Jul-2024 14:09:32 as follows:

raxml-ng --msa /data/jeremias/eucs/roadies/output/genes/gene_157_filtered.fa.aln --model GTR+G+F --redo --threads auto{4} --blopt nr_safe

Analysis options:
  run mode: ML tree search
  start tree(s): random (10) + parsimony (10)
  random seed: 1722226172
  tip-inner: OFF
  pattern compression: ON
  per-rate scalers: OFF
  site repeats: ON
  logLH epsilon: general: 10.000000, brlen-triplet: 1000.000000
  fast spr radius: AUTO
  spr subtree cutoff: 1.000000
  fast CLV updates: ON
  branch lengths: proportional (ML estimate, algorithm: NR-SAFE)
  SIMD kernels: AVX2
  parallelization: coarse-grained (auto), PTHREADS (auto)

WARNING: Running in REDO mode: existing checkpoints are ignored, and all result files will be overwritten!

[00:00:00] Reading alignment from file: /data/jeremias/eucs/roadies/output/genes/gene_157_filtered.fa.aln
[00:00:00] Loaded alignment with 40 taxa and 542 sites

WARNING: Sequences E_victrix_0 and E_shirleyi_1 are exactly identical!
WARNING: Sequences E_victrix_0 and E_sid_E_mel_0 are exactly identical!
WARNING: Sequences E_victrix_0 and E_shirleyi_0 are exactly identical!
WARNING: Duplicate sequences found: 3

NOTE: Reduced alignment (with duplicates and gap-only sites/taxa removed) 
NOTE: was saved to: /data/jeremias/eucs/roadies/output/genes/gene_157_filtered.fa.aln.raxml.reduced.phy

Alignment comprises 1 partitions and 123 patterns

Partition 0: noname
Model: GTR+FC+G4m
Alignment sites / patterns: 542 / 123
Gaps: 2.29 %
Invariant sites: 79.34 %


NOTE: Binary MSA file created: /data/jeremias/eucs/roadies/output/genes/gene_157_filtered.fa.aln.raxml.rba

Parallelization scheme autoconfig: 4 worker(s) x 1 thread(s)

[00:00:00] Generating 10 random starting tree(s) with 40 taxa
[00:00:00] Generating 10 parsimony starting tree(s) with 40 taxa
Parallel parsimony with 4 threads
Parallel reduction/worker buffer size: 1 KB  / 0 KB

[00:00:00] Data distribution: max. partitions/sites/weight per thread: 1 / 123 / 1968
[00:00:00] Data distribution: max. searches per worker: 5

Starting ML tree search with 20 distinct starting trees

[00:00:00 -3081.935534] Initial branch length optimization
[00:00:00 -2028.058511] Model parameter optimization (eps = 10.000000)
[00:00:00 -1940.213766] AUTODETECT spr round 1 (radius: 5)
[00:00:00 -1703.535940] AUTODETECT spr round 2 (radius: 10)
[00:00:00 -1681.081141] AUTODETECT spr round 3 (radius: 15)
[00:00:00 -1681.080624] SPR radius for FAST iterations: 10 (autodetect)
[00:00:00 -1681.080624] Model parameter optimization (eps = 3.000000)
[00:00:00 -1673.472290] FAST spr round 1 (radius: 10)
[00:00:00 -1632.256891] FAST spr round 2 (radius: 10)
[00:00:00 -1630.957113] Model parameter optimization (eps = 1.000000)
[00:00:00 -1629.651213] SLOW spr round 1 (radius: 5)
[00:00:00 -1629.651137] SLOW spr round 2 (radius: 10)
[00:00:00 -1629.651134] SLOW spr round 3 (radius: 15)
[00:00:00 -1629.651134] SLOW spr round 4 (radius: 20)
[00:00:00 -1629.651134] SLOW spr round 5 (radius: 25)
[00:00:00] [worker #2] ML tree search #3, logLikelihood: -1629.651234
[00:00:00 -1629.651134] Model parameter optimization (eps = 0.100000)

[00:00:00] [worker #0] ML tree search #1, logLikelihood: -1629.651128

[00:00:00 -3083.373537] Initial branch length optimization
[00:00:00 -2030.773363] Model parameter optimization (eps = 10.000000)
[00:00:00 -1942.625308] AUTODETECT spr round 1 (radius: 5)
[00:00:01 -1763.840761] AUTODETECT spr round 2 (radius: 10)
[00:00:01 -1727.357942] AUTODETECT spr round 3 (radius: 15)
[00:00:01] [worker #1] ML tree search #2, logLikelihood: -1625.018489
[00:00:01 -1653.849562] AUTODETECT spr round 4 (radius: 20)
[00:00:01 -1653.846749] SPR radius for FAST iterations: 15 (autodetect)
[00:00:01 -1653.846749] Model parameter optimization (eps = 3.000000)
[00:00:01 -1644.059002] FAST spr round 1 (radius: 15)
[00:00:01] [worker #3] ML tree search #4, logLikelihood: -1629.651506
[00:00:01 -1627.177020] FAST spr round 2 (radius: 15)
[00:00:01 -1625.527411] Model parameter optimization (eps = 1.000000)
[00:00:01 -1625.019332] SLOW spr round 1 (radius: 5)
[00:00:01 -1625.019249] SLOW spr round 2 (radius: 10)
[00:00:01 -1625.019249] SLOW spr round 3 (radius: 15)
[00:00:01] [worker #2] ML tree search #7, logLikelihood: -1626.362974
[00:00:01 -1625.019249] SLOW spr round 4 (radius: 20)
[00:00:01 -1625.019249] SLOW spr round 5 (radius: 25)
[00:00:01 -1625.019249] Model parameter optimization (eps = 0.100000)

[00:00:01] [worker #0] ML tree search #5, logLikelihood: -1625.018472

[00:00:01 -3060.362794] Initial branch length optimization
[00:00:01 -2005.908634] Model parameter optimization (eps = 10.000000)
[00:00:01 -1925.586451] AUTODETECT spr round 1 (radius: 5)
[00:00:01 -1748.809493] AUTODETECT spr round 2 (radius: 10)
[00:00:01] [worker #1] ML tree search #6, logLikelihood: -1625.018466
[00:00:01 -1658.007531] AUTODETECT spr round 3 (radius: 15)
[00:00:01 -1655.898030] AUTODETECT spr round 4 (radius: 20)
[00:00:01 -1655.890881] SPR radius for FAST iterations: 15 (autodetect)
[00:00:01 -1655.890881] Model parameter optimization (eps = 3.000000)
[00:00:02 -1647.227156] FAST spr round 1 (radius: 15)
[00:00:02 -1635.619905] FAST spr round 2 (radius: 15)
[00:00:02 -1630.158147] Model parameter optimization (eps = 1.000000)
[00:00:02 -1629.652242] SLOW spr round 1 (radius: 5)
[00:00:02] [worker #3] ML tree search #8, logLikelihood: -1629.651239
[00:00:02 -1629.651972] SLOW spr round 2 (radius: 10)
[00:00:02] [worker #2] ML tree search #11, logLikelihood: -1625.018461
[00:00:02 -1629.651972] SLOW spr round 3 (radius: 15)
[00:00:02 -1629.651972] SLOW spr round 4 (radius: 20)
[00:00:02 -1629.651972] SLOW spr round 5 (radius: 25)
[00:00:02 -1629.651972] Model parameter optimization (eps = 0.100000)

[00:00:02] [worker #0] ML tree search #9, logLikelihood: -1629.651235

[00:00:02 -2697.999098] Initial branch length optimization
[00:00:02 -1652.823506] Model parameter optimization (eps = 10.000000)
[00:00:02 -1631.433300] AUTODETECT spr round 1 (radius: 5)
[00:00:02 -1631.433246] SPR radius for FAST iterations: 5 (autodetect)
[00:00:02 -1631.433246] Model parameter optimization (eps = 3.000000)
[00:00:02 -1631.433242] FAST spr round 1 (radius: 5)
[00:00:02 -1631.433242] Model parameter optimization (eps = 1.000000)
[00:00:02 -1631.433242] SLOW spr round 1 (radius: 5)
[00:00:02] [worker #1] ML tree search #10, logLikelihood: -1625.018485
[00:00:02 -1631.433166] SLOW spr round 2 (radius: 10)
[00:00:02] [worker #3] ML tree search #12, logLikelihood: -1625.018464
[00:00:03 -1625.095667] SLOW spr round 3 (radius: 15)
[00:00:03 -1625.095667] SLOW spr round 4 (radius: 20)
[00:00:03 -1625.095667] SLOW spr round 5 (radius: 25)
[00:00:03 -1625.095667] Model parameter optimization (eps = 0.100000)

[00:00:03] [worker #0] ML tree search #13, logLikelihood: -1625.018499

[00:00:03 -2697.408932] Initial branch length optimization
[00:00:03 -1649.232202] Model parameter optimization (eps = 10.000000)
[00:00:03] [worker #2] ML tree search #15, logLikelihood: -1629.651499
[00:00:03 -1626.775194] AUTODETECT spr round 1 (radius: 5)
[00:00:03 -1625.040612] AUTODETECT spr round 2 (radius: 10)
[00:00:03] [worker #1] ML tree search #14, logLikelihood: -1629.651236
[00:00:03 -1625.040563] SPR radius for FAST iterations: 5 (autodetect)
[00:00:03 -1625.040563] Model parameter optimization (eps = 3.000000)
[00:00:03 -1625.018501] FAST spr round 1 (radius: 5)
[00:00:03 -1625.018501] Model parameter optimization (eps = 1.000000)
[00:00:03 -1625.018478] SLOW spr round 1 (radius: 5)
[00:00:03 -1625.018478] SLOW spr round 2 (radius: 10)
[00:00:03] [worker #3] ML tree search #16, logLikelihood: -1629.651134
[00:00:03 -1625.018478] SLOW spr round 3 (radius: 15)
[00:00:04 -1625.018478] SLOW spr round 4 (radius: 20)
[00:00:04 -1625.018478] SLOW spr round 5 (radius: 25)
[00:00:04 -1625.018478] Model parameter optimization (eps = 0.100000)

[00:00:04] [worker #0] ML tree search #17, logLikelihood: -1625.018478

[00:00:04] [worker #2] ML tree search #19, logLikelihood: -1629.651503
[00:00:04] [worker #1] ML tree search #18, logLikelihood: -1625.018465
[00:00:04] [worker #3] ML tree search #20, logLikelihood: -1629.651492

Optimized model parameters:

   Partition 0: noname
   Rate heterogeneity: GAMMA (4 cats, mean),  alpha: 1.002724 (ML),  weights&rates: (0.250000,0.137497) (0.250000,0.477569) (0.250000,1.000450) (0.250000,2.384484) 
   Base frequencies (empirical): 0.289383 0.228391 0.186848 0.295378 
   Substitution rates (ML): 1.179468 3.055971 1.151943 0.931407 3.754654 1.000000 


Final LogLikelihood: -1625.018461

AIC score: 3422.036923 / AICc score: 3454.924835 / BIC score: 3791.429799
Free parameters (model + branch lengths): 86

WARNING: Best ML tree contains 23 near-zero branches!

Best ML tree with collapsed near-zero branches saved to: /data/jeremias/eucs/roadies/output/genes/gene_157_filtered.fa.aln.raxml.bestTreeCollapsed
Best ML tree saved to: /data/jeremias/eucs/roadies/output/genes/gene_157_filtered.fa.aln.raxml.bestTree
All ML trees saved to: /data/jeremias/eucs/roadies/output/genes/gene_157_filtered.fa.aln.raxml.mlTrees
Optimized model saved to: /data/jeremias/eucs/roadies/output/genes/gene_157_filtered.fa.aln.raxml.bestModel

Execution log saved to: /data/jeremias/eucs/roadies/output/genes/gene_157_filtered.fa.aln.raxml.log

Analysis started: 29-Jul-2024 14:09:32 / finished: 29-Jul-2024 14:09:36

Elapsed time: 4.515 seconds

