
RAxML-NG v. 1.2.2 released on 11.04.2024 by The Exelixis Lab.
Developed by: Alexey M. Kozlov and Alexandros Stamatakis.
Contributors: Diego Darriba, Tomas Flouri, Benoit Morel, Sarah Lutteropp, Ben Bettisworth, Julia Haag, Anastasis Togkousidis.
Latest version: https://github.com/amkozlov/raxml-ng
Questions/problems/suggestions? Please visit: https://groups.google.com/forum/#!forum/raxml

System: AMD EPYC 7742 64-Core Processor, 128 cores, 1007 GB RAM

RAxML-NG was called at 03-Jul-2024 19:40:45 as follows:

raxml-ng --msa /data/jeremias/eucs/roadies/output/genes/gene_140_filtered.fa.aln --model GTR+G+F --redo --threads auto{4} --blopt nr_safe

Analysis options:
  run mode: ML tree search
  start tree(s): random (10) + parsimony (10)
  random seed: 1719999645
  tip-inner: OFF
  pattern compression: ON
  per-rate scalers: OFF
  site repeats: ON
  logLH epsilon: general: 10.000000, brlen-triplet: 1000.000000
  fast spr radius: AUTO
  spr subtree cutoff: 1.000000
  fast CLV updates: ON
  branch lengths: proportional (ML estimate, algorithm: NR-SAFE)
  SIMD kernels: AVX2
  parallelization: coarse-grained (auto), PTHREADS (auto)

WARNING: Running in REDO mode: existing checkpoints are ignored, and all result files will be overwritten!

[00:00:00] Reading alignment from file: /data/jeremias/eucs/roadies/output/genes/gene_140_filtered.fa.aln
[00:00:00] Loaded alignment with 235 taxa and 569 sites

WARNING: Sequences GCA_016097615.1_1 and GCA_016097615.1_2 are exactly identical!
WARNING: Duplicate sequences found: 1

NOTE: Reduced alignment (with duplicates and gap-only sites/taxa removed) 
NOTE: was saved to: /data/jeremias/eucs/roadies/output/genes/gene_140_filtered.fa.aln.raxml.reduced.phy

Alignment comprises 1 partitions and 563 patterns

Partition 0: noname
Model: GTR+FC+G4m
Alignment sites / patterns: 569 / 563
Gaps: 19.13 %
Invariant sites: 4.75 %


NOTE: Binary MSA file created: /data/jeremias/eucs/roadies/output/genes/gene_140_filtered.fa.aln.raxml.rba

Parallelization scheme autoconfig: 4 worker(s) x 1 thread(s)

[00:00:00] Generating 10 random starting tree(s) with 235 taxa
[00:00:00] Generating 10 parsimony starting tree(s) with 235 taxa
Parallel parsimony with 4 threads
Parallel reduction/worker buffer size: 1 KB  / 0 KB

[00:00:00] Data distribution: max. partitions/sites/weight per thread: 1 / 563 / 9008
[00:00:00] Data distribution: max. searches per worker: 5

Starting ML tree search with 20 distinct starting trees

[00:00:00 -69252.076312] Initial branch length optimization
[00:00:00 -61361.728352] Model parameter optimization (eps = 10.000000)
[00:00:01 -55876.500741] AUTODETECT spr round 1 (radius: 5)
[00:00:02 -42413.573532] AUTODETECT spr round 2 (radius: 10)
[00:00:04 -33558.854889] AUTODETECT spr round 3 (radius: 15)
[00:00:08 -30993.298363] AUTODETECT spr round 4 (radius: 20)
[00:00:11 -30961.351959] AUTODETECT spr round 5 (radius: 25)
[00:00:16 -30957.735709] SPR radius for FAST iterations: 25 (autodetect)
[00:00:16 -30957.735709] Model parameter optimization (eps = 3.000000)
[00:00:17 -30780.931505] FAST spr round 1 (radius: 25)
[00:00:19 -28455.917405] FAST spr round 2 (radius: 25)
[00:00:21 -28368.905737] FAST spr round 3 (radius: 25)
[00:00:22 -28366.671842] Model parameter optimization (eps = 1.000000)
[00:00:23 -28364.864251] SLOW spr round 1 (radius: 5)
[00:00:28 -28350.820020] SLOW spr round 2 (radius: 5)
[00:00:32 -28350.816773] SLOW spr round 3 (radius: 10)
[00:00:36 -28349.077800] SLOW spr round 4 (radius: 15)
[00:00:43 -28349.076407] SLOW spr round 5 (radius: 20)
[00:00:51 -28349.076402] SLOW spr round 6 (radius: 25)
[00:00:56] [worker #3] ML tree search #4, logLikelihood: -28344.191610
[00:00:59 -28349.076402] Model parameter optimization (eps = 0.100000)

[00:00:59] [worker #0] ML tree search #1, logLikelihood: -28349.021253

[00:00:59 -70110.388299] Initial branch length optimization
[00:00:59 -61369.589164] Model parameter optimization (eps = 10.000000)
[00:01:00] [worker #1] ML tree search #2, logLikelihood: -28344.642193
[00:01:01 -55824.804886] AUTODETECT spr round 1 (radius: 5)
[00:01:02] [worker #2] ML tree search #3, logLikelihood: -28343.218776
[00:01:02 -43112.104743] AUTODETECT spr round 2 (radius: 10)
[00:01:05 -32387.393046] AUTODETECT spr round 3 (radius: 15)
[00:01:09 -31046.566500] AUTODETECT spr round 4 (radius: 20)
[00:01:14 -31044.470674] AUTODETECT spr round 5 (radius: 25)
[00:01:18 -31042.257919] SPR radius for FAST iterations: 25 (autodetect)
[00:01:18 -31042.257919] Model parameter optimization (eps = 3.000000)
[00:01:20 -30846.745109] FAST spr round 1 (radius: 25)
[00:01:22 -28398.485850] FAST spr round 2 (radius: 25)
[00:01:24 -28365.193527] FAST spr round 3 (radius: 25)
[00:01:25 -28360.833023] Model parameter optimization (eps = 1.000000)
[00:01:25 -28358.811368] SLOW spr round 1 (radius: 5)
[00:01:31 -28350.464823] SLOW spr round 2 (radius: 10)
[00:01:34 -28348.168264] SLOW spr round 3 (radius: 15)
[00:01:41 -28348.167464] SLOW spr round 4 (radius: 20)
[00:01:47] [worker #3] ML tree search #8, logLikelihood: -28352.027477
[00:01:49 -28348.167464] SLOW spr round 5 (radius: 25)
[00:01:53] [worker #1] ML tree search #6, logLikelihood: -28345.731829
[00:01:56 -28348.167464] Model parameter optimization (eps = 0.100000)

[00:01:56] [worker #0] ML tree search #5, logLikelihood: -28348.123787

[00:01:56 -69229.735556] Initial branch length optimization
[00:01:56 -61013.437124] Model parameter optimization (eps = 10.000000)
[00:01:57] [worker #2] ML tree search #7, logLikelihood: -28354.899073
[00:01:58 -55491.147860] AUTODETECT spr round 1 (radius: 5)
[00:01:59 -42676.014663] AUTODETECT spr round 2 (radius: 10)
[00:02:01 -31770.373856] AUTODETECT spr round 3 (radius: 15)
[00:02:05 -30728.635752] AUTODETECT spr round 4 (radius: 20)
[00:02:10 -30728.050896] AUTODETECT spr round 5 (radius: 25)
[00:02:13 -30727.792758] SPR radius for FAST iterations: 25 (autodetect)
[00:02:13 -30727.792758] Model parameter optimization (eps = 3.000000)
[00:02:15 -30558.303574] FAST spr round 1 (radius: 25)
[00:02:17 -28479.814359] FAST spr round 2 (radius: 25)
[00:02:19 -28366.396343] FAST spr round 3 (radius: 25)
[00:02:21 -28361.477069] Model parameter optimization (eps = 1.000000)
[00:02:21 -28359.092093] SLOW spr round 1 (radius: 5)
[00:02:26 -28346.784108] SLOW spr round 2 (radius: 5)
[00:02:30 -28346.767830] SLOW spr round 3 (radius: 10)
[00:02:31] [worker #3] ML tree search #12, logLikelihood: -28349.990410
[00:02:34 -28345.314922] SLOW spr round 4 (radius: 15)
[00:02:39] [worker #2] ML tree search #11, logLikelihood: -28340.060486
[00:02:40 -28345.312850] SLOW spr round 5 (radius: 20)
[00:02:48] [worker #1] ML tree search #10, logLikelihood: -28345.941662
[00:02:49 -28345.312844] SLOW spr round 6 (radius: 25)
[00:02:55 -28345.312844] Model parameter optimization (eps = 0.100000)

[00:02:56] [worker #0] ML tree search #9, logLikelihood: -28345.283998

[00:02:56 -35036.023479] Initial branch length optimization
[00:02:56 -31514.200612] Model parameter optimization (eps = 10.000000)
[00:02:57 -28632.766563] AUTODETECT spr round 1 (radius: 5)
[00:02:58 -28375.205820] AUTODETECT spr round 2 (radius: 10)
[00:03:01 -28371.393593] AUTODETECT spr round 3 (radius: 15)
[00:03:06 -28371.317437] SPR radius for FAST iterations: 10 (autodetect)
[00:03:06 -28371.317437] Model parameter optimization (eps = 3.000000)
[00:03:07 -28370.796507] FAST spr round 1 (radius: 10)
[00:03:08 -28361.075771] Model parameter optimization (eps = 1.000000)
[00:03:08 -28361.048303] SLOW spr round 1 (radius: 5)
[00:03:13 -28351.891953] SLOW spr round 2 (radius: 10)
[00:03:13] [worker #3] ML tree search #16, logLikelihood: -28344.088006
[00:03:14] [worker #2] ML tree search #15, logLikelihood: -28347.292900
[00:03:16 -28351.891128] SLOW spr round 3 (radius: 15)
[00:03:23 -28351.891106] SLOW spr round 4 (radius: 20)
[00:03:29] [worker #1] ML tree search #14, logLikelihood: -28346.109139
[00:03:32 -28351.891105] SLOW spr round 5 (radius: 25)
[00:03:39 -28351.891105] Model parameter optimization (eps = 0.100000)

[00:03:39] [worker #0] ML tree search #13, logLikelihood: -28351.865250

[00:03:39 -35037.512381] Initial branch length optimization
[00:03:39 -31475.083410] Model parameter optimization (eps = 10.000000)
[00:03:41 -28582.616810] AUTODETECT spr round 1 (radius: 5)
[00:03:42 -28370.710369] AUTODETECT spr round 2 (radius: 10)
[00:03:44 -28370.610059] AUTODETECT spr round 3 (radius: 15)
[00:03:49 -28370.593546] SPR radius for FAST iterations: 10 (autodetect)
[00:03:49 -28370.593546] Model parameter optimization (eps = 3.000000)
[00:03:49 -28369.977964] FAST spr round 1 (radius: 10)
[00:03:49] [worker #3] ML tree search #20, logLikelihood: -28349.061727
[00:03:50 -28358.716326] FAST spr round 2 (radius: 10)
[00:03:51 -28356.545319] Model parameter optimization (eps = 1.000000)
[00:03:51 -28356.524219] SLOW spr round 1 (radius: 5)
[00:03:56 -28346.543593] SLOW spr round 2 (radius: 10)
[00:04:00 -28345.854382] SLOW spr round 3 (radius: 15)
[00:04:02] [worker #2] ML tree search #19, logLikelihood: -28348.201901
[00:04:06 -28345.852420] SLOW spr round 4 (radius: 20)
[00:04:14 -28345.852414] SLOW spr round 5 (radius: 25)
[00:04:20] [worker #1] ML tree search #18, logLikelihood: -28345.425584
[00:04:21 -28345.852414] Model parameter optimization (eps = 0.100000)

[00:04:21] [worker #0] ML tree search #17, logLikelihood: -28345.833267


Optimized model parameters:

   Partition 0: noname
   Rate heterogeneity: GAMMA (4 cats, mean),  alpha: 1.661093 (ML),  weights&rates: (0.250000,0.249170) (0.250000,0.613345) (0.250000,1.058631) (0.250000,2.078854) 
   Base frequencies (empirical): 0.278657 0.171481 0.145913 0.403949 
   Substitution rates (ML): 2.178250 13.672026 1.238666 0.753061 6.993720 1.000000 


Final LogLikelihood: -28340.060486

AIC score: 57632.120972 / AICc score: 62568.034015 / BIC score: 59699.808058
Free parameters (model + branch lengths): 476

WARNING: Best ML tree contains 20 near-zero branches!

Best ML tree with collapsed near-zero branches saved to: /data/jeremias/eucs/roadies/output/genes/gene_140_filtered.fa.aln.raxml.bestTreeCollapsed
Best ML tree saved to: /data/jeremias/eucs/roadies/output/genes/gene_140_filtered.fa.aln.raxml.bestTree
All ML trees saved to: /data/jeremias/eucs/roadies/output/genes/gene_140_filtered.fa.aln.raxml.mlTrees
Optimized model saved to: /data/jeremias/eucs/roadies/output/genes/gene_140_filtered.fa.aln.raxml.bestModel

Execution log saved to: /data/jeremias/eucs/roadies/output/genes/gene_140_filtered.fa.aln.raxml.log

Analysis started: 03-Jul-2024 19:40:45 / finished: 03-Jul-2024 19:45:07

Elapsed time: 261.527 seconds

