
RAxML-NG v. 1.2.2 released on 11.04.2024 by The Exelixis Lab.
Developed by: Alexey M. Kozlov and Alexandros Stamatakis.
Contributors: Diego Darriba, Tomas Flouri, Benoit Morel, Sarah Lutteropp, Ben Bettisworth, Julia Haag, Anastasis Togkousidis.
Latest version: https://github.com/amkozlov/raxml-ng
Questions/problems/suggestions? Please visit: https://groups.google.com/forum/#!forum/raxml

System: AMD EPYC 7742 64-Core Processor, 128 cores, 1007 GB RAM

RAxML-NG was called at 29-Jul-2024 16:48:49 as follows:

raxml-ng --msa /data/jeremias/eucs/roadies/output/genes/gene_189_filtered.fa.aln --model GTR+G+F --redo --threads auto{4} --blopt nr_safe

Analysis options:
  run mode: ML tree search
  start tree(s): random (10) + parsimony (10)
  random seed: 1722235729
  tip-inner: OFF
  pattern compression: ON
  per-rate scalers: OFF
  site repeats: ON
  logLH epsilon: general: 10.000000, brlen-triplet: 1000.000000
  fast spr radius: AUTO
  spr subtree cutoff: 1.000000
  fast CLV updates: ON
  branch lengths: proportional (ML estimate, algorithm: NR-SAFE)
  SIMD kernels: AVX2
  parallelization: coarse-grained (auto), PTHREADS (auto)

WARNING: Running in REDO mode: existing checkpoints are ignored, and all result files will be overwritten!

[00:00:00] Reading alignment from file: /data/jeremias/eucs/roadies/output/genes/gene_189_filtered.fa.aln
[00:00:00] Loaded alignment with 26 taxa and 560 sites

Alignment comprises 1 partitions and 199 patterns

Partition 0: noname
Model: GTR+FC+G4m
Alignment sites / patterns: 560 / 199
Gaps: 12.93 %
Invariant sites: 72.68 %


NOTE: Binary MSA file created: /data/jeremias/eucs/roadies/output/genes/gene_189_filtered.fa.aln.raxml.rba

Parallelization scheme autoconfig: 4 worker(s) x 1 thread(s)

[00:00:00] Generating 10 random starting tree(s) with 26 taxa
[00:00:00] Generating 10 parsimony starting tree(s) with 26 taxa
Parallel parsimony with 4 threads
Parallel reduction/worker buffer size: 1 KB  / 0 KB

[00:00:00] Data distribution: max. partitions/sites/weight per thread: 1 / 199 / 3184
[00:00:00] Data distribution: max. searches per worker: 5

Starting ML tree search with 20 distinct starting trees

[00:00:00 -3393.867614] Initial branch length optimization
[00:00:00 -2789.904299] Model parameter optimization (eps = 10.000000)
[00:00:00 -2553.339952] AUTODETECT spr round 1 (radius: 5)
[00:00:00 -2150.220806] AUTODETECT spr round 2 (radius: 10)
[00:00:00 -2065.780165] AUTODETECT spr round 3 (radius: 15)
[00:00:00 -2065.715098] SPR radius for FAST iterations: 10 (autodetect)
[00:00:00 -2065.715098] Model parameter optimization (eps = 3.000000)
[00:00:00 -2041.205753] FAST spr round 1 (radius: 10)
[00:00:00 -1975.385864] FAST spr round 2 (radius: 10)
[00:00:00 -1970.995422] Model parameter optimization (eps = 1.000000)
[00:00:00 -1968.804403] SLOW spr round 1 (radius: 5)
[00:00:00 -1968.000539] SLOW spr round 2 (radius: 10)
[00:00:00 -1968.000524] SLOW spr round 3 (radius: 15)
[00:00:00] [worker #3] ML tree search #4, logLikelihood: -1967.940691
[00:00:00] [worker #1] ML tree search #2, logLikelihood: -1967.940648
[00:00:01 -1968.000524] SLOW spr round 4 (radius: 20)
[00:00:01 -1968.000524] SLOW spr round 5 (radius: 25)
[00:00:01 -1968.000524] Model parameter optimization (eps = 0.100000)
[00:00:01] [worker #2] ML tree search #3, logLikelihood: -1967.940640

[00:00:01] [worker #0] ML tree search #1, logLikelihood: -1967.941140

[00:00:01 -3358.965837] Initial branch length optimization
[00:00:01 -2749.067814] Model parameter optimization (eps = 10.000000)
[00:00:01 -2535.670500] AUTODETECT spr round 1 (radius: 5)
[00:00:01 -2059.187031] AUTODETECT spr round 2 (radius: 10)
[00:00:01 -2058.922422] AUTODETECT spr round 3 (radius: 15)
[00:00:01 -2058.900145] SPR radius for FAST iterations: 10 (autodetect)
[00:00:01 -2058.900145] Model parameter optimization (eps = 3.000000)
[00:00:01 -2039.370691] FAST spr round 1 (radius: 10)
[00:00:01 -1976.831252] FAST spr round 2 (radius: 10)
[00:00:01 -1970.814800] Model parameter optimization (eps = 1.000000)
[00:00:01 -1967.940918] SLOW spr round 1 (radius: 5)
[00:00:01] [worker #3] ML tree search #8, logLikelihood: -1967.940882
[00:00:02 -1967.940661] SLOW spr round 2 (radius: 10)
[00:00:02 -1967.940661] SLOW spr round 3 (radius: 15)
[00:00:02 -1967.940661] SLOW spr round 4 (radius: 20)
[00:00:02 -1967.940661] SLOW spr round 5 (radius: 25)
[00:00:02 -1967.940661] Model parameter optimization (eps = 0.100000)

[00:00:02] [worker #0] ML tree search #5, logLikelihood: -1967.940639

[00:00:02 -3355.955127] Initial branch length optimization
[00:00:02 -2724.427303] Model parameter optimization (eps = 10.000000)
[00:00:02] [worker #1] ML tree search #6, logLikelihood: -1968.712276
[00:00:02 -2508.947034] AUTODETECT spr round 1 (radius: 5)
[00:00:02 -2035.322904] AUTODETECT spr round 2 (radius: 10)
[00:00:02] [worker #2] ML tree search #7, logLikelihood: -1967.940948
[00:00:02 -2022.874259] AUTODETECT spr round 3 (radius: 15)
[00:00:02 -2022.862118] SPR radius for FAST iterations: 10 (autodetect)
[00:00:02 -2022.862118] Model parameter optimization (eps = 3.000000)
[00:00:02] [worker #3] ML tree search #12, logLikelihood: -1967.940645
[00:00:02 -1998.430823] FAST spr round 1 (radius: 10)
[00:00:02 -1969.315123] FAST spr round 2 (radius: 10)
[00:00:02 -1969.314877] Model parameter optimization (eps = 1.000000)
[00:00:02 -1968.716789] SLOW spr round 1 (radius: 5)
[00:00:02 -1968.479874] SLOW spr round 2 (radius: 10)
[00:00:02] [worker #2] ML tree search #11, logLikelihood: -1967.940641
[00:00:03 -1968.479873] SLOW spr round 3 (radius: 15)
[00:00:03 -1968.479873] SLOW spr round 4 (radius: 20)
[00:00:03 -1968.479873] SLOW spr round 5 (radius: 25)
[00:00:03 -1968.479873] Model parameter optimization (eps = 0.100000)

[00:00:03] [worker #0] ML tree search #9, logLikelihood: -1968.474602

[00:00:03 -2625.981234] Initial branch length optimization
[00:00:03 -2010.929380] Model parameter optimization (eps = 10.000000)
[00:00:03 -1976.842128] AUTODETECT spr round 1 (radius: 5)
[00:00:03] [worker #1] ML tree search #10, logLikelihood: -1967.940638
[00:00:03] [worker #3] ML tree search #16, logLikelihood: -1967.940694
[00:00:03 -1968.099769] AUTODETECT spr round 2 (radius: 10)
[00:00:03 -1968.096303] SPR radius for FAST iterations: 5 (autodetect)
[00:00:03 -1968.096303] Model parameter optimization (eps = 3.000000)
[00:00:03 -1967.941374] FAST spr round 1 (radius: 5)
[00:00:03 -1967.941350] Model parameter optimization (eps = 1.000000)
[00:00:03 -1967.940884] SLOW spr round 1 (radius: 5)
[00:00:03] [worker #2] ML tree search #15, logLikelihood: -1967.940705
[00:00:03 -1967.940642] SLOW spr round 2 (radius: 10)
[00:00:03 -1967.940642] SLOW spr round 3 (radius: 15)
[00:00:03 -1967.940642] SLOW spr round 4 (radius: 20)
[00:00:03 -1967.940642] SLOW spr round 5 (radius: 25)
[00:00:03 -1967.940642] Model parameter optimization (eps = 0.100000)

[00:00:03] [worker #0] ML tree search #13, logLikelihood: -1967.940637

[00:00:03 -2630.807040] Initial branch length optimization
[00:00:03 -2020.262781] Model parameter optimization (eps = 10.000000)
[00:00:03 -1984.912837] AUTODETECT spr round 1 (radius: 5)
[00:00:03] [worker #3] ML tree search #20, logLikelihood: -1967.940641
[00:00:03 -1968.897089] AUTODETECT spr round 2 (radius: 10)
[00:00:03 -1968.892699] SPR radius for FAST iterations: 5 (autodetect)
[00:00:03 -1968.892699] Model parameter optimization (eps = 3.000000)
[00:00:04 -1968.713259] FAST spr round 1 (radius: 5)
[00:00:04] [worker #1] ML tree search #14, logLikelihood: -1967.940640
[00:00:04 -1968.713153] Model parameter optimization (eps = 1.000000)
[00:00:04 -1968.712456] SLOW spr round 1 (radius: 5)
[00:00:04] [worker #2] ML tree search #19, logLikelihood: -1967.940702
[00:00:04 -1967.969212] SLOW spr round 2 (radius: 10)
[00:00:04 -1967.969170] SLOW spr round 3 (radius: 15)
[00:00:04 -1967.969170] SLOW spr round 4 (radius: 20)
[00:00:04 -1967.969170] SLOW spr round 5 (radius: 25)
[00:00:04 -1967.969170] Model parameter optimization (eps = 0.100000)

[00:00:04] [worker #0] ML tree search #17, logLikelihood: -1967.940706

[00:00:04] [worker #1] ML tree search #18, logLikelihood: -1967.940645

Optimized model parameters:

   Partition 0: noname
   Rate heterogeneity: GAMMA (4 cats, mean),  alpha: 1.140270 (ML),  weights&rates: (0.250000,0.164062) (0.250000,0.515203) (0.250000,1.019844) (0.250000,2.300891) 
   Base frequencies (empirical): 0.285478 0.192396 0.261497 0.260629 
   Substitution rates (ML): 1.758125 4.002835 1.066138 2.220609 5.300548 1.000000 


Final LogLikelihood: -1967.940637

AIC score: 4051.881274 / AICc score: 4065.541953 / BIC score: 4302.901607
Free parameters (model + branch lengths): 58

WARNING: Best ML tree contains 6 near-zero branches!

Best ML tree with collapsed near-zero branches saved to: /data/jeremias/eucs/roadies/output/genes/gene_189_filtered.fa.aln.raxml.bestTreeCollapsed
Best ML tree saved to: /data/jeremias/eucs/roadies/output/genes/gene_189_filtered.fa.aln.raxml.bestTree
All ML trees saved to: /data/jeremias/eucs/roadies/output/genes/gene_189_filtered.fa.aln.raxml.mlTrees
Optimized model saved to: /data/jeremias/eucs/roadies/output/genes/gene_189_filtered.fa.aln.raxml.bestModel

Execution log saved to: /data/jeremias/eucs/roadies/output/genes/gene_189_filtered.fa.aln.raxml.log

Analysis started: 29-Jul-2024 16:48:49 / finished: 29-Jul-2024 16:48:54

Elapsed time: 4.671 seconds

