
RAxML-NG v. 1.2.2 released on 11.04.2024 by The Exelixis Lab.
Developed by: Alexey M. Kozlov and Alexandros Stamatakis.
Contributors: Diego Darriba, Tomas Flouri, Benoit Morel, Sarah Lutteropp, Ben Bettisworth, Julia Haag, Anastasis Togkousidis.
Latest version: https://github.com/amkozlov/raxml-ng
Questions/problems/suggestions? Please visit: https://groups.google.com/forum/#!forum/raxml

System: AMD EPYC 7742 64-Core Processor, 128 cores, 1007 GB RAM

RAxML-NG was called at 29-Jul-2024 14:44:23 as follows:

raxml-ng --msa /data/jeremias/eucs/roadies/output/genes/gene_61_filtered.fa.aln --model GTR+G+F --redo --threads auto{4} --blopt nr_safe

Analysis options:
  run mode: ML tree search
  start tree(s): random (10) + parsimony (10)
  random seed: 1722228263
  tip-inner: OFF
  pattern compression: ON
  per-rate scalers: OFF
  site repeats: ON
  logLH epsilon: general: 10.000000, brlen-triplet: 1000.000000
  fast spr radius: AUTO
  spr subtree cutoff: 1.000000
  fast CLV updates: ON
  branch lengths: proportional (ML estimate, algorithm: NR-SAFE)
  SIMD kernels: AVX2
  parallelization: coarse-grained (auto), PTHREADS (auto)

WARNING: Running in REDO mode: existing checkpoints are ignored, and all result files will be overwritten!

[00:00:00] Reading alignment from file: /data/jeremias/eucs/roadies/output/genes/gene_61_filtered.fa.aln
[00:00:00] Loaded alignment with 12 taxa and 637 sites

WARNING: Sequences E_regnans_0 and E_pauciflora_0 are exactly identical!
WARNING: Duplicate sequences found: 1

NOTE: Reduced alignment (with duplicates and gap-only sites/taxa removed) 
NOTE: was saved to: /data/jeremias/eucs/roadies/output/genes/gene_61_filtered.fa.aln.raxml.reduced.phy

Alignment comprises 1 partitions and 325 patterns

Partition 0: noname
Model: GTR+FC+G4m
Alignment sites / patterns: 637 / 325
Gaps: 19.30 %
Invariant sites: 47.25 %


NOTE: Binary MSA file created: /data/jeremias/eucs/roadies/output/genes/gene_61_filtered.fa.aln.raxml.rba

Parallelization scheme autoconfig: 4 worker(s) x 1 thread(s)

[00:00:00] Generating 10 random starting tree(s) with 12 taxa
[00:00:00] Generating 10 parsimony starting tree(s) with 12 taxa
Parallel parsimony with 4 threads
Parallel reduction/worker buffer size: 1 KB  / 0 KB

[00:00:00] Data distribution: max. partitions/sites/weight per thread: 1 / 325 / 5200
[00:00:00] Data distribution: max. searches per worker: 5

Starting ML tree search with 20 distinct starting trees

[00:00:00 -4585.824222] Initial branch length optimization
[00:00:00 -4185.231281] Model parameter optimization (eps = 10.000000)
[00:00:00 -4056.741306] AUTODETECT spr round 1 (radius: 5)
[00:00:00 -3268.562728] AUTODETECT spr round 2 (radius: 10)
[00:00:00 -3267.122558] SPR radius for FAST iterations: 10 (autodetect)
[00:00:00 -3267.122558] Model parameter optimization (eps = 3.000000)
[00:00:00 -3244.397063] FAST spr round 1 (radius: 10)
[00:00:00 -3226.020707] FAST spr round 2 (radius: 10)
[00:00:00 -3225.991963] Model parameter optimization (eps = 1.000000)
[00:00:00 -3224.643879] SLOW spr round 1 (radius: 5)
[00:00:00] [worker #1] ML tree search #2, logLikelihood: -3224.636973
[00:00:00] [worker #2] ML tree search #3, logLikelihood: -3224.637213
[00:00:00] [worker #3] ML tree search #4, logLikelihood: -3224.637617
[00:00:00 -3224.642197] SLOW spr round 2 (radius: 10)
[00:00:00 -3224.642110] Model parameter optimization (eps = 0.100000)

[00:00:00] [worker #0] ML tree search #1, logLikelihood: -3224.637098

[00:00:00 -4616.567431] Initial branch length optimization
[00:00:00 -4191.653906] Model parameter optimization (eps = 10.000000)
[00:00:00 -4067.739235] AUTODETECT spr round 1 (radius: 5)
[00:00:00 -3270.168339] AUTODETECT spr round 2 (radius: 10)
[00:00:00 -3269.068454] SPR radius for FAST iterations: 10 (autodetect)
[00:00:00 -3269.068454] Model parameter optimization (eps = 3.000000)
[00:00:00 -3250.979659] FAST spr round 1 (radius: 10)
[00:00:00 -3230.567171] FAST spr round 2 (radius: 10)
[00:00:00 -3227.763547] Model parameter optimization (eps = 1.000000)
[00:00:00 -3224.667519] SLOW spr round 1 (radius: 5)
[00:00:00] [worker #2] ML tree search #7, logLikelihood: -3224.637150
[00:00:00] [worker #3] ML tree search #8, logLikelihood: -3224.637453
[00:00:00] [worker #1] ML tree search #6, logLikelihood: -3224.637111
[00:00:00 -3224.655552] SLOW spr round 2 (radius: 10)
[00:00:00 -3224.655095] Model parameter optimization (eps = 0.100000)

[00:00:00] [worker #0] ML tree search #5, logLikelihood: -3224.637796

[00:00:00 -4524.324347] Initial branch length optimization
[00:00:00 -3998.794096] Model parameter optimization (eps = 10.000000)
[00:00:00 -3872.463823] AUTODETECT spr round 1 (radius: 5)
[00:00:00 -3278.478968] AUTODETECT spr round 2 (radius: 10)
[00:00:00 -3277.403995] SPR radius for FAST iterations: 10 (autodetect)
[00:00:00 -3277.403995] Model parameter optimization (eps = 3.000000)
[00:00:00 -3250.596240] FAST spr round 1 (radius: 10)
[00:00:01 -3227.970604] FAST spr round 2 (radius: 10)
[00:00:01] [worker #3] ML tree search #12, logLikelihood: -3224.636807
[00:00:01] [worker #2] ML tree search #11, logLikelihood: -3224.636810
[00:00:01 -3225.267371] Model parameter optimization (eps = 1.000000)
[00:00:01 -3224.673037] SLOW spr round 1 (radius: 5)
[00:00:01] [worker #1] ML tree search #10, logLikelihood: -3224.637045
[00:00:01 -3224.663262] SLOW spr round 2 (radius: 10)
[00:00:01 -3224.663169] Model parameter optimization (eps = 0.100000)

[00:00:01] [worker #0] ML tree search #9, logLikelihood: -3224.638105

[00:00:01 -3592.705191] Initial branch length optimization
[00:00:01 -3260.983934] Model parameter optimization (eps = 10.000000)
[00:00:01 -3225.411996] AUTODETECT spr round 1 (radius: 5)
[00:00:01 -3224.715213] AUTODETECT spr round 2 (radius: 10)
[00:00:01 -3224.658665] SPR radius for FAST iterations: 5 (autodetect)
[00:00:01 -3224.658665] Model parameter optimization (eps = 3.000000)
[00:00:01 -3224.639662] FAST spr round 1 (radius: 5)
[00:00:01] [worker #3] ML tree search #16, logLikelihood: -3224.636806
[00:00:01 -3224.637067] Model parameter optimization (eps = 1.000000)
[00:00:01] [worker #2] ML tree search #15, logLikelihood: -3224.636817
[00:00:01 -3224.636829] SLOW spr round 1 (radius: 5)
[00:00:01] [worker #1] ML tree search #14, logLikelihood: -3224.636813
[00:00:01 -3224.636809] SLOW spr round 2 (radius: 10)
[00:00:01 -3224.636808] Model parameter optimization (eps = 0.100000)

[00:00:01] [worker #0] ML tree search #13, logLikelihood: -3224.636806

[00:00:01 -3595.871278] Initial branch length optimization
[00:00:01 -3260.965370] Model parameter optimization (eps = 10.000000)
[00:00:01 -3225.412463] AUTODETECT spr round 1 (radius: 5)
[00:00:01 -3224.696722] AUTODETECT spr round 2 (radius: 10)
[00:00:01 -3224.659587] SPR radius for FAST iterations: 5 (autodetect)
[00:00:01 -3224.659587] Model parameter optimization (eps = 3.000000)
[00:00:01 -3224.641640] FAST spr round 1 (radius: 5)
[00:00:01 -3224.637382] Model parameter optimization (eps = 1.000000)
[00:00:01 -3224.636884] SLOW spr round 1 (radius: 5)
[00:00:01] [worker #3] ML tree search #20, logLikelihood: -3224.636816
[00:00:02] [worker #2] ML tree search #19, logLikelihood: -3224.636809
[00:00:02] [worker #1] ML tree search #18, logLikelihood: -3224.636808
[00:00:02 -3224.636838] SLOW spr round 2 (radius: 10)
[00:00:02 -3224.636837] Model parameter optimization (eps = 0.100000)

[00:00:02] [worker #0] ML tree search #17, logLikelihood: -3224.636815


Optimized model parameters:

   Partition 0: noname
   Rate heterogeneity: GAMMA (4 cats, mean),  alpha: 0.971405 (ML),  weights&rates: (0.250000,0.131214) (0.250000,0.467985) (0.250000,0.995095) (0.250000,2.405706) 
   Base frequencies (empirical): 0.274437 0.265035 0.248501 0.212028 
   Substitution rates (ML): 0.730583 1.544285 0.959701 0.648328 2.235130 1.000000 


Final LogLikelihood: -3224.636806

AIC score: 6509.273612 / AICc score: 6512.342919 / BIC score: 6642.976702
Free parameters (model + branch lengths): 30

Best ML tree saved to: /data/jeremias/eucs/roadies/output/genes/gene_61_filtered.fa.aln.raxml.bestTree
All ML trees saved to: /data/jeremias/eucs/roadies/output/genes/gene_61_filtered.fa.aln.raxml.mlTrees
Optimized model saved to: /data/jeremias/eucs/roadies/output/genes/gene_61_filtered.fa.aln.raxml.bestModel

Execution log saved to: /data/jeremias/eucs/roadies/output/genes/gene_61_filtered.fa.aln.raxml.log

Analysis started: 29-Jul-2024 14:44:23 / finished: 29-Jul-2024 14:44:25

Elapsed time: 2.128 seconds

