
RAxML-NG v. 1.2.2 released on 11.04.2024 by The Exelixis Lab.
Developed by: Alexey M. Kozlov and Alexandros Stamatakis.
Contributors: Diego Darriba, Tomas Flouri, Benoit Morel, Sarah Lutteropp, Ben Bettisworth, Julia Haag, Anastasis Togkousidis.
Latest version: https://github.com/amkozlov/raxml-ng
Questions/problems/suggestions? Please visit: https://groups.google.com/forum/#!forum/raxml

System: AMD EPYC 7742 64-Core Processor, 128 cores, 1007 GB RAM

RAxML-NG was called at 29-Jul-2024 16:49:56 as follows:

raxml-ng --msa /data/jeremias/eucs/roadies/output/genes/gene_231_filtered.fa.aln --model GTR+G+F --redo --threads auto{4} --blopt nr_safe

Analysis options:
  run mode: ML tree search
  start tree(s): random (10) + parsimony (10)
  random seed: 1722235796
  tip-inner: OFF
  pattern compression: ON
  per-rate scalers: OFF
  site repeats: ON
  logLH epsilon: general: 10.000000, brlen-triplet: 1000.000000
  fast spr radius: AUTO
  spr subtree cutoff: 1.000000
  fast CLV updates: ON
  branch lengths: proportional (ML estimate, algorithm: NR-SAFE)
  SIMD kernels: AVX2
  parallelization: coarse-grained (auto), PTHREADS (auto)

WARNING: Running in REDO mode: existing checkpoints are ignored, and all result files will be overwritten!

[00:00:00] Reading alignment from file: /data/jeremias/eucs/roadies/output/genes/gene_231_filtered.fa.aln
[00:00:00] Loaded alignment with 100 taxa and 511 sites

WARNING: Sequences E_melliodora_1 and E_melliodora_2 are exactly identical!
WARNING: Duplicate sequences found: 1

NOTE: Reduced alignment (with duplicates and gap-only sites/taxa removed) 
NOTE: was saved to: /data/jeremias/eucs/roadies/output/genes/gene_231_filtered.fa.aln.raxml.reduced.phy

Alignment comprises 1 partitions and 369 patterns

Partition 0: noname
Model: GTR+FC+G4m
Alignment sites / patterns: 511 / 369
Gaps: 2.78 %
Invariant sites: 37.18 %


NOTE: Binary MSA file created: /data/jeremias/eucs/roadies/output/genes/gene_231_filtered.fa.aln.raxml.rba

Parallelization scheme autoconfig: 4 worker(s) x 1 thread(s)

[00:00:00] Generating 10 random starting tree(s) with 100 taxa
[00:00:00] Generating 10 parsimony starting tree(s) with 100 taxa
Parallel parsimony with 4 threads
Parallel reduction/worker buffer size: 1 KB  / 0 KB

[00:00:00] Data distribution: max. partitions/sites/weight per thread: 1 / 369 / 5904
[00:00:00] Data distribution: max. searches per worker: 5

Starting ML tree search with 20 distinct starting trees

[00:00:00 -15325.199533] Initial branch length optimization
[00:00:00 -12685.361379] Model parameter optimization (eps = 10.000000)
[00:00:00 -11596.246022] AUTODETECT spr round 1 (radius: 5)
[00:00:00 -7498.995258] AUTODETECT spr round 2 (radius: 10)
[00:00:01 -5827.947389] AUTODETECT spr round 3 (radius: 15)
[00:00:01 -5661.949335] AUTODETECT spr round 4 (radius: 20)
[00:00:02 -5654.493259] AUTODETECT spr round 5 (radius: 25)
[00:00:02 -5647.531662] SPR radius for FAST iterations: 25 (autodetect)
[00:00:02 -5647.531662] Model parameter optimization (eps = 3.000000)
[00:00:02 -5555.176070] FAST spr round 1 (radius: 25)
[00:00:03 -5305.670879] FAST spr round 2 (radius: 25)
[00:00:03 -5253.574447] FAST spr round 3 (radius: 25)
[00:00:04 -5249.292035] Model parameter optimization (eps = 1.000000)
[00:00:04 -5247.481352] SLOW spr round 1 (radius: 5)
[00:00:05 -5247.230610] SLOW spr round 2 (radius: 10)
[00:00:06 -5247.230586] SLOW spr round 3 (radius: 15)
[00:00:08 -5244.972772] SLOW spr round 4 (radius: 20)
[00:00:09] [worker #1] ML tree search #2, logLikelihood: -5244.901922
[00:00:10 -5244.963616] SLOW spr round 5 (radius: 25)
[00:00:10 -5244.961167] Model parameter optimization (eps = 0.100000)

[00:00:10] [worker #0] ML tree search #1, logLikelihood: -5244.944259

[00:00:10 -15323.090787] Initial branch length optimization
[00:00:10 -12609.171894] Model parameter optimization (eps = 10.000000)
[00:00:10] [worker #2] ML tree search #3, logLikelihood: -5245.016723
[00:00:11 -11497.789311] AUTODETECT spr round 1 (radius: 5)
[00:00:11 -8003.480376] AUTODETECT spr round 2 (radius: 10)
[00:00:12 -5923.131434] AUTODETECT spr round 3 (radius: 15)
[00:00:13 -5661.291250] AUTODETECT spr round 4 (radius: 20)
[00:00:14 -5655.725330] AUTODETECT spr round 5 (radius: 25)
[00:00:14 -5646.527244] SPR radius for FAST iterations: 25 (autodetect)
[00:00:14 -5646.527244] Model parameter optimization (eps = 3.000000)
[00:00:15 -5543.106020] FAST spr round 1 (radius: 25)
[00:00:15 -5261.976567] FAST spr round 2 (radius: 25)
[00:00:16 -5250.621306] FAST spr round 3 (radius: 25)
[00:00:17 -5250.065702] Model parameter optimization (eps = 1.000000)
[00:00:17 -5247.965951] SLOW spr round 1 (radius: 5)
[00:00:19 -5244.915693] SLOW spr round 2 (radius: 10)
[00:00:19] [worker #1] ML tree search #6, logLikelihood: -5244.972989
[00:00:21 -5244.915577] SLOW spr round 3 (radius: 15)
[00:00:21] [worker #3] ML tree search #4, logLikelihood: -5244.864674
[00:00:22 -5244.915576] SLOW spr round 4 (radius: 20)
[00:00:23 -5244.915576] SLOW spr round 5 (radius: 25)
[00:00:23 -5244.915576] Model parameter optimization (eps = 0.100000)

[00:00:23] [worker #0] ML tree search #5, logLikelihood: -5244.901782

[00:00:23 -15152.497066] Initial branch length optimization
[00:00:23 -12521.202066] Model parameter optimization (eps = 10.000000)
[00:00:24 -11364.740898] AUTODETECT spr round 1 (radius: 5)
[00:00:24 -7147.433212] AUTODETECT spr round 2 (radius: 10)
[00:00:24] [worker #2] ML tree search #7, logLikelihood: -5247.959999
[00:00:25 -5933.582739] AUTODETECT spr round 3 (radius: 15)
[00:00:25 -5711.760684] AUTODETECT spr round 4 (radius: 20)
[00:00:26 -5705.235595] AUTODETECT spr round 5 (radius: 25)
[00:00:26 -5700.696790] SPR radius for FAST iterations: 25 (autodetect)
[00:00:26 -5700.696790] Model parameter optimization (eps = 3.000000)
[00:00:26 -5632.054392] FAST spr round 1 (radius: 25)
[00:00:27 -5290.225404] FAST spr round 2 (radius: 25)
[00:00:27 -5258.065106] FAST spr round 3 (radius: 25)
[00:00:28 -5255.890711] Model parameter optimization (eps = 1.000000)
[00:00:28 -5252.577642] SLOW spr round 1 (radius: 5)
[00:00:29 -5249.788837] SLOW spr round 2 (radius: 10)
[00:00:30] [worker #3] ML tree search #8, logLikelihood: -5244.971887
[00:00:30 -5247.996086] SLOW spr round 3 (radius: 15)
[00:00:32 -5245.836125] SLOW spr round 4 (radius: 20)
[00:00:33] [worker #1] ML tree search #10, logLikelihood: -5244.000151
[00:00:33 -5245.822817] SLOW spr round 5 (radius: 25)
[00:00:34 -5245.820598] Model parameter optimization (eps = 0.100000)

[00:00:34] [worker #0] ML tree search #9, logLikelihood: -5245.719780

[00:00:34 -6803.066106] Initial branch length optimization
[00:00:34 -5521.828635] Model parameter optimization (eps = 10.000000)
[00:00:34 -5286.377514] AUTODETECT spr round 1 (radius: 5)
[00:00:34 -5248.208398] AUTODETECT spr round 2 (radius: 10)
[00:00:35 -5248.129357] SPR radius for FAST iterations: 5 (autodetect)
[00:00:35 -5248.129357] Model parameter optimization (eps = 3.000000)
[00:00:35 -5247.952656] FAST spr round 1 (radius: 5)
[00:00:35] [worker #2] ML tree search #11, logLikelihood: -5244.155751
[00:00:35 -5247.952515] Model parameter optimization (eps = 1.000000)
[00:00:35 -5247.952309] SLOW spr round 1 (radius: 5)
[00:00:36 -5245.703261] SLOW spr round 2 (radius: 10)
[00:00:37 -5245.703195] SLOW spr round 3 (radius: 15)
[00:00:40 -5245.703195] SLOW spr round 4 (radius: 20)
[00:00:40] [worker #3] ML tree search #12, logLikelihood: -5246.624565
[00:00:41 -5245.703195] SLOW spr round 5 (radius: 25)
[00:00:41 -5245.703195] Model parameter optimization (eps = 0.100000)

[00:00:41] [worker #0] ML tree search #13, logLikelihood: -5245.680970

[00:00:41 -6816.745011] Initial branch length optimization
[00:00:41 -5526.344857] Model parameter optimization (eps = 10.000000)
[00:00:42 -5298.065881] AUTODETECT spr round 1 (radius: 5)
[00:00:42 -5258.472341] AUTODETECT spr round 2 (radius: 10)
[00:00:42] [worker #1] ML tree search #14, logLikelihood: -5250.243049
[00:00:43 -5256.182674] AUTODETECT spr round 3 (radius: 15)
[00:00:44 -5256.181583] SPR radius for FAST iterations: 10 (autodetect)
[00:00:44 -5256.181583] Model parameter optimization (eps = 3.000000)
[00:00:44 -5256.019734] FAST spr round 1 (radius: 10)
[00:00:44] [worker #2] ML tree search #15, logLikelihood: -5244.104395
[00:00:44 -5253.002715] Model parameter optimization (eps = 1.000000)
[00:00:44 -5252.997820] SLOW spr round 1 (radius: 5)
[00:00:45 -5248.907326] SLOW spr round 2 (radius: 10)
[00:00:46 -5248.907292] SLOW spr round 3 (radius: 15)
[00:00:47 -5246.653960] SLOW spr round 4 (radius: 20)
[00:00:48] [worker #3] ML tree search #16, logLikelihood: -5244.948831
[00:00:48 -5246.644456] SLOW spr round 5 (radius: 25)
[00:00:48 -5246.641573] Model parameter optimization (eps = 0.100000)

[00:00:48] [worker #0] ML tree search #17, logLikelihood: -5246.574967

[00:00:51] [worker #1] ML tree search #18, logLikelihood: -5250.382308
[00:00:54] [worker #2] ML tree search #19, logLikelihood: -5246.579364
[00:00:55] [worker #3] ML tree search #20, logLikelihood: -5244.104440

Optimized model parameters:

   Partition 0: noname
   Rate heterogeneity: GAMMA (4 cats, mean),  alpha: 1.173812 (ML),  weights&rates: (0.250000,0.170275) (0.250000,0.523414) (0.250000,1.023737) (0.250000,2.282574) 
   Base frequencies (empirical): 0.335729 0.163043 0.185306 0.315922 
   Substitution rates (ML): 1.164087 4.758655 0.855626 1.580585 6.056333 1.000000 


Final LogLikelihood: -5244.000151

AIC score: 10900.000303 / AICc score: 11180.539776 / BIC score: 11772.692438
Free parameters (model + branch lengths): 206

WARNING: Best ML tree contains 21 near-zero branches!

Best ML tree with collapsed near-zero branches saved to: /data/jeremias/eucs/roadies/output/genes/gene_231_filtered.fa.aln.raxml.bestTreeCollapsed
Best ML tree saved to: /data/jeremias/eucs/roadies/output/genes/gene_231_filtered.fa.aln.raxml.bestTree
All ML trees saved to: /data/jeremias/eucs/roadies/output/genes/gene_231_filtered.fa.aln.raxml.mlTrees
Optimized model saved to: /data/jeremias/eucs/roadies/output/genes/gene_231_filtered.fa.aln.raxml.bestModel

Execution log saved to: /data/jeremias/eucs/roadies/output/genes/gene_231_filtered.fa.aln.raxml.log

Analysis started: 29-Jul-2024 16:49:56 / finished: 29-Jul-2024 16:50:51

Elapsed time: 55.916 seconds

