
RAxML-NG v. 1.2.2 released on 11.04.2024 by The Exelixis Lab.
Developed by: Alexey M. Kozlov and Alexandros Stamatakis.
Contributors: Diego Darriba, Tomas Flouri, Benoit Morel, Sarah Lutteropp, Ben Bettisworth, Julia Haag, Anastasis Togkousidis.
Latest version: https://github.com/amkozlov/raxml-ng
Questions/problems/suggestions? Please visit: https://groups.google.com/forum/#!forum/raxml

System: AMD EPYC 7742 64-Core Processor, 128 cores, 1007 GB RAM

RAxML-NG was called at 29-Jul-2024 14:08:18 as follows:

raxml-ng --msa /data/jeremias/eucs/roadies/output/genes/gene_187_filtered.fa.aln --model GTR+G+F --redo --threads auto{4} --blopt nr_safe

Analysis options:
  run mode: ML tree search
  start tree(s): random (10) + parsimony (10)
  random seed: 1722226098
  tip-inner: OFF
  pattern compression: ON
  per-rate scalers: OFF
  site repeats: ON
  logLH epsilon: general: 10.000000, brlen-triplet: 1000.000000
  fast spr radius: AUTO
  spr subtree cutoff: 1.000000
  fast CLV updates: ON
  branch lengths: proportional (ML estimate, algorithm: NR-SAFE)
  SIMD kernels: AVX2
  parallelization: coarse-grained (auto), PTHREADS (auto)

WARNING: Running in REDO mode: existing checkpoints are ignored, and all result files will be overwritten!

[00:00:00] Reading alignment from file: /data/jeremias/eucs/roadies/output/genes/gene_187_filtered.fa.aln
[00:00:00] Loaded alignment with 122 taxa and 531 sites

WARNING: Sequences E_polyanthemos_0 and E_lansdowneana_0 are exactly identical!
WARNING: Sequences E_ANBG9806169_4 and E_regnans_6 are exactly identical!
WARNING: Sequences E_shirleyi_0 and E_shirleyi_1 are exactly identical!
WARNING: Sequences E_caleyi_0 and E_melliodora_0 are exactly identical!
WARNING: Duplicate sequences found: 4

NOTE: Reduced alignment (with duplicates and gap-only sites/taxa removed) 
NOTE: was saved to: /data/jeremias/eucs/roadies/output/genes/gene_187_filtered.fa.aln.raxml.reduced.phy

Alignment comprises 1 partitions and 407 patterns

Partition 0: noname
Model: GTR+FC+G4m
Alignment sites / patterns: 531 / 407
Gaps: 5.46 %
Invariant sites: 31.26 %


NOTE: Binary MSA file created: /data/jeremias/eucs/roadies/output/genes/gene_187_filtered.fa.aln.raxml.rba

Parallelization scheme autoconfig: 4 worker(s) x 1 thread(s)

[00:00:00] Generating 10 random starting tree(s) with 122 taxa
[00:00:00] Generating 10 parsimony starting tree(s) with 122 taxa
Parallel parsimony with 4 threads
Parallel reduction/worker buffer size: 1 KB  / 0 KB

[00:00:00] Data distribution: max. partitions/sites/weight per thread: 1 / 407 / 6512
[00:00:00] Data distribution: max. searches per worker: 5

Starting ML tree search with 20 distinct starting trees

[00:00:00 -20979.596983] Initial branch length optimization
[00:00:00 -17612.964890] Model parameter optimization (eps = 10.000000)
[00:00:00 -16798.643196] AUTODETECT spr round 1 (radius: 5)
[00:00:01 -9127.808949] AUTODETECT spr round 2 (radius: 10)
[00:00:01 -6833.065749] AUTODETECT spr round 3 (radius: 15)
[00:00:03 -6763.240863] AUTODETECT spr round 4 (radius: 20)
[00:00:04 -6760.683326] AUTODETECT spr round 5 (radius: 25)
[00:00:05 -6760.360365] SPR radius for FAST iterations: 25 (autodetect)
[00:00:05 -6760.360365] Model parameter optimization (eps = 3.000000)
[00:00:05 -6636.645942] FAST spr round 1 (radius: 25)
[00:00:06 -6281.703123] FAST spr round 2 (radius: 25)
[00:00:07 -6055.881041] FAST spr round 3 (radius: 25)
[00:00:08 -6036.522377] FAST spr round 4 (radius: 25)
[00:00:08 -6034.069926] Model parameter optimization (eps = 1.000000)
[00:00:09 -6030.963606] SLOW spr round 1 (radius: 5)
[00:00:11 -6028.151162] SLOW spr round 2 (radius: 10)
[00:00:13 -6028.149924] SLOW spr round 3 (radius: 15)
[00:00:13] [worker #1] ML tree search #2, logLikelihood: -6028.141780
[00:00:15] [worker #2] ML tree search #3, logLikelihood: -6028.137652
[00:00:16] [worker #3] ML tree search #4, logLikelihood: -6028.137645
[00:00:17 -6028.148970] SLOW spr round 4 (radius: 20)
[00:00:19 -6028.148230] SLOW spr round 5 (radius: 25)
[00:00:20 -6028.147655] Model parameter optimization (eps = 0.100000)

[00:00:20] [worker #0] ML tree search #1, logLikelihood: -6028.141250

[00:00:20 -21232.329782] Initial branch length optimization
[00:00:20 -17700.830173] Model parameter optimization (eps = 10.000000)
[00:00:21 -16781.049565] AUTODETECT spr round 1 (radius: 5)
[00:00:22 -9300.421539] AUTODETECT spr round 2 (radius: 10)
[00:00:23 -7166.493181] AUTODETECT spr round 3 (radius: 15)
[00:00:24 -6791.726204] AUTODETECT spr round 4 (radius: 20)
[00:00:25 -6786.239775] AUTODETECT spr round 5 (radius: 25)
[00:00:26 -6776.959890] SPR radius for FAST iterations: 25 (autodetect)
[00:00:26 -6776.959890] Model parameter optimization (eps = 3.000000)
[00:00:26 -6637.169928] FAST spr round 1 (radius: 25)
[00:00:27 -6089.894410] FAST spr round 2 (radius: 25)
[00:00:28 -6045.296023] FAST spr round 3 (radius: 25)
[00:00:28 -6040.594592] Model parameter optimization (eps = 1.000000)
[00:00:28 -6038.031683] SLOW spr round 1 (radius: 5)
[00:00:29] [worker #2] ML tree search #7, logLikelihood: -6032.390551
[00:00:30 -6032.397910] SLOW spr round 2 (radius: 10)
[00:00:31 -6032.397693] SLOW spr round 3 (radius: 15)
[00:00:33] [worker #1] ML tree search #6, logLikelihood: -6029.800450
[00:00:33] [worker #3] ML tree search #8, logLikelihood: -6028.137802
[00:00:34 -6032.397529] SLOW spr round 4 (radius: 20)
[00:00:35 -6032.397403] SLOW spr round 5 (radius: 25)
[00:00:36 -6032.397305] Model parameter optimization (eps = 0.100000)

[00:00:36] [worker #0] ML tree search #5, logLikelihood: -6032.390313

[00:00:36 -20963.348731] Initial branch length optimization
[00:00:36 -17467.238974] Model parameter optimization (eps = 10.000000)
[00:00:36 -16585.497825] AUTODETECT spr round 1 (radius: 5)
[00:00:37 -9254.514872] AUTODETECT spr round 2 (radius: 10)
[00:00:37 -7018.641289] AUTODETECT spr round 3 (radius: 15)
[00:00:38 -6698.180285] AUTODETECT spr round 4 (radius: 20)
[00:00:38] [worker #2] ML tree search #11, logLikelihood: -6030.322596
[00:00:39 -6693.616806] AUTODETECT spr round 5 (radius: 25)
[00:00:40 -6692.955978] SPR radius for FAST iterations: 25 (autodetect)
[00:00:40 -6692.955978] Model parameter optimization (eps = 3.000000)
[00:00:40 -6561.807674] FAST spr round 1 (radius: 25)
[00:00:41 -6036.057162] FAST spr round 2 (radius: 25)
[00:00:41 -6031.373481] Model parameter optimization (eps = 1.000000)
[00:00:41 -6028.929598] SLOW spr round 1 (radius: 5)
[00:00:42 -6028.677522] SLOW spr round 2 (radius: 10)
[00:00:44 -6028.677493] SLOW spr round 3 (radius: 15)
[00:00:46 -6028.677474] SLOW spr round 4 (radius: 20)
[00:00:47] [worker #1] ML tree search #10, logLikelihood: -6028.137747
[00:00:47] [worker #2] ML tree search #15, logLikelihood: -6032.899818
[00:00:48 -6028.677460] SLOW spr round 5 (radius: 25)
[00:00:48] [worker #3] ML tree search #12, logLikelihood: -6032.389912
[00:00:48 -6028.677449] Model parameter optimization (eps = 0.100000)

[00:00:48] [worker #0] ML tree search #9, logLikelihood: -6028.672774

[00:00:48 -7677.222043] Initial branch length optimization
[00:00:48 -6190.352604] Model parameter optimization (eps = 10.000000)
[00:00:49 -6068.725420] AUTODETECT spr round 1 (radius: 5)
[00:00:49 -6040.253420] AUTODETECT spr round 2 (radius: 10)
[00:00:50 -6034.298153] AUTODETECT spr round 3 (radius: 15)
[00:00:51 -6034.263969] SPR radius for FAST iterations: 10 (autodetect)
[00:00:51 -6034.263969] Model parameter optimization (eps = 3.000000)
[00:00:51 -6034.172747] FAST spr round 1 (radius: 10)
[00:00:52 -6029.637589] Model parameter optimization (eps = 1.000000)
[00:00:52 -6029.613844] SLOW spr round 1 (radius: 5)
[00:00:53 -6028.153839] SLOW spr round 2 (radius: 10)
[00:00:54 -6028.153791] SLOW spr round 3 (radius: 15)
[00:00:57 -6028.153759] SLOW spr round 4 (radius: 20)
[00:00:57] [worker #1] ML tree search #14, logLikelihood: -6035.973026
[00:00:58] [worker #3] ML tree search #16, logLikelihood: -6028.661423
[00:00:58 -6028.153733] SLOW spr round 5 (radius: 25)
[00:00:59 -6028.153714] Model parameter optimization (eps = 0.100000)

[00:00:59] [worker #0] ML tree search #13, logLikelihood: -6028.138348

[00:00:59 -7659.038241] Initial branch length optimization
[00:00:59 -6185.222521] Model parameter optimization (eps = 10.000000)
[00:00:59 -6058.657251] AUTODETECT spr round 1 (radius: 5)
[00:00:59] [worker #2] ML tree search #19, logLikelihood: -6038.626204
[00:00:59 -6037.877332] AUTODETECT spr round 2 (radius: 10)
[00:01:00 -6037.583816] AUTODETECT spr round 3 (radius: 15)
[00:01:02 -6037.575951] SPR radius for FAST iterations: 10 (autodetect)
[00:01:02 -6037.575951] Model parameter optimization (eps = 3.000000)
[00:01:02 -6037.539972] FAST spr round 1 (radius: 10)
[00:01:02 -6035.644852] Model parameter optimization (eps = 1.000000)
[00:01:02 -6035.641883] SLOW spr round 1 (radius: 5)
[00:01:03 -6035.452138] SLOW spr round 2 (radius: 10)
[00:01:05 -6035.452069] SLOW spr round 3 (radius: 15)
[00:01:08 -6035.452016] SLOW spr round 4 (radius: 20)
[00:01:09 -6035.451975] SLOW spr round 5 (radius: 25)
[00:01:10 -6035.451943] Model parameter optimization (eps = 0.100000)

[00:01:10] [worker #0] ML tree search #17, logLikelihood: -6035.450873

[00:01:11] [worker #3] ML tree search #20, logLikelihood: -6036.606817
[00:01:11] [worker #1] ML tree search #18, logLikelihood: -6032.390211

Optimized model parameters:

   Partition 0: noname
   Rate heterogeneity: GAMMA (4 cats, mean),  alpha: 1.397848 (ML),  weights&rates: (0.250000,0.209102) (0.250000,0.570620) (0.250000,1.043813) (0.250000,2.176464) 
   Base frequencies (empirical): 0.272405 0.205594 0.188564 0.333437 
   Substitution rates (ML): 0.798713 2.915814 0.980815 1.182781 2.794716 1.000000 


Final LogLikelihood: -6028.137645

AIC score: 12556.275290 / AICc score: 13004.489576 / BIC score: 13624.965796
Free parameters (model + branch lengths): 250

WARNING: Best ML tree contains 29 near-zero branches!

Best ML tree with collapsed near-zero branches saved to: /data/jeremias/eucs/roadies/output/genes/gene_187_filtered.fa.aln.raxml.bestTreeCollapsed
Best ML tree saved to: /data/jeremias/eucs/roadies/output/genes/gene_187_filtered.fa.aln.raxml.bestTree
All ML trees saved to: /data/jeremias/eucs/roadies/output/genes/gene_187_filtered.fa.aln.raxml.mlTrees
Optimized model saved to: /data/jeremias/eucs/roadies/output/genes/gene_187_filtered.fa.aln.raxml.bestModel

Execution log saved to: /data/jeremias/eucs/roadies/output/genes/gene_187_filtered.fa.aln.raxml.log

Analysis started: 29-Jul-2024 14:08:18 / finished: 29-Jul-2024 14:09:30

Elapsed time: 71.933 seconds

