
RAxML-NG v. 1.2.2 released on 11.04.2024 by The Exelixis Lab.
Developed by: Alexey M. Kozlov and Alexandros Stamatakis.
Contributors: Diego Darriba, Tomas Flouri, Benoit Morel, Sarah Lutteropp, Ben Bettisworth, Julia Haag, Anastasis Togkousidis.
Latest version: https://github.com/amkozlov/raxml-ng
Questions/problems/suggestions? Please visit: https://groups.google.com/forum/#!forum/raxml

System: AMD EPYC 7742 64-Core Processor, 128 cores, 1007 GB RAM

RAxML-NG was called at 29-Jul-2024 16:46:20 as follows:

raxml-ng --msa /data/jeremias/eucs/roadies/output/genes/gene_77_filtered.fa.aln --model GTR+G+F --redo --threads auto{4} --blopt nr_safe

Analysis options:
  run mode: ML tree search
  start tree(s): random (10) + parsimony (10)
  random seed: 1722235580
  tip-inner: OFF
  pattern compression: ON
  per-rate scalers: OFF
  site repeats: ON
  logLH epsilon: general: 10.000000, brlen-triplet: 1000.000000
  fast spr radius: AUTO
  spr subtree cutoff: 1.000000
  fast CLV updates: ON
  branch lengths: proportional (ML estimate, algorithm: NR-SAFE)
  SIMD kernels: AVX2
  parallelization: coarse-grained (auto), PTHREADS (auto)

WARNING: Running in REDO mode: existing checkpoints are ignored, and all result files will be overwritten!

[00:00:00] Reading alignment from file: /data/jeremias/eucs/roadies/output/genes/gene_77_filtered.fa.aln
[00:00:00] Loaded alignment with 38 taxa and 535 sites

WARNING: Sequences E_sideroxylon_0 and E_lansdowneana_0 are exactly identical!
WARNING: Duplicate sequences found: 1

NOTE: Reduced alignment (with duplicates and gap-only sites/taxa removed) 
NOTE: was saved to: /data/jeremias/eucs/roadies/output/genes/gene_77_filtered.fa.aln.raxml.reduced.phy

Alignment comprises 1 partitions and 177 patterns

Partition 0: noname
Model: GTR+FC+G4m
Alignment sites / patterns: 535 / 177
Gaps: 6.73 %
Invariant sites: 67.66 %


NOTE: Binary MSA file created: /data/jeremias/eucs/roadies/output/genes/gene_77_filtered.fa.aln.raxml.rba

Parallelization scheme autoconfig: 4 worker(s) x 1 thread(s)

[00:00:00] Generating 10 random starting tree(s) with 38 taxa
[00:00:00] Generating 10 parsimony starting tree(s) with 38 taxa
Parallel parsimony with 4 threads
Parallel reduction/worker buffer size: 1 KB  / 0 KB

[00:00:00] Data distribution: max. partitions/sites/weight per thread: 1 / 177 / 2832
[00:00:00] Data distribution: max. searches per worker: 5

Starting ML tree search with 20 distinct starting trees

[00:00:00 -4067.726050] Initial branch length optimization
[00:00:00 -3091.984606] Model parameter optimization (eps = 10.000000)
[00:00:00 -2915.651404] AUTODETECT spr round 1 (radius: 5)
[00:00:00 -2397.147788] AUTODETECT spr round 2 (radius: 10)
[00:00:00 -2183.611708] AUTODETECT spr round 3 (radius: 15)
[00:00:00 -2183.437289] AUTODETECT spr round 4 (radius: 20)
[00:00:00 -2183.431853] SPR radius for FAST iterations: 15 (autodetect)
[00:00:00 -2183.431853] Model parameter optimization (eps = 3.000000)
[00:00:00 -2158.327060] FAST spr round 1 (radius: 15)
[00:00:00 -2109.387895] FAST spr round 2 (radius: 15)
[00:00:00 -2108.302896] Model parameter optimization (eps = 1.000000)
[00:00:00 -2107.717899] SLOW spr round 1 (radius: 5)
[00:00:00 -2105.670026] SLOW spr round 2 (radius: 10)
[00:00:00 -2105.670022] SLOW spr round 3 (radius: 15)
[00:00:00] [worker #3] ML tree search #4, logLikelihood: -2105.654333
[00:00:00 -2105.670022] SLOW spr round 4 (radius: 20)
[00:00:00 -2105.670022] SLOW spr round 5 (radius: 25)
[00:00:00 -2105.670022] Model parameter optimization (eps = 0.100000)

[00:00:00] [worker #0] ML tree search #1, logLikelihood: -2105.654582

[00:00:00 -3782.108360] Initial branch length optimization
[00:00:00 -2895.164994] Model parameter optimization (eps = 10.000000)
[00:00:00] [worker #2] ML tree search #3, logLikelihood: -2105.654105
[00:00:00 -2768.614211] AUTODETECT spr round 1 (radius: 5)
[00:00:00] [worker #1] ML tree search #2, logLikelihood: -2105.654432
[00:00:01 -2211.215813] AUTODETECT spr round 2 (radius: 10)
[00:00:01 -2155.429999] AUTODETECT spr round 3 (radius: 15)
[00:00:01 -2155.037559] AUTODETECT spr round 4 (radius: 20)
[00:00:01 -2155.015720] SPR radius for FAST iterations: 15 (autodetect)
[00:00:01 -2155.015720] Model parameter optimization (eps = 3.000000)
[00:00:01 -2136.916347] FAST spr round 1 (radius: 15)
[00:00:01 -2106.075107] FAST spr round 2 (radius: 15)
[00:00:01 -2106.074892] Model parameter optimization (eps = 1.000000)
[00:00:01 -2105.654852] SLOW spr round 1 (radius: 5)
[00:00:01 -2105.654645] SLOW spr round 2 (radius: 10)
[00:00:01 -2105.654645] SLOW spr round 3 (radius: 15)
[00:00:01] [worker #3] ML tree search #8, logLikelihood: -2105.654450
[00:00:01 -2105.654645] SLOW spr round 4 (radius: 20)
[00:00:01 -2105.654645] SLOW spr round 5 (radius: 25)
[00:00:01 -2105.654645] Model parameter optimization (eps = 0.100000)

[00:00:01] [worker #0] ML tree search #5, logLikelihood: -2105.654218

[00:00:01 -4033.695111] Initial branch length optimization
[00:00:01 -3058.633881] Model parameter optimization (eps = 10.000000)
[00:00:01 -2885.720004] AUTODETECT spr round 1 (radius: 5)
[00:00:01] [worker #2] ML tree search #7, logLikelihood: -2105.654341
[00:00:02 -2188.880387] AUTODETECT spr round 2 (radius: 10)
[00:00:02 -2160.504350] AUTODETECT spr round 3 (radius: 15)
[00:00:02 -2160.481554] SPR radius for FAST iterations: 10 (autodetect)
[00:00:02 -2160.481554] Model parameter optimization (eps = 3.000000)
[00:00:02 -2133.294204] FAST spr round 1 (radius: 10)
[00:00:02] [worker #1] ML tree search #6, logLikelihood: -2105.654442
[00:00:02 -2107.799683] FAST spr round 2 (radius: 10)
[00:00:02 -2105.865710] Model parameter optimization (eps = 1.000000)
[00:00:02 -2105.654834] SLOW spr round 1 (radius: 5)
[00:00:02 -2105.654765] SLOW spr round 2 (radius: 10)
[00:00:02] [worker #3] ML tree search #12, logLikelihood: -2105.654063
[00:00:02 -2105.654765] SLOW spr round 3 (radius: 15)
[00:00:02] [worker #2] ML tree search #11, logLikelihood: -2105.654432
[00:00:02 -2105.654765] SLOW spr round 4 (radius: 20)
[00:00:02 -2105.654765] SLOW spr round 5 (radius: 25)
[00:00:03 -2105.654765] Model parameter optimization (eps = 0.100000)

[00:00:03] [worker #0] ML tree search #9, logLikelihood: -2105.654444

[00:00:03 -3052.979575] Initial branch length optimization
[00:00:03 -2144.965803] Model parameter optimization (eps = 10.000000)
[00:00:03 -2110.367065] AUTODETECT spr round 1 (radius: 5)
[00:00:03 -2106.434851] AUTODETECT spr round 2 (radius: 10)
[00:00:03 -2106.247714] AUTODETECT spr round 3 (radius: 15)
[00:00:03 -2106.247561] SPR radius for FAST iterations: 10 (autodetect)
[00:00:03 -2106.247561] Model parameter optimization (eps = 3.000000)
[00:00:03] [worker #1] ML tree search #10, logLikelihood: -2105.654358
[00:00:03 -2106.191963] FAST spr round 1 (radius: 10)
[00:00:03 -2106.191942] Model parameter optimization (eps = 1.000000)
[00:00:03 -2106.191895] SLOW spr round 1 (radius: 5)
[00:00:03] [worker #2] ML tree search #15, logLikelihood: -2105.654272
[00:00:03 -2105.664582] SLOW spr round 2 (radius: 10)
[00:00:03] [worker #3] ML tree search #16, logLikelihood: -2105.654249
[00:00:03 -2105.664567] SLOW spr round 3 (radius: 15)
[00:00:04 -2105.664567] SLOW spr round 4 (radius: 20)
[00:00:04 -2105.664567] SLOW spr round 5 (radius: 25)
[00:00:04 -2105.664567] Model parameter optimization (eps = 0.100000)

[00:00:04] [worker #0] ML tree search #13, logLikelihood: -2105.654347

[00:00:04 -3067.782304] Initial branch length optimization
[00:00:04 -2164.041718] Model parameter optimization (eps = 10.000000)
[00:00:04 -2131.275936] AUTODETECT spr round 1 (radius: 5)
[00:00:04] [worker #1] ML tree search #14, logLikelihood: -2105.654382
[00:00:04 -2108.363207] AUTODETECT spr round 2 (radius: 10)
[00:00:04 -2108.222943] AUTODETECT spr round 3 (radius: 15)
[00:00:04 -2108.030664] AUTODETECT spr round 4 (radius: 20)
[00:00:04 -2108.030628] SPR radius for FAST iterations: 15 (autodetect)
[00:00:04 -2108.030628] Model parameter optimization (eps = 3.000000)
[00:00:04 -2107.715576] FAST spr round 1 (radius: 15)
[00:00:04 -2107.715500] Model parameter optimization (eps = 1.000000)
[00:00:04 -2107.715446] SLOW spr round 1 (radius: 5)
[00:00:04] [worker #2] ML tree search #19, logLikelihood: -2105.654057
[00:00:04 -2105.667249] SLOW spr round 2 (radius: 10)
[00:00:04] [worker #3] ML tree search #20, logLikelihood: -2105.654260
[00:00:04 -2105.667220] SLOW spr round 3 (radius: 15)
[00:00:04 -2105.667220] SLOW spr round 4 (radius: 20)
[00:00:04 -2105.667220] SLOW spr round 5 (radius: 25)
[00:00:04 -2105.667220] Model parameter optimization (eps = 0.100000)

[00:00:04] [worker #0] ML tree search #17, logLikelihood: -2105.654189

[00:00:04] [worker #1] ML tree search #18, logLikelihood: -2105.654447

Optimized model parameters:

   Partition 0: noname
   Rate heterogeneity: GAMMA (4 cats, mean),  alpha: 1.184446 (ML),  weights&rates: (0.250000,0.172223) (0.250000,0.525947) (0.250000,1.024913) (0.250000,2.276917) 
   Base frequencies (empirical): 0.326231 0.209999 0.206940 0.256829 
   Substitution rates (ML): 1.567649 4.355568 1.332635 2.676673 4.854869 1.000000 


Final LogLikelihood: -2105.654057

AIC score: 4375.308113 / AICc score: 4405.423157 / BIC score: 4726.453986
Free parameters (model + branch lengths): 82

WARNING: Best ML tree contains 16 near-zero branches!

Best ML tree with collapsed near-zero branches saved to: /data/jeremias/eucs/roadies/output/genes/gene_77_filtered.fa.aln.raxml.bestTreeCollapsed
Best ML tree saved to: /data/jeremias/eucs/roadies/output/genes/gene_77_filtered.fa.aln.raxml.bestTree
All ML trees saved to: /data/jeremias/eucs/roadies/output/genes/gene_77_filtered.fa.aln.raxml.mlTrees
Optimized model saved to: /data/jeremias/eucs/roadies/output/genes/gene_77_filtered.fa.aln.raxml.bestModel

Execution log saved to: /data/jeremias/eucs/roadies/output/genes/gene_77_filtered.fa.aln.raxml.log

Analysis started: 29-Jul-2024 16:46:20 / finished: 29-Jul-2024 16:46:24

Elapsed time: 4.960 seconds

