
RAxML-NG v. 1.2.2 released on 11.04.2024 by The Exelixis Lab.
Developed by: Alexey M. Kozlov and Alexandros Stamatakis.
Contributors: Diego Darriba, Tomas Flouri, Benoit Morel, Sarah Lutteropp, Ben Bettisworth, Julia Haag, Anastasis Togkousidis.
Latest version: https://github.com/amkozlov/raxml-ng
Questions/problems/suggestions? Please visit: https://groups.google.com/forum/#!forum/raxml

System: AMD EPYC 7742 64-Core Processor, 128 cores, 1007 GB RAM

RAxML-NG was called at 03-Jul-2024 19:20:16 as follows:

raxml-ng --msa /data/jeremias/eucs/roadies/output/genes/gene_232_filtered.fa.aln --model GTR+G+F --redo --threads auto{4} --blopt nr_safe

Analysis options:
  run mode: ML tree search
  start tree(s): random (10) + parsimony (10)
  random seed: 1719998416
  tip-inner: OFF
  pattern compression: ON
  per-rate scalers: OFF
  site repeats: ON
  logLH epsilon: general: 10.000000, brlen-triplet: 1000.000000
  fast spr radius: AUTO
  spr subtree cutoff: 1.000000
  fast CLV updates: ON
  branch lengths: proportional (ML estimate, algorithm: NR-SAFE)
  SIMD kernels: AVX2
  parallelization: coarse-grained (auto), PTHREADS (auto)

WARNING: Running in REDO mode: existing checkpoints are ignored, and all result files will be overwritten!

[00:00:00] Reading alignment from file: /data/jeremias/eucs/roadies/output/genes/gene_232_filtered.fa.aln
[00:00:00] Loaded alignment with 56 taxa and 503 sites

WARNING: Sequences GCA_016097595.1_0 and GCA_014182545.1_0 are exactly identical!
WARNING: Sequences GCA_014182695.1_0 and GCA_016097485.1_0 are exactly identical!
WARNING: Duplicate sequences found: 2

NOTE: Reduced alignment (with duplicates and gap-only sites/taxa removed) 
NOTE: was saved to: /data/jeremias/eucs/roadies/output/genes/gene_232_filtered.fa.aln.raxml.reduced.phy

Alignment comprises 1 partitions and 227 patterns

Partition 0: noname
Model: GTR+FC+G4m
Alignment sites / patterns: 503 / 227
Gaps: 6.02 %
Invariant sites: 59.05 %


NOTE: Binary MSA file created: /data/jeremias/eucs/roadies/output/genes/gene_232_filtered.fa.aln.raxml.rba

Parallelization scheme autoconfig: 4 worker(s) x 1 thread(s)

[00:00:00] Generating 10 random starting tree(s) with 56 taxa
[00:00:00] Generating 10 parsimony starting tree(s) with 56 taxa
Parallel parsimony with 4 threads
Parallel reduction/worker buffer size: 1 KB  / 0 KB

[00:00:00] Data distribution: max. partitions/sites/weight per thread: 1 / 227 / 3632
[00:00:00] Data distribution: max. searches per worker: 5

Starting ML tree search with 20 distinct starting trees

[00:00:00 -6214.126952] Initial branch length optimization
[00:00:00 -4964.291870] Model parameter optimization (eps = 10.000000)
[00:00:00 -4583.551387] AUTODETECT spr round 1 (radius: 5)
[00:00:00 -3219.416059] AUTODETECT spr round 2 (radius: 10)
[00:00:00 -2843.771169] AUTODETECT spr round 3 (radius: 15)
[00:00:00 -2842.604419] AUTODETECT spr round 4 (radius: 20)
[00:00:00 -2842.497605] AUTODETECT spr round 5 (radius: 25)
[00:00:00 -2842.489770] SPR radius for FAST iterations: 20 (autodetect)
[00:00:00 -2842.489770] Model parameter optimization (eps = 3.000000)
[00:00:00 -2803.279783] FAST spr round 1 (radius: 20)
[00:00:00 -2627.812155] FAST spr round 2 (radius: 20)
[00:00:00 -2615.638967] FAST spr round 3 (radius: 20)
[00:00:01 -2615.638956] Model parameter optimization (eps = 1.000000)
[00:00:01 -2612.441805] SLOW spr round 1 (radius: 5)
[00:00:01 -2612.441421] SLOW spr round 2 (radius: 10)
[00:00:01 -2612.441421] SLOW spr round 3 (radius: 15)
[00:00:02 -2612.441421] SLOW spr round 4 (radius: 20)
[00:00:02] [worker #1] ML tree search #2, logLikelihood: -2612.441397
[00:00:02] [worker #2] ML tree search #3, logLikelihood: -2612.441392
[00:00:02] [worker #3] ML tree search #4, logLikelihood: -2612.441406
[00:00:02 -2612.441421] SLOW spr round 5 (radius: 25)
[00:00:02 -2612.441421] Model parameter optimization (eps = 0.100000)

[00:00:02] [worker #0] ML tree search #1, logLikelihood: -2612.441418

[00:00:02 -6296.574370] Initial branch length optimization
[00:00:02 -5042.973473] Model parameter optimization (eps = 10.000000)
[00:00:02 -4625.455027] AUTODETECT spr round 1 (radius: 5)
[00:00:02 -3229.815115] AUTODETECT spr round 2 (radius: 10)
[00:00:02 -2816.401035] AUTODETECT spr round 3 (radius: 15)
[00:00:02 -2816.129612] AUTODETECT spr round 4 (radius: 20)
[00:00:02 -2816.111511] SPR radius for FAST iterations: 15 (autodetect)
[00:00:02 -2816.111511] Model parameter optimization (eps = 3.000000)
[00:00:02 -2771.131728] FAST spr round 1 (radius: 15)
[00:00:02 -2617.166233] FAST spr round 2 (radius: 15)
[00:00:03 -2614.891651] Model parameter optimization (eps = 1.000000)
[00:00:03 -2612.441497] SLOW spr round 1 (radius: 5)
[00:00:03 -2612.441397] SLOW spr round 2 (radius: 10)
[00:00:03 -2612.441397] SLOW spr round 3 (radius: 15)
[00:00:03 -2612.441397] SLOW spr round 4 (radius: 20)
[00:00:03] [worker #2] ML tree search #7, logLikelihood: -2612.441418
[00:00:04 -2612.441397] SLOW spr round 5 (radius: 25)
[00:00:04 -2612.441397] Model parameter optimization (eps = 0.100000)

[00:00:04] [worker #0] ML tree search #5, logLikelihood: -2612.441395

[00:00:04 -6313.471432] Initial branch length optimization
[00:00:04 -5057.420901] Model parameter optimization (eps = 10.000000)
[00:00:04 -4619.700715] AUTODETECT spr round 1 (radius: 5)
[00:00:04] [worker #3] ML tree search #8, logLikelihood: -2612.441635
[00:00:04] [worker #1] ML tree search #6, logLikelihood: -2612.441410
[00:00:04 -3257.650242] AUTODETECT spr round 2 (radius: 10)
[00:00:04 -2874.428564] AUTODETECT spr round 3 (radius: 15)
[00:00:04 -2846.867871] AUTODETECT spr round 4 (radius: 20)
[00:00:04 -2846.232754] AUTODETECT spr round 5 (radius: 25)
[00:00:04 -2846.220673] SPR radius for FAST iterations: 20 (autodetect)
[00:00:04 -2846.220673] Model parameter optimization (eps = 3.000000)
[00:00:04 -2804.155293] FAST spr round 1 (radius: 20)
[00:00:04 -2643.711691] FAST spr round 2 (radius: 20)
[00:00:05 -2621.781163] FAST spr round 3 (radius: 20)
[00:00:05 -2617.292805] Model parameter optimization (eps = 1.000000)
[00:00:05 -2612.441442] SLOW spr round 1 (radius: 5)
[00:00:05] [worker #2] ML tree search #11, logLikelihood: -2612.441409
[00:00:05 -2612.441426] SLOW spr round 2 (radius: 10)
[00:00:05] [worker #3] ML tree search #12, logLikelihood: -2612.441384
[00:00:05 -2612.441426] SLOW spr round 3 (radius: 15)
[00:00:06 -2612.441426] SLOW spr round 4 (radius: 20)
[00:00:06 -2612.441426] SLOW spr round 5 (radius: 25)
[00:00:06 -2612.441426] Model parameter optimization (eps = 0.100000)

[00:00:06] [worker #0] ML tree search #9, logLikelihood: -2612.441422

[00:00:06 -3670.079682] Initial branch length optimization
[00:00:06 -2670.634965] Model parameter optimization (eps = 10.000000)
[00:00:06 -2616.958654] AUTODETECT spr round 1 (radius: 5)
[00:00:06 -2613.866381] AUTODETECT spr round 2 (radius: 10)
[00:00:06] [worker #1] ML tree search #10, logLikelihood: -2613.852426
[00:00:06 -2613.866380] SPR radius for FAST iterations: 5 (autodetect)
[00:00:06 -2613.866380] Model parameter optimization (eps = 3.000000)
[00:00:06 -2613.856327] FAST spr round 1 (radius: 5)
[00:00:06 -2613.856327] Model parameter optimization (eps = 1.000000)
[00:00:06 -2613.856323] SLOW spr round 1 (radius: 5)
[00:00:07] [worker #2] ML tree search #15, logLikelihood: -2612.441535
[00:00:07] [worker #3] ML tree search #16, logLikelihood: -2612.441385
[00:00:07 -2612.478367] SLOW spr round 2 (radius: 10)
[00:00:07 -2612.478313] SLOW spr round 3 (radius: 15)
[00:00:07 -2612.478313] SLOW spr round 4 (radius: 20)
[00:00:07 -2612.478313] SLOW spr round 5 (radius: 25)
[00:00:07 -2612.478313] Model parameter optimization (eps = 0.100000)

[00:00:07] [worker #0] ML tree search #13, logLikelihood: -2612.441406

[00:00:07 -3671.623764] Initial branch length optimization
[00:00:07] [worker #1] ML tree search #14, logLikelihood: -2612.441468
[00:00:07 -2672.438799] Model parameter optimization (eps = 10.000000)
[00:00:08 -2619.679227] AUTODETECT spr round 1 (radius: 5)
[00:00:08 -2612.491918] AUTODETECT spr round 2 (radius: 10)
[00:00:08 -2612.491322] SPR radius for FAST iterations: 5 (autodetect)
[00:00:08 -2612.491322] Model parameter optimization (eps = 3.000000)
[00:00:08 -2612.441501] FAST spr round 1 (radius: 5)
[00:00:08 -2612.441501] Model parameter optimization (eps = 1.000000)
[00:00:08 -2612.441395] SLOW spr round 1 (radius: 5)
[00:00:08] [worker #3] ML tree search #20, logLikelihood: -2612.441395
[00:00:08 -2612.441384] SLOW spr round 2 (radius: 10)
[00:00:08] [worker #2] ML tree search #19, logLikelihood: -2612.441386
[00:00:08 -2612.441384] SLOW spr round 3 (radius: 15)
[00:00:09 -2612.441384] SLOW spr round 4 (radius: 20)
[00:00:09] [worker #1] ML tree search #18, logLikelihood: -2612.441382
[00:00:09 -2612.441384] SLOW spr round 5 (radius: 25)
[00:00:09 -2612.441384] Model parameter optimization (eps = 0.100000)

[00:00:09] [worker #0] ML tree search #17, logLikelihood: -2612.441384


Optimized model parameters:

   Partition 0: noname
   Rate heterogeneity: GAMMA (4 cats, mean),  alpha: 1.570958 (ML),  weights&rates: (0.250000,0.236079) (0.250000,0.599956) (0.250000,1.054330) (0.250000,2.109634) 
   Base frequencies (empirical): 0.280070 0.197189 0.174940 0.347801 
   Substitution rates (ML): 1.627790 4.284055 1.012230 1.532543 3.518890 1.000000 


Final LogLikelihood: -2612.441382

AIC score: 5460.882765 / AICc score: 5534.018181 / BIC score: 5958.912405
Free parameters (model + branch lengths): 118

WARNING: Best ML tree contains 19 near-zero branches!

Best ML tree with collapsed near-zero branches saved to: /data/jeremias/eucs/roadies/output/genes/gene_232_filtered.fa.aln.raxml.bestTreeCollapsed
Best ML tree saved to: /data/jeremias/eucs/roadies/output/genes/gene_232_filtered.fa.aln.raxml.bestTree
All ML trees saved to: /data/jeremias/eucs/roadies/output/genes/gene_232_filtered.fa.aln.raxml.mlTrees
Optimized model saved to: /data/jeremias/eucs/roadies/output/genes/gene_232_filtered.fa.aln.raxml.bestModel

Execution log saved to: /data/jeremias/eucs/roadies/output/genes/gene_232_filtered.fa.aln.raxml.log

Analysis started: 03-Jul-2024 19:20:16 / finished: 03-Jul-2024 19:20:26

Elapsed time: 9.413 seconds

