
RAxML-NG v. 1.2.2 released on 11.04.2024 by The Exelixis Lab.
Developed by: Alexey M. Kozlov and Alexandros Stamatakis.
Contributors: Diego Darriba, Tomas Flouri, Benoit Morel, Sarah Lutteropp, Ben Bettisworth, Julia Haag, Anastasis Togkousidis.
Latest version: https://github.com/amkozlov/raxml-ng
Questions/problems/suggestions? Please visit: https://groups.google.com/forum/#!forum/raxml

System: AMD EPYC 7742 64-Core Processor, 128 cores, 1007 GB RAM

RAxML-NG was called at 29-Jul-2024 17:25:42 as follows:

raxml-ng --msa /data/jeremias/eucs/roadies/output/genes/gene_72_filtered.fa.aln --model GTR+G+F --redo --threads auto{4} --blopt nr_safe

Analysis options:
  run mode: ML tree search
  start tree(s): random (10) + parsimony (10)
  random seed: 1722237942
  tip-inner: OFF
  pattern compression: ON
  per-rate scalers: OFF
  site repeats: ON
  logLH epsilon: general: 10.000000, brlen-triplet: 1000.000000
  fast spr radius: AUTO
  spr subtree cutoff: 1.000000
  fast CLV updates: ON
  branch lengths: proportional (ML estimate, algorithm: NR-SAFE)
  SIMD kernels: AVX2
  parallelization: coarse-grained (auto), PTHREADS (auto)

WARNING: Running in REDO mode: existing checkpoints are ignored, and all result files will be overwritten!

[00:00:00] Reading alignment from file: /data/jeremias/eucs/roadies/output/genes/gene_72_filtered.fa.aln
[00:00:00] Loaded alignment with 62 taxa and 503 sites

WARNING: Sequences E_shirleyi_0 and E_shirleyi_1 are exactly identical!
WARNING: Sequences E_regnans_0 and E_regnans_1 are exactly identical!
WARNING: Sequences E_regnans_0 and E_ANBG9806169_0 are exactly identical!
WARNING: Duplicate sequences found: 3

NOTE: Reduced alignment (with duplicates and gap-only sites/taxa removed) 
NOTE: was saved to: /data/jeremias/eucs/roadies/output/genes/gene_72_filtered.fa.aln.raxml.reduced.phy

Alignment comprises 1 partitions and 227 patterns

Partition 0: noname
Model: GTR+FC+G4m
Alignment sites / patterns: 503 / 227
Gaps: 2.20 %
Invariant sites: 56.26 %


NOTE: Binary MSA file created: /data/jeremias/eucs/roadies/output/genes/gene_72_filtered.fa.aln.raxml.rba

Parallelization scheme autoconfig: 4 worker(s) x 1 thread(s)

[00:00:00] Generating 10 random starting tree(s) with 62 taxa
[00:00:00] Generating 10 parsimony starting tree(s) with 62 taxa
Parallel parsimony with 4 threads
Parallel reduction/worker buffer size: 1 KB  / 0 KB

[00:00:00] Data distribution: max. partitions/sites/weight per thread: 1 / 227 / 3632
[00:00:00] Data distribution: max. searches per worker: 5

Starting ML tree search with 20 distinct starting trees

[00:00:00 -5579.430437] Initial branch length optimization
[00:00:00 -4183.361677] Model parameter optimization (eps = 10.000000)
[00:00:00 -4041.713495] AUTODETECT spr round 1 (radius: 5)
[00:00:00 -3463.028247] AUTODETECT spr round 2 (radius: 10)
[00:00:00 -2897.977975] AUTODETECT spr round 3 (radius: 15)
[00:00:00 -2897.077601] AUTODETECT spr round 4 (radius: 20)
[00:00:00 -2896.854860] AUTODETECT spr round 5 (radius: 25)
[00:00:00 -2896.758971] SPR radius for FAST iterations: 20 (autodetect)
[00:00:00 -2896.758971] Model parameter optimization (eps = 3.000000)
[00:00:00 -2868.646922] FAST spr round 1 (radius: 20)
[00:00:01 -2774.885042] FAST spr round 2 (radius: 20)
[00:00:01 -2768.806516] Model parameter optimization (eps = 1.000000)
[00:00:01 -2767.575010] SLOW spr round 1 (radius: 5)
[00:00:02 -2766.320497] SLOW spr round 2 (radius: 10)
[00:00:02] [worker #1] ML tree search #2, logLikelihood: -2761.110589
[00:00:02 -2766.320497] SLOW spr round 3 (radius: 15)
[00:00:03 -2766.320497] SLOW spr round 4 (radius: 20)
[00:00:03 -2766.320497] SLOW spr round 5 (radius: 25)
[00:00:03 -2766.320497] Model parameter optimization (eps = 0.100000)

[00:00:04] [worker #0] ML tree search #1, logLikelihood: -2766.292183

[00:00:04 -5565.112990] Initial branch length optimization
[00:00:04] [worker #3] ML tree search #4, logLikelihood: -2761.110608
[00:00:04 -4168.894749] Model parameter optimization (eps = 10.000000)
[00:00:04] [worker #2] ML tree search #3, logLikelihood: -2766.943331
[00:00:04 -4027.261666] AUTODETECT spr round 1 (radius: 5)
[00:00:04 -2994.748949] AUTODETECT spr round 2 (radius: 10)
[00:00:04 -2883.382228] AUTODETECT spr round 3 (radius: 15)
[00:00:04 -2880.941747] AUTODETECT spr round 4 (radius: 20)
[00:00:05 -2880.925263] SPR radius for FAST iterations: 15 (autodetect)
[00:00:05 -2880.925263] Model parameter optimization (eps = 3.000000)
[00:00:05 -2850.942918] FAST spr round 1 (radius: 15)
[00:00:05 -2771.166284] FAST spr round 2 (radius: 15)
[00:00:05 -2767.932025] Model parameter optimization (eps = 1.000000)
[00:00:05 -2766.948689] SLOW spr round 1 (radius: 5)
[00:00:06] [worker #1] ML tree search #6, logLikelihood: -2761.111034
[00:00:06 -2766.948411] SLOW spr round 2 (radius: 10)
[00:00:06] [worker #2] ML tree search #7, logLikelihood: -2761.110601
[00:00:06 -2766.948411] SLOW spr round 3 (radius: 15)
[00:00:07 -2766.948411] SLOW spr round 4 (radius: 20)
[00:00:07 -2766.948411] SLOW spr round 5 (radius: 25)
[00:00:07 -2766.948411] Model parameter optimization (eps = 0.100000)

[00:00:07] [worker #0] ML tree search #5, logLikelihood: -2766.942897

[00:00:07 -5582.188896] Initial branch length optimization
[00:00:07 -4188.981289] Model parameter optimization (eps = 10.000000)
[00:00:07 -4045.402686] AUTODETECT spr round 1 (radius: 5)
[00:00:07 -3156.797691] AUTODETECT spr round 2 (radius: 10)
[00:00:07 -2881.029772] AUTODETECT spr round 3 (radius: 15)
[00:00:08 -2880.569951] AUTODETECT spr round 4 (radius: 20)
[00:00:08 -2880.545472] SPR radius for FAST iterations: 15 (autodetect)
[00:00:08 -2880.545472] Model parameter optimization (eps = 3.000000)
[00:00:08 -2848.839039] FAST spr round 1 (radius: 15)
[00:00:08] [worker #3] ML tree search #8, logLikelihood: -2766.292200
[00:00:08 -2777.279674] FAST spr round 2 (radius: 15)
[00:00:08 -2762.222348] FAST spr round 3 (radius: 15)
[00:00:08 -2762.126595] Model parameter optimization (eps = 1.000000)
[00:00:08 -2761.111170] SLOW spr round 1 (radius: 5)
[00:00:09 -2761.110598] SLOW spr round 2 (radius: 10)
[00:00:09 -2761.110598] SLOW spr round 3 (radius: 15)
[00:00:09 -2761.110598] SLOW spr round 4 (radius: 20)
[00:00:10] [worker #1] ML tree search #10, logLikelihood: -2761.110596
[00:00:10] [worker #2] ML tree search #11, logLikelihood: -2761.110599
[00:00:10 -2761.110598] SLOW spr round 5 (radius: 25)
[00:00:10 -2761.110598] Model parameter optimization (eps = 0.100000)

[00:00:10] [worker #0] ML tree search #9, logLikelihood: -2761.110597

[00:00:10 -3947.773570] Initial branch length optimization
[00:00:10 -2814.328179] Model parameter optimization (eps = 10.000000)
[00:00:10 -2776.714636] AUTODETECT spr round 1 (radius: 5)
[00:00:10 -2769.763289] AUTODETECT spr round 2 (radius: 10)
[00:00:10 -2769.762866] SPR radius for FAST iterations: 5 (autodetect)
[00:00:10 -2769.762866] Model parameter optimization (eps = 3.000000)
[00:00:10 -2769.717298] FAST spr round 1 (radius: 5)
[00:00:10 -2769.717294] Model parameter optimization (eps = 1.000000)
[00:00:10 -2769.717262] SLOW spr round 1 (radius: 5)
[00:00:10] [worker #3] ML tree search #12, logLikelihood: -2761.110632
[00:00:11 -2768.572221] SLOW spr round 2 (radius: 10)
[00:00:11 -2768.572221] SLOW spr round 3 (radius: 15)
[00:00:11 -2768.572221] SLOW spr round 4 (radius: 20)
[00:00:12 -2768.572221] SLOW spr round 5 (radius: 25)
[00:00:12 -2768.572221] Model parameter optimization (eps = 0.100000)

[00:00:12] [worker #0] ML tree search #13, logLikelihood: -2768.555601

[00:00:12 -3956.788154] Initial branch length optimization
[00:00:12 -2821.390830] Model parameter optimization (eps = 10.000000)
[00:00:12 -2782.381610] AUTODETECT spr round 1 (radius: 5)
[00:00:12 -2771.336868] AUTODETECT spr round 2 (radius: 10)
[00:00:12 -2771.333950] SPR radius for FAST iterations: 5 (autodetect)
[00:00:12 -2771.333950] Model parameter optimization (eps = 3.000000)
[00:00:12 -2771.222721] FAST spr round 1 (radius: 5)
[00:00:12 -2771.222628] Model parameter optimization (eps = 1.000000)
[00:00:12 -2771.222576] SLOW spr round 1 (radius: 5)
[00:00:13 -2768.636908] SLOW spr round 2 (radius: 10)
[00:00:13] [worker #2] ML tree search #15, logLikelihood: -2761.110593
[00:00:13 -2768.636908] SLOW spr round 3 (radius: 15)
[00:00:13] [worker #1] ML tree search #14, logLikelihood: -2761.110599
[00:00:13 -2768.636908] SLOW spr round 4 (radius: 20)
[00:00:14 -2768.636908] SLOW spr round 5 (radius: 25)
[00:00:14 -2768.636908] Model parameter optimization (eps = 0.100000)

[00:00:14] [worker #0] ML tree search #17, logLikelihood: -2768.555619

[00:00:14] [worker #3] ML tree search #16, logLikelihood: -2761.110598
[00:00:16] [worker #2] ML tree search #19, logLikelihood: -2761.110600
[00:00:16] [worker #1] ML tree search #18, logLikelihood: -2772.246748
[00:00:17] [worker #3] ML tree search #20, logLikelihood: -2761.110613

Optimized model parameters:

   Partition 0: noname
   Rate heterogeneity: GAMMA (4 cats, mean),  alpha: 1.552133 (ML),  weights&rates: (0.250000,0.233265) (0.250000,0.597010) (0.250000,1.053342) (0.250000,2.116383) 
   Base frequencies (empirical): 0.275794 0.204518 0.210780 0.308908 
   Substitution rates (ML): 1.065833 2.562472 0.849379 1.260055 2.772472 1.000000 


Final LogLikelihood: -2761.110589

AIC score: 5782.221178 / AICc score: 5873.780317 / BIC score: 6330.897900
Free parameters (model + branch lengths): 130

WARNING: Best ML tree contains 23 near-zero branches!

Best ML tree with collapsed near-zero branches saved to: /data/jeremias/eucs/roadies/output/genes/gene_72_filtered.fa.aln.raxml.bestTreeCollapsed
Best ML tree saved to: /data/jeremias/eucs/roadies/output/genes/gene_72_filtered.fa.aln.raxml.bestTree
All ML trees saved to: /data/jeremias/eucs/roadies/output/genes/gene_72_filtered.fa.aln.raxml.mlTrees
Optimized model saved to: /data/jeremias/eucs/roadies/output/genes/gene_72_filtered.fa.aln.raxml.bestModel

Execution log saved to: /data/jeremias/eucs/roadies/output/genes/gene_72_filtered.fa.aln.raxml.log

Analysis started: 29-Jul-2024 17:25:42 / finished: 29-Jul-2024 17:26:00

Elapsed time: 17.593 seconds

