
RAxML-NG v. 1.2.2 released on 11.04.2024 by The Exelixis Lab.
Developed by: Alexey M. Kozlov and Alexandros Stamatakis.
Contributors: Diego Darriba, Tomas Flouri, Benoit Morel, Sarah Lutteropp, Ben Bettisworth, Julia Haag, Anastasis Togkousidis.
Latest version: https://github.com/amkozlov/raxml-ng
Questions/problems/suggestions? Please visit: https://groups.google.com/forum/#!forum/raxml

System: AMD EPYC 7742 64-Core Processor, 128 cores, 1007 GB RAM

RAxML-NG was called at 29-Jul-2024 16:43:05 as follows:

raxml-ng --msa /data/jeremias/eucs/roadies/output/genes/gene_62_filtered.fa.aln --model GTR+G+F --redo --threads auto{4} --blopt nr_safe

Analysis options:
  run mode: ML tree search
  start tree(s): random (10) + parsimony (10)
  random seed: 1722235385
  tip-inner: OFF
  pattern compression: ON
  per-rate scalers: OFF
  site repeats: ON
  logLH epsilon: general: 10.000000, brlen-triplet: 1000.000000
  fast spr radius: AUTO
  spr subtree cutoff: 1.000000
  fast CLV updates: ON
  branch lengths: proportional (ML estimate, algorithm: NR-SAFE)
  SIMD kernels: AVX2
  parallelization: coarse-grained (auto), PTHREADS (auto)

WARNING: Running in REDO mode: existing checkpoints are ignored, and all result files will be overwritten!

[00:00:00] Reading alignment from file: /data/jeremias/eucs/roadies/output/genes/gene_62_filtered.fa.aln
[00:00:00] Loaded alignment with 76 taxa and 587 sites

WARNING: Sequences E_viminalis_1 and E_globulus_1 are exactly identical!
WARNING: Sequences E_caleyi_1 and E_paniculata_1 are exactly identical!
WARNING: Sequences E_shirleyi_2 and E_shirleyi_3 are exactly identical!
WARNING: Sequences E_shirleyi_0 and E_fibrosa_1 are exactly identical!
WARNING: Duplicate sequences found: 4

NOTE: Reduced alignment (with duplicates and gap-only sites/taxa removed) 
NOTE: was saved to: /data/jeremias/eucs/roadies/output/genes/gene_62_filtered.fa.aln.raxml.reduced.phy

Alignment comprises 1 partitions and 292 patterns

Partition 0: noname
Model: GTR+FC+G4m
Alignment sites / patterns: 587 / 292
Gaps: 14.79 %
Invariant sites: 30.49 %


NOTE: Binary MSA file created: /data/jeremias/eucs/roadies/output/genes/gene_62_filtered.fa.aln.raxml.rba

Parallelization scheme autoconfig: 4 worker(s) x 1 thread(s)

[00:00:00] Generating 10 random starting tree(s) with 76 taxa
[00:00:00] Generating 10 parsimony starting tree(s) with 76 taxa
Parallel parsimony with 4 threads
Parallel reduction/worker buffer size: 1 KB  / 0 KB

[00:00:00] Data distribution: max. partitions/sites/weight per thread: 1 / 292 / 4672
[00:00:00] Data distribution: max. searches per worker: 5

Starting ML tree search with 20 distinct starting trees

[00:00:00 -29120.395006] Initial branch length optimization
[00:00:00 -16710.270191] Model parameter optimization (eps = 10.000000)
[00:00:00 -14827.089450] AUTODETECT spr round 1 (radius: 5)
[00:00:00 -6480.231499] AUTODETECT spr round 2 (radius: 10)
[00:00:01 -3885.729999] AUTODETECT spr round 3 (radius: 15)
[00:00:01 -3885.450136] AUTODETECT spr round 4 (radius: 20)
[00:00:01 -3885.435134] SPR radius for FAST iterations: 15 (autodetect)
[00:00:01 -3885.435134] Model parameter optimization (eps = 3.000000)
[00:00:01 -3819.045658] FAST spr round 1 (radius: 15)
[00:00:02 -3698.241340] FAST spr round 2 (radius: 15)
[00:00:02 -3698.240610] Model parameter optimization (eps = 1.000000)
[00:00:02 -3649.974861] SLOW spr round 1 (radius: 5)
[00:00:03 -3649.894654] SLOW spr round 2 (radius: 10)
[00:00:04 -3649.351413] SLOW spr round 3 (radius: 15)
[00:00:05 -3649.351413] SLOW spr round 4 (radius: 20)
[00:00:05 -3649.351413] SLOW spr round 5 (radius: 25)
[00:00:05 -3649.351413] Model parameter optimization (eps = 0.100000)

[00:00:05] [worker #0] ML tree search #1, logLikelihood: -3648.729405

[00:00:05 -27951.519037] Initial branch length optimization
[00:00:05 -15382.007466] Model parameter optimization (eps = 10.000000)
[00:00:05] [worker #3] ML tree search #4, logLikelihood: -3648.736733
[00:00:06 -13580.473536] AUTODETECT spr round 1 (radius: 5)
[00:00:06] [worker #1] ML tree search #2, logLikelihood: -3648.791390
[00:00:06 -6023.741774] AUTODETECT spr round 2 (radius: 10)
[00:00:06 -4088.220016] AUTODETECT spr round 3 (radius: 15)
[00:00:07] [worker #2] ML tree search #3, logLikelihood: -3648.779588
[00:00:07 -3867.351500] AUTODETECT spr round 4 (radius: 20)
[00:00:07 -3867.317412] SPR radius for FAST iterations: 15 (autodetect)
[00:00:07 -3867.317412] Model parameter optimization (eps = 3.000000)
[00:00:07 -3765.255815] FAST spr round 1 (radius: 15)
[00:00:07 -3663.503533] FAST spr round 2 (radius: 15)
[00:00:08 -3655.423267] Model parameter optimization (eps = 1.000000)
[00:00:08 -3649.464566] SLOW spr round 1 (radius: 5)
[00:00:09 -3649.293121] SLOW spr round 2 (radius: 10)
[00:00:09 -3649.293121] SLOW spr round 3 (radius: 15)
[00:00:10 -3649.293121] SLOW spr round 4 (radius: 20)
[00:00:10 -3649.293121] SLOW spr round 5 (radius: 25)
[00:00:11 -3649.293121] Model parameter optimization (eps = 0.100000)

[00:00:11] [worker #0] ML tree search #5, logLikelihood: -3648.783422

[00:00:11 -28140.064686] Initial branch length optimization
[00:00:11 -15533.665698] Model parameter optimization (eps = 10.000000)
[00:00:11] [worker #3] ML tree search #8, logLikelihood: -3648.788889
[00:00:12] [worker #1] ML tree search #6, logLikelihood: -3648.780609
[00:00:12 -13778.998217] AUTODETECT spr round 1 (radius: 5)
[00:00:12 -6752.438515] AUTODETECT spr round 2 (radius: 10)
[00:00:12 -4508.814507] AUTODETECT spr round 3 (radius: 15)
[00:00:13] [worker #2] ML tree search #7, logLikelihood: -3648.801388
[00:00:13 -3989.041049] AUTODETECT spr round 4 (radius: 20)
[00:00:13 -3984.654505] AUTODETECT spr round 5 (radius: 25)
[00:00:13 -3984.649136] SPR radius for FAST iterations: 20 (autodetect)
[00:00:13 -3984.649136] Model parameter optimization (eps = 3.000000)
[00:00:14 -3900.397714] FAST spr round 1 (radius: 20)
[00:00:14 -3673.430461] FAST spr round 2 (radius: 20)
[00:00:14 -3673.407483] Model parameter optimization (eps = 1.000000)
[00:00:15 -3649.513858] SLOW spr round 1 (radius: 5)
[00:00:15] [worker #3] ML tree search #12, logLikelihood: -3648.824784
[00:00:16 -3649.212134] SLOW spr round 2 (radius: 10)
[00:00:17 -3649.212134] SLOW spr round 3 (radius: 15)
[00:00:18] [worker #1] ML tree search #10, logLikelihood: -3648.789461
[00:00:18] [worker #2] ML tree search #11, logLikelihood: -3648.765456
[00:00:18 -3649.212134] SLOW spr round 4 (radius: 20)
[00:00:19 -3649.212134] SLOW spr round 5 (radius: 25)
[00:00:19 -3649.212134] Model parameter optimization (eps = 0.100000)

[00:00:19] [worker #0] ML tree search #9, logLikelihood: -3648.767988

[00:00:19 -6098.582618] Initial branch length optimization
[00:00:19 -3791.502341] Model parameter optimization (eps = 10.000000)
[00:00:20 -3683.005018] AUTODETECT spr round 1 (radius: 5)
[00:00:20 -3651.751357] AUTODETECT spr round 2 (radius: 10)
[00:00:20 -3649.720343] AUTODETECT spr round 3 (radius: 15)
[00:00:21 -3649.589252] AUTODETECT spr round 4 (radius: 20)
[00:00:21] [worker #3] ML tree search #16, logLikelihood: -3648.709299
[00:00:21 -3649.466215] AUTODETECT spr round 5 (radius: 25)
[00:00:21 -3649.361447] SPR radius for FAST iterations: 25 (autodetect)
[00:00:21 -3649.361447] Model parameter optimization (eps = 3.000000)
[00:00:21 -3648.985313] FAST spr round 1 (radius: 25)
[00:00:21 -3648.840253] Model parameter optimization (eps = 1.000000)
[00:00:21 -3648.761176] SLOW spr round 1 (radius: 5)
[00:00:22 -3648.758852] SLOW spr round 2 (radius: 10)
[00:00:23 -3648.758852] SLOW spr round 3 (radius: 15)
[00:00:23] [worker #1] ML tree search #14, logLikelihood: -3648.725890
[00:00:24 -3648.758852] SLOW spr round 4 (radius: 20)
[00:00:24] [worker #2] ML tree search #15, logLikelihood: -3649.482893
[00:00:25 -3648.758852] SLOW spr round 5 (radius: 25)
[00:00:25 -3648.758852] Model parameter optimization (eps = 0.100000)

[00:00:25] [worker #0] ML tree search #13, logLikelihood: -3648.731839

[00:00:25 -6087.615928] Initial branch length optimization
[00:00:25 -3778.702644] Model parameter optimization (eps = 10.000000)
[00:00:25] [worker #3] ML tree search #20, logLikelihood: -3648.727965
[00:00:25 -3673.512591] AUTODETECT spr round 1 (radius: 5)
[00:00:25 -3659.046116] AUTODETECT spr round 2 (radius: 10)
[00:00:26 -3650.028409] AUTODETECT spr round 3 (radius: 15)
[00:00:26 -3649.930625] SPR radius for FAST iterations: 10 (autodetect)
[00:00:26 -3649.930625] Model parameter optimization (eps = 3.000000)
[00:00:26 -3649.625795] FAST spr round 1 (radius: 10)
[00:00:27 -3648.803701] Model parameter optimization (eps = 1.000000)
[00:00:27 -3648.743480] SLOW spr round 1 (radius: 5)
[00:00:28 -3648.709856] SLOW spr round 2 (radius: 10)
[00:00:28] [worker #1] ML tree search #18, logLikelihood: -3651.051130
[00:00:28 -3648.709856] SLOW spr round 3 (radius: 15)
[00:00:29 -3648.709856] SLOW spr round 4 (radius: 20)
[00:00:29] [worker #2] ML tree search #19, logLikelihood: -3648.683575
[00:00:30 -3648.709856] SLOW spr round 5 (radius: 25)
[00:00:30 -3648.709856] Model parameter optimization (eps = 0.100000)

[00:00:30] [worker #0] ML tree search #17, logLikelihood: -3648.690167


Optimized model parameters:

   Partition 0: noname
   Rate heterogeneity: GAMMA (4 cats, mean),  alpha: 1.563253 (ML),  weights&rates: (0.250000,0.234930) (0.250000,0.598757) (0.250000,1.053930) (0.250000,2.112383) 
   Base frequencies (empirical): 0.313585 0.218536 0.171683 0.296196 
   Substitution rates (ML): 0.470837 4.541852 0.650482 1.354056 2.649031 1.000000 


Final LogLikelihood: -3648.683575

AIC score: 7613.367149 / AICc score: 7730.759673 / BIC score: 8304.621071
Free parameters (model + branch lengths): 158

WARNING: Best ML tree contains 33 near-zero branches!

Best ML tree with collapsed near-zero branches saved to: /data/jeremias/eucs/roadies/output/genes/gene_62_filtered.fa.aln.raxml.bestTreeCollapsed
Best ML tree saved to: /data/jeremias/eucs/roadies/output/genes/gene_62_filtered.fa.aln.raxml.bestTree
All ML trees saved to: /data/jeremias/eucs/roadies/output/genes/gene_62_filtered.fa.aln.raxml.mlTrees
Optimized model saved to: /data/jeremias/eucs/roadies/output/genes/gene_62_filtered.fa.aln.raxml.bestModel

Execution log saved to: /data/jeremias/eucs/roadies/output/genes/gene_62_filtered.fa.aln.raxml.log

Analysis started: 29-Jul-2024 16:43:05 / finished: 29-Jul-2024 16:43:35

Elapsed time: 30.444 seconds

