
RAxML-NG v. 1.2.2 released on 11.04.2024 by The Exelixis Lab.
Developed by: Alexey M. Kozlov and Alexandros Stamatakis.
Contributors: Diego Darriba, Tomas Flouri, Benoit Morel, Sarah Lutteropp, Ben Bettisworth, Julia Haag, Anastasis Togkousidis.
Latest version: https://github.com/amkozlov/raxml-ng
Questions/problems/suggestions? Please visit: https://groups.google.com/forum/#!forum/raxml

System: AMD EPYC 7742 64-Core Processor, 128 cores, 1007 GB RAM

RAxML-NG was called at 03-Jul-2024 19:35:12 as follows:

raxml-ng --msa /data/jeremias/eucs/roadies/output/genes/gene_200_filtered.fa.aln --model GTR+G+F --redo --threads auto{4} --blopt nr_safe

Analysis options:
  run mode: ML tree search
  start tree(s): random (10) + parsimony (10)
  random seed: 1719999312
  tip-inner: OFF
  pattern compression: ON
  per-rate scalers: OFF
  site repeats: ON
  logLH epsilon: general: 10.000000, brlen-triplet: 1000.000000
  fast spr radius: AUTO
  spr subtree cutoff: 1.000000
  fast CLV updates: ON
  branch lengths: proportional (ML estimate, algorithm: NR-SAFE)
  SIMD kernels: AVX2
  parallelization: coarse-grained (auto), PTHREADS (auto)

WARNING: Running in REDO mode: existing checkpoints are ignored, and all result files will be overwritten!

[00:00:00] Reading alignment from file: /data/jeremias/eucs/roadies/output/genes/gene_200_filtered.fa.aln
[00:00:00] Loaded alignment with 163 taxa and 585 sites

WARNING: Sequences GCA_014182405.1_4 and GCA_017140185.1_5 are exactly identical!
WARNING: Duplicate sequences found: 1

NOTE: Reduced alignment (with duplicates and gap-only sites/taxa removed) 
NOTE: was saved to: /data/jeremias/eucs/roadies/output/genes/gene_200_filtered.fa.aln.raxml.reduced.phy

Alignment comprises 1 partitions and 512 patterns

Partition 0: noname
Model: GTR+FC+G4m
Alignment sites / patterns: 585 / 512
Gaps: 2.25 %
Invariant sites: 20.17 %


NOTE: Binary MSA file created: /data/jeremias/eucs/roadies/output/genes/gene_200_filtered.fa.aln.raxml.rba

Parallelization scheme autoconfig: 4 worker(s) x 1 thread(s)

[00:00:00] Generating 10 random starting tree(s) with 163 taxa
[00:00:00] Generating 10 parsimony starting tree(s) with 163 taxa
Parallel parsimony with 4 threads
Parallel reduction/worker buffer size: 1 KB  / 0 KB

[00:00:00] Data distribution: max. partitions/sites/weight per thread: 1 / 512 / 8192
[00:00:00] Data distribution: max. searches per worker: 5

Starting ML tree search with 20 distinct starting trees

[00:00:00 -27270.661180] Initial branch length optimization
[00:00:00 -23416.000717] Model parameter optimization (eps = 10.000000)
[00:00:00 -21948.833343] AUTODETECT spr round 1 (radius: 5)
[00:00:01 -12283.601611] AUTODETECT spr round 2 (radius: 10)
[00:00:02 -10097.751351] AUTODETECT spr round 3 (radius: 15)
[00:00:04 -9861.021194] AUTODETECT spr round 4 (radius: 20)
[00:00:06 -9858.974952] AUTODETECT spr round 5 (radius: 25)
[00:00:07 -9858.165860] SPR radius for FAST iterations: 25 (autodetect)
[00:00:07 -9858.165860] Model parameter optimization (eps = 3.000000)
[00:00:07 -9773.936311] FAST spr round 1 (radius: 25)
[00:00:08 -9231.222648] FAST spr round 2 (radius: 25)
[00:00:09 -9220.688523] FAST spr round 3 (radius: 25)
[00:00:09 -9220.688465] Model parameter optimization (eps = 1.000000)
[00:00:10 -9219.835746] SLOW spr round 1 (radius: 5)
[00:00:12 -9214.183782] SLOW spr round 2 (radius: 10)
[00:00:14 -9214.183763] SLOW spr round 3 (radius: 15)
[00:00:18 -9214.183763] SLOW spr round 4 (radius: 20)
[00:00:22 -9214.183763] SLOW spr round 5 (radius: 25)
[00:00:24 -9214.183763] Model parameter optimization (eps = 0.100000)

[00:00:24] [worker #0] ML tree search #1, logLikelihood: -9214.148211

[00:00:24 -27344.393156] Initial branch length optimization
[00:00:24 -23603.602564] Model parameter optimization (eps = 10.000000)
[00:00:24 -22153.438355] AUTODETECT spr round 1 (radius: 5)
[00:00:25] [worker #3] ML tree search #4, logLikelihood: -9212.878549
[00:00:25] [worker #2] ML tree search #3, logLikelihood: -9212.486739
[00:00:25 -13820.587230] AUTODETECT spr round 2 (radius: 10)
[00:00:25] [worker #1] ML tree search #2, logLikelihood: -9210.847102
[00:00:27 -10751.708943] AUTODETECT spr round 3 (radius: 15)
[00:00:29 -10103.189664] AUTODETECT spr round 4 (radius: 20)
[00:00:30 -10099.812258] AUTODETECT spr round 5 (radius: 25)
[00:00:31 -10098.440935] SPR radius for FAST iterations: 25 (autodetect)
[00:00:31 -10098.440935] Model parameter optimization (eps = 3.000000)
[00:00:32 -10018.716322] FAST spr round 1 (radius: 25)
[00:00:33 -9234.662969] FAST spr round 2 (radius: 25)
[00:00:34 -9219.715044] FAST spr round 3 (radius: 25)
[00:00:34 -9218.936411] Model parameter optimization (eps = 1.000000)
[00:00:35 -9216.732519] SLOW spr round 1 (radius: 5)
[00:00:37 -9212.678749] SLOW spr round 2 (radius: 10)
[00:00:39 -9212.678749] SLOW spr round 3 (radius: 15)
[00:00:43 -9212.678749] SLOW spr round 4 (radius: 20)
[00:00:46 -9212.678749] SLOW spr round 5 (radius: 25)
[00:00:49 -9212.678749] Model parameter optimization (eps = 0.100000)

[00:00:49] [worker #0] ML tree search #5, logLikelihood: -9212.667935

[00:00:49 -27073.205836] Initial branch length optimization
[00:00:49 -23345.112442] Model parameter optimization (eps = 10.000000)
[00:00:49 -21926.503351] AUTODETECT spr round 1 (radius: 5)
[00:00:49] [worker #2] ML tree search #7, logLikelihood: -9210.414278
[00:00:50] [worker #3] ML tree search #8, logLikelihood: -9211.532261
[00:00:50 -13308.935434] AUTODETECT spr round 2 (radius: 10)
[00:00:50] [worker #1] ML tree search #6, logLikelihood: -9212.678306
[00:00:51 -10289.568297] AUTODETECT spr round 3 (radius: 15)
[00:00:53 -9974.414825] AUTODETECT spr round 4 (radius: 20)
[00:00:55 -9971.448366] AUTODETECT spr round 5 (radius: 25)
[00:00:57 -9970.273795] SPR radius for FAST iterations: 25 (autodetect)
[00:00:57 -9970.273795] Model parameter optimization (eps = 3.000000)
[00:00:57 -9893.070665] FAST spr round 1 (radius: 25)
[00:00:58 -9254.616741] FAST spr round 2 (radius: 25)
[00:00:59 -9222.468736] FAST spr round 3 (radius: 25)
[00:01:00 -9220.762203] Model parameter optimization (eps = 1.000000)
[00:01:00 -9219.092996] SLOW spr round 1 (radius: 5)
[00:01:03 -9214.987553] SLOW spr round 2 (radius: 10)
[00:01:05 -9212.444957] SLOW spr round 3 (radius: 15)
[00:01:07] [worker #2] ML tree search #11, logLikelihood: -9212.445181
[00:01:07] [worker #3] ML tree search #12, logLikelihood: -9215.228901
[00:01:08 -9212.444957] SLOW spr round 4 (radius: 20)
[00:01:12 -9212.444957] SLOW spr round 5 (radius: 25)
[00:01:14 -9212.444957] Model parameter optimization (eps = 0.100000)

[00:01:15] [worker #0] ML tree search #9, logLikelihood: -9212.432731

[00:01:15 -11605.563284] Initial branch length optimization
[00:01:15 -9668.208194] Model parameter optimization (eps = 10.000000)
[00:01:15 -9264.946864] AUTODETECT spr round 1 (radius: 5)
[00:01:16 -9222.678795] AUTODETECT spr round 2 (radius: 10)
[00:01:16] [worker #1] ML tree search #10, logLikelihood: -9214.872046
[00:01:17 -9222.655890] SPR radius for FAST iterations: 5 (autodetect)
[00:01:17 -9222.655890] Model parameter optimization (eps = 3.000000)
[00:01:17 -9222.531236] FAST spr round 1 (radius: 5)
[00:01:18 -9213.696017] Model parameter optimization (eps = 1.000000)
[00:01:18 -9213.688709] SLOW spr round 1 (radius: 5)
[00:01:20 -9211.470887] SLOW spr round 2 (radius: 10)
[00:01:22 -9211.470864] SLOW spr round 3 (radius: 15)
[00:01:24] [worker #2] ML tree search #15, logLikelihood: -9213.675581
[00:01:25] [worker #3] ML tree search #16, logLikelihood: -9212.383686
[00:01:26 -9211.470864] SLOW spr round 4 (radius: 20)
[00:01:30 -9211.470864] SLOW spr round 5 (radius: 25)
[00:01:32 -9211.470864] Model parameter optimization (eps = 0.100000)

[00:01:32] [worker #0] ML tree search #13, logLikelihood: -9211.470507

[00:01:32 -11621.005059] Initial branch length optimization
[00:01:33 -9693.106370] Model parameter optimization (eps = 10.000000)
[00:01:33 -9281.972681] AUTODETECT spr round 1 (radius: 5)
[00:01:33 -9218.446878] AUTODETECT spr round 2 (radius: 10)
[00:01:35] [worker #1] ML tree search #14, logLikelihood: -9213.161272
[00:01:35 -9216.712005] AUTODETECT spr round 3 (radius: 15)
[00:01:37 -9216.711133] SPR radius for FAST iterations: 10 (autodetect)
[00:01:37 -9216.711133] Model parameter optimization (eps = 3.000000)
[00:01:37 -9216.603408] FAST spr round 1 (radius: 10)
[00:01:38 -9214.917745] Model parameter optimization (eps = 1.000000)
[00:01:38 -9214.916578] SLOW spr round 1 (radius: 5)
[00:01:40 -9211.550683] SLOW spr round 2 (radius: 10)
[00:01:42 -9211.550671] SLOW spr round 3 (radius: 15)
[00:01:43] [worker #3] ML tree search #20, logLikelihood: -9211.470773
[00:01:44] [worker #2] ML tree search #19, logLikelihood: -9214.927781
[00:01:46 -9211.550671] SLOW spr round 4 (radius: 20)
[00:01:50 -9211.550671] SLOW spr round 5 (radius: 25)
[00:01:52 -9211.550671] Model parameter optimization (eps = 0.100000)

[00:01:52] [worker #0] ML tree search #17, logLikelihood: -9211.532288

[00:01:55] [worker #1] ML tree search #18, logLikelihood: -9212.817299

Optimized model parameters:

   Partition 0: noname
   Rate heterogeneity: GAMMA (4 cats, mean),  alpha: 1.625568 (ML),  weights&rates: (0.250000,0.244085) (0.250000,0.608205) (0.250000,1.057017) (0.250000,2.090693) 
   Base frequencies (empirical): 0.358731 0.195550 0.159191 0.286528 
   Substitution rates (ML): 0.703663 3.717658 0.675421 0.957381 3.727059 1.000000 


Final LogLikelihood: -9210.414278

AIC score: 19084.828556 / AICc score: 19962.257127 / BIC score: 20536.203689
Free parameters (model + branch lengths): 332

WARNING: Best ML tree contains 48 near-zero branches!

Best ML tree with collapsed near-zero branches saved to: /data/jeremias/eucs/roadies/output/genes/gene_200_filtered.fa.aln.raxml.bestTreeCollapsed
Best ML tree saved to: /data/jeremias/eucs/roadies/output/genes/gene_200_filtered.fa.aln.raxml.bestTree
All ML trees saved to: /data/jeremias/eucs/roadies/output/genes/gene_200_filtered.fa.aln.raxml.mlTrees
Optimized model saved to: /data/jeremias/eucs/roadies/output/genes/gene_200_filtered.fa.aln.raxml.bestModel

Execution log saved to: /data/jeremias/eucs/roadies/output/genes/gene_200_filtered.fa.aln.raxml.log

Analysis started: 03-Jul-2024 19:35:12 / finished: 03-Jul-2024 19:37:07

Elapsed time: 115.750 seconds

