
RAxML-NG v. 1.2.2 released on 11.04.2024 by The Exelixis Lab.
Developed by: Alexey M. Kozlov and Alexandros Stamatakis.
Contributors: Diego Darriba, Tomas Flouri, Benoit Morel, Sarah Lutteropp, Ben Bettisworth, Julia Haag, Anastasis Togkousidis.
Latest version: https://github.com/amkozlov/raxml-ng
Questions/problems/suggestions? Please visit: https://groups.google.com/forum/#!forum/raxml

System: AMD EPYC 7742 64-Core Processor, 128 cores, 1007 GB RAM

RAxML-NG was called at 29-Jul-2024 15:57:20 as follows:

raxml-ng --msa /data/jeremias/eucs/roadies/output/genes/gene_202_filtered.fa.aln --model GTR+G+F --redo --threads auto{4} --blopt nr_safe

Analysis options:
  run mode: ML tree search
  start tree(s): random (10) + parsimony (10)
  random seed: 1722232640
  tip-inner: OFF
  pattern compression: ON
  per-rate scalers: OFF
  site repeats: ON
  logLH epsilon: general: 10.000000, brlen-triplet: 1000.000000
  fast spr radius: AUTO
  spr subtree cutoff: 1.000000
  fast CLV updates: ON
  branch lengths: proportional (ML estimate, algorithm: NR-SAFE)
  SIMD kernels: AVX2
  parallelization: coarse-grained (auto), PTHREADS (auto)

WARNING: Running in REDO mode: existing checkpoints are ignored, and all result files will be overwritten!

[00:00:00] Reading alignment from file: /data/jeremias/eucs/roadies/output/genes/gene_202_filtered.fa.aln
[00:00:00] Loaded alignment with 121 taxa and 502 sites

Alignment comprises 1 partitions and 398 patterns

Partition 0: noname
Model: GTR+FC+G4m
Alignment sites / patterns: 502 / 398
Gaps: 1.51 %
Invariant sites: 28.88 %


NOTE: Binary MSA file created: /data/jeremias/eucs/roadies/output/genes/gene_202_filtered.fa.aln.raxml.rba

Parallelization scheme autoconfig: 4 worker(s) x 1 thread(s)

[00:00:00] Generating 10 random starting tree(s) with 121 taxa
[00:00:00] Generating 10 parsimony starting tree(s) with 121 taxa
Parallel parsimony with 4 threads
Parallel reduction/worker buffer size: 1 KB  / 0 KB

[00:00:00] Data distribution: max. partitions/sites/weight per thread: 1 / 398 / 6368
[00:00:00] Data distribution: max. searches per worker: 5

Starting ML tree search with 20 distinct starting trees

[00:00:00 -14587.847932] Initial branch length optimization
[00:00:00 -12762.024506] Model parameter optimization (eps = 10.000000)
[00:00:00 -11420.611540] AUTODETECT spr round 1 (radius: 5)
[00:00:01 -9612.543672] AUTODETECT spr round 2 (radius: 10)
[00:00:02 -8262.411426] AUTODETECT spr round 3 (radius: 15)
[00:00:03 -8251.123852] AUTODETECT spr round 4 (radius: 20)
[00:00:04 -8250.959807] AUTODETECT spr round 5 (radius: 25)
[00:00:05 -8250.935429] SPR radius for FAST iterations: 20 (autodetect)
[00:00:05 -8250.935429] Model parameter optimization (eps = 3.000000)
[00:00:05 -8231.503404] FAST spr round 1 (radius: 20)
[00:00:06 -7796.202858] FAST spr round 2 (radius: 20)
[00:00:07 -7764.949364] FAST spr round 3 (radius: 20)
[00:00:07 -7764.762251] Model parameter optimization (eps = 1.000000)
[00:00:08 -7763.698517] SLOW spr round 1 (radius: 5)
[00:00:10 -7763.171820] SLOW spr round 2 (radius: 10)
[00:00:12 -7763.171629] SLOW spr round 3 (radius: 15)
[00:00:14 -7763.171497] SLOW spr round 4 (radius: 20)
[00:00:14] [worker #2] ML tree search #3, logLikelihood: -7766.567166
[00:00:15] [worker #1] ML tree search #2, logLikelihood: -7763.001170
[00:00:16 -7763.171387] SLOW spr round 5 (radius: 25)
[00:00:16 -7763.171290] Model parameter optimization (eps = 0.100000)

[00:00:16] [worker #0] ML tree search #1, logLikelihood: -7763.170836

[00:00:16 -14613.269494] Initial branch length optimization
[00:00:16 -12763.862590] Model parameter optimization (eps = 10.000000)
[00:00:17 -11430.081007] AUTODETECT spr round 1 (radius: 5)
[00:00:17] [worker #3] ML tree search #4, logLikelihood: -7764.036901
[00:00:17 -9483.467762] AUTODETECT spr round 2 (radius: 10)
[00:00:18 -8138.586350] AUTODETECT spr round 3 (radius: 15)
[00:00:19 -8128.420792] AUTODETECT spr round 4 (radius: 20)
[00:00:20 -8127.480084] AUTODETECT spr round 5 (radius: 25)
[00:00:20 -8127.271453] SPR radius for FAST iterations: 25 (autodetect)
[00:00:20 -8127.271453] Model parameter optimization (eps = 3.000000)
[00:00:20 -8104.954118] FAST spr round 1 (radius: 25)
[00:00:21 -7796.893485] FAST spr round 2 (radius: 25)
[00:00:21 -7770.980866] FAST spr round 3 (radius: 25)
[00:00:22 -7770.044573] Model parameter optimization (eps = 1.000000)
[00:00:22 -7769.474173] SLOW spr round 1 (radius: 5)
[00:00:25 -7766.438386] SLOW spr round 2 (radius: 10)
[00:00:27 -7766.438121] SLOW spr round 3 (radius: 15)
[00:00:29] [worker #1] ML tree search #6, logLikelihood: -7761.098731
[00:00:29 -7766.438018] SLOW spr round 4 (radius: 20)
[00:00:31 -7766.437971] SLOW spr round 5 (radius: 25)
[00:00:32] [worker #3] ML tree search #8, logLikelihood: -7763.819434
[00:00:32] [worker #2] ML tree search #7, logLikelihood: -7763.597093
[00:00:32 -7766.437949] Model parameter optimization (eps = 0.100000)

[00:00:32] [worker #0] ML tree search #5, logLikelihood: -7766.401491

[00:00:32 -14428.378694] Initial branch length optimization
[00:00:32 -12500.821419] Model parameter optimization (eps = 10.000000)
[00:00:33 -11217.334312] AUTODETECT spr round 1 (radius: 5)
[00:00:34 -9304.008037] AUTODETECT spr round 2 (radius: 10)
[00:00:35 -8381.782724] AUTODETECT spr round 3 (radius: 15)
[00:00:36 -8270.524608] AUTODETECT spr round 4 (radius: 20)
[00:00:37 -8267.457472] AUTODETECT spr round 5 (radius: 25)
[00:00:38 -8267.351017] SPR radius for FAST iterations: 25 (autodetect)
[00:00:38 -8267.351017] Model parameter optimization (eps = 3.000000)
[00:00:38 -8227.790723] FAST spr round 1 (radius: 25)
[00:00:39 -7779.171494] FAST spr round 2 (radius: 25)
[00:00:40 -7766.998097] FAST spr round 3 (radius: 25)
[00:00:41 -7765.791592] Model parameter optimization (eps = 1.000000)
[00:00:41 -7764.395823] SLOW spr round 1 (radius: 5)
[00:00:43] [worker #3] ML tree search #12, logLikelihood: -7769.520637
[00:00:44] [worker #2] ML tree search #11, logLikelihood: -7765.523378
[00:00:44 -7763.456480] SLOW spr round 2 (radius: 10)
[00:00:45 -7763.456047] SLOW spr round 3 (radius: 15)
[00:00:46] [worker #1] ML tree search #10, logLikelihood: -7763.572916
[00:00:48 -7763.456038] SLOW spr round 4 (radius: 20)
[00:00:50 -7763.456038] SLOW spr round 5 (radius: 25)
[00:00:51 -7763.456038] Model parameter optimization (eps = 0.100000)

[00:00:51] [worker #0] ML tree search #9, logLikelihood: -7763.435337

[00:00:51 -9776.386919] Initial branch length optimization
[00:00:51 -8382.275975] Model parameter optimization (eps = 10.000000)
[00:00:51 -7823.759102] AUTODETECT spr round 1 (radius: 5)
[00:00:52 -7796.956183] AUTODETECT spr round 2 (radius: 10)
[00:00:53 -7790.978597] AUTODETECT spr round 3 (radius: 15)
[00:00:55 -7790.814483] AUTODETECT spr round 4 (radius: 20)
[00:00:55] [worker #3] ML tree search #16, logLikelihood: -7763.170983
[00:00:56 -7790.774905] SPR radius for FAST iterations: 15 (autodetect)
[00:00:56 -7790.774905] Model parameter optimization (eps = 3.000000)
[00:00:56 -7790.614086] FAST spr round 1 (radius: 15)
[00:00:56] [worker #2] ML tree search #15, logLikelihood: -7768.472969
[00:00:56] [worker #1] ML tree search #14, logLikelihood: -7765.320219
[00:00:57 -7772.334136] FAST spr round 2 (radius: 15)
[00:00:58 -7770.396851] Model parameter optimization (eps = 1.000000)
[00:00:58 -7770.359391] SLOW spr round 1 (radius: 5)
[00:01:01 -7769.727332] SLOW spr round 2 (radius: 10)
[00:01:02 -7767.932136] SLOW spr round 3 (radius: 15)
[00:01:05 -7767.932073] SLOW spr round 4 (radius: 20)
[00:01:06 -7767.932073] SLOW spr round 5 (radius: 25)
[00:01:07 -7767.932073] Model parameter optimization (eps = 0.100000)

[00:01:07] [worker #0] ML tree search #13, logLikelihood: -7767.916304

[00:01:07 -9853.553439] Initial branch length optimization
[00:01:07 -8458.280952] Model parameter optimization (eps = 10.000000)
[00:01:07 -7893.762949] AUTODETECT spr round 1 (radius: 5)
[00:01:08 -7797.707684] AUTODETECT spr round 2 (radius: 10)
[00:01:08] [worker #3] ML tree search #20, logLikelihood: -7763.073400
[00:01:08 -7786.197851] AUTODETECT spr round 3 (radius: 15)
[00:01:09 -7786.166711] SPR radius for FAST iterations: 10 (autodetect)
[00:01:09 -7786.166711] Model parameter optimization (eps = 3.000000)
[00:01:10 -7786.030399] FAST spr round 1 (radius: 10)
[00:01:10] [worker #2] ML tree search #19, logLikelihood: -7761.945760
[00:01:10 -7771.384641] FAST spr round 2 (radius: 10)
[00:01:11 -7768.471122] Model parameter optimization (eps = 1.000000)
[00:01:11] [worker #1] ML tree search #18, logLikelihood: -7763.039451
[00:01:11 -7768.386153] SLOW spr round 1 (radius: 5)
[00:01:12 -7765.180116] SLOW spr round 2 (radius: 10)
[00:01:13 -7765.180057] SLOW spr round 3 (radius: 15)
[00:01:16 -7765.180038] SLOW spr round 4 (radius: 20)
[00:01:17 -7765.180026] SLOW spr round 5 (radius: 25)
[00:01:17 -7765.180019] Model parameter optimization (eps = 0.100000)

[00:01:17] [worker #0] ML tree search #17, logLikelihood: -7765.172741


Optimized model parameters:

   Partition 0: noname
   Rate heterogeneity: GAMMA (4 cats, mean),  alpha: 0.680612 (ML),  weights&rates: (0.250000,0.070053) (0.250000,0.354237) (0.250000,0.917466) (0.250000,2.658244) 
   Base frequencies (empirical): 0.364465 0.203504 0.153656 0.278376 
   Substitution rates (ML): 0.582691 4.276237 0.539938 0.519453 4.343710 1.000000 


Final LogLikelihood: -7761.098731

AIC score: 16018.197461 / AICc score: 16506.355564 / BIC score: 17064.410291
Free parameters (model + branch lengths): 248

WARNING: Best ML tree contains 23 near-zero branches!

Best ML tree with collapsed near-zero branches saved to: /data/jeremias/eucs/roadies/output/genes/gene_202_filtered.fa.aln.raxml.bestTreeCollapsed
Best ML tree saved to: /data/jeremias/eucs/roadies/output/genes/gene_202_filtered.fa.aln.raxml.bestTree
All ML trees saved to: /data/jeremias/eucs/roadies/output/genes/gene_202_filtered.fa.aln.raxml.mlTrees
Optimized model saved to: /data/jeremias/eucs/roadies/output/genes/gene_202_filtered.fa.aln.raxml.bestModel

Execution log saved to: /data/jeremias/eucs/roadies/output/genes/gene_202_filtered.fa.aln.raxml.log

Analysis started: 29-Jul-2024 15:57:20 / finished: 29-Jul-2024 15:58:37

Elapsed time: 77.805 seconds

