
RAxML-NG v. 1.2.2 released on 11.04.2024 by The Exelixis Lab.
Developed by: Alexey M. Kozlov and Alexandros Stamatakis.
Contributors: Diego Darriba, Tomas Flouri, Benoit Morel, Sarah Lutteropp, Ben Bettisworth, Julia Haag, Anastasis Togkousidis.
Latest version: https://github.com/amkozlov/raxml-ng
Questions/problems/suggestions? Please visit: https://groups.google.com/forum/#!forum/raxml

System: AMD EPYC 7742 64-Core Processor, 128 cores, 1007 GB RAM

RAxML-NG was called at 29-Jul-2024 14:16:07 as follows:

raxml-ng --msa /data/jeremias/eucs/roadies/output/genes/gene_40_filtered.fa.aln --model GTR+G+F --redo --threads auto{4} --blopt nr_safe

Analysis options:
  run mode: ML tree search
  start tree(s): random (10) + parsimony (10)
  random seed: 1722226567
  tip-inner: OFF
  pattern compression: ON
  per-rate scalers: OFF
  site repeats: ON
  logLH epsilon: general: 10.000000, brlen-triplet: 1000.000000
  fast spr radius: AUTO
  spr subtree cutoff: 1.000000
  fast CLV updates: ON
  branch lengths: proportional (ML estimate, algorithm: NR-SAFE)
  SIMD kernels: AVX2
  parallelization: coarse-grained (auto), PTHREADS (auto)

WARNING: Running in REDO mode: existing checkpoints are ignored, and all result files will be overwritten!

[00:00:00] Reading alignment from file: /data/jeremias/eucs/roadies/output/genes/gene_40_filtered.fa.aln
[00:00:00] Loaded alignment with 359 taxa and 568 sites

WARNING: Sequences E_polyanthemos_4 and E_fibrosa_5 are exactly identical!
WARNING: Sequences E_polyanthemos_4 and E_paniculata_7 are exactly identical!
WARNING: Sequences E_polyanthemos_4 and E_paniculata_6 are exactly identical!
WARNING: Sequences E_victrix_5 and E_guilfoylei_4 are exactly identical!
WARNING: Sequences E_pauciflora_2 and E_pauciflora_1 are exactly identical!
WARNING: Sequences E_sideroxylon_6 and E_sideroxylon_5 are exactly identical!
WARNING: Duplicate sequences found: 6

NOTE: Reduced alignment (with duplicates and gap-only sites/taxa removed) 
NOTE: was saved to: /data/jeremias/eucs/roadies/output/genes/gene_40_filtered.fa.aln.raxml.reduced.phy

Alignment comprises 1 partitions and 560 patterns

Partition 0: noname
Model: GTR+FC+G4m
Alignment sites / patterns: 568 / 560
Gaps: 17.43 %
Invariant sites: 3.17 %


NOTE: Binary MSA file created: /data/jeremias/eucs/roadies/output/genes/gene_40_filtered.fa.aln.raxml.rba

Parallelization scheme autoconfig: 4 worker(s) x 1 thread(s)

[00:00:00] Generating 10 random starting tree(s) with 359 taxa
[00:00:00] Generating 10 parsimony starting tree(s) with 359 taxa
Parallel parsimony with 4 threads
Parallel reduction/worker buffer size: 1 KB  / 0 KB

[00:00:00] Data distribution: max. partitions/sites/weight per thread: 1 / 560 / 8960
[00:00:00] Data distribution: max. searches per worker: 5

Starting ML tree search with 20 distinct starting trees

[00:00:00 -109428.305338] Initial branch length optimization
[00:00:00 -96470.060390] Model parameter optimization (eps = 10.000000)
[00:00:02 -92572.513938] AUTODETECT spr round 1 (radius: 5)
[00:00:04 -63798.295744] AUTODETECT spr round 2 (radius: 10)
[00:00:08 -43029.970683] AUTODETECT spr round 3 (radius: 15)
[00:00:15 -37861.685151] AUTODETECT spr round 4 (radius: 20)
[00:00:29 -37501.683602] AUTODETECT spr round 5 (radius: 25)
[00:00:48 -37476.759713] SPR radius for FAST iterations: 25 (autodetect)
[00:00:48 -37476.759713] Model parameter optimization (eps = 3.000000)
[00:00:58 -37345.692859] FAST spr round 1 (radius: 25)
[00:01:04 -33799.205895] FAST spr round 2 (radius: 25)
[00:01:07 -33593.362889] FAST spr round 3 (radius: 25)
[00:01:10 -33578.075452] FAST spr round 4 (radius: 25)
[00:01:11 -33576.352997] Model parameter optimization (eps = 1.000000)
[00:01:12 -33575.517690] SLOW spr round 1 (radius: 5)
[00:01:20 -33567.875015] SLOW spr round 2 (radius: 10)
[00:01:26 -33567.599041] SLOW spr round 3 (radius: 15)
[00:01:42 -33567.598993] SLOW spr round 4 (radius: 20)
[00:02:07 -33567.598990] SLOW spr round 5 (radius: 25)
[00:02:19] [worker #2] ML tree search #3, logLikelihood: -33568.691327
[00:02:23 -33567.598989] Model parameter optimization (eps = 0.100000)

[00:02:23] [worker #0] ML tree search #1, logLikelihood: -33567.573477

[00:02:23 -109355.920381] Initial branch length optimization
[00:02:23 -96414.718154] Model parameter optimization (eps = 10.000000)
[00:02:26 -92554.612338] AUTODETECT spr round 1 (radius: 5)
[00:02:29 -63871.515280] AUTODETECT spr round 2 (radius: 10)
[00:02:32] [worker #3] ML tree search #4, logLikelihood: -33569.566240
[00:02:33 -42510.122283] AUTODETECT spr round 3 (radius: 15)
[00:02:40 -38207.505808] AUTODETECT spr round 4 (radius: 20)
[00:02:42] [worker #1] ML tree search #2, logLikelihood: -33565.997331
[00:02:54 -38009.738233] AUTODETECT spr round 5 (radius: 25)
[00:03:10 -38008.809326] SPR radius for FAST iterations: 25 (autodetect)
[00:03:10 -38008.809326] Model parameter optimization (eps = 3.000000)
[00:03:11 -37949.027113] FAST spr round 1 (radius: 25)
[00:03:15 -33899.527228] FAST spr round 2 (radius: 25)
[00:03:18 -33638.764204] FAST spr round 3 (radius: 25)
[00:03:21 -33611.948166] FAST spr round 4 (radius: 25)
[00:03:23 -33609.970293] Model parameter optimization (eps = 1.000000)
[00:03:24 -33576.690053] SLOW spr round 1 (radius: 5)
[00:03:30 -33567.436946] SLOW spr round 2 (radius: 10)
[00:03:37 -33564.298052] SLOW spr round 3 (radius: 15)
[00:03:53 -33564.286234] SLOW spr round 4 (radius: 20)
[00:04:20 -33564.286148] SLOW spr round 5 (radius: 25)
[00:04:36 -33564.286145] Model parameter optimization (eps = 0.100000)

[00:04:36] [worker #0] ML tree search #5, logLikelihood: -33564.219741

[00:04:36 -110072.879995] Initial branch length optimization
[00:04:37 -97444.149189] Model parameter optimization (eps = 10.000000)
[00:04:40] [worker #2] ML tree search #7, logLikelihood: -33564.814413
[00:04:42 -93550.282302] AUTODETECT spr round 1 (radius: 5)
[00:04:44 -66871.148117] AUTODETECT spr round 2 (radius: 10)
[00:04:48 -43895.379267] AUTODETECT spr round 3 (radius: 15)
[00:04:50] [worker #3] ML tree search #8, logLikelihood: -33572.406818
[00:04:55 -38059.019179] AUTODETECT spr round 4 (radius: 20)
[00:05:05 -37349.598080] AUTODETECT spr round 5 (radius: 25)
[00:05:08] [worker #1] ML tree search #6, logLikelihood: -33580.571312
[00:05:20 -37291.054313] SPR radius for FAST iterations: 25 (autodetect)
[00:05:20 -37291.054313] Model parameter optimization (eps = 3.000000)
[00:05:21 -37244.415232] FAST spr round 1 (radius: 25)
[00:05:25 -33858.521447] FAST spr round 2 (radius: 25)
[00:05:29 -33666.411057] FAST spr round 3 (radius: 25)
[00:05:31 -33662.199738] Model parameter optimization (eps = 1.000000)
[00:05:33 -33595.644856] SLOW spr round 1 (radius: 5)
[00:05:46 -33579.724689] SLOW spr round 2 (radius: 5)
[00:05:57 -33574.585753] SLOW spr round 3 (radius: 10)
[00:06:08 -33573.171745] SLOW spr round 4 (radius: 15)
[00:06:27 -33573.167319] SLOW spr round 5 (radius: 20)
[00:06:55 -33573.167093] SLOW spr round 6 (radius: 25)
[00:07:02] [worker #2] ML tree search #11, logLikelihood: -33567.336975
[00:07:12 -33573.167072] Model parameter optimization (eps = 0.100000)

[00:07:13] [worker #0] ML tree search #9, logLikelihood: -33573.111695

[00:07:13 -41386.710932] Initial branch length optimization
[00:07:13 -35468.587207] Model parameter optimization (eps = 10.000000)
[00:07:16] [worker #3] ML tree search #12, logLikelihood: -33572.245582
[00:07:17 -33941.066762] AUTODETECT spr round 1 (radius: 5)
[00:07:18 -33660.790947] AUTODETECT spr round 2 (radius: 10)
[00:07:25 -33651.723638] AUTODETECT spr round 3 (radius: 15)
[00:07:39 -33645.073010] AUTODETECT spr round 4 (radius: 20)
[00:07:45] [worker #1] ML tree search #10, logLikelihood: -33580.669569
[00:07:58 -33638.720332] AUTODETECT spr round 5 (radius: 25)
[00:08:08 -33633.259910] SPR radius for FAST iterations: 25 (autodetect)
[00:08:08 -33633.259910] Model parameter optimization (eps = 3.000000)
[00:08:08 -33617.342407] FAST spr round 1 (radius: 25)
[00:08:11 -33602.083881] FAST spr round 2 (radius: 25)
[00:08:13 -33597.033760] Model parameter optimization (eps = 1.000000)
[00:08:13 -33596.957287] SLOW spr round 1 (radius: 5)
[00:08:19 -33588.662951] SLOW spr round 2 (radius: 10)
[00:08:25 -33588.434218] SLOW spr round 3 (radius: 15)
[00:08:39 -33588.433699] SLOW spr round 4 (radius: 20)
[00:09:00 -33588.433648] SLOW spr round 5 (radius: 25)
[00:09:13 -33588.433643] Model parameter optimization (eps = 0.100000)

[00:09:13] [worker #0] ML tree search #13, logLikelihood: -33588.409202

[00:09:13 -41178.828686] Initial branch length optimization
[00:09:14 -35318.206769] Model parameter optimization (eps = 10.000000)
[00:09:15 -33808.571521] AUTODETECT spr round 1 (radius: 5)
[00:09:16 -33656.594280] AUTODETECT spr round 2 (radius: 10)
[00:09:19] [worker #2] ML tree search #15, logLikelihood: -33569.377460
[00:09:22 -33640.827260] AUTODETECT spr round 3 (radius: 15)
[00:09:27] [worker #3] ML tree search #16, logLikelihood: -33572.914317
[00:09:35 -33630.613611] AUTODETECT spr round 4 (radius: 20)
[00:09:39] [worker #1] ML tree search #14, logLikelihood: -33571.906078
[00:09:51 -33626.493259] AUTODETECT spr round 5 (radius: 25)
[00:10:04 -33624.046942] SPR radius for FAST iterations: 25 (autodetect)
[00:10:04 -33624.046942] Model parameter optimization (eps = 3.000000)
[00:10:05 -33617.565902] FAST spr round 1 (radius: 25)
[00:10:08 -33589.447685] FAST spr round 2 (radius: 25)
[00:10:10 -33586.655331] Model parameter optimization (eps = 1.000000)
[00:10:10 -33586.576101] SLOW spr round 1 (radius: 5)
[00:10:18 -33579.891789] SLOW spr round 2 (radius: 10)
[00:10:25 -33578.454778] SLOW spr round 3 (radius: 15)
[00:10:41 -33578.449495] SLOW spr round 4 (radius: 20)
[00:11:02 -33578.449396] SLOW spr round 5 (radius: 25)
[00:11:16 -33578.449389] Model parameter optimization (eps = 0.100000)

[00:11:17] [worker #0] ML tree search #17, logLikelihood: -33578.432350

[00:11:22] [worker #2] ML tree search #19, logLikelihood: -33569.175216
[00:11:26] [worker #3] ML tree search #20, logLikelihood: -33576.651358
[00:11:36] [worker #1] ML tree search #18, logLikelihood: -33576.173876

Optimized model parameters:

   Partition 0: noname
   Rate heterogeneity: GAMMA (4 cats, mean),  alpha: 1.392886 (ML),  weights&rates: (0.250000,0.208291) (0.250000,0.569699) (0.250000,1.043459) (0.250000,2.178551) 
   Base frequencies (empirical): 0.281259 0.231936 0.169843 0.316962 
   Substitution rates (ML): 0.808891 4.092848 0.722359 0.830175 2.948650 1.000000 


Final LogLikelihood: -33564.219741

AIC score: 68576.439483 / AICc score: 1118376.439483 / BIC score: 71720.135390
Free parameters (model + branch lengths): 724

WARNING: Number of free parameters (K=724) is larger than alignment size (n=568).
         This might lead to overfitting and compromise tree inference results!


WARNING: Best ML tree contains 51 near-zero branches!

Best ML tree with collapsed near-zero branches saved to: /data/jeremias/eucs/roadies/output/genes/gene_40_filtered.fa.aln.raxml.bestTreeCollapsed
Best ML tree saved to: /data/jeremias/eucs/roadies/output/genes/gene_40_filtered.fa.aln.raxml.bestTree
All ML trees saved to: /data/jeremias/eucs/roadies/output/genes/gene_40_filtered.fa.aln.raxml.mlTrees
Optimized model saved to: /data/jeremias/eucs/roadies/output/genes/gene_40_filtered.fa.aln.raxml.bestModel

Execution log saved to: /data/jeremias/eucs/roadies/output/genes/gene_40_filtered.fa.aln.raxml.log

Analysis started: 29-Jul-2024 14:16:07 / finished: 29-Jul-2024 14:27:43

Elapsed time: 696.450 seconds

