
RAxML-NG v. 1.2.2 released on 11.04.2024 by The Exelixis Lab.
Developed by: Alexey M. Kozlov and Alexandros Stamatakis.
Contributors: Diego Darriba, Tomas Flouri, Benoit Morel, Sarah Lutteropp, Ben Bettisworth, Julia Haag, Anastasis Togkousidis.
Latest version: https://github.com/amkozlov/raxml-ng
Questions/problems/suggestions? Please visit: https://groups.google.com/forum/#!forum/raxml

System: AMD EPYC 7742 64-Core Processor, 128 cores, 1007 GB RAM

RAxML-NG was called at 29-Jul-2024 17:05:45 as follows:

raxml-ng --msa /data/jeremias/eucs/roadies/output/genes/gene_141_filtered.fa.aln --model GTR+G+F --redo --threads auto{4} --blopt nr_safe

Analysis options:
  run mode: ML tree search
  start tree(s): random (10) + parsimony (10)
  random seed: 1722236745
  tip-inner: OFF
  pattern compression: ON
  per-rate scalers: OFF
  site repeats: ON
  logLH epsilon: general: 10.000000, brlen-triplet: 1000.000000
  fast spr radius: AUTO
  spr subtree cutoff: 1.000000
  fast CLV updates: ON
  branch lengths: proportional (ML estimate, algorithm: NR-SAFE)
  SIMD kernels: AVX2
  parallelization: coarse-grained (auto), PTHREADS (auto)

WARNING: Running in REDO mode: existing checkpoints are ignored, and all result files will be overwritten!

[00:00:00] Reading alignment from file: /data/jeremias/eucs/roadies/output/genes/gene_141_filtered.fa.aln
[00:00:00] Loaded alignment with 37 taxa and 562 sites

Alignment comprises 1 partitions and 177 patterns

Partition 0: noname
Model: GTR+FC+G4m
Alignment sites / patterns: 562 / 177
Gaps: 8.17 %
Invariant sites: 75.09 %


NOTE: Binary MSA file created: /data/jeremias/eucs/roadies/output/genes/gene_141_filtered.fa.aln.raxml.rba

Parallelization scheme autoconfig: 4 worker(s) x 1 thread(s)

[00:00:00] Generating 10 random starting tree(s) with 37 taxa
[00:00:00] Generating 10 parsimony starting tree(s) with 37 taxa
Parallel parsimony with 4 threads
Parallel reduction/worker buffer size: 1 KB  / 0 KB

[00:00:00] Data distribution: max. partitions/sites/weight per thread: 1 / 177 / 2832
[00:00:00] Data distribution: max. searches per worker: 5

Starting ML tree search with 20 distinct starting trees

[00:00:00 -3964.891730] Initial branch length optimization
[00:00:00 -3209.008333] Model parameter optimization (eps = 10.000000)
[00:00:00 -2981.119437] AUTODETECT spr round 1 (radius: 5)
[00:00:00 -2469.606879] AUTODETECT spr round 2 (radius: 10)
[00:00:00 -2434.850815] AUTODETECT spr round 3 (radius: 15)
[00:00:00 -2434.739414] AUTODETECT spr round 4 (radius: 20)
[00:00:00 -2434.737305] SPR radius for FAST iterations: 15 (autodetect)
[00:00:00 -2434.737305] Model parameter optimization (eps = 3.000000)
[00:00:00 -2430.585440] FAST spr round 1 (radius: 15)
[00:00:00 -2273.426793] FAST spr round 2 (radius: 15)
[00:00:00 -2248.530249] FAST spr round 3 (radius: 15)
[00:00:00 -2248.383141] Model parameter optimization (eps = 1.000000)
[00:00:00 -2245.687218] SLOW spr round 1 (radius: 5)
[00:00:00 -2245.684943] SLOW spr round 2 (radius: 10)
[00:00:00 -2245.684934] SLOW spr round 3 (radius: 15)
[00:00:01 -2245.684934] SLOW spr round 4 (radius: 20)
[00:00:01] [worker #2] ML tree search #3, logLikelihood: -2244.742332
[00:00:01] [worker #1] ML tree search #2, logLikelihood: -2243.304733
[00:00:01] [worker #3] ML tree search #4, logLikelihood: -2244.218155
[00:00:01 -2245.684934] SLOW spr round 5 (radius: 25)
[00:00:01 -2245.684934] Model parameter optimization (eps = 0.100000)

[00:00:01] [worker #0] ML tree search #1, logLikelihood: -2245.684355

[00:00:01 -3952.958268] Initial branch length optimization
[00:00:01 -3195.916283] Model parameter optimization (eps = 10.000000)
[00:00:01 -2970.279551] AUTODETECT spr round 1 (radius: 5)
[00:00:01 -2496.923968] AUTODETECT spr round 2 (radius: 10)
[00:00:01 -2278.855806] AUTODETECT spr round 3 (radius: 15)
[00:00:01 -2278.679920] AUTODETECT spr round 4 (radius: 20)
[00:00:01 -2278.667275] SPR radius for FAST iterations: 15 (autodetect)
[00:00:01 -2278.667275] Model parameter optimization (eps = 3.000000)
[00:00:01 -2272.403518] FAST spr round 1 (radius: 15)
[00:00:01 -2247.555137] FAST spr round 2 (radius: 15)
[00:00:01 -2243.052291] Model parameter optimization (eps = 1.000000)
[00:00:01 -2242.812890] SLOW spr round 1 (radius: 5)
[00:00:01 -2242.812689] SLOW spr round 2 (radius: 10)
[00:00:01 -2242.812689] SLOW spr round 3 (radius: 15)
[00:00:02 -2242.812689] SLOW spr round 4 (radius: 20)
[00:00:02 -2242.812689] SLOW spr round 5 (radius: 25)
[00:00:02 -2242.812689] Model parameter optimization (eps = 0.100000)

[00:00:02] [worker #0] ML tree search #5, logLikelihood: -2242.812513

[00:00:02 -3973.030034] Initial branch length optimization
[00:00:02 -3216.615861] Model parameter optimization (eps = 10.000000)
[00:00:02] [worker #1] ML tree search #6, logLikelihood: -2243.445366
[00:00:02 -2984.292598] AUTODETECT spr round 1 (radius: 5)
[00:00:02] [worker #3] ML tree search #8, logLikelihood: -2241.008360
[00:00:02] [worker #2] ML tree search #7, logLikelihood: -2246.769212
[00:00:02 -2518.898110] AUTODETECT spr round 2 (radius: 10)
[00:00:02 -2446.254904] AUTODETECT spr round 3 (radius: 15)
[00:00:02 -2439.890542] AUTODETECT spr round 4 (radius: 20)
[00:00:02 -2439.843642] SPR radius for FAST iterations: 15 (autodetect)
[00:00:02 -2439.843642] Model parameter optimization (eps = 3.000000)
[00:00:02 -2437.047309] FAST spr round 1 (radius: 15)
[00:00:02 -2259.688747] FAST spr round 2 (radius: 15)
[00:00:02 -2259.685814] Model parameter optimization (eps = 1.000000)
[00:00:02 -2256.197464] SLOW spr round 1 (radius: 5)
[00:00:03 -2244.972499] SLOW spr round 2 (radius: 5)
[00:00:03 -2241.517394] SLOW spr round 3 (radius: 10)
[00:00:03 -2241.517201] SLOW spr round 4 (radius: 15)
[00:00:03] [worker #3] ML tree search #12, logLikelihood: -2241.287636
[00:00:03] [worker #2] ML tree search #11, logLikelihood: -2244.471736
[00:00:03 -2241.517201] SLOW spr round 5 (radius: 20)
[00:00:03 -2241.517201] SLOW spr round 6 (radius: 25)
[00:00:03 -2241.517201] Model parameter optimization (eps = 0.100000)

[00:00:03] [worker #0] ML tree search #9, logLikelihood: -2241.201278

[00:00:03 -3133.710359] Initial branch length optimization
[00:00:03] [worker #1] ML tree search #10, logLikelihood: -2241.008330
[00:00:03 -2311.191550] Model parameter optimization (eps = 10.000000)
[00:00:03 -2257.136029] AUTODETECT spr round 1 (radius: 5)
[00:00:04 -2247.806101] AUTODETECT spr round 2 (radius: 10)
[00:00:04 -2247.797041] SPR radius for FAST iterations: 5 (autodetect)
[00:00:04 -2247.797041] Model parameter optimization (eps = 3.000000)
[00:00:04 -2247.434481] FAST spr round 1 (radius: 5)
[00:00:04 -2247.434328] Model parameter optimization (eps = 1.000000)
[00:00:04 -2247.434272] SLOW spr round 1 (radius: 5)
[00:00:04 -2247.434051] SLOW spr round 2 (radius: 10)
[00:00:04 -2247.434051] SLOW spr round 3 (radius: 15)
[00:00:04 -2247.434051] SLOW spr round 4 (radius: 20)
[00:00:04 -2247.434051] SLOW spr round 5 (radius: 25)
[00:00:04 -2247.434051] Model parameter optimization (eps = 0.100000)

[00:00:04] [worker #0] ML tree search #13, logLikelihood: -2247.434051

[00:00:04 -3127.051143] Initial branch length optimization
[00:00:04] [worker #2] ML tree search #15, logLikelihood: -2245.967622
[00:00:04 -2325.642725] Model parameter optimization (eps = 10.000000)
[00:00:04 -2267.538141] AUTODETECT spr round 1 (radius: 5)
[00:00:04] [worker #3] ML tree search #16, logLikelihood: -2241.902267
[00:00:04 -2243.568413] AUTODETECT spr round 2 (radius: 10)
[00:00:04] [worker #1] ML tree search #14, logLikelihood: -2241.287602
[00:00:04 -2243.195292] AUTODETECT spr round 3 (radius: 15)
[00:00:04 -2243.190627] SPR radius for FAST iterations: 10 (autodetect)
[00:00:04 -2243.190627] Model parameter optimization (eps = 3.000000)
[00:00:05 -2243.130226] FAST spr round 1 (radius: 10)
[00:00:05 -2241.538806] Model parameter optimization (eps = 1.000000)
[00:00:05 -2241.523674] SLOW spr round 1 (radius: 5)
[00:00:05 -2241.244077] SLOW spr round 2 (radius: 10)
[00:00:05 -2241.244077] SLOW spr round 3 (radius: 15)
[00:00:05 -2241.244077] SLOW spr round 4 (radius: 20)
[00:00:05 -2241.244077] SLOW spr round 5 (radius: 25)
[00:00:05 -2241.244077] Model parameter optimization (eps = 0.100000)

[00:00:05] [worker #0] ML tree search #17, logLikelihood: -2241.201167

[00:00:05] [worker #2] ML tree search #19, logLikelihood: -2244.266516
[00:00:05] [worker #3] ML tree search #20, logLikelihood: -2244.528347
[00:00:05] [worker #1] ML tree search #18, logLikelihood: -2244.677326

Optimized model parameters:

   Partition 0: noname
   Rate heterogeneity: GAMMA (4 cats, mean),  alpha: 0.268122 (ML),  weights&rates: (0.250000,0.003066) (0.250000,0.080055) (0.250000,0.538177) (0.250000,3.378703) 
   Base frequencies (empirical): 0.264938 0.214402 0.206232 0.314428 
   Substitution rates (ML): 3.205187 5.825866 3.124392 2.459601 6.734499 1.000000 


Final LogLikelihood: -2241.008330

AIC score: 4642.016659 / AICc score: 4668.960526 / BIC score: 4988.536807
Free parameters (model + branch lengths): 80

WARNING: Best ML tree contains 6 near-zero branches!

Best ML tree with collapsed near-zero branches saved to: /data/jeremias/eucs/roadies/output/genes/gene_141_filtered.fa.aln.raxml.bestTreeCollapsed
Best ML tree saved to: /data/jeremias/eucs/roadies/output/genes/gene_141_filtered.fa.aln.raxml.bestTree
All ML trees saved to: /data/jeremias/eucs/roadies/output/genes/gene_141_filtered.fa.aln.raxml.mlTrees
Optimized model saved to: /data/jeremias/eucs/roadies/output/genes/gene_141_filtered.fa.aln.raxml.bestModel

Execution log saved to: /data/jeremias/eucs/roadies/output/genes/gene_141_filtered.fa.aln.raxml.log

Analysis started: 29-Jul-2024 17:05:45 / finished: 29-Jul-2024 17:05:51

Elapsed time: 5.919 seconds

