
RAxML-NG v. 1.2.2 released on 11.04.2024 by The Exelixis Lab.
Developed by: Alexey M. Kozlov and Alexandros Stamatakis.
Contributors: Diego Darriba, Tomas Flouri, Benoit Morel, Sarah Lutteropp, Ben Bettisworth, Julia Haag, Anastasis Togkousidis.
Latest version: https://github.com/amkozlov/raxml-ng
Questions/problems/suggestions? Please visit: https://groups.google.com/forum/#!forum/raxml

System: AMD EPYC 7742 64-Core Processor, 128 cores, 1007 GB RAM

RAxML-NG was called at 29-Jul-2024 16:34:02 as follows:

raxml-ng --msa /data/jeremias/eucs/roadies/output/genes/gene_193_filtered.fa.aln --model GTR+G+F --redo --threads auto{4} --blopt nr_safe

Analysis options:
  run mode: ML tree search
  start tree(s): random (10) + parsimony (10)
  random seed: 1722234842
  tip-inner: OFF
  pattern compression: ON
  per-rate scalers: OFF
  site repeats: ON
  logLH epsilon: general: 10.000000, brlen-triplet: 1000.000000
  fast spr radius: AUTO
  spr subtree cutoff: 1.000000
  fast CLV updates: ON
  branch lengths: proportional (ML estimate, algorithm: NR-SAFE)
  SIMD kernels: AVX2
  parallelization: coarse-grained (auto), PTHREADS (auto)

WARNING: Running in REDO mode: existing checkpoints are ignored, and all result files will be overwritten!

[00:00:00] Reading alignment from file: /data/jeremias/eucs/roadies/output/genes/gene_193_filtered.fa.aln
[00:00:00] Loaded alignment with 333 taxa and 503 sites

WARNING: Sequences E_dawsonii_1 and E_polyanthemos_0 are exactly identical!
WARNING: Sequences E_pauciflora_9 and E_pauciflora_8 are exactly identical!
WARNING: Duplicate sequences found: 2

NOTE: Reduced alignment (with duplicates and gap-only sites/taxa removed) 
NOTE: was saved to: /data/jeremias/eucs/roadies/output/genes/gene_193_filtered.fa.aln.raxml.reduced.phy

Alignment comprises 1 partitions and 499 patterns

Partition 0: noname
Model: GTR+FC+G4m
Alignment sites / patterns: 503 / 499
Gaps: 0.93 %
Invariant sites: 3.58 %


NOTE: Binary MSA file created: /data/jeremias/eucs/roadies/output/genes/gene_193_filtered.fa.aln.raxml.rba

Parallelization scheme autoconfig: 4 worker(s) x 1 thread(s)

[00:00:00] Generating 10 random starting tree(s) with 333 taxa
[00:00:00] Generating 10 parsimony starting tree(s) with 333 taxa
Parallel parsimony with 4 threads
Parallel reduction/worker buffer size: 1 KB  / 0 KB

[00:00:00] Data distribution: max. partitions/sites/weight per thread: 1 / 499 / 7984
[00:00:00] Data distribution: max. searches per worker: 5

Starting ML tree search with 20 distinct starting trees

[00:00:00 -43880.413920] Initial branch length optimization
[00:00:00 -36671.265991] Model parameter optimization (eps = 10.000000)
[00:00:02 -33032.884828] AUTODETECT spr round 1 (radius: 5)
[00:00:04 -30800.312058] AUTODETECT spr round 2 (radius: 10)
[00:00:07 -27768.065627] AUTODETECT spr round 3 (radius: 15)
[00:00:16 -24626.241247] AUTODETECT spr round 4 (radius: 20)
[00:00:22 -24250.615827] AUTODETECT spr round 5 (radius: 25)
[00:00:29 -24222.439479] SPR radius for FAST iterations: 25 (autodetect)
[00:00:29 -24222.439479] Model parameter optimization (eps = 3.000000)
[00:00:32 -24024.260611] FAST spr round 1 (radius: 25)
[00:00:38 -22762.964226] FAST spr round 2 (radius: 25)
[00:00:42 -22699.915790] FAST spr round 3 (radius: 25)
[00:00:45 -22696.086590] Model parameter optimization (eps = 1.000000)
[00:00:45 -22695.674003] SLOW spr round 1 (radius: 5)
[00:00:52 -22691.072509] SLOW spr round 2 (radius: 10)
[00:00:58 -22689.802662] SLOW spr round 3 (radius: 15)
[00:01:09 -22689.801463] SLOW spr round 4 (radius: 20)
[00:01:23 -22689.801457] SLOW spr round 5 (radius: 25)
[00:01:38 -22689.801457] Model parameter optimization (eps = 0.100000)

[00:01:38] [worker #0] ML tree search #1, logLikelihood: -22689.790487

[00:01:38 -43905.324576] Initial branch length optimization
[00:01:39 -36686.562122] Model parameter optimization (eps = 10.000000)
[00:01:40 -33009.446052] AUTODETECT spr round 1 (radius: 5)
[00:01:41] [worker #1] ML tree search #2, logLikelihood: -22684.784857
[00:01:41 -30589.641429] AUTODETECT spr round 2 (radius: 10)
[00:01:45 -27608.508298] AUTODETECT spr round 3 (radius: 15)
[00:01:46] [worker #2] ML tree search #3, logLikelihood: -22698.635099
[00:01:51 -25518.701667] AUTODETECT spr round 4 (radius: 20)
[00:01:58 -25185.660080] AUTODETECT spr round 5 (radius: 25)
[00:02:05 -24975.674311] SPR radius for FAST iterations: 25 (autodetect)
[00:02:05 -24975.674311] Model parameter optimization (eps = 3.000000)
[00:02:06 -24965.583771] FAST spr round 1 (radius: 25)
[00:02:12 -22812.655562] FAST spr round 2 (radius: 25)
[00:02:18 -22712.655887] FAST spr round 3 (radius: 25)
[00:02:19] [worker #3] ML tree search #4, logLikelihood: -22680.755395
[00:02:22 -22706.022499] Model parameter optimization (eps = 1.000000)
[00:02:22 -22701.869361] SLOW spr round 1 (radius: 5)
[00:02:33 -22693.471345] SLOW spr round 2 (radius: 10)
[00:02:40 -22693.003655] SLOW spr round 3 (radius: 15)
[00:02:52 -22693.003646] SLOW spr round 4 (radius: 20)
[00:03:08 -22693.003646] SLOW spr round 5 (radius: 25)
[00:03:22 -22693.003646] Model parameter optimization (eps = 0.100000)

[00:03:23] [worker #0] ML tree search #5, logLikelihood: -22692.980185

[00:03:23 -43591.455956] Initial branch length optimization
[00:03:24] [worker #1] ML tree search #6, logLikelihood: -22694.641185
[00:03:24 -36663.218387] Model parameter optimization (eps = 10.000000)
[00:03:25 -32998.199534] AUTODETECT spr round 1 (radius: 5)
[00:03:26] [worker #2] ML tree search #7, logLikelihood: -22683.761805
[00:03:26 -30580.827697] AUTODETECT spr round 2 (radius: 10)
[00:03:30 -27391.894799] AUTODETECT spr round 3 (radius: 15)
[00:03:34 -25745.018194] AUTODETECT spr round 4 (radius: 20)
[00:03:41 -25543.414071] AUTODETECT spr round 5 (radius: 25)
[00:03:47 -25536.737998] SPR radius for FAST iterations: 25 (autodetect)
[00:03:47 -25536.737998] Model parameter optimization (eps = 3.000000)
[00:03:47 -25528.708352] FAST spr round 1 (radius: 25)
[00:03:53 -23319.731570] FAST spr round 2 (radius: 25)
[00:03:57 -22902.513730] FAST spr round 3 (radius: 25)
[00:04:00 -22899.904580] Model parameter optimization (eps = 1.000000)
[00:04:01 -22895.325242] SLOW spr round 1 (radius: 5)
[00:04:01] [worker #3] ML tree search #8, logLikelihood: -22687.766643
[00:04:08 -22886.189022] SLOW spr round 2 (radius: 10)
[00:04:15 -22886.032565] SLOW spr round 3 (radius: 15)
[00:04:27 -22886.021238] SLOW spr round 4 (radius: 20)
[00:04:45] [worker #2] ML tree search #11, logLikelihood: -22684.921150
[00:04:45 -22886.016483] SLOW spr round 5 (radius: 25)
[00:05:01 -22886.014178] Model parameter optimization (eps = 0.100000)

[00:05:03] [worker #0] ML tree search #9, logLikelihood: -22693.318560

[00:05:03 -28797.177405] Initial branch length optimization
[00:05:03 -25275.715365] Model parameter optimization (eps = 10.000000)
[00:05:04 -23139.260752] AUTODETECT spr round 1 (radius: 5)
[00:05:05] [worker #1] ML tree search #10, logLikelihood: -22693.866069
[00:05:05 -22932.885033] AUTODETECT spr round 2 (radius: 10)
[00:05:09 -22798.117153] AUTODETECT spr round 3 (radius: 15)
[00:05:16 -22776.014316] AUTODETECT spr round 4 (radius: 20)
[00:05:24 -22775.062001] AUTODETECT spr round 5 (radius: 25)
[00:05:29 -22775.061441] SPR radius for FAST iterations: 20 (autodetect)
[00:05:29 -22775.061441] Model parameter optimization (eps = 3.000000)
[00:05:30 -22773.478438] FAST spr round 1 (radius: 20)
[00:05:34 -22700.564039] FAST spr round 2 (radius: 20)
[00:05:34] [worker #3] ML tree search #12, logLikelihood: -22684.215867
[00:05:37 -22695.740878] Model parameter optimization (eps = 1.000000)
[00:05:37 -22695.623789] SLOW spr round 1 (radius: 5)
[00:05:44 -22689.017471] SLOW spr round 2 (radius: 10)
[00:05:52 -22688.286779] SLOW spr round 3 (radius: 15)
[00:06:03 -22688.286707] SLOW spr round 4 (radius: 20)
[00:06:06] [worker #2] ML tree search #15, logLikelihood: -22684.652757
[00:06:26 -22688.286707] SLOW spr round 5 (radius: 25)
[00:06:40] [worker #1] ML tree search #14, logLikelihood: -22687.830307
[00:06:41 -22688.286707] Model parameter optimization (eps = 0.100000)

[00:06:41] [worker #0] ML tree search #13, logLikelihood: -22688.262391

[00:06:41 -28768.218646] Initial branch length optimization
[00:06:41 -25324.731825] Model parameter optimization (eps = 10.000000)
[00:06:42 -23191.051189] AUTODETECT spr round 1 (radius: 5)
[00:06:43 -22884.630723] AUTODETECT spr round 2 (radius: 10)
[00:06:47 -22763.858102] AUTODETECT spr round 3 (radius: 15)
[00:06:54 -22759.391563] AUTODETECT spr round 4 (radius: 20)
[00:07:01 -22754.662064] AUTODETECT spr round 5 (radius: 25)
[00:07:02] [worker #3] ML tree search #16, logLikelihood: -22683.905995
[00:07:10 -22754.654154] SPR radius for FAST iterations: 20 (autodetect)
[00:07:10 -22754.654154] Model parameter optimization (eps = 3.000000)
[00:07:10 -22753.165502] FAST spr round 1 (radius: 20)
[00:07:15 -22711.497815] FAST spr round 2 (radius: 20)
[00:07:25 -22709.391190] Model parameter optimization (eps = 1.000000)
[00:07:27 -22709.269531] SLOW spr round 1 (radius: 5)
[00:07:36 -22696.495196] SLOW spr round 2 (radius: 5)
[00:07:43 -22696.492810] SLOW spr round 3 (radius: 10)
[00:07:46] [worker #2] ML tree search #19, logLikelihood: -22700.214946
[00:07:50 -22695.512191] SLOW spr round 4 (radius: 15)
[00:08:09 -22694.881556] SLOW spr round 5 (radius: 20)
[00:08:28 -22694.881515] SLOW spr round 6 (radius: 25)
[00:08:31] [worker #1] ML tree search #18, logLikelihood: -22692.602325
[00:08:46 -22694.881515] Model parameter optimization (eps = 0.100000)

[00:08:47] [worker #0] ML tree search #17, logLikelihood: -22694.847051

[00:09:03] [worker #3] ML tree search #20, logLikelihood: -22684.731425

Optimized model parameters:

   Partition 0: noname
   Rate heterogeneity: GAMMA (4 cats, mean),  alpha: 0.726763 (ML),  weights&rates: (0.250000,0.079912) (0.250000,0.375889) (0.250000,0.934396) (0.250000,2.609804) 
   Base frequencies (empirical): 0.307697 0.183055 0.191655 0.317593 
   Substitution rates (ML): 1.059379 8.462625 1.177256 0.582491 8.674698 1.000000 


Final LogLikelihood: -22680.755395

AIC score: 46705.510789 / AICc score: 951217.510789 / BIC score: 49541.747384
Free parameters (model + branch lengths): 672

WARNING: Number of free parameters (K=672) is larger than alignment size (n=503).
         This might lead to overfitting and compromise tree inference results!


WARNING: Best ML tree contains 77 near-zero branches!

Best ML tree with collapsed near-zero branches saved to: /data/jeremias/eucs/roadies/output/genes/gene_193_filtered.fa.aln.raxml.bestTreeCollapsed
Best ML tree saved to: /data/jeremias/eucs/roadies/output/genes/gene_193_filtered.fa.aln.raxml.bestTree
All ML trees saved to: /data/jeremias/eucs/roadies/output/genes/gene_193_filtered.fa.aln.raxml.mlTrees
Optimized model saved to: /data/jeremias/eucs/roadies/output/genes/gene_193_filtered.fa.aln.raxml.bestModel

Execution log saved to: /data/jeremias/eucs/roadies/output/genes/gene_193_filtered.fa.aln.raxml.log

Analysis started: 29-Jul-2024 16:34:02 / finished: 29-Jul-2024 16:43:06

Elapsed time: 543.751 seconds

