
RAxML-NG v. 1.2.2 released on 11.04.2024 by The Exelixis Lab.
Developed by: Alexey M. Kozlov and Alexandros Stamatakis.
Contributors: Diego Darriba, Tomas Flouri, Benoit Morel, Sarah Lutteropp, Ben Bettisworth, Julia Haag, Anastasis Togkousidis.
Latest version: https://github.com/amkozlov/raxml-ng
Questions/problems/suggestions? Please visit: https://groups.google.com/forum/#!forum/raxml

System: AMD EPYC 7742 64-Core Processor, 128 cores, 1007 GB RAM

RAxML-NG was called at 29-Jul-2024 16:26:01 as follows:

raxml-ng --msa /data/jeremias/eucs/roadies/output/genes/gene_73_filtered.fa.aln --model GTR+G+F --redo --threads auto{4} --blopt nr_safe

Analysis options:
  run mode: ML tree search
  start tree(s): random (10) + parsimony (10)
  random seed: 1722234361
  tip-inner: OFF
  pattern compression: ON
  per-rate scalers: OFF
  site repeats: ON
  logLH epsilon: general: 10.000000, brlen-triplet: 1000.000000
  fast spr radius: AUTO
  spr subtree cutoff: 1.000000
  fast CLV updates: ON
  branch lengths: proportional (ML estimate, algorithm: NR-SAFE)
  SIMD kernels: AVX2
  parallelization: coarse-grained (auto), PTHREADS (auto)

WARNING: Running in REDO mode: existing checkpoints are ignored, and all result files will be overwritten!

[00:00:00] Reading alignment from file: /data/jeremias/eucs/roadies/output/genes/gene_73_filtered.fa.aln
[00:00:00] Loaded alignment with 311 taxa and 524 sites

WARNING: Sequences E_dawsonii_7 and E_dawsonii_6 are exactly identical!
WARNING: Sequences E_melliodora_6 and E_melliodora_7 are exactly identical!
WARNING: Sequences E_grandis_3 and E_viminalis_3 are exactly identical!
WARNING: Sequences E_sideroxylon_1 and E_sid_E_mel_1 are exactly identical!
WARNING: Sequences E_sid_E_mel_2 and E_dawsonii_3 are exactly identical!
WARNING: Sequences E_sid_E_mel_2 and E_melliodora_2 are exactly identical!
WARNING: Sequences E_sid_E_mel_2 and E_sideroxylon_2 are exactly identical!
WARNING: Sequences E_sid_E_mel_0 and E_melliodora_0 are exactly identical!
WARNING: Sequences E_polyanthemos_2 and E_dawsonii_2 are exactly identical!
WARNING: Sequences E_polyanthemos_2 and E_decipiens_3 are exactly identical!
WARNING: Sequences E_polyanthemos_5 and E_coolabah_6 are exactly identical!
WARNING: Sequences E_fibrosa_1 and E_melliodora_1 are exactly identical!
WARNING: Sequences E_dawsonii_1 and E_polyanthemos_1 are exactly identical!
WARNING: Sequences E_pumila_9 and E_globulus_9 are exactly identical!
WARNING: Sequences E_victrix_3 and E_coolabah_7 are exactly identical!
WARNING: Sequences E_victrix_2 and E_paniculata_2 are exactly identical!
WARNING: Sequences E_victrix_2 and E_leucophloia_2 are exactly identical!
WARNING: Sequences E_shirleyi_3 and E_caleyi_2 are exactly identical!
WARNING: Sequences E_coolabah_4 and E_paniculata_5 are exactly identical!
WARNING: Sequences E_brandiana_9 and E_brandiana_8 are exactly identical!
WARNING: Sequences E_pumila_3 and E_pumila_2 are exactly identical!
WARNING: Sequences E_sideroxylon_3 and E_paniculata_4 are exactly identical!
WARNING: Duplicate sequences found: 22

NOTE: Reduced alignment (with duplicates and gap-only sites/taxa removed) 
NOTE: was saved to: /data/jeremias/eucs/roadies/output/genes/gene_73_filtered.fa.aln.raxml.reduced.phy

Alignment comprises 1 partitions and 465 patterns

Partition 0: noname
Model: GTR+FC+G4m
Alignment sites / patterns: 524 / 465
Gaps: 9.79 %
Invariant sites: 17.56 %


NOTE: Binary MSA file created: /data/jeremias/eucs/roadies/output/genes/gene_73_filtered.fa.aln.raxml.rba

Parallelization scheme autoconfig: 4 worker(s) x 1 thread(s)

[00:00:00] Generating 10 random starting tree(s) with 311 taxa
[00:00:00] Generating 10 parsimony starting tree(s) with 311 taxa
Parallel parsimony with 4 threads
Parallel reduction/worker buffer size: 1 KB  / 0 KB

[00:00:00] Data distribution: max. partitions/sites/weight per thread: 1 / 465 / 7440
[00:00:00] Data distribution: max. searches per worker: 5

Starting ML tree search with 20 distinct starting trees

[00:00:00 -47324.046325] Initial branch length optimization
[00:00:00 -38384.413406] Model parameter optimization (eps = 10.000000)
[00:00:03 -35398.708771] AUTODETECT spr round 1 (radius: 5)
[00:00:04 -21656.144755] AUTODETECT spr round 2 (radius: 10)
[00:00:06 -13377.408662] AUTODETECT spr round 3 (radius: 15)
[00:00:10 -11381.038658] AUTODETECT spr round 4 (radius: 20)
[00:00:16 -11314.829550] AUTODETECT spr round 5 (radius: 25)
[00:00:21 -11313.692674] SPR radius for FAST iterations: 25 (autodetect)
[00:00:21 -11313.692674] Model parameter optimization (eps = 3.000000)
[00:00:22 -11148.795825] FAST spr round 1 (radius: 25)
[00:00:24 -9874.339490] FAST spr round 2 (radius: 25)
[00:00:25 -9669.264031] FAST spr round 3 (radius: 25)
[00:00:26 -9667.692001] Model parameter optimization (eps = 1.000000)
[00:00:27 -9659.787314] SLOW spr round 1 (radius: 5)
[00:00:31 -9658.750751] SLOW spr round 2 (radius: 10)
[00:00:34 -9658.533682] SLOW spr round 3 (radius: 15)
[00:00:45 -9658.533682] SLOW spr round 4 (radius: 20)
[00:00:57 -9658.533682] SLOW spr round 5 (radius: 25)
[00:01:11 -9658.533682] Model parameter optimization (eps = 0.100000)

[00:01:11] [worker #0] ML tree search #1, logLikelihood: -9658.530639

[00:01:11 -47396.460096] Initial branch length optimization
[00:01:11 -38357.169618] Model parameter optimization (eps = 10.000000)
[00:01:13 -35534.139319] AUTODETECT spr round 1 (radius: 5)
[00:01:13] [worker #3] ML tree search #4, logLikelihood: -9655.025348
[00:01:14 -23517.022233] AUTODETECT spr round 2 (radius: 10)
[00:01:16] [worker #1] ML tree search #2, logLikelihood: -9656.592515
[00:01:17 -14078.867254] AUTODETECT spr round 3 (radius: 15)
[00:01:21 -11676.470334] AUTODETECT spr round 4 (radius: 20)
[00:01:24] [worker #2] ML tree search #3, logLikelihood: -9657.960376
[00:01:26 -11511.877415] AUTODETECT spr round 5 (radius: 25)
[00:01:32 -11309.837715] SPR radius for FAST iterations: 25 (autodetect)
[00:01:32 -11309.837715] Model parameter optimization (eps = 3.000000)
[00:01:33 -11147.440937] FAST spr round 1 (radius: 25)
[00:01:35 -9751.389334] FAST spr round 2 (radius: 25)
[00:01:37 -9668.946514] FAST spr round 3 (radius: 25)
[00:01:38 -9666.600488] Model parameter optimization (eps = 1.000000)
[00:01:38 -9658.350525] SLOW spr round 1 (radius: 5)
[00:01:43 -9656.599241] SLOW spr round 2 (radius: 10)
[00:01:46 -9656.599224] SLOW spr round 3 (radius: 15)
[00:02:00 -9656.599224] SLOW spr round 4 (radius: 20)
[00:02:13 -9656.599224] SLOW spr round 5 (radius: 25)
[00:02:26 -9656.599224] Model parameter optimization (eps = 0.100000)

[00:02:26] [worker #0] ML tree search #5, logLikelihood: -9656.592928

[00:02:26 -47308.295352] Initial branch length optimization
[00:02:26 -38332.365467] Model parameter optimization (eps = 10.000000)
[00:02:28 -35487.315148] AUTODETECT spr round 1 (radius: 5)
[00:02:29 -22380.431914] AUTODETECT spr round 2 (radius: 10)
[00:02:32 -13870.480738] AUTODETECT spr round 3 (radius: 15)
[00:02:33] [worker #3] ML tree search #8, logLikelihood: -9658.109892
[00:02:34] [worker #2] ML tree search #7, logLikelihood: -9657.442475
[00:02:36 -11179.870488] AUTODETECT spr round 4 (radius: 20)
[00:02:36] [worker #1] ML tree search #6, logLikelihood: -9659.652368
[00:02:42 -11016.715589] AUTODETECT spr round 5 (radius: 25)
[00:02:46 -11015.146125] SPR radius for FAST iterations: 25 (autodetect)
[00:02:46 -11015.146125] Model parameter optimization (eps = 3.000000)
[00:02:47 -10850.744940] FAST spr round 1 (radius: 25)
[00:02:49 -9759.541582] FAST spr round 2 (radius: 25)
[00:02:52 -9672.059225] FAST spr round 3 (radius: 25)
[00:02:54 -9669.739066] Model parameter optimization (eps = 1.000000)
[00:02:54 -9664.228946] SLOW spr round 1 (radius: 5)
[00:03:01 -9659.793285] SLOW spr round 2 (radius: 10)
[00:03:04 -9659.793269] SLOW spr round 3 (radius: 15)
[00:03:16 -9659.793269] SLOW spr round 4 (radius: 20)
[00:03:28 -9659.793269] SLOW spr round 5 (radius: 25)
[00:03:41 -9659.793269] Model parameter optimization (eps = 0.100000)

[00:03:41] [worker #0] ML tree search #9, logLikelihood: -9659.786804

[00:03:41 -13078.147057] Initial branch length optimization
[00:03:41 -10009.835139] Model parameter optimization (eps = 10.000000)
[00:03:42 -9720.966405] AUTODETECT spr round 1 (radius: 5)
[00:03:43 -9679.841889] AUTODETECT spr round 2 (radius: 10)
[00:03:47 -9665.807130] AUTODETECT spr round 3 (radius: 15)
[00:03:54 -9665.806391] SPR radius for FAST iterations: 10 (autodetect)
[00:03:54 -9665.806391] Model parameter optimization (eps = 3.000000)
[00:03:54 -9665.777474] FAST spr round 1 (radius: 10)
[00:03:55] [worker #3] ML tree search #12, logLikelihood: -9657.764264
[00:03:55 -9663.634466] Model parameter optimization (eps = 1.000000)
[00:03:55 -9663.633948] SLOW spr round 1 (radius: 5)
[00:04:00] [worker #1] ML tree search #10, logLikelihood: -9658.955512
[00:04:00 -9663.152585] SLOW spr round 2 (radius: 10)
[00:04:02] [worker #2] ML tree search #11, logLikelihood: -9657.615415
[00:04:03 -9663.152568] SLOW spr round 3 (radius: 15)
[00:04:17 -9659.273986] SLOW spr round 4 (radius: 20)
[00:04:29 -9659.273986] SLOW spr round 5 (radius: 25)
[00:04:42 -9659.273986] Model parameter optimization (eps = 0.100000)

[00:04:42] [worker #0] ML tree search #13, logLikelihood: -9659.270628

[00:04:42 -13053.187110] Initial branch length optimization
[00:04:42 -9995.161830] Model parameter optimization (eps = 10.000000)
[00:04:43 -9714.042078] AUTODETECT spr round 1 (radius: 5)
[00:04:44 -9665.996199] AUTODETECT spr round 2 (radius: 10)
[00:04:47 -9664.795397] AUTODETECT spr round 3 (radius: 15)
[00:04:54 -9663.758678] AUTODETECT spr round 4 (radius: 20)
[00:05:01] [worker #3] ML tree search #16, logLikelihood: -9657.844969
[00:05:03 -9663.758514] SPR radius for FAST iterations: 15 (autodetect)
[00:05:03 -9663.758514] Model parameter optimization (eps = 3.000000)
[00:05:03 -9663.679813] FAST spr round 1 (radius: 15)
[00:05:04] [worker #2] ML tree search #15, logLikelihood: -9655.980356
[00:05:05 -9659.520407] Model parameter optimization (eps = 1.000000)
[00:05:05 -9659.512164] SLOW spr round 1 (radius: 5)
[00:05:07] [worker #1] ML tree search #14, logLikelihood: -9657.361805
[00:05:11 -9658.969929] SLOW spr round 2 (radius: 10)
[00:05:14 -9658.969861] SLOW spr round 3 (radius: 15)
[00:05:31 -9658.969861] SLOW spr round 4 (radius: 20)
[00:05:41 -9658.969861] SLOW spr round 5 (radius: 25)
[00:05:52 -9658.969861] Model parameter optimization (eps = 0.100000)

[00:05:53] [worker #0] ML tree search #17, logLikelihood: -9658.964770

[00:05:58] [worker #3] ML tree search #20, logLikelihood: -9658.610827
[00:06:09] [worker #1] ML tree search #18, logLikelihood: -9657.999350
[00:06:25] [worker #2] ML tree search #19, logLikelihood: -9653.124242

Optimized model parameters:

   Partition 0: noname
   Rate heterogeneity: GAMMA (4 cats, mean),  alpha: 2.221176 (ML),  weights&rates: (0.250000,0.318320) (0.250000,0.676645) (0.250000,1.074653) (0.250000,1.930382) 
   Base frequencies (empirical): 0.287142 0.159016 0.199137 0.354705 
   Substitution rates (ML): 1.141779 3.233107 0.809275 1.327372 3.581911 1.000000 


Final LogLikelihood: -9653.124242

AIC score: 20562.248483 / AICc score: 810586.248483 / BIC score: 23238.465261
Free parameters (model + branch lengths): 628

WARNING: Number of free parameters (K=628) is larger than alignment size (n=524).
         This might lead to overfitting and compromise tree inference results!


WARNING: Best ML tree contains 139 near-zero branches!

Best ML tree with collapsed near-zero branches saved to: /data/jeremias/eucs/roadies/output/genes/gene_73_filtered.fa.aln.raxml.bestTreeCollapsed
Best ML tree saved to: /data/jeremias/eucs/roadies/output/genes/gene_73_filtered.fa.aln.raxml.bestTree
All ML trees saved to: /data/jeremias/eucs/roadies/output/genes/gene_73_filtered.fa.aln.raxml.mlTrees
Optimized model saved to: /data/jeremias/eucs/roadies/output/genes/gene_73_filtered.fa.aln.raxml.bestModel

Execution log saved to: /data/jeremias/eucs/roadies/output/genes/gene_73_filtered.fa.aln.raxml.log

Analysis started: 29-Jul-2024 16:26:01 / finished: 29-Jul-2024 16:32:26

Elapsed time: 385.134 seconds

