
RAxML-NG v. 1.2.2 released on 11.04.2024 by The Exelixis Lab.
Developed by: Alexey M. Kozlov and Alexandros Stamatakis.
Contributors: Diego Darriba, Tomas Flouri, Benoit Morel, Sarah Lutteropp, Ben Bettisworth, Julia Haag, Anastasis Togkousidis.
Latest version: https://github.com/amkozlov/raxml-ng
Questions/problems/suggestions? Please visit: https://groups.google.com/forum/#!forum/raxml

System: AMD EPYC 7742 64-Core Processor, 128 cores, 1007 GB RAM

RAxML-NG was called at 03-Jul-2024 20:54:22 as follows:

raxml-ng --msa /data/jeremias/eucs/roadies/output/genes/gene_5_filtered.fa.aln --model GTR+G+F --redo --threads auto{4} --blopt nr_safe

Analysis options:
  run mode: ML tree search
  start tree(s): random (10) + parsimony (10)
  random seed: 1720004062
  tip-inner: OFF
  pattern compression: ON
  per-rate scalers: OFF
  site repeats: ON
  logLH epsilon: general: 10.000000, brlen-triplet: 1000.000000
  fast spr radius: AUTO
  spr subtree cutoff: 1.000000
  fast CLV updates: ON
  branch lengths: proportional (ML estimate, algorithm: NR-SAFE)
  SIMD kernels: AVX2
  parallelization: coarse-grained (auto), PTHREADS (auto)

WARNING: Running in REDO mode: existing checkpoints are ignored, and all result files will be overwritten!

[00:00:00] Reading alignment from file: /data/jeremias/eucs/roadies/output/genes/gene_5_filtered.fa.aln
[00:00:00] Loaded alignment with 258 taxa and 522 sites

WARNING: Sequences GCA_014182385.1_7 and GCA_014182545.1_7 are exactly identical!
WARNING: Sequences GCA_014182585.1_4 and GCA_016097545.1_3 are exactly identical!
WARNING: Sequences GCA_017140165.1_0 and GCA_017140475.1_0 are exactly identical!
WARNING: Sequences GCA_016097615.1_6 and GCA_017140185.1_4 are exactly identical!
WARNING: Sequences GCA_016097615.1_9 and GCA_017140185.1_7 are exactly identical!
WARNING: Duplicate sequences found: 5

NOTE: Reduced alignment (with duplicates and gap-only sites/taxa removed) 
NOTE: was saved to: /data/jeremias/eucs/roadies/output/genes/gene_5_filtered.fa.aln.raxml.reduced.phy

Alignment comprises 1 partitions and 498 patterns

Partition 0: noname
Model: GTR+FC+G4m
Alignment sites / patterns: 522 / 498
Gaps: 4.07 %
Invariant sites: 12.64 %


NOTE: Binary MSA file created: /data/jeremias/eucs/roadies/output/genes/gene_5_filtered.fa.aln.raxml.rba

Parallelization scheme autoconfig: 4 worker(s) x 1 thread(s)

[00:00:00] Generating 10 random starting tree(s) with 258 taxa
[00:00:00] Generating 10 parsimony starting tree(s) with 258 taxa
Parallel parsimony with 4 threads
Parallel reduction/worker buffer size: 1 KB  / 0 KB

[00:00:00] Data distribution: max. partitions/sites/weight per thread: 1 / 498 / 7968
[00:00:00] Data distribution: max. searches per worker: 5

Starting ML tree search with 20 distinct starting trees

[00:00:00 -40623.455008] Initial branch length optimization
[00:00:00 -34356.313022] Model parameter optimization (eps = 10.000000)
[00:00:01 -32201.312153] AUTODETECT spr round 1 (radius: 5)
[00:00:02 -19475.629637] AUTODETECT spr round 2 (radius: 10)
[00:00:04 -13449.685547] AUTODETECT spr round 3 (radius: 15)
[00:00:07 -12267.957571] AUTODETECT spr round 4 (radius: 20)
[00:00:11 -12264.767077] AUTODETECT spr round 5 (radius: 25)
[00:00:15 -12262.651399] SPR radius for FAST iterations: 25 (autodetect)
[00:00:15 -12262.651399] Model parameter optimization (eps = 3.000000)
[00:00:15 -12062.587401] FAST spr round 1 (radius: 25)
[00:00:17 -10526.474213] FAST spr round 2 (radius: 25)
[00:00:18 -10507.900131] FAST spr round 3 (radius: 25)
[00:00:19 -10507.899733] Model parameter optimization (eps = 1.000000)
[00:00:19 -10502.327823] SLOW spr round 1 (radius: 5)
[00:00:23 -10499.197292] SLOW spr round 2 (radius: 10)
[00:00:26 -10496.533049] SLOW spr round 3 (radius: 15)
[00:00:33 -10494.484314] SLOW spr round 4 (radius: 20)
[00:00:39 -10494.484276] SLOW spr round 5 (radius: 25)
[00:00:43] [worker #1] ML tree search #2, logLikelihood: -10492.162742
[00:00:45 -10494.484251] Model parameter optimization (eps = 0.100000)

[00:00:45] [worker #0] ML tree search #1, logLikelihood: -10494.399759

[00:00:45 -40953.633975] Initial branch length optimization
[00:00:45 -34503.907960] Model parameter optimization (eps = 10.000000)
[00:00:46 -32279.100062] AUTODETECT spr round 1 (radius: 5)
[00:00:46] [worker #3] ML tree search #4, logLikelihood: -10488.829253
[00:00:47 -20371.276711] AUTODETECT spr round 2 (radius: 10)
[00:00:48] [worker #2] ML tree search #3, logLikelihood: -10489.145806
[00:00:49 -15386.973712] AUTODETECT spr round 3 (radius: 15)
[00:00:52 -12862.784470] AUTODETECT spr round 4 (radius: 20)
[00:00:55 -12676.614036] AUTODETECT spr round 5 (radius: 25)
[00:00:59 -12671.822771] SPR radius for FAST iterations: 25 (autodetect)
[00:00:59 -12671.822771] Model parameter optimization (eps = 3.000000)
[00:01:00 -12457.306464] FAST spr round 1 (radius: 25)
[00:01:02 -10776.956099] FAST spr round 2 (radius: 25)
[00:01:03 -10508.225875] FAST spr round 3 (radius: 25)
[00:01:04 -10502.006481] Model parameter optimization (eps = 1.000000)
[00:01:05 -10494.841086] SLOW spr round 1 (radius: 5)
[00:01:08 -10491.450922] SLOW spr round 2 (radius: 10)
[00:01:11 -10489.395820] SLOW spr round 3 (radius: 15)
[00:01:19 -10489.395786] SLOW spr round 4 (radius: 20)
[00:01:26 -10489.395755] SLOW spr round 5 (radius: 25)
[00:01:32 -10489.395724] Model parameter optimization (eps = 0.100000)

[00:01:32] [worker #0] ML tree search #5, logLikelihood: -10489.291463

[00:01:32 -40933.030606] Initial branch length optimization
[00:01:32 -34366.105365] Model parameter optimization (eps = 10.000000)
[00:01:33 -32184.698994] AUTODETECT spr round 1 (radius: 5)
[00:01:33] [worker #2] ML tree search #7, logLikelihood: -10485.884150
[00:01:33] [worker #1] ML tree search #6, logLikelihood: -10492.603521
[00:01:34 -20678.263355] AUTODETECT spr round 2 (radius: 10)
[00:01:36 -14385.340461] AUTODETECT spr round 3 (radius: 15)
[00:01:36] [worker #3] ML tree search #8, logLikelihood: -10486.218747
[00:01:39 -12806.254625] AUTODETECT spr round 4 (radius: 20)
[00:01:42 -12473.765626] AUTODETECT spr round 5 (radius: 25)
[00:01:45 -12469.980242] SPR radius for FAST iterations: 25 (autodetect)
[00:01:45 -12469.980242] Model parameter optimization (eps = 3.000000)
[00:01:45 -12261.785700] FAST spr round 1 (radius: 25)
[00:01:47 -10618.535122] FAST spr round 2 (radius: 25)
[00:01:48 -10519.010402] FAST spr round 3 (radius: 25)
[00:01:50 -10503.671530] FAST spr round 4 (radius: 25)
[00:01:51 -10503.671233] Model parameter optimization (eps = 1.000000)
[00:01:51 -10494.871491] SLOW spr round 1 (radius: 5)
[00:01:55 -10493.106804] SLOW spr round 2 (radius: 10)
[00:01:58 -10493.106763] SLOW spr round 3 (radius: 15)
[00:02:04] [worker #2] ML tree search #11, logLikelihood: -10506.368044
[00:02:05 -10493.106738] SLOW spr round 4 (radius: 20)
[00:02:11] [worker #3] ML tree search #12, logLikelihood: -10492.821285
[00:02:12 -10493.106713] SLOW spr round 5 (radius: 25)
[00:02:18 -10493.106688] Model parameter optimization (eps = 0.100000)

[00:02:18] [worker #0] ML tree search #9, logLikelihood: -10493.099376

[00:02:18 -13321.414504] Initial branch length optimization
[00:02:18 -10956.308867] Model parameter optimization (eps = 10.000000)
[00:02:19 -10616.507480] AUTODETECT spr round 1 (radius: 5)
[00:02:19 -10501.916300] AUTODETECT spr round 2 (radius: 10)
[00:02:21] [worker #1] ML tree search #10, logLikelihood: -10492.437370
[00:02:22 -10500.063575] AUTODETECT spr round 3 (radius: 15)
[00:02:25 -10499.985128] SPR radius for FAST iterations: 10 (autodetect)
[00:02:25 -10499.985128] Model parameter optimization (eps = 3.000000)
[00:02:25 -10499.642921] FAST spr round 1 (radius: 10)
[00:02:26 -10492.355327] Model parameter optimization (eps = 1.000000)
[00:02:26 -10492.326512] SLOW spr round 1 (radius: 5)
[00:02:30 -10489.866005] SLOW spr round 2 (radius: 10)
[00:02:33 -10487.777592] SLOW spr round 3 (radius: 15)
[00:02:36] [worker #2] ML tree search #15, logLikelihood: -10484.358823
[00:02:40 -10487.777555] SLOW spr round 4 (radius: 20)
[00:02:46 -10487.777530] SLOW spr round 5 (radius: 25)
[00:02:52 -10487.777505] Model parameter optimization (eps = 0.100000)

[00:02:53] [worker #0] ML tree search #13, logLikelihood: -10487.765248

[00:02:53 -13312.167143] Initial branch length optimization
[00:02:53 -10960.419858] Model parameter optimization (eps = 10.000000)
[00:02:53 -10622.100351] AUTODETECT spr round 1 (radius: 5)
[00:02:54 -10505.065010] AUTODETECT spr round 2 (radius: 10)
[00:02:56 -10500.093455] AUTODETECT spr round 3 (radius: 15)
[00:02:58] [worker #3] ML tree search #16, logLikelihood: -10490.264938
[00:03:00 -10500.093193] SPR radius for FAST iterations: 10 (autodetect)
[00:03:00 -10500.093193] Model parameter optimization (eps = 3.000000)
[00:03:00 -10499.551654] FAST spr round 1 (radius: 10)
[00:03:01] [worker #1] ML tree search #14, logLikelihood: -10495.125437
[00:03:01 -10491.275979] Model parameter optimization (eps = 1.000000)
[00:03:01 -10491.270487] SLOW spr round 1 (radius: 5)
[00:03:04 -10489.633339] SLOW spr round 2 (radius: 10)
[00:03:07 -10489.633303] SLOW spr round 3 (radius: 15)
[00:03:15 -10489.633270] SLOW spr round 4 (radius: 20)
[00:03:21] [worker #2] ML tree search #19, logLikelihood: -10490.267219
[00:03:22 -10489.633238] SLOW spr round 5 (radius: 25)
[00:03:28 -10489.633205] Model parameter optimization (eps = 0.100000)

[00:03:28] [worker #0] ML tree search #17, logLikelihood: -10489.628990

[00:03:34] [worker #3] ML tree search #20, logLikelihood: -10496.963817
[00:03:35] [worker #1] ML tree search #18, logLikelihood: -10491.853698

Optimized model parameters:

   Partition 0: noname
   Rate heterogeneity: GAMMA (4 cats, mean),  alpha: 2.695124 (ML),  weights&rates: (0.250000,0.364209) (0.250000,0.713117) (0.250000,1.080532) (0.250000,1.842143) 
   Base frequencies (empirical): 0.293787 0.160850 0.234238 0.311126 
   Substitution rates (ML): 1.288494 3.590473 0.918409 1.659547 4.563095 1.000000 


Final LogLikelihood: -10484.358823

AIC score: 22012.717646 / AICc score: 568024.717646 / BIC score: 24235.220127
Free parameters (model + branch lengths): 522

WARNING: Number of free parameters (K=522) is larger than alignment size (n=522).
         This might lead to overfitting and compromise tree inference results!


WARNING: Best ML tree contains 76 near-zero branches!

Best ML tree with collapsed near-zero branches saved to: /data/jeremias/eucs/roadies/output/genes/gene_5_filtered.fa.aln.raxml.bestTreeCollapsed
Best ML tree saved to: /data/jeremias/eucs/roadies/output/genes/gene_5_filtered.fa.aln.raxml.bestTree
All ML trees saved to: /data/jeremias/eucs/roadies/output/genes/gene_5_filtered.fa.aln.raxml.mlTrees
Optimized model saved to: /data/jeremias/eucs/roadies/output/genes/gene_5_filtered.fa.aln.raxml.bestModel

Execution log saved to: /data/jeremias/eucs/roadies/output/genes/gene_5_filtered.fa.aln.raxml.log

Analysis started: 03-Jul-2024 20:54:22 / finished: 03-Jul-2024 20:57:58

Elapsed time: 215.868 seconds

