
RAxML-NG v. 1.2.2 released on 11.04.2024 by The Exelixis Lab.
Developed by: Alexey M. Kozlov and Alexandros Stamatakis.
Contributors: Diego Darriba, Tomas Flouri, Benoit Morel, Sarah Lutteropp, Ben Bettisworth, Julia Haag, Anastasis Togkousidis.
Latest version: https://github.com/amkozlov/raxml-ng
Questions/problems/suggestions? Please visit: https://groups.google.com/forum/#!forum/raxml

System: AMD EPYC 7742 64-Core Processor, 128 cores, 1007 GB RAM

RAxML-NG was called at 29-Jul-2024 15:40:22 as follows:

raxml-ng --msa /data/jeremias/eucs/roadies/output/genes/gene_108_filtered.fa.aln --model GTR+G+F --redo --threads auto{4} --blopt nr_safe

Analysis options:
  run mode: ML tree search
  start tree(s): random (10) + parsimony (10)
  random seed: 1722231622
  tip-inner: OFF
  pattern compression: ON
  per-rate scalers: OFF
  site repeats: ON
  logLH epsilon: general: 10.000000, brlen-triplet: 1000.000000
  fast spr radius: AUTO
  spr subtree cutoff: 1.000000
  fast CLV updates: ON
  branch lengths: proportional (ML estimate, algorithm: NR-SAFE)
  SIMD kernels: AVX2
  parallelization: coarse-grained (auto), PTHREADS (auto)

WARNING: Running in REDO mode: existing checkpoints are ignored, and all result files will be overwritten!

[00:00:00] Reading alignment from file: /data/jeremias/eucs/roadies/output/genes/gene_108_filtered.fa.aln
[00:00:00] Loaded alignment with 96 taxa and 584 sites

WARNING: Sequences E_caleyi_3 and E_lansdowneana_3 are exactly identical!
WARNING: Sequences E_viminalis_1 and E_camaldulensis_2 are exactly identical!
WARNING: Sequences E_sideroxylon_2 and E_albens_1 are exactly identical!
WARNING: Duplicate sequences found: 3

NOTE: Reduced alignment (with duplicates and gap-only sites/taxa removed) 
NOTE: was saved to: /data/jeremias/eucs/roadies/output/genes/gene_108_filtered.fa.aln.raxml.reduced.phy

Alignment comprises 1 partitions and 294 patterns

Partition 0: noname
Model: GTR+FC+G4m
Alignment sites / patterns: 584 / 294
Gaps: 13.12 %
Invariant sites: 38.01 %


NOTE: Binary MSA file created: /data/jeremias/eucs/roadies/output/genes/gene_108_filtered.fa.aln.raxml.rba

Parallelization scheme autoconfig: 4 worker(s) x 1 thread(s)

[00:00:00] Generating 10 random starting tree(s) with 96 taxa
[00:00:00] Generating 10 parsimony starting tree(s) with 96 taxa
Parallel parsimony with 4 threads
Parallel reduction/worker buffer size: 1 KB  / 0 KB

[00:00:00] Data distribution: max. partitions/sites/weight per thread: 1 / 294 / 4704
[00:00:00] Data distribution: max. searches per worker: 5

Starting ML tree search with 20 distinct starting trees

[00:00:00 -29567.046815] Initial branch length optimization
[00:00:00 -17781.045011] Model parameter optimization (eps = 10.000000)
[00:00:00 -15389.601690] AUTODETECT spr round 1 (radius: 5)
[00:00:01 -6676.763807] AUTODETECT spr round 2 (radius: 10)
[00:00:01 -5480.159829] AUTODETECT spr round 3 (radius: 15)
[00:00:01 -4526.608532] AUTODETECT spr round 4 (radius: 20)
[00:00:02 -4525.118432] AUTODETECT spr round 5 (radius: 25)
[00:00:02 -4524.212615] SPR radius for FAST iterations: 25 (autodetect)
[00:00:02 -4524.212615] Model parameter optimization (eps = 3.000000)
[00:00:02 -4321.895627] FAST spr round 1 (radius: 25)
[00:00:03 -4035.816762] FAST spr round 2 (radius: 25)
[00:00:03 -4029.278338] Model parameter optimization (eps = 1.000000)
[00:00:03 -4021.944587] SLOW spr round 1 (radius: 5)
[00:00:04 -4017.367076] SLOW spr round 2 (radius: 10)
[00:00:06 -4017.367075] SLOW spr round 3 (radius: 15)
[00:00:07 -4016.902353] SLOW spr round 4 (radius: 20)
[00:00:08 -4016.860498] SLOW spr round 5 (radius: 25)
[00:00:08] [worker #3] ML tree search #4, logLikelihood: -4022.202330
[00:00:09 -4016.857866] Model parameter optimization (eps = 0.100000)

[00:00:09] [worker #0] ML tree search #1, logLikelihood: -4016.510000

[00:00:09 -28725.007445] Initial branch length optimization
[00:00:09 -16956.579500] Model parameter optimization (eps = 10.000000)
[00:00:09] [worker #2] ML tree search #3, logLikelihood: -4015.488394
[00:00:10 -14803.160415] AUTODETECT spr round 1 (radius: 5)
[00:00:10 -7374.942500] AUTODETECT spr round 2 (radius: 10)
[00:00:10] [worker #1] ML tree search #2, logLikelihood: -4017.202801
[00:00:10 -5885.608156] AUTODETECT spr round 3 (radius: 15)
[00:00:11 -4574.876677] AUTODETECT spr round 4 (radius: 20)
[00:00:11 -4567.775246] AUTODETECT spr round 5 (radius: 25)
[00:00:11 -4566.871319] SPR radius for FAST iterations: 25 (autodetect)
[00:00:11 -4566.871319] Model parameter optimization (eps = 3.000000)
[00:00:12 -4465.417628] FAST spr round 1 (radius: 25)
[00:00:12 -4066.743172] FAST spr round 2 (radius: 25)
[00:00:13 -4042.028510] FAST spr round 3 (radius: 25)
[00:00:13 -4039.113288] Model parameter optimization (eps = 1.000000)
[00:00:13 -4025.326874] SLOW spr round 1 (radius: 5)
[00:00:15 -4024.886946] SLOW spr round 2 (radius: 10)
[00:00:15 -4024.886938] SLOW spr round 3 (radius: 15)
[00:00:16 -4024.886938] SLOW spr round 4 (radius: 20)
[00:00:17 -4024.886938] SLOW spr round 5 (radius: 25)
[00:00:17] [worker #3] ML tree search #8, logLikelihood: -4019.254403
[00:00:18] [worker #2] ML tree search #7, logLikelihood: -4020.808135
[00:00:18 -4024.886938] Model parameter optimization (eps = 0.100000)

[00:00:18] [worker #0] ML tree search #5, logLikelihood: -4024.646465

[00:00:18 -32220.612730] Initial branch length optimization
[00:00:18 -19016.825857] Model parameter optimization (eps = 10.000000)
[00:00:19 -16265.578424] AUTODETECT spr round 1 (radius: 5)
[00:00:19 -7449.070819] AUTODETECT spr round 2 (radius: 10)
[00:00:19 -5446.569383] AUTODETECT spr round 3 (radius: 15)
[00:00:20] [worker #1] ML tree search #6, logLikelihood: -4018.707260
[00:00:20 -4816.498494] AUTODETECT spr round 4 (radius: 20)
[00:00:20 -4804.447519] AUTODETECT spr round 5 (radius: 25)
[00:00:21 -4804.380076] SPR radius for FAST iterations: 20 (autodetect)
[00:00:21 -4804.380076] Model parameter optimization (eps = 3.000000)
[00:00:21 -4575.025999] FAST spr round 1 (radius: 20)
[00:00:21 -4090.108808] FAST spr round 2 (radius: 20)
[00:00:22 -4044.501170] FAST spr round 3 (radius: 20)
[00:00:22 -4034.545083] Model parameter optimization (eps = 1.000000)
[00:00:22 -4017.627538] SLOW spr round 1 (radius: 5)
[00:00:23] [worker #3] ML tree search #12, logLikelihood: -4014.440443
[00:00:24 -4017.099210] SLOW spr round 2 (radius: 10)
[00:00:25 -4016.917109] SLOW spr round 3 (radius: 15)
[00:00:25] [worker #2] ML tree search #11, logLikelihood: -4019.571294
[00:00:26 -4016.876829] SLOW spr round 4 (radius: 20)
[00:00:27 -4016.872395] SLOW spr round 5 (radius: 25)
[00:00:27 -4016.872395] Model parameter optimization (eps = 0.100000)

[00:00:27] [worker #0] ML tree search #9, logLikelihood: -4016.512338

[00:00:27 -6343.494882] Initial branch length optimization
[00:00:27 -4199.180141] Model parameter optimization (eps = 10.000000)
[00:00:28 -4047.459468] AUTODETECT spr round 1 (radius: 5)
[00:00:28 -4028.188063] AUTODETECT spr round 2 (radius: 10)
[00:00:28 -4022.494265] AUTODETECT spr round 3 (radius: 15)
[00:00:29] [worker #1] ML tree search #10, logLikelihood: -4019.088363
[00:00:29 -4021.412594] AUTODETECT spr round 4 (radius: 20)
[00:00:29] [worker #3] ML tree search #16, logLikelihood: -4028.362169
[00:00:29 -4021.386721] SPR radius for FAST iterations: 15 (autodetect)
[00:00:29 -4021.386721] Model parameter optimization (eps = 3.000000)
[00:00:29 -4021.174222] FAST spr round 1 (radius: 15)
[00:00:29 -4016.469103] Model parameter optimization (eps = 1.000000)
[00:00:30 -4016.451083] SLOW spr round 1 (radius: 5)
[00:00:31 -4016.252981] SLOW spr round 2 (radius: 10)
[00:00:31 -4016.202747] SLOW spr round 3 (radius: 15)
[00:00:32] [worker #2] ML tree search #15, logLikelihood: -4022.370432
[00:00:32 -4016.198226] SLOW spr round 4 (radius: 20)
[00:00:33 -4016.198226] SLOW spr round 5 (radius: 25)
[00:00:34 -4016.198226] Model parameter optimization (eps = 0.100000)

[00:00:34] [worker #0] ML tree search #13, logLikelihood: -4016.197593

[00:00:34 -6340.744610] Initial branch length optimization
[00:00:34 -4211.552544] Model parameter optimization (eps = 10.000000)
[00:00:34 -4057.258360] AUTODETECT spr round 1 (radius: 5)
[00:00:34 -4021.552046] AUTODETECT spr round 2 (radius: 10)
[00:00:34 -4020.337709] AUTODETECT spr round 3 (radius: 15)
[00:00:35] [worker #1] ML tree search #14, logLikelihood: -4015.260094
[00:00:35] [worker #3] ML tree search #20, logLikelihood: -4014.808493
[00:00:35 -4020.251922] SPR radius for FAST iterations: 10 (autodetect)
[00:00:35 -4020.251922] Model parameter optimization (eps = 3.000000)
[00:00:35 -4020.071670] FAST spr round 1 (radius: 10)
[00:00:35 -4020.071329] Model parameter optimization (eps = 1.000000)
[00:00:35 -4020.066762] SLOW spr round 1 (radius: 5)
[00:00:36 -4019.905485] SLOW spr round 2 (radius: 10)
[00:00:37 -4019.905485] SLOW spr round 3 (radius: 15)
[00:00:38] [worker #2] ML tree search #19, logLikelihood: -4015.008872
[00:00:38 -4019.905485] SLOW spr round 4 (radius: 20)
[00:00:39 -4019.905485] SLOW spr round 5 (radius: 25)
[00:00:40 -4019.905485] Model parameter optimization (eps = 0.100000)

[00:00:40] [worker #0] ML tree search #17, logLikelihood: -4019.904611

[00:00:40] [worker #1] ML tree search #18, logLikelihood: -4021.582185

Optimized model parameters:

   Partition 0: noname
   Rate heterogeneity: GAMMA (4 cats, mean),  alpha: 1.096338 (ML),  weights&rates: (0.250000,0.155765) (0.250000,0.503910) (0.250000,1.014294) (0.250000,2.326032) 
   Base frequencies (empirical): 0.285354 0.221996 0.226842 0.265808 
   Substitution rates (ML): 2.239231 6.219795 1.120041 0.778215 7.534691 1.000000 


Final LogLikelihood: -4014.440443

AIC score: 8424.880885 / AICc score: 8629.566599 / BIC score: 9290.121280
Free parameters (model + branch lengths): 198

WARNING: Best ML tree contains 28 near-zero branches!

Best ML tree with collapsed near-zero branches saved to: /data/jeremias/eucs/roadies/output/genes/gene_108_filtered.fa.aln.raxml.bestTreeCollapsed
Best ML tree saved to: /data/jeremias/eucs/roadies/output/genes/gene_108_filtered.fa.aln.raxml.bestTree
All ML trees saved to: /data/jeremias/eucs/roadies/output/genes/gene_108_filtered.fa.aln.raxml.mlTrees
Optimized model saved to: /data/jeremias/eucs/roadies/output/genes/gene_108_filtered.fa.aln.raxml.bestModel

Execution log saved to: /data/jeremias/eucs/roadies/output/genes/gene_108_filtered.fa.aln.raxml.log

Analysis started: 29-Jul-2024 15:40:22 / finished: 29-Jul-2024 15:41:03

Elapsed time: 40.947 seconds

