
RAxML-NG v. 1.2.2 released on 11.04.2024 by The Exelixis Lab.
Developed by: Alexey M. Kozlov and Alexandros Stamatakis.
Contributors: Diego Darriba, Tomas Flouri, Benoit Morel, Sarah Lutteropp, Ben Bettisworth, Julia Haag, Anastasis Togkousidis.
Latest version: https://github.com/amkozlov/raxml-ng
Questions/problems/suggestions? Please visit: https://groups.google.com/forum/#!forum/raxml

System: AMD EPYC 7742 64-Core Processor, 128 cores, 1007 GB RAM

RAxML-NG was called at 29-Jul-2024 15:11:43 as follows:

raxml-ng --msa /data/jeremias/eucs/roadies/output/genes/gene_105_filtered.fa.aln --model GTR+G+F --redo --threads auto{4} --blopt nr_safe

Analysis options:
  run mode: ML tree search
  start tree(s): random (10) + parsimony (10)
  random seed: 1722229903
  tip-inner: OFF
  pattern compression: ON
  per-rate scalers: OFF
  site repeats: ON
  logLH epsilon: general: 10.000000, brlen-triplet: 1000.000000
  fast spr radius: AUTO
  spr subtree cutoff: 1.000000
  fast CLV updates: ON
  branch lengths: proportional (ML estimate, algorithm: NR-SAFE)
  SIMD kernels: AVX2
  parallelization: coarse-grained (auto), PTHREADS (auto)

WARNING: Running in REDO mode: existing checkpoints are ignored, and all result files will be overwritten!

[00:00:00] Reading alignment from file: /data/jeremias/eucs/roadies/output/genes/gene_105_filtered.fa.aln
[00:00:00] Loaded alignment with 193 taxa and 505 sites

WARNING: Sequences E_sid_E_mel_1 and E_caleyi_1 are exactly identical!
WARNING: Sequences E_sid_E_mel_1 and E_leucophloia_0 are exactly identical!
WARNING: Sequences E_coolabah_4 and E_leucophloia_4 are exactly identical!
WARNING: Duplicate sequences found: 3

NOTE: Reduced alignment (with duplicates and gap-only sites/taxa removed) 
NOTE: was saved to: /data/jeremias/eucs/roadies/output/genes/gene_105_filtered.fa.aln.raxml.reduced.phy

Alignment comprises 1 partitions and 470 patterns

Partition 0: noname
Model: GTR+FC+G4m
Alignment sites / patterns: 505 / 470
Gaps: 2.93 %
Invariant sites: 19.21 %


NOTE: Binary MSA file created: /data/jeremias/eucs/roadies/output/genes/gene_105_filtered.fa.aln.raxml.rba

Parallelization scheme autoconfig: 4 worker(s) x 1 thread(s)

[00:00:00] Generating 10 random starting tree(s) with 193 taxa
[00:00:00] Generating 10 parsimony starting tree(s) with 193 taxa
Parallel parsimony with 4 threads
Parallel reduction/worker buffer size: 1 KB  / 0 KB

[00:00:00] Data distribution: max. partitions/sites/weight per thread: 1 / 470 / 7520
[00:00:00] Data distribution: max. searches per worker: 5

Starting ML tree search with 20 distinct starting trees

[00:00:00 -25846.493493] Initial branch length optimization
[00:00:00 -21822.065737] Model parameter optimization (eps = 10.000000)
[00:00:00 -20064.562432] AUTODETECT spr round 1 (radius: 5)
[00:00:01 -14609.271501] AUTODETECT spr round 2 (radius: 10)
[00:00:03 -11185.416788] AUTODETECT spr round 3 (radius: 15)
[00:00:05 -10229.974761] AUTODETECT spr round 4 (radius: 20)
[00:00:07 -10228.956126] AUTODETECT spr round 5 (radius: 25)
[00:00:09 -10228.533355] SPR radius for FAST iterations: 25 (autodetect)
[00:00:09 -10228.533355] Model parameter optimization (eps = 3.000000)
[00:00:09 -10152.842614] FAST spr round 1 (radius: 25)
[00:00:10 -9274.963381] FAST spr round 2 (radius: 25)
[00:00:11 -9205.082021] FAST spr round 3 (radius: 25)
[00:00:12 -9203.493223] Model parameter optimization (eps = 1.000000)
[00:00:12 -9200.332360] SLOW spr round 1 (radius: 5)
[00:00:15 -9199.247890] SLOW spr round 2 (radius: 10)
[00:00:17 -9199.247879] SLOW spr round 3 (radius: 15)
[00:00:22 -9199.247879] SLOW spr round 4 (radius: 20)
[00:00:26 -9199.247879] SLOW spr round 5 (radius: 25)
[00:00:29 -9199.247879] Model parameter optimization (eps = 0.100000)

[00:00:29] [worker #0] ML tree search #1, logLikelihood: -9199.239478

[00:00:29 -25580.114648] Initial branch length optimization
[00:00:29 -21603.679279] Model parameter optimization (eps = 10.000000)
[00:00:29] [worker #1] ML tree search #2, logLikelihood: -9197.928062
[00:00:30] [worker #2] ML tree search #3, logLikelihood: -9201.902161
[00:00:30 -19841.853168] AUTODETECT spr round 1 (radius: 5)
[00:00:31 -14803.213821] AUTODETECT spr round 2 (radius: 10)
[00:00:32 -11038.013261] AUTODETECT spr round 3 (radius: 15)
[00:00:34 -10339.102317] AUTODETECT spr round 4 (radius: 20)
[00:00:35] [worker #3] ML tree search #4, logLikelihood: -9198.914847
[00:00:36 -10209.976174] AUTODETECT spr round 5 (radius: 25)
[00:00:37 -10203.218999] SPR radius for FAST iterations: 25 (autodetect)
[00:00:37 -10203.218999] Model parameter optimization (eps = 3.000000)
[00:00:38 -10131.968719] FAST spr round 1 (radius: 25)
[00:00:39 -9238.070680] FAST spr round 2 (radius: 25)
[00:00:40 -9212.818900] FAST spr round 3 (radius: 25)
[00:00:40 -9212.817293] Model parameter optimization (eps = 1.000000)
[00:00:41 -9210.548138] SLOW spr round 1 (radius: 5)
[00:00:43 -9207.024894] SLOW spr round 2 (radius: 10)
[00:00:45 -9205.732679] SLOW spr round 3 (radius: 15)
[00:00:50 -9205.732606] SLOW spr round 4 (radius: 20)
[00:00:55 -9205.732603] SLOW spr round 5 (radius: 25)
[00:00:58 -9205.732603] Model parameter optimization (eps = 0.100000)

[00:00:58] [worker #0] ML tree search #5, logLikelihood: -9205.713797

[00:00:58 -25401.690828] Initial branch length optimization
[00:00:58 -21548.510739] Model parameter optimization (eps = 10.000000)
[00:00:59 -19873.546304] AUTODETECT spr round 1 (radius: 5)
[00:01:00] [worker #2] ML tree search #7, logLikelihood: -9197.020452
[00:01:00 -14057.729328] AUTODETECT spr round 2 (radius: 10)
[00:01:00] [worker #1] ML tree search #6, logLikelihood: -9201.984048
[00:01:01 -10979.626678] AUTODETECT spr round 3 (radius: 15)
[00:01:03 -10306.041477] AUTODETECT spr round 4 (radius: 20)
[00:01:04] [worker #3] ML tree search #8, logLikelihood: -9202.966178
[00:01:05 -10205.664651] AUTODETECT spr round 5 (radius: 25)
[00:01:07 -10102.494798] SPR radius for FAST iterations: 25 (autodetect)
[00:01:07 -10102.494798] Model parameter optimization (eps = 3.000000)
[00:01:07 -10030.505534] FAST spr round 1 (radius: 25)
[00:01:08 -9328.091720] FAST spr round 2 (radius: 25)
[00:01:10 -9205.537418] FAST spr round 3 (radius: 25)
[00:01:10 -9201.467658] Model parameter optimization (eps = 1.000000)
[00:01:11 -9199.172586] SLOW spr round 1 (radius: 5)
[00:01:13 -9197.980949] SLOW spr round 2 (radius: 10)
[00:01:15 -9197.980358] SLOW spr round 3 (radius: 15)
[00:01:20 -9197.980344] SLOW spr round 4 (radius: 20)
[00:01:23] [worker #2] ML tree search #11, logLikelihood: -9202.323176
[00:01:24 -9197.980344] SLOW spr round 5 (radius: 25)
[00:01:26] [worker #3] ML tree search #12, logLikelihood: -9202.761970
[00:01:27 -9197.980343] Model parameter optimization (eps = 0.100000)

[00:01:27] [worker #0] ML tree search #9, logLikelihood: -9197.976792

[00:01:28 -11697.799337] Initial branch length optimization
[00:01:28 -9721.916548] Model parameter optimization (eps = 10.000000)
[00:01:28 -9290.800402] AUTODETECT spr round 1 (radius: 5)
[00:01:31 -9212.718705] AUTODETECT spr round 2 (radius: 10)
[00:01:31] [worker #1] ML tree search #10, logLikelihood: -9196.962753
[00:01:33 -9212.581710] AUTODETECT spr round 3 (radius: 15)
[00:01:36 -9212.573322] SPR radius for FAST iterations: 10 (autodetect)
[00:01:36 -9212.573322] Model parameter optimization (eps = 3.000000)
[00:01:37 -9212.226234] FAST spr round 1 (radius: 10)
[00:01:38 -9205.845188] Model parameter optimization (eps = 1.000000)
[00:01:38 -9205.838452] SLOW spr round 1 (radius: 5)
[00:01:41 -9205.773035] SLOW spr round 2 (radius: 10)
[00:01:43 -9204.920252] SLOW spr round 3 (radius: 15)
[00:01:47 -9204.920212] SLOW spr round 4 (radius: 20)
[00:01:52 -9204.920211] SLOW spr round 5 (radius: 25)
[00:01:55 -9204.920211] Model parameter optimization (eps = 0.100000)

[00:01:55] [worker #0] ML tree search #13, logLikelihood: -9204.912124

[00:01:55 -11712.180802] Initial branch length optimization
[00:01:55] [worker #2] ML tree search #15, logLikelihood: -9204.102184
[00:01:55 -9729.697918] Model parameter optimization (eps = 10.000000)
[00:01:56 -9295.450837] AUTODETECT spr round 1 (radius: 5)
[00:01:56 -9217.719646] AUTODETECT spr round 2 (radius: 10)
[00:01:58 -9213.381692] AUTODETECT spr round 3 (radius: 15)
[00:01:59] [worker #3] ML tree search #16, logLikelihood: -9204.226902
[00:02:00 -9213.377811] SPR radius for FAST iterations: 10 (autodetect)
[00:02:03 -9213.377811] Model parameter optimization (eps = 3.000000)
[00:02:03] [worker #1] ML tree search #14, logLikelihood: -9199.548929
[00:02:03 -9212.894658] FAST spr round 1 (radius: 10)
[00:02:05 -9205.157832] Model parameter optimization (eps = 1.000000)
[00:02:05 -9205.151847] SLOW spr round 1 (radius: 5)
[00:02:07 -9204.812005] SLOW spr round 2 (radius: 10)
[00:02:12 -9204.612487] SLOW spr round 3 (radius: 15)
[00:02:16 -9203.992777] SLOW spr round 4 (radius: 20)
[00:02:21 -9203.992699] SLOW spr round 5 (radius: 25)
[00:02:27 -9203.992697] Model parameter optimization (eps = 0.100000)

[00:02:27] [worker #0] ML tree search #17, logLikelihood: -9203.973308

[00:02:29] [worker #2] ML tree search #19, logLikelihood: -9201.661002
[00:02:31] [worker #1] ML tree search #18, logLikelihood: -9201.511917
[00:02:37] [worker #3] ML tree search #20, logLikelihood: -9202.627158

Optimized model parameters:

   Partition 0: noname
   Rate heterogeneity: GAMMA (4 cats, mean),  alpha: 1.186297 (ML),  weights&rates: (0.250000,0.172561) (0.250000,0.526384) (0.250000,1.025116) (0.250000,2.275939) 
   Base frequencies (empirical): 0.294442 0.218506 0.189734 0.297317 
   Substitution rates (ML): 0.895989 4.584693 0.693196 0.848720 4.070572 1.000000 


Final LogLikelihood: -9196.962753

AIC score: 19177.925507 / AICc score: 21928.925507 / BIC score: 20833.952411
Free parameters (model + branch lengths): 392

WARNING: Best ML tree contains 60 near-zero branches!

Best ML tree with collapsed near-zero branches saved to: /data/jeremias/eucs/roadies/output/genes/gene_105_filtered.fa.aln.raxml.bestTreeCollapsed
Best ML tree saved to: /data/jeremias/eucs/roadies/output/genes/gene_105_filtered.fa.aln.raxml.bestTree
All ML trees saved to: /data/jeremias/eucs/roadies/output/genes/gene_105_filtered.fa.aln.raxml.mlTrees
Optimized model saved to: /data/jeremias/eucs/roadies/output/genes/gene_105_filtered.fa.aln.raxml.bestModel

Execution log saved to: /data/jeremias/eucs/roadies/output/genes/gene_105_filtered.fa.aln.raxml.log

Analysis started: 29-Jul-2024 15:11:43 / finished: 29-Jul-2024 15:14:20

Elapsed time: 157.478 seconds

