
RAxML-NG v. 1.2.2 released on 11.04.2024 by The Exelixis Lab.
Developed by: Alexey M. Kozlov and Alexandros Stamatakis.
Contributors: Diego Darriba, Tomas Flouri, Benoit Morel, Sarah Lutteropp, Ben Bettisworth, Julia Haag, Anastasis Togkousidis.
Latest version: https://github.com/amkozlov/raxml-ng
Questions/problems/suggestions? Please visit: https://groups.google.com/forum/#!forum/raxml

System: AMD EPYC 7742 64-Core Processor, 128 cores, 1007 GB RAM

RAxML-NG was called at 29-Jul-2024 15:58:51 as follows:

raxml-ng --msa /data/jeremias/eucs/roadies/output/genes/gene_19_filtered.fa.aln --model GTR+G+F --redo --threads auto{4} --blopt nr_safe

Analysis options:
  run mode: ML tree search
  start tree(s): random (10) + parsimony (10)
  random seed: 1722232731
  tip-inner: OFF
  pattern compression: ON
  per-rate scalers: OFF
  site repeats: ON
  logLH epsilon: general: 10.000000, brlen-triplet: 1000.000000
  fast spr radius: AUTO
  spr subtree cutoff: 1.000000
  fast CLV updates: ON
  branch lengths: proportional (ML estimate, algorithm: NR-SAFE)
  SIMD kernels: AVX2
  parallelization: coarse-grained (auto), PTHREADS (auto)

WARNING: Running in REDO mode: existing checkpoints are ignored, and all result files will be overwritten!

[00:00:00] Reading alignment from file: /data/jeremias/eucs/roadies/output/genes/gene_19_filtered.fa.aln
[00:00:00] Loaded alignment with 34 taxa and 508 sites

Alignment comprises 1 partitions and 159 patterns

Partition 0: noname
Model: GTR+FC+G4m
Alignment sites / patterns: 508 / 159
Gaps: 2.02 %
Invariant sites: 73.62 %


NOTE: Binary MSA file created: /data/jeremias/eucs/roadies/output/genes/gene_19_filtered.fa.aln.raxml.rba

Parallelization scheme autoconfig: 4 worker(s) x 1 thread(s)

[00:00:00] Generating 10 random starting tree(s) with 34 taxa
[00:00:00] Generating 10 parsimony starting tree(s) with 34 taxa
Parallel parsimony with 4 threads
Parallel reduction/worker buffer size: 1 KB  / 0 KB

[00:00:00] Data distribution: max. partitions/sites/weight per thread: 1 / 159 / 2544
[00:00:00] Data distribution: max. searches per worker: 5

Starting ML tree search with 20 distinct starting trees

[00:00:00 -3040.704892] Initial branch length optimization
[00:00:00 -2356.494377] Model parameter optimization (eps = 10.000000)
[00:00:00 -2267.151664] AUTODETECT spr round 1 (radius: 5)
[00:00:00 -1826.199604] AUTODETECT spr round 2 (radius: 10)
[00:00:00 -1813.368299] AUTODETECT spr round 3 (radius: 15)
[00:00:00 -1813.066308] AUTODETECT spr round 4 (radius: 20)
[00:00:00 -1813.065649] SPR radius for FAST iterations: 15 (autodetect)
[00:00:00 -1813.065649] Model parameter optimization (eps = 3.000000)
[00:00:00 -1795.933299] FAST spr round 1 (radius: 15)
[00:00:00 -1767.483649] FAST spr round 2 (radius: 15)
[00:00:00 -1767.483649] Model parameter optimization (eps = 1.000000)
[00:00:00 -1766.575786] SLOW spr round 1 (radius: 5)
[00:00:00 -1766.575508] SLOW spr round 2 (radius: 10)
[00:00:00 -1766.575508] SLOW spr round 3 (radius: 15)
[00:00:00 -1766.575508] SLOW spr round 4 (radius: 20)
[00:00:00 -1766.575508] SLOW spr round 5 (radius: 25)
[00:00:00 -1766.575508] Model parameter optimization (eps = 0.100000)

[00:00:00] [worker #0] ML tree search #1, logLikelihood: -1766.570135

[00:00:00 -3067.940399] Initial branch length optimization
[00:00:00] [worker #1] ML tree search #2, logLikelihood: -1766.570136
[00:00:00] [worker #3] ML tree search #4, logLikelihood: -1766.570131
[00:00:00] [worker #2] ML tree search #3, logLikelihood: -1766.570132
[00:00:00 -2376.901042] Model parameter optimization (eps = 10.000000)
[00:00:00 -2281.193589] AUTODETECT spr round 1 (radius: 5)
[00:00:00 -1840.678537] AUTODETECT spr round 2 (radius: 10)
[00:00:00 -1839.100571] AUTODETECT spr round 3 (radius: 15)
[00:00:00 -1839.098848] SPR radius for FAST iterations: 10 (autodetect)
[00:00:00 -1839.098848] Model parameter optimization (eps = 3.000000)
[00:00:00 -1823.282715] FAST spr round 1 (radius: 10)
[00:00:00 -1772.964184] FAST spr round 2 (radius: 10)
[00:00:00 -1769.539701] Model parameter optimization (eps = 1.000000)
[00:00:00 -1766.980998] SLOW spr round 1 (radius: 5)
[00:00:01 -1766.573665] SLOW spr round 2 (radius: 10)
[00:00:01 -1766.573665] SLOW spr round 3 (radius: 15)
[00:00:01 -1766.573665] SLOW spr round 4 (radius: 20)
[00:00:01] [worker #1] ML tree search #6, logLikelihood: -1766.570135
[00:00:01 -1766.573665] SLOW spr round 5 (radius: 25)
[00:00:01 -1766.573665] Model parameter optimization (eps = 0.100000)

[00:00:01] [worker #0] ML tree search #5, logLikelihood: -1766.570157

[00:00:01 -3066.075122] Initial branch length optimization
[00:00:01 -2395.256909] Model parameter optimization (eps = 10.000000)
[00:00:01 -2297.861032] AUTODETECT spr round 1 (radius: 5)
[00:00:01] [worker #3] ML tree search #8, logLikelihood: -1766.570129
[00:00:01] [worker #2] ML tree search #7, logLikelihood: -1766.570133
[00:00:01 -1800.155437] AUTODETECT spr round 2 (radius: 10)
[00:00:01 -1800.124283] SPR radius for FAST iterations: 5 (autodetect)
[00:00:01 -1800.124283] Model parameter optimization (eps = 3.000000)
[00:00:01 -1777.546862] FAST spr round 1 (radius: 5)
[00:00:01 -1769.072659] Model parameter optimization (eps = 1.000000)
[00:00:01 -1768.849797] SLOW spr round 1 (radius: 5)
[00:00:01] [worker #2] ML tree search #11, logLikelihood: -1766.570145
[00:00:01 -1766.572162] SLOW spr round 2 (radius: 10)
[00:00:01] [worker #3] ML tree search #12, logLikelihood: -1766.570130
[00:00:01 -1766.572162] SLOW spr round 3 (radius: 15)
[00:00:01 -1766.572162] SLOW spr round 4 (radius: 20)
[00:00:01 -1766.572162] SLOW spr round 5 (radius: 25)
[00:00:01 -1766.572162] Model parameter optimization (eps = 0.100000)

[00:00:01] [worker #0] ML tree search #9, logLikelihood: -1766.570140

[00:00:01 -2599.523312] Initial branch length optimization
[00:00:01 -1807.503935] Model parameter optimization (eps = 10.000000)
[00:00:01 -1774.410433] AUTODETECT spr round 1 (radius: 5)
[00:00:02 -1769.562828] AUTODETECT spr round 2 (radius: 10)
[00:00:02] [worker #1] ML tree search #10, logLikelihood: -1766.570137
[00:00:02 -1769.560400] SPR radius for FAST iterations: 5 (autodetect)
[00:00:02 -1769.560400] Model parameter optimization (eps = 3.000000)
[00:00:02 -1769.502026] FAST spr round 1 (radius: 5)
[00:00:02 -1766.570492] Model parameter optimization (eps = 1.000000)
[00:00:02 -1766.570330] SLOW spr round 1 (radius: 5)
[00:00:02] [worker #2] ML tree search #15, logLikelihood: -1766.570156
[00:00:02 -1766.570133] SLOW spr round 2 (radius: 10)
[00:00:02 -1766.570133] SLOW spr round 3 (radius: 15)
[00:00:02 -1766.570133] SLOW spr round 4 (radius: 20)
[00:00:02] [worker #3] ML tree search #16, logLikelihood: -1766.570150
[00:00:02 -1766.570133] SLOW spr round 5 (radius: 25)
[00:00:02 -1766.570133] Model parameter optimization (eps = 0.100000)

[00:00:02] [worker #0] ML tree search #13, logLikelihood: -1766.570133

[00:00:02 -2607.905174] Initial branch length optimization
[00:00:02 -1813.331309] Model parameter optimization (eps = 10.000000)
[00:00:02 -1781.260919] AUTODETECT spr round 1 (radius: 5)
[00:00:02 -1766.929918] AUTODETECT spr round 2 (radius: 10)
[00:00:02] [worker #1] ML tree search #14, logLikelihood: -1766.570135
[00:00:02 -1766.855005] SPR radius for FAST iterations: 5 (autodetect)
[00:00:02 -1766.855005] Model parameter optimization (eps = 3.000000)
[00:00:02 -1766.571051] FAST spr round 1 (radius: 5)
[00:00:02 -1766.571050] Model parameter optimization (eps = 1.000000)
[00:00:02 -1766.570218] SLOW spr round 1 (radius: 5)
[00:00:02] [worker #2] ML tree search #19, logLikelihood: -1766.570151
[00:00:02 -1766.570136] SLOW spr round 2 (radius: 10)
[00:00:02] [worker #3] ML tree search #20, logLikelihood: -1766.570146
[00:00:02 -1766.570136] SLOW spr round 3 (radius: 15)
[00:00:02 -1766.570136] SLOW spr round 4 (radius: 20)
[00:00:02 -1766.570136] SLOW spr round 5 (radius: 25)
[00:00:02 -1766.570136] Model parameter optimization (eps = 0.100000)

[00:00:02] [worker #0] ML tree search #17, logLikelihood: -1766.570135

[00:00:03] [worker #1] ML tree search #18, logLikelihood: -1766.570133

Optimized model parameters:

   Partition 0: noname
   Rate heterogeneity: GAMMA (4 cats, mean),  alpha: 3.380497 (ML),  weights&rates: (0.250000,0.416712) (0.250000,0.750633) (0.250000,1.083843) (0.250000,1.748811) 
   Base frequencies (empirical): 0.318147 0.175855 0.178751 0.327247 
   Substitution rates (ML): 0.931149 3.395265 0.627011 1.230380 2.353151 1.000000 


Final LogLikelihood: -1766.570129

AIC score: 3681.140259 / AICc score: 3706.775363 / BIC score: 3994.195886
Free parameters (model + branch lengths): 74

WARNING: Best ML tree contains 12 near-zero branches!

Best ML tree with collapsed near-zero branches saved to: /data/jeremias/eucs/roadies/output/genes/gene_19_filtered.fa.aln.raxml.bestTreeCollapsed
Best ML tree saved to: /data/jeremias/eucs/roadies/output/genes/gene_19_filtered.fa.aln.raxml.bestTree
All ML trees saved to: /data/jeremias/eucs/roadies/output/genes/gene_19_filtered.fa.aln.raxml.mlTrees
Optimized model saved to: /data/jeremias/eucs/roadies/output/genes/gene_19_filtered.fa.aln.raxml.bestModel

Execution log saved to: /data/jeremias/eucs/roadies/output/genes/gene_19_filtered.fa.aln.raxml.log

Analysis started: 29-Jul-2024 15:58:51 / finished: 29-Jul-2024 15:58:54

Elapsed time: 3.050 seconds

