
RAxML-NG v. 1.2.2 released on 11.04.2024 by The Exelixis Lab.
Developed by: Alexey M. Kozlov and Alexandros Stamatakis.
Contributors: Diego Darriba, Tomas Flouri, Benoit Morel, Sarah Lutteropp, Ben Bettisworth, Julia Haag, Anastasis Togkousidis.
Latest version: https://github.com/amkozlov/raxml-ng
Questions/problems/suggestions? Please visit: https://groups.google.com/forum/#!forum/raxml

System: AMD EPYC 7742 64-Core Processor, 128 cores, 1007 GB RAM

RAxML-NG was called at 29-Jul-2024 16:39:50 as follows:

raxml-ng --msa /data/jeremias/eucs/roadies/output/genes/gene_107_filtered.fa.aln --model GTR+G+F --redo --threads auto{4} --blopt nr_safe

Analysis options:
  run mode: ML tree search
  start tree(s): random (10) + parsimony (10)
  random seed: 1722235190
  tip-inner: OFF
  pattern compression: ON
  per-rate scalers: OFF
  site repeats: ON
  logLH epsilon: general: 10.000000, brlen-triplet: 1000.000000
  fast spr radius: AUTO
  spr subtree cutoff: 1.000000
  fast CLV updates: ON
  branch lengths: proportional (ML estimate, algorithm: NR-SAFE)
  SIMD kernels: AVX2
  parallelization: coarse-grained (auto), PTHREADS (auto)

WARNING: Running in REDO mode: existing checkpoints are ignored, and all result files will be overwritten!

[00:00:00] Reading alignment from file: /data/jeremias/eucs/roadies/output/genes/gene_107_filtered.fa.aln
[00:00:00] Loaded alignment with 228 taxa and 593 sites

WARNING: Sequences E_pauciflora_5 and E_ANBG9806169_4 are exactly identical!
WARNING: Sequences E_lansdowneana_5 and E_dawsonii_4 are exactly identical!
WARNING: Sequences E_lansdowneana_3 and E_dawsonii_3 are exactly identical!
WARNING: Sequences E_lansdowneana_3 and E_polyanthemos_2 are exactly identical!
WARNING: Sequences E_coolabah_4 and E_sid_E_mel_4 are exactly identical!
WARNING: Sequences E_coolabah_4 and E_albens_4 are exactly identical!
WARNING: Sequences E_sideroxylon_3 and E_sid_E_mel_3 are exactly identical!
WARNING: Sequences E_globulus_3 and E_viminalis_5 are exactly identical!
WARNING: Sequences E_globulus_4 and E_viminalis_7 are exactly identical!
WARNING: Sequences E_paniculata_4 and E_melliodora_4 are exactly identical!
WARNING: Sequences E_melliodora_2 and E_sid_E_mel_2 are exactly identical!
WARNING: Sequences E_polyanthemos_4 and E_dawsonii_5 are exactly identical!
WARNING: Sequences E_polyanthemos_5 and E_dawsonii_7 are exactly identical!
WARNING: Sequences E_polyanthemos_5 and E_dawsonii_6 are exactly identical!
WARNING: Sequences E_fibrosa_1 and E_paniculata_1 are exactly identical!
WARNING: Sequences E_victrix_4 and E_melliodora_5 are exactly identical!
WARNING: Sequences E_camaldulensis_2 and E_viminalis_3 are exactly identical!
WARNING: Duplicate sequences found: 17

NOTE: Reduced alignment (with duplicates and gap-only sites/taxa removed) 
NOTE: was saved to: /data/jeremias/eucs/roadies/output/genes/gene_107_filtered.fa.aln.raxml.reduced.phy

Alignment comprises 1 partitions and 448 patterns

Partition 0: noname
Model: GTR+FC+G4m
Alignment sites / patterns: 593 / 448
Gaps: 20.10 %
Invariant sites: 31.20 %


NOTE: Binary MSA file created: /data/jeremias/eucs/roadies/output/genes/gene_107_filtered.fa.aln.raxml.rba

Parallelization scheme autoconfig: 4 worker(s) x 1 thread(s)

[00:00:00] Generating 10 random starting tree(s) with 228 taxa
[00:00:00] Generating 10 parsimony starting tree(s) with 228 taxa
Parallel parsimony with 4 threads
Parallel reduction/worker buffer size: 1 KB  / 0 KB

[00:00:00] Data distribution: max. partitions/sites/weight per thread: 1 / 448 / 7168
[00:00:00] Data distribution: max. searches per worker: 5

Starting ML tree search with 20 distinct starting trees

[00:00:00 -62705.166623] Initial branch length optimization
[00:00:00 -50521.352515] Model parameter optimization (eps = 10.000000)
[00:00:02 -45124.051114] AUTODETECT spr round 1 (radius: 5)
[00:00:03 -21549.467826] AUTODETECT spr round 2 (radius: 10)
[00:00:05 -13417.873650] AUTODETECT spr round 3 (radius: 15)
[00:00:07 -10006.842316] AUTODETECT spr round 4 (radius: 20)
[00:00:09 -9601.774667] AUTODETECT spr round 5 (radius: 25)
[00:00:11 -9589.279971] SPR radius for FAST iterations: 25 (autodetect)
[00:00:11 -9589.279971] Model parameter optimization (eps = 3.000000)
[00:00:12 -9223.964057] FAST spr round 1 (radius: 25)
[00:00:13 -7997.861348] FAST spr round 2 (radius: 25)
[00:00:14 -7920.097274] FAST spr round 3 (radius: 25)
[00:00:15 -7916.603162] Model parameter optimization (eps = 1.000000)
[00:00:16 -7906.054289] SLOW spr round 1 (radius: 5)
[00:00:19 -7903.968407] SLOW spr round 2 (radius: 10)
[00:00:21 -7903.746343] SLOW spr round 3 (radius: 15)
[00:00:27 -7903.746319] SLOW spr round 4 (radius: 20)
[00:00:32 -7903.746316] SLOW spr round 5 (radius: 25)
[00:00:39 -7903.746313] Model parameter optimization (eps = 0.100000)
[00:00:39] [worker #2] ML tree search #3, logLikelihood: -7898.547828

[00:00:39] [worker #0] ML tree search #1, logLikelihood: -7903.724209

[00:00:39 -63058.244946] Initial branch length optimization
[00:00:39] [worker #3] ML tree search #4, logLikelihood: -7906.181728
[00:00:39] [worker #1] ML tree search #2, logLikelihood: -7913.197046
[00:00:39 -51030.980089] Model parameter optimization (eps = 10.000000)
[00:00:42 -45597.398205] AUTODETECT spr round 1 (radius: 5)
[00:00:43 -18628.828618] AUTODETECT spr round 2 (radius: 10)
[00:00:44 -11188.648473] AUTODETECT spr round 3 (radius: 15)
[00:00:47 -9182.646131] AUTODETECT spr round 4 (radius: 20)
[00:00:50 -9153.446703] AUTODETECT spr round 5 (radius: 25)
[00:00:52 -9149.892064] SPR radius for FAST iterations: 25 (autodetect)
[00:00:52 -9149.892064] Model parameter optimization (eps = 3.000000)
[00:00:53 -8825.810073] FAST spr round 1 (radius: 25)
[00:00:54 -7973.631234] FAST spr round 2 (radius: 25)
[00:00:55 -7915.758536] FAST spr round 3 (radius: 25)
[00:00:56 -7908.871267] Model parameter optimization (eps = 1.000000)
[00:00:56 -7902.771220] SLOW spr round 1 (radius: 5)
[00:00:59 -7901.783383] SLOW spr round 2 (radius: 10)
[00:01:02 -7901.393060] SLOW spr round 3 (radius: 15)
[00:01:07 -7901.392944] SLOW spr round 4 (radius: 20)
[00:01:12 -7901.392943] SLOW spr round 5 (radius: 25)
[00:01:14] [worker #2] ML tree search #7, logLikelihood: -7898.312567
[00:01:15] [worker #1] ML tree search #6, logLikelihood: -7898.419746
[00:01:17] [worker #3] ML tree search #8, logLikelihood: -7906.168677
[00:01:18 -7901.392943] Model parameter optimization (eps = 0.100000)

[00:01:19] [worker #0] ML tree search #5, logLikelihood: -7901.384130

[00:01:19 -63147.023940] Initial branch length optimization
[00:01:19 -51298.896048] Model parameter optimization (eps = 10.000000)
[00:01:23 -45669.454161] AUTODETECT spr round 1 (radius: 5)
[00:01:24 -20910.954941] AUTODETECT spr round 2 (radius: 10)
[00:01:25 -12199.219294] AUTODETECT spr round 3 (radius: 15)
[00:01:29 -9519.521662] AUTODETECT spr round 4 (radius: 20)
[00:01:38 -9291.322472] AUTODETECT spr round 5 (radius: 25)
[00:01:40 -9289.781937] SPR radius for FAST iterations: 25 (autodetect)
[00:01:40 -9289.781937] Model parameter optimization (eps = 3.000000)
[00:01:41 -8942.381380] FAST spr round 1 (radius: 25)
[00:01:42 -7972.271665] FAST spr round 2 (radius: 25)
[00:01:43 -7916.069981] FAST spr round 3 (radius: 25)
[00:01:44 -7916.068796] Model parameter optimization (eps = 1.000000)
[00:01:45 -7911.862731] SLOW spr round 1 (radius: 5)
[00:01:48 -7909.659433] SLOW spr round 2 (radius: 10)
[00:01:51 -7909.118466] SLOW spr round 3 (radius: 15)
[00:01:52] [worker #3] ML tree search #12, logLikelihood: -7905.843741
[00:01:53] [worker #2] ML tree search #11, logLikelihood: -7909.411654
[00:01:58 -7909.118425] SLOW spr round 4 (radius: 20)
[00:02:05 -7909.118425] SLOW spr round 5 (radius: 25)
[00:02:11 -7909.118425] Model parameter optimization (eps = 0.100000)

[00:02:11] [worker #0] ML tree search #9, logLikelihood: -7909.086003

[00:02:11 -11084.796219] Initial branch length optimization
[00:02:11 -8300.222029] Model parameter optimization (eps = 10.000000)
[00:02:12 -7968.341530] AUTODETECT spr round 1 (radius: 5)
[00:02:12 -7915.515083] AUTODETECT spr round 2 (radius: 10)
[00:02:12] [worker #1] ML tree search #10, logLikelihood: -7908.427906
[00:02:14 -7915.514660] SPR radius for FAST iterations: 5 (autodetect)
[00:02:14 -7915.514660] Model parameter optimization (eps = 3.000000)
[00:02:14 -7915.474115] FAST spr round 1 (radius: 5)
[00:02:15 -7909.103817] Model parameter optimization (eps = 1.000000)
[00:02:15 -7909.096164] SLOW spr round 1 (radius: 5)
[00:02:18 -7909.095386] SLOW spr round 2 (radius: 10)
[00:02:20 -7908.800787] SLOW spr round 3 (radius: 15)
[00:02:25] [worker #2] ML tree search #15, logLikelihood: -7901.518569
[00:02:28 -7908.800786] SLOW spr round 4 (radius: 20)
[00:02:29] [worker #3] ML tree search #16, logLikelihood: -7900.106040
[00:02:34 -7908.800786] SLOW spr round 5 (radius: 25)
[00:02:41 -7908.800786] Model parameter optimization (eps = 0.100000)

[00:02:41] [worker #0] ML tree search #13, logLikelihood: -7908.799904

[00:02:41 -11082.248775] Initial branch length optimization
[00:02:41 -8299.970239] Model parameter optimization (eps = 10.000000)
[00:02:41 -7968.011867] AUTODETECT spr round 1 (radius: 5)
[00:02:42 -7920.342660] AUTODETECT spr round 2 (radius: 10)
[00:02:44 -7914.259422] AUTODETECT spr round 3 (radius: 15)
[00:02:47 -7914.131367] AUTODETECT spr round 4 (radius: 20)
[00:02:50 -7914.130563] SPR radius for FAST iterations: 15 (autodetect)
[00:02:50 -7914.130563] Model parameter optimization (eps = 3.000000)
[00:02:51 -7914.023962] FAST spr round 1 (radius: 15)
[00:02:52 -7903.711334] FAST spr round 2 (radius: 15)
[00:02:52 -7903.711065] Model parameter optimization (eps = 1.000000)
[00:02:52 -7903.700151] SLOW spr round 1 (radius: 5)
[00:02:55 -7903.252314] SLOW spr round 2 (radius: 10)
[00:02:57 -7903.252303] SLOW spr round 3 (radius: 15)
[00:02:57] [worker #2] ML tree search #19, logLikelihood: -7900.548425
[00:03:00] [worker #1] ML tree search #14, logLikelihood: -7905.129324
[00:03:04 -7903.252303] SLOW spr round 4 (radius: 20)
[00:03:06] [worker #3] ML tree search #20, logLikelihood: -7899.590008
[00:03:11 -7903.252303] SLOW spr round 5 (radius: 25)
[00:03:18 -7903.252303] Model parameter optimization (eps = 0.100000)

[00:03:18] [worker #0] ML tree search #17, logLikelihood: -7903.239088

[00:03:36] [worker #1] ML tree search #18, logLikelihood: -7899.783121

Optimized model parameters:

   Partition 0: noname
   Rate heterogeneity: GAMMA (4 cats, mean),  alpha: 1.450504 (ML),  weights&rates: (0.250000,0.217574) (0.250000,0.580105) (0.250000,1.047378) (0.250000,2.154943) 
   Base frequencies (empirical): 0.279852 0.205874 0.237457 0.276816 
   Substitution rates (ML): 1.306584 5.300129 1.055109 1.341841 5.790790 1.000000 


Final LogLikelihood: -7898.312567

AIC score: 16720.625134 / AICc score: 20011.486672 / BIC score: 18746.584946
Free parameters (model + branch lengths): 462

WARNING: Best ML tree contains 84 near-zero branches!

Best ML tree with collapsed near-zero branches saved to: /data/jeremias/eucs/roadies/output/genes/gene_107_filtered.fa.aln.raxml.bestTreeCollapsed
Best ML tree saved to: /data/jeremias/eucs/roadies/output/genes/gene_107_filtered.fa.aln.raxml.bestTree
All ML trees saved to: /data/jeremias/eucs/roadies/output/genes/gene_107_filtered.fa.aln.raxml.mlTrees
Optimized model saved to: /data/jeremias/eucs/roadies/output/genes/gene_107_filtered.fa.aln.raxml.bestModel

Execution log saved to: /data/jeremias/eucs/roadies/output/genes/gene_107_filtered.fa.aln.raxml.log

Analysis started: 29-Jul-2024 16:39:50 / finished: 29-Jul-2024 16:43:26

Elapsed time: 216.841 seconds

