
RAxML-NG v. 1.2.2 released on 11.04.2024 by The Exelixis Lab.
Developed by: Alexey M. Kozlov and Alexandros Stamatakis.
Contributors: Diego Darriba, Tomas Flouri, Benoit Morel, Sarah Lutteropp, Ben Bettisworth, Julia Haag, Anastasis Togkousidis.
Latest version: https://github.com/amkozlov/raxml-ng
Questions/problems/suggestions? Please visit: https://groups.google.com/forum/#!forum/raxml

System: AMD EPYC 7742 64-Core Processor, 128 cores, 1007 GB RAM

RAxML-NG was called at 29-Jul-2024 15:55:23 as follows:

raxml-ng --msa /data/jeremias/eucs/roadies/output/genes/gene_164_filtered.fa.aln --model GTR+G+F --redo --threads auto{4} --blopt nr_safe

Analysis options:
  run mode: ML tree search
  start tree(s): random (10) + parsimony (10)
  random seed: 1722232523
  tip-inner: OFF
  pattern compression: ON
  per-rate scalers: OFF
  site repeats: ON
  logLH epsilon: general: 10.000000, brlen-triplet: 1000.000000
  fast spr radius: AUTO
  spr subtree cutoff: 1.000000
  fast CLV updates: ON
  branch lengths: proportional (ML estimate, algorithm: NR-SAFE)
  SIMD kernels: AVX2
  parallelization: coarse-grained (auto), PTHREADS (auto)

WARNING: Running in REDO mode: existing checkpoints are ignored, and all result files will be overwritten!

[00:00:00] Reading alignment from file: /data/jeremias/eucs/roadies/output/genes/gene_164_filtered.fa.aln
[00:00:00] Loaded alignment with 342 taxa and 553 sites

WARNING: Sequences E_dawsonii_4 and E_albens_6 are exactly identical!
WARNING: Sequences E_victrix_2 and E_paniculata_5 are exactly identical!
WARNING: Sequences E_ANBG9806169_5 and E_pauciflora_7 are exactly identical!
WARNING: Sequences E_albens_4 and E_paniculata_3 are exactly identical!
WARNING: Sequences E_sid_E_mel_0 and E_caleyi_0 are exactly identical!
WARNING: Sequences E_paniculata_8 and E_caleyi_9 are exactly identical!
WARNING: Duplicate sequences found: 6

NOTE: Reduced alignment (with duplicates and gap-only sites/taxa removed) 
NOTE: was saved to: /data/jeremias/eucs/roadies/output/genes/gene_164_filtered.fa.aln.raxml.reduced.phy

Alignment comprises 1 partitions and 519 patterns

Partition 0: noname
Model: GTR+FC+G4m
Alignment sites / patterns: 553 / 519
Gaps: 10.18 %
Invariant sites: 10.85 %


NOTE: Binary MSA file created: /data/jeremias/eucs/roadies/output/genes/gene_164_filtered.fa.aln.raxml.rba

Parallelization scheme autoconfig: 4 worker(s) x 1 thread(s)

[00:00:00] Generating 10 random starting tree(s) with 342 taxa
[00:00:00] Generating 10 parsimony starting tree(s) with 342 taxa
Parallel parsimony with 4 threads
Parallel reduction/worker buffer size: 1 KB  / 0 KB

[00:00:00] Data distribution: max. partitions/sites/weight per thread: 1 / 519 / 8304
[00:00:00] Data distribution: max. searches per worker: 5

Starting ML tree search with 20 distinct starting trees

[00:00:00 -82338.215660] Initial branch length optimization
[00:00:00 -61665.592500] Model parameter optimization (eps = 10.000000)
[00:00:05 -56207.577227] AUTODETECT spr round 1 (radius: 5)
[00:00:07 -33632.540922] AUTODETECT spr round 2 (radius: 10)
[00:00:13 -21463.223040] AUTODETECT spr round 3 (radius: 15)
[00:00:22 -18438.217129] AUTODETECT spr round 4 (radius: 20)
[00:00:34 -18418.182794] AUTODETECT spr round 5 (radius: 25)
[00:00:44 -18409.266239] SPR radius for FAST iterations: 25 (autodetect)
[00:00:44 -18409.266239] Model parameter optimization (eps = 3.000000)
[00:00:46 -18166.860825] FAST spr round 1 (radius: 25)
[00:00:48 -16718.719133] FAST spr round 2 (radius: 25)
[00:00:51 -16631.951600] FAST spr round 3 (radius: 25)
[00:00:53 -16612.202082] FAST spr round 4 (radius: 25)
[00:00:55 -16611.357827] Model parameter optimization (eps = 1.000000)
[00:00:55 -16609.532904] SLOW spr round 1 (radius: 5)
[00:01:05 -16605.334171] SLOW spr round 2 (radius: 10)
[00:01:12 -16604.649564] SLOW spr round 3 (radius: 15)
[00:01:26 -16604.649548] SLOW spr round 4 (radius: 20)
[00:01:44 -16604.649547] SLOW spr round 5 (radius: 25)
[00:01:48] [worker #1] ML tree search #2, logLikelihood: -16613.957490
[00:01:51] [worker #2] ML tree search #3, logLikelihood: -16610.900139
[00:01:52] [worker #3] ML tree search #4, logLikelihood: -16625.396343
[00:02:03 -16604.649547] Model parameter optimization (eps = 0.100000)

[00:02:04] [worker #0] ML tree search #1, logLikelihood: -16604.621569

[00:02:04 -80731.218420] Initial branch length optimization
[00:02:04 -60261.382894] Model parameter optimization (eps = 10.000000)
[00:02:08 -54826.860084] AUTODETECT spr round 1 (radius: 5)
[00:02:09 -35550.182909] AUTODETECT spr round 2 (radius: 10)
[00:02:12 -23491.343436] AUTODETECT spr round 3 (radius: 15)
[00:02:17 -19707.136453] AUTODETECT spr round 4 (radius: 20)
[00:02:25 -19412.950066] AUTODETECT spr round 5 (radius: 25)
[00:02:34 -19410.048538] SPR radius for FAST iterations: 25 (autodetect)
[00:02:34 -19410.048538] Model parameter optimization (eps = 3.000000)
[00:02:36 -19170.046924] FAST spr round 1 (radius: 25)
[00:02:40 -16700.004352] FAST spr round 2 (radius: 25)
[00:02:42 -16615.115174] FAST spr round 3 (radius: 25)
[00:02:44 -16610.486552] Model parameter optimization (eps = 1.000000)
[00:02:45 -16608.028453] SLOW spr round 1 (radius: 5)
[00:02:51 -16606.856130] SLOW spr round 2 (radius: 10)
[00:02:55 -16606.168536] SLOW spr round 3 (radius: 15)
[00:03:04 -16606.168535] SLOW spr round 4 (radius: 20)
[00:03:16 -16606.168535] SLOW spr round 5 (radius: 25)
[00:03:25] [worker #2] ML tree search #7, logLikelihood: -16613.139991
[00:03:31] [worker #1] ML tree search #6, logLikelihood: -16621.210761
[00:03:32] [worker #3] ML tree search #8, logLikelihood: -16607.937220
[00:03:36 -16606.168535] Model parameter optimization (eps = 0.100000)

[00:03:36] [worker #0] ML tree search #5, logLikelihood: -16606.163931

[00:03:36 -82838.506514] Initial branch length optimization
[00:03:36 -61215.508374] Model parameter optimization (eps = 10.000000)
[00:03:39 -55666.913616] AUTODETECT spr round 1 (radius: 5)
[00:03:40 -38279.375589] AUTODETECT spr round 2 (radius: 10)
[00:03:43 -23341.277062] AUTODETECT spr round 3 (radius: 15)
[00:03:48 -19508.671251] AUTODETECT spr round 4 (radius: 20)
[00:03:54 -18945.391079] AUTODETECT spr round 5 (radius: 25)
[00:04:00 -18943.063948] SPR radius for FAST iterations: 25 (autodetect)
[00:04:00 -18943.063948] Model parameter optimization (eps = 3.000000)
[00:04:02 -18662.253006] FAST spr round 1 (radius: 25)
[00:04:04 -16696.622812] FAST spr round 2 (radius: 25)
[00:04:07 -16634.691066] FAST spr round 3 (radius: 25)
[00:04:08 -16628.664817] Model parameter optimization (eps = 1.000000)
[00:04:09 -16626.606970] SLOW spr round 1 (radius: 5)
[00:04:14 -16621.428763] SLOW spr round 2 (radius: 10)
[00:04:18 -16620.768820] SLOW spr round 3 (radius: 15)
[00:04:28] [worker #2] ML tree search #11, logLikelihood: -16617.159056
[00:04:28 -16620.768806] SLOW spr round 4 (radius: 20)
[00:04:41 -16620.768805] SLOW spr round 5 (radius: 25)
[00:04:44] [worker #3] ML tree search #12, logLikelihood: -16612.098556
[00:04:59] [worker #1] ML tree search #10, logLikelihood: -16618.468548
[00:05:07 -16620.768805] Model parameter optimization (eps = 0.100000)

[00:05:07] [worker #0] ML tree search #9, logLikelihood: -16620.742152

[00:05:07 -21724.867359] Initial branch length optimization
[00:05:08 -17757.219288] Model parameter optimization (eps = 10.000000)
[00:05:09 -16748.875831] AUTODETECT spr round 1 (radius: 5)
[00:05:10 -16643.286698] AUTODETECT spr round 2 (radius: 10)
[00:05:15 -16634.704524] AUTODETECT spr round 3 (radius: 15)
[00:05:25 -16634.689107] SPR radius for FAST iterations: 10 (autodetect)
[00:05:25 -16634.689107] Model parameter optimization (eps = 3.000000)
[00:05:26 -16634.261545] FAST spr round 1 (radius: 10)
[00:05:28 -16629.535428] Model parameter optimization (eps = 1.000000)
[00:05:28 -16629.523161] SLOW spr round 1 (radius: 5)
[00:05:34 -16618.412213] SLOW spr round 2 (radius: 5)
[00:05:42 -16618.306429] SLOW spr round 3 (radius: 10)
[00:05:46 -16615.156522] SLOW spr round 4 (radius: 15)
[00:05:53] [worker #2] ML tree search #15, logLikelihood: -16614.375215
[00:05:55 -16615.156516] SLOW spr round 5 (radius: 20)
[00:06:07 -16615.156516] SLOW spr round 6 (radius: 25)
[00:06:11] [worker #3] ML tree search #16, logLikelihood: -16616.566453
[00:06:23 -16615.156516] Model parameter optimization (eps = 0.100000)

[00:06:23] [worker #0] ML tree search #13, logLikelihood: -16615.121934

[00:06:23 -21890.634575] Initial branch length optimization
[00:06:24 -17899.825494] Model parameter optimization (eps = 10.000000)
[00:06:24] [worker #1] ML tree search #14, logLikelihood: -16612.790388
[00:06:24 -16872.959465] AUTODETECT spr round 1 (radius: 5)
[00:06:25 -16655.101529] AUTODETECT spr round 2 (radius: 10)
[00:06:28 -16634.984089] AUTODETECT spr round 3 (radius: 15)
[00:06:34 -16634.896054] SPR radius for FAST iterations: 10 (autodetect)
[00:06:34 -16634.896054] Model parameter optimization (eps = 3.000000)
[00:06:34 -16634.654666] FAST spr round 1 (radius: 10)
[00:06:36 -16618.922115] FAST spr round 2 (radius: 10)
[00:06:37 -16618.825866] Model parameter optimization (eps = 1.000000)
[00:06:38 -16618.799115] SLOW spr round 1 (radius: 5)
[00:06:44 -16617.406759] SLOW spr round 2 (radius: 10)
[00:06:47 -16614.489608] SLOW spr round 3 (radius: 15)
[00:06:55 -16614.489497] SLOW spr round 4 (radius: 20)
[00:06:58] [worker #2] ML tree search #19, logLikelihood: -16607.620130
[00:07:07 -16614.489487] SLOW spr round 5 (radius: 25)
[00:07:15] [worker #3] ML tree search #20, logLikelihood: -16617.937333
[00:07:23 -16614.489486] Model parameter optimization (eps = 0.100000)

[00:07:23] [worker #0] ML tree search #17, logLikelihood: -16614.476115

[00:07:32] [worker #1] ML tree search #18, logLikelihood: -16620.961926

Optimized model parameters:

   Partition 0: noname
   Rate heterogeneity: GAMMA (4 cats, mean),  alpha: 1.311592 (ML),  weights&rates: (0.250000,0.194696) (0.250000,0.553864) (0.250000,1.037134) (0.250000,2.214306) 
   Base frequencies (empirical): 0.259271 0.268425 0.167775 0.304528 
   Substitution rates (ML): 0.786602 7.390598 0.810411 0.948813 4.132384 1.000000 


Final LogLikelihood: -16604.621569

AIC score: 34589.243138 / AICc score: 988169.243138 / BIC score: 37566.840159
Free parameters (model + branch lengths): 690

WARNING: Number of free parameters (K=690) is larger than alignment size (n=553).
         This might lead to overfitting and compromise tree inference results!


WARNING: Best ML tree contains 97 near-zero branches!

Best ML tree with collapsed near-zero branches saved to: /data/jeremias/eucs/roadies/output/genes/gene_164_filtered.fa.aln.raxml.bestTreeCollapsed
Best ML tree saved to: /data/jeremias/eucs/roadies/output/genes/gene_164_filtered.fa.aln.raxml.bestTree
All ML trees saved to: /data/jeremias/eucs/roadies/output/genes/gene_164_filtered.fa.aln.raxml.mlTrees
Optimized model saved to: /data/jeremias/eucs/roadies/output/genes/gene_164_filtered.fa.aln.raxml.bestModel

Execution log saved to: /data/jeremias/eucs/roadies/output/genes/gene_164_filtered.fa.aln.raxml.log

Analysis started: 29-Jul-2024 15:55:23 / finished: 29-Jul-2024 16:02:55

Elapsed time: 452.313 seconds

