
RAxML-NG v. 1.2.2 released on 11.04.2024 by The Exelixis Lab.
Developed by: Alexey M. Kozlov and Alexandros Stamatakis.
Contributors: Diego Darriba, Tomas Flouri, Benoit Morel, Sarah Lutteropp, Ben Bettisworth, Julia Haag, Anastasis Togkousidis.
Latest version: https://github.com/amkozlov/raxml-ng
Questions/problems/suggestions? Please visit: https://groups.google.com/forum/#!forum/raxml

System: AMD EPYC 7742 64-Core Processor, 128 cores, 1007 GB RAM

RAxML-NG was called at 29-Jul-2024 14:53:36 as follows:

raxml-ng --msa /data/jeremias/eucs/roadies/output/genes/gene_149_filtered.fa.aln --model GTR+G+F --redo --threads auto{4} --blopt nr_safe

Analysis options:
  run mode: ML tree search
  start tree(s): random (10) + parsimony (10)
  random seed: 1722228816
  tip-inner: OFF
  pattern compression: ON
  per-rate scalers: OFF
  site repeats: ON
  logLH epsilon: general: 10.000000, brlen-triplet: 1000.000000
  fast spr radius: AUTO
  spr subtree cutoff: 1.000000
  fast CLV updates: ON
  branch lengths: proportional (ML estimate, algorithm: NR-SAFE)
  SIMD kernels: AVX2
  parallelization: coarse-grained (auto), PTHREADS (auto)

WARNING: Running in REDO mode: existing checkpoints are ignored, and all result files will be overwritten!

[00:00:00] Reading alignment from file: /data/jeremias/eucs/roadies/output/genes/gene_149_filtered.fa.aln
[00:00:00] Loaded alignment with 157 taxa and 588 sites

WARNING: Sequences E_melliodora_3 and E_fibrosa_2 are exactly identical!
WARNING: Sequences E_melliodora_3 and E_melliodora_2 are exactly identical!
WARNING: Sequences E_melliodora_3 and E_lansdowneana_2 are exactly identical!
WARNING: Sequences E_melliodora_3 and E_victrix_2 are exactly identical!
WARNING: Sequences E_melliodora_3 and E_paniculata_2 are exactly identical!
WARNING: Sequences E_sid_E_mel_2 and E_sideroxylon_2 are exactly identical!
WARNING: Sequences E_sid_E_mel_0 and E_polyanthemos_0 are exactly identical!
WARNING: Sequences E_polyanthemos_2 and E_dawsonii_5 are exactly identical!
WARNING: Sequences E_polyanthemos_2 and E_dawsonii_4 are exactly identical!
WARNING: Sequences E_fibrosa_0 and E_lansdowneana_0 are exactly identical!
WARNING: Sequences E_pauciflora_3 and E_pauciflora_2 are exactly identical!
WARNING: Sequences E_pauciflora_5 and E_regnans_2 are exactly identical!
WARNING: Sequences E_ANBG9806169_2 and E_marginata_1 are exactly identical!
WARNING: Duplicate sequences found: 13

NOTE: Reduced alignment (with duplicates and gap-only sites/taxa removed) 
NOTE: was saved to: /data/jeremias/eucs/roadies/output/genes/gene_149_filtered.fa.aln.raxml.reduced.phy

Alignment comprises 1 partitions and 463 patterns

Partition 0: noname
Model: GTR+FC+G4m
Alignment sites / patterns: 588 / 463
Gaps: 16.04 %
Invariant sites: 23.30 %


NOTE: Binary MSA file created: /data/jeremias/eucs/roadies/output/genes/gene_149_filtered.fa.aln.raxml.rba

Parallelization scheme autoconfig: 4 worker(s) x 1 thread(s)

[00:00:00] Generating 10 random starting tree(s) with 157 taxa
[00:00:00] Generating 10 parsimony starting tree(s) with 157 taxa
Parallel parsimony with 4 threads
Parallel reduction/worker buffer size: 1 KB  / 0 KB

[00:00:00] Data distribution: max. partitions/sites/weight per thread: 1 / 463 / 7408
[00:00:00] Data distribution: max. searches per worker: 5

Starting ML tree search with 20 distinct starting trees

[00:00:00 -56957.871744] Initial branch length optimization
[00:00:00 -36504.683786] Model parameter optimization (eps = 10.000000)
[00:00:02 -33169.779079] AUTODETECT spr round 1 (radius: 5)
[00:00:03 -14598.423172] AUTODETECT spr round 2 (radius: 10)
[00:00:04 -10362.890918] AUTODETECT spr round 3 (radius: 15)
[00:00:05 -9200.037288] AUTODETECT spr round 4 (radius: 20)
[00:00:06 -8658.133908] AUTODETECT spr round 5 (radius: 25)
[00:00:07 -8472.152646] SPR radius for FAST iterations: 25 (autodetect)
[00:00:07 -8472.152646] Model parameter optimization (eps = 3.000000)
[00:00:08 -8025.690944] FAST spr round 1 (radius: 25)
[00:00:09 -7003.783137] FAST spr round 2 (radius: 25)
[00:00:10 -6965.222954] FAST spr round 3 (radius: 25)
[00:00:11 -6955.946535] Model parameter optimization (eps = 1.000000)
[00:00:11 -6946.634946] SLOW spr round 1 (radius: 5)
[00:00:15 -6944.947722] SLOW spr round 2 (radius: 10)
[00:00:18 -6944.947670] SLOW spr round 3 (radius: 15)
[00:00:22 -6944.947670] SLOW spr round 4 (radius: 20)
[00:00:23] [worker #1] ML tree search #2, logLikelihood: -6945.419573
[00:00:26 -6944.947670] SLOW spr round 5 (radius: 25)
[00:00:27] [worker #3] ML tree search #4, logLikelihood: -6948.648084
[00:00:28 -6944.947670] Model parameter optimization (eps = 0.100000)

[00:00:28] [worker #0] ML tree search #1, logLikelihood: -6944.934896

[00:00:28 -56059.636667] Initial branch length optimization
[00:00:28 -35816.630700] Model parameter optimization (eps = 10.000000)
[00:00:30 -32549.375556] AUTODETECT spr round 1 (radius: 5)
[00:00:30 -15665.971509] AUTODETECT spr round 2 (radius: 10)
[00:00:31 -10176.782698] AUTODETECT spr round 3 (radius: 15)
[00:00:33] [worker #2] ML tree search #3, logLikelihood: -6949.222829
[00:00:33 -8079.632933] AUTODETECT spr round 4 (radius: 20)
[00:00:35 -8078.055163] AUTODETECT spr round 5 (radius: 25)
[00:00:37 -8078.020941] SPR radius for FAST iterations: 20 (autodetect)
[00:00:37 -8078.020941] Model parameter optimization (eps = 3.000000)
[00:00:38 -7646.601317] FAST spr round 1 (radius: 20)
[00:00:39 -7001.403584] FAST spr round 2 (radius: 20)
[00:00:40 -6977.101434] FAST spr round 3 (radius: 20)
[00:00:41 -6959.186098] FAST spr round 4 (radius: 20)
[00:00:42 -6958.616438] Model parameter optimization (eps = 1.000000)
[00:00:43 -6952.951346] SLOW spr round 1 (radius: 5)
[00:00:46 -6950.252600] SLOW spr round 2 (radius: 10)
[00:00:48] [worker #1] ML tree search #6, logLikelihood: -6954.104552
[00:00:49 -6950.252462] SLOW spr round 3 (radius: 15)
[00:00:55 -6950.252461] SLOW spr round 4 (radius: 20)
[00:00:59 -6950.252461] SLOW spr round 5 (radius: 25)
[00:00:59] [worker #3] ML tree search #8, logLikelihood: -6947.237581
[00:01:02 -6950.252461] Model parameter optimization (eps = 0.100000)

[00:01:02] [worker #0] ML tree search #5, logLikelihood: -6950.211375

[00:01:02 -55240.001907] Initial branch length optimization
[00:01:02 -34912.909267] Model parameter optimization (eps = 10.000000)
[00:01:03 -31838.195406] AUTODETECT spr round 1 (radius: 5)
[00:01:04 -15432.837539] AUTODETECT spr round 2 (radius: 10)
[00:01:05 -9332.378079] AUTODETECT spr round 3 (radius: 15)
[00:01:06 -8803.409611] AUTODETECT spr round 4 (radius: 20)
[00:01:08 -8298.899176] AUTODETECT spr round 5 (radius: 25)
[00:01:09 -8298.797570] SPR radius for FAST iterations: 25 (autodetect)
[00:01:09 -8298.797570] Model parameter optimization (eps = 3.000000)
[00:01:09 -7881.959414] FAST spr round 1 (radius: 25)
[00:01:10 -7132.658036] FAST spr round 2 (radius: 25)
[00:01:11] [worker #2] ML tree search #7, logLikelihood: -6946.315071
[00:01:11 -6966.410427] FAST spr round 3 (radius: 25)
[00:01:12 -6965.529121] Model parameter optimization (eps = 1.000000)
[00:01:12 -6954.297195] SLOW spr round 1 (radius: 5)
[00:01:14 -6952.935041] SLOW spr round 2 (radius: 10)
[00:01:16 -6952.935040] SLOW spr round 3 (radius: 15)
[00:01:19 -6952.741386] SLOW spr round 4 (radius: 20)
[00:01:22] [worker #1] ML tree search #10, logLikelihood: -6946.835717
[00:01:22 -6952.740552] SLOW spr round 5 (radius: 25)
[00:01:22] [worker #3] ML tree search #12, logLikelihood: -6947.561086
[00:01:24 -6952.740548] Model parameter optimization (eps = 0.100000)

[00:01:24] [worker #0] ML tree search #9, logLikelihood: -6952.690573

[00:01:24 -9724.727219] Initial branch length optimization
[00:01:24 -7238.334996] Model parameter optimization (eps = 10.000000)
[00:01:25 -7024.766757] AUTODETECT spr round 1 (radius: 5)
[00:01:25 -6959.706090] AUTODETECT spr round 2 (radius: 10)
[00:01:26 -6958.097987] AUTODETECT spr round 3 (radius: 15)
[00:01:28 -6958.097758] SPR radius for FAST iterations: 10 (autodetect)
[00:01:28 -6958.097758] Model parameter optimization (eps = 3.000000)
[00:01:28 -6957.539991] FAST spr round 1 (radius: 10)
[00:01:29 -6949.207005] Model parameter optimization (eps = 1.000000)
[00:01:29 -6949.078837] SLOW spr round 1 (radius: 5)
[00:01:31] [worker #2] ML tree search #11, logLikelihood: -6953.400404
[00:01:31 -6947.501520] SLOW spr round 2 (radius: 10)
[00:01:33 -6946.853782] SLOW spr round 3 (radius: 15)
[00:01:37 -6946.853782] SLOW spr round 4 (radius: 20)
[00:01:39 -6946.853782] SLOW spr round 5 (radius: 25)
[00:01:41 -6946.853782] Model parameter optimization (eps = 0.100000)

[00:01:41] [worker #0] ML tree search #13, logLikelihood: -6946.832718

[00:01:41 -9714.763580] Initial branch length optimization
[00:01:41] [worker #3] ML tree search #16, logLikelihood: -6946.035795
[00:01:41 -7228.778361] Model parameter optimization (eps = 10.000000)
[00:01:41 -7019.697755] AUTODETECT spr round 1 (radius: 5)
[00:01:42 -6949.242081] AUTODETECT spr round 2 (radius: 10)
[00:01:43 -6948.341009] AUTODETECT spr round 3 (radius: 15)
[00:01:43] [worker #1] ML tree search #14, logLikelihood: -6949.125219
[00:01:44 -6948.277946] SPR radius for FAST iterations: 10 (autodetect)
[00:01:44 -6948.277946] Model parameter optimization (eps = 3.000000)
[00:01:44 -6947.836731] FAST spr round 1 (radius: 10)
[00:01:45 -6947.259348] Model parameter optimization (eps = 1.000000)
[00:01:45 -6947.237619] SLOW spr round 1 (radius: 5)
[00:01:47 -6946.156088] SLOW spr round 2 (radius: 10)
[00:01:49 -6946.156086] SLOW spr round 3 (radius: 15)
[00:01:49] [worker #2] ML tree search #15, logLikelihood: -6948.373054
[00:01:52 -6946.156086] SLOW spr round 4 (radius: 20)
[00:01:54 -6946.156086] SLOW spr round 5 (radius: 25)
[00:01:56 -6946.156086] Model parameter optimization (eps = 0.100000)

[00:01:56] [worker #0] ML tree search #17, logLikelihood: -6946.151295

[00:01:58] [worker #3] ML tree search #20, logLikelihood: -6949.646397
[00:02:02] [worker #1] ML tree search #18, logLikelihood: -6946.964489
[00:02:05] [worker #2] ML tree search #19, logLikelihood: -6947.559209

Optimized model parameters:

   Partition 0: noname
   Rate heterogeneity: GAMMA (4 cats, mean),  alpha: 2.569769 (ML),  weights&rates: (0.250000,0.352973) (0.250000,0.704532) (0.250000,1.079378) (0.250000,1.863117) 
   Base frequencies (empirical): 0.315421 0.183973 0.239736 0.260870 
   Substitution rates (ML): 1.087945 3.842665 1.023688 1.672660 4.570700 1.000000 


Final LogLikelihood: -6944.934896

AIC score: 14529.869792 / AICc score: 15299.307994 / BIC score: 15930.422415
Free parameters (model + branch lengths): 320

WARNING: Best ML tree contains 53 near-zero branches!

Best ML tree with collapsed near-zero branches saved to: /data/jeremias/eucs/roadies/output/genes/gene_149_filtered.fa.aln.raxml.bestTreeCollapsed
Best ML tree saved to: /data/jeremias/eucs/roadies/output/genes/gene_149_filtered.fa.aln.raxml.bestTree
All ML trees saved to: /data/jeremias/eucs/roadies/output/genes/gene_149_filtered.fa.aln.raxml.mlTrees
Optimized model saved to: /data/jeremias/eucs/roadies/output/genes/gene_149_filtered.fa.aln.raxml.bestModel

Execution log saved to: /data/jeremias/eucs/roadies/output/genes/gene_149_filtered.fa.aln.raxml.log

Analysis started: 29-Jul-2024 14:53:36 / finished: 29-Jul-2024 14:55:42

Elapsed time: 125.689 seconds

