
RAxML-NG v. 1.2.2 released on 11.04.2024 by The Exelixis Lab.
Developed by: Alexey M. Kozlov and Alexandros Stamatakis.
Contributors: Diego Darriba, Tomas Flouri, Benoit Morel, Sarah Lutteropp, Ben Bettisworth, Julia Haag, Anastasis Togkousidis.
Latest version: https://github.com/amkozlov/raxml-ng
Questions/problems/suggestions? Please visit: https://groups.google.com/forum/#!forum/raxml

System: AMD EPYC 7742 64-Core Processor, 128 cores, 1007 GB RAM

RAxML-NG was called at 29-Jul-2024 14:13:19 as follows:

raxml-ng --msa /data/jeremias/eucs/roadies/output/genes/gene_91_filtered.fa.aln --model GTR+G+F --redo --threads auto{4} --blopt nr_safe

Analysis options:
  run mode: ML tree search
  start tree(s): random (10) + parsimony (10)
  random seed: 1722226399
  tip-inner: OFF
  pattern compression: ON
  per-rate scalers: OFF
  site repeats: ON
  logLH epsilon: general: 10.000000, brlen-triplet: 1000.000000
  fast spr radius: AUTO
  spr subtree cutoff: 1.000000
  fast CLV updates: ON
  branch lengths: proportional (ML estimate, algorithm: NR-SAFE)
  SIMD kernels: AVX2
  parallelization: coarse-grained (auto), PTHREADS (auto)

WARNING: Running in REDO mode: existing checkpoints are ignored, and all result files will be overwritten!

[00:00:00] Reading alignment from file: /data/jeremias/eucs/roadies/output/genes/gene_91_filtered.fa.aln
[00:00:00] Loaded alignment with 43 taxa and 562 sites

WARNING: Sequences E_viminalis_0 and E_globulus_1 are exactly identical!
WARNING: Sequences E_pauciflora_0 and E_regnans_0 are exactly identical!
WARNING: Sequences E_cladocalyx_1 and E_cladocalyx_0 are exactly identical!
WARNING: Duplicate sequences found: 3

NOTE: Reduced alignment (with duplicates and gap-only sites/taxa removed) 
NOTE: was saved to: /data/jeremias/eucs/roadies/output/genes/gene_91_filtered.fa.aln.raxml.reduced.phy

Alignment comprises 1 partitions and 149 patterns

Partition 0: noname
Model: GTR+FC+G4m
Alignment sites / patterns: 562 / 149
Gaps: 10.22 %
Invariant sites: 73.84 %


NOTE: Binary MSA file created: /data/jeremias/eucs/roadies/output/genes/gene_91_filtered.fa.aln.raxml.rba

Parallelization scheme autoconfig: 4 worker(s) x 1 thread(s)

[00:00:00] Generating 10 random starting tree(s) with 43 taxa
[00:00:00] Generating 10 parsimony starting tree(s) with 43 taxa
Parallel parsimony with 4 threads
Parallel reduction/worker buffer size: 1 KB  / 0 KB

[00:00:00] Data distribution: max. partitions/sites/weight per thread: 1 / 149 / 2384
[00:00:00] Data distribution: max. searches per worker: 5

Starting ML tree search with 20 distinct starting trees

[00:00:00 -4289.519106] Initial branch length optimization
[00:00:00 -3443.806437] Model parameter optimization (eps = 10.000000)
[00:00:00 -3083.350358] AUTODETECT spr round 1 (radius: 5)
[00:00:00 -2416.880735] AUTODETECT spr round 2 (radius: 10)
[00:00:00 -2145.201376] AUTODETECT spr round 3 (radius: 15)
[00:00:00 -2144.405602] AUTODETECT spr round 4 (radius: 20)
[00:00:00 -2144.369434] SPR radius for FAST iterations: 15 (autodetect)
[00:00:00 -2144.369434] Model parameter optimization (eps = 3.000000)
[00:00:00 -2125.868645] FAST spr round 1 (radius: 15)
[00:00:00 -2032.302430] FAST spr round 2 (radius: 15)
[00:00:00 -2032.302227] Model parameter optimization (eps = 1.000000)
[00:00:00 -2030.789780] SLOW spr round 1 (radius: 5)
[00:00:00 -2030.704103] SLOW spr round 2 (radius: 10)
[00:00:00 -2030.704091] SLOW spr round 3 (radius: 15)
[00:00:00] [worker #3] ML tree search #4, logLikelihood: -2030.702401
[00:00:00] [worker #2] ML tree search #3, logLikelihood: -2030.702290
[00:00:00 -2030.704091] SLOW spr round 4 (radius: 20)
[00:00:00] [worker #1] ML tree search #2, logLikelihood: -2030.702356
[00:00:00 -2030.704091] SLOW spr round 5 (radius: 25)
[00:00:00 -2030.704091] Model parameter optimization (eps = 0.100000)

[00:00:00] [worker #0] ML tree search #1, logLikelihood: -2030.702382

[00:00:00 -4231.663786] Initial branch length optimization
[00:00:00 -3393.437821] Model parameter optimization (eps = 10.000000)
[00:00:00 -3071.723630] AUTODETECT spr round 1 (radius: 5)
[00:00:00 -2320.618960] AUTODETECT spr round 2 (radius: 10)
[00:00:00 -2211.657245] AUTODETECT spr round 3 (radius: 15)
[00:00:01 -2211.615992] SPR radius for FAST iterations: 10 (autodetect)
[00:00:01 -2211.615992] Model parameter optimization (eps = 3.000000)
[00:00:01 -2202.153280] FAST spr round 1 (radius: 10)
[00:00:01 -2043.573832] FAST spr round 2 (radius: 10)
[00:00:01 -2037.653586] Model parameter optimization (eps = 1.000000)
[00:00:01 -2031.300408] SLOW spr round 1 (radius: 5)
[00:00:01 -2030.790958] SLOW spr round 2 (radius: 10)
[00:00:01 -2030.790850] SLOW spr round 3 (radius: 15)
[00:00:01] [worker #3] ML tree search #8, logLikelihood: -2030.702291
[00:00:01] [worker #2] ML tree search #7, logLikelihood: -2030.284261
[00:00:01 -2030.790850] SLOW spr round 4 (radius: 20)
[00:00:01 -2030.790850] SLOW spr round 5 (radius: 25)
[00:00:01] [worker #1] ML tree search #6, logLikelihood: -2030.702472
[00:00:01 -2030.790850] Model parameter optimization (eps = 0.100000)

[00:00:01] [worker #0] ML tree search #5, logLikelihood: -2030.702529

[00:00:01 -4202.866634] Initial branch length optimization
[00:00:01 -3309.783566] Model parameter optimization (eps = 10.000000)
[00:00:01 -3015.509264] AUTODETECT spr round 1 (radius: 5)
[00:00:01 -2289.177387] AUTODETECT spr round 2 (radius: 10)
[00:00:01 -2090.181032] AUTODETECT spr round 3 (radius: 15)
[00:00:01 -2090.145048] SPR radius for FAST iterations: 10 (autodetect)
[00:00:01 -2090.145048] Model parameter optimization (eps = 3.000000)
[00:00:01 -2074.368882] FAST spr round 1 (radius: 10)
[00:00:01 -2031.349662] FAST spr round 2 (radius: 10)
[00:00:01 -2031.348775] Model parameter optimization (eps = 1.000000)
[00:00:01 -2030.798665] SLOW spr round 1 (radius: 5)
[00:00:01] [worker #3] ML tree search #12, logLikelihood: -2030.284308
[00:00:02] [worker #2] ML tree search #11, logLikelihood: -2030.702243
[00:00:02 -2030.718219] SLOW spr round 2 (radius: 10)
[00:00:02 -2030.718196] SLOW spr round 3 (radius: 15)
[00:00:02 -2030.718196] SLOW spr round 4 (radius: 20)
[00:00:02] [worker #1] ML tree search #10, logLikelihood: -2030.702292
[00:00:02 -2030.718196] SLOW spr round 5 (radius: 25)
[00:00:02 -2030.718196] Model parameter optimization (eps = 0.100000)

[00:00:02] [worker #0] ML tree search #9, logLikelihood: -2030.702392

[00:00:02 -3063.630701] Initial branch length optimization
[00:00:02 -2083.881104] Model parameter optimization (eps = 10.000000)
[00:00:02 -2035.442912] AUTODETECT spr round 1 (radius: 5)
[00:00:02 -2030.464725] AUTODETECT spr round 2 (radius: 10)
[00:00:02] [worker #3] ML tree search #16, logLikelihood: -2030.284358
[00:00:02 -2030.446860] SPR radius for FAST iterations: 5 (autodetect)
[00:00:02 -2030.446860] Model parameter optimization (eps = 3.000000)
[00:00:02 -2030.383291] FAST spr round 1 (radius: 5)
[00:00:02 -2030.383285] Model parameter optimization (eps = 1.000000)
[00:00:02 -2030.382735] SLOW spr round 1 (radius: 5)
[00:00:02] [worker #2] ML tree search #15, logLikelihood: -2030.284305
[00:00:03 -2030.286072] SLOW spr round 2 (radius: 10)
[00:00:03 -2030.286071] SLOW spr round 3 (radius: 15)
[00:00:03] [worker #1] ML tree search #14, logLikelihood: -2030.284303
[00:00:03 -2030.286071] SLOW spr round 4 (radius: 20)
[00:00:03 -2030.286071] SLOW spr round 5 (radius: 25)
[00:00:03 -2030.286071] Model parameter optimization (eps = 0.100000)

[00:00:03] [worker #0] ML tree search #13, logLikelihood: -2030.284277

[00:00:03 -3057.500432] Initial branch length optimization
[00:00:03 -2080.502348] Model parameter optimization (eps = 10.000000)
[00:00:03 -2033.605572] AUTODETECT spr round 1 (radius: 5)
[00:00:03] [worker #3] ML tree search #20, logLikelihood: -2030.702296
[00:00:03 -2030.885351] AUTODETECT spr round 2 (radius: 10)
[00:00:03] [worker #2] ML tree search #19, logLikelihood: -2030.284450
[00:00:03 -2030.885212] SPR radius for FAST iterations: 5 (autodetect)
[00:00:03 -2030.885212] Model parameter optimization (eps = 3.000000)
[00:00:03 -2030.877649] FAST spr round 1 (radius: 5)
[00:00:03 -2030.877645] Model parameter optimization (eps = 1.000000)
[00:00:03 -2030.877583] SLOW spr round 1 (radius: 5)
[00:00:03 -2030.705702] SLOW spr round 2 (radius: 10)
[00:00:03 -2030.705315] SLOW spr round 3 (radius: 15)
[00:00:03 -2030.705315] SLOW spr round 4 (radius: 20)
[00:00:03] [worker #1] ML tree search #18, logLikelihood: -2030.702217
[00:00:03 -2030.705315] SLOW spr round 5 (radius: 25)
[00:00:03 -2030.705315] Model parameter optimization (eps = 0.100000)

[00:00:03] [worker #0] ML tree search #17, logLikelihood: -2030.702223


Optimized model parameters:

   Partition 0: noname
   Rate heterogeneity: GAMMA (4 cats, mean),  alpha: 0.664509 (ML),  weights&rates: (0.250000,0.066629) (0.250000,0.346292) (0.250000,0.910971) (0.250000,2.676108) 
   Base frequencies (empirical): 0.312500 0.211698 0.166943 0.308859 
   Substitution rates (ML): 1.923576 6.402235 1.682453 1.859302 6.196516 1.000000 


Final LogLikelihood: -2030.284261

AIC score: 4244.568522 / AICc score: 4281.054663 / BIC score: 4643.066693
Free parameters (model + branch lengths): 92

WARNING: Best ML tree contains 16 near-zero branches!

Best ML tree with collapsed near-zero branches saved to: /data/jeremias/eucs/roadies/output/genes/gene_91_filtered.fa.aln.raxml.bestTreeCollapsed
Best ML tree saved to: /data/jeremias/eucs/roadies/output/genes/gene_91_filtered.fa.aln.raxml.bestTree
All ML trees saved to: /data/jeremias/eucs/roadies/output/genes/gene_91_filtered.fa.aln.raxml.mlTrees
Optimized model saved to: /data/jeremias/eucs/roadies/output/genes/gene_91_filtered.fa.aln.raxml.bestModel

Execution log saved to: /data/jeremias/eucs/roadies/output/genes/gene_91_filtered.fa.aln.raxml.log

Analysis started: 29-Jul-2024 14:13:19 / finished: 29-Jul-2024 14:13:23

Elapsed time: 3.915 seconds

