
RAxML-NG v. 1.2.2 released on 11.04.2024 by The Exelixis Lab.
Developed by: Alexey M. Kozlov and Alexandros Stamatakis.
Contributors: Diego Darriba, Tomas Flouri, Benoit Morel, Sarah Lutteropp, Ben Bettisworth, Julia Haag, Anastasis Togkousidis.
Latest version: https://github.com/amkozlov/raxml-ng
Questions/problems/suggestions? Please visit: https://groups.google.com/forum/#!forum/raxml

System: AMD EPYC 7742 64-Core Processor, 128 cores, 1007 GB RAM

RAxML-NG was called at 29-Jul-2024 14:34:36 as follows:

raxml-ng --msa /data/jeremias/eucs/roadies/output/genes/gene_233_filtered.fa.aln --model GTR+G+F --redo --threads auto{4} --blopt nr_safe

Analysis options:
  run mode: ML tree search
  start tree(s): random (10) + parsimony (10)
  random seed: 1722227676
  tip-inner: OFF
  pattern compression: ON
  per-rate scalers: OFF
  site repeats: ON
  logLH epsilon: general: 10.000000, brlen-triplet: 1000.000000
  fast spr radius: AUTO
  spr subtree cutoff: 1.000000
  fast CLV updates: ON
  branch lengths: proportional (ML estimate, algorithm: NR-SAFE)
  SIMD kernels: AVX2
  parallelization: coarse-grained (auto), PTHREADS (auto)

WARNING: Running in REDO mode: existing checkpoints are ignored, and all result files will be overwritten!

[00:00:00] Reading alignment from file: /data/jeremias/eucs/roadies/output/genes/gene_233_filtered.fa.aln
[00:00:00] Loaded alignment with 349 taxa and 632 sites

WARNING: Sequences E_virginea_5 and E_virginea_6 are exactly identical!
WARNING: Sequences E_sid_E_mel_4 and E_sideroxylon_7 are exactly identical!
WARNING: Duplicate sequences found: 2

NOTE: Reduced alignment (with duplicates and gap-only sites/taxa removed) 
NOTE: was saved to: /data/jeremias/eucs/roadies/output/genes/gene_233_filtered.fa.aln.raxml.reduced.phy

Alignment comprises 1 partitions and 570 patterns

Partition 0: noname
Model: GTR+FC+G4m
Alignment sites / patterns: 632 / 570
Gaps: 24.51 %
Invariant sites: 15.03 %


NOTE: Binary MSA file created: /data/jeremias/eucs/roadies/output/genes/gene_233_filtered.fa.aln.raxml.rba

Parallelization scheme autoconfig: 4 worker(s) x 1 thread(s)

[00:00:00] Generating 10 random starting tree(s) with 349 taxa
[00:00:00] Generating 10 parsimony starting tree(s) with 349 taxa
Parallel parsimony with 4 threads
Parallel reduction/worker buffer size: 1 KB  / 0 KB

[00:00:00] Data distribution: max. partitions/sites/weight per thread: 1 / 570 / 9120
[00:00:00] Data distribution: max. searches per worker: 5

Starting ML tree search with 20 distinct starting trees

[00:00:00 -112165.146121] Initial branch length optimization
[00:00:00 -96374.899433] Model parameter optimization (eps = 10.000000)
[00:00:03 -89960.884884] AUTODETECT spr round 1 (radius: 5)
[00:00:05 -59738.126261] AUTODETECT spr round 2 (radius: 10)
[00:00:08 -41573.165342] AUTODETECT spr round 3 (radius: 15)
[00:00:14 -36089.685736] AUTODETECT spr round 4 (radius: 20)
[00:00:23 -35973.860985] AUTODETECT spr round 5 (radius: 25)
[00:00:31 -35965.072190] SPR radius for FAST iterations: 25 (autodetect)
[00:00:31 -35965.072190] Model parameter optimization (eps = 3.000000)
[00:00:32 -35751.362054] FAST spr round 1 (radius: 25)
[00:00:35 -32747.212799] FAST spr round 2 (radius: 25)
[00:00:38 -32564.370395] FAST spr round 3 (radius: 25)
[00:00:40 -32547.695132] FAST spr round 4 (radius: 25)
[00:00:42 -32533.579936] FAST spr round 5 (radius: 25)
[00:00:43 -32533.577979] Model parameter optimization (eps = 1.000000)
[00:00:43 -32530.284439] SLOW spr round 1 (radius: 5)
[00:00:49 -32525.656490] SLOW spr round 2 (radius: 10)
[00:00:54 -32525.411203] SLOW spr round 3 (radius: 15)
[00:01:07 -32525.411023] SLOW spr round 4 (radius: 20)
[00:01:25 -32525.411016] SLOW spr round 5 (radius: 25)
[00:01:34] [worker #1] ML tree search #2, logLikelihood: -32533.328087
[00:01:42] [worker #3] ML tree search #4, logLikelihood: -32530.459369
[00:01:42 -32525.411015] Model parameter optimization (eps = 0.100000)

[00:01:42] [worker #0] ML tree search #1, logLikelihood: -32525.364724

[00:01:42 -111472.645410] Initial branch length optimization
[00:01:42 -96396.117261] Model parameter optimization (eps = 10.000000)
[00:01:45] [worker #2] ML tree search #3, logLikelihood: -32534.546406
[00:01:45 -90007.622114] AUTODETECT spr round 1 (radius: 5)
[00:01:47 -61573.570117] AUTODETECT spr round 2 (radius: 10)
[00:01:51 -40002.511501] AUTODETECT spr round 3 (radius: 15)
[00:01:58 -36874.756543] AUTODETECT spr round 4 (radius: 20)
[00:02:07 -36259.672109] AUTODETECT spr round 5 (radius: 25)
[00:02:20 -36256.726266] SPR radius for FAST iterations: 25 (autodetect)
[00:02:20 -36256.726266] Model parameter optimization (eps = 3.000000)
[00:02:21 -36015.597748] FAST spr round 1 (radius: 25)
[00:02:25 -32918.062507] FAST spr round 2 (radius: 25)
[00:02:28 -32614.775667] FAST spr round 3 (radius: 25)
[00:02:31 -32550.412017] FAST spr round 4 (radius: 25)
[00:02:32 -32547.039925] Model parameter optimization (eps = 1.000000)
[00:02:33 -32542.549577] SLOW spr round 1 (radius: 5)
[00:02:45 -32533.953423] SLOW spr round 2 (radius: 10)
[00:02:50 -32533.953259] SLOW spr round 3 (radius: 15)
[00:03:12 -32533.953251] SLOW spr round 4 (radius: 20)
[00:03:29] [worker #3] ML tree search #8, logLikelihood: -32532.689367
[00:03:41 -32533.953251] SLOW spr round 5 (radius: 25)
[00:03:42] [worker #1] ML tree search #6, logLikelihood: -32528.335797
[00:03:59 -32533.953251] Model parameter optimization (eps = 0.100000)

[00:03:59] [worker #0] ML tree search #5, logLikelihood: -32533.934924

[00:03:59 -111702.078351] Initial branch length optimization
[00:03:59 -96326.103972] Model parameter optimization (eps = 10.000000)
[00:04:02 -89905.562106] AUTODETECT spr round 1 (radius: 5)
[00:04:04 -62559.224049] AUTODETECT spr round 2 (radius: 10)
[00:04:07] [worker #2] ML tree search #7, logLikelihood: -32526.335848
[00:04:07 -45602.033139] AUTODETECT spr round 3 (radius: 15)
[00:04:12 -38662.442968] AUTODETECT spr round 4 (radius: 20)
[00:04:22 -37398.366665] AUTODETECT spr round 5 (radius: 25)
[00:04:30 -37395.441728] SPR radius for FAST iterations: 25 (autodetect)
[00:04:30 -37395.441728] Model parameter optimization (eps = 3.000000)
[00:04:31 -37183.856074] FAST spr round 1 (radius: 25)
[00:04:34 -32882.059322] FAST spr round 2 (radius: 25)
[00:04:37 -32546.200191] FAST spr round 3 (radius: 25)
[00:04:38 -32540.589949] Model parameter optimization (eps = 1.000000)
[00:04:39 -32536.007828] SLOW spr round 1 (radius: 5)
[00:04:45 -32523.672007] SLOW spr round 2 (radius: 5)
[00:04:50 -32523.670363] SLOW spr round 3 (radius: 10)
[00:04:54] [worker #3] ML tree search #12, logLikelihood: -32538.468179
[00:04:55 -32523.670244] SLOW spr round 4 (radius: 15)
[00:05:07 -32523.670234] SLOW spr round 5 (radius: 20)
[00:05:13] [worker #1] ML tree search #10, logLikelihood: -32525.486240
[00:05:17] [worker #2] ML tree search #11, logLikelihood: -32527.516309
[00:05:23 -32523.670233] SLOW spr round 6 (radius: 25)
[00:05:42 -32523.670233] Model parameter optimization (eps = 0.100000)

[00:05:42] [worker #0] ML tree search #9, logLikelihood: -32523.637817

[00:05:42 -40781.181214] Initial branch length optimization
[00:05:43 -35242.943608] Model parameter optimization (eps = 10.000000)
[00:05:44 -32690.323731] AUTODETECT spr round 1 (radius: 5)
[00:05:46 -32548.190329] AUTODETECT spr round 2 (radius: 10)
[00:05:51 -32548.024136] AUTODETECT spr round 3 (radius: 15)
[00:06:01 -32547.984071] SPR radius for FAST iterations: 10 (autodetect)
[00:06:01 -32547.984071] Model parameter optimization (eps = 3.000000)
[00:06:01 -32547.866014] FAST spr round 1 (radius: 10)
[00:06:03 -32534.856622] FAST spr round 2 (radius: 10)
[00:06:04 -32534.856302] Model parameter optimization (eps = 1.000000)
[00:06:05 -32534.844771] SLOW spr round 1 (radius: 5)
[00:06:12 -32524.685731] SLOW spr round 2 (radius: 5)
[00:06:17 -32524.684952] SLOW spr round 3 (radius: 10)
[00:06:22 -32524.684902] SLOW spr round 4 (radius: 15)
[00:06:23] [worker #3] ML tree search #16, logLikelihood: -32534.275746
[00:06:36 -32524.684898] SLOW spr round 5 (radius: 20)
[00:06:45] [worker #1] ML tree search #14, logLikelihood: -32525.532969
[00:06:48] [worker #2] ML tree search #15, logLikelihood: -32529.592484
[00:06:53 -32524.684898] SLOW spr round 6 (radius: 25)
[00:07:07 -32524.684898] Model parameter optimization (eps = 0.100000)

[00:07:08] [worker #0] ML tree search #13, logLikelihood: -32524.670358

[00:07:08 -40743.273383] Initial branch length optimization
[00:07:08 -35260.960561] Model parameter optimization (eps = 10.000000)
[00:07:09 -32733.969922] AUTODETECT spr round 1 (radius: 5)
[00:07:10 -32554.045691] AUTODETECT spr round 2 (radius: 10)
[00:07:15 -32553.743703] AUTODETECT spr round 3 (radius: 15)
[00:07:22 -32553.661238] SPR radius for FAST iterations: 10 (autodetect)
[00:07:22 -32553.661238] Model parameter optimization (eps = 3.000000)
[00:07:22 -32553.316324] FAST spr round 1 (radius: 10)
[00:07:24 -32539.519927] FAST spr round 2 (radius: 10)
[00:07:25 -32539.519882] Model parameter optimization (eps = 1.000000)
[00:07:25 -32539.478540] SLOW spr round 1 (radius: 5)
[00:07:31 -32536.956298] SLOW spr round 2 (radius: 10)
[00:07:34] [worker #3] ML tree search #20, logLikelihood: -32534.251945
[00:07:36 -32536.955915] SLOW spr round 3 (radius: 15)
[00:07:48 -32536.955881] SLOW spr round 4 (radius: 20)
[00:08:03 -32536.955878] SLOW spr round 5 (radius: 25)
[00:08:03] [worker #1] ML tree search #18, logLikelihood: -32532.902243
[00:08:04] [worker #2] ML tree search #19, logLikelihood: -32530.703115
[00:08:17 -32536.955878] Model parameter optimization (eps = 0.100000)

[00:08:17] [worker #0] ML tree search #17, logLikelihood: -32536.953762


Optimized model parameters:

   Partition 0: noname
   Rate heterogeneity: GAMMA (4 cats, mean),  alpha: 1.839390 (ML),  weights&rates: (0.250000,0.273318) (0.250000,0.636771) (0.250000,1.065397) (0.250000,2.024514) 
   Base frequencies (empirical): 0.312520 0.161176 0.196434 0.329870 
   Substitution rates (ML): 1.523164 7.936823 1.616243 0.958249 8.475722 1.000000 


Final LogLikelihood: -32523.637817

AIC score: 66455.275635 / AICc score: 1059095.275635 / BIC score: 69587.293768
Free parameters (model + branch lengths): 704

WARNING: Number of free parameters (K=704) is larger than alignment size (n=632).
         This might lead to overfitting and compromise tree inference results!


WARNING: Best ML tree contains 37 near-zero branches!

Best ML tree with collapsed near-zero branches saved to: /data/jeremias/eucs/roadies/output/genes/gene_233_filtered.fa.aln.raxml.bestTreeCollapsed
Best ML tree saved to: /data/jeremias/eucs/roadies/output/genes/gene_233_filtered.fa.aln.raxml.bestTree
All ML trees saved to: /data/jeremias/eucs/roadies/output/genes/gene_233_filtered.fa.aln.raxml.mlTrees
Optimized model saved to: /data/jeremias/eucs/roadies/output/genes/gene_233_filtered.fa.aln.raxml.bestModel

Execution log saved to: /data/jeremias/eucs/roadies/output/genes/gene_233_filtered.fa.aln.raxml.log

Analysis started: 29-Jul-2024 14:34:36 / finished: 29-Jul-2024 14:42:53

Elapsed time: 497.315 seconds

