
RAxML-NG v. 1.2.2 released on 11.04.2024 by The Exelixis Lab.
Developed by: Alexey M. Kozlov and Alexandros Stamatakis.
Contributors: Diego Darriba, Tomas Flouri, Benoit Morel, Sarah Lutteropp, Ben Bettisworth, Julia Haag, Anastasis Togkousidis.
Latest version: https://github.com/amkozlov/raxml-ng
Questions/problems/suggestions? Please visit: https://groups.google.com/forum/#!forum/raxml

System: AMD EPYC 7742 64-Core Processor, 128 cores, 1007 GB RAM

RAxML-NG was called at 29-Jul-2024 16:34:10 as follows:

raxml-ng --msa /data/jeremias/eucs/roadies/output/genes/gene_223_filtered.fa.aln --model GTR+G+F --redo --threads auto{4} --blopt nr_safe

Analysis options:
  run mode: ML tree search
  start tree(s): random (10) + parsimony (10)
  random seed: 1722234850
  tip-inner: OFF
  pattern compression: ON
  per-rate scalers: OFF
  site repeats: ON
  logLH epsilon: general: 10.000000, brlen-triplet: 1000.000000
  fast spr radius: AUTO
  spr subtree cutoff: 1.000000
  fast CLV updates: ON
  branch lengths: proportional (ML estimate, algorithm: NR-SAFE)
  SIMD kernels: AVX2
  parallelization: coarse-grained (auto), PTHREADS (auto)

WARNING: Running in REDO mode: existing checkpoints are ignored, and all result files will be overwritten!

[00:00:00] Reading alignment from file: /data/jeremias/eucs/roadies/output/genes/gene_223_filtered.fa.aln
[00:00:00] Loaded alignment with 35 taxa and 581 sites

Alignment comprises 1 partitions and 180 patterns

Partition 0: noname
Model: GTR+FC+G4m
Alignment sites / patterns: 581 / 180
Gaps: 13.53 %
Invariant sites: 66.27 %


NOTE: Binary MSA file created: /data/jeremias/eucs/roadies/output/genes/gene_223_filtered.fa.aln.raxml.rba

Parallelization scheme autoconfig: 4 worker(s) x 1 thread(s)

[00:00:00] Generating 10 random starting tree(s) with 35 taxa
[00:00:00] Generating 10 parsimony starting tree(s) with 35 taxa
Parallel parsimony with 4 threads
Parallel reduction/worker buffer size: 1 KB  / 0 KB

[00:00:00] Data distribution: max. partitions/sites/weight per thread: 1 / 180 / 2880
[00:00:00] Data distribution: max. searches per worker: 5

Starting ML tree search with 20 distinct starting trees

[00:00:00 -3793.585589] Initial branch length optimization
[00:00:00 -2848.850988] Model parameter optimization (eps = 10.000000)
[00:00:00 -2762.045037] AUTODETECT spr round 1 (radius: 5)
[00:00:00 -2580.796644] AUTODETECT spr round 2 (radius: 10)
[00:00:00 -2516.622472] AUTODETECT spr round 3 (radius: 15)
[00:00:00 -2516.514632] AUTODETECT spr round 4 (radius: 20)
[00:00:00 -2516.509627] SPR radius for FAST iterations: 15 (autodetect)
[00:00:00 -2516.509627] Model parameter optimization (eps = 3.000000)
[00:00:00 -2514.103080] FAST spr round 1 (radius: 15)
[00:00:00 -2368.087105] FAST spr round 2 (radius: 15)
[00:00:00 -2368.086726] Model parameter optimization (eps = 1.000000)
[00:00:00 -2358.274300] SLOW spr round 1 (radius: 5)
[00:00:00 -2358.274262] SLOW spr round 2 (radius: 10)
[00:00:00] [worker #1] ML tree search #2, logLikelihood: -2358.356849
[00:00:00 -2358.274262] SLOW spr round 3 (radius: 15)
[00:00:00 -2358.274262] SLOW spr round 4 (radius: 20)
[00:00:00 -2358.274262] SLOW spr round 5 (radius: 25)
[00:00:00 -2358.274262] Model parameter optimization (eps = 0.100000)

[00:00:00] [worker #0] ML tree search #1, logLikelihood: -2358.274188

[00:00:00 -3818.386037] Initial branch length optimization
[00:00:00 -2870.304609] Model parameter optimization (eps = 10.000000)
[00:00:00 -2782.056453] AUTODETECT spr round 1 (radius: 5)
[00:00:01 -2456.873806] AUTODETECT spr round 2 (radius: 10)
[00:00:01 -2388.116780] AUTODETECT spr round 3 (radius: 15)
[00:00:01 -2388.111661] SPR radius for FAST iterations: 10 (autodetect)
[00:00:01 -2388.111661] Model parameter optimization (eps = 3.000000)
[00:00:01 -2372.289749] FAST spr round 1 (radius: 10)
[00:00:01] [worker #2] ML tree search #3, logLikelihood: -2358.274201
[00:00:01] [worker #3] ML tree search #4, logLikelihood: -2358.273803
[00:00:01 -2362.401782] Model parameter optimization (eps = 1.000000)
[00:00:01 -2362.384747] SLOW spr round 1 (radius: 5)
[00:00:01] [worker #1] ML tree search #6, logLikelihood: -2358.274142
[00:00:01 -2358.396781] SLOW spr round 2 (radius: 10)
[00:00:01 -2358.396701] SLOW spr round 3 (radius: 15)
[00:00:01 -2358.396701] SLOW spr round 4 (radius: 20)
[00:00:01 -2358.396701] SLOW spr round 5 (radius: 25)
[00:00:01 -2358.396701] Model parameter optimization (eps = 0.100000)

[00:00:01] [worker #0] ML tree search #5, logLikelihood: -2358.274134

[00:00:01 -3799.434034] Initial branch length optimization
[00:00:01 -2865.016548] Model parameter optimization (eps = 10.000000)
[00:00:01 -2777.732302] AUTODETECT spr round 1 (radius: 5)
[00:00:02 -2548.274380] AUTODETECT spr round 2 (radius: 10)
[00:00:02 -2533.605968] AUTODETECT spr round 3 (radius: 15)
[00:00:02 -2533.605049] SPR radius for FAST iterations: 10 (autodetect)
[00:00:02 -2533.605049] Model parameter optimization (eps = 3.000000)
[00:00:02 -2530.737694] FAST spr round 1 (radius: 10)
[00:00:02] [worker #2] ML tree search #7, logLikelihood: -2358.274562
[00:00:02] [worker #3] ML tree search #8, logLikelihood: -2358.274183
[00:00:02 -2369.167449] FAST spr round 2 (radius: 10)
[00:00:02] [worker #1] ML tree search #10, logLikelihood: -2358.274144
[00:00:02 -2368.023446] Model parameter optimization (eps = 1.000000)
[00:00:02 -2358.357642] SLOW spr round 1 (radius: 5)
[00:00:02 -2358.275682] SLOW spr round 2 (radius: 10)
[00:00:02 -2358.275669] SLOW spr round 3 (radius: 15)
[00:00:02 -2358.275669] SLOW spr round 4 (radius: 20)
[00:00:02 -2358.275669] SLOW spr round 5 (radius: 25)
[00:00:02 -2358.275669] Model parameter optimization (eps = 0.100000)

[00:00:02] [worker #0] ML tree search #9, logLikelihood: -2358.274541

[00:00:02 -3252.345155] Initial branch length optimization
[00:00:02 -2420.733964] Model parameter optimization (eps = 10.000000)
[00:00:02 -2363.516219] AUTODETECT spr round 1 (radius: 5)
[00:00:02 -2358.986545] AUTODETECT spr round 2 (radius: 10)
[00:00:02 -2358.986345] SPR radius for FAST iterations: 5 (autodetect)
[00:00:03 -2358.986345] Model parameter optimization (eps = 3.000000)
[00:00:03] [worker #3] ML tree search #12, logLikelihood: -2358.274154
[00:00:03 -2358.954133] FAST spr round 1 (radius: 5)
[00:00:03 -2358.369118] Model parameter optimization (eps = 1.000000)
[00:00:03] [worker #2] ML tree search #11, logLikelihood: -2358.274552
[00:00:03 -2358.356940] SLOW spr round 1 (radius: 5)
[00:00:03] [worker #1] ML tree search #14, logLikelihood: -2358.273748
[00:00:03 -2358.274729] SLOW spr round 2 (radius: 10)
[00:00:03 -2358.274708] SLOW spr round 3 (radius: 15)
[00:00:03 -2358.274708] SLOW spr round 4 (radius: 20)
[00:00:03 -2358.274708] SLOW spr round 5 (radius: 25)
[00:00:03 -2358.274708] Model parameter optimization (eps = 0.100000)

[00:00:03] [worker #0] ML tree search #13, logLikelihood: -2358.273808

[00:00:03 -3254.725675] Initial branch length optimization
[00:00:03 -2421.701702] Model parameter optimization (eps = 10.000000)
[00:00:03 -2363.304722] AUTODETECT spr round 1 (radius: 5)
[00:00:03 -2358.332021] AUTODETECT spr round 2 (radius: 10)
[00:00:03 -2358.326150] SPR radius for FAST iterations: 5 (autodetect)
[00:00:04 -2358.326150] Model parameter optimization (eps = 3.000000)
[00:00:04 -2358.274316] FAST spr round 1 (radius: 5)
[00:00:04] [worker #3] ML tree search #16, logLikelihood: -2358.273811
[00:00:04 -2358.274304] Model parameter optimization (eps = 1.000000)
[00:00:04 -2358.274145] SLOW spr round 1 (radius: 5)
[00:00:04] [worker #1] ML tree search #18, logLikelihood: -2358.274189
[00:00:04 -2358.274131] SLOW spr round 2 (radius: 10)
[00:00:04] [worker #2] ML tree search #15, logLikelihood: -2358.274189
[00:00:04 -2358.274131] SLOW spr round 3 (radius: 15)
[00:00:04 -2358.274131] SLOW spr round 4 (radius: 20)
[00:00:04 -2358.274131] SLOW spr round 5 (radius: 25)
[00:00:04 -2358.274131] Model parameter optimization (eps = 0.100000)

[00:00:04] [worker #0] ML tree search #17, logLikelihood: -2358.274131

[00:00:04] [worker #3] ML tree search #20, logLikelihood: -2358.274000
[00:00:05] [worker #2] ML tree search #19, logLikelihood: -2358.273973

Optimized model parameters:

   Partition 0: noname
   Rate heterogeneity: GAMMA (4 cats, mean),  alpha: 1.665206 (ML),  weights&rates: (0.250000,0.249752) (0.250000,0.613929) (0.250000,1.058812) (0.250000,2.077507) 
   Base frequencies (empirical): 0.260251 0.199511 0.314793 0.225445 
   Substitution rates (ML): 1.158764 3.145428 0.674682 1.638093 5.113377 1.000000 


Final LogLikelihood: -2358.273748

AIC score: 4868.547496 / AICc score: 4891.769719 / BIC score: 5200.268554
Free parameters (model + branch lengths): 76

WARNING: Best ML tree contains 16 near-zero branches!

Best ML tree with collapsed near-zero branches saved to: /data/jeremias/eucs/roadies/output/genes/gene_223_filtered.fa.aln.raxml.bestTreeCollapsed
Best ML tree saved to: /data/jeremias/eucs/roadies/output/genes/gene_223_filtered.fa.aln.raxml.bestTree
All ML trees saved to: /data/jeremias/eucs/roadies/output/genes/gene_223_filtered.fa.aln.raxml.mlTrees
Optimized model saved to: /data/jeremias/eucs/roadies/output/genes/gene_223_filtered.fa.aln.raxml.bestModel

Execution log saved to: /data/jeremias/eucs/roadies/output/genes/gene_223_filtered.fa.aln.raxml.log

Analysis started: 29-Jul-2024 16:34:10 / finished: 29-Jul-2024 16:34:15

Elapsed time: 5.226 seconds

