
RAxML-NG v. 1.2.2 released on 11.04.2024 by The Exelixis Lab.
Developed by: Alexey M. Kozlov and Alexandros Stamatakis.
Contributors: Diego Darriba, Tomas Flouri, Benoit Morel, Sarah Lutteropp, Ben Bettisworth, Julia Haag, Anastasis Togkousidis.
Latest version: https://github.com/amkozlov/raxml-ng
Questions/problems/suggestions? Please visit: https://groups.google.com/forum/#!forum/raxml

System: AMD EPYC 7742 64-Core Processor, 128 cores, 1007 GB RAM

RAxML-NG was called at 29-Jul-2024 17:03:12 as follows:

raxml-ng --msa /data/jeremias/eucs/roadies/output/genes/gene_51_filtered.fa.aln --model GTR+G+F --redo --threads auto{4} --blopt nr_safe

Analysis options:
  run mode: ML tree search
  start tree(s): random (10) + parsimony (10)
  random seed: 1722236592
  tip-inner: OFF
  pattern compression: ON
  per-rate scalers: OFF
  site repeats: ON
  logLH epsilon: general: 10.000000, brlen-triplet: 1000.000000
  fast spr radius: AUTO
  spr subtree cutoff: 1.000000
  fast CLV updates: ON
  branch lengths: proportional (ML estimate, algorithm: NR-SAFE)
  SIMD kernels: AVX2
  parallelization: coarse-grained (auto), PTHREADS (auto)

WARNING: Running in REDO mode: existing checkpoints are ignored, and all result files will be overwritten!

[00:00:00] Reading alignment from file: /data/jeremias/eucs/roadies/output/genes/gene_51_filtered.fa.aln
[00:00:00] Loaded alignment with 360 taxa and 628 sites

WARNING: Sequences E_sid_E_mel_3 and E_sideroxylon_7 are exactly identical!
WARNING: Sequences E_pauciflora_6 and E_pauciflora_4 are exactly identical!
WARNING: Duplicate sequences found: 2

NOTE: Reduced alignment (with duplicates and gap-only sites/taxa removed) 
NOTE: was saved to: /data/jeremias/eucs/roadies/output/genes/gene_51_filtered.fa.aln.raxml.reduced.phy

Alignment comprises 1 partitions and 603 patterns

Partition 0: noname
Model: GTR+FC+G4m
Alignment sites / patterns: 628 / 603
Gaps: 21.20 %
Invariant sites: 7.48 %


NOTE: Binary MSA file created: /data/jeremias/eucs/roadies/output/genes/gene_51_filtered.fa.aln.raxml.rba

Parallelization scheme autoconfig: 4 worker(s) x 1 thread(s)

[00:00:00] Generating 10 random starting tree(s) with 360 taxa
[00:00:00] Generating 10 parsimony starting tree(s) with 360 taxa
Parallel parsimony with 4 threads
Parallel reduction/worker buffer size: 1 KB  / 0 KB

[00:00:00] Data distribution: max. partitions/sites/weight per thread: 1 / 603 / 9648
[00:00:00] Data distribution: max. searches per worker: 5

Starting ML tree search with 20 distinct starting trees

[00:00:00 -115736.498487] Initial branch length optimization
[00:00:00 -91507.927070] Model parameter optimization (eps = 10.000000)
[00:00:14 -83673.653397] AUTODETECT spr round 1 (radius: 5)
[00:00:17 -65488.325754] AUTODETECT spr round 2 (radius: 10)
[00:00:23 -46586.947009] AUTODETECT spr round 3 (radius: 15)
[00:00:30 -39203.438614] AUTODETECT spr round 4 (radius: 20)
[00:00:40 -37390.551956] AUTODETECT spr round 5 (radius: 25)
[00:00:50 -37101.786476] SPR radius for FAST iterations: 25 (autodetect)
[00:00:50 -37101.786476] Model parameter optimization (eps = 3.000000)
[00:00:55 -36692.823328] FAST spr round 1 (radius: 25)
[00:01:00 -33266.855749] FAST spr round 2 (radius: 25)
[00:01:05 -33068.045815] FAST spr round 3 (radius: 25)
[00:01:09 -33041.421739] FAST spr round 4 (radius: 25)
[00:01:12 -33037.817011] Model parameter optimization (eps = 1.000000)
[00:01:13 -33035.597160] SLOW spr round 1 (radius: 5)
[00:01:22 -33026.810699] SLOW spr round 2 (radius: 10)
[00:01:30 -33021.939601] SLOW spr round 3 (radius: 15)
[00:01:47 -33021.939382] SLOW spr round 4 (radius: 20)
[00:02:14 -33021.939380] SLOW spr round 5 (radius: 25)
[00:02:29] [worker #1] ML tree search #2, logLikelihood: -33028.417908
[00:02:32] [worker #3] ML tree search #4, logLikelihood: -33034.868610
[00:02:44 -33021.939380] Model parameter optimization (eps = 0.100000)

[00:02:44] [worker #0] ML tree search #1, logLikelihood: -33021.919435

[00:02:44 -115397.827520] Initial branch length optimization
[00:02:45 -91915.242178] Model parameter optimization (eps = 10.000000)
[00:02:47] [worker #2] ML tree search #3, logLikelihood: -33025.249947
[00:02:56 -84020.868873] AUTODETECT spr round 1 (radius: 5)
[00:02:58 -65351.501380] AUTODETECT spr round 2 (radius: 10)
[00:03:02 -47232.306399] AUTODETECT spr round 3 (radius: 15)
[00:03:08 -40193.558865] AUTODETECT spr round 4 (radius: 20)
[00:03:19 -38105.412104] AUTODETECT spr round 5 (radius: 25)
[00:03:30 -37711.722248] SPR radius for FAST iterations: 25 (autodetect)
[00:03:30 -37711.722248] Model parameter optimization (eps = 3.000000)
[00:03:35 -37342.352770] FAST spr round 1 (radius: 25)
[00:03:41 -33343.034167] FAST spr round 2 (radius: 25)
[00:03:47 -33075.007821] FAST spr round 3 (radius: 25)
[00:03:52 -33052.635055] FAST spr round 4 (radius: 25)
[00:03:56 -33045.385053] Model parameter optimization (eps = 1.000000)
[00:03:57 -33041.927918] SLOW spr round 1 (radius: 5)
[00:04:05 -33026.225644] SLOW spr round 2 (radius: 5)
[00:04:16 -33023.099657] SLOW spr round 3 (radius: 10)
[00:04:27 -33020.117827] SLOW spr round 4 (radius: 15)
[00:04:47 -33019.695273] SLOW spr round 5 (radius: 20)
[00:05:03] [worker #3] ML tree search #8, logLikelihood: -33041.302683
[00:05:17] [worker #1] ML tree search #6, logLikelihood: -33022.051161
[00:05:20 -33019.569788] SLOW spr round 6 (radius: 25)
[00:05:41] [worker #2] ML tree search #7, logLikelihood: -33026.229755
[00:05:48 -33019.569781] Model parameter optimization (eps = 0.100000)

[00:05:49] [worker #0] ML tree search #5, logLikelihood: -33019.504406

[00:05:49 -115889.236123] Initial branch length optimization
[00:05:49 -91723.480439] Model parameter optimization (eps = 10.000000)
[00:05:54 -83835.358374] AUTODETECT spr round 1 (radius: 5)
[00:05:56 -65521.000054] AUTODETECT spr round 2 (radius: 10)
[00:06:00 -45280.531475] AUTODETECT spr round 3 (radius: 15)
[00:06:10 -36573.693714] AUTODETECT spr round 4 (radius: 20)
[00:06:22 -36315.154267] AUTODETECT spr round 5 (radius: 25)
[00:06:31 -36314.940908] SPR radius for FAST iterations: 25 (autodetect)
[00:06:31 -36314.940908] Model parameter optimization (eps = 3.000000)
[00:06:33 -35918.582333] FAST spr round 1 (radius: 25)
[00:06:37 -33121.187868] FAST spr round 2 (radius: 25)
[00:06:41 -33051.990580] FAST spr round 3 (radius: 25)
[00:06:44 -33050.016411] Model parameter optimization (eps = 1.000000)
[00:06:44 -33048.777083] SLOW spr round 1 (radius: 5)
[00:06:52 -33037.738684] SLOW spr round 2 (radius: 5)
[00:06:59 -33035.138382] SLOW spr round 3 (radius: 10)
[00:07:07 -33034.404510] SLOW spr round 4 (radius: 15)
[00:07:24] [worker #2] ML tree search #11, logLikelihood: -33031.772886
[00:07:32 -33034.403911] SLOW spr round 5 (radius: 20)
[00:07:32] [worker #3] ML tree search #12, logLikelihood: -33029.995378
[00:07:46] [worker #1] ML tree search #10, logLikelihood: -33026.441858
[00:08:01 -33034.403898] SLOW spr round 6 (radius: 25)
[00:08:26 -33034.403898] Model parameter optimization (eps = 0.100000)

[00:08:27] [worker #0] ML tree search #9, logLikelihood: -33034.341925

[00:08:27 -41431.268388] Initial branch length optimization
[00:08:27 -36093.683018] Model parameter optimization (eps = 10.000000)
[00:08:29 -33450.964967] AUTODETECT spr round 1 (radius: 5)
[00:08:31 -33165.747397] AUTODETECT spr round 2 (radius: 10)
[00:08:35 -33123.717586] AUTODETECT spr round 3 (radius: 15)
[00:08:46 -33120.790471] AUTODETECT spr round 4 (radius: 20)
[00:08:56 -33120.529238] AUTODETECT spr round 5 (radius: 25)
[00:09:04 -33120.337406] SPR radius for FAST iterations: 25 (autodetect)
[00:09:04 -33120.337406] Model parameter optimization (eps = 3.000000)
[00:09:05 -33119.406156] FAST spr round 1 (radius: 25)
[00:09:08 -33058.625341] FAST spr round 2 (radius: 25)
[00:09:11 -33038.761736] FAST spr round 3 (radius: 25)
[00:09:14 -33037.459472] Model parameter optimization (eps = 1.000000)
[00:09:14 -33037.407933] SLOW spr round 1 (radius: 5)
[00:09:22 -33016.875981] SLOW spr round 2 (radius: 5)
[00:09:28 -33016.730586] SLOW spr round 3 (radius: 10)
[00:09:36 -33016.315451] SLOW spr round 4 (radius: 15)
[00:09:41] [worker #3] ML tree search #16, logLikelihood: -33021.495808
[00:09:42] [worker #2] ML tree search #15, logLikelihood: -33015.538473
[00:09:51] [worker #1] ML tree search #14, logLikelihood: -33033.620417
[00:09:52 -33016.313977] SLOW spr round 5 (radius: 20)
[00:10:13 -33016.313968] SLOW spr round 6 (radius: 25)
[00:10:32 -33016.313968] Model parameter optimization (eps = 0.100000)

[00:10:32] [worker #0] ML tree search #13, logLikelihood: -33016.288740

[00:10:32 -41362.273539] Initial branch length optimization
[00:10:32 -36076.119393] Model parameter optimization (eps = 10.000000)
[00:10:34 -33460.557647] AUTODETECT spr round 1 (radius: 5)
[00:10:36 -33228.177142] AUTODETECT spr round 2 (radius: 10)
[00:10:41 -33124.502133] AUTODETECT spr round 3 (radius: 15)
[00:10:50 -33122.742361] AUTODETECT spr round 4 (radius: 20)
[00:11:00 -33122.602446] AUTODETECT spr round 5 (radius: 25)
[00:11:08 -33122.510612] SPR radius for FAST iterations: 20 (autodetect)
[00:11:08 -33122.510612] Model parameter optimization (eps = 3.000000)
[00:11:09 -33121.636019] FAST spr round 1 (radius: 20)
[00:11:12 -33062.282036] FAST spr round 2 (radius: 20)
[00:11:16 -33049.006592] FAST spr round 3 (radius: 20)
[00:11:19 -33047.727111] Model parameter optimization (eps = 1.000000)
[00:11:19 -33047.638493] SLOW spr round 1 (radius: 5)
[00:11:27 -33039.686023] SLOW spr round 2 (radius: 10)
[00:11:35 -33038.635306] SLOW spr round 3 (radius: 15)
[00:11:39] [worker #3] ML tree search #20, logLikelihood: -33025.533894
[00:11:40] [worker #2] ML tree search #19, logLikelihood: -33034.183976
[00:11:51 -33038.614886] SLOW spr round 4 (radius: 20)
[00:11:52] [worker #1] ML tree search #18, logLikelihood: -33039.328568
[00:12:10 -33038.614665] SLOW spr round 5 (radius: 25)
[00:12:28 -33038.614660] Model parameter optimization (eps = 0.100000)

[00:12:28] [worker #0] ML tree search #17, logLikelihood: -33038.610531


Optimized model parameters:

   Partition 0: noname
   Rate heterogeneity: GAMMA (4 cats, mean),  alpha: 1.701633 (ML),  weights&rates: (0.250000,0.254858) (0.250000,0.619006) (0.250000,1.060355) (0.250000,2.065781) 
   Base frequencies (empirical): 0.323911 0.206931 0.139337 0.329821 
   Substitution rates (ML): 0.971603 7.015447 0.959768 0.749788 5.233220 1.000000 


Final LogLikelihood: -33015.538473

AIC score: 67483.076946 / AICc score: 1123087.076946 / BIC score: 70708.361107
Free parameters (model + branch lengths): 726

WARNING: Number of free parameters (K=726) is larger than alignment size (n=628).
         This might lead to overfitting and compromise tree inference results!


WARNING: Best ML tree contains 51 near-zero branches!

Best ML tree with collapsed near-zero branches saved to: /data/jeremias/eucs/roadies/output/genes/gene_51_filtered.fa.aln.raxml.bestTreeCollapsed
Best ML tree saved to: /data/jeremias/eucs/roadies/output/genes/gene_51_filtered.fa.aln.raxml.bestTree
All ML trees saved to: /data/jeremias/eucs/roadies/output/genes/gene_51_filtered.fa.aln.raxml.mlTrees
Optimized model saved to: /data/jeremias/eucs/roadies/output/genes/gene_51_filtered.fa.aln.raxml.bestModel

Execution log saved to: /data/jeremias/eucs/roadies/output/genes/gene_51_filtered.fa.aln.raxml.log

Analysis started: 29-Jul-2024 17:03:12 / finished: 29-Jul-2024 17:15:40

Elapsed time: 748.691 seconds

