
RAxML-NG v. 1.2.2 released on 11.04.2024 by The Exelixis Lab.
Developed by: Alexey M. Kozlov and Alexandros Stamatakis.
Contributors: Diego Darriba, Tomas Flouri, Benoit Morel, Sarah Lutteropp, Ben Bettisworth, Julia Haag, Anastasis Togkousidis.
Latest version: https://github.com/amkozlov/raxml-ng
Questions/problems/suggestions? Please visit: https://groups.google.com/forum/#!forum/raxml

System: AMD EPYC 7742 64-Core Processor, 128 cores, 1007 GB RAM

RAxML-NG was called at 29-Jul-2024 15:59:08 as follows:

raxml-ng --msa /data/jeremias/eucs/roadies/output/genes/gene_166_filtered.fa.aln --model GTR+G+F --redo --threads auto{4} --blopt nr_safe

Analysis options:
  run mode: ML tree search
  start tree(s): random (10) + parsimony (10)
  random seed: 1722232748
  tip-inner: OFF
  pattern compression: ON
  per-rate scalers: OFF
  site repeats: ON
  logLH epsilon: general: 10.000000, brlen-triplet: 1000.000000
  fast spr radius: AUTO
  spr subtree cutoff: 1.000000
  fast CLV updates: ON
  branch lengths: proportional (ML estimate, algorithm: NR-SAFE)
  SIMD kernels: AVX2
  parallelization: coarse-grained (auto), PTHREADS (auto)

WARNING: Running in REDO mode: existing checkpoints are ignored, and all result files will be overwritten!

[00:00:00] Reading alignment from file: /data/jeremias/eucs/roadies/output/genes/gene_166_filtered.fa.aln
[00:00:00] Loaded alignment with 25 taxa and 505 sites

Alignment comprises 1 partitions and 165 patterns

Partition 0: noname
Model: GTR+FC+G4m
Alignment sites / patterns: 505 / 165
Gaps: 1.70 %
Invariant sites: 62.57 %


NOTE: Binary MSA file created: /data/jeremias/eucs/roadies/output/genes/gene_166_filtered.fa.aln.raxml.rba

Parallelization scheme autoconfig: 4 worker(s) x 1 thread(s)

[00:00:00] Generating 10 random starting tree(s) with 25 taxa
[00:00:00] Generating 10 parsimony starting tree(s) with 25 taxa
Parallel parsimony with 4 threads
Parallel reduction/worker buffer size: 1 KB  / 0 KB

[00:00:00] Data distribution: max. partitions/sites/weight per thread: 1 / 165 / 2640
[00:00:00] Data distribution: max. searches per worker: 5

Starting ML tree search with 20 distinct starting trees

[00:00:00 -3318.896915] Initial branch length optimization
[00:00:00 -2694.030349] Model parameter optimization (eps = 10.000000)
[00:00:00 -2552.943547] AUTODETECT spr round 1 (radius: 5)
[00:00:00 -2123.865109] AUTODETECT spr round 2 (radius: 10)
[00:00:00 -2123.814742] SPR radius for FAST iterations: 5 (autodetect)
[00:00:00 -2123.814742] Model parameter optimization (eps = 3.000000)
[00:00:00 -2092.306316] FAST spr round 1 (radius: 5)
[00:00:00 -2083.944276] Model parameter optimization (eps = 1.000000)
[00:00:00 -2083.897351] SLOW spr round 1 (radius: 5)
[00:00:00 -2083.897318] SLOW spr round 2 (radius: 10)
[00:00:00 -2083.897318] SLOW spr round 3 (radius: 15)
[00:00:00 -2083.897318] SLOW spr round 4 (radius: 20)
[00:00:00 -2083.897318] SLOW spr round 5 (radius: 25)
[00:00:00 -2083.897318] Model parameter optimization (eps = 0.100000)

[00:00:00] [worker #0] ML tree search #1, logLikelihood: -2083.896893

[00:00:00 -3306.230043] Initial branch length optimization
[00:00:00 -2710.338140] Model parameter optimization (eps = 10.000000)
[00:00:00 -2562.247866] AUTODETECT spr round 1 (radius: 5)
[00:00:00] [worker #1] ML tree search #2, logLikelihood: -2083.896879
[00:00:00 -2149.189724] AUTODETECT spr round 2 (radius: 10)
[00:00:00] [worker #2] ML tree search #3, logLikelihood: -2083.896880
[00:00:00] [worker #3] ML tree search #4, logLikelihood: -2084.495111
[00:00:00 -2149.106841] SPR radius for FAST iterations: 5 (autodetect)
[00:00:00 -2149.106841] Model parameter optimization (eps = 3.000000)
[00:00:00 -2119.494861] FAST spr round 1 (radius: 5)
[00:00:00 -2084.401947] FAST spr round 2 (radius: 5)
[00:00:00 -2084.401912] Model parameter optimization (eps = 1.000000)
[00:00:00 -2083.901598] SLOW spr round 1 (radius: 5)
[00:00:01 -2083.901390] SLOW spr round 2 (radius: 10)
[00:00:01 -2083.901390] SLOW spr round 3 (radius: 15)
[00:00:01 -2083.901390] SLOW spr round 4 (radius: 20)
[00:00:01 -2083.901390] SLOW spr round 5 (radius: 25)
[00:00:01 -2083.901390] Model parameter optimization (eps = 0.100000)

[00:00:01] [worker #0] ML tree search #5, logLikelihood: -2083.896880

[00:00:01 -3360.451105] Initial branch length optimization
[00:00:01] [worker #1] ML tree search #6, logLikelihood: -2083.896885
[00:00:01] [worker #3] ML tree search #8, logLikelihood: -2084.495117
[00:00:01 -2776.381941] Model parameter optimization (eps = 10.000000)
[00:00:01 -2608.504133] AUTODETECT spr round 1 (radius: 5)
[00:00:01] [worker #2] ML tree search #7, logLikelihood: -2084.495118
[00:00:01 -2191.737542] AUTODETECT spr round 2 (radius: 10)
[00:00:01 -2189.282265] AUTODETECT spr round 3 (radius: 15)
[00:00:01 -2181.961541] AUTODETECT spr round 4 (radius: 20)
[00:00:01 -2181.561108] AUTODETECT spr round 5 (radius: 25)
[00:00:01 -2181.503873] SPR radius for FAST iterations: 20 (autodetect)
[00:00:01 -2181.503873] Model parameter optimization (eps = 3.000000)
[00:00:01 -2155.993712] FAST spr round 1 (radius: 20)
[00:00:01 -2086.480833] FAST spr round 2 (radius: 20)
[00:00:01 -2086.441466] Model parameter optimization (eps = 1.000000)
[00:00:01 -2083.896990] SLOW spr round 1 (radius: 5)
[00:00:01] [worker #3] ML tree search #12, logLikelihood: -2083.896872
[00:00:01 -2083.896917] SLOW spr round 2 (radius: 10)
[00:00:01 -2083.896917] SLOW spr round 3 (radius: 15)
[00:00:01] [worker #2] ML tree search #11, logLikelihood: -2084.814530
[00:00:02 -2083.896917] SLOW spr round 4 (radius: 20)
[00:00:02 -2083.896917] SLOW spr round 5 (radius: 25)
[00:00:02 -2083.896917] Model parameter optimization (eps = 0.100000)

[00:00:02] [worker #0] ML tree search #9, logLikelihood: -2083.896883

[00:00:02] [worker #1] ML tree search #10, logLikelihood: -2083.896883
[00:00:02 -2790.472919] Initial branch length optimization
[00:00:02 -2157.883090] Model parameter optimization (eps = 10.000000)
[00:00:02 -2101.400842] AUTODETECT spr round 1 (radius: 5)
[00:00:02 -2084.177683] AUTODETECT spr round 2 (radius: 10)
[00:00:02] [worker #3] ML tree search #16, logLikelihood: -2083.896876
[00:00:02 -2084.141460] SPR radius for FAST iterations: 5 (autodetect)
[00:00:02 -2084.141460] Model parameter optimization (eps = 3.000000)
[00:00:02 -2083.981063] FAST spr round 1 (radius: 5)
[00:00:02 -2083.898299] Model parameter optimization (eps = 1.000000)
[00:00:02 -2083.896881] SLOW spr round 1 (radius: 5)
[00:00:02 -2083.896881] SLOW spr round 2 (radius: 10)
[00:00:02] [worker #2] ML tree search #15, logLikelihood: -2083.896877
[00:00:02 -2083.896881] SLOW spr round 3 (radius: 15)
[00:00:02 -2083.896881] SLOW spr round 4 (radius: 20)
[00:00:02 -2083.896881] SLOW spr round 5 (radius: 25)
[00:00:02] [worker #1] ML tree search #14, logLikelihood: -2084.495117
[00:00:02 -2083.896881] Model parameter optimization (eps = 0.100000)

[00:00:02] [worker #0] ML tree search #13, logLikelihood: -2083.896875

[00:00:02 -2792.825697] Initial branch length optimization
[00:00:02 -2156.106169] Model parameter optimization (eps = 10.000000)
[00:00:02 -2099.951518] AUTODETECT spr round 1 (radius: 5)
[00:00:02 -2084.367463] AUTODETECT spr round 2 (radius: 10)
[00:00:02 -2084.325638] SPR radius for FAST iterations: 5 (autodetect)
[00:00:02 -2084.325638] Model parameter optimization (eps = 3.000000)
[00:00:02] [worker #3] ML tree search #20, logLikelihood: -2083.897008
[00:00:02 -2084.239890] FAST spr round 1 (radius: 5)
[00:00:02 -2083.989540] Model parameter optimization (eps = 1.000000)
[00:00:02 -2083.980550] SLOW spr round 1 (radius: 5)
[00:00:02] [worker #2] ML tree search #19, logLikelihood: -2084.495113
[00:00:02 -2083.897551] SLOW spr round 2 (radius: 10)
[00:00:03 -2083.897543] SLOW spr round 3 (radius: 15)
[00:00:03] [worker #1] ML tree search #18, logLikelihood: -2083.896892
[00:00:03 -2083.897543] SLOW spr round 4 (radius: 20)
[00:00:03 -2083.897543] SLOW spr round 5 (radius: 25)
[00:00:03 -2083.897543] Model parameter optimization (eps = 0.100000)

[00:00:03] [worker #0] ML tree search #17, logLikelihood: -2083.896875


Optimized model parameters:

   Partition 0: noname
   Rate heterogeneity: GAMMA (4 cats, mean),  alpha: 2.489538 (ML),  weights&rates: (0.250000,0.345463) (0.250000,0.698674) (0.250000,1.078508) (0.250000,1.877356) 
   Base frequencies (empirical): 0.373892 0.182031 0.131265 0.312812 
   Substitution rates (ML): 1.077537 4.199761 0.675793 1.997463 2.777459 1.000000 


Final LogLikelihood: -2083.896872

AIC score: 4279.793744 / AICc score: 4294.043744 / BIC score: 4516.369016
Free parameters (model + branch lengths): 56

WARNING: Best ML tree contains 1 near-zero branches!

Best ML tree with collapsed near-zero branches saved to: /data/jeremias/eucs/roadies/output/genes/gene_166_filtered.fa.aln.raxml.bestTreeCollapsed
Best ML tree saved to: /data/jeremias/eucs/roadies/output/genes/gene_166_filtered.fa.aln.raxml.bestTree
All ML trees saved to: /data/jeremias/eucs/roadies/output/genes/gene_166_filtered.fa.aln.raxml.mlTrees
Optimized model saved to: /data/jeremias/eucs/roadies/output/genes/gene_166_filtered.fa.aln.raxml.bestModel

Execution log saved to: /data/jeremias/eucs/roadies/output/genes/gene_166_filtered.fa.aln.raxml.log

Analysis started: 29-Jul-2024 15:59:08 / finished: 29-Jul-2024 15:59:11

Elapsed time: 3.105 seconds

