
RAxML-NG v. 1.2.2 released on 11.04.2024 by The Exelixis Lab.
Developed by: Alexey M. Kozlov and Alexandros Stamatakis.
Contributors: Diego Darriba, Tomas Flouri, Benoit Morel, Sarah Lutteropp, Ben Bettisworth, Julia Haag, Anastasis Togkousidis.
Latest version: https://github.com/amkozlov/raxml-ng
Questions/problems/suggestions? Please visit: https://groups.google.com/forum/#!forum/raxml

System: AMD EPYC 7742 64-Core Processor, 128 cores, 1007 GB RAM

RAxML-NG was called at 29-Jul-2024 16:03:03 as follows:

raxml-ng --msa /data/jeremias/eucs/roadies/output/genes/gene_35_filtered.fa.aln --model GTR+G+F --redo --threads auto{4} --blopt nr_safe

Analysis options:
  run mode: ML tree search
  start tree(s): random (10) + parsimony (10)
  random seed: 1722232983
  tip-inner: OFF
  pattern compression: ON
  per-rate scalers: OFF
  site repeats: ON
  logLH epsilon: general: 10.000000, brlen-triplet: 1000.000000
  fast spr radius: AUTO
  spr subtree cutoff: 1.000000
  fast CLV updates: ON
  branch lengths: proportional (ML estimate, algorithm: NR-SAFE)
  SIMD kernels: AVX2
  parallelization: coarse-grained (auto), PTHREADS (auto)

WARNING: Running in REDO mode: existing checkpoints are ignored, and all result files will be overwritten!

[00:00:00] Reading alignment from file: /data/jeremias/eucs/roadies/output/genes/gene_35_filtered.fa.aln
[00:00:00] Loaded alignment with 334 taxa and 493 sites

WARNING: Sequences E_polyanthemos_6 and E_dawsonii_9 are exactly identical!
WARNING: Sequences E_polyanthemos_8 and E_paniculata_8 are exactly identical!
WARNING: Sequences E_pauciflora_7 and E_regnans_8 are exactly identical!
WARNING: Sequences E_victrix_4 and E_shirleyi_6 are exactly identical!
WARNING: Sequences E_shirleyi_9 and E_leucophloia_7 are exactly identical!
WARNING: Sequences E_sideroxylon_6 and E_melliodora_7 are exactly identical!
WARNING: Duplicate sequences found: 6

NOTE: Reduced alignment (with duplicates and gap-only sites/taxa removed) 
NOTE: was saved to: /data/jeremias/eucs/roadies/output/genes/gene_35_filtered.fa.aln.raxml.reduced.phy

Alignment comprises 1 partitions and 460 patterns

Partition 0: noname
Model: GTR+FC+G4m
Alignment sites / patterns: 493 / 460
Gaps: 0.54 %
Invariant sites: 8.92 %


NOTE: Binary MSA file created: /data/jeremias/eucs/roadies/output/genes/gene_35_filtered.fa.aln.raxml.rba

Parallelization scheme autoconfig: 4 worker(s) x 1 thread(s)

[00:00:00] Generating 10 random starting tree(s) with 334 taxa
[00:00:00] Generating 10 parsimony starting tree(s) with 334 taxa
Parallel parsimony with 4 threads
Parallel reduction/worker buffer size: 1 KB  / 0 KB

[00:00:00] Data distribution: max. partitions/sites/weight per thread: 1 / 460 / 7360
[00:00:00] Data distribution: max. searches per worker: 5

Starting ML tree search with 20 distinct starting trees

[00:00:00 -40987.839000] Initial branch length optimization
[00:00:00 -33551.476651] Model parameter optimization (eps = 10.000000)
[00:00:01 -31083.685777] AUTODETECT spr round 1 (radius: 5)
[00:00:02 -26499.404486] AUTODETECT spr round 2 (radius: 10)
[00:00:05 -21733.449327] AUTODETECT spr round 3 (radius: 15)
[00:00:08 -19660.073977] AUTODETECT spr round 4 (radius: 20)
[00:00:13 -18912.500365] AUTODETECT spr round 5 (radius: 25)
[00:00:18 -18910.307461] SPR radius for FAST iterations: 25 (autodetect)
[00:00:18 -18910.307461] Model parameter optimization (eps = 3.000000)
[00:00:19 -18804.250835] FAST spr round 1 (radius: 25)
[00:00:22 -17072.302094] FAST spr round 2 (radius: 25)
[00:00:24 -16837.440244] FAST spr round 3 (radius: 25)
[00:00:27 -16801.431099] FAST spr round 4 (radius: 25)
[00:00:28 -16801.430312] Model parameter optimization (eps = 1.000000)
[00:00:29 -16798.456933] SLOW spr round 1 (radius: 5)
[00:00:34 -16795.027453] SLOW spr round 2 (radius: 10)
[00:00:39 -16794.757647] SLOW spr round 3 (radius: 15)
[00:00:49 -16794.757522] SLOW spr round 4 (radius: 20)
[00:00:58 -16794.757512] SLOW spr round 5 (radius: 25)
[00:01:11] [worker #3] ML tree search #4, logLikelihood: -16795.357786
[00:01:12] [worker #2] ML tree search #3, logLikelihood: -16798.683947
[00:01:12] [worker #1] ML tree search #2, logLikelihood: -16801.789449
[00:01:13 -16794.757512] Model parameter optimization (eps = 0.100000)

[00:01:13] [worker #0] ML tree search #1, logLikelihood: -16794.741955

[00:01:13 -40755.174838] Initial branch length optimization
[00:01:13 -33543.646293] Model parameter optimization (eps = 10.000000)
[00:01:14 -31088.065518] AUTODETECT spr round 1 (radius: 5)
[00:01:15 -26734.541736] AUTODETECT spr round 2 (radius: 10)
[00:01:18 -22672.650143] AUTODETECT spr round 3 (radius: 15)
[00:01:22 -19605.314915] AUTODETECT spr round 4 (radius: 20)
[00:01:26 -19096.572540] AUTODETECT spr round 5 (radius: 25)
[00:01:31 -19074.087523] SPR radius for FAST iterations: 25 (autodetect)
[00:01:31 -19074.087523] Model parameter optimization (eps = 3.000000)
[00:01:32 -18954.147498] FAST spr round 1 (radius: 25)
[00:01:35 -16874.551187] FAST spr round 2 (radius: 25)
[00:01:38 -16812.508702] FAST spr round 3 (radius: 25)
[00:01:40 -16812.457629] Model parameter optimization (eps = 1.000000)
[00:01:41 -16809.758661] SLOW spr round 1 (radius: 5)
[00:01:47 -16807.498830] SLOW spr round 2 (radius: 10)
[00:01:52 -16807.372117] SLOW spr round 3 (radius: 15)
[00:02:01 -16805.485974] SLOW spr round 4 (radius: 20)
[00:02:15 -16805.484958] SLOW spr round 5 (radius: 25)
[00:02:24] [worker #1] ML tree search #6, logLikelihood: -16802.846831
[00:02:27] [worker #3] ML tree search #8, logLikelihood: -16801.919039
[00:02:31 -16805.484888] Model parameter optimization (eps = 0.100000)

[00:02:35] [worker #0] ML tree search #5, logLikelihood: -16805.467499

[00:02:35] [worker #2] ML tree search #7, logLikelihood: -16794.974408
[00:02:37 -41050.365501] Initial branch length optimization
[00:02:39 -33638.353942] Model parameter optimization (eps = 10.000000)
[00:02:40 -31141.291981] AUTODETECT spr round 1 (radius: 5)
[00:02:41 -26723.158037] AUTODETECT spr round 2 (radius: 10)
[00:02:44 -21501.106807] AUTODETECT spr round 3 (radius: 15)
[00:02:51 -18533.688579] AUTODETECT spr round 4 (radius: 20)
[00:02:58 -18492.614599] AUTODETECT spr round 5 (radius: 25)
[00:03:05 -18490.319574] SPR radius for FAST iterations: 25 (autodetect)
[00:03:05 -18490.319574] Model parameter optimization (eps = 3.000000)
[00:03:06 -18422.345623] FAST spr round 1 (radius: 25)
[00:03:09 -16881.960760] FAST spr round 2 (radius: 25)
[00:03:12 -16803.797519] FAST spr round 3 (radius: 25)
[00:03:15 -16801.876701] Model parameter optimization (eps = 1.000000)
[00:03:15 -16800.096565] SLOW spr round 1 (radius: 5)
[00:03:22 -16796.654813] SLOW spr round 2 (radius: 10)
[00:03:28 -16796.305036] SLOW spr round 3 (radius: 15)
[00:03:39 -16796.304717] SLOW spr round 4 (radius: 20)
[00:03:52] [worker #2] ML tree search #11, logLikelihood: -16798.276094
[00:03:52 -16796.304690] SLOW spr round 5 (radius: 25)
[00:03:57] [worker #3] ML tree search #12, logLikelihood: -16805.825910
[00:04:03] [worker #1] ML tree search #10, logLikelihood: -16795.159899
[00:04:04 -16796.304688] Model parameter optimization (eps = 0.100000)

[00:04:04] [worker #0] ML tree search #9, logLikelihood: -16796.298751

[00:04:04 -21374.537632] Initial branch length optimization
[00:04:04 -17955.376340] Model parameter optimization (eps = 10.000000)
[00:04:05 -16981.661141] AUTODETECT spr round 1 (radius: 5)
[00:04:06 -16881.266651] AUTODETECT spr round 2 (radius: 10)
[00:04:11 -16831.919974] AUTODETECT spr round 3 (radius: 15)
[00:04:18 -16830.520536] AUTODETECT spr round 4 (radius: 20)
[00:04:24 -16830.516466] SPR radius for FAST iterations: 15 (autodetect)
[00:04:24 -16830.516466] Model parameter optimization (eps = 3.000000)
[00:04:25 -16830.436138] FAST spr round 1 (radius: 15)
[00:04:27 -16806.923405] FAST spr round 2 (radius: 15)
[00:04:29 -16806.922872] Model parameter optimization (eps = 1.000000)
[00:04:29 -16806.915801] SLOW spr round 1 (radius: 5)
[00:04:36 -16802.968111] SLOW spr round 2 (radius: 10)
[00:04:43 -16800.772704] SLOW spr round 3 (radius: 15)
[00:04:55 -16800.772245] SLOW spr round 4 (radius: 20)
[00:05:09 -16800.772227] SLOW spr round 5 (radius: 25)
[00:05:16] [worker #2] ML tree search #15, logLikelihood: -16800.348484
[00:05:21] [worker #1] ML tree search #14, logLikelihood: -16794.612425
[00:05:26 -16800.772226] Model parameter optimization (eps = 0.100000)

[00:05:26] [worker #0] ML tree search #13, logLikelihood: -16800.753630

[00:05:26 -21319.156431] Initial branch length optimization
[00:05:26 -17877.851563] Model parameter optimization (eps = 10.000000)
[00:05:27 -16913.949203] AUTODETECT spr round 1 (radius: 5)
[00:05:28 -16841.311902] AUTODETECT spr round 2 (radius: 10)
[00:05:31 -16832.175917] AUTODETECT spr round 3 (radius: 15)
[00:05:38] [worker #3] ML tree search #16, logLikelihood: -16794.567087
[00:05:39 -16830.512423] AUTODETECT spr round 4 (radius: 20)
[00:05:45 -16830.504228] SPR radius for FAST iterations: 15 (autodetect)
[00:05:45 -16830.504228] Model parameter optimization (eps = 3.000000)
[00:05:45 -16830.314354] FAST spr round 1 (radius: 15)
[00:05:48 -16817.412615] FAST spr round 2 (radius: 15)
[00:05:50 -16816.623827] Model parameter optimization (eps = 1.000000)
[00:05:50 -16816.616243] SLOW spr round 1 (radius: 5)
[00:05:59 -16812.492909] SLOW spr round 2 (radius: 10)
[00:06:04 -16809.885360] SLOW spr round 3 (radius: 15)
[00:06:14 -16805.632885] SLOW spr round 4 (radius: 20)
[00:06:25 -16805.632526] SLOW spr round 5 (radius: 25)
[00:06:25] [worker #2] ML tree search #19, logLikelihood: -16794.567191
[00:06:26] [worker #1] ML tree search #18, logLikelihood: -16803.384961
[00:06:36 -16805.632498] Model parameter optimization (eps = 0.100000)

[00:06:36] [worker #0] ML tree search #17, logLikelihood: -16805.609463

[00:06:50] [worker #3] ML tree search #20, logLikelihood: -16806.207114

Optimized model parameters:

   Partition 0: noname
   Rate heterogeneity: GAMMA (4 cats, mean),  alpha: 1.091117 (ML),  weights&rates: (0.250000,0.154767) (0.250000,0.502525) (0.250000,1.013597) (0.250000,2.329111) 
   Base frequencies (empirical): 0.277016 0.186426 0.190419 0.346139 
   Substitution rates (ML): 1.131531 5.569174 0.820360 0.538630 4.486278 1.000000 


Final LogLikelihood: -16794.567087

AIC score: 34937.134175 / AICc score: 944837.134175 / BIC score: 37768.277358
Free parameters (model + branch lengths): 674

WARNING: Number of free parameters (K=674) is larger than alignment size (n=493).
         This might lead to overfitting and compromise tree inference results!


WARNING: Best ML tree contains 107 near-zero branches!

Best ML tree with collapsed near-zero branches saved to: /data/jeremias/eucs/roadies/output/genes/gene_35_filtered.fa.aln.raxml.bestTreeCollapsed
Best ML tree saved to: /data/jeremias/eucs/roadies/output/genes/gene_35_filtered.fa.aln.raxml.bestTree
All ML trees saved to: /data/jeremias/eucs/roadies/output/genes/gene_35_filtered.fa.aln.raxml.mlTrees
Optimized model saved to: /data/jeremias/eucs/roadies/output/genes/gene_35_filtered.fa.aln.raxml.bestModel

Execution log saved to: /data/jeremias/eucs/roadies/output/genes/gene_35_filtered.fa.aln.raxml.log

Analysis started: 29-Jul-2024 16:03:03 / finished: 29-Jul-2024 16:09:54

Elapsed time: 410.870 seconds

