
RAxML-NG v. 1.2.2 released on 11.04.2024 by The Exelixis Lab.
Developed by: Alexey M. Kozlov and Alexandros Stamatakis.
Contributors: Diego Darriba, Tomas Flouri, Benoit Morel, Sarah Lutteropp, Ben Bettisworth, Julia Haag, Anastasis Togkousidis.
Latest version: https://github.com/amkozlov/raxml-ng
Questions/problems/suggestions? Please visit: https://groups.google.com/forum/#!forum/raxml

System: AMD EPYC 7742 64-Core Processor, 128 cores, 1007 GB RAM

RAxML-NG was called at 29-Jul-2024 14:57:23 as follows:

raxml-ng --msa /data/jeremias/eucs/roadies/output/genes/gene_229_filtered.fa.aln --model GTR+G+F --redo --threads auto{4} --blopt nr_safe

Analysis options:
  run mode: ML tree search
  start tree(s): random (10) + parsimony (10)
  random seed: 1722229043
  tip-inner: OFF
  pattern compression: ON
  per-rate scalers: OFF
  site repeats: ON
  logLH epsilon: general: 10.000000, brlen-triplet: 1000.000000
  fast spr radius: AUTO
  spr subtree cutoff: 1.000000
  fast CLV updates: ON
  branch lengths: proportional (ML estimate, algorithm: NR-SAFE)
  SIMD kernels: AVX2
  parallelization: coarse-grained (auto), PTHREADS (auto)

WARNING: Running in REDO mode: existing checkpoints are ignored, and all result files will be overwritten!

[00:00:00] Reading alignment from file: /data/jeremias/eucs/roadies/output/genes/gene_229_filtered.fa.aln
[00:00:00] Loaded alignment with 36 taxa and 544 sites

Alignment comprises 1 partitions and 191 patterns

Partition 0: noname
Model: GTR+FC+G4m
Alignment sites / patterns: 544 / 191
Gaps: 8.44 %
Invariant sites: 65.07 %


NOTE: Binary MSA file created: /data/jeremias/eucs/roadies/output/genes/gene_229_filtered.fa.aln.raxml.rba

Parallelization scheme autoconfig: 4 worker(s) x 1 thread(s)

[00:00:00] Generating 10 random starting tree(s) with 36 taxa
[00:00:00] Generating 10 parsimony starting tree(s) with 36 taxa
Parallel parsimony with 4 threads
Parallel reduction/worker buffer size: 1 KB  / 0 KB

[00:00:00] Data distribution: max. partitions/sites/weight per thread: 1 / 191 / 3056
[00:00:00] Data distribution: max. searches per worker: 5

Starting ML tree search with 20 distinct starting trees

[00:00:00 -3893.526682] Initial branch length optimization
[00:00:00 -3016.712689] Model parameter optimization (eps = 10.000000)
[00:00:00 -2922.206243] AUTODETECT spr round 1 (radius: 5)
[00:00:00 -2586.245316] AUTODETECT spr round 2 (radius: 10)
[00:00:00 -2419.148789] AUTODETECT spr round 3 (radius: 15)
[00:00:00 -2418.845217] AUTODETECT spr round 4 (radius: 20)
[00:00:00 -2418.834597] SPR radius for FAST iterations: 15 (autodetect)
[00:00:00 -2418.834597] Model parameter optimization (eps = 3.000000)
[00:00:00 -2404.358756] FAST spr round 1 (radius: 15)
[00:00:00 -2386.925949] FAST spr round 2 (radius: 15)
[00:00:00 -2386.925942] Model parameter optimization (eps = 1.000000)
[00:00:00 -2386.818808] SLOW spr round 1 (radius: 5)
[00:00:00 -2386.818678] SLOW spr round 2 (radius: 10)
[00:00:00 -2385.733484] SLOW spr round 3 (radius: 15)
[00:00:00 -2385.733471] SLOW spr round 4 (radius: 20)
[00:00:00 -2385.733471] SLOW spr round 5 (radius: 25)
[00:00:00 -2385.733471] Model parameter optimization (eps = 0.100000)

[00:00:00] [worker #0] ML tree search #1, logLikelihood: -2385.687199

[00:00:00 -3865.547386] Initial branch length optimization
[00:00:01 -2969.425754] Model parameter optimization (eps = 10.000000)
[00:00:01] [worker #3] ML tree search #4, logLikelihood: -2384.857434
[00:00:01 -2879.823072] AUTODETECT spr round 1 (radius: 5)
[00:00:01] [worker #1] ML tree search #2, logLikelihood: -2386.818687
[00:00:01] [worker #2] ML tree search #3, logLikelihood: -2381.999239
[00:00:01 -2591.162705] AUTODETECT spr round 2 (radius: 10)
[00:00:01 -2569.876170] AUTODETECT spr round 3 (radius: 15)
[00:00:01 -2569.520089] AUTODETECT spr round 4 (radius: 20)
[00:00:01 -2569.432285] SPR radius for FAST iterations: 15 (autodetect)
[00:00:01 -2569.432285] Model parameter optimization (eps = 3.000000)
[00:00:01 -2565.468989] FAST spr round 1 (radius: 15)
[00:00:01 -2388.599676] FAST spr round 2 (radius: 15)
[00:00:01 -2388.599581] Model parameter optimization (eps = 1.000000)
[00:00:01 -2381.492395] SLOW spr round 1 (radius: 5)
[00:00:01 -2380.856972] SLOW spr round 2 (radius: 10)
[00:00:01 -2380.856971] SLOW spr round 3 (radius: 15)
[00:00:01 -2380.856971] SLOW spr round 4 (radius: 20)
[00:00:01 -2380.856971] SLOW spr round 5 (radius: 25)
[00:00:01 -2380.856971] Model parameter optimization (eps = 0.100000)

[00:00:01] [worker #0] ML tree search #5, logLikelihood: -2380.704997

[00:00:01 -3869.042297] Initial branch length optimization
[00:00:01 -2979.066063] Model parameter optimization (eps = 10.000000)
[00:00:01 -2889.408685] AUTODETECT spr round 1 (radius: 5)
[00:00:02] [worker #3] ML tree search #8, logLikelihood: -2386.234048
[00:00:02] [worker #2] ML tree search #7, logLikelihood: -2380.705046
[00:00:02 -2567.559810] AUTODETECT spr round 2 (radius: 10)
[00:00:02] [worker #1] ML tree search #6, logLikelihood: -2385.687186
[00:00:02 -2544.634082] AUTODETECT spr round 3 (radius: 15)
[00:00:02 -2544.580279] SPR radius for FAST iterations: 10 (autodetect)
[00:00:02 -2544.580279] Model parameter optimization (eps = 3.000000)
[00:00:02 -2539.595133] FAST spr round 1 (radius: 10)
[00:00:02 -2395.853855] FAST spr round 2 (radius: 10)
[00:00:02 -2389.598726] Model parameter optimization (eps = 1.000000)
[00:00:02 -2382.835200] SLOW spr round 1 (radius: 5)
[00:00:02 -2382.155664] SLOW spr round 2 (radius: 10)
[00:00:02 -2382.155663] SLOW spr round 3 (radius: 15)
[00:00:02 -2382.155663] SLOW spr round 4 (radius: 20)
[00:00:02 -2382.155663] SLOW spr round 5 (radius: 25)
[00:00:02 -2382.155663] Model parameter optimization (eps = 0.100000)
[00:00:02] [worker #3] ML tree search #12, logLikelihood: -2381.999266

[00:00:02] [worker #0] ML tree search #9, logLikelihood: -2381.999254

[00:00:02 -3266.971953] Initial branch length optimization
[00:00:02 -2443.798635] Model parameter optimization (eps = 10.000000)
[00:00:02] [worker #2] ML tree search #11, logLikelihood: -2381.999235
[00:00:02 -2398.265265] AUTODETECT spr round 1 (radius: 5)
[00:00:02 -2382.985997] AUTODETECT spr round 2 (radius: 10)
[00:00:03 -2382.978099] SPR radius for FAST iterations: 5 (autodetect)
[00:00:03] [worker #1] ML tree search #10, logLikelihood: -2380.705147
[00:00:03 -2382.978099] Model parameter optimization (eps = 3.000000)
[00:00:03 -2382.854194] FAST spr round 1 (radius: 5)
[00:00:03 -2382.853864] Model parameter optimization (eps = 1.000000)
[00:00:03 -2382.853608] SLOW spr round 1 (radius: 5)
[00:00:03 -2382.041470] SLOW spr round 2 (radius: 10)
[00:00:03 -2382.041469] SLOW spr round 3 (radius: 15)
[00:00:03 -2382.041469] SLOW spr round 4 (radius: 20)
[00:00:03 -2382.041469] SLOW spr round 5 (radius: 25)
[00:00:03 -2382.041469] Model parameter optimization (eps = 0.100000)

[00:00:03] [worker #0] ML tree search #13, logLikelihood: -2381.999497

[00:00:03 -3257.849654] Initial branch length optimization
[00:00:03 -2439.440150] Model parameter optimization (eps = 10.000000)
[00:00:03] [worker #3] ML tree search #16, logLikelihood: -2385.293233
[00:00:03 -2397.389357] AUTODETECT spr round 1 (radius: 5)
[00:00:03] [worker #2] ML tree search #15, logLikelihood: -2381.999542
[00:00:03 -2385.834000] AUTODETECT spr round 2 (radius: 10)
[00:00:03 -2385.821891] SPR radius for FAST iterations: 5 (autodetect)
[00:00:03] [worker #1] ML tree search #14, logLikelihood: -2397.109823
[00:00:03 -2385.821891] Model parameter optimization (eps = 3.000000)
[00:00:03 -2385.502259] FAST spr round 1 (radius: 5)
[00:00:04 -2385.501548] Model parameter optimization (eps = 1.000000)
[00:00:04 -2385.501331] SLOW spr round 1 (radius: 5)
[00:00:04 -2385.501220] SLOW spr round 2 (radius: 10)
[00:00:05 -2382.049888] SLOW spr round 3 (radius: 15)
[00:00:06 -2382.049886] SLOW spr round 4 (radius: 20)
[00:00:06 -2382.049886] SLOW spr round 5 (radius: 25)
[00:00:06 -2382.049886] Model parameter optimization (eps = 0.100000)

[00:00:06] [worker #0] ML tree search #17, logLikelihood: -2382.000212

[00:00:06] [worker #2] ML tree search #19, logLikelihood: -2387.200479
[00:00:06] [worker #3] ML tree search #20, logLikelihood: -2384.352399
[00:00:06] [worker #1] ML tree search #18, logLikelihood: -2381.999393

Optimized model parameters:

   Partition 0: noname
   Rate heterogeneity: GAMMA (4 cats, mean),  alpha: 0.801525 (ML),  weights&rates: (0.250000,0.095883) (0.250000,0.407747) (0.250000,0.957377) (0.250000,2.538993) 
   Base frequencies (empirical): 0.249777 0.229422 0.229980 0.290821 
   Substitution rates (ML): 0.925599 2.636684 0.536759 0.747503 2.484807 1.000000 


Final LogLikelihood: -2380.704997

AIC score: 4917.409995 / AICc score: 4943.913221 / BIC score: 5252.728036
Free parameters (model + branch lengths): 78

WARNING: Best ML tree contains 9 near-zero branches!

Best ML tree with collapsed near-zero branches saved to: /data/jeremias/eucs/roadies/output/genes/gene_229_filtered.fa.aln.raxml.bestTreeCollapsed
Best ML tree saved to: /data/jeremias/eucs/roadies/output/genes/gene_229_filtered.fa.aln.raxml.bestTree
All ML trees saved to: /data/jeremias/eucs/roadies/output/genes/gene_229_filtered.fa.aln.raxml.mlTrees
Optimized model saved to: /data/jeremias/eucs/roadies/output/genes/gene_229_filtered.fa.aln.raxml.bestModel

Execution log saved to: /data/jeremias/eucs/roadies/output/genes/gene_229_filtered.fa.aln.raxml.log

Analysis started: 29-Jul-2024 14:57:23 / finished: 29-Jul-2024 14:57:30

Elapsed time: 6.897 seconds

