
RAxML-NG v. 1.2.2 released on 11.04.2024 by The Exelixis Lab.
Developed by: Alexey M. Kozlov and Alexandros Stamatakis.
Contributors: Diego Darriba, Tomas Flouri, Benoit Morel, Sarah Lutteropp, Ben Bettisworth, Julia Haag, Anastasis Togkousidis.
Latest version: https://github.com/amkozlov/raxml-ng
Questions/problems/suggestions? Please visit: https://groups.google.com/forum/#!forum/raxml

System: AMD EPYC 7742 64-Core Processor, 128 cores, 1007 GB RAM

RAxML-NG was called at 29-Jul-2024 16:45:01 as follows:

raxml-ng --msa /data/jeremias/eucs/roadies/output/genes/gene_129_filtered.fa.aln --model GTR+G+F --redo --threads auto{4} --blopt nr_safe

Analysis options:
  run mode: ML tree search
  start tree(s): random (10) + parsimony (10)
  random seed: 1722235501
  tip-inner: OFF
  pattern compression: ON
  per-rate scalers: OFF
  site repeats: ON
  logLH epsilon: general: 10.000000, brlen-triplet: 1000.000000
  fast spr radius: AUTO
  spr subtree cutoff: 1.000000
  fast CLV updates: ON
  branch lengths: proportional (ML estimate, algorithm: NR-SAFE)
  SIMD kernels: AVX2
  parallelization: coarse-grained (auto), PTHREADS (auto)

WARNING: Running in REDO mode: existing checkpoints are ignored, and all result files will be overwritten!

[00:00:00] Reading alignment from file: /data/jeremias/eucs/roadies/output/genes/gene_129_filtered.fa.aln
[00:00:00] Loaded alignment with 165 taxa and 502 sites

WARNING: Sequences E_albens_1 and E_polyanthemos_2 are exactly identical!
WARNING: Sequences E_albens_1 and E_shirleyi_4 are exactly identical!
WARNING: Sequences E_albens_1 and E_caleyi_3 are exactly identical!
WARNING: Sequences E_sid_E_mel_0 and E_lansdowneana_0 are exactly identical!
WARNING: Sequences E_dawsonii_3 and E_melliodora_1 are exactly identical!
WARNING: Sequences E_melliodora_2 and E_sideroxylon_2 are exactly identical!
WARNING: Sequences E_dawsonii_1 and E_dawsonii_0 are exactly identical!
WARNING: Sequences E_pauciflora_1 and E_pauciflora_0 are exactly identical!
WARNING: Sequences E_pauciflora_1 and E_ANBG9806169_0 are exactly identical!
WARNING: Sequences E_coolabah_0 and E_leucophloia_0 are exactly identical!
WARNING: Sequences E_sideroxylon_4 and E_paniculata_4 are exactly identical!
WARNING: Duplicate sequences found: 11

NOTE: Reduced alignment (with duplicates and gap-only sites/taxa removed) 
NOTE: was saved to: /data/jeremias/eucs/roadies/output/genes/gene_129_filtered.fa.aln.raxml.reduced.phy

Alignment comprises 1 partitions and 384 patterns

Partition 0: noname
Model: GTR+FC+G4m
Alignment sites / patterns: 502 / 384
Gaps: 7.05 %
Invariant sites: 30.88 %


NOTE: Binary MSA file created: /data/jeremias/eucs/roadies/output/genes/gene_129_filtered.fa.aln.raxml.rba

Parallelization scheme autoconfig: 4 worker(s) x 1 thread(s)

[00:00:00] Generating 10 random starting tree(s) with 165 taxa
[00:00:00] Generating 10 parsimony starting tree(s) with 165 taxa
Parallel parsimony with 4 threads
Parallel reduction/worker buffer size: 1 KB  / 0 KB

[00:00:00] Data distribution: max. partitions/sites/weight per thread: 1 / 384 / 6144
[00:00:00] Data distribution: max. searches per worker: 5

Starting ML tree search with 20 distinct starting trees

[00:00:00 -22566.919627] Initial branch length optimization
[00:00:00 -18337.235851] Model parameter optimization (eps = 10.000000)
[00:00:00 -17059.239104] AUTODETECT spr round 1 (radius: 5)
[00:00:01 -11307.972342] AUTODETECT spr round 2 (radius: 10)
[00:00:02 -7516.113187] AUTODETECT spr round 3 (radius: 15)
[00:00:03 -7107.417778] AUTODETECT spr round 4 (radius: 20)
[00:00:04 -7099.624048] AUTODETECT spr round 5 (radius: 25)
[00:00:05 -7093.360985] SPR radius for FAST iterations: 25 (autodetect)
[00:00:05 -7093.360985] Model parameter optimization (eps = 3.000000)
[00:00:05 -7004.152808] FAST spr round 1 (radius: 25)
[00:00:07 -6469.964582] FAST spr round 2 (radius: 25)
[00:00:07 -6448.630404] FAST spr round 3 (radius: 25)
[00:00:08 -6446.657266] Model parameter optimization (eps = 1.000000)
[00:00:08 -6444.050229] SLOW spr round 1 (radius: 5)
[00:00:10 -6444.049156] SLOW spr round 2 (radius: 10)
[00:00:11 -6444.049152] SLOW spr round 3 (radius: 15)
[00:00:14 -6436.204072] SLOW spr round 4 (radius: 20)
[00:00:15 -6436.202598] SLOW spr round 5 (radius: 25)
[00:00:16] [worker #2] ML tree search #3, logLikelihood: -6442.457365
[00:00:17] [worker #3] ML tree search #4, logLikelihood: -6433.735718
[00:00:17 -6436.202595] Model parameter optimization (eps = 0.100000)

[00:00:17] [worker #0] ML tree search #1, logLikelihood: -6436.139512

[00:00:17 -22593.706408] Initial branch length optimization
[00:00:17 -18652.461167] Model parameter optimization (eps = 10.000000)
[00:00:18] [worker #1] ML tree search #2, logLikelihood: -6429.170544
[00:00:18 -17235.425798] AUTODETECT spr round 1 (radius: 5)
[00:00:18 -10813.991499] AUTODETECT spr round 2 (radius: 10)
[00:00:19 -8189.187562] AUTODETECT spr round 3 (radius: 15)
[00:00:20 -7450.919992] AUTODETECT spr round 4 (radius: 20)
[00:00:21 -7358.248060] AUTODETECT spr round 5 (radius: 25)
[00:00:22 -7354.075630] SPR radius for FAST iterations: 25 (autodetect)
[00:00:22 -7354.075630] Model parameter optimization (eps = 3.000000)
[00:00:22 -7234.530597] FAST spr round 1 (radius: 25)
[00:00:23 -6494.318218] FAST spr round 2 (radius: 25)
[00:00:24 -6445.019919] FAST spr round 3 (radius: 25)
[00:00:24 -6438.495150] Model parameter optimization (eps = 1.000000)
[00:00:24 -6434.473951] SLOW spr round 1 (radius: 5)
[00:00:26 -6433.524648] SLOW spr round 2 (radius: 10)
[00:00:27 -6433.524645] SLOW spr round 3 (radius: 15)
[00:00:29 -6432.261270] SLOW spr round 4 (radius: 20)
[00:00:31 -6432.261265] SLOW spr round 5 (radius: 25)
[00:00:33 -6432.261265] Model parameter optimization (eps = 0.100000)

[00:00:33] [worker #0] ML tree search #5, logLikelihood: -6432.207499

[00:00:33 -22786.651339] Initial branch length optimization
[00:00:33] [worker #2] ML tree search #7, logLikelihood: -6428.621610
[00:00:33 -18529.711931] Model parameter optimization (eps = 10.000000)
[00:00:33] [worker #3] ML tree search #8, logLikelihood: -6437.359205
[00:00:33 -17215.130516] AUTODETECT spr round 1 (radius: 5)
[00:00:34 -11274.230837] AUTODETECT spr round 2 (radius: 10)
[00:00:34] [worker #1] ML tree search #6, logLikelihood: -6431.595230
[00:00:35 -7503.255432] AUTODETECT spr round 3 (radius: 15)
[00:00:36 -7304.341219] AUTODETECT spr round 4 (radius: 20)
[00:00:37 -7299.041240] AUTODETECT spr round 5 (radius: 25)
[00:00:38 -7293.124805] SPR radius for FAST iterations: 25 (autodetect)
[00:00:38 -7293.124805] Model parameter optimization (eps = 3.000000)
[00:00:38 -7145.924863] FAST spr round 1 (radius: 25)
[00:00:39 -6506.735177] FAST spr round 2 (radius: 25)
[00:00:40 -6435.834723] FAST spr round 3 (radius: 25)
[00:00:40 -6430.777666] Model parameter optimization (eps = 1.000000)
[00:00:41 -6426.807528] SLOW spr round 1 (radius: 5)
[00:00:42 -6426.806357] SLOW spr round 2 (radius: 10)
[00:00:43 -6425.539571] SLOW spr round 3 (radius: 15)
[00:00:46] [worker #3] ML tree search #12, logLikelihood: -6432.918814
[00:00:46 -6425.539563] SLOW spr round 4 (radius: 20)
[00:00:48 -6425.539563] SLOW spr round 5 (radius: 25)
[00:00:48] [worker #2] ML tree search #11, logLikelihood: -6428.291481
[00:00:50 -6425.539563] Model parameter optimization (eps = 0.100000)

[00:00:50] [worker #0] ML tree search #9, logLikelihood: -6425.530475

[00:00:50 -8626.116992] Initial branch length optimization
[00:00:50 -6756.936742] Model parameter optimization (eps = 10.000000)
[00:00:50 -6493.224292] AUTODETECT spr round 1 (radius: 5)
[00:00:50 -6448.951765] AUTODETECT spr round 2 (radius: 10)
[00:00:51] [worker #1] ML tree search #10, logLikelihood: -6437.882788
[00:00:51 -6438.720678] AUTODETECT spr round 3 (radius: 15)
[00:00:52 -6438.602035] AUTODETECT spr round 4 (radius: 20)
[00:00:54 -6438.601976] SPR radius for FAST iterations: 15 (autodetect)
[00:00:54 -6438.601976] Model parameter optimization (eps = 3.000000)
[00:00:54 -6438.553891] FAST spr round 1 (radius: 15)
[00:00:54 -6433.512464] Model parameter optimization (eps = 1.000000)
[00:00:54 -6433.507743] SLOW spr round 1 (radius: 5)
[00:00:56 -6432.776438] SLOW spr round 2 (radius: 10)
[00:00:57 -6432.776309] SLOW spr round 3 (radius: 15)
[00:00:59 -6432.776309] SLOW spr round 4 (radius: 20)
[00:01:00] [worker #3] ML tree search #16, logLikelihood: -6439.148526
[00:01:01] [worker #2] ML tree search #15, logLikelihood: -6430.486537
[00:01:01 -6432.776309] SLOW spr round 5 (radius: 25)
[00:01:03 -6432.776309] Model parameter optimization (eps = 0.100000)

[00:01:03] [worker #0] ML tree search #13, logLikelihood: -6432.774941

[00:01:03 -8629.180758] Initial branch length optimization
[00:01:03 -6764.029708] Model parameter optimization (eps = 10.000000)
[00:01:03 -6500.293731] AUTODETECT spr round 1 (radius: 5)
[00:01:04 -6443.347829] AUTODETECT spr round 2 (radius: 10)
[00:01:04] [worker #1] ML tree search #14, logLikelihood: -6440.095008
[00:01:05 -6441.570285] AUTODETECT spr round 3 (radius: 15)
[00:01:06 -6441.543294] SPR radius for FAST iterations: 10 (autodetect)
[00:01:06 -6441.543294] Model parameter optimization (eps = 3.000000)
[00:01:06 -6441.385294] FAST spr round 1 (radius: 10)
[00:01:06 -6438.761845] Model parameter optimization (eps = 1.000000)
[00:01:06 -6438.758625] SLOW spr round 1 (radius: 5)
[00:01:08 -6433.347020] SLOW spr round 2 (radius: 10)
[00:01:09 -6433.203088] SLOW spr round 3 (radius: 15)
[00:01:12 -6433.203088] SLOW spr round 4 (radius: 20)
[00:01:12] [worker #3] ML tree search #20, logLikelihood: -6433.784895
[00:01:13] [worker #2] ML tree search #19, logLikelihood: -6429.757050
[00:01:14 -6433.203088] SLOW spr round 5 (radius: 25)
[00:01:15 -6433.203088] Model parameter optimization (eps = 0.100000)

[00:01:15] [worker #0] ML tree search #17, logLikelihood: -6433.194998

[00:01:17] [worker #1] ML tree search #18, logLikelihood: -6433.981603

Optimized model parameters:

   Partition 0: noname
   Rate heterogeneity: GAMMA (4 cats, mean),  alpha: 1.204462 (ML),  weights&rates: (0.250000,0.175861) (0.250000,0.530626) (0.250000,1.027057) (0.250000,2.266456) 
   Base frequencies (empirical): 0.227949 0.194010 0.265499 0.312543 
   Substitution rates (ML): 1.666710 5.820781 1.187418 1.264914 5.838600 1.000000 


Final LogLikelihood: -6425.530475

AIC score: 13523.060950 / AICc score: 14895.570041 / BIC score: 14940.510591
Free parameters (model + branch lengths): 336

WARNING: Best ML tree contains 53 near-zero branches!

Best ML tree with collapsed near-zero branches saved to: /data/jeremias/eucs/roadies/output/genes/gene_129_filtered.fa.aln.raxml.bestTreeCollapsed
Best ML tree saved to: /data/jeremias/eucs/roadies/output/genes/gene_129_filtered.fa.aln.raxml.bestTree
All ML trees saved to: /data/jeremias/eucs/roadies/output/genes/gene_129_filtered.fa.aln.raxml.mlTrees
Optimized model saved to: /data/jeremias/eucs/roadies/output/genes/gene_129_filtered.fa.aln.raxml.bestModel

Execution log saved to: /data/jeremias/eucs/roadies/output/genes/gene_129_filtered.fa.aln.raxml.log

Analysis started: 29-Jul-2024 16:45:01 / finished: 29-Jul-2024 16:46:19

Elapsed time: 77.887 seconds

