
RAxML-NG v. 1.2.2 released on 11.04.2024 by The Exelixis Lab.
Developed by: Alexey M. Kozlov and Alexandros Stamatakis.
Contributors: Diego Darriba, Tomas Flouri, Benoit Morel, Sarah Lutteropp, Ben Bettisworth, Julia Haag, Anastasis Togkousidis.
Latest version: https://github.com/amkozlov/raxml-ng
Questions/problems/suggestions? Please visit: https://groups.google.com/forum/#!forum/raxml

System: AMD EPYC 7742 64-Core Processor, 128 cores, 1007 GB RAM

RAxML-NG was called at 29-Jul-2024 15:01:01 as follows:

raxml-ng --msa /data/jeremias/eucs/roadies/output/genes/gene_240_filtered.fa.aln --model GTR+G+F --redo --threads auto{4} --blopt nr_safe

Analysis options:
  run mode: ML tree search
  start tree(s): random (10) + parsimony (10)
  random seed: 1722229261
  tip-inner: OFF
  pattern compression: ON
  per-rate scalers: OFF
  site repeats: ON
  logLH epsilon: general: 10.000000, brlen-triplet: 1000.000000
  fast spr radius: AUTO
  spr subtree cutoff: 1.000000
  fast CLV updates: ON
  branch lengths: proportional (ML estimate, algorithm: NR-SAFE)
  SIMD kernels: AVX2
  parallelization: coarse-grained (auto), PTHREADS (auto)

WARNING: Running in REDO mode: existing checkpoints are ignored, and all result files will be overwritten!

[00:00:00] Reading alignment from file: /data/jeremias/eucs/roadies/output/genes/gene_240_filtered.fa.aln
[00:00:00] Loaded alignment with 80 taxa and 518 sites

Alignment comprises 1 partitions and 243 patterns

Partition 0: noname
Model: GTR+FC+G4m
Alignment sites / patterns: 518 / 243
Gaps: 2.07 %
Invariant sites: 55.98 %


NOTE: Binary MSA file created: /data/jeremias/eucs/roadies/output/genes/gene_240_filtered.fa.aln.raxml.rba

Parallelization scheme autoconfig: 4 worker(s) x 1 thread(s)

[00:00:00] Generating 10 random starting tree(s) with 80 taxa
[00:00:00] Generating 10 parsimony starting tree(s) with 80 taxa
Parallel parsimony with 4 threads
Parallel reduction/worker buffer size: 1 KB  / 0 KB

[00:00:00] Data distribution: max. partitions/sites/weight per thread: 1 / 243 / 3888
[00:00:00] Data distribution: max. searches per worker: 5

Starting ML tree search with 20 distinct starting trees

[00:00:00 -7211.881037] Initial branch length optimization
[00:00:02 -5832.038093] Model parameter optimization (eps = 10.000000)
[00:00:05 -5395.772185] AUTODETECT spr round 1 (radius: 5)
[00:00:07 -4343.326080] AUTODETECT spr round 2 (radius: 10)
[00:00:14 -3813.729908] AUTODETECT spr round 3 (radius: 15)
[00:00:14 -3593.426902] AUTODETECT spr round 4 (radius: 20)
[00:00:14 -3581.939616] AUTODETECT spr round 5 (radius: 25)
[00:00:14 -3581.821784] SPR radius for FAST iterations: 25 (autodetect)
[00:00:14 -3581.821784] Model parameter optimization (eps = 3.000000)
[00:00:14 -3536.344367] FAST spr round 1 (radius: 25)
[00:00:15 -3424.687887] FAST spr round 2 (radius: 25)
[00:00:15 -3415.510097] Model parameter optimization (eps = 1.000000)
[00:00:15 -3414.238128] SLOW spr round 1 (radius: 5)
[00:00:16 -3411.387931] SLOW spr round 2 (radius: 10)
[00:00:16 -3409.203272] SLOW spr round 3 (radius: 15)
[00:00:17 -3409.203249] SLOW spr round 4 (radius: 20)
[00:00:17 -3409.203249] SLOW spr round 5 (radius: 25)
[00:00:17] [worker #3] ML tree search #4, logLikelihood: -3415.093709
[00:00:17 -3409.203249] Model parameter optimization (eps = 0.100000)
[00:00:17] [worker #2] ML tree search #3, logLikelihood: -3413.901567

[00:00:17] [worker #0] ML tree search #1, logLikelihood: -3409.165467

[00:00:17 -7225.976531] Initial branch length optimization
[00:00:18 -5812.900405] Model parameter optimization (eps = 10.000000)
[00:00:18] [worker #1] ML tree search #2, logLikelihood: -3413.431511
[00:00:18 -5395.543045] AUTODETECT spr round 1 (radius: 5)
[00:00:18 -4319.095283] AUTODETECT spr round 2 (radius: 10)
[00:00:18 -3616.037711] AUTODETECT spr round 3 (radius: 15)
[00:00:19 -3615.672067] AUTODETECT spr round 4 (radius: 20)
[00:00:19 -3615.622208] SPR radius for FAST iterations: 15 (autodetect)
[00:00:20 -3615.622208] Model parameter optimization (eps = 3.000000)
[00:00:20 -3581.880392] FAST spr round 1 (radius: 15)
[00:00:20 -3455.944079] FAST spr round 2 (radius: 15)
[00:00:20 -3419.476197] FAST spr round 3 (radius: 15)
[00:00:21 -3419.476149] Model parameter optimization (eps = 1.000000)
[00:00:21 -3417.564631] SLOW spr round 1 (radius: 5)
[00:00:21 -3417.564190] SLOW spr round 2 (radius: 10)
[00:00:22 -3417.564189] SLOW spr round 3 (radius: 15)
[00:00:23 -3417.564189] SLOW spr round 4 (radius: 20)
[00:00:23] [worker #3] ML tree search #8, logLikelihood: -3414.162740
[00:00:23 -3417.564189] SLOW spr round 5 (radius: 25)
[00:00:24 -3417.564189] Model parameter optimization (eps = 0.100000)

[00:00:24] [worker #0] ML tree search #5, logLikelihood: -3417.564150

[00:00:24 -7130.245591] Initial branch length optimization
[00:00:24] [worker #2] ML tree search #7, logLikelihood: -3409.016370
[00:00:24 -5743.967939] Model parameter optimization (eps = 10.000000)
[00:00:24 -5364.920414] AUTODETECT spr round 1 (radius: 5)
[00:00:24 -4195.320415] AUTODETECT spr round 2 (radius: 10)
[00:00:25 -3835.082520] AUTODETECT spr round 3 (radius: 15)
[00:00:25] [worker #1] ML tree search #6, logLikelihood: -3415.097314
[00:00:25 -3605.472654] AUTODETECT spr round 4 (radius: 20)
[00:00:25 -3605.397676] SPR radius for FAST iterations: 15 (autodetect)
[00:00:25 -3605.397676] Model parameter optimization (eps = 3.000000)
[00:00:26 -3578.961642] FAST spr round 1 (radius: 15)
[00:00:26 -3425.581706] FAST spr round 2 (radius: 15)
[00:00:26 -3413.689814] FAST spr round 3 (radius: 15)
[00:00:26 -3413.689411] Model parameter optimization (eps = 1.000000)
[00:00:27 -3410.931640] SLOW spr round 1 (radius: 5)
[00:00:27 -3410.931106] SLOW spr round 2 (radius: 10)
[00:00:28] [worker #3] ML tree search #12, logLikelihood: -3410.935058
[00:00:28 -3410.614534] SLOW spr round 3 (radius: 15)
[00:00:29] [worker #2] ML tree search #11, logLikelihood: -3415.097481
[00:00:29 -3410.614533] SLOW spr round 4 (radius: 20)
[00:00:30 -3410.614533] SLOW spr round 5 (radius: 25)
[00:00:30 -3410.614533] Model parameter optimization (eps = 0.100000)

[00:00:30] [worker #0] ML tree search #9, logLikelihood: -3410.614436

[00:00:30 -4798.065099] Initial branch length optimization
[00:00:30 -3553.965266] Model parameter optimization (eps = 10.000000)
[00:00:30 -3447.437799] AUTODETECT spr round 1 (radius: 5)
[00:00:30 -3425.169794] AUTODETECT spr round 2 (radius: 10)
[00:00:31 -3420.412280] AUTODETECT spr round 3 (radius: 15)
[00:00:31] [worker #3] ML tree search #16, logLikelihood: -3418.641165
[00:00:31] [worker #1] ML tree search #10, logLikelihood: -3414.162742
[00:00:31 -3420.376763] SPR radius for FAST iterations: 10 (autodetect)
[00:00:31 -3420.376763] Model parameter optimization (eps = 3.000000)
[00:00:31 -3420.218125] FAST spr round 1 (radius: 10)
[00:00:31 -3415.036926] Model parameter optimization (eps = 1.000000)
[00:00:32 -3414.982065] SLOW spr round 1 (radius: 5)
[00:00:32 -3414.488211] SLOW spr round 2 (radius: 10)
[00:00:33 -3414.321586] SLOW spr round 3 (radius: 15)
[00:00:33] [worker #2] ML tree search #15, logLikelihood: -3412.621377
[00:00:33 -3414.321585] SLOW spr round 4 (radius: 20)
[00:00:34 -3414.321585] SLOW spr round 5 (radius: 25)
[00:00:34 -3414.321585] Model parameter optimization (eps = 0.100000)

[00:00:34] [worker #0] ML tree search #13, logLikelihood: -3414.311827

[00:00:34 -4778.702578] Initial branch length optimization
[00:00:34 -3547.695456] Model parameter optimization (eps = 10.000000)
[00:00:34 -3442.785077] AUTODETECT spr round 1 (radius: 5)
[00:00:34 -3425.018849] AUTODETECT spr round 2 (radius: 10)
[00:00:35 -3419.022851] AUTODETECT spr round 3 (radius: 15)
[00:00:36 -3417.685401] AUTODETECT spr round 4 (radius: 20)
[00:00:36] [worker #3] ML tree search #20, logLikelihood: -3415.093789
[00:00:36] [worker #1] ML tree search #14, logLikelihood: -3410.614465
[00:00:36 -3417.685117] SPR radius for FAST iterations: 15 (autodetect)
[00:00:36 -3417.685117] Model parameter optimization (eps = 3.000000)
[00:00:36 -3417.566304] FAST spr round 1 (radius: 15)
[00:00:36 -3415.040509] Model parameter optimization (eps = 1.000000)
[00:00:36 -3415.031055] SLOW spr round 1 (radius: 5)
[00:00:37 -3415.030711] SLOW spr round 2 (radius: 10)
[00:00:37 -3412.697386] SLOW spr round 3 (radius: 15)
[00:00:38] [worker #2] ML tree search #19, logLikelihood: -3409.016127
[00:00:38 -3412.697353] SLOW spr round 4 (radius: 20)
[00:00:38 -3412.697353] SLOW spr round 5 (radius: 25)
[00:00:38 -3412.697353] Model parameter optimization (eps = 0.100000)

[00:00:38] [worker #0] ML tree search #17, logLikelihood: -3412.679739

[00:00:40] [worker #1] ML tree search #18, logLikelihood: -3413.580777

Optimized model parameters:

   Partition 0: noname
   Rate heterogeneity: GAMMA (4 cats, mean),  alpha: 0.717529 (ML),  weights&rates: (0.250000,0.077936) (0.250000,0.371684) (0.250000,0.931195) (0.250000,2.619185) 
   Base frequencies (empirical): 0.202159 0.239343 0.238012 0.320487 
   Substitution rates (ML): 1.177588 5.073191 0.676586 1.516590 3.965068 1.000000 


Final LogLikelihood: -3409.016127

AIC score: 7150.032254 / AICc score: 7307.992368 / BIC score: 7855.528145
Free parameters (model + branch lengths): 166

WARNING: Best ML tree contains 26 near-zero branches!

Best ML tree with collapsed near-zero branches saved to: /data/jeremias/eucs/roadies/output/genes/gene_240_filtered.fa.aln.raxml.bestTreeCollapsed
Best ML tree saved to: /data/jeremias/eucs/roadies/output/genes/gene_240_filtered.fa.aln.raxml.bestTree
All ML trees saved to: /data/jeremias/eucs/roadies/output/genes/gene_240_filtered.fa.aln.raxml.mlTrees
Optimized model saved to: /data/jeremias/eucs/roadies/output/genes/gene_240_filtered.fa.aln.raxml.bestModel

Execution log saved to: /data/jeremias/eucs/roadies/output/genes/gene_240_filtered.fa.aln.raxml.log

Analysis started: 29-Jul-2024 15:01:01 / finished: 29-Jul-2024 15:01:41

Elapsed time: 40.687 seconds

