
RAxML-NG v. 1.2.2 released on 11.04.2024 by The Exelixis Lab.
Developed by: Alexey M. Kozlov and Alexandros Stamatakis.
Contributors: Diego Darriba, Tomas Flouri, Benoit Morel, Sarah Lutteropp, Ben Bettisworth, Julia Haag, Anastasis Togkousidis.
Latest version: https://github.com/amkozlov/raxml-ng
Questions/problems/suggestions? Please visit: https://groups.google.com/forum/#!forum/raxml

System: AMD EPYC 7742 64-Core Processor, 128 cores, 1007 GB RAM

RAxML-NG was called at 29-Jul-2024 17:34:16 as follows:

raxml-ng --msa /data/jeremias/eucs/roadies/output/genes/gene_134_filtered.fa.aln --model GTR+G+F --redo --threads auto{4} --blopt nr_safe

Analysis options:
  run mode: ML tree search
  start tree(s): random (10) + parsimony (10)
  random seed: 1722238456
  tip-inner: OFF
  pattern compression: ON
  per-rate scalers: OFF
  site repeats: ON
  logLH epsilon: general: 10.000000, brlen-triplet: 1000.000000
  fast spr radius: AUTO
  spr subtree cutoff: 1.000000
  fast CLV updates: ON
  branch lengths: proportional (ML estimate, algorithm: NR-SAFE)
  SIMD kernels: AVX2
  parallelization: coarse-grained (auto), PTHREADS (auto)

WARNING: Running in REDO mode: existing checkpoints are ignored, and all result files will be overwritten!

[00:00:00] Reading alignment from file: /data/jeremias/eucs/roadies/output/genes/gene_134_filtered.fa.aln
[00:00:00] Loaded alignment with 103 taxa and 502 sites

WARNING: Sequences E_sid_E_mel_0 and E_sideroxylon_0 are exactly identical!
WARNING: Sequences E_polyanthemos_2 and E_lansdowneana_2 are exactly identical!
WARNING: Sequences E_polyanthemos_2 and E_sideroxylon_2 are exactly identical!
WARNING: Sequences E_polyanthemos_0 and E_dawsonii_1 are exactly identical!
WARNING: Sequences E_polyanthemos_0 and E_dawsonii_0 are exactly identical!
WARNING: Sequences E_fibrosa_0 and E_shirleyi_0 are exactly identical!
WARNING: Sequences E_viminalis_2 and E_camaldulensis_2 are exactly identical!
WARNING: Sequences E_pumila_1 and E_virginea_1 are exactly identical!
WARNING: Sequences E_pumila_1 and E_brandiana_1 are exactly identical!
WARNING: Sequences E_pumila_1 and E_albens_1 are exactly identical!
WARNING: Sequences E_pauciflora_1 and E_ANBG9806169_1 are exactly identical!
WARNING: Sequences E_pauciflora_1 and E_regnans_1 are exactly identical!
WARNING: Sequences E_pauciflora_0 and E_ANBG9806169_0 are exactly identical!
WARNING: Sequences E_pauciflora_0 and E_regnans_0 are exactly identical!
WARNING: Sequences E_virginea_0 and E_guilfoylei_0 are exactly identical!
WARNING: Sequences E_albens_2 and E_shirleyi_3 are exactly identical!
WARNING: Sequences E_shirleyi_2 and E_shirleyi_1 are exactly identical!
WARNING: Sequences E_shirleyi_2 and E_leucophloia_1 are exactly identical!
WARNING: Sequences E_globulus_0 and E_grandis_0 are exactly identical!
WARNING: Sequences E_globulus_0 and E_pumila_0 are exactly identical!
WARNING: Duplicate sequences found: 20

NOTE: Reduced alignment (with duplicates and gap-only sites/taxa removed) 
NOTE: was saved to: /data/jeremias/eucs/roadies/output/genes/gene_134_filtered.fa.aln.raxml.reduced.phy

Alignment comprises 1 partitions and 247 patterns

Partition 0: noname
Model: GTR+FC+G4m
Alignment sites / patterns: 502 / 247
Gaps: 3.98 %
Invariant sites: 42.63 %


NOTE: Binary MSA file created: /data/jeremias/eucs/roadies/output/genes/gene_134_filtered.fa.aln.raxml.rba

Parallelization scheme autoconfig: 4 worker(s) x 1 thread(s)

[00:00:00] Generating 10 random starting tree(s) with 103 taxa
[00:00:00] Generating 10 parsimony starting tree(s) with 103 taxa
Parallel parsimony with 4 threads
Parallel reduction/worker buffer size: 1 KB  / 0 KB

[00:00:00] Data distribution: max. partitions/sites/weight per thread: 1 / 247 / 3952
[00:00:00] Data distribution: max. searches per worker: 5

Starting ML tree search with 20 distinct starting trees

[00:00:00 -27961.286122] Initial branch length optimization
[00:00:00 -18933.723615] Model parameter optimization (eps = 10.000000)
[00:00:00 -15813.376410] AUTODETECT spr round 1 (radius: 5)
[00:00:01 -5088.839725] AUTODETECT spr round 2 (radius: 10)
[00:00:01 -3382.418357] AUTODETECT spr round 3 (radius: 15)
[00:00:02 -3278.191712] AUTODETECT spr round 4 (radius: 20)
[00:00:02 -3278.135225] SPR radius for FAST iterations: 15 (autodetect)
[00:00:02 -3278.135225] Model parameter optimization (eps = 3.000000)
[00:00:03 -3235.934689] FAST spr round 1 (radius: 15)
[00:00:03 -3140.260759] FAST spr round 2 (radius: 15)
[00:00:03 -3123.602546] FAST spr round 3 (radius: 15)
[00:00:04 -3118.707438] Model parameter optimization (eps = 1.000000)
[00:00:04 -3096.614646] SLOW spr round 1 (radius: 5)
[00:00:05 -3096.488522] SLOW spr round 2 (radius: 10)
[00:00:05 -3096.488483] SLOW spr round 3 (radius: 15)
[00:00:06 -3096.488479] SLOW spr round 4 (radius: 20)
[00:00:06] [worker #3] ML tree search #4, logLikelihood: -3096.507043
[00:00:07 -3096.488478] SLOW spr round 5 (radius: 25)
[00:00:08 -3096.488478] Model parameter optimization (eps = 0.100000)

[00:00:08] [worker #0] ML tree search #1, logLikelihood: -3096.246386

[00:00:08 -27825.459206] Initial branch length optimization
[00:00:08 -18955.004981] Model parameter optimization (eps = 10.000000)
[00:00:08] [worker #2] ML tree search #3, logLikelihood: -3100.096739
[00:00:08] [worker #1] ML tree search #2, logLikelihood: -3099.716866
[00:00:09 -15797.790000] AUTODETECT spr round 1 (radius: 5)
[00:00:09 -7583.784578] AUTODETECT spr round 2 (radius: 10)
[00:00:09 -4650.238763] AUTODETECT spr round 3 (radius: 15)
[00:00:10 -3318.323947] AUTODETECT spr round 4 (radius: 20)
[00:00:10 -3317.866553] AUTODETECT spr round 5 (radius: 25)
[00:00:10 -3317.804821] SPR radius for FAST iterations: 20 (autodetect)
[00:00:10 -3317.804821] Model parameter optimization (eps = 3.000000)
[00:00:11 -3299.289420] FAST spr round 1 (radius: 20)
[00:00:11 -3129.681612] FAST spr round 2 (radius: 20)
[00:00:11 -3113.753367] FAST spr round 3 (radius: 20)
[00:00:11 -3113.541744] Model parameter optimization (eps = 1.000000)
[00:00:12 -3099.389881] SLOW spr round 1 (radius: 5)
[00:00:12 -3096.683119] SLOW spr round 2 (radius: 10)
[00:00:12] [worker #3] ML tree search #8, logLikelihood: -3100.079187
[00:00:13 -3096.683028] SLOW spr round 3 (radius: 15)
[00:00:14 -3096.683027] SLOW spr round 4 (radius: 20)
[00:00:14 -3096.683027] SLOW spr round 5 (radius: 25)
[00:00:15 -3096.683027] Model parameter optimization (eps = 0.100000)
[00:00:15] [worker #1] ML tree search #6, logLikelihood: -3099.400298

[00:00:15] [worker #0] ML tree search #5, logLikelihood: -3096.386910

[00:00:15 -26523.131414] Initial branch length optimization
[00:00:15 -18132.873213] Model parameter optimization (eps = 10.000000)
[00:00:15 -15110.804393] AUTODETECT spr round 1 (radius: 5)
[00:00:16 -6487.845709] AUTODETECT spr round 2 (radius: 10)
[00:00:16 -3415.855021] AUTODETECT spr round 3 (radius: 15)
[00:00:17 -3347.014133] AUTODETECT spr round 4 (radius: 20)
[00:00:17 -3346.895083] AUTODETECT spr round 5 (radius: 25)
[00:00:17 -3346.877183] SPR radius for FAST iterations: 20 (autodetect)
[00:00:17 -3346.877183] Model parameter optimization (eps = 3.000000)
[00:00:17] [worker #2] ML tree search #7, logLikelihood: -3096.238912
[00:00:17 -3330.764983] FAST spr round 1 (radius: 20)
[00:00:17] [worker #3] ML tree search #12, logLikelihood: -3098.185146
[00:00:17 -3126.859702] FAST spr round 2 (radius: 20)
[00:00:18 -3118.684427] Model parameter optimization (eps = 1.000000)
[00:00:18 -3103.155830] SLOW spr round 1 (radius: 5)
[00:00:19 -3102.864697] SLOW spr round 2 (radius: 10)
[00:00:19 -3102.687090] SLOW spr round 3 (radius: 15)
[00:00:20 -3101.268275] SLOW spr round 4 (radius: 20)
[00:00:21 -3101.255294] SLOW spr round 5 (radius: 25)
[00:00:21 -3101.253461] Model parameter optimization (eps = 0.100000)

[00:00:21] [worker #0] ML tree search #9, logLikelihood: -3100.925834

[00:00:21 -5452.839083] Initial branch length optimization
[00:00:21 -3225.968272] Model parameter optimization (eps = 10.000000)
[00:00:21 -3122.188009] AUTODETECT spr round 1 (radius: 5)
[00:00:22] [worker #1] ML tree search #10, logLikelihood: -3100.357489
[00:00:22 -3109.877284] AUTODETECT spr round 2 (radius: 10)
[00:00:22 -3105.359345] AUTODETECT spr round 3 (radius: 15)
[00:00:22] [worker #3] ML tree search #16, logLikelihood: -3099.519115
[00:00:22 -3101.089721] AUTODETECT spr round 4 (radius: 20)
[00:00:22 -3101.051294] SPR radius for FAST iterations: 15 (autodetect)
[00:00:22 -3101.051294] Model parameter optimization (eps = 3.000000)
[00:00:23 -3100.549542] FAST spr round 1 (radius: 15)
[00:00:23 -3100.000724] Model parameter optimization (eps = 1.000000)
[00:00:23 -3099.877682] SLOW spr round 1 (radius: 5)
[00:00:24 -3099.875007] SLOW spr round 2 (radius: 10)
[00:00:24] [worker #2] ML tree search #11, logLikelihood: -3096.652252
[00:00:24 -3099.874994] SLOW spr round 3 (radius: 15)
[00:00:26 -3099.874993] SLOW spr round 4 (radius: 20)
[00:00:26] [worker #3] ML tree search #20, logLikelihood: -3101.147753
[00:00:27 -3099.874993] SLOW spr round 5 (radius: 25)
[00:00:27 -3099.874993] Model parameter optimization (eps = 0.100000)
[00:00:28] [worker #1] ML tree search #14, logLikelihood: -3096.240185

[00:00:28] [worker #0] ML tree search #13, logLikelihood: -3099.842749

[00:00:28 -5472.476748] Initial branch length optimization
[00:00:28 -3245.091231] Model parameter optimization (eps = 10.000000)
[00:00:28 -3140.618103] AUTODETECT spr round 1 (radius: 5)
[00:00:28 -3105.919185] AUTODETECT spr round 2 (radius: 10)
[00:00:28 -3100.883029] AUTODETECT spr round 3 (radius: 15)
[00:00:28] [worker #2] ML tree search #15, logLikelihood: -3100.077286
[00:00:29 -3100.872906] SPR radius for FAST iterations: 10 (autodetect)
[00:00:29 -3100.872906] Model parameter optimization (eps = 3.000000)
[00:00:29 -3100.348877] FAST spr round 1 (radius: 10)
[00:00:29 -3099.801486] Model parameter optimization (eps = 1.000000)
[00:00:29 -3099.684120] SLOW spr round 1 (radius: 5)
[00:00:30 -3099.467665] SLOW spr round 2 (radius: 10)
[00:00:30 -3099.467634] SLOW spr round 3 (radius: 15)
[00:00:31 -3099.467620] SLOW spr round 4 (radius: 20)
[00:00:32 -3099.467607] SLOW spr round 5 (radius: 25)
[00:00:32 -3099.467593] Model parameter optimization (eps = 0.100000)

[00:00:33] [worker #0] ML tree search #17, logLikelihood: -3099.418453

[00:00:33] [worker #2] ML tree search #19, logLikelihood: -3099.936488
[00:00:36] [worker #1] ML tree search #18, logLikelihood: -3097.576639

Optimized model parameters:

   Partition 0: noname
   Rate heterogeneity: GAMMA (4 cats, mean),  alpha: 0.483950 (ML),  weights&rates: (0.250000,0.030453) (0.250000,0.241309) (0.250000,0.808229) (0.250000,2.920010) 
   Base frequencies (empirical): 0.316877 0.209157 0.202550 0.271416 
   Substitution rates (ML): 0.514208 4.050028 0.781879 0.634207 3.413853 1.000000 


Final LogLikelihood: -3096.238912

AIC score: 6616.477823 / AICc score: 6928.976093 / BIC score: 7510.821048
Free parameters (model + branch lengths): 212

WARNING: Best ML tree contains 56 near-zero branches!

Best ML tree with collapsed near-zero branches saved to: /data/jeremias/eucs/roadies/output/genes/gene_134_filtered.fa.aln.raxml.bestTreeCollapsed
Best ML tree saved to: /data/jeremias/eucs/roadies/output/genes/gene_134_filtered.fa.aln.raxml.bestTree
All ML trees saved to: /data/jeremias/eucs/roadies/output/genes/gene_134_filtered.fa.aln.raxml.mlTrees
Optimized model saved to: /data/jeremias/eucs/roadies/output/genes/gene_134_filtered.fa.aln.raxml.bestModel

Execution log saved to: /data/jeremias/eucs/roadies/output/genes/gene_134_filtered.fa.aln.raxml.log

Analysis started: 29-Jul-2024 17:34:16 / finished: 29-Jul-2024 17:34:52

Elapsed time: 36.174 seconds

