
RAxML-NG v. 1.2.2 released on 11.04.2024 by The Exelixis Lab.
Developed by: Alexey M. Kozlov and Alexandros Stamatakis.
Contributors: Diego Darriba, Tomas Flouri, Benoit Morel, Sarah Lutteropp, Ben Bettisworth, Julia Haag, Anastasis Togkousidis.
Latest version: https://github.com/amkozlov/raxml-ng
Questions/problems/suggestions? Please visit: https://groups.google.com/forum/#!forum/raxml

System: AMD EPYC 7742 64-Core Processor, 128 cores, 1007 GB RAM

RAxML-NG was called at 29-Jul-2024 17:30:09 as follows:

raxml-ng --msa /data/jeremias/eucs/roadies/output/genes/gene_38_filtered.fa.aln --model GTR+G+F --redo --threads auto{4} --blopt nr_safe

Analysis options:
  run mode: ML tree search
  start tree(s): random (10) + parsimony (10)
  random seed: 1722238209
  tip-inner: OFF
  pattern compression: ON
  per-rate scalers: OFF
  site repeats: ON
  logLH epsilon: general: 10.000000, brlen-triplet: 1000.000000
  fast spr radius: AUTO
  spr subtree cutoff: 1.000000
  fast CLV updates: ON
  branch lengths: proportional (ML estimate, algorithm: NR-SAFE)
  SIMD kernels: AVX2
  parallelization: coarse-grained (auto), PTHREADS (auto)

WARNING: Running in REDO mode: existing checkpoints are ignored, and all result files will be overwritten!

[00:00:00] Reading alignment from file: /data/jeremias/eucs/roadies/output/genes/gene_38_filtered.fa.aln
[00:00:00] Loaded alignment with 107 taxa and 515 sites

WARNING: Sequences E_sid_E_mel_0 and E_lansdowneana_0 are exactly identical!
WARNING: Sequences E_polyanthemos_1 and E_dawsonii_1 are exactly identical!
WARNING: Duplicate sequences found: 2

NOTE: Reduced alignment (with duplicates and gap-only sites/taxa removed) 
NOTE: was saved to: /data/jeremias/eucs/roadies/output/genes/gene_38_filtered.fa.aln.raxml.reduced.phy

Alignment comprises 1 partitions and 353 patterns

Partition 0: noname
Model: GTR+FC+G4m
Alignment sites / patterns: 515 / 353
Gaps: 8.59 %
Invariant sites: 38.25 %


NOTE: Binary MSA file created: /data/jeremias/eucs/roadies/output/genes/gene_38_filtered.fa.aln.raxml.rba

Parallelization scheme autoconfig: 4 worker(s) x 1 thread(s)

[00:00:00] Generating 10 random starting tree(s) with 107 taxa
[00:00:00] Generating 10 parsimony starting tree(s) with 107 taxa
Parallel parsimony with 4 threads
Parallel reduction/worker buffer size: 1 KB  / 0 KB

[00:00:00] Data distribution: max. partitions/sites/weight per thread: 1 / 353 / 5648
[00:00:00] Data distribution: max. searches per worker: 5

Starting ML tree search with 20 distinct starting trees

[00:00:00 -16570.135168] Initial branch length optimization
[00:00:00 -13656.493062] Model parameter optimization (eps = 10.000000)
[00:00:00 -12359.223256] AUTODETECT spr round 1 (radius: 5)
[00:00:00 -7984.879637] AUTODETECT spr round 2 (radius: 10)
[00:00:01 -5501.186448] AUTODETECT spr round 3 (radius: 15)
[00:00:01 -5348.396503] AUTODETECT spr round 4 (radius: 20)
[00:00:02 -5348.191685] AUTODETECT spr round 5 (radius: 25)
[00:00:02 -5348.171858] SPR radius for FAST iterations: 20 (autodetect)
[00:00:02 -5348.171858] Model parameter optimization (eps = 3.000000)
[00:00:02 -5120.439822] FAST spr round 1 (radius: 20)
[00:00:02 -4626.722489] FAST spr round 2 (radius: 20)
[00:00:03 -4612.105927] FAST spr round 3 (radius: 20)
[00:00:03 -4612.105430] Model parameter optimization (eps = 1.000000)
[00:00:03 -4607.467846] SLOW spr round 1 (radius: 5)
[00:00:04 -4604.919208] SLOW spr round 2 (radius: 10)
[00:00:05 -4604.919172] SLOW spr round 3 (radius: 15)
[00:00:07 -4604.919172] SLOW spr round 4 (radius: 20)
[00:00:07] [worker #3] ML tree search #4, logLikelihood: -4603.942029
[00:00:07] [worker #2] ML tree search #3, logLikelihood: -4603.942122
[00:00:07 -4604.919172] SLOW spr round 5 (radius: 25)
[00:00:07 -4604.919172] Model parameter optimization (eps = 0.100000)

[00:00:07] [worker #0] ML tree search #1, logLikelihood: -4604.885835

[00:00:07 -15811.573869] Initial branch length optimization
[00:00:08 -12815.847961] Model parameter optimization (eps = 10.000000)
[00:00:08] [worker #1] ML tree search #2, logLikelihood: -4604.885261
[00:00:08 -11810.245273] AUTODETECT spr round 1 (radius: 5)
[00:00:08 -6809.733864] AUTODETECT spr round 2 (radius: 10)
[00:00:09 -5355.303600] AUTODETECT spr round 3 (radius: 15)
[00:00:09 -5119.685225] AUTODETECT spr round 4 (radius: 20)
[00:00:10 -5119.615555] SPR radius for FAST iterations: 15 (autodetect)
[00:00:10 -5119.615555] Model parameter optimization (eps = 3.000000)
[00:00:10 -4907.275978] FAST spr round 1 (radius: 15)
[00:00:10 -4627.721116] FAST spr round 2 (radius: 15)
[00:00:11 -4613.971993] FAST spr round 3 (radius: 15)
[00:00:11 -4610.988142] Model parameter optimization (eps = 1.000000)
[00:00:11 -4609.468816] SLOW spr round 1 (radius: 5)
[00:00:12 -4604.498970] SLOW spr round 2 (radius: 10)
[00:00:13 -4604.008804] SLOW spr round 3 (radius: 15)
[00:00:14 -4604.008804] SLOW spr round 4 (radius: 20)
[00:00:15] [worker #3] ML tree search #8, logLikelihood: -4605.169062
[00:00:15 -4604.008804] SLOW spr round 5 (radius: 25)
[00:00:15] [worker #1] ML tree search #6, logLikelihood: -4604.221244
[00:00:15 -4604.008804] Model parameter optimization (eps = 0.100000)
[00:00:15] [worker #2] ML tree search #7, logLikelihood: -4604.885527

[00:00:15] [worker #0] ML tree search #5, logLikelihood: -4603.981794

[00:00:15 -16285.278208] Initial branch length optimization
[00:00:15 -13372.667563] Model parameter optimization (eps = 10.000000)
[00:00:16 -12244.449471] AUTODETECT spr round 1 (radius: 5)
[00:00:16 -6938.936478] AUTODETECT spr round 2 (radius: 10)
[00:00:16 -6080.025204] AUTODETECT spr round 3 (radius: 15)
[00:00:17 -5256.118190] AUTODETECT spr round 4 (radius: 20)
[00:00:17 -5255.900697] AUTODETECT spr round 5 (radius: 25)
[00:00:18 -5255.884696] SPR radius for FAST iterations: 20 (autodetect)
[00:00:18 -5255.884696] Model parameter optimization (eps = 3.000000)
[00:00:18 -5046.049384] FAST spr round 1 (radius: 20)
[00:00:18 -4628.517484] FAST spr round 2 (radius: 20)
[00:00:19 -4617.620702] FAST spr round 3 (radius: 20)
[00:00:19 -4617.620402] Model parameter optimization (eps = 1.000000)
[00:00:19 -4614.017035] SLOW spr round 1 (radius: 5)
[00:00:20 -4607.927571] SLOW spr round 2 (radius: 10)
[00:00:21] [worker #2] ML tree search #11, logLikelihood: -4603.941996
[00:00:21] [worker #3] ML tree search #12, logLikelihood: -4603.942199
[00:00:21 -4604.024599] SLOW spr round 3 (radius: 15)
[00:00:22 -4604.024598] SLOW spr round 4 (radius: 20)
[00:00:23 -4604.024598] SLOW spr round 5 (radius: 25)
[00:00:24] [worker #1] ML tree search #10, logLikelihood: -4604.471233
[00:00:24 -4604.024598] Model parameter optimization (eps = 0.100000)

[00:00:24] [worker #0] ML tree search #9, logLikelihood: -4603.941958

[00:00:24 -6175.797374] Initial branch length optimization
[00:00:24 -4753.913097] Model parameter optimization (eps = 10.000000)
[00:00:24 -4639.828476] AUTODETECT spr round 1 (radius: 5)
[00:00:24 -4611.108827] AUTODETECT spr round 2 (radius: 10)
[00:00:25 -4609.780118] AUTODETECT spr round 3 (radius: 15)
[00:00:26 -4609.779707] SPR radius for FAST iterations: 10 (autodetect)
[00:00:26 -4609.779707] Model parameter optimization (eps = 3.000000)
[00:00:26 -4609.709015] FAST spr round 1 (radius: 10)
[00:00:26 -4608.867961] Model parameter optimization (eps = 1.000000)
[00:00:26 -4608.864702] SLOW spr round 1 (radius: 5)
[00:00:27 -4604.050449] SLOW spr round 2 (radius: 10)
[00:00:27] [worker #2] ML tree search #15, logLikelihood: -4605.401974
[00:00:27] [worker #3] ML tree search #16, logLikelihood: -4604.471518
[00:00:28 -4604.050448] SLOW spr round 3 (radius: 15)
[00:00:29 -4604.050448] SLOW spr round 4 (radius: 20)
[00:00:30 -4604.050448] SLOW spr round 5 (radius: 25)
[00:00:30] [worker #1] ML tree search #14, logLikelihood: -4604.863331
[00:00:30 -4604.050448] Model parameter optimization (eps = 0.100000)

[00:00:30] [worker #0] ML tree search #13, logLikelihood: -4604.033682

[00:00:30 -6167.183023] Initial branch length optimization
[00:00:30 -4758.083196] Model parameter optimization (eps = 10.000000)
[00:00:31 -4644.327767] AUTODETECT spr round 1 (radius: 5)
[00:00:31 -4614.936290] AUTODETECT spr round 2 (radius: 10)
[00:00:31 -4609.505713] AUTODETECT spr round 3 (radius: 15)
[00:00:32 -4608.498615] AUTODETECT spr round 4 (radius: 20)
[00:00:32 -4608.496235] SPR radius for FAST iterations: 15 (autodetect)
[00:00:32 -4608.496235] Model parameter optimization (eps = 3.000000)
[00:00:32 -4608.411112] FAST spr round 1 (radius: 15)
[00:00:33 -4605.687127] Model parameter optimization (eps = 1.000000)
[00:00:33 -4605.684302] SLOW spr round 1 (radius: 5)
[00:00:33] [worker #2] ML tree search #19, logLikelihood: -4605.401755
[00:00:33] [worker #3] ML tree search #20, logLikelihood: -4606.190133
[00:00:34 -4603.985523] SLOW spr round 2 (radius: 10)
[00:00:35 -4603.985519] SLOW spr round 3 (radius: 15)
[00:00:36] [worker #1] ML tree search #18, logLikelihood: -4605.087970
[00:00:36 -4603.985519] SLOW spr round 4 (radius: 20)
[00:00:37 -4603.985519] SLOW spr round 5 (radius: 25)
[00:00:37 -4603.985519] Model parameter optimization (eps = 0.100000)

[00:00:37] [worker #0] ML tree search #17, logLikelihood: -4603.981363


Optimized model parameters:

   Partition 0: noname
   Rate heterogeneity: GAMMA (4 cats, mean),  alpha: 1.429761 (ML),  weights&rates: (0.250000,0.214265) (0.250000,0.576432) (0.250000,1.046016) (0.250000,2.163287) 
   Base frequencies (empirical): 0.318802 0.234530 0.197288 0.249380 
   Substitution rates (ML): 0.625980 2.566583 0.597518 0.795490 2.217022 1.000000 


Final LogLikelihood: -4603.941958

AIC score: 9647.883916 / AICc score: 9978.632216 / BIC score: 10581.600634
Free parameters (model + branch lengths): 220

WARNING: Best ML tree contains 41 near-zero branches!

Best ML tree with collapsed near-zero branches saved to: /data/jeremias/eucs/roadies/output/genes/gene_38_filtered.fa.aln.raxml.bestTreeCollapsed
Best ML tree saved to: /data/jeremias/eucs/roadies/output/genes/gene_38_filtered.fa.aln.raxml.bestTree
All ML trees saved to: /data/jeremias/eucs/roadies/output/genes/gene_38_filtered.fa.aln.raxml.mlTrees
Optimized model saved to: /data/jeremias/eucs/roadies/output/genes/gene_38_filtered.fa.aln.raxml.bestModel

Execution log saved to: /data/jeremias/eucs/roadies/output/genes/gene_38_filtered.fa.aln.raxml.log

Analysis started: 29-Jul-2024 17:30:09 / finished: 29-Jul-2024 17:30:47

Elapsed time: 37.722 seconds

