
RAxML-NG v. 1.2.2 released on 11.04.2024 by The Exelixis Lab.
Developed by: Alexey M. Kozlov and Alexandros Stamatakis.
Contributors: Diego Darriba, Tomas Flouri, Benoit Morel, Sarah Lutteropp, Ben Bettisworth, Julia Haag, Anastasis Togkousidis.
Latest version: https://github.com/amkozlov/raxml-ng
Questions/problems/suggestions? Please visit: https://groups.google.com/forum/#!forum/raxml

System: AMD EPYC 7742 64-Core Processor, 128 cores, 1007 GB RAM

RAxML-NG was called at 29-Jul-2024 16:41:30 as follows:

raxml-ng --msa /data/jeremias/eucs/roadies/output/genes/gene_122_filtered.fa.aln --model GTR+G+F --redo --threads auto{4} --blopt nr_safe

Analysis options:
  run mode: ML tree search
  start tree(s): random (10) + parsimony (10)
  random seed: 1722235290
  tip-inner: OFF
  pattern compression: ON
  per-rate scalers: OFF
  site repeats: ON
  logLH epsilon: general: 10.000000, brlen-triplet: 1000.000000
  fast spr radius: AUTO
  spr subtree cutoff: 1.000000
  fast CLV updates: ON
  branch lengths: proportional (ML estimate, algorithm: NR-SAFE)
  SIMD kernels: AVX2
  parallelization: coarse-grained (auto), PTHREADS (auto)

WARNING: Running in REDO mode: existing checkpoints are ignored, and all result files will be overwritten!

[00:00:00] Reading alignment from file: /data/jeremias/eucs/roadies/output/genes/gene_122_filtered.fa.aln
[00:00:00] Loaded alignment with 37 taxa and 519 sites

WARNING: Sequences E_pauciflora_0 and E_ANBG9806169_0 are exactly identical!
WARNING: Sequences E_shirleyi_0 and E_lansdowneana_0 are exactly identical!
WARNING: Duplicate sequences found: 2

NOTE: Reduced alignment (with duplicates and gap-only sites/taxa removed) 
NOTE: was saved to: /data/jeremias/eucs/roadies/output/genes/gene_122_filtered.fa.aln.raxml.reduced.phy

Alignment comprises 1 partitions and 122 patterns

Partition 0: noname
Model: GTR+FC+G4m
Alignment sites / patterns: 519 / 122
Gaps: 4.08 %
Invariant sites: 81.50 %


NOTE: Binary MSA file created: /data/jeremias/eucs/roadies/output/genes/gene_122_filtered.fa.aln.raxml.rba

Parallelization scheme autoconfig: 4 worker(s) x 1 thread(s)

[00:00:00] Generating 10 random starting tree(s) with 37 taxa
[00:00:00] Generating 10 parsimony starting tree(s) with 37 taxa
Parallel parsimony with 4 threads
Parallel reduction/worker buffer size: 1 KB  / 0 KB

[00:00:00] Data distribution: max. partitions/sites/weight per thread: 1 / 122 / 1952
[00:00:00] Data distribution: max. searches per worker: 5

Starting ML tree search with 20 distinct starting trees

[00:00:00 -2949.912904] Initial branch length optimization
[00:00:00 -2129.517810] Model parameter optimization (eps = 10.000000)
[00:00:00 -1975.605549] AUTODETECT spr round 1 (radius: 5)
[00:00:00 -1697.400679] AUTODETECT spr round 2 (radius: 10)
[00:00:00 -1577.568220] AUTODETECT spr round 3 (radius: 15)
[00:00:00 -1576.433028] AUTODETECT spr round 4 (radius: 20)
[00:00:00 -1576.432964] SPR radius for FAST iterations: 15 (autodetect)
[00:00:00 -1576.432964] Model parameter optimization (eps = 3.000000)
[00:00:00 -1571.710763] FAST spr round 1 (radius: 15)
[00:00:00 -1537.770687] FAST spr round 2 (radius: 15)
[00:00:00 -1537.770502] Model parameter optimization (eps = 1.000000)
[00:00:00 -1537.063634] SLOW spr round 1 (radius: 5)
[00:00:00 -1537.063256] SLOW spr round 2 (radius: 10)
[00:00:00] [worker #3] ML tree search #4, logLikelihood: -1537.060526
[00:00:00 -1536.696365] SLOW spr round 3 (radius: 15)
[00:00:00 -1536.696138] SLOW spr round 4 (radius: 20)
[00:00:00 -1536.696138] SLOW spr round 5 (radius: 25)
[00:00:00 -1536.696138] Model parameter optimization (eps = 0.100000)

[00:00:00] [worker #0] ML tree search #1, logLikelihood: -1536.688134

[00:00:00] [worker #2] ML tree search #3, logLikelihood: -1537.060532
[00:00:00 -2912.085846] Initial branch length optimization
[00:00:00 -2089.379214] Model parameter optimization (eps = 10.000000)
[00:00:00] [worker #1] ML tree search #2, logLikelihood: -1537.060589
[00:00:01 -1942.047406] AUTODETECT spr round 1 (radius: 5)
[00:00:01 -1603.499754] AUTODETECT spr round 2 (radius: 10)
[00:00:01 -1572.901968] AUTODETECT spr round 3 (radius: 15)
[00:00:01 -1572.845941] SPR radius for FAST iterations: 10 (autodetect)
[00:00:01 -1572.845941] Model parameter optimization (eps = 3.000000)
[00:00:01 -1566.999862] FAST spr round 1 (radius: 10)
[00:00:01 -1550.406141] FAST spr round 2 (radius: 10)
[00:00:01 -1536.987640] FAST spr round 3 (radius: 10)
[00:00:01 -1536.987342] Model parameter optimization (eps = 1.000000)
[00:00:01 -1536.163549] SLOW spr round 1 (radius: 5)
[00:00:01] [worker #3] ML tree search #8, logLikelihood: -1537.060530
[00:00:01 -1536.163346] SLOW spr round 2 (radius: 10)
[00:00:01 -1536.163346] SLOW spr round 3 (radius: 15)
[00:00:01 -1536.163346] SLOW spr round 4 (radius: 20)
[00:00:01] [worker #2] ML tree search #7, logLikelihood: -1537.429029
[00:00:01 -1536.163346] SLOW spr round 5 (radius: 25)
[00:00:01 -1536.163346] Model parameter optimization (eps = 0.100000)

[00:00:01] [worker #0] ML tree search #5, logLikelihood: -1536.160437

[00:00:01 -2935.885216] Initial branch length optimization
[00:00:01 -2125.390197] Model parameter optimization (eps = 10.000000)
[00:00:01] [worker #1] ML tree search #6, logLikelihood: -1537.995422
[00:00:01 -1976.283360] AUTODETECT spr round 1 (radius: 5)
[00:00:01 -1660.150565] AUTODETECT spr round 2 (radius: 10)
[00:00:01 -1620.240846] AUTODETECT spr round 3 (radius: 15)
[00:00:01 -1620.108507] AUTODETECT spr round 4 (radius: 20)
[00:00:01 -1620.103628] SPR radius for FAST iterations: 15 (autodetect)
[00:00:02 -1620.103628] Model parameter optimization (eps = 3.000000)
[00:00:02 -1616.850143] FAST spr round 1 (radius: 15)
[00:00:02] [worker #3] ML tree search #12, logLikelihood: -1536.688169
[00:00:02 -1551.367448] FAST spr round 2 (radius: 15)
[00:00:02 -1542.036700] Model parameter optimization (eps = 1.000000)
[00:00:02 -1540.359832] SLOW spr round 1 (radius: 5)
[00:00:02 -1536.729071] SLOW spr round 2 (radius: 10)
[00:00:02] [worker #2] ML tree search #11, logLikelihood: -1536.160472
[00:00:02 -1536.729069] SLOW spr round 3 (radius: 15)
[00:00:02 -1536.729069] SLOW spr round 4 (radius: 20)
[00:00:02] [worker #3] ML tree search #16, logLikelihood: -1537.060524
[00:00:02] [worker #1] ML tree search #10, logLikelihood: -1536.688116
[00:00:02 -1536.729069] SLOW spr round 5 (radius: 25)
[00:00:02 -1536.729069] Model parameter optimization (eps = 0.100000)

[00:00:02] [worker #0] ML tree search #9, logLikelihood: -1536.688233

[00:00:02 -2477.101035] Initial branch length optimization
[00:00:02 -1591.636978] Model parameter optimization (eps = 10.000000)
[00:00:02 -1547.294133] AUTODETECT spr round 1 (radius: 5)
[00:00:02 -1538.609188] AUTODETECT spr round 2 (radius: 10)
[00:00:03 -1537.550847] AUTODETECT spr round 3 (radius: 15)
[00:00:03 -1537.550799] SPR radius for FAST iterations: 10 (autodetect)
[00:00:03 -1537.550799] Model parameter optimization (eps = 3.000000)
[00:00:03 -1537.453961] FAST spr round 1 (radius: 10)
[00:00:03 -1537.453949] Model parameter optimization (eps = 1.000000)
[00:00:03 -1537.453904] SLOW spr round 1 (radius: 5)
[00:00:03] [worker #2] ML tree search #15, logLikelihood: -1536.688117
[00:00:03 -1537.060539] SLOW spr round 2 (radius: 10)
[00:00:03] [worker #3] ML tree search #20, logLikelihood: -1537.060529
[00:00:03] [worker #1] ML tree search #14, logLikelihood: -1537.060526
[00:00:03 -1537.060539] SLOW spr round 3 (radius: 15)
[00:00:03 -1537.060539] SLOW spr round 4 (radius: 20)
[00:00:03 -1537.060539] SLOW spr round 5 (radius: 25)
[00:00:03 -1537.060539] Model parameter optimization (eps = 0.100000)

[00:00:03] [worker #0] ML tree search #13, logLikelihood: -1537.060537

[00:00:03 -2474.511590] Initial branch length optimization
[00:00:03 -1594.460896] Model parameter optimization (eps = 10.000000)
[00:00:03 -1548.974834] AUTODETECT spr round 1 (radius: 5)
[00:00:03 -1537.031276] AUTODETECT spr round 2 (radius: 10)
[00:00:03 -1536.938971] SPR radius for FAST iterations: 5 (autodetect)
[00:00:03 -1536.938971] Model parameter optimization (eps = 3.000000)
[00:00:03 -1536.749510] FAST spr round 1 (radius: 5)
[00:00:03 -1536.688412] Model parameter optimization (eps = 1.000000)
[00:00:03 -1536.688379] SLOW spr round 1 (radius: 5)
[00:00:03] [worker #2] ML tree search #19, logLikelihood: -1537.060532
[00:00:03] [worker #1] ML tree search #18, logLikelihood: -1537.060524
[00:00:04 -1536.688108] SLOW spr round 2 (radius: 10)
[00:00:04 -1536.688108] SLOW spr round 3 (radius: 15)
[00:00:04 -1536.688108] SLOW spr round 4 (radius: 20)
[00:00:04 -1536.688108] SLOW spr round 5 (radius: 25)
[00:00:04 -1536.688108] Model parameter optimization (eps = 0.100000)

[00:00:04] [worker #0] ML tree search #17, logLikelihood: -1536.688108


Optimized model parameters:

   Partition 0: noname
   Rate heterogeneity: GAMMA (4 cats, mean),  alpha: 0.458121 (ML),  weights&rates: (0.250000,0.025914) (0.250000,0.223700) (0.250000,0.787231) (0.250000,2.963156) 
   Base frequencies (empirical): 0.342147 0.199577 0.160921 0.297356 
   Substitution rates (ML): 1.593833 7.881247 1.264124 2.474704 7.940527 1.000000 


Final LogLikelihood: -1536.160437

AIC score: 3232.320874 / AICc score: 3261.909915 / BIC score: 3572.473185
Free parameters (model + branch lengths): 80

WARNING: Best ML tree contains 15 near-zero branches!

Best ML tree with collapsed near-zero branches saved to: /data/jeremias/eucs/roadies/output/genes/gene_122_filtered.fa.aln.raxml.bestTreeCollapsed
Best ML tree saved to: /data/jeremias/eucs/roadies/output/genes/gene_122_filtered.fa.aln.raxml.bestTree
All ML trees saved to: /data/jeremias/eucs/roadies/output/genes/gene_122_filtered.fa.aln.raxml.mlTrees
Optimized model saved to: /data/jeremias/eucs/roadies/output/genes/gene_122_filtered.fa.aln.raxml.bestModel

Execution log saved to: /data/jeremias/eucs/roadies/output/genes/gene_122_filtered.fa.aln.raxml.log

Analysis started: 29-Jul-2024 16:41:30 / finished: 29-Jul-2024 16:41:34

Elapsed time: 4.377 seconds

