
RAxML-NG v. 1.2.2 released on 11.04.2024 by The Exelixis Lab.
Developed by: Alexey M. Kozlov and Alexandros Stamatakis.
Contributors: Diego Darriba, Tomas Flouri, Benoit Morel, Sarah Lutteropp, Ben Bettisworth, Julia Haag, Anastasis Togkousidis.
Latest version: https://github.com/amkozlov/raxml-ng
Questions/problems/suggestions? Please visit: https://groups.google.com/forum/#!forum/raxml

System: AMD EPYC 7742 64-Core Processor, 128 cores, 1007 GB RAM

RAxML-NG was called at 29-Jul-2024 14:22:00 as follows:

raxml-ng --msa /data/jeremias/eucs/roadies/output/genes/gene_131_filtered.fa.aln --model GTR+G+F --redo --threads auto{4} --blopt nr_safe

Analysis options:
  run mode: ML tree search
  start tree(s): random (10) + parsimony (10)
  random seed: 1722226920
  tip-inner: OFF
  pattern compression: ON
  per-rate scalers: OFF
  site repeats: ON
  logLH epsilon: general: 10.000000, brlen-triplet: 1000.000000
  fast spr radius: AUTO
  spr subtree cutoff: 1.000000
  fast CLV updates: ON
  branch lengths: proportional (ML estimate, algorithm: NR-SAFE)
  SIMD kernels: AVX2
  parallelization: coarse-grained (auto), PTHREADS (auto)

WARNING: Running in REDO mode: existing checkpoints are ignored, and all result files will be overwritten!

[00:00:00] Reading alignment from file: /data/jeremias/eucs/roadies/output/genes/gene_131_filtered.fa.aln
[00:00:00] Loaded alignment with 94 taxa and 573 sites

WARNING: Sequences E_pauciflora_3 and E_pauciflora_4 are exactly identical!
WARNING: Sequences E_coolabah_2 and E_shirleyi_2 are exactly identical!
WARNING: Sequences E_camaldulensis_0 and E_grandis_0 are exactly identical!
WARNING: Duplicate sequences found: 3

NOTE: Reduced alignment (with duplicates and gap-only sites/taxa removed) 
NOTE: was saved to: /data/jeremias/eucs/roadies/output/genes/gene_131_filtered.fa.aln.raxml.reduced.phy

Alignment comprises 1 partitions and 474 patterns

Partition 0: noname
Model: GTR+FC+G4m
Alignment sites / patterns: 573 / 474
Gaps: 18.73 %
Invariant sites: 22.51 %


NOTE: Binary MSA file created: /data/jeremias/eucs/roadies/output/genes/gene_131_filtered.fa.aln.raxml.rba

Parallelization scheme autoconfig: 4 worker(s) x 1 thread(s)

[00:00:00] Generating 10 random starting tree(s) with 94 taxa
[00:00:00] Generating 10 parsimony starting tree(s) with 94 taxa
Parallel parsimony with 4 threads
Parallel reduction/worker buffer size: 1 KB  / 0 KB

[00:00:00] Data distribution: max. partitions/sites/weight per thread: 1 / 474 / 7584
[00:00:00] Data distribution: max. searches per worker: 5

Starting ML tree search with 20 distinct starting trees

[00:00:00 -29166.204799] Initial branch length optimization
[00:00:00 -18641.165604] Model parameter optimization (eps = 10.000000)
[00:00:00 -17359.836386] AUTODETECT spr round 1 (radius: 5)
[00:00:01 -9844.283852] AUTODETECT spr round 2 (radius: 10)
[00:00:01 -7288.145592] AUTODETECT spr round 3 (radius: 15)
[00:00:02 -6442.883259] AUTODETECT spr round 4 (radius: 20)
[00:00:03 -6439.932698] AUTODETECT spr round 5 (radius: 25)
[00:00:03 -6438.787026] SPR radius for FAST iterations: 25 (autodetect)
[00:00:03 -6438.787026] Model parameter optimization (eps = 3.000000)
[00:00:03 -6173.365265] FAST spr round 1 (radius: 25)
[00:00:04 -5844.552893] FAST spr round 2 (radius: 25)
[00:00:05 -5823.591111] FAST spr round 3 (radius: 25)
[00:00:05 -5823.073982] Model parameter optimization (eps = 1.000000)
[00:00:05 -5817.312296] SLOW spr round 1 (radius: 5)
[00:00:07 -5817.310551] SLOW spr round 2 (radius: 10)
[00:00:08 -5816.842330] SLOW spr round 3 (radius: 15)
[00:00:11 -5816.842330] SLOW spr round 4 (radius: 20)
[00:00:12 -5816.842330] SLOW spr round 5 (radius: 25)
[00:00:12 -5816.842330] Model parameter optimization (eps = 0.100000)

[00:00:13] [worker #0] ML tree search #1, logLikelihood: -5816.817063

[00:00:13 -29303.935231] Initial branch length optimization
[00:00:13] [worker #1] ML tree search #2, logLikelihood: -5823.060271
[00:00:13 -19161.060855] Model parameter optimization (eps = 10.000000)
[00:00:13] [worker #3] ML tree search #4, logLikelihood: -5821.756755
[00:00:13 -17905.140059] AUTODETECT spr round 1 (radius: 5)
[00:00:14 -10758.140966] AUTODETECT spr round 2 (radius: 10)
[00:00:14 -7374.040114] AUTODETECT spr round 3 (radius: 15)
[00:00:15 -6621.403413] AUTODETECT spr round 4 (radius: 20)
[00:00:15 -6611.706538] AUTODETECT spr round 5 (radius: 25)
[00:00:16 -6373.736463] SPR radius for FAST iterations: 25 (autodetect)
[00:00:16 -6373.736463] Model parameter optimization (eps = 3.000000)
[00:00:16 -6116.096543] FAST spr round 1 (radius: 25)
[00:00:16] [worker #2] ML tree search #3, logLikelihood: -5816.639345
[00:00:17 -5886.463132] FAST spr round 2 (radius: 25)
[00:00:17 -5871.225701] FAST spr round 3 (radius: 25)
[00:00:18 -5832.811353] FAST spr round 4 (radius: 25)
[00:00:19 -5831.063398] Model parameter optimization (eps = 1.000000)
[00:00:19 -5824.992467] SLOW spr round 1 (radius: 5)
[00:00:21 -5820.051366] SLOW spr round 2 (radius: 10)
[00:00:22 -5818.859619] SLOW spr round 3 (radius: 15)
[00:00:24 -5818.859610] SLOW spr round 4 (radius: 20)
[00:00:25] [worker #1] ML tree search #6, logLikelihood: -5815.510485
[00:00:26 -5818.859610] SLOW spr round 5 (radius: 25)
[00:00:26] [worker #3] ML tree search #8, logLikelihood: -5823.292347
[00:00:26 -5818.859610] Model parameter optimization (eps = 0.100000)

[00:00:26] [worker #0] ML tree search #5, logLikelihood: -5818.671398

[00:00:26 -29958.104270] Initial branch length optimization
[00:00:26 -19085.549541] Model parameter optimization (eps = 10.000000)
[00:00:27 -17743.314715] AUTODETECT spr round 1 (radius: 5)
[00:00:28 -10139.521156] AUTODETECT spr round 2 (radius: 10)
[00:00:29 -7230.401996] AUTODETECT spr round 3 (radius: 15)
[00:00:30 -6399.023223] AUTODETECT spr round 4 (radius: 20)
[00:00:30 -6394.657850] AUTODETECT spr round 5 (radius: 25)
[00:00:31 -6392.900805] SPR radius for FAST iterations: 25 (autodetect)
[00:00:31 -6392.900805] Model parameter optimization (eps = 3.000000)
[00:00:31 -6097.238427] FAST spr round 1 (radius: 25)
[00:00:32 -5863.923720] FAST spr round 2 (radius: 25)
[00:00:33 -5839.923791] FAST spr round 3 (radius: 25)
[00:00:33] [worker #2] ML tree search #7, logLikelihood: -5819.568943
[00:00:33 -5837.311246] Model parameter optimization (eps = 1.000000)
[00:00:34 -5835.378972] SLOW spr round 1 (radius: 5)
[00:00:36 -5829.242633] SLOW spr round 2 (radius: 10)
[00:00:37] [worker #1] ML tree search #10, logLikelihood: -5825.924288
[00:00:37] [worker #3] ML tree search #12, logLikelihood: -5817.277788
[00:00:38 -5825.959022] SLOW spr round 3 (radius: 15)
[00:00:39 -5824.938795] SLOW spr round 4 (radius: 20)
[00:00:41 -5824.938794] SLOW spr round 5 (radius: 25)
[00:00:42 -5824.938794] Model parameter optimization (eps = 0.100000)

[00:00:42] [worker #0] ML tree search #9, logLikelihood: -5824.804012

[00:00:42 -7830.836321] Initial branch length optimization
[00:00:42 -6049.801224] Model parameter optimization (eps = 10.000000)
[00:00:42 -5890.866761] AUTODETECT spr round 1 (radius: 5)
[00:00:43 -5846.168933] AUTODETECT spr round 2 (radius: 10)
[00:00:43 -5834.598211] AUTODETECT spr round 3 (radius: 15)
[00:00:44 -5834.357980] AUTODETECT spr round 4 (radius: 20)
[00:00:44] [worker #2] ML tree search #11, logLikelihood: -5818.899900
[00:00:45 -5834.180165] AUTODETECT spr round 5 (radius: 25)
[00:00:45 -5834.029424] SPR radius for FAST iterations: 25 (autodetect)
[00:00:45 -5834.029424] Model parameter optimization (eps = 3.000000)
[00:00:45 -5832.872687] FAST spr round 1 (radius: 25)
[00:00:45 -5823.829693] Model parameter optimization (eps = 1.000000)
[00:00:46 -5823.711854] SLOW spr round 1 (radius: 5)
[00:00:47 -5823.546420] SLOW spr round 2 (radius: 10)
[00:00:49 -5820.663910] SLOW spr round 3 (radius: 15)
[00:00:49] [worker #1] ML tree search #14, logLikelihood: -5818.520110
[00:00:49] [worker #3] ML tree search #16, logLikelihood: -5829.160892
[00:00:51 -5820.663908] SLOW spr round 4 (radius: 20)
[00:00:53 -5820.663908] SLOW spr round 5 (radius: 25)
[00:00:54 -5820.663908] Model parameter optimization (eps = 0.100000)

[00:00:54] [worker #0] ML tree search #13, logLikelihood: -5820.642469

[00:00:54 -7819.452452] Initial branch length optimization
[00:00:54 -6058.590660] Model parameter optimization (eps = 10.000000)
[00:00:54 -5895.284404] AUTODETECT spr round 1 (radius: 5)
[00:00:55 -5860.383402] AUTODETECT spr round 2 (radius: 10)
[00:00:55 -5850.338192] AUTODETECT spr round 3 (radius: 15)
[00:00:56 -5845.748691] AUTODETECT spr round 4 (radius: 20)
[00:00:56] [worker #2] ML tree search #15, logLikelihood: -5819.022798
[00:00:57 -5844.699005] AUTODETECT spr round 5 (radius: 25)
[00:00:57 -5844.649633] SPR radius for FAST iterations: 20 (autodetect)
[00:00:57 -5844.649633] Model parameter optimization (eps = 3.000000)
[00:00:57 -5844.000671] FAST spr round 1 (radius: 20)
[00:00:57 -5831.028020] FAST spr round 2 (radius: 20)
[00:00:58 -5830.279707] Model parameter optimization (eps = 1.000000)
[00:00:58 -5830.114727] SLOW spr round 1 (radius: 5)
[00:01:01 -5829.692464] SLOW spr round 2 (radius: 10)
[00:01:01] [worker #3] ML tree search #20, logLikelihood: -5819.506633
[00:01:01] [worker #1] ML tree search #18, logLikelihood: -5823.295411
[00:01:03 -5824.971952] SLOW spr round 3 (radius: 15)
[00:01:06 -5824.971915] SLOW spr round 4 (radius: 20)
[00:01:08 -5824.971915] SLOW spr round 5 (radius: 25)
[00:01:09 -5824.971915] Model parameter optimization (eps = 0.100000)

[00:01:09] [worker #0] ML tree search #17, logLikelihood: -5824.941990

[00:01:11] [worker #2] ML tree search #19, logLikelihood: -5823.405836

Optimized model parameters:

   Partition 0: noname
   Rate heterogeneity: GAMMA (4 cats, mean),  alpha: 2.553426 (ML),  weights&rates: (0.250000,0.351464) (0.250000,0.703363) (0.250000,1.079209) (0.250000,1.865964) 
   Base frequencies (empirical): 0.286563 0.189770 0.215173 0.308494 
   Substitution rates (ML): 1.499965 4.518441 1.195078 1.970497 4.390049 1.000000 


Final LogLikelihood: -5815.510485

AIC score: 12019.020970 / AICc score: 12219.179701 / BIC score: 12863.092799
Free parameters (model + branch lengths): 194

WARNING: Best ML tree contains 26 near-zero branches!

Best ML tree with collapsed near-zero branches saved to: /data/jeremias/eucs/roadies/output/genes/gene_131_filtered.fa.aln.raxml.bestTreeCollapsed
Best ML tree saved to: /data/jeremias/eucs/roadies/output/genes/gene_131_filtered.fa.aln.raxml.bestTree
All ML trees saved to: /data/jeremias/eucs/roadies/output/genes/gene_131_filtered.fa.aln.raxml.mlTrees
Optimized model saved to: /data/jeremias/eucs/roadies/output/genes/gene_131_filtered.fa.aln.raxml.bestModel

Execution log saved to: /data/jeremias/eucs/roadies/output/genes/gene_131_filtered.fa.aln.raxml.log

Analysis started: 29-Jul-2024 14:22:00 / finished: 29-Jul-2024 14:23:12

Elapsed time: 71.518 seconds

