
RAxML-NG v. 1.2.2 released on 11.04.2024 by The Exelixis Lab.
Developed by: Alexey M. Kozlov and Alexandros Stamatakis.
Contributors: Diego Darriba, Tomas Flouri, Benoit Morel, Sarah Lutteropp, Ben Bettisworth, Julia Haag, Anastasis Togkousidis.
Latest version: https://github.com/amkozlov/raxml-ng
Questions/problems/suggestions? Please visit: https://groups.google.com/forum/#!forum/raxml

System: AMD EPYC 7742 64-Core Processor, 128 cores, 1007 GB RAM

RAxML-NG was called at 29-Jul-2024 14:58:58 as follows:

raxml-ng --msa /data/jeremias/eucs/roadies/output/genes/gene_60_filtered.fa.aln --model GTR+G+F --redo --threads auto{4} --blopt nr_safe

Analysis options:
  run mode: ML tree search
  start tree(s): random (10) + parsimony (10)
  random seed: 1722229138
  tip-inner: OFF
  pattern compression: ON
  per-rate scalers: OFF
  site repeats: ON
  logLH epsilon: general: 10.000000, brlen-triplet: 1000.000000
  fast spr radius: AUTO
  spr subtree cutoff: 1.000000
  fast CLV updates: ON
  branch lengths: proportional (ML estimate, algorithm: NR-SAFE)
  SIMD kernels: AVX2
  parallelization: coarse-grained (auto), PTHREADS (auto)

WARNING: Running in REDO mode: existing checkpoints are ignored, and all result files will be overwritten!

[00:00:00] Reading alignment from file: /data/jeremias/eucs/roadies/output/genes/gene_60_filtered.fa.aln
[00:00:00] Loaded alignment with 360 taxa and 502 sites

Alignment comprises 1 partitions and 482 patterns

Partition 0: noname
Model: GTR+FC+G4m
Alignment sites / patterns: 502 / 482
Gaps: 0.89 %
Invariant sites: 6.97 %


NOTE: Binary MSA file created: /data/jeremias/eucs/roadies/output/genes/gene_60_filtered.fa.aln.raxml.rba

Parallelization scheme autoconfig: 4 worker(s) x 1 thread(s)

[00:00:00] Generating 10 random starting tree(s) with 360 taxa
[00:00:00] Generating 10 parsimony starting tree(s) with 360 taxa
Parallel parsimony with 4 threads
Parallel reduction/worker buffer size: 1 KB  / 0 KB

[00:00:00] Data distribution: max. partitions/sites/weight per thread: 1 / 482 / 7712
[00:00:00] Data distribution: max. searches per worker: 5

Starting ML tree search with 20 distinct starting trees

[00:00:00 -75711.449051] Initial branch length optimization
[00:00:00 -65840.035132] Model parameter optimization (eps = 10.000000)
[00:00:02 -58582.474795] AUTODETECT spr round 1 (radius: 5)
[00:00:03 -43366.195982] AUTODETECT spr round 2 (radius: 10)
[00:00:06 -33592.207930] AUTODETECT spr round 3 (radius: 15)
[00:00:10 -28155.780312] AUTODETECT spr round 4 (radius: 20)
[00:00:16 -27635.845596] AUTODETECT spr round 5 (radius: 25)
[00:00:22 -27630.344382] SPR radius for FAST iterations: 25 (autodetect)
[00:00:22 -27630.344382] Model parameter optimization (eps = 3.000000)
[00:00:23 -27500.775906] FAST spr round 1 (radius: 25)
[00:00:25 -24056.005275] FAST spr round 2 (radius: 25)
[00:00:28 -23680.507633] FAST spr round 3 (radius: 25)
[00:00:30 -23673.866345] Model parameter optimization (eps = 1.000000)
[00:00:31 -23669.377544] SLOW spr round 1 (radius: 5)
[00:00:37 -23663.058669] SLOW spr round 2 (radius: 10)
[00:00:41 -23660.004153] SLOW spr round 3 (radius: 15)
[00:00:54 -23660.003967] SLOW spr round 4 (radius: 20)
[00:01:09 -23660.003837] SLOW spr round 5 (radius: 25)
[00:01:20] [worker #2] ML tree search #3, logLikelihood: -23657.624774
[00:01:22 -23660.003713] Model parameter optimization (eps = 0.100000)
[00:01:22] [worker #3] ML tree search #4, logLikelihood: -23663.396778

[00:01:22] [worker #0] ML tree search #1, logLikelihood: -23659.992941

[00:01:22 -75050.070335] Initial branch length optimization
[00:01:22 -64773.223148] Model parameter optimization (eps = 10.000000)
[00:01:24 -57665.926191] AUTODETECT spr round 1 (radius: 5)
[00:01:24] [worker #1] ML tree search #2, logLikelihood: -23656.540237
[00:01:25 -42846.774742] AUTODETECT spr round 2 (radius: 10)
[00:01:28 -30763.743579] AUTODETECT spr round 3 (radius: 15)
[00:01:33 -27458.108594] AUTODETECT spr round 4 (radius: 20)
[00:01:41 -27030.348571] AUTODETECT spr round 5 (radius: 25)
[00:01:51 -27028.512293] SPR radius for FAST iterations: 25 (autodetect)
[00:01:58 -27028.512293] Model parameter optimization (eps = 3.000000)
[00:02:03 -26918.338737] FAST spr round 1 (radius: 25)
[00:02:08 -23897.044919] FAST spr round 2 (radius: 25)
[00:02:11 -23674.050190] FAST spr round 3 (radius: 25)
[00:02:14 -23668.250362] Model parameter optimization (eps = 1.000000)
[00:02:16 -23666.004014] SLOW spr round 1 (radius: 5)
[00:02:24 -23660.972918] SLOW spr round 2 (radius: 10)
[00:02:32 -23660.088225] SLOW spr round 3 (radius: 15)
[00:02:48 -23660.088052] SLOW spr round 4 (radius: 20)
[00:03:07 -23660.087935] SLOW spr round 5 (radius: 25)
[00:03:08] [worker #3] ML tree search #8, logLikelihood: -23668.336377
[00:03:15] [worker #2] ML tree search #7, logLikelihood: -23662.893564
[00:03:17] [worker #1] ML tree search #6, logLikelihood: -23659.554446
[00:03:29 -23660.087819] Model parameter optimization (eps = 0.100000)

[00:03:30] [worker #0] ML tree search #5, logLikelihood: -23660.074098

[00:03:30 -75823.146883] Initial branch length optimization
[00:03:30 -66022.267670] Model parameter optimization (eps = 10.000000)
[00:03:35 -58704.643406] AUTODETECT spr round 1 (radius: 5)
[00:03:37 -42692.882767] AUTODETECT spr round 2 (radius: 10)
[00:03:42 -32500.741036] AUTODETECT spr round 3 (radius: 15)
[00:03:49 -27250.109022] AUTODETECT spr round 4 (radius: 20)
[00:03:57 -26809.228753] AUTODETECT spr round 5 (radius: 25)
[00:04:06 -26806.863152] SPR radius for FAST iterations: 25 (autodetect)
[00:04:06 -26806.863152] Model parameter optimization (eps = 3.000000)
[00:04:06 -26670.187855] FAST spr round 1 (radius: 25)
[00:04:10 -23931.235300] FAST spr round 2 (radius: 25)
[00:04:14 -23737.242017] FAST spr round 3 (radius: 25)
[00:04:16 -23669.053696] FAST spr round 4 (radius: 25)
[00:04:18 -23665.636850] Model parameter optimization (eps = 1.000000)
[00:04:18 -23663.299994] SLOW spr round 1 (radius: 5)
[00:04:25 -23656.831780] SLOW spr round 2 (radius: 10)
[00:04:31 -23655.815973] SLOW spr round 3 (radius: 15)
[00:04:45 -23655.815650] SLOW spr round 4 (radius: 20)
[00:04:55] [worker #1] ML tree search #10, logLikelihood: -23664.000105
[00:04:56] [worker #3] ML tree search #12, logLikelihood: -23669.650586
[00:05:02 -23655.815551] SLOW spr round 5 (radius: 25)
[00:05:05] [worker #2] ML tree search #11, logLikelihood: -23668.572932
[00:05:16 -23655.815451] Model parameter optimization (eps = 0.100000)

[00:05:16] [worker #0] ML tree search #9, logLikelihood: -23655.799723

[00:05:16 -29193.267405] Initial branch length optimization
[00:05:16 -25927.326746] Model parameter optimization (eps = 10.000000)
[00:05:17 -23923.439532] AUTODETECT spr round 1 (radius: 5)
[00:05:18 -23699.070280] AUTODETECT spr round 2 (radius: 10)
[00:05:22 -23689.555494] AUTODETECT spr round 3 (radius: 15)
[00:05:28 -23686.932844] AUTODETECT spr round 4 (radius: 20)
[00:05:35 -23686.907566] SPR radius for FAST iterations: 15 (autodetect)
[00:05:35 -23686.907566] Model parameter optimization (eps = 3.000000)
[00:05:35 -23686.561061] FAST spr round 1 (radius: 15)
[00:05:38 -23661.341252] FAST spr round 2 (radius: 15)
[00:05:40 -23659.944826] Model parameter optimization (eps = 1.000000)
[00:05:40 -23659.824037] SLOW spr round 1 (radius: 5)
[00:05:45 -23656.398879] SLOW spr round 2 (radius: 10)
[00:05:50 -23655.208209] SLOW spr round 3 (radius: 15)
[00:06:02 -23655.207044] SLOW spr round 4 (radius: 20)
[00:06:15] [worker #1] ML tree search #14, logLikelihood: -23665.422620
[00:06:16] [worker #3] ML tree search #16, logLikelihood: -23651.969498
[00:06:17 -23655.206527] SLOW spr round 5 (radius: 25)
[00:06:18] [worker #2] ML tree search #15, logLikelihood: -23663.835226
[00:06:32 -23655.206064] Model parameter optimization (eps = 0.100000)

[00:06:32] [worker #0] ML tree search #13, logLikelihood: -23655.190604

[00:06:32 -29233.833264] Initial branch length optimization
[00:06:33 -25952.531372] Model parameter optimization (eps = 10.000000)
[00:06:33 -23939.735617] AUTODETECT spr round 1 (radius: 5)
[00:06:35 -23711.817458] AUTODETECT spr round 2 (radius: 10)
[00:06:39 -23692.638812] AUTODETECT spr round 3 (radius: 15)
[00:06:46 -23687.576500] AUTODETECT spr round 4 (radius: 20)
[00:06:59 -23687.550649] SPR radius for FAST iterations: 15 (autodetect)
[00:06:59 -23687.550649] Model parameter optimization (eps = 3.000000)
[00:07:00 -23687.207983] FAST spr round 1 (radius: 15)
[00:07:02 -23659.883059] FAST spr round 2 (radius: 15)
[00:07:04 -23658.225321] Model parameter optimization (eps = 1.000000)
[00:07:05 -23658.167570] SLOW spr round 1 (radius: 5)
[00:07:13 -23656.311357] SLOW spr round 2 (radius: 10)
[00:07:18 -23655.871147] SLOW spr round 3 (radius: 15)
[00:07:32 -23655.870690] SLOW spr round 4 (radius: 20)
[00:07:49 -23655.870653] SLOW spr round 5 (radius: 25)
[00:08:00] [worker #3] ML tree search #20, logLikelihood: -23661.357107
[00:08:06 -23655.870653] Model parameter optimization (eps = 0.100000)

[00:08:06] [worker #0] ML tree search #17, logLikelihood: -23655.845214

[00:08:07] [worker #1] ML tree search #18, logLikelihood: -23667.590764
[00:08:09] [worker #2] ML tree search #19, logLikelihood: -23657.761415

Optimized model parameters:

   Partition 0: noname
   Rate heterogeneity: GAMMA (4 cats, mean),  alpha: 0.874096 (ML),  weights&rates: (0.250000,0.111201) (0.250000,0.435339) (0.250000,0.975546) (0.250000,2.477914) 
   Base frequencies (empirical): 0.276906 0.213647 0.219554 0.289893 
   Substitution rates (ML): 0.968676 7.350116 0.913916 0.721596 7.432747 1.000000 


Final LogLikelihood: -23651.969498

AIC score: 48755.938996 / AICc score: 1104359.938996 / BIC score: 51818.642683
Free parameters (model + branch lengths): 726

WARNING: Number of free parameters (K=726) is larger than alignment size (n=502).
         This might lead to overfitting and compromise tree inference results!


WARNING: Best ML tree contains 51 near-zero branches!

Best ML tree with collapsed near-zero branches saved to: /data/jeremias/eucs/roadies/output/genes/gene_60_filtered.fa.aln.raxml.bestTreeCollapsed
Best ML tree saved to: /data/jeremias/eucs/roadies/output/genes/gene_60_filtered.fa.aln.raxml.bestTree
All ML trees saved to: /data/jeremias/eucs/roadies/output/genes/gene_60_filtered.fa.aln.raxml.mlTrees
Optimized model saved to: /data/jeremias/eucs/roadies/output/genes/gene_60_filtered.fa.aln.raxml.bestModel

Execution log saved to: /data/jeremias/eucs/roadies/output/genes/gene_60_filtered.fa.aln.raxml.log

Analysis started: 29-Jul-2024 14:58:58 / finished: 29-Jul-2024 15:07:08

Elapsed time: 489.836 seconds

