
RAxML-NG v. 1.2.2 released on 11.04.2024 by The Exelixis Lab.
Developed by: Alexey M. Kozlov and Alexandros Stamatakis.
Contributors: Diego Darriba, Tomas Flouri, Benoit Morel, Sarah Lutteropp, Ben Bettisworth, Julia Haag, Anastasis Togkousidis.
Latest version: https://github.com/amkozlov/raxml-ng
Questions/problems/suggestions? Please visit: https://groups.google.com/forum/#!forum/raxml

System: AMD EPYC 7742 64-Core Processor, 128 cores, 1007 GB RAM

RAxML-NG was called at 29-Jul-2024 16:10:55 as follows:

raxml-ng --msa /data/jeremias/eucs/roadies/output/genes/gene_24_filtered.fa.aln --model GTR+G+F --redo --threads auto{4} --blopt nr_safe

Analysis options:
  run mode: ML tree search
  start tree(s): random (10) + parsimony (10)
  random seed: 1722233455
  tip-inner: OFF
  pattern compression: ON
  per-rate scalers: OFF
  site repeats: ON
  logLH epsilon: general: 10.000000, brlen-triplet: 1000.000000
  fast spr radius: AUTO
  spr subtree cutoff: 1.000000
  fast CLV updates: ON
  branch lengths: proportional (ML estimate, algorithm: NR-SAFE)
  SIMD kernels: AVX2
  parallelization: coarse-grained (auto), PTHREADS (auto)

WARNING: Running in REDO mode: existing checkpoints are ignored, and all result files will be overwritten!

[00:00:00] Reading alignment from file: /data/jeremias/eucs/roadies/output/genes/gene_24_filtered.fa.aln
[00:00:00] Loaded alignment with 27 taxa and 503 sites

Alignment comprises 1 partitions and 102 patterns

Partition 0: noname
Model: GTR+FC+G4m
Alignment sites / patterns: 503 / 102
Gaps: 1.10 %
Invariant sites: 80.72 %


NOTE: Binary MSA file created: /data/jeremias/eucs/roadies/output/genes/gene_24_filtered.fa.aln.raxml.rba

Parallelization scheme autoconfig: 4 worker(s) x 1 thread(s)

[00:00:00] Generating 10 random starting tree(s) with 27 taxa
[00:00:00] Generating 10 parsimony starting tree(s) with 27 taxa
Parallel parsimony with 4 threads
Parallel reduction/worker buffer size: 1 KB  / 0 KB

[00:00:00] Data distribution: max. partitions/sites/weight per thread: 1 / 102 / 1632
[00:00:00] Data distribution: max. searches per worker: 5

Starting ML tree search with 20 distinct starting trees

[00:00:00 -2623.774955] Initial branch length optimization
[00:00:00 -2004.492517] Model parameter optimization (eps = 10.000000)
[00:00:00 -1887.256382] AUTODETECT spr round 1 (radius: 5)
[00:00:00 -1497.475735] AUTODETECT spr round 2 (radius: 10)
[00:00:00 -1497.466730] SPR radius for FAST iterations: 5 (autodetect)
[00:00:00 -1497.466730] Model parameter optimization (eps = 3.000000)
[00:00:00 -1491.830719] FAST spr round 1 (radius: 5)
[00:00:00 -1432.467959] FAST spr round 2 (radius: 5)
[00:00:00 -1432.467955] Model parameter optimization (eps = 1.000000)
[00:00:00 -1427.580945] SLOW spr round 1 (radius: 5)
[00:00:00 -1427.580910] SLOW spr round 2 (radius: 10)
[00:00:00] [worker #2] ML tree search #3, logLikelihood: -1427.580910
[00:00:00] [worker #1] ML tree search #2, logLikelihood: -1427.580910
[00:00:00 -1427.580910] SLOW spr round 3 (radius: 15)
[00:00:00] [worker #3] ML tree search #4, logLikelihood: -1427.580910
[00:00:00 -1427.580910] SLOW spr round 4 (radius: 20)
[00:00:00 -1427.580910] SLOW spr round 5 (radius: 25)
[00:00:00 -1427.580910] Model parameter optimization (eps = 0.100000)

[00:00:00] [worker #0] ML tree search #1, logLikelihood: -1427.580910

[00:00:00 -2536.813606] Initial branch length optimization
[00:00:00 -1923.102320] Model parameter optimization (eps = 10.000000)
[00:00:00 -1838.411016] AUTODETECT spr round 1 (radius: 5)
[00:00:00 -1489.115509] AUTODETECT spr round 2 (radius: 10)
[00:00:00 -1480.072478] AUTODETECT spr round 3 (radius: 15)
[00:00:00 -1480.068778] SPR radius for FAST iterations: 10 (autodetect)
[00:00:00 -1480.068778] Model parameter optimization (eps = 3.000000)
[00:00:00 -1473.947321] FAST spr round 1 (radius: 10)
[00:00:00 -1430.040605] FAST spr round 2 (radius: 10)
[00:00:00 -1430.040605] Model parameter optimization (eps = 1.000000)
[00:00:00 -1427.580943] SLOW spr round 1 (radius: 5)
[00:00:00] [worker #1] ML tree search #6, logLikelihood: -1427.580947
[00:00:00] [worker #2] ML tree search #7, logLikelihood: -1427.580909
[00:00:00 -1427.580910] SLOW spr round 2 (radius: 10)
[00:00:00] [worker #3] ML tree search #8, logLikelihood: -1427.580943
[00:00:00 -1427.580910] SLOW spr round 3 (radius: 15)
[00:00:00 -1427.580910] SLOW spr round 4 (radius: 20)
[00:00:00 -1427.580910] SLOW spr round 5 (radius: 25)
[00:00:00 -1427.580910] Model parameter optimization (eps = 0.100000)

[00:00:00] [worker #0] ML tree search #5, logLikelihood: -1427.580909

[00:00:00 -2614.164984] Initial branch length optimization
[00:00:00 -1982.077056] Model parameter optimization (eps = 10.000000)
[00:00:00 -1879.243216] AUTODETECT spr round 1 (radius: 5)
[00:00:00 -1499.021466] AUTODETECT spr round 2 (radius: 10)
[00:00:00 -1475.485700] AUTODETECT spr round 3 (radius: 15)
[00:00:00 -1475.466720] SPR radius for FAST iterations: 10 (autodetect)
[00:00:00 -1475.466720] Model parameter optimization (eps = 3.000000)
[00:00:00 -1469.038667] FAST spr round 1 (radius: 10)
[00:00:00] [worker #3] ML tree search #12, logLikelihood: -1428.751174
[00:00:00 -1431.769825] FAST spr round 2 (radius: 10)
[00:00:01] [worker #2] ML tree search #11, logLikelihood: -1427.580909
[00:00:01 -1431.335649] Model parameter optimization (eps = 1.000000)
[00:00:01 -1428.751263] SLOW spr round 1 (radius: 5)
[00:00:01] [worker #1] ML tree search #10, logLikelihood: -1428.751176
[00:00:01 -1427.692527] SLOW spr round 2 (radius: 10)
[00:00:01 -1427.692527] SLOW spr round 3 (radius: 15)
[00:00:01] [worker #3] ML tree search #16, logLikelihood: -1428.751176
[00:00:01 -1427.692527] SLOW spr round 4 (radius: 20)
[00:00:01 -1427.692527] SLOW spr round 5 (radius: 25)
[00:00:01 -1427.692527] Model parameter optimization (eps = 0.100000)

[00:00:01] [worker #0] ML tree search #9, logLikelihood: -1427.580911

[00:00:01 -2171.162465] Initial branch length optimization
[00:00:01 -1442.895326] Model parameter optimization (eps = 10.000000)
[00:00:01 -1428.325613] AUTODETECT spr round 1 (radius: 5)
[00:00:01 -1428.325611] SPR radius for FAST iterations: 5 (autodetect)
[00:00:01 -1428.325611] Model parameter optimization (eps = 3.000000)
[00:00:01 -1428.325611] FAST spr round 1 (radius: 5)
[00:00:01 -1428.325611] Model parameter optimization (eps = 1.000000)
[00:00:01] [worker #2] ML tree search #15, logLikelihood: -1428.751175
[00:00:01 -1428.325611] SLOW spr round 1 (radius: 5)
[00:00:01] [worker #1] ML tree search #14, logLikelihood: -1427.580908
[00:00:01 -1427.585856] SLOW spr round 2 (radius: 10)
[00:00:01 -1427.585856] SLOW spr round 3 (radius: 15)
[00:00:01] [worker #3] ML tree search #20, logLikelihood: -1427.580910
[00:00:01 -1427.585856] SLOW spr round 4 (radius: 20)
[00:00:01 -1427.585856] SLOW spr round 5 (radius: 25)
[00:00:01 -1427.585856] Model parameter optimization (eps = 0.100000)

[00:00:01] [worker #0] ML tree search #13, logLikelihood: -1427.580909

[00:00:01 -2171.155408] Initial branch length optimization
[00:00:01 -1441.983065] Model parameter optimization (eps = 10.000000)
[00:00:01] [worker #1] ML tree search #18, logLikelihood: -1428.751174
[00:00:01 -1429.087487] AUTODETECT spr round 1 (radius: 5)
[00:00:01] [worker #2] ML tree search #19, logLikelihood: -1428.751176
[00:00:01 -1429.087481] SPR radius for FAST iterations: 5 (autodetect)
[00:00:01 -1429.087481] Model parameter optimization (eps = 3.000000)
[00:00:01 -1429.087481] FAST spr round 1 (radius: 5)
[00:00:01 -1428.758305] Model parameter optimization (eps = 1.000000)
[00:00:01 -1428.751209] SLOW spr round 1 (radius: 5)
[00:00:01 -1427.692565] SLOW spr round 2 (radius: 10)
[00:00:02 -1427.692565] SLOW spr round 3 (radius: 15)
[00:00:02 -1427.692565] SLOW spr round 4 (radius: 20)
[00:00:02 -1427.692565] SLOW spr round 5 (radius: 25)
[00:00:03 -1427.692565] Model parameter optimization (eps = 0.100000)

[00:00:03] [worker #0] ML tree search #17, logLikelihood: -1427.580912


Optimized model parameters:

   Partition 0: noname
   Rate heterogeneity: GAMMA (4 cats, mean),  alpha: 3.078013 (ML),  weights&rates: (0.250000,0.395208) (0.250000,0.735758) (0.250000,1.082875) (0.250000,1.786159) 
   Base frequencies (empirical): 0.329437 0.169669 0.188207 0.312686 
   Substitution rates (ML): 1.145946 3.065826 1.205751 1.282187 3.348137 1.000000 


Final LogLikelihood: -1427.580908

AIC score: 2975.161817 / AICc score: 2991.722903 / BIC score: 3228.397227
Free parameters (model + branch lengths): 60

WARNING: Best ML tree contains 9 near-zero branches!

Best ML tree with collapsed near-zero branches saved to: /data/jeremias/eucs/roadies/output/genes/gene_24_filtered.fa.aln.raxml.bestTreeCollapsed
Best ML tree saved to: /data/jeremias/eucs/roadies/output/genes/gene_24_filtered.fa.aln.raxml.bestTree
All ML trees saved to: /data/jeremias/eucs/roadies/output/genes/gene_24_filtered.fa.aln.raxml.mlTrees
Optimized model saved to: /data/jeremias/eucs/roadies/output/genes/gene_24_filtered.fa.aln.raxml.bestModel

Execution log saved to: /data/jeremias/eucs/roadies/output/genes/gene_24_filtered.fa.aln.raxml.log

Analysis started: 29-Jul-2024 16:10:55 / finished: 29-Jul-2024 16:10:59

Elapsed time: 3.714 seconds

