
RAxML-NG v. 1.2.2 released on 11.04.2024 by The Exelixis Lab.
Developed by: Alexey M. Kozlov and Alexandros Stamatakis.
Contributors: Diego Darriba, Tomas Flouri, Benoit Morel, Sarah Lutteropp, Ben Bettisworth, Julia Haag, Anastasis Togkousidis.
Latest version: https://github.com/amkozlov/raxml-ng
Questions/problems/suggestions? Please visit: https://groups.google.com/forum/#!forum/raxml

System: AMD EPYC 7742 64-Core Processor, 128 cores, 1007 GB RAM

RAxML-NG was called at 29-Jul-2024 14:22:47 as follows:

raxml-ng --msa /data/jeremias/eucs/roadies/output/genes/gene_161_filtered.fa.aln --model GTR+G+F --redo --threads auto{4} --blopt nr_safe

Analysis options:
  run mode: ML tree search
  start tree(s): random (10) + parsimony (10)
  random seed: 1722226967
  tip-inner: OFF
  pattern compression: ON
  per-rate scalers: OFF
  site repeats: ON
  logLH epsilon: general: 10.000000, brlen-triplet: 1000.000000
  fast spr radius: AUTO
  spr subtree cutoff: 1.000000
  fast CLV updates: ON
  branch lengths: proportional (ML estimate, algorithm: NR-SAFE)
  SIMD kernels: AVX2
  parallelization: coarse-grained (auto), PTHREADS (auto)

WARNING: Running in REDO mode: existing checkpoints are ignored, and all result files will be overwritten!

[00:00:00] Reading alignment from file: /data/jeremias/eucs/roadies/output/genes/gene_161_filtered.fa.aln
[00:00:00] Loaded alignment with 343 taxa and 580 sites

WARNING: Sequences E_virginea_0 and E_brandiana_2 are exactly identical!
WARNING: Sequences E_virginea_3 and E_coolabah_2 are exactly identical!
WARNING: Sequences E_virginea_3 and E_dawsonii_3 are exactly identical!
WARNING: Sequences E_virginea_3 and E_decipiens_2 are exactly identical!
WARNING: Sequences E_virginea_3 and E_grandis_8 are exactly identical!
WARNING: Sequences E_coolabah_3 and E_caleyi_2 are exactly identical!
WARNING: Sequences E_pauciflora_2 and E_regnans_6 are exactly identical!
WARNING: Duplicate sequences found: 7

NOTE: Reduced alignment (with duplicates and gap-only sites/taxa removed) 
NOTE: was saved to: /data/jeremias/eucs/roadies/output/genes/gene_161_filtered.fa.aln.raxml.reduced.phy

Alignment comprises 1 partitions and 544 patterns

Partition 0: noname
Model: GTR+FC+G4m
Alignment sites / patterns: 580 / 544
Gaps: 13.74 %
Invariant sites: 10.00 %


NOTE: Binary MSA file created: /data/jeremias/eucs/roadies/output/genes/gene_161_filtered.fa.aln.raxml.rba

Parallelization scheme autoconfig: 4 worker(s) x 1 thread(s)

[00:00:00] Generating 10 random starting tree(s) with 343 taxa
[00:00:00] Generating 10 parsimony starting tree(s) with 343 taxa
Parallel parsimony with 4 threads
Parallel reduction/worker buffer size: 1 KB  / 0 KB

[00:00:00] Data distribution: max. partitions/sites/weight per thread: 1 / 544 / 8704
[00:00:00] Data distribution: max. searches per worker: 5

Starting ML tree search with 20 distinct starting trees

[00:00:00 -69634.349864] Initial branch length optimization
[00:00:00 -60564.614411] Model parameter optimization (eps = 10.000000)
[00:00:08 -57873.969407] AUTODETECT spr round 1 (radius: 5)
[00:00:11 -36204.677262] AUTODETECT spr round 2 (radius: 10)
[00:00:14 -24560.184882] AUTODETECT spr round 3 (radius: 15)
[00:00:23 -21918.983341] AUTODETECT spr round 4 (radius: 20)
[00:00:37 -21849.230853] AUTODETECT spr round 5 (radius: 25)
[00:00:49 -21846.521659] SPR radius for FAST iterations: 25 (autodetect)
[00:00:49 -21846.521659] Model parameter optimization (eps = 3.000000)
[00:00:50 -21617.978834] FAST spr round 1 (radius: 25)
[00:00:53 -19867.159365] FAST spr round 2 (radius: 25)
[00:00:55 -19728.613697] FAST spr round 3 (radius: 25)
[00:00:57 -19723.962987] Model parameter optimization (eps = 1.000000)
[00:00:57 -19722.127140] SLOW spr round 1 (radius: 5)
[00:01:05 -19714.810742] SLOW spr round 2 (radius: 10)
[00:01:11 -19714.810439] SLOW spr round 3 (radius: 15)
[00:01:23] [worker #3] ML tree search #4, logLikelihood: -19715.083659
[00:01:26 -19714.810276] SLOW spr round 4 (radius: 20)
[00:01:35] [worker #2] ML tree search #3, logLikelihood: -19721.092733
[00:01:39 -19714.810109] SLOW spr round 5 (radius: 25)
[00:01:43] [worker #1] ML tree search #2, logLikelihood: -19726.369621
[00:01:51 -19714.809940] Model parameter optimization (eps = 0.100000)

[00:01:51] [worker #0] ML tree search #1, logLikelihood: -19714.806311

[00:01:51 -69782.788152] Initial branch length optimization
[00:01:51 -60661.476909] Model parameter optimization (eps = 10.000000)
[00:01:53 -57878.790290] AUTODETECT spr round 1 (radius: 5)
[00:01:54 -36490.324371] AUTODETECT spr round 2 (radius: 10)
[00:01:57 -24692.683345] AUTODETECT spr round 3 (radius: 15)
[00:02:01 -22118.746344] AUTODETECT spr round 4 (radius: 20)
[00:02:07 -21938.188685] AUTODETECT spr round 5 (radius: 25)
[00:02:13 -21935.063060] SPR radius for FAST iterations: 25 (autodetect)
[00:02:13 -21935.063060] Model parameter optimization (eps = 3.000000)
[00:02:14 -21706.932360] FAST spr round 1 (radius: 25)
[00:02:16 -19793.923770] FAST spr round 2 (radius: 25)
[00:02:18 -19738.632525] FAST spr round 3 (radius: 25)
[00:02:19 -19733.657812] Model parameter optimization (eps = 1.000000)
[00:02:20 -19732.772239] SLOW spr round 1 (radius: 5)
[00:02:25 -19720.113974] SLOW spr round 2 (radius: 5)
[00:02:29 -19717.484140] SLOW spr round 3 (radius: 10)
[00:02:32 -19717.484105] SLOW spr round 4 (radius: 15)
[00:02:41 -19717.484071] SLOW spr round 5 (radius: 20)
[00:02:42] [worker #3] ML tree search #8, logLikelihood: -19715.233464
[00:02:52] [worker #2] ML tree search #7, logLikelihood: -19716.883571
[00:02:59 -19717.484037] SLOW spr round 6 (radius: 25)
[00:02:59] [worker #1] ML tree search #6, logLikelihood: -19724.422112
[00:03:15 -19717.484003] Model parameter optimization (eps = 0.100000)

[00:03:16] [worker #0] ML tree search #5, logLikelihood: -19717.447594

[00:03:16 -68912.686744] Initial branch length optimization
[00:03:16 -60140.000889] Model parameter optimization (eps = 10.000000)
[00:03:17 -57536.831895] AUTODETECT spr round 1 (radius: 5)
[00:03:19 -35550.560852] AUTODETECT spr round 2 (radius: 10)
[00:03:25 -24529.060362] AUTODETECT spr round 3 (radius: 15)
[00:03:32 -22193.077378] AUTODETECT spr round 4 (radius: 20)
[00:03:39 -22172.116473] AUTODETECT spr round 5 (radius: 25)
[00:03:46 -22168.096227] SPR radius for FAST iterations: 25 (autodetect)
[00:03:46 -22168.096227] Model parameter optimization (eps = 3.000000)
[00:03:47 -21948.191360] FAST spr round 1 (radius: 25)
[00:03:49 -19822.806504] FAST spr round 2 (radius: 25)
[00:03:51 -19724.405127] FAST spr round 3 (radius: 25)
[00:03:53 -19722.782949] Model parameter optimization (eps = 1.000000)
[00:03:53 -19719.082324] SLOW spr round 1 (radius: 5)
[00:03:58 -19717.474157] SLOW spr round 2 (radius: 10)
[00:04:03 -19717.474043] SLOW spr round 3 (radius: 15)
[00:04:04] [worker #3] ML tree search #12, logLikelihood: -19723.517605
[00:04:12 -19717.474026] SLOW spr round 4 (radius: 20)
[00:04:13] [worker #2] ML tree search #11, logLikelihood: -19723.631805
[00:04:23] [worker #1] ML tree search #10, logLikelihood: -19717.900599
[00:04:25 -19717.474023] SLOW spr round 5 (radius: 25)
[00:04:37 -19717.474023] Model parameter optimization (eps = 0.100000)

[00:04:37] [worker #0] ML tree search #9, logLikelihood: -19717.470469

[00:04:37 -23960.622538] Initial branch length optimization
[00:04:38 -20724.493131] Model parameter optimization (eps = 10.000000)
[00:04:38 -19860.089479] AUTODETECT spr round 1 (radius: 5)
[00:04:40 -19747.237603] AUTODETECT spr round 2 (radius: 10)
[00:04:42 -19741.851570] AUTODETECT spr round 3 (radius: 15)
[00:04:48 -19741.844809] SPR radius for FAST iterations: 10 (autodetect)
[00:04:48 -19741.844809] Model parameter optimization (eps = 3.000000)
[00:04:48 -19741.669827] FAST spr round 1 (radius: 10)
[00:04:50 -19734.047527] Model parameter optimization (eps = 1.000000)
[00:04:50 -19734.041883] SLOW spr round 1 (radius: 5)
[00:04:55 -19721.409093] SLOW spr round 2 (radius: 5)
[00:04:59 -19721.394113] SLOW spr round 3 (radius: 10)
[00:05:03 -19721.393875] SLOW spr round 4 (radius: 15)
[00:05:09] [worker #2] ML tree search #15, logLikelihood: -19725.132363
[00:05:09] [worker #3] ML tree search #16, logLikelihood: -19723.242310
[00:05:10 -19721.393680] SLOW spr round 5 (radius: 20)
[00:05:19] [worker #1] ML tree search #14, logLikelihood: -19718.697806
[00:05:21 -19721.393483] SLOW spr round 6 (radius: 25)
[00:05:33 -19721.393286] Model parameter optimization (eps = 0.100000)

[00:05:33] [worker #0] ML tree search #13, logLikelihood: -19721.368667

[00:05:33 -23998.489055] Initial branch length optimization
[00:05:33 -20755.431440] Model parameter optimization (eps = 10.000000)
[00:05:34 -19896.666548] AUTODETECT spr round 1 (radius: 5)
[00:05:35 -19746.418126] AUTODETECT spr round 2 (radius: 10)
[00:05:38 -19746.408890] SPR radius for FAST iterations: 5 (autodetect)
[00:05:38 -19746.408890] Model parameter optimization (eps = 3.000000)
[00:05:38 -19746.149740] FAST spr round 1 (radius: 5)
[00:05:40 -19728.126666] FAST spr round 2 (radius: 5)
[00:05:41 -19725.399063] Model parameter optimization (eps = 1.000000)
[00:05:42 -19725.396319] SLOW spr round 1 (radius: 5)
[00:05:48 -19720.799278] SLOW spr round 2 (radius: 10)
[00:05:51 -19720.798940] SLOW spr round 3 (radius: 15)
[00:06:00 -19720.798779] SLOW spr round 4 (radius: 20)
[00:06:06] [worker #3] ML tree search #20, logLikelihood: -19715.177391
[00:06:14 -19720.798635] SLOW spr round 5 (radius: 25)
[00:06:15] [worker #1] ML tree search #18, logLikelihood: -19718.567713
[00:06:17] [worker #2] ML tree search #19, logLikelihood: -19720.917322
[00:06:25 -19720.798490] Model parameter optimization (eps = 0.100000)

[00:06:25] [worker #0] ML tree search #17, logLikelihood: -19720.772931


Optimized model parameters:

   Partition 0: noname
   Rate heterogeneity: GAMMA (4 cats, mean),  alpha: 2.802085 (ML),  weights&rates: (0.250000,0.373347) (0.250000,0.719946) (0.250000,1.081347) (0.250000,1.825360) 
   Base frequencies (empirical): 0.353965 0.174072 0.185982 0.285981 
   Substitution rates (ML): 1.059700 3.411794 0.710910 1.099706 4.231197 1.000000 


Final LogLikelihood: -19714.806311

AIC score: 40813.612622 / AICc score: 999925.612622 / BIC score: 43832.828070
Free parameters (model + branch lengths): 692

WARNING: Number of free parameters (K=692) is larger than alignment size (n=580).
         This might lead to overfitting and compromise tree inference results!


WARNING: Best ML tree contains 94 near-zero branches!

Best ML tree with collapsed near-zero branches saved to: /data/jeremias/eucs/roadies/output/genes/gene_161_filtered.fa.aln.raxml.bestTreeCollapsed
Best ML tree saved to: /data/jeremias/eucs/roadies/output/genes/gene_161_filtered.fa.aln.raxml.bestTree
All ML trees saved to: /data/jeremias/eucs/roadies/output/genes/gene_161_filtered.fa.aln.raxml.mlTrees
Optimized model saved to: /data/jeremias/eucs/roadies/output/genes/gene_161_filtered.fa.aln.raxml.bestModel

Execution log saved to: /data/jeremias/eucs/roadies/output/genes/gene_161_filtered.fa.aln.raxml.log

Analysis started: 29-Jul-2024 14:22:47 / finished: 29-Jul-2024 14:29:13

Elapsed time: 385.637 seconds

