
RAxML-NG v. 1.2.2 released on 11.04.2024 by The Exelixis Lab.
Developed by: Alexey M. Kozlov and Alexandros Stamatakis.
Contributors: Diego Darriba, Tomas Flouri, Benoit Morel, Sarah Lutteropp, Ben Bettisworth, Julia Haag, Anastasis Togkousidis.
Latest version: https://github.com/amkozlov/raxml-ng
Questions/problems/suggestions? Please visit: https://groups.google.com/forum/#!forum/raxml

System: AMD EPYC 7742 64-Core Processor, 128 cores, 1007 GB RAM

RAxML-NG was called at 29-Jul-2024 16:59:45 as follows:

raxml-ng --msa /data/jeremias/eucs/roadies/output/genes/gene_8_filtered.fa.aln --model GTR+G+F --redo --threads auto{4} --blopt nr_safe

Analysis options:
  run mode: ML tree search
  start tree(s): random (10) + parsimony (10)
  random seed: 1722236385
  tip-inner: OFF
  pattern compression: ON
  per-rate scalers: OFF
  site repeats: ON
  logLH epsilon: general: 10.000000, brlen-triplet: 1000.000000
  fast spr radius: AUTO
  spr subtree cutoff: 1.000000
  fast CLV updates: ON
  branch lengths: proportional (ML estimate, algorithm: NR-SAFE)
  SIMD kernels: AVX2
  parallelization: coarse-grained (auto), PTHREADS (auto)

WARNING: Running in REDO mode: existing checkpoints are ignored, and all result files will be overwritten!

[00:00:00] Reading alignment from file: /data/jeremias/eucs/roadies/output/genes/gene_8_filtered.fa.aln
[00:00:00] Loaded alignment with 23 taxa and 537 sites

Alignment comprises 1 partitions and 214 patterns

Partition 0: noname
Model: GTR+FC+G4m
Alignment sites / patterns: 537 / 214
Gaps: 10.92 %
Invariant sites: 53.63 %


NOTE: Binary MSA file created: /data/jeremias/eucs/roadies/output/genes/gene_8_filtered.fa.aln.raxml.rba

Parallelization scheme autoconfig: 4 worker(s) x 1 thread(s)

[00:00:00] Generating 10 random starting tree(s) with 23 taxa
[00:00:00] Generating 10 parsimony starting tree(s) with 23 taxa
Parallel parsimony with 4 threads
Parallel reduction/worker buffer size: 1 KB  / 0 KB

[00:00:00] Data distribution: max. partitions/sites/weight per thread: 1 / 214 / 3424
[00:00:00] Data distribution: max. searches per worker: 5

Starting ML tree search with 20 distinct starting trees

[00:00:00 -3577.224328] Initial branch length optimization
[00:00:00 -2740.017637] Model parameter optimization (eps = 10.000000)
[00:00:00 -2614.714133] AUTODETECT spr round 1 (radius: 5)
[00:00:00 -2233.874172] AUTODETECT spr round 2 (radius: 10)
[00:00:00 -2233.365693] AUTODETECT spr round 3 (radius: 15)
[00:00:00 -2233.283393] SPR radius for FAST iterations: 10 (autodetect)
[00:00:00 -2233.283393] Model parameter optimization (eps = 3.000000)
[00:00:00 -2215.779050] FAST spr round 1 (radius: 10)
[00:00:00 -2203.129200] FAST spr round 2 (radius: 10)
[00:00:00 -2203.120656] Model parameter optimization (eps = 1.000000)
[00:00:00 -2202.147799] SLOW spr round 1 (radius: 5)
[00:00:00 -2202.144412] SLOW spr round 2 (radius: 10)
[00:00:00] [worker #3] ML tree search #4, logLikelihood: -2201.979549
[00:00:00 -2202.144278] SLOW spr round 3 (radius: 15)
[00:00:00 -2202.144270] SLOW spr round 4 (radius: 20)
[00:00:00 -2202.144269] Model parameter optimization (eps = 0.100000)
[00:00:00] [worker #1] ML tree search #2, logLikelihood: -2201.978007
[00:00:00] [worker #2] ML tree search #3, logLikelihood: -2201.977625

[00:00:00] [worker #0] ML tree search #1, logLikelihood: -2201.978958

[00:00:00 -3760.394510] Initial branch length optimization
[00:00:00 -2853.186311] Model parameter optimization (eps = 10.000000)
[00:00:00 -2707.963773] AUTODETECT spr round 1 (radius: 5)
[00:00:00 -2295.203589] AUTODETECT spr round 2 (radius: 10)
[00:00:00 -2263.373377] AUTODETECT spr round 3 (radius: 15)
[00:00:00 -2263.372027] SPR radius for FAST iterations: 10 (autodetect)
[00:00:00 -2263.372027] Model parameter optimization (eps = 3.000000)
[00:00:01 -2234.506676] FAST spr round 1 (radius: 10)
[00:00:01 -2203.476522] FAST spr round 2 (radius: 10)
[00:00:01 -2202.925618] Model parameter optimization (eps = 1.000000)
[00:00:01 -2202.115722] SLOW spr round 1 (radius: 5)
[00:00:01 -2202.108070] SLOW spr round 2 (radius: 10)
[00:00:01] [worker #3] ML tree search #8, logLikelihood: -2201.987048
[00:00:01 -2202.107661] SLOW spr round 3 (radius: 15)
[00:00:01 -2202.107635] SLOW spr round 4 (radius: 20)
[00:00:01 -2202.107634] Model parameter optimization (eps = 0.100000)

[00:00:01] [worker #0] ML tree search #5, logLikelihood: -2201.977972

[00:00:01 -3765.106751] Initial branch length optimization
[00:00:01 -2868.567538] Model parameter optimization (eps = 10.000000)
[00:00:01 -2715.333539] AUTODETECT spr round 1 (radius: 5)
[00:00:01] [worker #2] ML tree search #7, logLikelihood: -2201.979117
[00:00:01 -2473.905935] AUTODETECT spr round 2 (radius: 10)
[00:00:01 -2359.947251] AUTODETECT spr round 3 (radius: 15)
[00:00:01 -2359.763868] AUTODETECT spr round 4 (radius: 20)
[00:00:01] [worker #1] ML tree search #6, logLikelihood: -2201.988695
[00:00:01 -2359.627677] SPR radius for FAST iterations: 20 (autodetect)
[00:00:01 -2359.627677] Model parameter optimization (eps = 3.000000)
[00:00:01 -2345.400280] FAST spr round 1 (radius: 20)
[00:00:01 -2210.123928] FAST spr round 2 (radius: 20)
[00:00:01 -2209.304250] Model parameter optimization (eps = 1.000000)
[00:00:01 -2202.163467] SLOW spr round 1 (radius: 5)
[00:00:02] [worker #3] ML tree search #12, logLikelihood: -2201.975084
[00:00:02 -2202.138647] SLOW spr round 2 (radius: 10)
[00:00:02] [worker #2] ML tree search #11, logLikelihood: -2201.975421
[00:00:02] [worker #1] ML tree search #10, logLikelihood: -2201.990818
[00:00:02 -2202.137168] SLOW spr round 3 (radius: 15)
[00:00:02 -2202.137071] SLOW spr round 4 (radius: 20)
[00:00:02 -2202.137065] Model parameter optimization (eps = 0.100000)

[00:00:02] [worker #0] ML tree search #9, logLikelihood: -2201.978828

[00:00:02 -3079.134714] Initial branch length optimization
[00:00:02 -2287.682784] Model parameter optimization (eps = 10.000000)
[00:00:02 -2219.222251] AUTODETECT spr round 1 (radius: 5)
[00:00:02 -2202.332826] AUTODETECT spr round 2 (radius: 10)
[00:00:02 -2202.253356] SPR radius for FAST iterations: 5 (autodetect)
[00:00:02 -2202.253356] Model parameter optimization (eps = 3.000000)
[00:00:02 -2201.984980] FAST spr round 1 (radius: 5)
[00:00:02 -2201.982840] Model parameter optimization (eps = 1.000000)
[00:00:02 -2201.975947] SLOW spr round 1 (radius: 5)
[00:00:02] [worker #3] ML tree search #16, logLikelihood: -2201.975155
[00:00:02] [worker #2] ML tree search #15, logLikelihood: -2201.975499
[00:00:02 -2201.975930] SLOW spr round 2 (radius: 10)
[00:00:02] [worker #1] ML tree search #14, logLikelihood: -2201.975092
[00:00:02 -2201.975930] SLOW spr round 3 (radius: 15)
[00:00:02 -2201.975930] SLOW spr round 4 (radius: 20)
[00:00:02 -2201.975930] Model parameter optimization (eps = 0.100000)

[00:00:02] [worker #0] ML tree search #13, logLikelihood: -2201.975215

[00:00:02 -3071.908057] Initial branch length optimization
[00:00:02 -2275.984889] Model parameter optimization (eps = 10.000000)
[00:00:03 -2207.820536] AUTODETECT spr round 1 (radius: 5)
[00:00:03 -2202.122960] AUTODETECT spr round 2 (radius: 10)
[00:00:03 -2202.053874] SPR radius for FAST iterations: 5 (autodetect)
[00:00:03 -2202.053874] Model parameter optimization (eps = 3.000000)
[00:00:03 -2201.983537] FAST spr round 1 (radius: 5)
[00:00:03 -2201.981078] Model parameter optimization (eps = 1.000000)
[00:00:03 -2201.975744] SLOW spr round 1 (radius: 5)
[00:00:03] [worker #3] ML tree search #20, logLikelihood: -2201.975080
[00:00:03] [worker #2] ML tree search #19, logLikelihood: -2201.975119
[00:00:03 -2201.975727] SLOW spr round 2 (radius: 10)
[00:00:03] [worker #1] ML tree search #18, logLikelihood: -2201.975078
[00:00:03 -2201.975726] SLOW spr round 3 (radius: 15)
[00:00:03 -2201.975726] SLOW spr round 4 (radius: 20)
[00:00:03 -2201.975726] Model parameter optimization (eps = 0.100000)

[00:00:03] [worker #0] ML tree search #17, logLikelihood: -2201.975162


Optimized model parameters:

   Partition 0: noname
   Rate heterogeneity: GAMMA (4 cats, mean),  alpha: 2.416141 (ML),  weights&rates: (0.250000,0.338359) (0.250000,0.693041) (0.250000,1.077609) (0.250000,1.890990) 
   Base frequencies (empirical): 0.385839 0.157244 0.104799 0.352118 
   Substitution rates (ML): 0.684475 4.478555 0.839052 1.267138 2.896669 1.000000 


Final LogLikelihood: -2201.975078

AIC score: 4507.950156 / AICc score: 4519.338586 / BIC score: 4730.822057
Free parameters (model + branch lengths): 52

WARNING: Best ML tree contains 3 near-zero branches!

Best ML tree with collapsed near-zero branches saved to: /data/jeremias/eucs/roadies/output/genes/gene_8_filtered.fa.aln.raxml.bestTreeCollapsed
Best ML tree saved to: /data/jeremias/eucs/roadies/output/genes/gene_8_filtered.fa.aln.raxml.bestTree
All ML trees saved to: /data/jeremias/eucs/roadies/output/genes/gene_8_filtered.fa.aln.raxml.mlTrees
Optimized model saved to: /data/jeremias/eucs/roadies/output/genes/gene_8_filtered.fa.aln.raxml.bestModel

Execution log saved to: /data/jeremias/eucs/roadies/output/genes/gene_8_filtered.fa.aln.raxml.log

Analysis started: 29-Jul-2024 16:59:45 / finished: 29-Jul-2024 16:59:48

Elapsed time: 3.585 seconds

