
RAxML-NG v. 1.2.2 released on 11.04.2024 by The Exelixis Lab.
Developed by: Alexey M. Kozlov and Alexandros Stamatakis.
Contributors: Diego Darriba, Tomas Flouri, Benoit Morel, Sarah Lutteropp, Ben Bettisworth, Julia Haag, Anastasis Togkousidis.
Latest version: https://github.com/amkozlov/raxml-ng
Questions/problems/suggestions? Please visit: https://groups.google.com/forum/#!forum/raxml

System: AMD EPYC 7742 64-Core Processor, 128 cores, 1007 GB RAM

RAxML-NG was called at 29-Jul-2024 17:17:24 as follows:

raxml-ng --msa /data/jeremias/eucs/roadies/output/genes/gene_158_filtered.fa.aln --model GTR+G+F --redo --threads auto{4} --blopt nr_safe

Analysis options:
  run mode: ML tree search
  start tree(s): random (10) + parsimony (10)
  random seed: 1722237444
  tip-inner: OFF
  pattern compression: ON
  per-rate scalers: OFF
  site repeats: ON
  logLH epsilon: general: 10.000000, brlen-triplet: 1000.000000
  fast spr radius: AUTO
  spr subtree cutoff: 1.000000
  fast CLV updates: ON
  branch lengths: proportional (ML estimate, algorithm: NR-SAFE)
  SIMD kernels: AVX2
  parallelization: coarse-grained (auto), PTHREADS (auto)

WARNING: Running in REDO mode: existing checkpoints are ignored, and all result files will be overwritten!

[00:00:00] Reading alignment from file: /data/jeremias/eucs/roadies/output/genes/gene_158_filtered.fa.aln
[00:00:00] Loaded alignment with 336 taxa and 525 sites

WARNING: Sequences E_sid_E_mel_8 and E_sideroxylon_8 are exactly identical!
WARNING: Sequences E_sid_E_mel_3 and E_shirleyi_4 are exactly identical!
WARNING: Sequences E_sid_E_mel_3 and E_sideroxylon_3 are exactly identical!
WARNING: Sequences E_dawsonii_2 and E_dawsonii_1 are exactly identical!
WARNING: Sequences E_cloeziana_1 and E_regnans_1 are exactly identical!
WARNING: Sequences E_pauciflora_7 and E_pauciflora_6 are exactly identical!
WARNING: Sequences E_dawsonii_8 and E_albens_7 are exactly identical!
WARNING: Sequences E_albens_6 and E_viminalis_3 are exactly identical!
WARNING: Duplicate sequences found: 8

NOTE: Reduced alignment (with duplicates and gap-only sites/taxa removed) 
NOTE: was saved to: /data/jeremias/eucs/roadies/output/genes/gene_158_filtered.fa.aln.raxml.reduced.phy

Alignment comprises 1 partitions and 504 patterns

Partition 0: noname
Model: GTR+FC+G4m
Alignment sites / patterns: 525 / 504
Gaps: 6.07 %
Invariant sites: 8.95 %


NOTE: Binary MSA file created: /data/jeremias/eucs/roadies/output/genes/gene_158_filtered.fa.aln.raxml.rba

Parallelization scheme autoconfig: 4 worker(s) x 1 thread(s)

[00:00:00] Generating 10 random starting tree(s) with 336 taxa
[00:00:00] Generating 10 parsimony starting tree(s) with 336 taxa
Parallel parsimony with 4 threads
Parallel reduction/worker buffer size: 1 KB  / 0 KB

[00:00:00] Data distribution: max. partitions/sites/weight per thread: 1 / 504 / 8064
[00:00:00] Data distribution: max. searches per worker: 5

Starting ML tree search with 20 distinct starting trees

[00:00:00 -54945.770333] Initial branch length optimization
[00:00:00 -46340.616295] Model parameter optimization (eps = 10.000000)
[00:00:05 -43799.823412] AUTODETECT spr round 1 (radius: 5)
[00:00:06 -30891.710580] AUTODETECT spr round 2 (radius: 10)
[00:00:10 -21130.055909] AUTODETECT spr round 3 (radius: 15)
[00:00:16 -17469.382692] AUTODETECT spr round 4 (radius: 20)
[00:00:28 -17251.436540] AUTODETECT spr round 5 (radius: 25)
[00:00:37 -17243.771870] SPR radius for FAST iterations: 25 (autodetect)
[00:00:37 -17243.771870] Model parameter optimization (eps = 3.000000)
[00:00:38 -17109.813382] FAST spr round 1 (radius: 25)
[00:00:41 -15216.527835] FAST spr round 2 (radius: 25)
[00:00:43 -15126.517514] FAST spr round 3 (radius: 25)
[00:00:45 -15122.647676] Model parameter optimization (eps = 1.000000)
[00:00:45 -15117.488611] SLOW spr round 1 (radius: 5)
[00:00:52 -15114.083113] SLOW spr round 2 (radius: 10)
[00:01:00 -15113.951394] SLOW spr round 3 (radius: 15)
[00:01:13 -15113.951349] SLOW spr round 4 (radius: 20)
[00:01:33 -15113.951348] SLOW spr round 5 (radius: 25)
[00:01:46] [worker #1] ML tree search #2, logLikelihood: -15122.775751
[00:01:52 -15113.951348] Model parameter optimization (eps = 0.100000)

[00:01:53] [worker #0] ML tree search #1, logLikelihood: -15113.937189

[00:01:53 -54682.505380] Initial branch length optimization
[00:01:53 -46246.007205] Model parameter optimization (eps = 10.000000)
[00:01:56 -43711.114602] AUTODETECT spr round 1 (radius: 5)
[00:01:57] [worker #3] ML tree search #4, logLikelihood: -15111.723884
[00:01:58 -29155.002915] AUTODETECT spr round 2 (radius: 10)
[00:02:02 -20555.150663] AUTODETECT spr round 3 (radius: 15)
[00:02:06] [worker #2] ML tree search #3, logLikelihood: -15107.058864
[00:02:09 -18127.090284] AUTODETECT spr round 4 (radius: 20)
[00:02:19 -18007.393509] AUTODETECT spr round 5 (radius: 25)
[00:02:28 -17973.285472] SPR radius for FAST iterations: 25 (autodetect)
[00:02:28 -17973.285472] Model parameter optimization (eps = 3.000000)
[00:02:29 -17822.920457] FAST spr round 1 (radius: 25)
[00:02:32 -15279.954192] FAST spr round 2 (radius: 25)
[00:02:34 -15124.802460] FAST spr round 3 (radius: 25)
[00:02:36 -15117.740722] Model parameter optimization (eps = 1.000000)
[00:02:37 -15111.664826] SLOW spr round 1 (radius: 5)
[00:02:45 -15109.803063] SLOW spr round 2 (radius: 10)
[00:02:50 -15109.575305] SLOW spr round 3 (radius: 15)
[00:03:02 -15109.575225] SLOW spr round 4 (radius: 20)
[00:03:20 -15109.575223] SLOW spr round 5 (radius: 25)
[00:03:30] [worker #1] ML tree search #6, logLikelihood: -15122.043393
[00:03:36 -15109.575223] Model parameter optimization (eps = 0.100000)

[00:03:37] [worker #0] ML tree search #5, logLikelihood: -15109.543661

[00:03:37 -55121.619989] Initial branch length optimization
[00:03:37 -46382.302358] Model parameter optimization (eps = 10.000000)
[00:03:38] [worker #3] ML tree search #8, logLikelihood: -15106.412075
[00:03:39 -43905.938291] AUTODETECT spr round 1 (radius: 5)
[00:03:40] [worker #2] ML tree search #7, logLikelihood: -15112.967774
[00:03:40 -30749.892195] AUTODETECT spr round 2 (radius: 10)
[00:03:44 -20144.404529] AUTODETECT spr round 3 (radius: 15)
[00:03:48 -17849.901855] AUTODETECT spr round 4 (radius: 20)
[00:03:54 -17269.728953] AUTODETECT spr round 5 (radius: 25)
[00:04:00 -17267.394783] SPR radius for FAST iterations: 25 (autodetect)
[00:04:00 -17267.394783] Model parameter optimization (eps = 3.000000)
[00:04:01 -17132.571985] FAST spr round 1 (radius: 25)
[00:04:03 -15351.969060] FAST spr round 2 (radius: 25)
[00:04:05 -15142.217436] FAST spr round 3 (radius: 25)
[00:04:07 -15123.913750] FAST spr round 4 (radius: 25)
[00:04:08 -15123.913743] Model parameter optimization (eps = 1.000000)
[00:04:08 -15118.481159] SLOW spr round 1 (radius: 5)
[00:04:13 -15117.413145] SLOW spr round 2 (radius: 10)
[00:04:16 -15117.412791] SLOW spr round 3 (radius: 15)
[00:04:27 -15117.412778] SLOW spr round 4 (radius: 20)
[00:04:40] [worker #3] ML tree search #12, logLikelihood: -15109.760180
[00:04:41 -15117.412777] SLOW spr round 5 (radius: 25)
[00:04:45] [worker #2] ML tree search #11, logLikelihood: -15120.866025
[00:04:46] [worker #1] ML tree search #10, logLikelihood: -15133.511631
[00:04:54 -15117.412777] Model parameter optimization (eps = 0.100000)

[00:04:54] [worker #0] ML tree search #9, logLikelihood: -15117.408446

[00:04:54 -18831.201137] Initial branch length optimization
[00:04:54 -15860.289913] Model parameter optimization (eps = 10.000000)
[00:04:55 -15255.705796] AUTODETECT spr round 1 (radius: 5)
[00:04:56 -15152.952949] AUTODETECT spr round 2 (radius: 10)
[00:05:00 -15142.998514] AUTODETECT spr round 3 (radius: 15)
[00:05:06 -15142.991690] SPR radius for FAST iterations: 10 (autodetect)
[00:05:07 -15142.991690] Model parameter optimization (eps = 3.000000)
[00:05:08 -15142.863344] FAST spr round 1 (radius: 10)
[00:05:09 -15123.830852] FAST spr round 2 (radius: 10)
[00:05:10 -15123.830824] Model parameter optimization (eps = 1.000000)
[00:05:12 -15123.803172] SLOW spr round 1 (radius: 5)
[00:05:16 -15117.609825] SLOW spr round 2 (radius: 10)
[00:05:20 -15117.609815] SLOW spr round 3 (radius: 15)
[00:05:34 -15117.609815] SLOW spr round 4 (radius: 20)
[00:05:48] [worker #3] ML tree search #16, logLikelihood: -15110.036529
[00:05:59 -15117.609815] SLOW spr round 5 (radius: 25)
[00:05:59] [worker #1] ML tree search #14, logLikelihood: -15113.419215
[00:06:06] [worker #2] ML tree search #15, logLikelihood: -15112.964747
[00:06:16 -15117.609815] Model parameter optimization (eps = 0.100000)

[00:06:16] [worker #0] ML tree search #13, logLikelihood: -15117.605634

[00:06:16 -18844.841086] Initial branch length optimization
[00:06:17 -15844.373464] Model parameter optimization (eps = 10.000000)
[00:06:17 -15246.029639] AUTODETECT spr round 1 (radius: 5)
[00:06:19 -15139.121223] AUTODETECT spr round 2 (radius: 10)
[00:06:23 -15135.742483] AUTODETECT spr round 3 (radius: 15)
[00:06:30 -15135.738528] SPR radius for FAST iterations: 10 (autodetect)
[00:06:30 -15135.738528] Model parameter optimization (eps = 3.000000)
[00:06:30 -15135.495887] FAST spr round 1 (radius: 10)
[00:06:33 -15123.989339] FAST spr round 2 (radius: 10)
[00:06:34 -15123.987780] Model parameter optimization (eps = 1.000000)
[00:06:35 -15123.972084] SLOW spr round 1 (radius: 5)
[00:06:40 -15111.937108] SLOW spr round 2 (radius: 5)
[00:06:45 -15108.350288] SLOW spr round 3 (radius: 10)
[00:06:49 -15108.350287] SLOW spr round 4 (radius: 15)
[00:07:01 -15108.350287] SLOW spr round 5 (radius: 20)
[00:07:14] [worker #3] ML tree search #20, logLikelihood: -15125.947600
[00:07:14] [worker #1] ML tree search #18, logLikelihood: -15114.803065
[00:07:25] [worker #2] ML tree search #19, logLikelihood: -15114.685981
[00:07:30 -15108.350287] SLOW spr round 6 (radius: 25)
[00:07:49 -15108.350287] Model parameter optimization (eps = 0.100000)

[00:07:49] [worker #0] ML tree search #17, logLikelihood: -15108.282443


Optimized model parameters:

   Partition 0: noname
   Rate heterogeneity: GAMMA (4 cats, mean),  alpha: 1.962434 (ML),  weights&rates: (0.250000,0.288749) (0.250000,0.650959) (0.250000,1.069021) (0.250000,1.991272) 
   Base frequencies (empirical): 0.344018 0.221087 0.163912 0.270982 
   Substitution rates (ML): 0.688126 3.469672 0.666760 1.016112 3.050828 1.000000 


Final LogLikelihood: -15106.412075

AIC score: 31568.824150 / AICc score: 952292.824150 / BIC score: 34459.408172
Free parameters (model + branch lengths): 678

WARNING: Number of free parameters (K=678) is larger than alignment size (n=525).
         This might lead to overfitting and compromise tree inference results!


WARNING: Best ML tree contains 86 near-zero branches!

Best ML tree with collapsed near-zero branches saved to: /data/jeremias/eucs/roadies/output/genes/gene_158_filtered.fa.aln.raxml.bestTreeCollapsed
Best ML tree saved to: /data/jeremias/eucs/roadies/output/genes/gene_158_filtered.fa.aln.raxml.bestTree
All ML trees saved to: /data/jeremias/eucs/roadies/output/genes/gene_158_filtered.fa.aln.raxml.mlTrees
Optimized model saved to: /data/jeremias/eucs/roadies/output/genes/gene_158_filtered.fa.aln.raxml.bestModel

Execution log saved to: /data/jeremias/eucs/roadies/output/genes/gene_158_filtered.fa.aln.raxml.log

Analysis started: 29-Jul-2024 17:17:24 / finished: 29-Jul-2024 17:25:13

Elapsed time: 469.395 seconds

