
RAxML-NG v. 1.2.2 released on 11.04.2024 by The Exelixis Lab.
Developed by: Alexey M. Kozlov and Alexandros Stamatakis.
Contributors: Diego Darriba, Tomas Flouri, Benoit Morel, Sarah Lutteropp, Ben Bettisworth, Julia Haag, Anastasis Togkousidis.
Latest version: https://github.com/amkozlov/raxml-ng
Questions/problems/suggestions? Please visit: https://groups.google.com/forum/#!forum/raxml

System: AMD EPYC 7742 64-Core Processor, 128 cores, 1007 GB RAM

RAxML-NG was called at 29-Jul-2024 15:44:22 as follows:

raxml-ng --msa /data/jeremias/eucs/roadies/output/genes/gene_173_filtered.fa.aln --model GTR+G+F --redo --threads auto{4} --blopt nr_safe

Analysis options:
  run mode: ML tree search
  start tree(s): random (10) + parsimony (10)
  random seed: 1722231862
  tip-inner: OFF
  pattern compression: ON
  per-rate scalers: OFF
  site repeats: ON
  logLH epsilon: general: 10.000000, brlen-triplet: 1000.000000
  fast spr radius: AUTO
  spr subtree cutoff: 1.000000
  fast CLV updates: ON
  branch lengths: proportional (ML estimate, algorithm: NR-SAFE)
  SIMD kernels: AVX2
  parallelization: coarse-grained (auto), PTHREADS (auto)

WARNING: Running in REDO mode: existing checkpoints are ignored, and all result files will be overwritten!

[00:00:00] Reading alignment from file: /data/jeremias/eucs/roadies/output/genes/gene_173_filtered.fa.aln
[00:00:00] Loaded alignment with 36 taxa and 587 sites

Alignment comprises 1 partitions and 167 patterns

Partition 0: noname
Model: GTR+FC+G4m
Alignment sites / patterns: 587 / 167
Gaps: 14.58 %
Invariant sites: 74.79 %


NOTE: Binary MSA file created: /data/jeremias/eucs/roadies/output/genes/gene_173_filtered.fa.aln.raxml.rba

Parallelization scheme autoconfig: 4 worker(s) x 1 thread(s)

[00:00:00] Generating 10 random starting tree(s) with 36 taxa
[00:00:00] Generating 10 parsimony starting tree(s) with 36 taxa
Parallel parsimony with 4 threads
Parallel reduction/worker buffer size: 1 KB  / 0 KB

[00:00:00] Data distribution: max. partitions/sites/weight per thread: 1 / 167 / 2672
[00:00:00] Data distribution: max. searches per worker: 5

Starting ML tree search with 20 distinct starting trees

[00:00:00 -3700.225234] Initial branch length optimization
[00:00:00 -2865.919982] Model parameter optimization (eps = 10.000000)
[00:00:00 -2733.813272] AUTODETECT spr round 1 (radius: 5)
[00:00:00 -2044.455961] AUTODETECT spr round 2 (radius: 10)
[00:00:00 -2020.584508] AUTODETECT spr round 3 (radius: 15)
[00:00:00 -2020.570368] SPR radius for FAST iterations: 10 (autodetect)
[00:00:00 -2020.570368] Model parameter optimization (eps = 3.000000)
[00:00:00 -1995.880753] FAST spr round 1 (radius: 10)
[00:00:00 -1983.175985] FAST spr round 2 (radius: 10)
[00:00:00 -1978.280921] Model parameter optimization (eps = 1.000000)
[00:00:00 -1977.879163] SLOW spr round 1 (radius: 5)
[00:00:00 -1977.877492] SLOW spr round 2 (radius: 10)
[00:00:00 -1977.876618] SLOW spr round 3 (radius: 15)
[00:00:00 -1977.876210] SLOW spr round 4 (radius: 20)
[00:00:00 -1977.876045] SLOW spr round 5 (radius: 25)
[00:00:00 -1977.875985] Model parameter optimization (eps = 0.100000)

[00:00:00] [worker #0] ML tree search #1, logLikelihood: -1977.873431

[00:00:00 -3657.665346] Initial branch length optimization
[00:00:00 -2851.014475] Model parameter optimization (eps = 10.000000)
[00:00:00 -2722.827786] AUTODETECT spr round 1 (radius: 5)
[00:00:00] [worker #2] ML tree search #3, logLikelihood: -1977.013663
[00:00:00] [worker #1] ML tree search #2, logLikelihood: -1977.873401
[00:00:00 -2082.338339] AUTODETECT spr round 2 (radius: 10)
[00:00:01 -2051.542383] AUTODETECT spr round 3 (radius: 15)
[00:00:01] [worker #3] ML tree search #4, logLikelihood: -1977.013663
[00:00:01 -2050.374902] AUTODETECT spr round 4 (radius: 20)
[00:00:01 -2050.369004] SPR radius for FAST iterations: 15 (autodetect)
[00:00:01 -2050.369004] Model parameter optimization (eps = 3.000000)
[00:00:01 -2028.121582] FAST spr round 1 (radius: 15)
[00:00:01 -1984.882788] FAST spr round 2 (radius: 15)
[00:00:01 -1977.981934] Model parameter optimization (eps = 1.000000)
[00:00:01 -1977.020192] SLOW spr round 1 (radius: 5)
[00:00:01 -1977.020171] SLOW spr round 2 (radius: 10)
[00:00:01 -1977.020171] SLOW spr round 3 (radius: 15)
[00:00:01 -1977.020171] SLOW spr round 4 (radius: 20)
[00:00:01 -1977.020171] SLOW spr round 5 (radius: 25)
[00:00:01 -1977.020171] Model parameter optimization (eps = 0.100000)
[00:00:01] [worker #2] ML tree search #7, logLikelihood: -1977.013721

[00:00:01] [worker #0] ML tree search #5, logLikelihood: -1977.013662

[00:00:01 -3683.159164] Initial branch length optimization
[00:00:01 -2869.839086] Model parameter optimization (eps = 10.000000)
[00:00:01 -2735.747295] AUTODETECT spr round 1 (radius: 5)
[00:00:01 -2188.308880] AUTODETECT spr round 2 (radius: 10)
[00:00:01] [worker #1] ML tree search #6, logLikelihood: -1977.013663
[00:00:01 -2185.153146] AUTODETECT spr round 3 (radius: 15)
[00:00:01 -2185.143427] SPR radius for FAST iterations: 10 (autodetect)
[00:00:01 -2185.143427] Model parameter optimization (eps = 3.000000)
[00:00:02] [worker #3] ML tree search #8, logLikelihood: -1977.013661
[00:00:02 -2175.935706] FAST spr round 1 (radius: 10)
[00:00:02 -1991.561469] FAST spr round 2 (radius: 10)
[00:00:02 -1987.125261] Model parameter optimization (eps = 1.000000)
[00:00:02 -1977.013693] SLOW spr round 1 (radius: 5)
[00:00:02 -1977.013686] SLOW spr round 2 (radius: 10)
[00:00:02 -1977.013686] SLOW spr round 3 (radius: 15)
[00:00:02] [worker #2] ML tree search #11, logLikelihood: -1977.873422
[00:00:02 -1977.013686] SLOW spr round 4 (radius: 20)
[00:00:02 -1977.013686] SLOW spr round 5 (radius: 25)
[00:00:02 -1977.013686] Model parameter optimization (eps = 0.100000)

[00:00:02] [worker #0] ML tree search #9, logLikelihood: -1977.013661

[00:00:02 -2885.199764] Initial branch length optimization
[00:00:02 -2034.077535] Model parameter optimization (eps = 10.000000)
[00:00:02] [worker #3] ML tree search #12, logLikelihood: -1977.013660
[00:00:02 -2001.038861] AUTODETECT spr round 1 (radius: 5)
[00:00:02 -1987.219090] AUTODETECT spr round 2 (radius: 10)
[00:00:02 -1984.812473] AUTODETECT spr round 3 (radius: 15)
[00:00:02 -1984.802329] SPR radius for FAST iterations: 10 (autodetect)
[00:00:02 -1984.802329] Model parameter optimization (eps = 3.000000)
[00:00:02 -1984.737402] FAST spr round 1 (radius: 10)
[00:00:02 -1977.146017] Model parameter optimization (eps = 1.000000)
[00:00:02 -1977.014716] SLOW spr round 1 (radius: 5)
[00:00:02] [worker #1] ML tree search #10, logLikelihood: -1977.013664
[00:00:02 -1977.014671] SLOW spr round 2 (radius: 10)
[00:00:03 -1977.014671] SLOW spr round 3 (radius: 15)
[00:00:03] [worker #2] ML tree search #15, logLikelihood: -1977.013663
[00:00:03 -1977.014671] SLOW spr round 4 (radius: 20)
[00:00:03] [worker #3] ML tree search #16, logLikelihood: -1977.013662
[00:00:03 -1977.014671] SLOW spr round 5 (radius: 25)
[00:00:03 -1977.014671] Model parameter optimization (eps = 0.100000)

[00:00:03] [worker #0] ML tree search #13, logLikelihood: -1977.013757

[00:00:03 -2868.375675] Initial branch length optimization
[00:00:03 -2012.267904] Model parameter optimization (eps = 10.000000)
[00:00:04 -1978.766092] AUTODETECT spr round 1 (radius: 5)
[00:00:05 -1977.066105] AUTODETECT spr round 2 (radius: 10)
[00:00:05 -1977.028442] SPR radius for FAST iterations: 5 (autodetect)
[00:00:07 -1977.028442] Model parameter optimization (eps = 3.000000)
[00:00:08 -1977.013743] FAST spr round 1 (radius: 5)
[00:00:08 -1977.013742] Model parameter optimization (eps = 1.000000)
[00:00:09] [worker #1] ML tree search #14, logLikelihood: -1977.013660
[00:00:10 -1977.013667] SLOW spr round 1 (radius: 5)
[00:00:14] [worker #3] ML tree search #20, logLikelihood: -1977.013661
[00:00:15 -1977.013659] SLOW spr round 2 (radius: 10)
[00:00:15 -1977.013659] SLOW spr round 3 (radius: 15)
[00:00:15] [worker #2] ML tree search #19, logLikelihood: -1977.013660
[00:00:15 -1977.013659] SLOW spr round 4 (radius: 20)
[00:00:15 -1977.013659] SLOW spr round 5 (radius: 25)
[00:00:15 -1977.013659] Model parameter optimization (eps = 0.100000)

[00:00:15] [worker #0] ML tree search #17, logLikelihood: -1977.013659

[00:00:16] [worker #1] ML tree search #18, logLikelihood: -1977.013661

Optimized model parameters:

   Partition 0: noname
   Rate heterogeneity: GAMMA (4 cats, mean),  alpha: 1.527294 (ML),  weights&rates: (0.250000,0.229508) (0.250000,0.593037) (0.250000,1.051985) (0.250000,2.125469) 
   Base frequencies (empirical): 0.343269 0.228698 0.163435 0.264598 
   Substitution rates (ML): 0.950068 3.361810 0.875396 1.043501 2.902813 1.000000 


Final LogLikelihood: -1977.013659

AIC score: 4110.027319 / AICc score: 4134.287161 / BIC score: 4451.279255
Free parameters (model + branch lengths): 78

WARNING: Best ML tree contains 12 near-zero branches!

Best ML tree with collapsed near-zero branches saved to: /data/jeremias/eucs/roadies/output/genes/gene_173_filtered.fa.aln.raxml.bestTreeCollapsed
Best ML tree saved to: /data/jeremias/eucs/roadies/output/genes/gene_173_filtered.fa.aln.raxml.bestTree
All ML trees saved to: /data/jeremias/eucs/roadies/output/genes/gene_173_filtered.fa.aln.raxml.mlTrees
Optimized model saved to: /data/jeremias/eucs/roadies/output/genes/gene_173_filtered.fa.aln.raxml.bestModel

Execution log saved to: /data/jeremias/eucs/roadies/output/genes/gene_173_filtered.fa.aln.raxml.log

Analysis started: 29-Jul-2024 15:44:22 / finished: 29-Jul-2024 15:44:38

Elapsed time: 16.094 seconds

