
RAxML-NG v. 1.2.2 released on 11.04.2024 by The Exelixis Lab.
Developed by: Alexey M. Kozlov and Alexandros Stamatakis.
Contributors: Diego Darriba, Tomas Flouri, Benoit Morel, Sarah Lutteropp, Ben Bettisworth, Julia Haag, Anastasis Togkousidis.
Latest version: https://github.com/amkozlov/raxml-ng
Questions/problems/suggestions? Please visit: https://groups.google.com/forum/#!forum/raxml

System: AMD EPYC 7742 64-Core Processor, 128 cores, 1007 GB RAM

RAxML-NG was called at 03-Jul-2024 19:40:17 as follows:

raxml-ng --msa /data/jeremias/eucs/roadies/output/genes/gene_135_filtered.fa.aln --model GTR+G+F --redo --threads auto{4} --blopt nr_safe

Analysis options:
  run mode: ML tree search
  start tree(s): random (10) + parsimony (10)
  random seed: 1719999617
  tip-inner: OFF
  pattern compression: ON
  per-rate scalers: OFF
  site repeats: ON
  logLH epsilon: general: 10.000000, brlen-triplet: 1000.000000
  fast spr radius: AUTO
  spr subtree cutoff: 1.000000
  fast CLV updates: ON
  branch lengths: proportional (ML estimate, algorithm: NR-SAFE)
  SIMD kernels: AVX2
  parallelization: coarse-grained (auto), PTHREADS (auto)

WARNING: Running in REDO mode: existing checkpoints are ignored, and all result files will be overwritten!

[00:00:00] Reading alignment from file: /data/jeremias/eucs/roadies/output/genes/gene_135_filtered.fa.aln
[00:00:00] Loaded alignment with 42 taxa and 611 sites

Alignment comprises 1 partitions and 437 patterns

Partition 0: noname
Model: GTR+FC+G4m
Alignment sites / patterns: 611 / 437
Gaps: 13.25 %
Invariant sites: 38.63 %


NOTE: Binary MSA file created: /data/jeremias/eucs/roadies/output/genes/gene_135_filtered.fa.aln.raxml.rba

Parallelization scheme autoconfig: 4 worker(s) x 1 thread(s)

[00:00:00] Generating 10 random starting tree(s) with 42 taxa
[00:00:00] Generating 10 parsimony starting tree(s) with 42 taxa
Parallel parsimony with 4 threads
Parallel reduction/worker buffer size: 1 KB  / 0 KB

[00:00:00] Data distribution: max. partitions/sites/weight per thread: 1 / 437 / 6992
[00:00:00] Data distribution: max. searches per worker: 5

Starting ML tree search with 20 distinct starting trees

[00:00:00 -9371.137114] Initial branch length optimization
[00:00:00 -7565.061789] Model parameter optimization (eps = 10.000000)
[00:00:00 -6854.373298] AUTODETECT spr round 1 (radius: 5)
[00:00:00 -5299.988181] AUTODETECT spr round 2 (radius: 10)
[00:00:00 -5021.218633] AUTODETECT spr round 3 (radius: 15)
[00:00:00 -5021.040058] AUTODETECT spr round 4 (radius: 20)
[00:00:00 -5020.995634] SPR radius for FAST iterations: 15 (autodetect)
[00:00:00 -5020.995634] Model parameter optimization (eps = 3.000000)
[00:00:00 -4936.555593] FAST spr round 1 (radius: 15)
[00:00:00 -4806.966600] FAST spr round 2 (radius: 15)
[00:00:01 -4799.511468] Model parameter optimization (eps = 1.000000)
[00:00:01 -4798.147876] SLOW spr round 1 (radius: 5)
[00:00:01 -4797.956417] SLOW spr round 2 (radius: 10)
[00:00:02 -4797.956416] SLOW spr round 3 (radius: 15)
[00:00:02] [worker #3] ML tree search #4, logLikelihood: -4805.409794
[00:00:02 -4797.956416] SLOW spr round 4 (radius: 20)
[00:00:02 -4797.956416] SLOW spr round 5 (radius: 25)
[00:00:02] [worker #2] ML tree search #3, logLikelihood: -4798.642397
[00:00:02 -4797.956416] Model parameter optimization (eps = 0.100000)

[00:00:02] [worker #0] ML tree search #1, logLikelihood: -4797.944095

[00:00:02 -9210.207450] Initial branch length optimization
[00:00:02 -7566.142537] Model parameter optimization (eps = 10.000000)
[00:00:02] [worker #1] ML tree search #2, logLikelihood: -4797.944091
[00:00:02 -6894.277634] AUTODETECT spr round 1 (radius: 5)
[00:00:02 -5562.318066] AUTODETECT spr round 2 (radius: 10)
[00:00:02 -5102.155008] AUTODETECT spr round 3 (radius: 15)
[00:00:03 -5101.532880] AUTODETECT spr round 4 (radius: 20)
[00:00:03 -5101.397508] AUTODETECT spr round 5 (radius: 25)
[00:00:03 -5101.367481] SPR radius for FAST iterations: 20 (autodetect)
[00:00:03 -5101.367481] Model parameter optimization (eps = 3.000000)
[00:00:03 -5028.640596] FAST spr round 1 (radius: 20)
[00:00:03 -4812.938461] FAST spr round 2 (radius: 20)
[00:00:03 -4811.021083] Model parameter optimization (eps = 1.000000)
[00:00:03 -4809.148620] SLOW spr round 1 (radius: 5)
[00:00:04 -4805.457633] SLOW spr round 2 (radius: 10)
[00:00:04 -4805.457607] SLOW spr round 3 (radius: 15)
[00:00:04] [worker #3] ML tree search #8, logLikelihood: -4797.944093
[00:00:04 -4805.457607] SLOW spr round 4 (radius: 20)
[00:00:04 -4805.457607] SLOW spr round 5 (radius: 25)
[00:00:04 -4805.457607] Model parameter optimization (eps = 0.100000)

[00:00:04] [worker #0] ML tree search #5, logLikelihood: -4805.448375

[00:00:04 -8972.932294] Initial branch length optimization
[00:00:04] [worker #2] ML tree search #7, logLikelihood: -4797.944092
[00:00:04 -7430.792556] Model parameter optimization (eps = 10.000000)
[00:00:05 -6791.960745] AUTODETECT spr round 1 (radius: 5)
[00:00:05] [worker #1] ML tree search #6, logLikelihood: -4797.944177
[00:00:05 -5138.638969] AUTODETECT spr round 2 (radius: 10)
[00:00:05 -5024.641334] AUTODETECT spr round 3 (radius: 15)
[00:00:05 -5024.453673] AUTODETECT spr round 4 (radius: 20)
[00:00:05 -5024.409297] SPR radius for FAST iterations: 15 (autodetect)
[00:00:05 -5024.409297] Model parameter optimization (eps = 3.000000)
[00:00:05 -4951.548765] FAST spr round 1 (radius: 15)
[00:00:05 -4806.979839] FAST spr round 2 (radius: 15)
[00:00:05 -4800.223771] Model parameter optimization (eps = 1.000000)
[00:00:06 -4799.010840] SLOW spr round 1 (radius: 5)
[00:00:06] [worker #3] ML tree search #12, logLikelihood: -4797.944096
[00:00:06 -4798.259511] SLOW spr round 2 (radius: 10)
[00:00:06] [worker #2] ML tree search #11, logLikelihood: -4797.944098
[00:00:06 -4798.247857] SLOW spr round 3 (radius: 15)
[00:00:07 -4798.247422] SLOW spr round 4 (radius: 20)
[00:00:07 -4798.247410] SLOW spr round 5 (radius: 25)
[00:00:07 -4798.247409] Model parameter optimization (eps = 0.100000)

[00:00:07] [worker #0] ML tree search #9, logLikelihood: -4798.234568

[00:00:07 -5814.733239] Initial branch length optimization
[00:00:07 -5099.893347] Model parameter optimization (eps = 10.000000)
[00:00:07 -4827.457760] AUTODETECT spr round 1 (radius: 5)
[00:00:07] [worker #1] ML tree search #10, logLikelihood: -4805.448498
[00:00:07 -4809.185761] AUTODETECT spr round 2 (radius: 10)
[00:00:07 -4809.100020] SPR radius for FAST iterations: 5 (autodetect)
[00:00:07 -4809.100020] Model parameter optimization (eps = 3.000000)
[00:00:07 -4809.059797] FAST spr round 1 (radius: 5)
[00:00:07 -4805.723618] Model parameter optimization (eps = 1.000000)
[00:00:07 -4805.717105] SLOW spr round 1 (radius: 5)
[00:00:08] [worker #3] ML tree search #16, logLikelihood: -4805.409782
[00:00:08 -4805.410666] SLOW spr round 2 (radius: 10)
[00:00:08] [worker #2] ML tree search #15, logLikelihood: -4797.944100
[00:00:08 -4805.410121] SLOW spr round 3 (radius: 15)
[00:00:09 -4805.410105] SLOW spr round 4 (radius: 20)
[00:00:09 -4805.410105] SLOW spr round 5 (radius: 25)
[00:00:09 -4805.410105] Model parameter optimization (eps = 0.100000)

[00:00:09] [worker #0] ML tree search #13, logLikelihood: -4805.410056

[00:00:09 -5783.069270] Initial branch length optimization
[00:00:09 -5070.165010] Model parameter optimization (eps = 10.000000)
[00:00:09 -4809.491620] AUTODETECT spr round 1 (radius: 5)
[00:00:09] [worker #1] ML tree search #14, logLikelihood: -4797.944106
[00:00:09 -4805.025913] AUTODETECT spr round 2 (radius: 10)
[00:00:09 -4805.014867] SPR radius for FAST iterations: 5 (autodetect)
[00:00:09 -4805.014867] Model parameter optimization (eps = 3.000000)
[00:00:09 -4805.006814] FAST spr round 1 (radius: 5)
[00:00:09 -4801.278206] Model parameter optimization (eps = 1.000000)
[00:00:09 -4801.265494] SLOW spr round 1 (radius: 5)
[00:00:10] [worker #3] ML tree search #20, logLikelihood: -4797.944091
[00:00:10 -4800.533662] SLOW spr round 2 (radius: 10)
[00:00:10] [worker #2] ML tree search #19, logLikelihood: -4797.944223
[00:00:10 -4800.532261] SLOW spr round 3 (radius: 15)
[00:00:10 -4800.532257] SLOW spr round 4 (radius: 20)
[00:00:10 -4800.532257] SLOW spr round 5 (radius: 25)
[00:00:10 -4800.532257] Model parameter optimization (eps = 0.100000)

[00:00:10] [worker #0] ML tree search #17, logLikelihood: -4800.518133

[00:00:11] [worker #1] ML tree search #18, logLikelihood: -4797.944107

Optimized model parameters:

   Partition 0: noname
   Rate heterogeneity: GAMMA (4 cats, mean),  alpha: 1.884332 (ML),  weights&rates: (0.250000,0.279065) (0.250000,0.642122) (0.250000,1.066806) (0.250000,2.012007) 
   Base frequencies (empirical): 0.278559 0.239118 0.202552 0.279772 
   Substitution rates (ML): 1.350154 6.907502 1.071109 0.952857 5.600922 1.000000 


Final LogLikelihood: -4797.944091

AIC score: 9775.888182 / AICc score: 9807.388182 / BIC score: 10173.246908
Free parameters (model + branch lengths): 90

WARNING: Best ML tree contains 2 near-zero branches!

Best ML tree with collapsed near-zero branches saved to: /data/jeremias/eucs/roadies/output/genes/gene_135_filtered.fa.aln.raxml.bestTreeCollapsed
Best ML tree saved to: /data/jeremias/eucs/roadies/output/genes/gene_135_filtered.fa.aln.raxml.bestTree
All ML trees saved to: /data/jeremias/eucs/roadies/output/genes/gene_135_filtered.fa.aln.raxml.mlTrees
Optimized model saved to: /data/jeremias/eucs/roadies/output/genes/gene_135_filtered.fa.aln.raxml.bestModel

Execution log saved to: /data/jeremias/eucs/roadies/output/genes/gene_135_filtered.fa.aln.raxml.log

Analysis started: 03-Jul-2024 19:40:17 / finished: 03-Jul-2024 19:40:28

Elapsed time: 11.026 seconds

