
RAxML-NG v. 1.2.2 released on 11.04.2024 by The Exelixis Lab.
Developed by: Alexey M. Kozlov and Alexandros Stamatakis.
Contributors: Diego Darriba, Tomas Flouri, Benoit Morel, Sarah Lutteropp, Ben Bettisworth, Julia Haag, Anastasis Togkousidis.
Latest version: https://github.com/amkozlov/raxml-ng
Questions/problems/suggestions? Please visit: https://groups.google.com/forum/#!forum/raxml

System: AMD EPYC 7742 64-Core Processor, 128 cores, 1007 GB RAM

RAxML-NG was called at 29-Jul-2024 14:30:47 as follows:

raxml-ng --msa /data/jeremias/eucs/roadies/output/genes/gene_213_filtered.fa.aln --model GTR+G+F --redo --threads auto{4} --blopt nr_safe

Analysis options:
  run mode: ML tree search
  start tree(s): random (10) + parsimony (10)
  random seed: 1722227447
  tip-inner: OFF
  pattern compression: ON
  per-rate scalers: OFF
  site repeats: ON
  logLH epsilon: general: 10.000000, brlen-triplet: 1000.000000
  fast spr radius: AUTO
  spr subtree cutoff: 1.000000
  fast CLV updates: ON
  branch lengths: proportional (ML estimate, algorithm: NR-SAFE)
  SIMD kernels: AVX2
  parallelization: coarse-grained (auto), PTHREADS (auto)

WARNING: Running in REDO mode: existing checkpoints are ignored, and all result files will be overwritten!

[00:00:00] Reading alignment from file: /data/jeremias/eucs/roadies/output/genes/gene_213_filtered.fa.aln
[00:00:00] Loaded alignment with 355 taxa and 500 sites

WARNING: Sequences E_shirleyi_6 and E_leucophloia_6 are exactly identical!
WARNING: Sequences E_dawsonii_4 and E_leucophloia_3 are exactly identical!
WARNING: Sequences E_dawsonii_4 and E_sideroxylon_1 are exactly identical!
WARNING: Sequences E_dawsonii_4 and E_caleyi_6 are exactly identical!
WARNING: Sequences E_sid_E_mel_5 and E_albens_7 are exactly identical!
WARNING: Sequences E_ANBG9806169_3 and E_regnans_3 are exactly identical!
WARNING: Sequences E_victrix_5 and E_albens_4 are exactly identical!
WARNING: Sequences E_victrix_5 and E_melliodora_1 are exactly identical!
WARNING: Sequences E_leucophloia_9 and E_caleyi_9 are exactly identical!
WARNING: Sequences E_pauciflora_3 and E_cloeziana_1 are exactly identical!
WARNING: Sequences E_pauciflora_1 and E_regnans_4 are exactly identical!
WARNING: Duplicate sequences found: 11

NOTE: Reduced alignment (with duplicates and gap-only sites/taxa removed) 
NOTE: was saved to: /data/jeremias/eucs/roadies/output/genes/gene_213_filtered.fa.aln.raxml.reduced.phy

Alignment comprises 1 partitions and 482 patterns

Partition 0: noname
Model: GTR+FC+G4m
Alignment sites / patterns: 500 / 482
Gaps: 0.29 %
Invariant sites: 5.60 %


NOTE: Binary MSA file created: /data/jeremias/eucs/roadies/output/genes/gene_213_filtered.fa.aln.raxml.rba

Parallelization scheme autoconfig: 4 worker(s) x 1 thread(s)

[00:00:00] Generating 10 random starting tree(s) with 355 taxa
[00:00:00] Generating 10 parsimony starting tree(s) with 355 taxa
Parallel parsimony with 4 threads
Parallel reduction/worker buffer size: 1 KB  / 0 KB

[00:00:00] Data distribution: max. partitions/sites/weight per thread: 1 / 482 / 7712
[00:00:00] Data distribution: max. searches per worker: 5

Starting ML tree search with 20 distinct starting trees

[00:00:00 -84738.735966] Initial branch length optimization
[00:00:02 -71441.639919] Model parameter optimization (eps = 10.000000)
[00:00:07 -67562.192845] AUTODETECT spr round 1 (radius: 5)
[00:00:09 -47599.227583] AUTODETECT spr round 2 (radius: 10)
[00:00:14 -31712.962679] AUTODETECT spr round 3 (radius: 15)
[00:00:22 -27565.619665] AUTODETECT spr round 4 (radius: 20)
[00:00:33 -27019.127806] AUTODETECT spr round 5 (radius: 25)
[00:00:41 -26703.740356] SPR radius for FAST iterations: 25 (autodetect)
[00:00:41 -26703.740356] Model parameter optimization (eps = 3.000000)
[00:00:42 -26619.629569] FAST spr round 1 (radius: 25)
[00:00:46 -23291.516322] FAST spr round 2 (radius: 25)
[00:00:49 -23058.071613] FAST spr round 3 (radius: 25)
[00:00:51 -23046.091530] FAST spr round 4 (radius: 25)
[00:00:53 -23041.769806] Model parameter optimization (eps = 1.000000)
[00:00:54 -23037.903363] SLOW spr round 1 (radius: 5)
[00:01:00 -23032.799462] SLOW spr round 2 (radius: 10)
[00:01:05 -23032.709780] SLOW spr round 3 (radius: 15)
[00:01:22 -23032.709653] SLOW spr round 4 (radius: 20)
[00:01:47 -23029.846066] SLOW spr round 5 (radius: 25)
[00:01:47] [worker #2] ML tree search #3, logLikelihood: -23026.130254
[00:02:04] [worker #1] ML tree search #2, logLikelihood: -23029.652835
[00:02:04 -23029.844939] Model parameter optimization (eps = 0.100000)

[00:02:04] [worker #0] ML tree search #1, logLikelihood: -23029.826546

[00:02:04 -84156.587777] Initial branch length optimization
[00:02:05 -71102.882477] Model parameter optimization (eps = 10.000000)
[00:02:07 -67275.564126] AUTODETECT spr round 1 (radius: 5)
[00:02:09 -45081.712568] AUTODETECT spr round 2 (radius: 10)
[00:02:12 -32504.480771] AUTODETECT spr round 3 (radius: 15)
[00:02:17] [worker #3] ML tree search #4, logLikelihood: -23030.490083
[00:02:18 -27774.012161] AUTODETECT spr round 4 (radius: 20)
[00:02:28 -27455.532953] AUTODETECT spr round 5 (radius: 25)
[00:02:39 -27452.404779] SPR radius for FAST iterations: 25 (autodetect)
[00:02:39 -27452.404779] Model parameter optimization (eps = 3.000000)
[00:02:40 -27344.117437] FAST spr round 1 (radius: 25)
[00:02:44 -23222.160651] FAST spr round 2 (radius: 25)
[00:02:48 -23044.548510] FAST spr round 3 (radius: 25)
[00:02:51 -23037.713578] Model parameter optimization (eps = 1.000000)
[00:02:51 -23033.898260] SLOW spr round 1 (radius: 5)
[00:02:57 -23023.390874] SLOW spr round 2 (radius: 5)
[00:03:02 -23022.824020] SLOW spr round 3 (radius: 10)
[00:03:07 -23022.823940] SLOW spr round 4 (radius: 15)
[00:03:21 -23022.823931] SLOW spr round 5 (radius: 20)
[00:03:35] [worker #2] ML tree search #7, logLikelihood: -23031.587173
[00:03:37 -23022.823931] SLOW spr round 6 (radius: 25)
[00:03:51 -23022.823930] Model parameter optimization (eps = 0.100000)

[00:03:51] [worker #0] ML tree search #5, logLikelihood: -23022.815312

[00:03:51 -83966.404182] Initial branch length optimization
[00:03:52 -70729.667575] Model parameter optimization (eps = 10.000000)
[00:03:53 -66935.421834] AUTODETECT spr round 1 (radius: 5)
[00:03:54 -46804.567979] AUTODETECT spr round 2 (radius: 10)
[00:03:57] [worker #1] ML tree search #6, logLikelihood: -23031.945290
[00:03:57 -32998.023164] AUTODETECT spr round 3 (radius: 15)
[00:04:01] [worker #3] ML tree search #8, logLikelihood: -23023.852589
[00:04:02 -26421.862762] AUTODETECT spr round 4 (radius: 20)
[00:04:08 -26189.808755] AUTODETECT spr round 5 (radius: 25)
[00:04:14 -26159.475982] SPR radius for FAST iterations: 25 (autodetect)
[00:04:14 -26159.475982] Model parameter optimization (eps = 3.000000)
[00:04:14 -26075.191741] FAST spr round 1 (radius: 25)
[00:04:17 -23218.343534] FAST spr round 2 (radius: 25)
[00:04:19 -23074.829816] FAST spr round 3 (radius: 25)
[00:04:21 -23050.709948] FAST spr round 4 (radius: 25)
[00:04:22 -23044.778642] Model parameter optimization (eps = 1.000000)
[00:04:23 -23042.282287] SLOW spr round 1 (radius: 5)
[00:04:28 -23027.182915] SLOW spr round 2 (radius: 5)
[00:04:32 -23022.638774] SLOW spr round 3 (radius: 10)
[00:04:37 -23022.638321] SLOW spr round 4 (radius: 15)
[00:04:49 -23022.638305] SLOW spr round 5 (radius: 20)
[00:04:52] [worker #2] ML tree search #11, logLikelihood: -23018.720604
[00:05:09 -23022.638304] SLOW spr round 6 (radius: 25)
[00:05:19] [worker #3] ML tree search #12, logLikelihood: -23039.127962
[00:05:29 -23022.638304] Model parameter optimization (eps = 0.100000)

[00:05:29] [worker #0] ML tree search #9, logLikelihood: -23022.613777

[00:05:29 -28829.322582] Initial branch length optimization
[00:05:30 -24252.038657] Model parameter optimization (eps = 10.000000)
[00:05:30 -23247.335920] AUTODETECT spr round 1 (radius: 5)
[00:05:32 -23103.804532] AUTODETECT spr round 2 (radius: 10)
[00:05:37 -23085.733898] AUTODETECT spr round 3 (radius: 15)
[00:05:39] [worker #1] ML tree search #10, logLikelihood: -23015.442705
[00:05:50 -23083.678602] AUTODETECT spr round 4 (radius: 20)
[00:06:01 -23083.630926] SPR radius for FAST iterations: 15 (autodetect)
[00:06:01 -23083.630926] Model parameter optimization (eps = 3.000000)
[00:06:01 -23083.495253] FAST spr round 1 (radius: 15)
[00:06:04 -23042.328339] FAST spr round 2 (radius: 15)
[00:06:05 -23039.996614] Model parameter optimization (eps = 1.000000)
[00:06:05 -23039.973993] SLOW spr round 1 (radius: 5)
[00:06:12 -23030.601970] SLOW spr round 2 (radius: 10)
[00:06:17 -23030.601615] SLOW spr round 3 (radius: 15)
[00:06:34] [worker #2] ML tree search #15, logLikelihood: -23023.014739
[00:06:35 -23030.601613] SLOW spr round 4 (radius: 20)
[00:06:53 -23030.601612] SLOW spr round 5 (radius: 25)
[00:07:01] [worker #1] ML tree search #14, logLikelihood: -23021.313793
[00:07:09 -23030.601612] Model parameter optimization (eps = 0.100000)

[00:07:10] [worker #0] ML tree search #13, logLikelihood: -23030.541860

[00:07:10 -28890.256945] Initial branch length optimization
[00:07:10 -24281.033098] Model parameter optimization (eps = 10.000000)
[00:07:11 -23263.204286] AUTODETECT spr round 1 (radius: 5)
[00:07:13 -23086.525699] AUTODETECT spr round 2 (radius: 10)
[00:07:17 -23072.273222] AUTODETECT spr round 3 (radius: 15)
[00:07:29 -23071.933706] AUTODETECT spr round 4 (radius: 20)
[00:07:30] [worker #3] ML tree search #16, logLikelihood: -23046.392301
[00:07:44 -23069.616020] AUTODETECT spr round 5 (radius: 25)
[00:07:54 -23069.613922] SPR radius for FAST iterations: 20 (autodetect)
[00:07:54 -23069.613922] Model parameter optimization (eps = 3.000000)
[00:07:54 -23069.352575] FAST spr round 1 (radius: 20)
[00:07:56 -23045.340543] FAST spr round 2 (radius: 20)
[00:07:58 -23040.292575] Model parameter optimization (eps = 1.000000)
[00:07:58 -23040.260274] SLOW spr round 1 (radius: 5)
[00:08:03 -23030.931297] SLOW spr round 2 (radius: 10)
[00:08:07 -23030.930777] SLOW spr round 3 (radius: 15)
[00:08:12] [worker #2] ML tree search #19, logLikelihood: -23029.950033
[00:08:19 -23030.930752] SLOW spr round 4 (radius: 20)
[00:08:34 -23030.930750] SLOW spr round 5 (radius: 25)
[00:08:44] [worker #1] ML tree search #18, logLikelihood: -23025.836271
[00:08:47 -23030.930750] Model parameter optimization (eps = 0.100000)

[00:08:47] [worker #0] ML tree search #17, logLikelihood: -23030.903546

[00:09:01] [worker #3] ML tree search #20, logLikelihood: -23026.719662

Optimized model parameters:

   Partition 0: noname
   Rate heterogeneity: GAMMA (4 cats, mean),  alpha: 1.199238 (ML),  weights&rates: (0.250000,0.174915) (0.250000,0.529416) (0.250000,1.026507) (0.250000,2.269163) 
   Base frequencies (empirical): 0.263272 0.205093 0.205957 0.325677 
   Substitution rates (ML): 1.226566 5.825218 1.203078 1.378667 4.277712 1.000000 


Final LogLikelihood: -23015.442705

AIC score: 47462.885409 / AICc score: 1074206.885409 / BIC score: 50480.544808
Free parameters (model + branch lengths): 716

WARNING: Number of free parameters (K=716) is larger than alignment size (n=500).
         This might lead to overfitting and compromise tree inference results!


WARNING: Best ML tree contains 62 near-zero branches!

Best ML tree with collapsed near-zero branches saved to: /data/jeremias/eucs/roadies/output/genes/gene_213_filtered.fa.aln.raxml.bestTreeCollapsed
Best ML tree saved to: /data/jeremias/eucs/roadies/output/genes/gene_213_filtered.fa.aln.raxml.bestTree
All ML trees saved to: /data/jeremias/eucs/roadies/output/genes/gene_213_filtered.fa.aln.raxml.mlTrees
Optimized model saved to: /data/jeremias/eucs/roadies/output/genes/gene_213_filtered.fa.aln.raxml.bestModel

Execution log saved to: /data/jeremias/eucs/roadies/output/genes/gene_213_filtered.fa.aln.raxml.log

Analysis started: 29-Jul-2024 14:30:47 / finished: 29-Jul-2024 14:39:49

Elapsed time: 542.001 seconds

