
RAxML-NG v. 1.2.2 released on 11.04.2024 by The Exelixis Lab.
Developed by: Alexey M. Kozlov and Alexandros Stamatakis.
Contributors: Diego Darriba, Tomas Flouri, Benoit Morel, Sarah Lutteropp, Ben Bettisworth, Julia Haag, Anastasis Togkousidis.
Latest version: https://github.com/amkozlov/raxml-ng
Questions/problems/suggestions? Please visit: https://groups.google.com/forum/#!forum/raxml

System: AMD EPYC 7742 64-Core Processor, 128 cores, 1007 GB RAM

RAxML-NG was called at 03-Jul-2024 19:29:19 as follows:

raxml-ng --msa /data/jeremias/eucs/roadies/output/genes/gene_136_filtered.fa.aln --model GTR+G+F --redo --threads auto{4} --blopt nr_safe

Analysis options:
  run mode: ML tree search
  start tree(s): random (10) + parsimony (10)
  random seed: 1719998959
  tip-inner: OFF
  pattern compression: ON
  per-rate scalers: OFF
  site repeats: ON
  logLH epsilon: general: 10.000000, brlen-triplet: 1000.000000
  fast spr radius: AUTO
  spr subtree cutoff: 1.000000
  fast CLV updates: ON
  branch lengths: proportional (ML estimate, algorithm: NR-SAFE)
  SIMD kernels: AVX2
  parallelization: coarse-grained (auto), PTHREADS (auto)

WARNING: Running in REDO mode: existing checkpoints are ignored, and all result files will be overwritten!

[00:00:00] Reading alignment from file: /data/jeremias/eucs/roadies/output/genes/gene_136_filtered.fa.aln
[00:00:00] Loaded alignment with 245 taxa and 538 sites

WARNING: Sequences GCA_017140165.1_6 and GCA_017140165.1_7 are exactly identical!
WARNING: Sequences GCA_016097615.1_7 and GCA_017140185.1_3 are exactly identical!
WARNING: Sequences GCA_016097615.1_1 and GCA_017140185.1_0 are exactly identical!
WARNING: Sequences GCF_016545825.1_8 and GCF_016545825.1_7 are exactly identical!
WARNING: Sequences GCA_014182885.2_5 and GCA_016097485.1_5 are exactly identical!
WARNING: Duplicate sequences found: 5

NOTE: Reduced alignment (with duplicates and gap-only sites/taxa removed) 
NOTE: was saved to: /data/jeremias/eucs/roadies/output/genes/gene_136_filtered.fa.aln.raxml.reduced.phy

Alignment comprises 1 partitions and 528 patterns

Partition 0: noname
Model: GTR+FC+G4m
Alignment sites / patterns: 538 / 528
Gaps: 13.16 %
Invariant sites: 9.67 %


NOTE: Binary MSA file created: /data/jeremias/eucs/roadies/output/genes/gene_136_filtered.fa.aln.raxml.rba

Parallelization scheme autoconfig: 4 worker(s) x 1 thread(s)

[00:00:00] Generating 10 random starting tree(s) with 245 taxa
[00:00:00] Generating 10 parsimony starting tree(s) with 245 taxa
Parallel parsimony with 4 threads
Parallel reduction/worker buffer size: 1 KB  / 0 KB

[00:00:00] Data distribution: max. partitions/sites/weight per thread: 1 / 528 / 8448
[00:00:00] Data distribution: max. searches per worker: 5

Starting ML tree search with 20 distinct starting trees

[00:00:00 -63043.520005] Initial branch length optimization
[00:00:00 -53524.427273] Model parameter optimization (eps = 10.000000)
[00:00:01 -48689.947657] AUTODETECT spr round 1 (radius: 5)
[00:00:02 -27592.562214] AUTODETECT spr round 2 (radius: 10)
[00:00:04 -20202.335192] AUTODETECT spr round 3 (radius: 15)
[00:00:07 -17354.576692] AUTODETECT spr round 4 (radius: 20)
[00:00:11 -17191.874615] AUTODETECT spr round 5 (radius: 25)
[00:00:13 -17183.160954] SPR radius for FAST iterations: 25 (autodetect)
[00:00:13 -17183.160954] Model parameter optimization (eps = 3.000000)
[00:00:14 -16988.685706] FAST spr round 1 (radius: 25)
[00:00:16 -15357.063195] FAST spr round 2 (radius: 25)
[00:00:17 -15280.429388] FAST spr round 3 (radius: 25)
[00:00:18 -15274.848559] Model parameter optimization (eps = 1.000000)
[00:00:19 -15272.733901] SLOW spr round 1 (radius: 5)
[00:00:22 -15264.277691] SLOW spr round 2 (radius: 10)
[00:00:26 -15263.527582] SLOW spr round 3 (radius: 15)
[00:00:33 -15263.527486] SLOW spr round 4 (radius: 20)
[00:00:40 -15263.527483] SLOW spr round 5 (radius: 25)
[00:00:46 -15263.527483] Model parameter optimization (eps = 0.100000)

[00:00:46] [worker #0] ML tree search #1, logLikelihood: -15263.510102

[00:00:46 -64057.060833] Initial branch length optimization
[00:00:46 -55147.216604] Model parameter optimization (eps = 10.000000)
[00:00:48] [worker #3] ML tree search #4, logLikelihood: -15253.151197
[00:00:48 -49986.296681] AUTODETECT spr round 1 (radius: 5)
[00:00:48] [worker #2] ML tree search #3, logLikelihood: -15255.810039
[00:00:49 -28699.515734] AUTODETECT spr round 2 (radius: 10)
[00:00:50] [worker #1] ML tree search #2, logLikelihood: -15272.232680
[00:00:51 -19106.807593] AUTODETECT spr round 3 (radius: 15)
[00:00:54 -17085.216086] AUTODETECT spr round 4 (radius: 20)
[00:00:58 -16876.563897] AUTODETECT spr round 5 (radius: 25)
[00:01:01 -16827.847523] SPR radius for FAST iterations: 25 (autodetect)
[00:01:01 -16827.847523] Model parameter optimization (eps = 3.000000)
[00:01:01 -16686.724475] FAST spr round 1 (radius: 25)
[00:01:03 -15336.361359] FAST spr round 2 (radius: 25)
[00:01:05 -15270.289777] FAST spr round 3 (radius: 25)
[00:01:06 -15268.096300] Model parameter optimization (eps = 1.000000)
[00:01:06 -15265.586729] SLOW spr round 1 (radius: 5)
[00:01:10 -15259.928024] SLOW spr round 2 (radius: 10)
[00:01:13 -15259.927322] SLOW spr round 3 (radius: 15)
[00:01:20 -15259.927307] SLOW spr round 4 (radius: 20)
[00:01:27 -15259.927306] SLOW spr round 5 (radius: 25)
[00:01:33 -15259.927306] Model parameter optimization (eps = 0.100000)

[00:01:34] [worker #0] ML tree search #5, logLikelihood: -15259.901254

[00:01:34 -64138.059350] Initial branch length optimization
[00:01:34 -56221.796366] Model parameter optimization (eps = 10.000000)
[00:01:35 -50837.960109] AUTODETECT spr round 1 (radius: 5)
[00:01:36 -29575.328734] AUTODETECT spr round 2 (radius: 10)
[00:01:37] [worker #3] ML tree search #8, logLikelihood: -15256.092845
[00:01:37] [worker #2] ML tree search #7, logLikelihood: -15259.109678
[00:01:38] [worker #1] ML tree search #6, logLikelihood: -15263.836807
[00:01:38 -20229.380047] AUTODETECT spr round 3 (radius: 15)
[00:01:42 -17005.137891] AUTODETECT spr round 4 (radius: 20)
[00:01:46 -16873.490957] AUTODETECT spr round 5 (radius: 25)
[00:01:50 -16868.499146] SPR radius for FAST iterations: 25 (autodetect)
[00:01:50 -16868.499146] Model parameter optimization (eps = 3.000000)
[00:01:50 -16732.429303] FAST spr round 1 (radius: 25)
[00:01:52 -15296.439024] FAST spr round 2 (radius: 25)
[00:01:54 -15273.719305] FAST spr round 3 (radius: 25)
[00:01:55 -15270.337343] Model parameter optimization (eps = 1.000000)
[00:01:55 -15268.290930] SLOW spr round 1 (radius: 5)
[00:01:59 -15262.764363] SLOW spr round 2 (radius: 10)
[00:02:03 -15261.724912] SLOW spr round 3 (radius: 15)
[00:02:10 -15261.275056] SLOW spr round 4 (radius: 20)
[00:02:16] [worker #3] ML tree search #12, logLikelihood: -15270.885173
[00:02:18 -15261.275029] SLOW spr round 5 (radius: 25)
[00:02:24 -15261.275028] Model parameter optimization (eps = 0.100000)

[00:02:24] [worker #0] ML tree search #9, logLikelihood: -15261.260864

[00:02:24 -19123.252911] Initial branch length optimization
[00:02:24] [worker #2] ML tree search #11, logLikelihood: -15255.657133
[00:02:24 -16334.774843] Model parameter optimization (eps = 10.000000)
[00:02:25 -15436.916392] AUTODETECT spr round 1 (radius: 5)
[00:02:26 -15301.765979] AUTODETECT spr round 2 (radius: 10)
[00:02:28 -15284.598470] AUTODETECT spr round 3 (radius: 15)
[00:02:29] [worker #1] ML tree search #10, logLikelihood: -15256.485979
[00:02:32 -15280.984057] AUTODETECT spr round 4 (radius: 20)
[00:02:36 -15280.938782] SPR radius for FAST iterations: 15 (autodetect)
[00:02:36 -15280.938782] Model parameter optimization (eps = 3.000000)
[00:02:36 -15280.738933] FAST spr round 1 (radius: 15)
[00:02:38 -15264.566746] FAST spr round 2 (radius: 15)
[00:02:39 -15262.169132] Model parameter optimization (eps = 1.000000)
[00:02:39 -15262.140748] SLOW spr round 1 (radius: 5)
[00:02:42 -15258.639022] SLOW spr round 2 (radius: 10)
[00:02:46 -15258.638741] SLOW spr round 3 (radius: 15)
[00:02:52 -15258.638731] SLOW spr round 4 (radius: 20)
[00:02:58] [worker #3] ML tree search #16, logLikelihood: -15263.698149
[00:02:59 -15258.638731] SLOW spr round 5 (radius: 25)
[00:03:04] [worker #2] ML tree search #15, logLikelihood: -15259.203846
[00:03:05 -15258.638731] Model parameter optimization (eps = 0.100000)

[00:03:05] [worker #0] ML tree search #13, logLikelihood: -15258.635028

[00:03:05 -19026.649172] Initial branch length optimization
[00:03:06 -16286.962169] Model parameter optimization (eps = 10.000000)
[00:03:06 -15405.252467] AUTODETECT spr round 1 (radius: 5)
[00:03:07 -15315.719838] AUTODETECT spr round 2 (radius: 10)
[00:03:10 -15303.307828] AUTODETECT spr round 3 (radius: 15)
[00:03:14 -15303.242512] SPR radius for FAST iterations: 10 (autodetect)
[00:03:14 -15303.242512] Model parameter optimization (eps = 3.000000)
[00:03:14 -15302.895023] FAST spr round 1 (radius: 10)
[00:03:14] [worker #1] ML tree search #14, logLikelihood: -15263.252072
[00:03:15 -15284.505891] FAST spr round 2 (radius: 10)
[00:03:16 -15280.065914] Model parameter optimization (eps = 1.000000)
[00:03:16 -15280.053990] SLOW spr round 1 (radius: 5)
[00:03:20 -15275.224073] SLOW spr round 2 (radius: 10)
[00:03:23 -15275.223900] SLOW spr round 3 (radius: 15)
[00:03:31 -15274.790215] SLOW spr round 4 (radius: 20)
[00:03:38 -15274.790184] SLOW spr round 5 (radius: 25)
[00:03:39] [worker #3] ML tree search #20, logLikelihood: -15259.765424
[00:03:44 -15274.790183] Model parameter optimization (eps = 0.100000)

[00:03:44] [worker #0] ML tree search #17, logLikelihood: -15274.764756

[00:03:47] [worker #2] ML tree search #19, logLikelihood: -15261.089424
[00:03:51] [worker #1] ML tree search #18, logLikelihood: -15273.553688

Optimized model parameters:

   Partition 0: noname
   Rate heterogeneity: GAMMA (4 cats, mean),  alpha: 1.656553 (ML),  weights&rates: (0.250000,0.248525) (0.250000,0.612698) (0.250000,1.058430) (0.250000,2.080347) 
   Base frequencies (empirical): 0.236653 0.289814 0.211833 0.261700 
   Substitution rates (ML): 1.359116 7.271740 1.215972 0.910562 5.179440 1.000000 


Final LogLikelihood: -15253.151197

AIC score: 31498.302393 / AICc score: 43523.278003 / BIC score: 33625.080239
Free parameters (model + branch lengths): 496

WARNING: Best ML tree contains 44 near-zero branches!

Best ML tree with collapsed near-zero branches saved to: /data/jeremias/eucs/roadies/output/genes/gene_136_filtered.fa.aln.raxml.bestTreeCollapsed
Best ML tree saved to: /data/jeremias/eucs/roadies/output/genes/gene_136_filtered.fa.aln.raxml.bestTree
All ML trees saved to: /data/jeremias/eucs/roadies/output/genes/gene_136_filtered.fa.aln.raxml.mlTrees
Optimized model saved to: /data/jeremias/eucs/roadies/output/genes/gene_136_filtered.fa.aln.raxml.bestModel

Execution log saved to: /data/jeremias/eucs/roadies/output/genes/gene_136_filtered.fa.aln.raxml.log

Analysis started: 03-Jul-2024 19:29:19 / finished: 03-Jul-2024 19:33:11

Elapsed time: 231.782 seconds

