
RAxML-NG v. 1.2.2 released on 11.04.2024 by The Exelixis Lab.
Developed by: Alexey M. Kozlov and Alexandros Stamatakis.
Contributors: Diego Darriba, Tomas Flouri, Benoit Morel, Sarah Lutteropp, Ben Bettisworth, Julia Haag, Anastasis Togkousidis.
Latest version: https://github.com/amkozlov/raxml-ng
Questions/problems/suggestions? Please visit: https://groups.google.com/forum/#!forum/raxml

System: AMD EPYC 7742 64-Core Processor, 128 cores, 1007 GB RAM

RAxML-NG was called at 29-Jul-2024 14:22:40 as follows:

raxml-ng --msa /data/jeremias/eucs/roadies/output/genes/gene_3_filtered.fa.aln --model GTR+G+F --redo --threads auto{4} --blopt nr_safe

Analysis options:
  run mode: ML tree search
  start tree(s): random (10) + parsimony (10)
  random seed: 1722226960
  tip-inner: OFF
  pattern compression: ON
  per-rate scalers: OFF
  site repeats: ON
  logLH epsilon: general: 10.000000, brlen-triplet: 1000.000000
  fast spr radius: AUTO
  spr subtree cutoff: 1.000000
  fast CLV updates: ON
  branch lengths: proportional (ML estimate, algorithm: NR-SAFE)
  SIMD kernels: AVX2
  parallelization: coarse-grained (auto), PTHREADS (auto)

WARNING: Running in REDO mode: existing checkpoints are ignored, and all result files will be overwritten!

[00:00:00] Reading alignment from file: /data/jeremias/eucs/roadies/output/genes/gene_3_filtered.fa.aln
[00:00:00] Loaded alignment with 359 taxa and 549 sites

WARNING: Sequences E_shirleyi_1 and E_fibrosa_1 are exactly identical!
WARNING: Sequences E_dawsonii_1 and E_polyanthemos_1 are exactly identical!
WARNING: Sequences E_dawsonii_9 and E_dawsonii_8 are exactly identical!
WARNING: Sequences E_sid_E_mel_3 and E_albens_3 are exactly identical!
WARNING: Sequences E_sid_E_mel_3 and E_sideroxylon_3 are exactly identical!
WARNING: Sequences E_sid_E_mel_3 and E_melliodora_3 are exactly identical!
WARNING: Sequences E_pauciflora_6 and E_regnans_7 are exactly identical!
WARNING: Sequences E_sid_E_mel_0 and E_sideroxylon_0 are exactly identical!
WARNING: Sequences E_guilfoylei_2 and E_guilfoylei_3 are exactly identical!
WARNING: Duplicate sequences found: 9

NOTE: Reduced alignment (with duplicates and gap-only sites/taxa removed) 
NOTE: was saved to: /data/jeremias/eucs/roadies/output/genes/gene_3_filtered.fa.aln.raxml.reduced.phy

Alignment comprises 1 partitions and 513 patterns

Partition 0: noname
Model: GTR+FC+G4m
Alignment sites / patterns: 549 / 513
Gaps: 10.49 %
Invariant sites: 12.93 %


NOTE: Binary MSA file created: /data/jeremias/eucs/roadies/output/genes/gene_3_filtered.fa.aln.raxml.rba

Parallelization scheme autoconfig: 4 worker(s) x 1 thread(s)

[00:00:00] Generating 10 random starting tree(s) with 359 taxa
[00:00:00] Generating 10 parsimony starting tree(s) with 359 taxa
Parallel parsimony with 4 threads
Parallel reduction/worker buffer size: 1 KB  / 0 KB

[00:00:00] Data distribution: max. partitions/sites/weight per thread: 1 / 513 / 8208
[00:00:00] Data distribution: max. searches per worker: 5

Starting ML tree search with 20 distinct starting trees

[00:00:00 -103156.611680] Initial branch length optimization
[00:00:00 -84557.386131] Model parameter optimization (eps = 10.000000)
[00:00:21 -75966.632026] AUTODETECT spr round 1 (radius: 5)
[00:00:23 -41770.972177] AUTODETECT spr round 2 (radius: 10)
[00:00:26 -27119.676543] AUTODETECT spr round 3 (radius: 15)
[00:00:31 -21655.608507] AUTODETECT spr round 4 (radius: 20)
[00:00:39 -19247.538322] AUTODETECT spr round 5 (radius: 25)
[00:00:48 -19245.150494] SPR radius for FAST iterations: 25 (autodetect)
[00:00:48 -19245.150494] Model parameter optimization (eps = 3.000000)
[00:00:52 -18884.377257] FAST spr round 1 (radius: 25)
[00:00:56 -15979.956738] FAST spr round 2 (radius: 25)
[00:00:59 -15804.310735] FAST spr round 3 (radius: 25)
[00:01:01 -15800.306223] Model parameter optimization (eps = 1.000000)
[00:01:01 -15789.852291] SLOW spr round 1 (radius: 5)
[00:01:10 -15787.807581] SLOW spr round 2 (radius: 10)
[00:01:19 -15786.694755] SLOW spr round 3 (radius: 15)
[00:01:38 -15786.694666] SLOW spr round 4 (radius: 20)
[00:01:54 -15786.694649] SLOW spr round 5 (radius: 25)
[00:01:55] [worker #3] ML tree search #4, logLikelihood: -15799.199154
[00:02:06] [worker #1] ML tree search #2, logLikelihood: -15791.387666
[00:02:14 -15786.694632] Model parameter optimization (eps = 0.100000)

[00:02:14] [worker #0] ML tree search #1, logLikelihood: -15786.678465

[00:02:14 -103489.182822] Initial branch length optimization
[00:02:15 -84911.007035] Model parameter optimization (eps = 10.000000)
[00:02:20 -75779.472607] AUTODETECT spr round 1 (radius: 5)
[00:02:20] [worker #2] ML tree search #3, logLikelihood: -15796.573080
[00:02:21 -38967.164498] AUTODETECT spr round 2 (radius: 10)
[00:02:24 -24720.538243] AUTODETECT spr round 3 (radius: 15)
[00:02:28 -21602.475301] AUTODETECT spr round 4 (radius: 20)
[00:02:34 -19934.139474] AUTODETECT spr round 5 (radius: 25)
[00:02:41 -19932.909736] SPR radius for FAST iterations: 25 (autodetect)
[00:02:42 -19932.909736] Model parameter optimization (eps = 3.000000)
[00:02:44 -19425.235964] FAST spr round 1 (radius: 25)
[00:02:47 -15946.685261] FAST spr round 2 (radius: 25)
[00:02:50 -15828.303633] FAST spr round 3 (radius: 25)
[00:02:52 -15824.986963] Model parameter optimization (eps = 1.000000)
[00:02:53 -15809.643203] SLOW spr round 1 (radius: 5)
[00:03:02 -15804.732344] SLOW spr round 2 (radius: 10)
[00:03:08 -15801.106186] SLOW spr round 3 (radius: 15)
[00:03:21 -15801.105824] SLOW spr round 4 (radius: 20)
[00:03:39] [worker #3] ML tree search #8, logLikelihood: -15801.414605
[00:03:42 -15801.105803] SLOW spr round 5 (radius: 25)
[00:04:02] [worker #1] ML tree search #6, logLikelihood: -15792.792495
[00:04:04 -15801.105802] Model parameter optimization (eps = 0.100000)

[00:04:05] [worker #0] ML tree search #5, logLikelihood: -15801.066688

[00:04:05 -101311.100316] Initial branch length optimization
[00:04:05 -82214.729081] Model parameter optimization (eps = 10.000000)
[00:04:10 -73973.820318] AUTODETECT spr round 1 (radius: 5)
[00:04:12 -39865.828674] AUTODETECT spr round 2 (radius: 10)
[00:04:13] [worker #2] ML tree search #7, logLikelihood: -15797.530019
[00:04:15 -26326.626298] AUTODETECT spr round 3 (radius: 15)
[00:04:19 -20130.823973] AUTODETECT spr round 4 (radius: 20)
[00:04:24 -19045.414316] AUTODETECT spr round 5 (radius: 25)
[00:04:29 -18822.003021] SPR radius for FAST iterations: 25 (autodetect)
[00:04:29 -18822.003021] Model parameter optimization (eps = 3.000000)
[00:04:30 -18433.061396] FAST spr round 1 (radius: 25)
[00:04:33 -15909.914770] FAST spr round 2 (radius: 25)
[00:04:35 -15810.766113] FAST spr round 3 (radius: 25)
[00:04:37 -15797.587306] FAST spr round 4 (radius: 25)
[00:04:38 -15796.480048] Model parameter optimization (eps = 1.000000)
[00:04:39 -15788.251203] SLOW spr round 1 (radius: 5)
[00:04:44 -15785.774429] SLOW spr round 2 (radius: 10)
[00:04:48 -15785.774110] SLOW spr round 3 (radius: 15)
[00:04:53] [worker #3] ML tree search #12, logLikelihood: -15798.072247
[00:04:59 -15785.774089] SLOW spr round 4 (radius: 20)
[00:05:15 -15785.774087] SLOW spr round 5 (radius: 25)
[00:05:32] [worker #1] ML tree search #10, logLikelihood: -15786.333563
[00:05:33] [worker #2] ML tree search #11, logLikelihood: -15797.270216
[00:05:34 -15785.774087] Model parameter optimization (eps = 0.100000)

[00:05:35] [worker #0] ML tree search #9, logLikelihood: -15785.768371

[00:05:35 -20760.490899] Initial branch length optimization
[00:05:35 -16864.015037] Model parameter optimization (eps = 10.000000)
[00:05:37 -16023.259551] AUTODETECT spr round 1 (radius: 5)
[00:05:38 -15849.684421] AUTODETECT spr round 2 (radius: 10)
[00:05:41 -15840.310820] AUTODETECT spr round 3 (radius: 15)
[00:05:48 -15840.264023] SPR radius for FAST iterations: 10 (autodetect)
[00:05:48 -15840.264023] Model parameter optimization (eps = 3.000000)
[00:05:49 -15839.772107] FAST spr round 1 (radius: 10)
[00:05:51 -15819.042912] FAST spr round 2 (radius: 10)
[00:05:52 -15814.559978] Model parameter optimization (eps = 1.000000)
[00:05:52 -15814.509087] SLOW spr round 1 (radius: 5)
[00:05:59 -15806.533877] SLOW spr round 2 (radius: 10)
[00:06:03 -15805.560841] SLOW spr round 3 (radius: 15)
[00:06:16 -15805.560817] SLOW spr round 4 (radius: 20)
[00:06:17] [worker #3] ML tree search #16, logLikelihood: -15796.258434
[00:06:32 -15805.560815] SLOW spr round 5 (radius: 25)
[00:06:47] [worker #1] ML tree search #14, logLikelihood: -15786.326313
[00:06:52 -15805.560815] Model parameter optimization (eps = 0.100000)

[00:06:53] [worker #0] ML tree search #13, logLikelihood: -15805.546467

[00:06:53 -20801.906628] Initial branch length optimization
[00:06:53 -16869.395990] Model parameter optimization (eps = 10.000000)
[00:06:54 -16031.773034] AUTODETECT spr round 1 (radius: 5)
[00:06:55 -15839.418344] AUTODETECT spr round 2 (radius: 10)
[00:06:59 -15826.803672] AUTODETECT spr round 3 (radius: 15)
[00:07:00] [worker #2] ML tree search #15, logLikelihood: -15803.211432
[00:07:06 -15826.557864] AUTODETECT spr round 4 (radius: 20)
[00:07:15 -15826.539883] SPR radius for FAST iterations: 15 (autodetect)
[00:07:15 -15826.539883] Model parameter optimization (eps = 3.000000)
[00:07:15 -15826.307201] FAST spr round 1 (radius: 15)
[00:07:17 -15804.669385] FAST spr round 2 (radius: 15)
[00:07:19 -15801.231043] Model parameter optimization (eps = 1.000000)
[00:07:19 -15801.212126] SLOW spr round 1 (radius: 5)
[00:07:25 -15795.605756] SLOW spr round 2 (radius: 10)
[00:07:29 -15795.605666] SLOW spr round 3 (radius: 15)
[00:07:40 -15795.605664] SLOW spr round 4 (radius: 20)
[00:07:45] [worker #3] ML tree search #20, logLikelihood: -15792.315293
[00:07:57 -15795.605664] SLOW spr round 5 (radius: 25)
[00:08:09] [worker #1] ML tree search #18, logLikelihood: -15800.871692
[00:08:13] [worker #2] ML tree search #19, logLikelihood: -15793.102279
[00:08:19 -15795.605664] Model parameter optimization (eps = 0.100000)

[00:08:21] [worker #0] ML tree search #17, logLikelihood: -15795.589153


Optimized model parameters:

   Partition 0: noname
   Rate heterogeneity: GAMMA (4 cats, mean),  alpha: 1.217514 (ML),  weights&rates: (0.250000,0.178212) (0.250000,0.533617) (0.250000,1.028407) (0.250000,2.259763) 
   Base frequencies (empirical): 0.230306 0.343922 0.211673 0.214099 
   Substitution rates (ML): 0.690997 5.256961 0.802005 0.730706 3.314815 1.000000 


Final LogLikelihood: -15785.768371

AIC score: 33019.536743 / AICc score: 1082819.536743 / BIC score: 36138.600014
Free parameters (model + branch lengths): 724

WARNING: Number of free parameters (K=724) is larger than alignment size (n=549).
         This might lead to overfitting and compromise tree inference results!


WARNING: Best ML tree contains 90 near-zero branches!

Best ML tree with collapsed near-zero branches saved to: /data/jeremias/eucs/roadies/output/genes/gene_3_filtered.fa.aln.raxml.bestTreeCollapsed
Best ML tree saved to: /data/jeremias/eucs/roadies/output/genes/gene_3_filtered.fa.aln.raxml.bestTree
All ML trees saved to: /data/jeremias/eucs/roadies/output/genes/gene_3_filtered.fa.aln.raxml.mlTrees
Optimized model saved to: /data/jeremias/eucs/roadies/output/genes/gene_3_filtered.fa.aln.raxml.bestModel

Execution log saved to: /data/jeremias/eucs/roadies/output/genes/gene_3_filtered.fa.aln.raxml.log

Analysis started: 29-Jul-2024 14:22:40 / finished: 29-Jul-2024 14:31:02

Elapsed time: 501.897 seconds

