
RAxML-NG v. 1.2.2 released on 11.04.2024 by The Exelixis Lab.
Developed by: Alexey M. Kozlov and Alexandros Stamatakis.
Contributors: Diego Darriba, Tomas Flouri, Benoit Morel, Sarah Lutteropp, Ben Bettisworth, Julia Haag, Anastasis Togkousidis.
Latest version: https://github.com/amkozlov/raxml-ng
Questions/problems/suggestions? Please visit: https://groups.google.com/forum/#!forum/raxml

System: AMD EPYC 7742 64-Core Processor, 128 cores, 1007 GB RAM

RAxML-NG was called at 03-Jul-2024 19:13:07 as follows:

raxml-ng --msa /data/jeremias/eucs/roadies/output/genes/gene_84_filtered.fa.aln --model GTR+G+F --redo --threads auto{4} --blopt nr_safe

Analysis options:
  run mode: ML tree search
  start tree(s): random (10) + parsimony (10)
  random seed: 1719997987
  tip-inner: OFF
  pattern compression: ON
  per-rate scalers: OFF
  site repeats: ON
  logLH epsilon: general: 10.000000, brlen-triplet: 1000.000000
  fast spr radius: AUTO
  spr subtree cutoff: 1.000000
  fast CLV updates: ON
  branch lengths: proportional (ML estimate, algorithm: NR-SAFE)
  SIMD kernels: AVX2
  parallelization: coarse-grained (auto), PTHREADS (auto)

WARNING: Running in REDO mode: existing checkpoints are ignored, and all result files will be overwritten!

[00:00:00] Reading alignment from file: /data/jeremias/eucs/roadies/output/genes/gene_84_filtered.fa.aln
[00:00:00] Loaded alignment with 331 taxa and 513 sites

WARNING: Sequences GCA_016097485.1_4 and GCA_004368105.3_1 are exactly identical!
WARNING: Sequences GCA_014182405.1_9 and GCA_017140185.1_8 are exactly identical!
WARNING: Sequences GCA_014182405.1_9 and GCA_017140165.1_5 are exactly identical!
WARNING: Sequences GCA_014182405.1_6 and GCA_014182405.1_5 are exactly identical!
WARNING: Sequences GCA_014182585.1_9 and GCA_016097545.1_2 are exactly identical!
WARNING: Sequences GCA_017140185.1_9 and GCA_016097615.1_6 are exactly identical!
WARNING: Sequences GCA_017140185.1_6 and GCA_016097615.1_5 are exactly identical!
WARNING: Sequences GCA_014182515.1_4 and GCA_014182515.1_5 are exactly identical!
WARNING: Sequences GCA_016097615.1_2 and GCA_014182695.1_5 are exactly identical!
WARNING: Sequences GCA_014182695.1_6 and GCA_014182695.1_7 are exactly identical!
WARNING: Sequences GCA_014182375.1_4 and GCA_014182375.1_5 are exactly identical!
WARNING: Sequences GCA_014182375.1_4 and GCA_014182375.1_6 are exactly identical!
WARNING: Sequences GCA_014182375.1_4 and GCA_014182375.1_3 are exactly identical!
WARNING: Sequences GCA_014182375.1_4 and GCA_014182375.1_7 are exactly identical!
WARNING: Sequences GCA_014182695.1_3 and GCA_014182695.1_2 are exactly identical!
WARNING: Duplicate sequences found: 15

NOTE: Reduced alignment (with duplicates and gap-only sites/taxa removed) 
NOTE: was saved to: /data/jeremias/eucs/roadies/output/genes/gene_84_filtered.fa.aln.raxml.reduced.phy

Alignment comprises 1 partitions and 498 patterns

Partition 0: noname
Model: GTR+FC+G4m
Alignment sites / patterns: 513 / 498
Gaps: 13.21 %
Invariant sites: 6.04 %


NOTE: Binary MSA file created: /data/jeremias/eucs/roadies/output/genes/gene_84_filtered.fa.aln.raxml.rba

Parallelization scheme autoconfig: 4 worker(s) x 1 thread(s)

[00:00:00] Generating 10 random starting tree(s) with 331 taxa
[00:00:00] Generating 10 parsimony starting tree(s) with 331 taxa
Parallel parsimony with 4 threads
Parallel reduction/worker buffer size: 1 KB  / 0 KB

[00:00:00] Data distribution: max. partitions/sites/weight per thread: 1 / 498 / 7968
[00:00:00] Data distribution: max. searches per worker: 5

Starting ML tree search with 20 distinct starting trees

[00:00:00 -93437.397771] Initial branch length optimization
[00:00:00 -80868.295877] Model parameter optimization (eps = 10.000000)
[00:00:02 -78179.347410] AUTODETECT spr round 1 (radius: 5)
[00:00:03 -47192.783986] AUTODETECT spr round 2 (radius: 10)
[00:00:06 -33781.639654] AUTODETECT spr round 3 (radius: 15)
[00:00:10 -29524.579483] AUTODETECT spr round 4 (radius: 20)
[00:00:17 -29518.464216] AUTODETECT spr round 5 (radius: 25)
[00:00:25 -29516.949279] SPR radius for FAST iterations: 25 (autodetect)
[00:00:25 -29516.949279] Model parameter optimization (eps = 3.000000)
[00:00:27 -29351.737417] FAST spr round 1 (radius: 25)
[00:00:30 -25795.231988] FAST spr round 2 (radius: 25)
[00:00:32 -25635.588252] FAST spr round 3 (radius: 25)
[00:00:34 -25623.362675] FAST spr round 4 (radius: 25)
[00:00:36 -25623.361914] Model parameter optimization (eps = 1.000000)
[00:00:36 -25620.705472] SLOW spr round 1 (radius: 5)
[00:00:42 -25613.832588] SLOW spr round 2 (radius: 10)
[00:00:47 -25613.498035] SLOW spr round 3 (radius: 15)
[00:00:55 -25613.325898] SLOW spr round 4 (radius: 20)
[00:01:07 -25613.320964] SLOW spr round 5 (radius: 25)
[00:01:12] [worker #2] ML tree search #3, logLikelihood: -25611.743489
[00:01:13] [worker #3] ML tree search #4, logLikelihood: -25601.753750
[00:01:17 -25613.320490] Model parameter optimization (eps = 0.100000)

[00:01:17] [worker #0] ML tree search #1, logLikelihood: -25613.247119

[00:01:17 -93203.058834] Initial branch length optimization
[00:01:17 -80991.527785] Model parameter optimization (eps = 10.000000)
[00:01:19 -78273.637393] AUTODETECT spr round 1 (radius: 5)
[00:01:20 -46838.750677] AUTODETECT spr round 2 (radius: 10)
[00:01:21] [worker #1] ML tree search #2, logLikelihood: -25602.602454
[00:01:23 -33448.240705] AUTODETECT spr round 3 (radius: 15)
[00:01:28 -28778.104997] AUTODETECT spr round 4 (radius: 20)
[00:01:34 -28654.977022] AUTODETECT spr round 5 (radius: 25)
[00:01:41 -28587.765736] SPR radius for FAST iterations: 25 (autodetect)
[00:01:41 -28587.765736] Model parameter optimization (eps = 3.000000)
[00:01:42 -28439.276531] FAST spr round 1 (radius: 25)
[00:01:45 -25764.053843] FAST spr round 2 (radius: 25)
[00:01:47 -25631.918062] FAST spr round 3 (radius: 25)
[00:01:49 -25615.141267] FAST spr round 4 (radius: 25)
[00:01:51 -25615.140619] Model parameter optimization (eps = 1.000000)
[00:01:51 -25611.783669] SLOW spr round 1 (radius: 5)
[00:01:57 -25605.259722] SLOW spr round 2 (radius: 10)
[00:02:01 -25605.258907] SLOW spr round 3 (radius: 15)
[00:02:10 -25605.258854] SLOW spr round 4 (radius: 20)
[00:02:21 -25605.258849] SLOW spr round 5 (radius: 25)
[00:02:30] [worker #3] ML tree search #8, logLikelihood: -25603.952872
[00:02:30] [worker #1] ML tree search #6, logLikelihood: -25602.561867
[00:02:30 -25605.258849] Model parameter optimization (eps = 0.100000)

[00:02:30] [worker #0] ML tree search #5, logLikelihood: -25605.216359

[00:02:30 -94354.680430] Initial branch length optimization
[00:02:31 -81685.371352] Model parameter optimization (eps = 10.000000)
[00:02:32 -78971.779567] AUTODETECT spr round 1 (radius: 5)
[00:02:32] [worker #2] ML tree search #7, logLikelihood: -25598.383522
[00:02:33 -48485.574584] AUTODETECT spr round 2 (radius: 10)
[00:02:36 -34631.775480] AUTODETECT spr round 3 (radius: 15)
[00:02:41 -30016.520529] AUTODETECT spr round 4 (radius: 20)
[00:02:45 -29066.011322] AUTODETECT spr round 5 (radius: 25)
[00:02:51 -29048.998512] SPR radius for FAST iterations: 25 (autodetect)
[00:02:51 -29048.998512] Model parameter optimization (eps = 3.000000)
[00:02:52 -28857.416829] FAST spr round 1 (radius: 25)
[00:02:55 -25836.258086] FAST spr round 2 (radius: 25)
[00:02:57 -25640.581952] FAST spr round 3 (radius: 25)
[00:02:59 -25618.390596] FAST spr round 4 (radius: 25)
[00:03:01 -25618.378309] Model parameter optimization (eps = 1.000000)
[00:03:01 -25613.616028] SLOW spr round 1 (radius: 5)
[00:03:07 -25607.555732] SLOW spr round 2 (radius: 10)
[00:03:12 -25607.322633] SLOW spr round 3 (radius: 15)
[00:03:20 -25606.882864] SLOW spr round 4 (radius: 20)
[00:03:30] [worker #2] ML tree search #11, logLikelihood: -25617.489366
[00:03:31 -25606.874863] SLOW spr round 5 (radius: 25)
[00:03:41 -25606.874519] Model parameter optimization (eps = 0.100000)

[00:03:42] [worker #0] ML tree search #9, logLikelihood: -25606.825854

[00:03:42 -31701.514031] Initial branch length optimization
[00:03:42 -26676.529408] Model parameter optimization (eps = 10.000000)
[00:03:43 -25804.622042] AUTODETECT spr round 1 (radius: 5)
[00:03:44 -25649.147090] AUTODETECT spr round 2 (radius: 10)
[00:03:47] [worker #1] ML tree search #10, logLikelihood: -25604.318983
[00:03:47 -25646.043080] AUTODETECT spr round 3 (radius: 15)
[00:03:51] [worker #3] ML tree search #12, logLikelihood: -25620.562012
[00:03:54 -25645.528449] AUTODETECT spr round 4 (radius: 20)
[00:04:02 -25645.305009] AUTODETECT spr round 5 (radius: 25)
[00:04:09 -25645.210856] SPR radius for FAST iterations: 20 (autodetect)
[00:04:09 -25645.210856] Model parameter optimization (eps = 3.000000)
[00:04:09 -25644.663917] FAST spr round 1 (radius: 20)
[00:04:11 -25614.574239] FAST spr round 2 (radius: 20)
[00:04:13 -25610.486717] Model parameter optimization (eps = 1.000000)
[00:04:13 -25610.426395] SLOW spr round 1 (radius: 5)
[00:04:18 -25599.030571] SLOW spr round 2 (radius: 5)
[00:04:22 -25599.028385] SLOW spr round 3 (radius: 10)
[00:04:27 -25598.300024] SLOW spr round 4 (radius: 15)
[00:04:34 -25598.295641] SLOW spr round 5 (radius: 20)
[00:04:35] [worker #2] ML tree search #15, logLikelihood: -25602.491748
[00:04:46 -25598.295119] SLOW spr round 6 (radius: 25)
[00:04:53] [worker #3] ML tree search #16, logLikelihood: -25602.465661
[00:04:57 -25598.295052] Model parameter optimization (eps = 0.100000)

[00:04:57] [worker #0] ML tree search #13, logLikelihood: -25598.272776

[00:04:57 -31659.662546] Initial branch length optimization
[00:04:57] [worker #1] ML tree search #14, logLikelihood: -25602.184425
[00:04:57 -26711.737544] Model parameter optimization (eps = 10.000000)
[00:04:58 -25862.176976] AUTODETECT spr round 1 (radius: 5)
[00:04:59 -25665.991255] AUTODETECT spr round 2 (radius: 10)
[00:05:03 -25638.260475] AUTODETECT spr round 3 (radius: 15)
[00:05:10 -25636.570302] AUTODETECT spr round 4 (radius: 20)
[00:05:16 -25636.342209] AUTODETECT spr round 5 (radius: 25)
[00:05:23 -25636.274731] SPR radius for FAST iterations: 20 (autodetect)
[00:05:23 -25636.274731] Model parameter optimization (eps = 3.000000)
[00:05:24 -25635.695731] FAST spr round 1 (radius: 20)
[00:05:26 -25618.103772] FAST spr round 2 (radius: 20)
[00:05:27 -25615.980520] Model parameter optimization (eps = 1.000000)
[00:05:28 -25615.933524] SLOW spr round 1 (radius: 5)
[00:05:33 -25607.938806] SLOW spr round 2 (radius: 10)
[00:05:38 -25607.938366] SLOW spr round 3 (radius: 15)
[00:05:46 -25607.938317] SLOW spr round 4 (radius: 20)
[00:05:52] [worker #2] ML tree search #19, logLikelihood: -25608.182440
[00:05:57 -25607.938311] SLOW spr round 5 (radius: 25)
[00:05:58] [worker #3] ML tree search #20, logLikelihood: -25609.807125
[00:06:07] [worker #1] ML tree search #18, logLikelihood: -25601.880283
[00:06:08 -25607.938311] Model parameter optimization (eps = 0.100000)

[00:06:08] [worker #0] ML tree search #17, logLikelihood: -25607.889773


Optimized model parameters:

   Partition 0: noname
   Rate heterogeneity: GAMMA (4 cats, mean),  alpha: 1.471277 (ML),  weights&rates: (0.250000,0.220851) (0.250000,0.583705) (0.250000,1.048689) (0.250000,2.146755) 
   Base frequencies (empirical): 0.244566 0.271627 0.221841 0.261965 
   Substitution rates (ML): 0.723687 3.572710 0.948450 1.226024 3.251049 1.000000 


Final LogLikelihood: -25598.272776

AIC score: 52532.545552 / AICc score: 946316.545552 / BIC score: 55365.049816
Free parameters (model + branch lengths): 668

WARNING: Number of free parameters (K=668) is larger than alignment size (n=513).
         This might lead to overfitting and compromise tree inference results!


WARNING: Best ML tree contains 62 near-zero branches!

Best ML tree with collapsed near-zero branches saved to: /data/jeremias/eucs/roadies/output/genes/gene_84_filtered.fa.aln.raxml.bestTreeCollapsed
Best ML tree saved to: /data/jeremias/eucs/roadies/output/genes/gene_84_filtered.fa.aln.raxml.bestTree
All ML trees saved to: /data/jeremias/eucs/roadies/output/genes/gene_84_filtered.fa.aln.raxml.mlTrees
Optimized model saved to: /data/jeremias/eucs/roadies/output/genes/gene_84_filtered.fa.aln.raxml.bestModel

Execution log saved to: /data/jeremias/eucs/roadies/output/genes/gene_84_filtered.fa.aln.raxml.log

Analysis started: 03-Jul-2024 19:13:07 / finished: 03-Jul-2024 19:19:15

Elapsed time: 368.319 seconds

