
RAxML-NG v. 1.2.2 released on 11.04.2024 by The Exelixis Lab.
Developed by: Alexey M. Kozlov and Alexandros Stamatakis.
Contributors: Diego Darriba, Tomas Flouri, Benoit Morel, Sarah Lutteropp, Ben Bettisworth, Julia Haag, Anastasis Togkousidis.
Latest version: https://github.com/amkozlov/raxml-ng
Questions/problems/suggestions? Please visit: https://groups.google.com/forum/#!forum/raxml

System: AMD EPYC 7742 64-Core Processor, 128 cores, 1007 GB RAM

RAxML-NG was called at 03-Jul-2024 20:49:27 as follows:

raxml-ng --msa /data/jeremias/eucs/roadies/output/genes/gene_48_filtered.fa.aln --model GTR+G+F --redo --threads auto{4} --blopt nr_safe

Analysis options:
  run mode: ML tree search
  start tree(s): random (10) + parsimony (10)
  random seed: 1720003767
  tip-inner: OFF
  pattern compression: ON
  per-rate scalers: OFF
  site repeats: ON
  logLH epsilon: general: 10.000000, brlen-triplet: 1000.000000
  fast spr radius: AUTO
  spr subtree cutoff: 1.000000
  fast CLV updates: ON
  branch lengths: proportional (ML estimate, algorithm: NR-SAFE)
  SIMD kernels: AVX2
  parallelization: coarse-grained (auto), PTHREADS (auto)

WARNING: Running in REDO mode: existing checkpoints are ignored, and all result files will be overwritten!

[00:00:00] Reading alignment from file: /data/jeremias/eucs/roadies/output/genes/gene_48_filtered.fa.aln
[00:00:00] Loaded alignment with 36 taxa and 571 sites

Alignment comprises 1 partitions and 240 patterns

Partition 0: noname
Model: GTR+FC+G4m
Alignment sites / patterns: 571 / 240
Gaps: 12.34 %
Invariant sites: 66.02 %


NOTE: Binary MSA file created: /data/jeremias/eucs/roadies/output/genes/gene_48_filtered.fa.aln.raxml.rba

Parallelization scheme autoconfig: 4 worker(s) x 1 thread(s)

[00:00:00] Generating 10 random starting tree(s) with 36 taxa
[00:00:00] Generating 10 parsimony starting tree(s) with 36 taxa
Parallel parsimony with 4 threads
Parallel reduction/worker buffer size: 1 KB  / 0 KB

[00:00:00] Data distribution: max. partitions/sites/weight per thread: 1 / 240 / 3840
[00:00:00] Data distribution: max. searches per worker: 5

Starting ML tree search with 20 distinct starting trees

[00:00:00 -4679.888461] Initial branch length optimization
[00:00:00 -3709.067053] Model parameter optimization (eps = 10.000000)
[00:00:00 -3440.393084] AUTODETECT spr round 1 (radius: 5)
[00:00:00 -2926.559454] AUTODETECT spr round 2 (radius: 10)
[00:00:00 -2571.497865] AUTODETECT spr round 3 (radius: 15)
[00:00:00 -2565.697246] AUTODETECT spr round 4 (radius: 20)
[00:00:00 -2565.485668] AUTODETECT spr round 5 (radius: 25)
[00:00:00 -2565.472709] SPR radius for FAST iterations: 20 (autodetect)
[00:00:00 -2565.472709] Model parameter optimization (eps = 3.000000)
[00:00:00 -2542.706560] FAST spr round 1 (radius: 20)
[00:00:00 -2503.827965] FAST spr round 2 (radius: 20)
[00:00:00 -2486.888053] FAST spr round 3 (radius: 20)
[00:00:00 -2486.070545] Model parameter optimization (eps = 1.000000)
[00:00:00 -2484.930422] SLOW spr round 1 (radius: 5)
[00:00:00 -2484.710462] SLOW spr round 2 (radius: 10)
[00:00:01 -2484.710041] SLOW spr round 3 (radius: 15)
[00:00:01] [worker #1] ML tree search #2, logLikelihood: -2485.852770
[00:00:01] [worker #2] ML tree search #3, logLikelihood: -2485.745410
[00:00:01] [worker #3] ML tree search #4, logLikelihood: -2484.814063
[00:00:01 -2484.710040] SLOW spr round 4 (radius: 20)
[00:00:01 -2484.710040] SLOW spr round 5 (radius: 25)
[00:00:01 -2484.710040] Model parameter optimization (eps = 0.100000)

[00:00:01] [worker #0] ML tree search #1, logLikelihood: -2484.706585

[00:00:01 -4561.089079] Initial branch length optimization
[00:00:01 -3615.963298] Model parameter optimization (eps = 10.000000)
[00:00:01 -3415.435768] AUTODETECT spr round 1 (radius: 5)
[00:00:01 -2651.251810] AUTODETECT spr round 2 (radius: 10)
[00:00:01 -2541.384485] AUTODETECT spr round 3 (radius: 15)
[00:00:01 -2541.362675] SPR radius for FAST iterations: 10 (autodetect)
[00:00:01 -2541.362675] Model parameter optimization (eps = 3.000000)
[00:00:01 -2521.016911] FAST spr round 1 (radius: 10)
[00:00:01 -2490.920502] FAST spr round 2 (radius: 10)
[00:00:01 -2486.731303] Model parameter optimization (eps = 1.000000)
[00:00:01 -2486.177080] SLOW spr round 1 (radius: 5)
[00:00:02 -2484.725092] SLOW spr round 2 (radius: 10)
[00:00:02 -2484.724967] SLOW spr round 3 (radius: 15)
[00:00:02] [worker #1] ML tree search #6, logLikelihood: -2486.114031
[00:00:02] [worker #2] ML tree search #7, logLikelihood: -2485.852764
[00:00:02] [worker #3] ML tree search #8, logLikelihood: -2486.114114
[00:00:02 -2484.724967] SLOW spr round 4 (radius: 20)
[00:00:02 -2484.724967] SLOW spr round 5 (radius: 25)
[00:00:02 -2484.724967] Model parameter optimization (eps = 0.100000)

[00:00:02] [worker #0] ML tree search #5, logLikelihood: -2484.706690

[00:00:02 -4599.698826] Initial branch length optimization
[00:00:02 -3630.712931] Model parameter optimization (eps = 10.000000)
[00:00:02 -3418.622097] AUTODETECT spr round 1 (radius: 5)
[00:00:02 -2695.454401] AUTODETECT spr round 2 (radius: 10)
[00:00:02 -2541.661841] AUTODETECT spr round 3 (radius: 15)
[00:00:02 -2541.604586] SPR radius for FAST iterations: 10 (autodetect)
[00:00:02 -2541.604586] Model parameter optimization (eps = 3.000000)
[00:00:02 -2521.774509] FAST spr round 1 (radius: 10)
[00:00:02 -2487.501955] FAST spr round 2 (radius: 10)
[00:00:02 -2486.505685] Model parameter optimization (eps = 1.000000)
[00:00:02 -2485.967231] SLOW spr round 1 (radius: 5)
[00:00:03 -2485.755772] SLOW spr round 2 (radius: 10)
[00:00:03] [worker #2] ML tree search #11, logLikelihood: -2486.114014
[00:00:03] [worker #3] ML tree search #12, logLikelihood: -2486.114063
[00:00:03 -2485.755678] SLOW spr round 3 (radius: 15)
[00:00:03] [worker #1] ML tree search #10, logLikelihood: -2484.706585
[00:00:03 -2485.755678] SLOW spr round 4 (radius: 20)
[00:00:03 -2485.755678] SLOW spr round 5 (radius: 25)
[00:00:03 -2485.755678] Model parameter optimization (eps = 0.100000)

[00:00:03] [worker #0] ML tree search #9, logLikelihood: -2485.745380

[00:00:03 -3352.955725] Initial branch length optimization
[00:00:03 -2539.170738] Model parameter optimization (eps = 10.000000)
[00:00:03 -2489.928769] AUTODETECT spr round 1 (radius: 5)
[00:00:03 -2487.778817] AUTODETECT spr round 2 (radius: 10)
[00:00:03 -2487.763261] SPR radius for FAST iterations: 5 (autodetect)
[00:00:03 -2487.763261] Model parameter optimization (eps = 3.000000)
[00:00:03 -2487.736406] FAST spr round 1 (radius: 5)
[00:00:03 -2487.701626] Model parameter optimization (eps = 1.000000)
[00:00:03 -2487.701521] SLOW spr round 1 (radius: 5)
[00:00:03 -2487.701321] SLOW spr round 2 (radius: 10)
[00:00:03] [worker #2] ML tree search #15, logLikelihood: -2486.114034
[00:00:04 -2484.843474] SLOW spr round 3 (radius: 15)
[00:00:04] [worker #3] ML tree search #16, logLikelihood: -2485.745325
[00:00:04] [worker #1] ML tree search #14, logLikelihood: -2485.745319
[00:00:04 -2484.843416] SLOW spr round 4 (radius: 20)
[00:00:04 -2484.843416] SLOW spr round 5 (radius: 25)
[00:00:04 -2484.843416] Model parameter optimization (eps = 0.100000)

[00:00:04] [worker #0] ML tree search #13, logLikelihood: -2484.706582

[00:00:04 -3365.163180] Initial branch length optimization
[00:00:04 -2556.475973] Model parameter optimization (eps = 10.000000)
[00:00:04 -2503.671384] AUTODETECT spr round 1 (radius: 5)
[00:00:04 -2488.609390] AUTODETECT spr round 2 (radius: 10)
[00:00:04 -2488.546198] SPR radius for FAST iterations: 5 (autodetect)
[00:00:04 -2488.546198] Model parameter optimization (eps = 3.000000)
[00:00:04 -2488.455873] FAST spr round 1 (radius: 5)
[00:00:04 -2488.455133] Model parameter optimization (eps = 1.000000)
[00:00:04 -2488.454468] SLOW spr round 1 (radius: 5)
[00:00:04 -2487.726567] SLOW spr round 2 (radius: 10)
[00:00:04] [worker #3] ML tree search #20, logLikelihood: -2484.706567
[00:00:04] [worker #2] ML tree search #19, logLikelihood: -2485.745342
[00:00:04] [worker #1] ML tree search #18, logLikelihood: -2484.706605
[00:00:04 -2484.864872] SLOW spr round 3 (radius: 15)
[00:00:05 -2484.864819] SLOW spr round 4 (radius: 20)
[00:00:05 -2484.864819] SLOW spr round 5 (radius: 25)
[00:00:05 -2484.864819] Model parameter optimization (eps = 0.100000)

[00:00:05] [worker #0] ML tree search #17, logLikelihood: -2484.706582


Optimized model parameters:

   Partition 0: noname
   Rate heterogeneity: GAMMA (4 cats, mean),  alpha: 0.713193 (ML),  weights&rates: (0.250000,0.077008) (0.250000,0.369689) (0.250000,0.929661) (0.250000,2.623642) 
   Base frequencies (empirical): 0.262098 0.241509 0.214317 0.282075 
   Substitution rates (ML): 1.692254 6.326212 1.589125 2.715331 3.521675 1.000000 


Final LogLikelihood: -2484.706567

AIC score: 5125.413135 / AICc score: 5150.461915 / BIC score: 5464.509493
Free parameters (model + branch lengths): 78

WARNING: Best ML tree contains 6 near-zero branches!

Best ML tree with collapsed near-zero branches saved to: /data/jeremias/eucs/roadies/output/genes/gene_48_filtered.fa.aln.raxml.bestTreeCollapsed
Best ML tree saved to: /data/jeremias/eucs/roadies/output/genes/gene_48_filtered.fa.aln.raxml.bestTree
All ML trees saved to: /data/jeremias/eucs/roadies/output/genes/gene_48_filtered.fa.aln.raxml.mlTrees
Optimized model saved to: /data/jeremias/eucs/roadies/output/genes/gene_48_filtered.fa.aln.raxml.bestModel

Execution log saved to: /data/jeremias/eucs/roadies/output/genes/gene_48_filtered.fa.aln.raxml.log

Analysis started: 03-Jul-2024 20:49:27 / finished: 03-Jul-2024 20:49:33

Elapsed time: 5.231 seconds

