
RAxML-NG v. 1.2.2 released on 11.04.2024 by The Exelixis Lab.
Developed by: Alexey M. Kozlov and Alexandros Stamatakis.
Contributors: Diego Darriba, Tomas Flouri, Benoit Morel, Sarah Lutteropp, Ben Bettisworth, Julia Haag, Anastasis Togkousidis.
Latest version: https://github.com/amkozlov/raxml-ng
Questions/problems/suggestions? Please visit: https://groups.google.com/forum/#!forum/raxml

System: AMD EPYC 7742 64-Core Processor, 128 cores, 1007 GB RAM

RAxML-NG was called at 03-Jul-2024 18:15:23 as follows:

raxml-ng --msa /data/jeremias/eucs/roadies/output/genes/gene_131_filtered.fa.aln --model GTR+G+F --redo --threads auto{4} --blopt nr_safe

Analysis options:
  run mode: ML tree search
  start tree(s): random (10) + parsimony (10)
  random seed: 1719994523
  tip-inner: OFF
  pattern compression: ON
  per-rate scalers: OFF
  site repeats: ON
  logLH epsilon: general: 10.000000, brlen-triplet: 1000.000000
  fast spr radius: AUTO
  spr subtree cutoff: 1.000000
  fast CLV updates: ON
  branch lengths: proportional (ML estimate, algorithm: NR-SAFE)
  SIMD kernels: AVX2
  parallelization: coarse-grained (auto), PTHREADS (auto)

WARNING: Running in REDO mode: existing checkpoints are ignored, and all result files will be overwritten!

[00:00:00] Reading alignment from file: /data/jeremias/eucs/roadies/output/genes/gene_131_filtered.fa.aln
[00:00:00] Loaded alignment with 39 taxa and 505 sites

WARNING: Sequences GCA_014182395.1_0 and GCA_014182855.1_0 are exactly identical!
WARNING: Sequences GCA_014182395.1_0 and GCA_014182715.1_0 are exactly identical!
WARNING: Sequences GCA_014182585.1_0 and GCA_016097545.1_0 are exactly identical!
WARNING: Sequences GCA_014182585.1_0 and GCA_017140475.1_0 are exactly identical!
WARNING: Sequences GCA_014182585.1_0 and GCA_017140165.1_0 are exactly identical!
WARNING: Duplicate sequences found: 5

NOTE: Reduced alignment (with duplicates and gap-only sites/taxa removed) 
NOTE: was saved to: /data/jeremias/eucs/roadies/output/genes/gene_131_filtered.fa.aln.raxml.reduced.phy

Alignment comprises 1 partitions and 96 patterns

Partition 0: noname
Model: GTR+FC+G4m
Alignment sites / patterns: 505 / 96
Gaps: 1.13 %
Invariant sites: 79.41 %


NOTE: Binary MSA file created: /data/jeremias/eucs/roadies/output/genes/gene_131_filtered.fa.aln.raxml.rba

Parallelization scheme autoconfig: 4 worker(s) x 1 thread(s)

[00:00:00] Generating 10 random starting tree(s) with 39 taxa
[00:00:00] Generating 10 parsimony starting tree(s) with 39 taxa
Parallel parsimony with 4 threads
Parallel reduction/worker buffer size: 1 KB  / 0 KB

[00:00:00] Data distribution: max. partitions/sites/weight per thread: 1 / 96 / 1536
[00:00:00] Data distribution: max. searches per worker: 5

Starting ML tree search with 20 distinct starting trees

[00:00:00 -2924.542852] Initial branch length optimization
[00:00:00 -2010.837661] Model parameter optimization (eps = 10.000000)
[00:00:00 -1893.595376] AUTODETECT spr round 1 (radius: 5)
[00:00:00 -1572.799253] AUTODETECT spr round 2 (radius: 10)
[00:00:00 -1478.362950] AUTODETECT spr round 3 (radius: 15)
[00:00:00 -1478.362533] SPR radius for FAST iterations: 10 (autodetect)
[00:00:00 -1478.362533] Model parameter optimization (eps = 3.000000)
[00:00:00 -1463.516878] FAST spr round 1 (radius: 10)
[00:00:00 -1451.428354] FAST spr round 2 (radius: 10)
[00:00:00 -1451.428346] Model parameter optimization (eps = 1.000000)
[00:00:00 -1451.136111] SLOW spr round 1 (radius: 5)
[00:00:00 -1451.136109] SLOW spr round 2 (radius: 10)
[00:00:00 -1451.136109] SLOW spr round 3 (radius: 15)
[00:00:00 -1451.136109] SLOW spr round 4 (radius: 20)
[00:00:00 -1451.136109] SLOW spr round 5 (radius: 25)
[00:00:00 -1451.136109] Model parameter optimization (eps = 0.100000)
[00:00:00] [worker #1] ML tree search #2, logLikelihood: -1451.135503

[00:00:00] [worker #0] ML tree search #1, logLikelihood: -1451.135461

[00:00:00 -2915.547826] Initial branch length optimization
[00:00:00] [worker #3] ML tree search #4, logLikelihood: -1451.135445
[00:00:00 -1999.601204] Model parameter optimization (eps = 10.000000)
[00:00:00 -1884.851479] AUTODETECT spr round 1 (radius: 5)
[00:00:00 -1659.779786] AUTODETECT spr round 2 (radius: 10)
[00:00:00 -1558.087828] AUTODETECT spr round 3 (radius: 15)
[00:00:00 -1555.070950] AUTODETECT spr round 4 (radius: 20)
[00:00:00 -1555.069546] SPR radius for FAST iterations: 15 (autodetect)
[00:00:00 -1555.069546] Model parameter optimization (eps = 3.000000)
[00:00:00 -1547.461133] FAST spr round 1 (radius: 15)
[00:00:00] [worker #2] ML tree search #3, logLikelihood: -1451.135472
[00:00:00 -1456.869025] FAST spr round 2 (radius: 15)
[00:00:00 -1456.868972] Model parameter optimization (eps = 1.000000)
[00:00:00 -1451.135430] SLOW spr round 1 (radius: 5)
[00:00:00 -1451.135427] SLOW spr round 2 (radius: 10)
[00:00:00 -1451.135427] SLOW spr round 3 (radius: 15)
[00:00:00 -1451.135427] SLOW spr round 4 (radius: 20)
[00:00:00] [worker #1] ML tree search #6, logLikelihood: -1451.135393
[00:00:00 -1451.135427] SLOW spr round 5 (radius: 25)
[00:00:00 -1451.135427] Model parameter optimization (eps = 0.100000)

[00:00:00] [worker #0] ML tree search #5, logLikelihood: -1451.135425

[00:00:00 -2882.442420] Initial branch length optimization
[00:00:00 -1979.084540] Model parameter optimization (eps = 10.000000)
[00:00:00 -1869.463872] AUTODETECT spr round 1 (radius: 5)
[00:00:01] [worker #3] ML tree search #8, logLikelihood: -1451.135506
[00:00:01 -1507.420303] AUTODETECT spr round 2 (radius: 10)
[00:00:01 -1474.199889] AUTODETECT spr round 3 (radius: 15)
[00:00:01 -1474.166473] SPR radius for FAST iterations: 10 (autodetect)
[00:00:01 -1474.166473] Model parameter optimization (eps = 3.000000)
[00:00:01] [worker #2] ML tree search #7, logLikelihood: -1451.135485
[00:00:01 -1460.162223] FAST spr round 1 (radius: 10)
[00:00:01 -1451.554218] Model parameter optimization (eps = 1.000000)
[00:00:01 -1451.136457] SLOW spr round 1 (radius: 5)
[00:00:01 -1451.136454] SLOW spr round 2 (radius: 10)
[00:00:01 -1451.136454] SLOW spr round 3 (radius: 15)
[00:00:01 -1451.136454] SLOW spr round 4 (radius: 20)
[00:00:01 -1451.136454] SLOW spr round 5 (radius: 25)
[00:00:01 -1451.136454] Model parameter optimization (eps = 0.100000)

[00:00:01] [worker #0] ML tree search #9, logLikelihood: -1451.135453

[00:00:01 -2473.883895] Initial branch length optimization
[00:00:01] [worker #3] ML tree search #12, logLikelihood: -1451.135441
[00:00:01 -1490.108152] Model parameter optimization (eps = 10.000000)
[00:00:01 -1457.556968] AUTODETECT spr round 1 (radius: 5)
[00:00:01 -1451.442808] AUTODETECT spr round 2 (radius: 10)
[00:00:01] [worker #1] ML tree search #10, logLikelihood: -1451.135490
[00:00:01] [worker #2] ML tree search #11, logLikelihood: -1451.135441
[00:00:01 -1451.442695] SPR radius for FAST iterations: 5 (autodetect)
[00:00:01 -1451.442695] Model parameter optimization (eps = 3.000000)
[00:00:01 -1451.135701] FAST spr round 1 (radius: 5)
[00:00:01 -1451.135700] Model parameter optimization (eps = 1.000000)
[00:00:01 -1451.135431] SLOW spr round 1 (radius: 5)
[00:00:01 -1451.135428] SLOW spr round 2 (radius: 10)
[00:00:01 -1451.135428] SLOW spr round 3 (radius: 15)
[00:00:01 -1451.135428] SLOW spr round 4 (radius: 20)
[00:00:01 -1451.135428] SLOW spr round 5 (radius: 25)
[00:00:01 -1451.135428] Model parameter optimization (eps = 0.100000)

[00:00:01] [worker #0] ML tree search #13, logLikelihood: -1451.135425

[00:00:01] [worker #2] ML tree search #15, logLikelihood: -1451.135451
[00:00:01 -2469.381800] Initial branch length optimization
[00:00:01] [worker #3] ML tree search #16, logLikelihood: -1451.135425
[00:00:01 -1484.940777] Model parameter optimization (eps = 10.000000)
[00:00:01 -1453.074550] AUTODETECT spr round 1 (radius: 5)
[00:00:01 -1451.184430] AUTODETECT spr round 2 (radius: 10)
[00:00:01] [worker #1] ML tree search #14, logLikelihood: -1451.135407
[00:00:01 -1451.184424] SPR radius for FAST iterations: 5 (autodetect)
[00:00:01 -1451.184424] Model parameter optimization (eps = 3.000000)
[00:00:01 -1451.135502] FAST spr round 1 (radius: 5)
[00:00:01 -1451.135502] Model parameter optimization (eps = 1.000000)
[00:00:01 -1451.135430] SLOW spr round 1 (radius: 5)
[00:00:02 -1451.135429] SLOW spr round 2 (radius: 10)
[00:00:02 -1451.135429] SLOW spr round 3 (radius: 15)
[00:00:02 -1451.135429] SLOW spr round 4 (radius: 20)
[00:00:02] [worker #3] ML tree search #20, logLikelihood: -1451.135453
[00:00:02 -1451.135429] SLOW spr round 5 (radius: 25)
[00:00:02 -1451.135429] Model parameter optimization (eps = 0.100000)
[00:00:02] [worker #2] ML tree search #19, logLikelihood: -1451.135427

[00:00:02] [worker #0] ML tree search #17, logLikelihood: -1451.135428

[00:00:02] [worker #1] ML tree search #18, logLikelihood: -1451.135430

Optimized model parameters:

   Partition 0: noname
   Rate heterogeneity: GAMMA (4 cats, mean),  alpha: 1.884254 (ML),  weights&rates: (0.250000,0.279055) (0.250000,0.642113) (0.250000,1.066804) (0.250000,2.012028) 
   Base frequencies (empirical): 0.347011 0.231769 0.157611 0.263609 
   Substitution rates (ML): 1.913024 6.788498 1.381037 0.652450 4.742798 1.000000 


Final LogLikelihood: -1451.135393

AIC score: 3070.270787 / AICc score: 3104.270787 / BIC score: 3425.133695
Free parameters (model + branch lengths): 84

WARNING: Best ML tree contains 23 near-zero branches!

Best ML tree with collapsed near-zero branches saved to: /data/jeremias/eucs/roadies/output/genes/gene_131_filtered.fa.aln.raxml.bestTreeCollapsed
Best ML tree saved to: /data/jeremias/eucs/roadies/output/genes/gene_131_filtered.fa.aln.raxml.bestTree
All ML trees saved to: /data/jeremias/eucs/roadies/output/genes/gene_131_filtered.fa.aln.raxml.mlTrees
Optimized model saved to: /data/jeremias/eucs/roadies/output/genes/gene_131_filtered.fa.aln.raxml.bestModel

Execution log saved to: /data/jeremias/eucs/roadies/output/genes/gene_131_filtered.fa.aln.raxml.log

Analysis started: 03-Jul-2024 18:15:23 / finished: 03-Jul-2024 18:15:25

Elapsed time: 2.238 seconds

