
RAxML-NG v. 1.2.2 released on 11.04.2024 by The Exelixis Lab.
Developed by: Alexey M. Kozlov and Alexandros Stamatakis.
Contributors: Diego Darriba, Tomas Flouri, Benoit Morel, Sarah Lutteropp, Ben Bettisworth, Julia Haag, Anastasis Togkousidis.
Latest version: https://github.com/amkozlov/raxml-ng
Questions/problems/suggestions? Please visit: https://groups.google.com/forum/#!forum/raxml

System: AMD EPYC 7742 64-Core Processor, 128 cores, 1007 GB RAM

RAxML-NG was called at 03-Jul-2024 20:32:44 as follows:

raxml-ng --msa /data/jeremias/eucs/roadies/output/genes/gene_165_filtered.fa.aln --model GTR+G+F --redo --threads auto{4} --blopt nr_safe

Analysis options:
  run mode: ML tree search
  start tree(s): random (10) + parsimony (10)
  random seed: 1720002764
  tip-inner: OFF
  pattern compression: ON
  per-rate scalers: OFF
  site repeats: ON
  logLH epsilon: general: 10.000000, brlen-triplet: 1000.000000
  fast spr radius: AUTO
  spr subtree cutoff: 1.000000
  fast CLV updates: ON
  branch lengths: proportional (ML estimate, algorithm: NR-SAFE)
  SIMD kernels: AVX2
  parallelization: coarse-grained (auto), PTHREADS (auto)

WARNING: Running in REDO mode: existing checkpoints are ignored, and all result files will be overwritten!

[00:00:00] Reading alignment from file: /data/jeremias/eucs/roadies/output/genes/gene_165_filtered.fa.aln
[00:00:00] Loaded alignment with 34 taxa and 657 sites

WARNING: Sequences GCA_014182545.1_1 and GCA_014182545.1_0 are exactly identical!
WARNING: Duplicate sequences found: 1

NOTE: Reduced alignment (with duplicates and gap-only sites/taxa removed) 
NOTE: was saved to: /data/jeremias/eucs/roadies/output/genes/gene_165_filtered.fa.aln.raxml.reduced.phy

Alignment comprises 1 partitions and 216 patterns

Partition 0: noname
Model: GTR+FC+G4m
Alignment sites / patterns: 657 / 216
Gaps: 23.89 %
Invariant sites: 66.97 %


NOTE: Binary MSA file created: /data/jeremias/eucs/roadies/output/genes/gene_165_filtered.fa.aln.raxml.rba

Parallelization scheme autoconfig: 4 worker(s) x 1 thread(s)

[00:00:00] Generating 10 random starting tree(s) with 34 taxa
[00:00:00] Generating 10 parsimony starting tree(s) with 34 taxa
Parallel parsimony with 4 threads
Parallel reduction/worker buffer size: 1 KB  / 0 KB

[00:00:00] Data distribution: max. partitions/sites/weight per thread: 1 / 216 / 3456
[00:00:00] Data distribution: max. searches per worker: 5

Starting ML tree search with 20 distinct starting trees

[00:00:00 -3902.845553] Initial branch length optimization
[00:00:00 -2988.326874] Model parameter optimization (eps = 10.000000)
[00:00:00 -2915.285370] AUTODETECT spr round 1 (radius: 5)
[00:00:00 -2563.361947] AUTODETECT spr round 2 (radius: 10)
[00:00:00 -2541.589640] AUTODETECT spr round 3 (radius: 15)
[00:00:00 -2540.949066] AUTODETECT spr round 4 (radius: 20)
[00:00:00 -2540.627884] AUTODETECT spr round 5 (radius: 25)
[00:00:00 -2540.447210] SPR radius for FAST iterations: 25 (autodetect)
[00:00:00 -2540.447210] Model parameter optimization (eps = 3.000000)
[00:00:00 -2528.432407] FAST spr round 1 (radius: 25)
[00:00:00 -2508.377567] FAST spr round 2 (radius: 25)
[00:00:00 -2508.376797] Model parameter optimization (eps = 1.000000)
[00:00:00 -2507.897260] SLOW spr round 1 (radius: 5)
[00:00:00 -2507.363759] SLOW spr round 2 (radius: 10)
[00:00:00 -2507.363759] SLOW spr round 3 (radius: 15)
[00:00:00 -2507.363759] SLOW spr round 4 (radius: 20)
[00:00:00] [worker #3] ML tree search #4, logLikelihood: -2508.207452
[00:00:00] [worker #1] ML tree search #2, logLikelihood: -2508.207442
[00:00:00 -2507.363759] SLOW spr round 5 (radius: 25)
[00:00:00 -2507.363759] Model parameter optimization (eps = 0.100000)

[00:00:00] [worker #0] ML tree search #1, logLikelihood: -2507.338800

[00:00:00 -3941.614664] Initial branch length optimization
[00:00:00 -3012.383527] Model parameter optimization (eps = 10.000000)
[00:00:00] [worker #2] ML tree search #3, logLikelihood: -2507.338351
[00:00:01 -2927.320128] AUTODETECT spr round 1 (radius: 5)
[00:00:01 -2594.067605] AUTODETECT spr round 2 (radius: 10)
[00:00:01 -2547.662879] AUTODETECT spr round 3 (radius: 15)
[00:00:01 -2546.649404] AUTODETECT spr round 4 (radius: 20)
[00:00:01 -2546.604792] SPR radius for FAST iterations: 15 (autodetect)
[00:00:01 -2546.604792] Model parameter optimization (eps = 3.000000)
[00:00:01 -2531.294663] FAST spr round 1 (radius: 15)
[00:00:01 -2509.113118] FAST spr round 2 (radius: 15)
[00:00:01 -2508.966413] Model parameter optimization (eps = 1.000000)
[00:00:01 -2508.590724] SLOW spr round 1 (radius: 5)
[00:00:01 -2508.589616] SLOW spr round 2 (radius: 10)
[00:00:01 -2508.589616] SLOW spr round 3 (radius: 15)
[00:00:01] [worker #3] ML tree search #8, logLikelihood: -2508.207506
[00:00:01 -2508.589616] SLOW spr round 4 (radius: 20)
[00:00:01] [worker #1] ML tree search #6, logLikelihood: -2507.339084
[00:00:01 -2508.589616] SLOW spr round 5 (radius: 25)
[00:00:01 -2508.589616] Model parameter optimization (eps = 0.100000)

[00:00:01] [worker #0] ML tree search #5, logLikelihood: -2508.580024

[00:00:01 -3948.908338] Initial branch length optimization
[00:00:01 -2987.803390] Model parameter optimization (eps = 10.000000)
[00:00:01] [worker #2] ML tree search #7, logLikelihood: -2507.682473
[00:00:01 -2906.933429] AUTODETECT spr round 1 (radius: 5)
[00:00:01 -2632.301389] AUTODETECT spr round 2 (radius: 10)
[00:00:01 -2554.018194] AUTODETECT spr round 3 (radius: 15)
[00:00:02 -2553.967351] SPR radius for FAST iterations: 10 (autodetect)
[00:00:02 -2553.967351] Model parameter optimization (eps = 3.000000)
[00:00:02 -2539.838605] FAST spr round 1 (radius: 10)
[00:00:02 -2509.740892] FAST spr round 2 (radius: 10)
[00:00:02 -2509.740763] Model parameter optimization (eps = 1.000000)
[00:00:02 -2509.109675] SLOW spr round 1 (radius: 5)
[00:00:02] [worker #3] ML tree search #12, logLikelihood: -2508.207210
[00:00:02 -2508.215411] SLOW spr round 2 (radius: 10)
[00:00:02 -2508.215397] SLOW spr round 3 (radius: 15)
[00:00:02 -2508.215397] SLOW spr round 4 (radius: 20)
[00:00:02] [worker #2] ML tree search #11, logLikelihood: -2507.454260
[00:00:02 -2508.215397] SLOW spr round 5 (radius: 25)
[00:00:02 -2508.215397] Model parameter optimization (eps = 0.100000)

[00:00:02] [worker #0] ML tree search #9, logLikelihood: -2508.207763

[00:00:02 -3510.307602] Initial branch length optimization
[00:00:02 -2563.981088] Model parameter optimization (eps = 10.000000)
[00:00:02] [worker #1] ML tree search #10, logLikelihood: -2507.681555
[00:00:02 -2535.939079] AUTODETECT spr round 1 (radius: 5)
[00:00:02 -2511.737209] AUTODETECT spr round 2 (radius: 10)
[00:00:02 -2511.574617] AUTODETECT spr round 3 (radius: 15)
[00:00:02 -2511.573467] SPR radius for FAST iterations: 10 (autodetect)
[00:00:02 -2511.573467] Model parameter optimization (eps = 3.000000)
[00:00:02 -2511.357985] FAST spr round 1 (radius: 10)
[00:00:02 -2507.688292] Model parameter optimization (eps = 1.000000)
[00:00:02 -2507.636872] SLOW spr round 1 (radius: 5)
[00:00:03] [worker #3] ML tree search #16, logLikelihood: -2508.207463
[00:00:03 -2507.339203] SLOW spr round 2 (radius: 10)
[00:00:03 -2507.339203] SLOW spr round 3 (radius: 15)
[00:00:03] [worker #2] ML tree search #15, logLikelihood: -2507.338542
[00:00:03 -2507.339203] SLOW spr round 4 (radius: 20)
[00:00:03 -2507.339203] SLOW spr round 5 (radius: 25)
[00:00:03 -2507.339203] Model parameter optimization (eps = 0.100000)

[00:00:03] [worker #0] ML tree search #13, logLikelihood: -2507.338349

[00:00:03 -3517.113649] Initial branch length optimization
[00:00:03 -2562.899375] Model parameter optimization (eps = 10.000000)
[00:00:03] [worker #1] ML tree search #14, logLikelihood: -2507.338581
[00:00:03 -2535.432363] AUTODETECT spr round 1 (radius: 5)
[00:00:03 -2509.277912] AUTODETECT spr round 2 (radius: 10)
[00:00:03 -2508.994844] AUTODETECT spr round 3 (radius: 15)
[00:00:03 -2508.993666] SPR radius for FAST iterations: 10 (autodetect)
[00:00:03 -2508.993666] Model parameter optimization (eps = 3.000000)
[00:00:03 -2508.861796] FAST spr round 1 (radius: 10)
[00:00:03 -2508.745143] Model parameter optimization (eps = 1.000000)
[00:00:03 -2508.742044] SLOW spr round 1 (radius: 5)
[00:00:03] [worker #3] ML tree search #20, logLikelihood: -2508.350793
[00:00:03 -2507.695794] SLOW spr round 2 (radius: 10)
[00:00:03 -2507.695794] SLOW spr round 3 (radius: 15)
[00:00:03] [worker #2] ML tree search #19, logLikelihood: -2507.681037
[00:00:04 -2507.695794] SLOW spr round 4 (radius: 20)
[00:00:04 -2507.695794] SLOW spr round 5 (radius: 25)
[00:00:04] [worker #1] ML tree search #18, logLikelihood: -2507.338340
[00:00:04 -2507.695794] Model parameter optimization (eps = 0.100000)

[00:00:04] [worker #0] ML tree search #17, logLikelihood: -2507.681446


Optimized model parameters:

   Partition 0: noname
   Rate heterogeneity: GAMMA (4 cats, mean),  alpha: 1.119946 (ML),  weights&rates: (0.250000,0.160246) (0.250000,0.510057) (0.250000,1.017343) (0.250000,2.312354) 
   Base frequencies (empirical): 0.250441 0.261263 0.196918 0.291377 
   Substitution rates (ML): 1.147323 3.855821 1.343071 1.580435 2.288052 1.000000 


Final LogLikelihood: -2507.338340

AIC score: 5162.676680 / AICc score: 5181.748845 / BIC score: 5494.765297
Free parameters (model + branch lengths): 74

WARNING: Best ML tree contains 10 near-zero branches!

Best ML tree with collapsed near-zero branches saved to: /data/jeremias/eucs/roadies/output/genes/gene_165_filtered.fa.aln.raxml.bestTreeCollapsed
Best ML tree saved to: /data/jeremias/eucs/roadies/output/genes/gene_165_filtered.fa.aln.raxml.bestTree
All ML trees saved to: /data/jeremias/eucs/roadies/output/genes/gene_165_filtered.fa.aln.raxml.mlTrees
Optimized model saved to: /data/jeremias/eucs/roadies/output/genes/gene_165_filtered.fa.aln.raxml.bestModel

Execution log saved to: /data/jeremias/eucs/roadies/output/genes/gene_165_filtered.fa.aln.raxml.log

Analysis started: 03-Jul-2024 20:32:44 / finished: 03-Jul-2024 20:32:48

Elapsed time: 4.110 seconds

