
RAxML-NG v. 1.2.2 released on 11.04.2024 by The Exelixis Lab.
Developed by: Alexey M. Kozlov and Alexandros Stamatakis.
Contributors: Diego Darriba, Tomas Flouri, Benoit Morel, Sarah Lutteropp, Ben Bettisworth, Julia Haag, Anastasis Togkousidis.
Latest version: https://github.com/amkozlov/raxml-ng
Questions/problems/suggestions? Please visit: https://groups.google.com/forum/#!forum/raxml

System: AMD EPYC 7742 64-Core Processor, 128 cores, 1007 GB RAM

RAxML-NG was called at 03-Jul-2024 20:41:17 as follows:

raxml-ng --msa /data/jeremias/eucs/roadies/output/genes/gene_224_filtered.fa.aln --model GTR+G+F --redo --threads auto{4} --blopt nr_safe

Analysis options:
  run mode: ML tree search
  start tree(s): random (10) + parsimony (10)
  random seed: 1720003277
  tip-inner: OFF
  pattern compression: ON
  per-rate scalers: OFF
  site repeats: ON
  logLH epsilon: general: 10.000000, brlen-triplet: 1000.000000
  fast spr radius: AUTO
  spr subtree cutoff: 1.000000
  fast CLV updates: ON
  branch lengths: proportional (ML estimate, algorithm: NR-SAFE)
  SIMD kernels: AVX2
  parallelization: coarse-grained (auto), PTHREADS (auto)

WARNING: Running in REDO mode: existing checkpoints are ignored, and all result files will be overwritten!

[00:00:00] Reading alignment from file: /data/jeremias/eucs/roadies/output/genes/gene_224_filtered.fa.aln
[00:00:00] Loaded alignment with 38 taxa and 544 sites

Alignment comprises 1 partitions and 160 patterns

Partition 0: noname
Model: GTR+FC+G4m
Alignment sites / patterns: 544 / 160
Gaps: 7.73 %
Invariant sites: 70.96 %


NOTE: Binary MSA file created: /data/jeremias/eucs/roadies/output/genes/gene_224_filtered.fa.aln.raxml.rba

Parallelization scheme autoconfig: 4 worker(s) x 1 thread(s)

[00:00:00] Generating 10 random starting tree(s) with 38 taxa
[00:00:00] Generating 10 parsimony starting tree(s) with 38 taxa
Parallel parsimony with 4 threads
Parallel reduction/worker buffer size: 1 KB  / 0 KB

[00:00:00] Data distribution: max. partitions/sites/weight per thread: 1 / 160 / 2560
[00:00:00] Data distribution: max. searches per worker: 5

Starting ML tree search with 20 distinct starting trees

[00:00:00 -3731.333165] Initial branch length optimization
[00:00:00 -2797.951908] Model parameter optimization (eps = 10.000000)
[00:00:00 -2610.789726] AUTODETECT spr round 1 (radius: 5)
[00:00:00 -2320.702129] AUTODETECT spr round 2 (radius: 10)
[00:00:00 -2161.318625] AUTODETECT spr round 3 (radius: 15)
[00:00:00 -2160.888185] AUTODETECT spr round 4 (radius: 20)
[00:00:00 -2160.886436] SPR radius for FAST iterations: 15 (autodetect)
[00:00:00 -2160.886436] Model parameter optimization (eps = 3.000000)
[00:00:00 -2150.889886] FAST spr round 1 (radius: 15)
[00:00:00 -1981.529748] FAST spr round 2 (radius: 15)
[00:00:00 -1980.259620] Model parameter optimization (eps = 1.000000)
[00:00:00 -1971.261560] SLOW spr round 1 (radius: 5)
[00:00:00 -1970.749998] SLOW spr round 2 (radius: 10)
[00:00:00] [worker #1] ML tree search #2, logLikelihood: -1970.714442
[00:00:00] [worker #3] ML tree search #4, logLikelihood: -1970.714519
[00:00:00] [worker #2] ML tree search #3, logLikelihood: -1970.714453
[00:00:00 -1970.749998] SLOW spr round 3 (radius: 15)
[00:00:01 -1970.749998] SLOW spr round 4 (radius: 20)
[00:00:01 -1970.749998] SLOW spr round 5 (radius: 25)
[00:00:01 -1970.749998] Model parameter optimization (eps = 0.100000)

[00:00:01] [worker #0] ML tree search #1, logLikelihood: -1970.714523

[00:00:01 -3750.691702] Initial branch length optimization
[00:00:01 -2796.466203] Model parameter optimization (eps = 10.000000)
[00:00:01 -2614.034529] AUTODETECT spr round 1 (radius: 5)
[00:00:01 -2172.287466] AUTODETECT spr round 2 (radius: 10)
[00:00:01 -2151.949625] AUTODETECT spr round 3 (radius: 15)
[00:00:01 -2148.443777] AUTODETECT spr round 4 (radius: 20)
[00:00:01 -2148.440661] SPR radius for FAST iterations: 15 (autodetect)
[00:00:01 -2148.440661] Model parameter optimization (eps = 3.000000)
[00:00:01 -2138.136156] FAST spr round 1 (radius: 15)
[00:00:01 -1990.610545] FAST spr round 2 (radius: 15)
[00:00:01 -1980.433863] FAST spr round 3 (radius: 15)
[00:00:01] [worker #2] ML tree search #7, logLikelihood: -1970.714438
[00:00:01 -1980.265176] Model parameter optimization (eps = 1.000000)
[00:00:01 -1970.714634] SLOW spr round 1 (radius: 5)
[00:00:01] [worker #1] ML tree search #6, logLikelihood: -1970.714417
[00:00:01] [worker #3] ML tree search #8, logLikelihood: -1970.714434
[00:00:02 -1970.714614] SLOW spr round 2 (radius: 10)
[00:00:02 -1970.714614] SLOW spr round 3 (radius: 15)
[00:00:02] [worker #2] ML tree search #11, logLikelihood: -1970.714516
[00:00:02 -1970.714614] SLOW spr round 4 (radius: 20)
[00:00:02 -1970.714614] SLOW spr round 5 (radius: 25)
[00:00:02 -1970.714614] Model parameter optimization (eps = 0.100000)

[00:00:02] [worker #0] ML tree search #5, logLikelihood: -1970.714580

[00:00:02 -3730.258468] Initial branch length optimization
[00:00:02 -2801.539820] Model parameter optimization (eps = 10.000000)
[00:00:02 -2624.637583] AUTODETECT spr round 1 (radius: 5)
[00:00:02 -2176.612300] AUTODETECT spr round 2 (radius: 10)
[00:00:02] [worker #3] ML tree search #12, logLikelihood: -1970.714424
[00:00:02 -2028.181873] AUTODETECT spr round 3 (radius: 15)
[00:00:02 -2027.999189] AUTODETECT spr round 4 (radius: 20)
[00:00:02 -2027.989879] SPR radius for FAST iterations: 15 (autodetect)
[00:00:02 -2027.989879] Model parameter optimization (eps = 3.000000)
[00:00:02 -2002.052401] FAST spr round 1 (radius: 15)
[00:00:02] [worker #1] ML tree search #10, logLikelihood: -1970.714423
[00:00:02 -1979.639901] FAST spr round 2 (radius: 15)
[00:00:02 -1971.220392] Model parameter optimization (eps = 1.000000)
[00:00:02 -1970.720227] SLOW spr round 1 (radius: 5)
[00:00:03 -1970.720149] SLOW spr round 2 (radius: 10)
[00:00:03] [worker #2] ML tree search #15, logLikelihood: -1970.714423
[00:00:03 -1970.720149] SLOW spr round 3 (radius: 15)
[00:00:03 -1970.720149] SLOW spr round 4 (radius: 20)
[00:00:03 -1970.720149] SLOW spr round 5 (radius: 25)
[00:00:03 -1970.720149] Model parameter optimization (eps = 0.100000)
[00:00:03] [worker #3] ML tree search #16, logLikelihood: -1970.714418

[00:00:03] [worker #0] ML tree search #9, logLikelihood: -1970.714441

[00:00:03 -2924.174758] Initial branch length optimization
[00:00:03 -2036.780681] Model parameter optimization (eps = 10.000000)
[00:00:03 -1992.204110] AUTODETECT spr round 1 (radius: 5)
[00:00:03] [worker #1] ML tree search #14, logLikelihood: -1971.740176
[00:00:03 -1980.704930] AUTODETECT spr round 2 (radius: 10)
[00:00:03 -1980.298456] AUTODETECT spr round 3 (radius: 15)
[00:00:03 -1980.298447] SPR radius for FAST iterations: 10 (autodetect)
[00:00:03 -1980.298447] Model parameter optimization (eps = 3.000000)
[00:00:03 -1980.136489] FAST spr round 1 (radius: 10)
[00:00:03 -1980.136296] Model parameter optimization (eps = 1.000000)
[00:00:03 -1980.135924] SLOW spr round 1 (radius: 5)
[00:00:03 -1973.290717] SLOW spr round 2 (radius: 10)
[00:00:03] [worker #2] ML tree search #19, logLikelihood: -1970.714429
[00:00:03 -1973.290717] SLOW spr round 3 (radius: 15)
[00:00:04 -1973.290717] SLOW spr round 4 (radius: 20)
[00:00:04 -1973.290717] SLOW spr round 5 (radius: 25)
[00:00:04] [worker #3] ML tree search #20, logLikelihood: -1970.714427
[00:00:04 -1973.290717] Model parameter optimization (eps = 0.100000)

[00:00:04] [worker #0] ML tree search #13, logLikelihood: -1973.217557

[00:00:04 -2912.758140] Initial branch length optimization
[00:00:04 -2023.302388] Model parameter optimization (eps = 10.000000)
[00:00:04 -1980.692555] AUTODETECT spr round 1 (radius: 5)
[00:00:04] [worker #1] ML tree search #18, logLikelihood: -1970.714424
[00:00:04 -1970.765894] AUTODETECT spr round 2 (radius: 10)
[00:00:04 -1970.765828] SPR radius for FAST iterations: 5 (autodetect)
[00:00:04 -1970.765828] Model parameter optimization (eps = 3.000000)
[00:00:04 -1970.714677] FAST spr round 1 (radius: 5)
[00:00:04 -1970.714492] Model parameter optimization (eps = 1.000000)
[00:00:04 -1970.714456] SLOW spr round 1 (radius: 5)
[00:00:04 -1970.714454] SLOW spr round 2 (radius: 10)
[00:00:04 -1970.714454] SLOW spr round 3 (radius: 15)
[00:00:04 -1970.714454] SLOW spr round 4 (radius: 20)
[00:00:04 -1970.714454] SLOW spr round 5 (radius: 25)
[00:00:04 -1970.714454] Model parameter optimization (eps = 0.100000)

[00:00:04] [worker #0] ML tree search #17, logLikelihood: -1970.714451


Optimized model parameters:

   Partition 0: noname
   Rate heterogeneity: GAMMA (4 cats, mean),  alpha: 1.492242 (ML),  weights&rates: (0.250000,0.224122) (0.250000,0.587260) (0.250000,1.049963) (0.250000,2.138656) 
   Base frequencies (empirical): 0.338052 0.291968 0.111251 0.258729 
   Substitution rates (ML): 0.744649 4.748974 0.925759 1.928895 2.689486 1.000000 


Final LogLikelihood: -1970.714417

AIC score: 4105.428835 / AICc score: 4134.955950 / BIC score: 4457.942673
Free parameters (model + branch lengths): 82

WARNING: Best ML tree contains 14 near-zero branches!

Best ML tree with collapsed near-zero branches saved to: /data/jeremias/eucs/roadies/output/genes/gene_224_filtered.fa.aln.raxml.bestTreeCollapsed
Best ML tree saved to: /data/jeremias/eucs/roadies/output/genes/gene_224_filtered.fa.aln.raxml.bestTree
All ML trees saved to: /data/jeremias/eucs/roadies/output/genes/gene_224_filtered.fa.aln.raxml.mlTrees
Optimized model saved to: /data/jeremias/eucs/roadies/output/genes/gene_224_filtered.fa.aln.raxml.bestModel

Execution log saved to: /data/jeremias/eucs/roadies/output/genes/gene_224_filtered.fa.aln.raxml.log

Analysis started: 03-Jul-2024 20:41:17 / finished: 03-Jul-2024 20:41:21

Elapsed time: 4.658 seconds

