
RAxML-NG v. 1.2.2 released on 11.04.2024 by The Exelixis Lab.
Developed by: Alexey M. Kozlov and Alexandros Stamatakis.
Contributors: Diego Darriba, Tomas Flouri, Benoit Morel, Sarah Lutteropp, Ben Bettisworth, Julia Haag, Anastasis Togkousidis.
Latest version: https://github.com/amkozlov/raxml-ng
Questions/problems/suggestions? Please visit: https://groups.google.com/forum/#!forum/raxml

System: AMD EPYC 7742 64-Core Processor, 128 cores, 1007 GB RAM

RAxML-NG was called at 03-Jul-2024 19:58:26 as follows:

raxml-ng --msa /data/jeremias/eucs/roadies/output/genes/gene_43_filtered.fa.aln --model GTR+G+F --redo --threads auto{4} --blopt nr_safe

Analysis options:
  run mode: ML tree search
  start tree(s): random (10) + parsimony (10)
  random seed: 1720000706
  tip-inner: OFF
  pattern compression: ON
  per-rate scalers: OFF
  site repeats: ON
  logLH epsilon: general: 10.000000, brlen-triplet: 1000.000000
  fast spr radius: AUTO
  spr subtree cutoff: 1.000000
  fast CLV updates: ON
  branch lengths: proportional (ML estimate, algorithm: NR-SAFE)
  SIMD kernels: AVX2
  parallelization: coarse-grained (auto), PTHREADS (auto)

WARNING: Running in REDO mode: existing checkpoints are ignored, and all result files will be overwritten!

[00:00:00] Reading alignment from file: /data/jeremias/eucs/roadies/output/genes/gene_43_filtered.fa.aln
[00:00:00] Loaded alignment with 113 taxa and 562 sites

WARNING: Sequences GCA_014182385.1_1 and GCA_014182705.1_2 are exactly identical!
WARNING: Sequences GCA_017140255.1_1 and GCA_016097485.1_1 are exactly identical!
WARNING: Sequences GCA_017140325.1_2 and GCA_014182885.2_2 are exactly identical!
WARNING: Duplicate sequences found: 3

NOTE: Reduced alignment (with duplicates and gap-only sites/taxa removed) 
NOTE: was saved to: /data/jeremias/eucs/roadies/output/genes/gene_43_filtered.fa.aln.raxml.reduced.phy

Alignment comprises 1 partitions and 516 patterns

Partition 0: noname
Model: GTR+FC+G4m
Alignment sites / patterns: 562 / 516
Gaps: 10.98 %
Invariant sites: 17.97 %


NOTE: Binary MSA file created: /data/jeremias/eucs/roadies/output/genes/gene_43_filtered.fa.aln.raxml.rba

Parallelization scheme autoconfig: 4 worker(s) x 1 thread(s)

[00:00:00] Generating 10 random starting tree(s) with 113 taxa
[00:00:00] Generating 10 parsimony starting tree(s) with 113 taxa
Parallel parsimony with 4 threads
Parallel reduction/worker buffer size: 1 KB  / 0 KB

[00:00:00] Data distribution: max. partitions/sites/weight per thread: 1 / 516 / 8256
[00:00:00] Data distribution: max. searches per worker: 5

Starting ML tree search with 20 distinct starting trees

[00:00:00 -29789.423408] Initial branch length optimization
[00:00:00 -24909.644008] Model parameter optimization (eps = 10.000000)
[00:00:00 -22570.527676] AUTODETECT spr round 1 (radius: 5)
[00:00:01 -13146.433193] AUTODETECT spr round 2 (radius: 10)
[00:00:02 -10089.764826] AUTODETECT spr round 3 (radius: 15)
[00:00:03 -9854.519800] AUTODETECT spr round 4 (radius: 20)
[00:00:04 -9839.273190] AUTODETECT spr round 5 (radius: 25)
[00:00:04 -9834.575727] SPR radius for FAST iterations: 25 (autodetect)
[00:00:04 -9834.575727] Model parameter optimization (eps = 3.000000)
[00:00:05 -9692.790193] FAST spr round 1 (radius: 25)
[00:00:06 -9109.879211] FAST spr round 2 (radius: 25)
[00:00:06 -9079.502302] FAST spr round 3 (radius: 25)
[00:00:07 -9077.545769] Model parameter optimization (eps = 1.000000)
[00:00:07 -9074.970008] SLOW spr round 1 (radius: 5)
[00:00:08 -9074.148547] SLOW spr round 2 (radius: 10)
[00:00:10 -9074.148542] SLOW spr round 3 (radius: 15)
[00:00:12 -9074.148542] SLOW spr round 4 (radius: 20)
[00:00:14 -9074.148542] SLOW spr round 5 (radius: 25)
[00:00:14] [worker #2] ML tree search #3, logLikelihood: -9073.501065
[00:00:14] [worker #3] ML tree search #4, logLikelihood: -9073.585741
[00:00:15 -9074.148542] Model parameter optimization (eps = 0.100000)

[00:00:15] [worker #0] ML tree search #1, logLikelihood: -9074.145529

[00:00:15 -29315.815187] Initial branch length optimization
[00:00:15 -24385.204086] Model parameter optimization (eps = 10.000000)
[00:00:15 -22049.980306] AUTODETECT spr round 1 (radius: 5)
[00:00:16] [worker #1] ML tree search #2, logLikelihood: -9078.448803
[00:00:16 -13663.496380] AUTODETECT spr round 2 (radius: 10)
[00:00:17 -10041.617761] AUTODETECT spr round 3 (radius: 15)
[00:00:18 -9985.952853] AUTODETECT spr round 4 (radius: 20)
[00:00:19 -9981.072849] AUTODETECT spr round 5 (radius: 25)
[00:00:19 -9976.046318] SPR radius for FAST iterations: 25 (autodetect)
[00:00:19 -9976.046318] Model parameter optimization (eps = 3.000000)
[00:00:19 -9828.818651] FAST spr round 1 (radius: 25)
[00:00:20 -9128.504801] FAST spr round 2 (radius: 25)
[00:00:21 -9096.336151] FAST spr round 3 (radius: 25)
[00:00:21 -9083.624539] FAST spr round 4 (radius: 25)
[00:00:21 -9082.842546] Model parameter optimization (eps = 1.000000)
[00:00:22 -9080.490324] SLOW spr round 1 (radius: 5)
[00:00:24 -9075.805397] SLOW spr round 2 (radius: 10)
[00:00:25 -9075.805371] SLOW spr round 3 (radius: 15)
[00:00:28 -9075.805371] SLOW spr round 4 (radius: 20)
[00:00:29] [worker #3] ML tree search #8, logLikelihood: -9077.405650
[00:00:29] [worker #2] ML tree search #7, logLikelihood: -9074.240399
[00:00:29 -9075.805371] SLOW spr round 5 (radius: 25)
[00:00:30] [worker #1] ML tree search #6, logLikelihood: -9078.411707
[00:00:30 -9075.805371] Model parameter optimization (eps = 0.100000)

[00:00:30] [worker #0] ML tree search #5, logLikelihood: -9075.800032

[00:00:30 -29657.552071] Initial branch length optimization
[00:00:30 -24712.366946] Model parameter optimization (eps = 10.000000)
[00:00:31 -22344.819567] AUTODETECT spr round 1 (radius: 5)
[00:00:31 -12978.660696] AUTODETECT spr round 2 (radius: 10)
[00:00:32 -10544.343756] AUTODETECT spr round 3 (radius: 15)
[00:00:33 -10063.372800] AUTODETECT spr round 4 (radius: 20)
[00:00:34 -10057.930157] AUTODETECT spr round 5 (radius: 25)
[00:00:34 -10051.790444] SPR radius for FAST iterations: 25 (autodetect)
[00:00:34 -10051.790444] Model parameter optimization (eps = 3.000000)
[00:00:35 -9890.036822] FAST spr round 1 (radius: 25)
[00:00:36 -9107.532798] FAST spr round 2 (radius: 25)
[00:00:36 -9083.951902] FAST spr round 3 (radius: 25)
[00:00:37 -9083.345415] Model parameter optimization (eps = 1.000000)
[00:00:37 -9080.242290] SLOW spr round 1 (radius: 5)
[00:00:39 -9077.149631] SLOW spr round 2 (radius: 10)
[00:00:40] [worker #3] ML tree search #12, logLikelihood: -9078.427003
[00:00:40 -9077.149566] SLOW spr round 3 (radius: 15)
[00:00:42] [worker #2] ML tree search #11, logLikelihood: -9079.183563
[00:00:42 -9077.149566] SLOW spr round 4 (radius: 20)
[00:00:44] [worker #1] ML tree search #10, logLikelihood: -9073.254898
[00:00:44 -9077.149566] SLOW spr round 5 (radius: 25)
[00:00:45 -9077.149566] Model parameter optimization (eps = 0.100000)

[00:00:45] [worker #0] ML tree search #9, logLikelihood: -9077.135769

[00:00:45 -11274.968836] Initial branch length optimization
[00:00:45 -9695.609224] Model parameter optimization (eps = 10.000000)
[00:00:45 -9120.304547] AUTODETECT spr round 1 (radius: 5)
[00:00:46 -9083.366429] AUTODETECT spr round 2 (radius: 10)
[00:00:47 -9083.213636] AUTODETECT spr round 3 (radius: 15)
[00:00:48 -9083.206524] SPR radius for FAST iterations: 10 (autodetect)
[00:00:48 -9083.206524] Model parameter optimization (eps = 3.000000)
[00:00:48 -9083.152520] FAST spr round 1 (radius: 10)
[00:00:49 -9081.712941] Model parameter optimization (eps = 1.000000)
[00:00:49 -9081.707938] SLOW spr round 1 (radius: 5)
[00:00:50 -9079.225973] SLOW spr round 2 (radius: 10)
[00:00:50] [worker #3] ML tree search #16, logLikelihood: -9074.200397
[00:00:51 -9079.225534] SLOW spr round 3 (radius: 15)
[00:00:52] [worker #2] ML tree search #15, logLikelihood: -9075.272737
[00:00:53] [worker #1] ML tree search #14, logLikelihood: -9078.339257
[00:00:54 -9079.225115] SLOW spr round 4 (radius: 20)
[00:00:56 -9079.224696] SLOW spr round 5 (radius: 25)
[00:00:57 -9079.224278] Model parameter optimization (eps = 0.100000)

[00:00:57] [worker #0] ML tree search #13, logLikelihood: -9079.207573

[00:00:57 -11298.451398] Initial branch length optimization
[00:00:57 -9717.445284] Model parameter optimization (eps = 10.000000)
[00:00:57 -9125.625593] AUTODETECT spr round 1 (radius: 5)
[00:00:58 -9081.374115] AUTODETECT spr round 2 (radius: 10)
[00:00:59 -9081.363174] SPR radius for FAST iterations: 5 (autodetect)
[00:00:59 -9081.363174] Model parameter optimization (eps = 3.000000)
[00:00:59 -9081.239410] FAST spr round 1 (radius: 5)
[00:00:59 -9079.457717] Model parameter optimization (eps = 1.000000)
[00:00:59 -9079.453356] SLOW spr round 1 (radius: 5)
[00:01:00] [worker #3] ML tree search #20, logLikelihood: -9075.264594
[00:01:01 -9075.940071] SLOW spr round 2 (radius: 10)
[00:01:01] [worker #2] ML tree search #19, logLikelihood: -9079.278743
[00:01:02 -9075.939881] SLOW spr round 3 (radius: 15)
[00:01:04] [worker #1] ML tree search #18, logLikelihood: -9073.254808
[00:01:04 -9075.939879] SLOW spr round 4 (radius: 20)
[00:01:07 -9075.939879] SLOW spr round 5 (radius: 25)
[00:01:07 -9075.939879] Model parameter optimization (eps = 0.100000)

[00:01:07] [worker #0] ML tree search #17, logLikelihood: -9075.917042


Optimized model parameters:

   Partition 0: noname
   Rate heterogeneity: GAMMA (4 cats, mean),  alpha: 1.691967 (ML),  weights&rates: (0.250000,0.253513) (0.250000,0.617675) (0.250000,1.059955) (0.250000,2.068857) 
   Base frequencies (empirical): 0.312860 0.145816 0.240881 0.300442 
   Substitution rates (ML): 1.327768 4.673072 0.804101 1.039460 8.050991 1.000000 


Final LogLikelihood: -9073.254808

AIC score: 18610.509616 / AICc score: 18939.117519 / BIC score: 19615.418045
Free parameters (model + branch lengths): 232

WARNING: Best ML tree contains 15 near-zero branches!

Best ML tree with collapsed near-zero branches saved to: /data/jeremias/eucs/roadies/output/genes/gene_43_filtered.fa.aln.raxml.bestTreeCollapsed
Best ML tree saved to: /data/jeremias/eucs/roadies/output/genes/gene_43_filtered.fa.aln.raxml.bestTree
All ML trees saved to: /data/jeremias/eucs/roadies/output/genes/gene_43_filtered.fa.aln.raxml.mlTrees
Optimized model saved to: /data/jeremias/eucs/roadies/output/genes/gene_43_filtered.fa.aln.raxml.bestModel

Execution log saved to: /data/jeremias/eucs/roadies/output/genes/gene_43_filtered.fa.aln.raxml.log

Analysis started: 03-Jul-2024 19:58:26 / finished: 03-Jul-2024 19:59:34

Elapsed time: 67.651 seconds

