
RAxML-NG v. 1.2.2 released on 11.04.2024 by The Exelixis Lab.
Developed by: Alexey M. Kozlov and Alexandros Stamatakis.
Contributors: Diego Darriba, Tomas Flouri, Benoit Morel, Sarah Lutteropp, Ben Bettisworth, Julia Haag, Anastasis Togkousidis.
Latest version: https://github.com/amkozlov/raxml-ng
Questions/problems/suggestions? Please visit: https://groups.google.com/forum/#!forum/raxml

System: AMD EPYC 7742 64-Core Processor, 128 cores, 1007 GB RAM

RAxML-NG was called at 03-Jul-2024 20:34:08 as follows:

raxml-ng --msa /data/jeremias/eucs/roadies/output/genes/gene_104_filtered.fa.aln --model GTR+G+F --redo --threads auto{4} --blopt nr_safe

Analysis options:
  run mode: ML tree search
  start tree(s): random (10) + parsimony (10)
  random seed: 1720002848
  tip-inner: OFF
  pattern compression: ON
  per-rate scalers: OFF
  site repeats: ON
  logLH epsilon: general: 10.000000, brlen-triplet: 1000.000000
  fast spr radius: AUTO
  spr subtree cutoff: 1.000000
  fast CLV updates: ON
  branch lengths: proportional (ML estimate, algorithm: NR-SAFE)
  SIMD kernels: AVX2
  parallelization: coarse-grained (auto), PTHREADS (auto)

WARNING: Running in REDO mode: existing checkpoints are ignored, and all result files will be overwritten!

[00:00:00] Reading alignment from file: /data/jeremias/eucs/roadies/output/genes/gene_104_filtered.fa.aln
[00:00:00] Loaded alignment with 64 taxa and 517 sites

Alignment comprises 1 partitions and 297 patterns

Partition 0: noname
Model: GTR+FC+G4m
Alignment sites / patterns: 517 / 297
Gaps: 7.18 %
Invariant sites: 49.90 %


NOTE: Binary MSA file created: /data/jeremias/eucs/roadies/output/genes/gene_104_filtered.fa.aln.raxml.rba

Parallelization scheme autoconfig: 4 worker(s) x 1 thread(s)

[00:00:00] Generating 10 random starting tree(s) with 64 taxa
[00:00:00] Generating 10 parsimony starting tree(s) with 64 taxa
Parallel parsimony with 4 threads
Parallel reduction/worker buffer size: 1 KB  / 0 KB

[00:00:00] Data distribution: max. partitions/sites/weight per thread: 1 / 297 / 4752
[00:00:00] Data distribution: max. searches per worker: 5

Starting ML tree search with 20 distinct starting trees

[00:00:00 -10674.829371] Initial branch length optimization
[00:00:00 -7863.130341] Model parameter optimization (eps = 10.000000)
[00:00:00 -7008.737709] AUTODETECT spr round 1 (radius: 5)
[00:00:00 -4237.670838] AUTODETECT spr round 2 (radius: 10)
[00:00:00 -3590.166787] AUTODETECT spr round 3 (radius: 15)
[00:00:00 -3558.965349] AUTODETECT spr round 4 (radius: 20)
[00:00:00 -3558.626955] AUTODETECT spr round 5 (radius: 25)
[00:00:00 -3558.595525] SPR radius for FAST iterations: 20 (autodetect)
[00:00:00 -3558.595525] Model parameter optimization (eps = 3.000000)
[00:00:01 -3353.910110] FAST spr round 1 (radius: 20)
[00:00:01 -3159.133286] FAST spr round 2 (radius: 20)
[00:00:01 -3143.523642] FAST spr round 3 (radius: 20)
[00:00:01 -3141.525618] Model parameter optimization (eps = 1.000000)
[00:00:02 -3137.682068] SLOW spr round 1 (radius: 5)
[00:00:02 -3137.514766] SLOW spr round 2 (radius: 10)
[00:00:03 -3137.514766] SLOW spr round 3 (radius: 15)
[00:00:03] [worker #2] ML tree search #3, logLikelihood: -3146.054310
[00:00:03 -3137.514766] SLOW spr round 4 (radius: 20)
[00:00:03] [worker #3] ML tree search #4, logLikelihood: -3136.812388
[00:00:03] [worker #1] ML tree search #2, logLikelihood: -3136.640994
[00:00:03 -3137.514766] SLOW spr round 5 (radius: 25)
[00:00:04 -3137.514766] Model parameter optimization (eps = 0.100000)

[00:00:04] [worker #0] ML tree search #1, logLikelihood: -3137.504019

[00:00:04 -11073.164654] Initial branch length optimization
[00:00:04 -8281.014052] Model parameter optimization (eps = 10.000000)
[00:00:04 -7345.334298] AUTODETECT spr round 1 (radius: 5)
[00:00:04 -5001.179571] AUTODETECT spr round 2 (radius: 10)
[00:00:04 -3700.051502] AUTODETECT spr round 3 (radius: 15)
[00:00:04 -3446.322661] AUTODETECT spr round 4 (radius: 20)
[00:00:04 -3446.201283] AUTODETECT spr round 5 (radius: 25)
[00:00:04 -3446.198510] SPR radius for FAST iterations: 20 (autodetect)
[00:00:04 -3446.198510] Model parameter optimization (eps = 3.000000)
[00:00:05 -3336.328048] FAST spr round 1 (radius: 20)
[00:00:05 -3188.659967] FAST spr round 2 (radius: 20)
[00:00:05 -3149.936164] FAST spr round 3 (radius: 20)
[00:00:05 -3149.936142] Model parameter optimization (eps = 1.000000)
[00:00:05 -3146.214309] SLOW spr round 1 (radius: 5)
[00:00:06 -3145.561493] SLOW spr round 2 (radius: 10)
[00:00:06 -3145.561493] SLOW spr round 3 (radius: 15)
[00:00:07 -3145.560241] SLOW spr round 4 (radius: 20)
[00:00:07] [worker #3] ML tree search #8, logLikelihood: -3138.645547
[00:00:07] [worker #1] ML tree search #6, logLikelihood: -3137.701622
[00:00:07 -3145.560241] SLOW spr round 5 (radius: 25)
[00:00:07 -3145.560241] Model parameter optimization (eps = 0.100000)

[00:00:07] [worker #0] ML tree search #5, logLikelihood: -3145.507604

[00:00:07 -10174.687246] Initial branch length optimization
[00:00:07 -7528.126545] Model parameter optimization (eps = 10.000000)
[00:00:07 -6795.221423] AUTODETECT spr round 1 (radius: 5)
[00:00:08 -4125.123113] AUTODETECT spr round 2 (radius: 10)
[00:00:08 -3732.921949] AUTODETECT spr round 3 (radius: 15)
[00:00:08 -3472.994171] AUTODETECT spr round 4 (radius: 20)
[00:00:08 -3472.551233] AUTODETECT spr round 5 (radius: 25)
[00:00:08 -3472.473224] SPR radius for FAST iterations: 20 (autodetect)
[00:00:08 -3472.473224] Model parameter optimization (eps = 3.000000)
[00:00:08 -3281.248333] FAST spr round 1 (radius: 20)
[00:00:08] [worker #2] ML tree search #7, logLikelihood: -3141.108738
[00:00:08 -3166.478035] FAST spr round 2 (radius: 20)
[00:00:09 -3142.941974] FAST spr round 3 (radius: 20)
[00:00:09 -3140.481017] Model parameter optimization (eps = 1.000000)
[00:00:09 -3137.523865] SLOW spr round 1 (radius: 5)
[00:00:09 -3137.376262] SLOW spr round 2 (radius: 10)
[00:00:10 -3137.376262] SLOW spr round 3 (radius: 15)
[00:00:10] [worker #3] ML tree search #12, logLikelihood: -3138.295022
[00:00:10 -3137.376262] SLOW spr round 4 (radius: 20)
[00:00:10 -3137.376262] SLOW spr round 5 (radius: 25)
[00:00:11] [worker #1] ML tree search #10, logLikelihood: -3137.275985
[00:00:11 -3137.376262] Model parameter optimization (eps = 0.100000)

[00:00:11] [worker #0] ML tree search #9, logLikelihood: -3137.365670

[00:00:11 -4396.865348] Initial branch length optimization
[00:00:11 -3267.187531] Model parameter optimization (eps = 10.000000)
[00:00:11] [worker #2] ML tree search #11, logLikelihood: -3137.618876
[00:00:11 -3181.126395] AUTODETECT spr round 1 (radius: 5)
[00:00:11 -3162.646288] AUTODETECT spr round 2 (radius: 10)
[00:00:11 -3152.355513] AUTODETECT spr round 3 (radius: 15)
[00:00:11 -3152.343160] SPR radius for FAST iterations: 10 (autodetect)
[00:00:11 -3152.343160] Model parameter optimization (eps = 3.000000)
[00:00:11 -3152.064663] FAST spr round 1 (radius: 10)
[00:00:12 -3139.959122] FAST spr round 2 (radius: 10)
[00:00:12 -3137.982437] Model parameter optimization (eps = 1.000000)
[00:00:12 -3137.798498] SLOW spr round 1 (radius: 5)
[00:00:12 -3137.663604] SLOW spr round 2 (radius: 10)
[00:00:13] [worker #3] ML tree search #16, logLikelihood: -3137.618845
[00:00:13 -3137.663604] SLOW spr round 3 (radius: 15)
[00:00:13 -3137.663604] SLOW spr round 4 (radius: 20)
[00:00:13] [worker #1] ML tree search #14, logLikelihood: -3143.696891
[00:00:13 -3137.663604] SLOW spr round 5 (radius: 25)
[00:00:14] [worker #2] ML tree search #15, logLikelihood: -3137.365627
[00:00:14 -3137.663604] Model parameter optimization (eps = 0.100000)

[00:00:14] [worker #0] ML tree search #13, logLikelihood: -3137.650743

[00:00:14 -4364.547694] Initial branch length optimization
[00:00:14 -3235.005587] Model parameter optimization (eps = 10.000000)
[00:00:14 -3147.966123] AUTODETECT spr round 1 (radius: 5)
[00:00:14 -3146.136108] AUTODETECT spr round 2 (radius: 10)
[00:00:14 -3138.389717] AUTODETECT spr round 3 (radius: 15)
[00:00:14 -3138.383925] SPR radius for FAST iterations: 10 (autodetect)
[00:00:14 -3138.383925] Model parameter optimization (eps = 3.000000)
[00:00:14 -3138.187695] FAST spr round 1 (radius: 10)
[00:00:14 -3138.187604] Model parameter optimization (eps = 1.000000)
[00:00:14 -3138.187524] SLOW spr round 1 (radius: 5)
[00:00:15 -3137.383097] SLOW spr round 2 (radius: 10)
[00:00:15 -3137.383097] SLOW spr round 3 (radius: 15)
[00:00:15] [worker #3] ML tree search #20, logLikelihood: -3137.365765
[00:00:16 -3137.383097] SLOW spr round 4 (radius: 20)
[00:00:16] [worker #1] ML tree search #18, logLikelihood: -3143.865899
[00:00:16 -3137.383097] SLOW spr round 5 (radius: 25)
[00:00:16 -3137.383097] Model parameter optimization (eps = 0.100000)

[00:00:16] [worker #0] ML tree search #17, logLikelihood: -3137.365749

[00:00:16] [worker #2] ML tree search #19, logLikelihood: -3141.637418

Optimized model parameters:

   Partition 0: noname
   Rate heterogeneity: GAMMA (4 cats, mean),  alpha: 1.351533 (ML),  weights&rates: (0.250000,0.201450) (0.250000,0.561822) (0.250000,1.040367) (0.250000,2.196361) 
   Base frequencies (empirical): 0.324900 0.166064 0.195728 0.313308 
   Substitution rates (ML): 1.228378 3.537066 0.798824 1.508626 4.457732 1.000000 


Final LogLikelihood: -3136.640994

AIC score: 6541.281988 / AICc score: 6635.994030 / BIC score: 7110.519733
Free parameters (model + branch lengths): 134

WARNING: Best ML tree contains 19 near-zero branches!

Best ML tree with collapsed near-zero branches saved to: /data/jeremias/eucs/roadies/output/genes/gene_104_filtered.fa.aln.raxml.bestTreeCollapsed
Best ML tree saved to: /data/jeremias/eucs/roadies/output/genes/gene_104_filtered.fa.aln.raxml.bestTree
All ML trees saved to: /data/jeremias/eucs/roadies/output/genes/gene_104_filtered.fa.aln.raxml.mlTrees
Optimized model saved to: /data/jeremias/eucs/roadies/output/genes/gene_104_filtered.fa.aln.raxml.bestModel

Execution log saved to: /data/jeremias/eucs/roadies/output/genes/gene_104_filtered.fa.aln.raxml.log

Analysis started: 03-Jul-2024 20:34:08 / finished: 03-Jul-2024 20:34:25

Elapsed time: 16.895 seconds

