
RAxML-NG v. 1.2.2 released on 11.04.2024 by The Exelixis Lab.
Developed by: Alexey M. Kozlov and Alexandros Stamatakis.
Contributors: Diego Darriba, Tomas Flouri, Benoit Morel, Sarah Lutteropp, Ben Bettisworth, Julia Haag, Anastasis Togkousidis.
Latest version: https://github.com/amkozlov/raxml-ng
Questions/problems/suggestions? Please visit: https://groups.google.com/forum/#!forum/raxml

System: AMD EPYC 7742 64-Core Processor, 128 cores, 1007 GB RAM

RAxML-NG was called at 03-Jul-2024 19:00:32 as follows:

raxml-ng --msa /data/jeremias/eucs/roadies/output/genes/gene_119_filtered.fa.aln --model GTR+G+F --redo --threads auto{4} --blopt nr_safe

Analysis options:
  run mode: ML tree search
  start tree(s): random (10) + parsimony (10)
  random seed: 1719997232
  tip-inner: OFF
  pattern compression: ON
  per-rate scalers: OFF
  site repeats: ON
  logLH epsilon: general: 10.000000, brlen-triplet: 1000.000000
  fast spr radius: AUTO
  spr subtree cutoff: 1.000000
  fast CLV updates: ON
  branch lengths: proportional (ML estimate, algorithm: NR-SAFE)
  SIMD kernels: AVX2
  parallelization: coarse-grained (auto), PTHREADS (auto)

WARNING: Running in REDO mode: existing checkpoints are ignored, and all result files will be overwritten!

[00:00:00] Reading alignment from file: /data/jeremias/eucs/roadies/output/genes/gene_119_filtered.fa.aln
[00:00:00] Loaded alignment with 30 taxa and 560 sites

Alignment comprises 1 partitions and 236 patterns

Partition 0: noname
Model: GTR+FC+G4m
Alignment sites / patterns: 560 / 236
Gaps: 11.22 %
Invariant sites: 64.82 %


NOTE: Binary MSA file created: /data/jeremias/eucs/roadies/output/genes/gene_119_filtered.fa.aln.raxml.rba

Parallelization scheme autoconfig: 4 worker(s) x 1 thread(s)

[00:00:00] Generating 10 random starting tree(s) with 30 taxa
[00:00:00] Generating 10 parsimony starting tree(s) with 30 taxa
Parallel parsimony with 4 threads
Parallel reduction/worker buffer size: 1 KB  / 0 KB

[00:00:00] Data distribution: max. partitions/sites/weight per thread: 1 / 236 / 3776
[00:00:00] Data distribution: max. searches per worker: 5

Starting ML tree search with 20 distinct starting trees

[00:00:00 -4586.979354] Initial branch length optimization
[00:00:00 -4090.506386] Model parameter optimization (eps = 10.000000)
[00:00:00 -3774.310493] AUTODETECT spr round 1 (radius: 5)
[00:00:00 -3333.307218] AUTODETECT spr round 2 (radius: 10)
[00:00:00 -3260.901746] AUTODETECT spr round 3 (radius: 15)
[00:00:00 -3260.698267] AUTODETECT spr round 4 (radius: 20)
[00:00:00 -3260.654355] SPR radius for FAST iterations: 15 (autodetect)
[00:00:00 -3260.654355] Model parameter optimization (eps = 3.000000)
[00:00:00 -3251.200347] FAST spr round 1 (radius: 15)
[00:00:00 -3154.589876] FAST spr round 2 (radius: 15)
[00:00:00 -3153.815491] Model parameter optimization (eps = 1.000000)
[00:00:00 -3153.276546] SLOW spr round 1 (radius: 5)
[00:00:00 -3152.901511] SLOW spr round 2 (radius: 10)
[00:00:00 -3152.900836] SLOW spr round 3 (radius: 15)
[00:00:01 -3152.900828] SLOW spr round 4 (radius: 20)
[00:00:01 -3152.900828] SLOW spr round 5 (radius: 25)
[00:00:01 -3152.900828] Model parameter optimization (eps = 0.100000)

[00:00:01] [worker #0] ML tree search #1, logLikelihood: -3152.873930

[00:00:01 -4525.072428] Initial branch length optimization
[00:00:01 -4048.775283] Model parameter optimization (eps = 10.000000)
[00:00:01] [worker #1] ML tree search #2, logLikelihood: -3152.177312
[00:00:01] [worker #3] ML tree search #4, logLikelihood: -3151.429127
[00:00:01 -3745.838705] AUTODETECT spr round 1 (radius: 5)
[00:00:01 -3245.036106] AUTODETECT spr round 2 (radius: 10)
[00:00:01] [worker #2] ML tree search #3, logLikelihood: -3155.213633
[00:00:01 -3202.137337] AUTODETECT spr round 3 (radius: 15)
[00:00:01 -3201.936116] AUTODETECT spr round 4 (radius: 20)
[00:00:01 -3201.891462] SPR radius for FAST iterations: 15 (autodetect)
[00:00:01 -3201.891462] Model parameter optimization (eps = 3.000000)
[00:00:01 -3191.218300] FAST spr round 1 (radius: 15)
[00:00:01 -3164.467640] FAST spr round 2 (radius: 15)
[00:00:01 -3157.427369] Model parameter optimization (eps = 1.000000)
[00:00:01 -3157.120974] SLOW spr round 1 (radius: 5)
[00:00:01 -3154.979847] SLOW spr round 2 (radius: 10)
[00:00:01 -3154.496298] SLOW spr round 3 (radius: 15)
[00:00:01] [worker #1] ML tree search #6, logLikelihood: -3154.407845
[00:00:01 -3154.496194] SLOW spr round 4 (radius: 20)
[00:00:01 -3154.496193] SLOW spr round 5 (radius: 25)
[00:00:02 -3154.496193] Model parameter optimization (eps = 0.100000)

[00:00:02] [worker #0] ML tree search #5, logLikelihood: -3154.408138

[00:00:02] [worker #3] ML tree search #8, logLikelihood: -3152.177279
[00:00:02 -4466.330221] Initial branch length optimization
[00:00:02 -3995.447103] Model parameter optimization (eps = 10.000000)
[00:00:02 -3708.166989] AUTODETECT spr round 1 (radius: 5)
[00:00:02 -3221.041700] AUTODETECT spr round 2 (radius: 10)
[00:00:02 -3203.119070] AUTODETECT spr round 3 (radius: 15)
[00:00:02 -3202.248490] AUTODETECT spr round 4 (radius: 20)
[00:00:02 -3201.997704] AUTODETECT spr round 5 (radius: 25)
[00:00:02 -3201.930152] SPR radius for FAST iterations: 20 (autodetect)
[00:00:02 -3201.930152] Model parameter optimization (eps = 3.000000)
[00:00:02 -3194.337456] FAST spr round 1 (radius: 20)
[00:00:02] [worker #2] ML tree search #7, logLikelihood: -3152.597537
[00:00:02 -3166.302640] FAST spr round 2 (radius: 20)
[00:00:02 -3160.130603] Model parameter optimization (eps = 1.000000)
[00:00:02 -3159.830919] SLOW spr round 1 (radius: 5)
[00:00:02 -3157.384965] SLOW spr round 2 (radius: 10)
[00:00:02 -3157.382876] SLOW spr round 3 (radius: 15)
[00:00:02] [worker #3] ML tree search #12, logLikelihood: -3152.597315
[00:00:02] [worker #1] ML tree search #10, logLikelihood: -3151.429811
[00:00:02 -3157.382849] SLOW spr round 4 (radius: 20)
[00:00:02 -3157.382849] SLOW spr round 5 (radius: 25)
[00:00:02 -3157.382849] Model parameter optimization (eps = 0.100000)

[00:00:02] [worker #0] ML tree search #9, logLikelihood: -3157.295243

[00:00:02 -3856.290943] Initial branch length optimization
[00:00:02 -3358.293441] Model parameter optimization (eps = 10.000000)
[00:00:02 -3195.678152] AUTODETECT spr round 1 (radius: 5)
[00:00:03 -3161.279807] AUTODETECT spr round 2 (radius: 10)
[00:00:03] [worker #2] ML tree search #11, logLikelihood: -3164.427554
[00:00:03 -3161.171364] AUTODETECT spr round 3 (radius: 15)
[00:00:03 -3161.168436] SPR radius for FAST iterations: 10 (autodetect)
[00:00:03 -3161.168436] Model parameter optimization (eps = 3.000000)
[00:00:03 -3160.891017] FAST spr round 1 (radius: 10)
[00:00:03 -3154.159221] Model parameter optimization (eps = 1.000000)
[00:00:03 -3154.106372] SLOW spr round 1 (radius: 5)
[00:00:03] [worker #3] ML tree search #16, logLikelihood: -3154.408011
[00:00:03 -3153.163044] SLOW spr round 2 (radius: 10)
[00:00:03 -3151.836074] SLOW spr round 3 (radius: 15)
[00:00:03] [worker #1] ML tree search #14, logLikelihood: -3152.597541
[00:00:03 -3151.835214] SLOW spr round 4 (radius: 20)
[00:00:03 -3151.835202] SLOW spr round 5 (radius: 25)
[00:00:03 -3151.835202] Model parameter optimization (eps = 0.100000)
[00:00:03] [worker #2] ML tree search #15, logLikelihood: -3153.062902

[00:00:03] [worker #0] ML tree search #13, logLikelihood: -3151.791457

[00:00:04 -3858.604920] Initial branch length optimization
[00:00:04 -3364.399296] Model parameter optimization (eps = 10.000000)
[00:00:04 -3194.399081] AUTODETECT spr round 1 (radius: 5)
[00:00:04 -3163.826136] AUTODETECT spr round 2 (radius: 10)
[00:00:04 -3158.597315] AUTODETECT spr round 3 (radius: 15)
[00:00:04 -3158.555058] SPR radius for FAST iterations: 10 (autodetect)
[00:00:04 -3158.555058] Model parameter optimization (eps = 3.000000)
[00:00:04] [worker #3] ML tree search #20, logLikelihood: -3160.932206
[00:00:04 -3157.834961] FAST spr round 1 (radius: 10)
[00:00:04 -3156.572651] Model parameter optimization (eps = 1.000000)
[00:00:04 -3156.538522] SLOW spr round 1 (radius: 5)
[00:00:04 -3156.332233] SLOW spr round 2 (radius: 10)
[00:00:04] [worker #1] ML tree search #18, logLikelihood: -3152.597624
[00:00:05 -3156.332188] SLOW spr round 3 (radius: 15)
[00:00:05 -3156.332188] SLOW spr round 4 (radius: 20)
[00:00:05 -3156.332188] SLOW spr round 5 (radius: 25)
[00:00:05] [worker #2] ML tree search #19, logLikelihood: -3152.597415
[00:00:05 -3156.332188] Model parameter optimization (eps = 0.100000)

[00:00:05] [worker #0] ML tree search #17, logLikelihood: -3156.331070


Optimized model parameters:

   Partition 0: noname
   Rate heterogeneity: GAMMA (4 cats, mean),  alpha: 0.372278 (ML),  weights&rates: (0.250000,0.012927) (0.250000,0.160764) (0.250000,0.699450) (0.250000,3.126859) 
   Base frequencies (empirical): 0.316259 0.211398 0.159102 0.313242 
   Substitution rates (ML): 0.993823 6.116463 0.959374 1.202669 4.365672 1.000000 


Final LogLikelihood: -3151.429127

AIC score: 6434.858254 / AICc score: 6452.797402 / BIC score: 6720.502081
Free parameters (model + branch lengths): 66

WARNING: Best ML tree contains 1 near-zero branches!

Best ML tree with collapsed near-zero branches saved to: /data/jeremias/eucs/roadies/output/genes/gene_119_filtered.fa.aln.raxml.bestTreeCollapsed
Best ML tree saved to: /data/jeremias/eucs/roadies/output/genes/gene_119_filtered.fa.aln.raxml.bestTree
All ML trees saved to: /data/jeremias/eucs/roadies/output/genes/gene_119_filtered.fa.aln.raxml.mlTrees
Optimized model saved to: /data/jeremias/eucs/roadies/output/genes/gene_119_filtered.fa.aln.raxml.bestModel

Execution log saved to: /data/jeremias/eucs/roadies/output/genes/gene_119_filtered.fa.aln.raxml.log

Analysis started: 03-Jul-2024 19:00:32 / finished: 03-Jul-2024 19:00:37

Elapsed time: 5.167 seconds

