
RAxML-NG v. 1.2.2 released on 11.04.2024 by The Exelixis Lab.
Developed by: Alexey M. Kozlov and Alexandros Stamatakis.
Contributors: Diego Darriba, Tomas Flouri, Benoit Morel, Sarah Lutteropp, Ben Bettisworth, Julia Haag, Anastasis Togkousidis.
Latest version: https://github.com/amkozlov/raxml-ng
Questions/problems/suggestions? Please visit: https://groups.google.com/forum/#!forum/raxml

System: AMD EPYC 7742 64-Core Processor, 128 cores, 1007 GB RAM

RAxML-NG was called at 03-Jul-2024 20:26:56 as follows:

raxml-ng --msa /data/jeremias/eucs/roadies/output/genes/gene_57_filtered.fa.aln --model GTR+G+F --redo --threads auto{4} --blopt nr_safe

Analysis options:
  run mode: ML tree search
  start tree(s): random (10) + parsimony (10)
  random seed: 1720002416
  tip-inner: OFF
  pattern compression: ON
  per-rate scalers: OFF
  site repeats: ON
  logLH epsilon: general: 10.000000, brlen-triplet: 1000.000000
  fast spr radius: AUTO
  spr subtree cutoff: 1.000000
  fast CLV updates: ON
  branch lengths: proportional (ML estimate, algorithm: NR-SAFE)
  SIMD kernels: AVX2
  parallelization: coarse-grained (auto), PTHREADS (auto)

WARNING: Running in REDO mode: existing checkpoints are ignored, and all result files will be overwritten!

[00:00:00] Reading alignment from file: /data/jeremias/eucs/roadies/output/genes/gene_57_filtered.fa.aln
[00:00:00] Loaded alignment with 35 taxa and 531 sites

WARNING: Sequences GCA_004368105.3_0 and GCA_017140255.1_0 are exactly identical!
WARNING: Sequences GCA_004368105.3_0 and GCA_017140165.1_0 are exactly identical!
WARNING: Duplicate sequences found: 2

NOTE: Reduced alignment (with duplicates and gap-only sites/taxa removed) 
NOTE: was saved to: /data/jeremias/eucs/roadies/output/genes/gene_57_filtered.fa.aln.raxml.reduced.phy

Alignment comprises 1 partitions and 125 patterns

Partition 0: noname
Model: GTR+FC+G4m
Alignment sites / patterns: 531 / 125
Gaps: 6.06 %
Invariant sites: 79.28 %


NOTE: Binary MSA file created: /data/jeremias/eucs/roadies/output/genes/gene_57_filtered.fa.aln.raxml.rba

Parallelization scheme autoconfig: 4 worker(s) x 1 thread(s)

[00:00:00] Generating 10 random starting tree(s) with 35 taxa
[00:00:00] Generating 10 parsimony starting tree(s) with 35 taxa
Parallel parsimony with 4 threads
Parallel reduction/worker buffer size: 1 KB  / 0 KB

[00:00:00] Data distribution: max. partitions/sites/weight per thread: 1 / 125 / 2000
[00:00:00] Data distribution: max. searches per worker: 5

Starting ML tree search with 20 distinct starting trees

[00:00:00 -3084.836622] Initial branch length optimization
[00:00:00 -2358.528200] Model parameter optimization (eps = 10.000000)
[00:00:00 -2180.514346] AUTODETECT spr round 1 (radius: 5)
[00:00:00 -1790.849852] AUTODETECT spr round 2 (radius: 10)
[00:00:00 -1716.847376] AUTODETECT spr round 3 (radius: 15)
[00:00:00 -1716.843190] SPR radius for FAST iterations: 10 (autodetect)
[00:00:00 -1716.843190] Model parameter optimization (eps = 3.000000)
[00:00:00 -1710.080035] FAST spr round 1 (radius: 10)
[00:00:00 -1649.335797] FAST spr round 2 (radius: 10)
[00:00:00 -1642.045884] Model parameter optimization (eps = 1.000000)
[00:00:00 -1640.337091] SLOW spr round 1 (radius: 5)
[00:00:00 -1640.337064] SLOW spr round 2 (radius: 10)
[00:00:00 -1639.715045] SLOW spr round 3 (radius: 15)
[00:00:00 -1639.715045] SLOW spr round 4 (radius: 20)
[00:00:00] [worker #2] ML tree search #3, logLikelihood: -1639.699301
[00:00:00] [worker #3] ML tree search #4, logLikelihood: -1639.699281
[00:00:00 -1639.715045] SLOW spr round 5 (radius: 25)
[00:00:00 -1639.715045] Model parameter optimization (eps = 0.100000)

[00:00:00] [worker #0] ML tree search #1, logLikelihood: -1639.699405

[00:00:00] [worker #1] ML tree search #2, logLikelihood: -1639.699328
[00:00:00 -3027.326248] Initial branch length optimization
[00:00:00 -2321.796042] Model parameter optimization (eps = 10.000000)
[00:00:00 -2181.836176] AUTODETECT spr round 1 (radius: 5)
[00:00:00 -1739.904126] AUTODETECT spr round 2 (radius: 10)
[00:00:00 -1691.437098] AUTODETECT spr round 3 (radius: 15)
[00:00:00 -1691.436413] SPR radius for FAST iterations: 10 (autodetect)
[00:00:00 -1691.436413] Model parameter optimization (eps = 3.000000)
[00:00:00 -1683.922017] FAST spr round 1 (radius: 10)
[00:00:00 -1655.458450] FAST spr round 2 (radius: 10)
[00:00:00 -1640.818943] FAST spr round 3 (radius: 10)
[00:00:00 -1640.818935] Model parameter optimization (eps = 1.000000)
[00:00:00 -1639.699377] SLOW spr round 1 (radius: 5)
[00:00:01 -1639.699285] SLOW spr round 2 (radius: 10)
[00:00:01 -1639.699285] SLOW spr round 3 (radius: 15)
[00:00:01] [worker #2] ML tree search #7, logLikelihood: -1639.699281
[00:00:01] [worker #3] ML tree search #8, logLikelihood: -1641.665212
[00:00:01] [worker #1] ML tree search #6, logLikelihood: -1641.665211
[00:00:01 -1639.699285] SLOW spr round 4 (radius: 20)
[00:00:01 -1639.699285] SLOW spr round 5 (radius: 25)
[00:00:01 -1639.699285] Model parameter optimization (eps = 0.100000)

[00:00:01] [worker #0] ML tree search #5, logLikelihood: -1639.699285

[00:00:01 -3044.018635] Initial branch length optimization
[00:00:01 -2322.669862] Model parameter optimization (eps = 10.000000)
[00:00:01 -2171.855732] AUTODETECT spr round 1 (radius: 5)
[00:00:01 -1763.755916] AUTODETECT spr round 2 (radius: 10)
[00:00:01 -1701.572895] AUTODETECT spr round 3 (radius: 15)
[00:00:01 -1701.571732] SPR radius for FAST iterations: 10 (autodetect)
[00:00:01 -1701.571732] Model parameter optimization (eps = 3.000000)
[00:00:01 -1695.485764] FAST spr round 1 (radius: 10)
[00:00:01 -1641.621514] FAST spr round 2 (radius: 10)
[00:00:01 -1641.621482] Model parameter optimization (eps = 1.000000)
[00:00:01 -1639.699350] SLOW spr round 1 (radius: 5)
[00:00:01] [worker #2] ML tree search #11, logLikelihood: -1639.699310
[00:00:01] [worker #3] ML tree search #12, logLikelihood: -1639.699433
[00:00:02 -1639.699291] SLOW spr round 2 (radius: 10)
[00:00:02 -1639.699291] SLOW spr round 3 (radius: 15)
[00:00:02 -1639.699291] SLOW spr round 4 (radius: 20)
[00:00:02] [worker #1] ML tree search #10, logLikelihood: -1640.337064
[00:00:02 -1639.699291] SLOW spr round 5 (radius: 25)
[00:00:02 -1639.699291] Model parameter optimization (eps = 0.100000)

[00:00:02] [worker #0] ML tree search #9, logLikelihood: -1639.699290

[00:00:02 -2517.451462] Initial branch length optimization
[00:00:02 -1669.887421] Model parameter optimization (eps = 10.000000)
[00:00:02 -1643.312993] AUTODETECT spr round 1 (radius: 5)
[00:00:02 -1640.448885] AUTODETECT spr round 2 (radius: 10)
[00:00:02 -1640.426311] SPR radius for FAST iterations: 5 (autodetect)
[00:00:02 -1640.426311] Model parameter optimization (eps = 3.000000)
[00:00:02 -1640.337114] FAST spr round 1 (radius: 5)
[00:00:02 -1640.337113] Model parameter optimization (eps = 1.000000)
[00:00:02 -1640.337106] SLOW spr round 1 (radius: 5)
[00:00:02 -1640.337076] SLOW spr round 2 (radius: 10)
[00:00:02] [worker #3] ML tree search #16, logLikelihood: -1639.699274
[00:00:02 -1639.715138] SLOW spr round 3 (radius: 15)
[00:00:02 -1639.715137] SLOW spr round 4 (radius: 20)
[00:00:02 -1639.715137] SLOW spr round 5 (radius: 25)
[00:00:02 -1639.715137] Model parameter optimization (eps = 0.100000)
[00:00:02] [worker #2] ML tree search #15, logLikelihood: -1639.699274

[00:00:02] [worker #0] ML tree search #13, logLikelihood: -1639.699376

[00:00:02] [worker #1] ML tree search #14, logLikelihood: -1639.699278
[00:00:02 -2516.235571] Initial branch length optimization
[00:00:02 -1672.706527] Model parameter optimization (eps = 10.000000)
[00:00:02 -1645.645936] AUTODETECT spr round 1 (radius: 5)
[00:00:02 -1640.065145] AUTODETECT spr round 2 (radius: 10)
[00:00:02 -1639.768274] AUTODETECT spr round 3 (radius: 15)
[00:00:02] [worker #3] ML tree search #20, logLikelihood: -1639.699281
[00:00:02 -1639.768195] SPR radius for FAST iterations: 10 (autodetect)
[00:00:02 -1639.768195] Model parameter optimization (eps = 3.000000)
[00:00:02 -1639.699551] FAST spr round 1 (radius: 10)
[00:00:03 -1639.699551] Model parameter optimization (eps = 1.000000)
[00:00:03 -1639.699366] SLOW spr round 1 (radius: 5)
[00:00:03 -1639.699366] SLOW spr round 2 (radius: 10)
[00:00:03 -1639.699341] SLOW spr round 3 (radius: 15)
[00:00:03 -1639.699341] SLOW spr round 4 (radius: 20)
[00:00:03] [worker #2] ML tree search #19, logLikelihood: -1639.699275
[00:00:03 -1639.699341] SLOW spr round 5 (radius: 25)
[00:00:03 -1639.699341] Model parameter optimization (eps = 0.100000)

[00:00:03] [worker #0] ML tree search #17, logLikelihood: -1639.699337

[00:00:03] [worker #1] ML tree search #18, logLikelihood: -1639.699444

Optimized model parameters:

   Partition 0: noname
   Rate heterogeneity: GAMMA (4 cats, mean),  alpha: 1.057811 (ML),  weights&rates: (0.250000,0.148342) (0.250000,0.493464) (0.250000,1.008955) (0.250000,2.349238) 
   Base frequencies (empirical): 0.337668 0.230210 0.196128 0.235995 
   Substitution rates (ML): 1.048313 3.342685 0.722002 1.907976 3.976421 1.000000 


Final LogLikelihood: -1639.699274

AIC score: 3431.398547 / AICc score: 3457.178283 / BIC score: 3756.280461
Free parameters (model + branch lengths): 76

WARNING: Best ML tree contains 16 near-zero branches!

Best ML tree with collapsed near-zero branches saved to: /data/jeremias/eucs/roadies/output/genes/gene_57_filtered.fa.aln.raxml.bestTreeCollapsed
Best ML tree saved to: /data/jeremias/eucs/roadies/output/genes/gene_57_filtered.fa.aln.raxml.bestTree
All ML trees saved to: /data/jeremias/eucs/roadies/output/genes/gene_57_filtered.fa.aln.raxml.mlTrees
Optimized model saved to: /data/jeremias/eucs/roadies/output/genes/gene_57_filtered.fa.aln.raxml.bestModel

Execution log saved to: /data/jeremias/eucs/roadies/output/genes/gene_57_filtered.fa.aln.raxml.log

Analysis started: 03-Jul-2024 20:26:56 / finished: 03-Jul-2024 20:26:59

Elapsed time: 3.358 seconds

