
RAxML-NG v. 1.2.2 released on 11.04.2024 by The Exelixis Lab.
Developed by: Alexey M. Kozlov and Alexandros Stamatakis.
Contributors: Diego Darriba, Tomas Flouri, Benoit Morel, Sarah Lutteropp, Ben Bettisworth, Julia Haag, Anastasis Togkousidis.
Latest version: https://github.com/amkozlov/raxml-ng
Questions/problems/suggestions? Please visit: https://groups.google.com/forum/#!forum/raxml

System: AMD EPYC 7742 64-Core Processor, 128 cores, 1007 GB RAM

RAxML-NG was called at 03-Jul-2024 20:52:11 as follows:

raxml-ng --msa /data/jeremias/eucs/roadies/output/genes/gene_109_filtered.fa.aln --model GTR+G+F --redo --threads auto{4} --blopt nr_safe

Analysis options:
  run mode: ML tree search
  start tree(s): random (10) + parsimony (10)
  random seed: 1720003931
  tip-inner: OFF
  pattern compression: ON
  per-rate scalers: OFF
  site repeats: ON
  logLH epsilon: general: 10.000000, brlen-triplet: 1000.000000
  fast spr radius: AUTO
  spr subtree cutoff: 1.000000
  fast CLV updates: ON
  branch lengths: proportional (ML estimate, algorithm: NR-SAFE)
  SIMD kernels: AVX2
  parallelization: coarse-grained (auto), PTHREADS (auto)

WARNING: Running in REDO mode: existing checkpoints are ignored, and all result files will be overwritten!

[00:00:00] Reading alignment from file: /data/jeremias/eucs/roadies/output/genes/gene_109_filtered.fa.aln
[00:00:00] Loaded alignment with 36 taxa and 514 sites

WARNING: Sequences GCA_014182885.2_0 and GCA_016097615.1_0 are exactly identical!
WARNING: Sequences GCA_014182885.2_0 and GCA_014182585.1_0 are exactly identical!
WARNING: Sequences GCA_014182885.2_0 and GCA_017140475.1_0 are exactly identical!
WARNING: Sequences GCA_014182885.2_0 and GCA_017140255.1_0 are exactly identical!
WARNING: Sequences GCA_014182405.1_0 and GCA_016097485.1_0 are exactly identical!
WARNING: Duplicate sequences found: 5

NOTE: Reduced alignment (with duplicates and gap-only sites/taxa removed) 
NOTE: was saved to: /data/jeremias/eucs/roadies/output/genes/gene_109_filtered.fa.aln.raxml.reduced.phy

Alignment comprises 1 partitions and 118 patterns

Partition 0: noname
Model: GTR+FC+G4m
Alignment sites / patterns: 514 / 118
Gaps: 2.58 %
Invariant sites: 75.29 %


NOTE: Binary MSA file created: /data/jeremias/eucs/roadies/output/genes/gene_109_filtered.fa.aln.raxml.rba

Parallelization scheme autoconfig: 4 worker(s) x 1 thread(s)

[00:00:00] Generating 10 random starting tree(s) with 36 taxa
[00:00:00] Generating 10 parsimony starting tree(s) with 36 taxa
Parallel parsimony with 4 threads
Parallel reduction/worker buffer size: 1 KB  / 0 KB

[00:00:00] Data distribution: max. partitions/sites/weight per thread: 1 / 118 / 1888
[00:00:00] Data distribution: max. searches per worker: 5

Starting ML tree search with 20 distinct starting trees

[00:00:00 -3023.097120] Initial branch length optimization
[00:00:00 -2146.289958] Model parameter optimization (eps = 10.000000)
[00:00:00 -2065.114961] AUTODETECT spr round 1 (radius: 5)
[00:00:00 -1865.780375] AUTODETECT spr round 2 (radius: 10)
[00:00:00 -1703.800868] AUTODETECT spr round 3 (radius: 15)
[00:00:00 -1703.715905] SPR radius for FAST iterations: 10 (autodetect)
[00:00:00 -1703.715905] Model parameter optimization (eps = 3.000000)
[00:00:00 -1688.611502] FAST spr round 1 (radius: 10)
[00:00:00 -1635.285447] FAST spr round 2 (radius: 10)
[00:00:00 -1635.285323] Model parameter optimization (eps = 1.000000)
[00:00:00 -1632.046848] SLOW spr round 1 (radius: 5)
[00:00:00 -1632.046847] SLOW spr round 2 (radius: 10)
[00:00:00] [worker #2] ML tree search #3, logLikelihood: -1632.046847
[00:00:00] [worker #3] ML tree search #4, logLikelihood: -1632.046773
[00:00:00 -1632.046847] SLOW spr round 3 (radius: 15)
[00:00:00] [worker #1] ML tree search #2, logLikelihood: -1632.046845
[00:00:00 -1632.046847] SLOW spr round 4 (radius: 20)
[00:00:00 -1632.046847] SLOW spr round 5 (radius: 25)
[00:00:00 -1632.046847] Model parameter optimization (eps = 0.100000)

[00:00:00] [worker #0] ML tree search #1, logLikelihood: -1632.046845

[00:00:00 -3035.972262] Initial branch length optimization
[00:00:00 -2169.118676] Model parameter optimization (eps = 10.000000)
[00:00:01 -2073.932343] AUTODETECT spr round 1 (radius: 5)
[00:00:01 -1791.696834] AUTODETECT spr round 2 (radius: 10)
[00:00:01 -1676.787009] AUTODETECT spr round 3 (radius: 15)
[00:00:01 -1676.761523] SPR radius for FAST iterations: 10 (autodetect)
[00:00:01 -1676.761523] Model parameter optimization (eps = 3.000000)
[00:00:01 -1657.161966] FAST spr round 1 (radius: 10)
[00:00:01 -1634.991373] FAST spr round 2 (radius: 10)
[00:00:01 -1633.433786] Model parameter optimization (eps = 1.000000)
[00:00:01 -1632.046858] SLOW spr round 1 (radius: 5)
[00:00:01 -1632.046857] SLOW spr round 2 (radius: 10)
[00:00:01 -1632.046857] SLOW spr round 3 (radius: 15)
[00:00:01] [worker #2] ML tree search #7, logLikelihood: -1632.046749
[00:00:01] [worker #3] ML tree search #8, logLikelihood: -1632.046842
[00:00:01] [worker #1] ML tree search #6, logLikelihood: -1632.046754
[00:00:01 -1632.046857] SLOW spr round 4 (radius: 20)
[00:00:01 -1632.046857] SLOW spr round 5 (radius: 25)
[00:00:01 -1632.046857] Model parameter optimization (eps = 0.100000)

[00:00:01] [worker #0] ML tree search #5, logLikelihood: -1632.046852

[00:00:01 -3086.306949] Initial branch length optimization
[00:00:01 -2185.080231] Model parameter optimization (eps = 10.000000)
[00:00:01 -2093.846638] AUTODETECT spr round 1 (radius: 5)
[00:00:01 -1899.848822] AUTODETECT spr round 2 (radius: 10)
[00:00:01 -1730.153937] AUTODETECT spr round 3 (radius: 15)
[00:00:01 -1729.266132] AUTODETECT spr round 4 (radius: 20)
[00:00:01 -1729.264790] SPR radius for FAST iterations: 15 (autodetect)
[00:00:01 -1729.264790] Model parameter optimization (eps = 3.000000)
[00:00:01 -1714.377890] FAST spr round 1 (radius: 15)
[00:00:01 -1654.443219] FAST spr round 2 (radius: 15)
[00:00:01 -1634.386712] FAST spr round 3 (radius: 15)
[00:00:01 -1634.386600] Model parameter optimization (eps = 1.000000)
[00:00:01 -1632.046850] SLOW spr round 1 (radius: 5)
[00:00:01] [worker #3] ML tree search #12, logLikelihood: -1632.046861
[00:00:01] [worker #2] ML tree search #11, logLikelihood: -1632.046849
[00:00:01 -1632.046848] SLOW spr round 2 (radius: 10)
[00:00:02 -1632.046848] SLOW spr round 3 (radius: 15)
[00:00:02] [worker #1] ML tree search #10, logLikelihood: -1632.046843
[00:00:02 -1632.046848] SLOW spr round 4 (radius: 20)
[00:00:02 -1632.046848] SLOW spr round 5 (radius: 25)
[00:00:02 -1632.046848] Model parameter optimization (eps = 0.100000)

[00:00:02] [worker #0] ML tree search #9, logLikelihood: -1632.046847

[00:00:02 -2575.285005] Initial branch length optimization
[00:00:02 -1665.997795] Model parameter optimization (eps = 10.000000)
[00:00:02 -1634.850240] AUTODETECT spr round 1 (radius: 5)
[00:00:02 -1632.048279] AUTODETECT spr round 2 (radius: 10)
[00:00:02 -1632.046982] SPR radius for FAST iterations: 5 (autodetect)
[00:00:02 -1632.046982] Model parameter optimization (eps = 3.000000)
[00:00:02 -1632.046974] FAST spr round 1 (radius: 5)
[00:00:02 -1632.046847] Model parameter optimization (eps = 1.000000)
[00:00:02 -1632.046846] SLOW spr round 1 (radius: 5)
[00:00:02] [worker #3] ML tree search #16, logLikelihood: -1632.046845
[00:00:02 -1632.046845] SLOW spr round 2 (radius: 10)
[00:00:02 -1632.046845] SLOW spr round 3 (radius: 15)
[00:00:02] [worker #2] ML tree search #15, logLikelihood: -1632.046942
[00:00:02 -1632.046845] SLOW spr round 4 (radius: 20)
[00:00:02] [worker #1] ML tree search #14, logLikelihood: -1632.046854
[00:00:02 -1632.046845] SLOW spr round 5 (radius: 25)
[00:00:02 -1632.046845] Model parameter optimization (eps = 0.100000)

[00:00:02] [worker #0] ML tree search #13, logLikelihood: -1632.046845

[00:00:02 -2573.915436] Initial branch length optimization
[00:00:02 -1663.720864] Model parameter optimization (eps = 10.000000)
[00:00:02 -1633.499665] AUTODETECT spr round 1 (radius: 5)
[00:00:02 -1633.498572] SPR radius for FAST iterations: 5 (autodetect)
[00:00:02 -1633.498572] Model parameter optimization (eps = 3.000000)
[00:00:02 -1633.498570] FAST spr round 1 (radius: 5)
[00:00:02 -1633.498570] Model parameter optimization (eps = 1.000000)
[00:00:02 -1633.498570] SLOW spr round 1 (radius: 5)
[00:00:02 -1633.498569] SLOW spr round 2 (radius: 10)
[00:00:02] [worker #3] ML tree search #20, logLikelihood: -1632.046751
[00:00:02 -1633.498569] SLOW spr round 3 (radius: 15)
[00:00:02] [worker #2] ML tree search #19, logLikelihood: -1632.046754
[00:00:02 -1632.103657] SLOW spr round 4 (radius: 20)
[00:00:02] [worker #1] ML tree search #18, logLikelihood: -1634.278412
[00:00:02 -1632.103657] SLOW spr round 5 (radius: 25)
[00:00:02 -1632.103657] Model parameter optimization (eps = 0.100000)

[00:00:02] [worker #0] ML tree search #17, logLikelihood: -1632.046866


Optimized model parameters:

   Partition 0: noname
   Rate heterogeneity: GAMMA (4 cats, mean),  alpha: 3.650996 (ML),  weights&rates: (0.250000,0.434098) (0.250000,0.762204) (0.250000,1.084271) (0.250000,1.719427) 
   Base frequencies (empirical): 0.342117 0.224454 0.190003 0.243426 
   Substitution rates (ML): 0.647061 2.610380 0.680040 1.089478 3.012230 1.000000 


Final LogLikelihood: -1632.046749

AIC score: 3420.093498 / AICc score: 3448.424533 / BIC score: 3750.986913
Free parameters (model + branch lengths): 78

WARNING: Best ML tree contains 20 near-zero branches!

Best ML tree with collapsed near-zero branches saved to: /data/jeremias/eucs/roadies/output/genes/gene_109_filtered.fa.aln.raxml.bestTreeCollapsed
Best ML tree saved to: /data/jeremias/eucs/roadies/output/genes/gene_109_filtered.fa.aln.raxml.bestTree
All ML trees saved to: /data/jeremias/eucs/roadies/output/genes/gene_109_filtered.fa.aln.raxml.mlTrees
Optimized model saved to: /data/jeremias/eucs/roadies/output/genes/gene_109_filtered.fa.aln.raxml.bestModel

Execution log saved to: /data/jeremias/eucs/roadies/output/genes/gene_109_filtered.fa.aln.raxml.log

Analysis started: 03-Jul-2024 20:52:11 / finished: 03-Jul-2024 20:52:14

Elapsed time: 2.988 seconds

