
RAxML-NG v. 1.2.2 released on 11.04.2024 by The Exelixis Lab.
Developed by: Alexey M. Kozlov and Alexandros Stamatakis.
Contributors: Diego Darriba, Tomas Flouri, Benoit Morel, Sarah Lutteropp, Ben Bettisworth, Julia Haag, Anastasis Togkousidis.
Latest version: https://github.com/amkozlov/raxml-ng
Questions/problems/suggestions? Please visit: https://groups.google.com/forum/#!forum/raxml

System: AMD EPYC 7742 64-Core Processor, 128 cores, 1007 GB RAM

RAxML-NG was called at 03-Jul-2024 20:49:33 as follows:

raxml-ng --msa /data/jeremias/eucs/roadies/output/genes/gene_14_filtered.fa.aln --model GTR+G+F --redo --threads auto{4} --blopt nr_safe

Analysis options:
  run mode: ML tree search
  start tree(s): random (10) + parsimony (10)
  random seed: 1720003773
  tip-inner: OFF
  pattern compression: ON
  per-rate scalers: OFF
  site repeats: ON
  logLH epsilon: general: 10.000000, brlen-triplet: 1000.000000
  fast spr radius: AUTO
  spr subtree cutoff: 1.000000
  fast CLV updates: ON
  branch lengths: proportional (ML estimate, algorithm: NR-SAFE)
  SIMD kernels: AVX2
  parallelization: coarse-grained (auto), PTHREADS (auto)

WARNING: Running in REDO mode: existing checkpoints are ignored, and all result files will be overwritten!

[00:00:00] Reading alignment from file: /data/jeremias/eucs/roadies/output/genes/gene_14_filtered.fa.aln
[00:00:00] Loaded alignment with 193 taxa and 557 sites

WARNING: Sequences GCA_017140615.1_8 and GCA_017140615.1_9 are exactly identical!
WARNING: Sequences GCA_014182385.1_1 and GCA_014182385.1_0 are exactly identical!
WARNING: Sequences GCA_014182385.1_3 and GCA_014182385.1_4 are exactly identical!
WARNING: Sequences GCA_014182405.1_2 and GCA_014182405.1_1 are exactly identical!
WARNING: Sequences GCA_014182405.1_2 and GCA_016097485.1_6 are exactly identical!
WARNING: Sequences GCA_017140395.1_6 and GCA_017140395.1_7 are exactly identical!
WARNING: Sequences GCA_017140395.1_4 and GCA_017140395.1_3 are exactly identical!
WARNING: Sequences GCA_017140255.1_2 and GCA_017140255.1_3 are exactly identical!
WARNING: Sequences GCA_017140185.1_2 and GCA_017140185.1_1 are exactly identical!
WARNING: Sequences GCA_017140185.1_2 and GCA_016097615.1_4 are exactly identical!
WARNING: Sequences GCA_017140185.1_2 and GCA_016097615.1_5 are exactly identical!
WARNING: Sequences GCA_017140185.1_3 and GCA_016097615.1_7 are exactly identical!
WARNING: Sequences GCA_014182545.1_2 and GCA_014182545.1_1 are exactly identical!
WARNING: Sequences GCA_004368105.3_3 and GCA_014182695.1_1 are exactly identical!
WARNING: Sequences GCA_004368105.3_3 and GCA_004368105.3_4 are exactly identical!
WARNING: Sequences GCA_004368105.3_3 and GCA_004368105.3_5 are exactly identical!
WARNING: Sequences GCA_017140475.1_6 and GCA_017140475.1_5 are exactly identical!
WARNING: Sequences GCA_017140615.1_6 and GCA_017140615.1_5 are exactly identical!
WARNING: Sequences GCA_017140615.1_3 and GCA_017140615.1_1 are exactly identical!
WARNING: Sequences GCA_017140615.1_3 and GCA_017140615.1_2 are exactly identical!
WARNING: Sequences GCA_014182885.2_4 and GCA_014182885.2_3 are exactly identical!
WARNING: Sequences GCA_016097485.1_9 and GCA_016097485.1_8 are exactly identical!
WARNING: Sequences GCA_016097485.1_9 and GCA_016097485.1_7 are exactly identical!
WARNING: Duplicate sequences found: 23

NOTE: Reduced alignment (with duplicates and gap-only sites/taxa removed) 
NOTE: was saved to: /data/jeremias/eucs/roadies/output/genes/gene_14_filtered.fa.aln.raxml.reduced.phy

Alignment comprises 1 partitions and 458 patterns

Partition 0: noname
Model: GTR+FC+G4m
Alignment sites / patterns: 557 / 458
Gaps: 14.45 %
Invariant sites: 19.93 %


NOTE: Binary MSA file created: /data/jeremias/eucs/roadies/output/genes/gene_14_filtered.fa.aln.raxml.rba

Parallelization scheme autoconfig: 4 worker(s) x 1 thread(s)

[00:00:00] Generating 10 random starting tree(s) with 193 taxa
[00:00:00] Generating 10 parsimony starting tree(s) with 193 taxa
Parallel parsimony with 4 threads
Parallel reduction/worker buffer size: 1 KB  / 0 KB

[00:00:00] Data distribution: max. partitions/sites/weight per thread: 1 / 458 / 7328
[00:00:00] Data distribution: max. searches per worker: 5

Starting ML tree search with 20 distinct starting trees

[00:00:00 -48813.571849] Initial branch length optimization
[00:00:00 -30030.344040] Model parameter optimization (eps = 10.000000)
[00:00:01 -27464.863174] AUTODETECT spr round 1 (radius: 5)
[00:00:02 -16033.288231] AUTODETECT spr round 2 (radius: 10)
[00:00:03 -10476.182489] AUTODETECT spr round 3 (radius: 15)
[00:00:06 -8930.089813] AUTODETECT spr round 4 (radius: 20)
[00:00:08 -8921.665830] AUTODETECT spr round 5 (radius: 25)
[00:00:10 -8907.849964] SPR radius for FAST iterations: 25 (autodetect)
[00:00:10 -8907.849964] Model parameter optimization (eps = 3.000000)
[00:00:10 -8689.836471] FAST spr round 1 (radius: 25)
[00:00:11 -7567.652392] FAST spr round 2 (radius: 25)
[00:00:12 -7512.580597] FAST spr round 3 (radius: 25)
[00:00:13 -7509.398364] Model parameter optimization (eps = 1.000000)
[00:00:13 -7497.518119] SLOW spr round 1 (radius: 5)
[00:00:16 -7494.471201] SLOW spr round 2 (radius: 10)
[00:00:19 -7494.286396] SLOW spr round 3 (radius: 15)
[00:00:24 -7494.285598] SLOW spr round 4 (radius: 20)
[00:00:30] [worker #1] ML tree search #2, logLikelihood: -7501.919515
[00:00:31 -7494.285262] SLOW spr round 5 (radius: 25)
[00:00:32] [worker #2] ML tree search #3, logLikelihood: -7494.164959
[00:00:32] [worker #3] ML tree search #4, logLikelihood: -7506.320056
[00:00:35 -7494.285121] Model parameter optimization (eps = 0.100000)

[00:00:35] [worker #0] ML tree search #1, logLikelihood: -7494.165778

[00:00:35 -49383.567380] Initial branch length optimization
[00:00:35 -29864.539639] Model parameter optimization (eps = 10.000000)
[00:00:36 -27279.797249] AUTODETECT spr round 1 (radius: 5)
[00:00:37 -18246.435204] AUTODETECT spr round 2 (radius: 10)
[00:00:38 -10337.421732] AUTODETECT spr round 3 (radius: 15)
[00:00:40 -9547.872825] AUTODETECT spr round 4 (radius: 20)
[00:00:41 -8978.084737] AUTODETECT spr round 5 (radius: 25)
[00:00:43 -8977.116040] SPR radius for FAST iterations: 25 (autodetect)
[00:00:43 -8977.116040] Model parameter optimization (eps = 3.000000)
[00:00:44 -8641.357602] FAST spr round 1 (radius: 25)
[00:00:45 -7560.784113] FAST spr round 2 (radius: 25)
[00:00:46 -7509.537004] FAST spr round 3 (radius: 25)
[00:00:46 -7507.468865] Model parameter optimization (eps = 1.000000)
[00:00:47 -7497.775443] SLOW spr round 1 (radius: 5)
[00:00:49 -7494.792645] SLOW spr round 2 (radius: 10)
[00:00:51 -7494.309429] SLOW spr round 3 (radius: 15)
[00:00:57 -7494.309330] SLOW spr round 4 (radius: 20)
[00:01:01] [worker #1] ML tree search #6, logLikelihood: -7493.965209
[00:01:02] [worker #2] ML tree search #7, logLikelihood: -7494.167106
[00:01:03 -7494.309288] SLOW spr round 5 (radius: 25)
[00:01:05] [worker #3] ML tree search #8, logLikelihood: -7492.973748
[00:01:06 -7494.309270] Model parameter optimization (eps = 0.100000)

[00:01:06] [worker #0] ML tree search #5, logLikelihood: -7494.159265

[00:01:06 -51497.293047] Initial branch length optimization
[00:01:06 -31578.294684] Model parameter optimization (eps = 10.000000)
[00:01:07 -28664.778333] AUTODETECT spr round 1 (radius: 5)
[00:01:08 -16840.894648] AUTODETECT spr round 2 (radius: 10)
[00:01:10 -10512.590699] AUTODETECT spr round 3 (radius: 15)
[00:01:11 -9715.620131] AUTODETECT spr round 4 (radius: 20)
[00:01:13 -9678.383382] AUTODETECT spr round 5 (radius: 25)
[00:01:15 -9677.813628] SPR radius for FAST iterations: 25 (autodetect)
[00:01:15 -9677.813628] Model parameter optimization (eps = 3.000000)
[00:01:16 -9377.727705] FAST spr round 1 (radius: 25)
[00:01:17 -7590.045077] FAST spr round 2 (radius: 25)
[00:01:18 -7523.291689] FAST spr round 3 (radius: 25)
[00:01:19 -7522.111992] Model parameter optimization (eps = 1.000000)
[00:01:20 -7494.901284] SLOW spr round 1 (radius: 5)
[00:01:22 -7494.719695] SLOW spr round 2 (radius: 10)
[00:01:25 -7494.386910] SLOW spr round 3 (radius: 15)
[00:01:29 -7494.192055] SLOW spr round 4 (radius: 20)
[00:01:29] [worker #2] ML tree search #11, logLikelihood: -7503.462630
[00:01:31] [worker #3] ML tree search #12, logLikelihood: -7498.721375
[00:01:34] [worker #1] ML tree search #10, logLikelihood: -7493.959862
[00:01:35 -7494.191891] SLOW spr round 5 (radius: 25)
[00:01:39 -7494.191822] Model parameter optimization (eps = 0.100000)

[00:01:40] [worker #0] ML tree search #9, logLikelihood: -7494.166335

[00:01:40 -10758.274544] Initial branch length optimization
[00:01:40 -7819.946618] Model parameter optimization (eps = 10.000000)
[00:01:40 -7569.802985] AUTODETECT spr round 1 (radius: 5)
[00:01:41 -7522.151396] AUTODETECT spr round 2 (radius: 10)
[00:01:42 -7517.830929] AUTODETECT spr round 3 (radius: 15)
[00:01:44 -7517.825169] SPR radius for FAST iterations: 10 (autodetect)
[00:01:44 -7517.825169] Model parameter optimization (eps = 3.000000)
[00:01:44 -7517.104372] FAST spr round 1 (radius: 10)
[00:01:45 -7496.328227] FAST spr round 2 (radius: 10)
[00:01:46 -7496.327947] Model parameter optimization (eps = 1.000000)
[00:01:46 -7496.308130] SLOW spr round 1 (radius: 5)
[00:01:48 -7494.160898] SLOW spr round 2 (radius: 10)
[00:01:50 -7494.160871] SLOW spr round 3 (radius: 15)
[00:01:56 -7494.160860] SLOW spr round 4 (radius: 20)
[00:01:58] [worker #2] ML tree search #15, logLikelihood: -7498.775981
[00:01:58] [worker #3] ML tree search #16, logLikelihood: -7498.049526
[00:02:00] [worker #1] ML tree search #14, logLikelihood: -7493.958807
[00:02:03 -7494.160855] SLOW spr round 5 (radius: 25)
[00:02:08 -7494.160853] Model parameter optimization (eps = 0.100000)

[00:02:08] [worker #0] ML tree search #13, logLikelihood: -7494.158358

[00:02:08 -10774.878017] Initial branch length optimization
[00:02:08 -7863.726103] Model parameter optimization (eps = 10.000000)
[00:02:08 -7610.851954] AUTODETECT spr round 1 (radius: 5)
[00:02:09 -7518.101103] AUTODETECT spr round 2 (radius: 10)
[00:02:10 -7517.521283] AUTODETECT spr round 3 (radius: 15)
[00:02:12 -7514.960129] AUTODETECT spr round 4 (radius: 20)
[00:02:15 -7514.914350] SPR radius for FAST iterations: 15 (autodetect)
[00:02:15 -7514.914350] Model parameter optimization (eps = 3.000000)
[00:02:15 -7514.671413] FAST spr round 1 (radius: 15)
[00:02:16 -7499.538923] FAST spr round 2 (radius: 15)
[00:02:16 -7499.536260] Model parameter optimization (eps = 1.000000)
[00:02:16 -7499.483724] SLOW spr round 1 (radius: 5)
[00:02:19 -7495.022441] SLOW spr round 2 (radius: 10)
[00:02:21 -7495.022435] SLOW spr round 3 (radius: 15)
[00:02:24] [worker #2] ML tree search #19, logLikelihood: -7496.920888
[00:02:25] [worker #3] ML tree search #20, logLikelihood: -7498.042199
[00:02:27 -7495.022434] SLOW spr round 4 (radius: 20)
[00:02:30] [worker #1] ML tree search #18, logLikelihood: -7498.168014
[00:02:33 -7495.022433] SLOW spr round 5 (radius: 25)
[00:02:37 -7495.022433] Model parameter optimization (eps = 0.100000)

[00:02:37] [worker #0] ML tree search #17, logLikelihood: -7494.975604


Optimized model parameters:

   Partition 0: noname
   Rate heterogeneity: GAMMA (4 cats, mean),  alpha: 1.771898 (ML),  weights&rates: (0.250000,0.264438) (0.250000,0.628337) (0.250000,1.063073) (0.250000,2.044152) 
   Base frequencies (empirical): 0.255714 0.238566 0.266469 0.239251 
   Substitution rates (ML): 1.313035 3.913946 0.862798 1.145756 4.950200 1.000000 


Final LogLikelihood: -7492.973748

AIC score: 15769.947496 / AICc score: 17648.679203 / BIC score: 17464.393070
Free parameters (model + branch lengths): 392

WARNING: Best ML tree contains 73 near-zero branches!

Best ML tree with collapsed near-zero branches saved to: /data/jeremias/eucs/roadies/output/genes/gene_14_filtered.fa.aln.raxml.bestTreeCollapsed
Best ML tree saved to: /data/jeremias/eucs/roadies/output/genes/gene_14_filtered.fa.aln.raxml.bestTree
All ML trees saved to: /data/jeremias/eucs/roadies/output/genes/gene_14_filtered.fa.aln.raxml.mlTrees
Optimized model saved to: /data/jeremias/eucs/roadies/output/genes/gene_14_filtered.fa.aln.raxml.bestModel

Execution log saved to: /data/jeremias/eucs/roadies/output/genes/gene_14_filtered.fa.aln.raxml.log

Analysis started: 03-Jul-2024 20:49:33 / finished: 03-Jul-2024 20:52:10

Elapsed time: 157.362 seconds

