
RAxML-NG v. 1.2.2 released on 11.04.2024 by The Exelixis Lab.
Developed by: Alexey M. Kozlov and Alexandros Stamatakis.
Contributors: Diego Darriba, Tomas Flouri, Benoit Morel, Sarah Lutteropp, Ben Bettisworth, Julia Haag, Anastasis Togkousidis.
Latest version: https://github.com/amkozlov/raxml-ng
Questions/problems/suggestions? Please visit: https://groups.google.com/forum/#!forum/raxml

System: AMD EPYC 7742 64-Core Processor, 128 cores, 1007 GB RAM

RAxML-NG was called at 03-Jul-2024 19:02:08 as follows:

raxml-ng --msa /data/jeremias/eucs/roadies/output/genes/gene_93_filtered.fa.aln --model GTR+G+F --redo --threads auto{4} --blopt nr_safe

Analysis options:
  run mode: ML tree search
  start tree(s): random (10) + parsimony (10)
  random seed: 1719997328
  tip-inner: OFF
  pattern compression: ON
  per-rate scalers: OFF
  site repeats: ON
  logLH epsilon: general: 10.000000, brlen-triplet: 1000.000000
  fast spr radius: AUTO
  spr subtree cutoff: 1.000000
  fast CLV updates: ON
  branch lengths: proportional (ML estimate, algorithm: NR-SAFE)
  SIMD kernels: AVX2
  parallelization: coarse-grained (auto), PTHREADS (auto)

WARNING: Running in REDO mode: existing checkpoints are ignored, and all result files will be overwritten!

[00:00:00] Reading alignment from file: /data/jeremias/eucs/roadies/output/genes/gene_93_filtered.fa.aln
[00:00:00] Loaded alignment with 97 taxa and 509 sites

WARNING: Sequences GCA_014182585.1_4 and GCA_017140325.1_1 are exactly identical!
WARNING: Sequences GCA_014182585.1_4 and GCA_014182885.2_5 are exactly identical!
WARNING: Sequences GCA_014182695.1_2 and GCA_016097545.1_4 are exactly identical!
WARNING: Duplicate sequences found: 3

NOTE: Reduced alignment (with duplicates and gap-only sites/taxa removed) 
NOTE: was saved to: /data/jeremias/eucs/roadies/output/genes/gene_93_filtered.fa.aln.raxml.reduced.phy

Alignment comprises 1 partitions and 355 patterns

Partition 0: noname
Model: GTR+FC+G4m
Alignment sites / patterns: 509 / 355
Gaps: 4.94 %
Invariant sites: 39.29 %


NOTE: Binary MSA file created: /data/jeremias/eucs/roadies/output/genes/gene_93_filtered.fa.aln.raxml.rba

Parallelization scheme autoconfig: 4 worker(s) x 1 thread(s)

[00:00:00] Generating 10 random starting tree(s) with 97 taxa
[00:00:00] Generating 10 parsimony starting tree(s) with 97 taxa
Parallel parsimony with 4 threads
Parallel reduction/worker buffer size: 1 KB  / 0 KB

[00:00:00] Data distribution: max. partitions/sites/weight per thread: 1 / 355 / 5680
[00:00:00] Data distribution: max. searches per worker: 5

Starting ML tree search with 20 distinct starting trees

[00:00:00 -12142.881684] Initial branch length optimization
[00:00:00 -9450.886325] Model parameter optimization (eps = 10.000000)
[00:00:00 -8477.311021] AUTODETECT spr round 1 (radius: 5)
[00:00:00 -6411.355487] AUTODETECT spr round 2 (radius: 10)
[00:00:01 -5166.814522] AUTODETECT spr round 3 (radius: 15)
[00:00:01 -4851.481991] AUTODETECT spr round 4 (radius: 20)
[00:00:02 -4841.873090] AUTODETECT spr round 5 (radius: 25)
[00:00:02 -4832.876977] SPR radius for FAST iterations: 25 (autodetect)
[00:00:02 -4832.876977] Model parameter optimization (eps = 3.000000)
[00:00:02 -4715.201653] FAST spr round 1 (radius: 25)
[00:00:03 -4320.477660] FAST spr round 2 (radius: 25)
[00:00:03 -4244.507474] FAST spr round 3 (radius: 25)
[00:00:03 -4244.507428] Model parameter optimization (eps = 1.000000)
[00:00:03 -4238.527819] SLOW spr round 1 (radius: 5)
[00:00:04 -4238.527406] SLOW spr round 2 (radius: 10)
[00:00:05 -4238.456155] SLOW spr round 3 (radius: 15)
[00:00:06 -4238.456154] SLOW spr round 4 (radius: 20)
[00:00:07 -4238.456154] SLOW spr round 5 (radius: 25)
[00:00:07] [worker #2] ML tree search #3, logLikelihood: -4218.644590
[00:00:08 -4238.456154] Model parameter optimization (eps = 0.100000)

[00:00:08] [worker #0] ML tree search #1, logLikelihood: -4238.438959

[00:00:08 -12016.626044] Initial branch length optimization
[00:00:08] [worker #1] ML tree search #2, logLikelihood: -4220.301828
[00:00:08 -9505.271777] Model parameter optimization (eps = 10.000000)
[00:00:08] [worker #3] ML tree search #4, logLikelihood: -4219.205158
[00:00:08 -8567.113858] AUTODETECT spr round 1 (radius: 5)
[00:00:08 -6023.777656] AUTODETECT spr round 2 (radius: 10)
[00:00:09 -4869.848367] AUTODETECT spr round 3 (radius: 15)
[00:00:09 -4675.037041] AUTODETECT spr round 4 (radius: 20)
[00:00:10 -4616.598015] AUTODETECT spr round 5 (radius: 25)
[00:00:10 -4615.666687] SPR radius for FAST iterations: 25 (autodetect)
[00:00:10 -4615.666687] Model parameter optimization (eps = 3.000000)
[00:00:10 -4531.256963] FAST spr round 1 (radius: 25)
[00:00:10 -4252.460170] FAST spr round 2 (radius: 25)
[00:00:11 -4225.163444] FAST spr round 3 (radius: 25)
[00:00:11 -4225.163238] Model parameter optimization (eps = 1.000000)
[00:00:11 -4221.574604] SLOW spr round 1 (radius: 5)
[00:00:12 -4221.574592] SLOW spr round 2 (radius: 10)
[00:00:13 -4221.574592] SLOW spr round 3 (radius: 15)
[00:00:14 -4221.574592] SLOW spr round 4 (radius: 20)
[00:00:14 -4221.574592] SLOW spr round 5 (radius: 25)
[00:00:15 -4221.574592] Model parameter optimization (eps = 0.100000)

[00:00:15] [worker #0] ML tree search #5, logLikelihood: -4221.574590

[00:00:15] [worker #2] ML tree search #7, logLikelihood: -4216.619491
[00:00:15 -12093.963734] Initial branch length optimization
[00:00:15 -9370.421854] Model parameter optimization (eps = 10.000000)
[00:00:15] [worker #3] ML tree search #8, logLikelihood: -4216.620013
[00:00:15] [worker #1] ML tree search #6, logLikelihood: -4221.574398
[00:00:15 -8444.676043] AUTODETECT spr round 1 (radius: 5)
[00:00:15 -6466.322490] AUTODETECT spr round 2 (radius: 10)
[00:00:16 -5038.210715] AUTODETECT spr round 3 (radius: 15)
[00:00:16 -4656.348784] AUTODETECT spr round 4 (radius: 20)
[00:00:17 -4648.464960] AUTODETECT spr round 5 (radius: 25)
[00:00:17 -4648.101879] SPR radius for FAST iterations: 25 (autodetect)
[00:00:17 -4648.101879] Model parameter optimization (eps = 3.000000)
[00:00:17 -4569.572771] FAST spr round 1 (radius: 25)
[00:00:17 -4297.882611] FAST spr round 2 (radius: 25)
[00:00:18 -4279.841671] FAST spr round 3 (radius: 25)
[00:00:18 -4223.029024] FAST spr round 4 (radius: 25)
[00:00:18 -4223.028328] Model parameter optimization (eps = 1.000000)
[00:00:18 -4216.803097] SLOW spr round 1 (radius: 5)
[00:00:19 -4216.634498] SLOW spr round 2 (radius: 10)
[00:00:20 -4216.634498] SLOW spr round 3 (radius: 15)
[00:00:21] [worker #3] ML tree search #12, logLikelihood: -4216.620232
[00:00:21] [worker #2] ML tree search #11, logLikelihood: -4218.685533
[00:00:21 -4216.634498] SLOW spr round 4 (radius: 20)
[00:00:22 -4216.634498] SLOW spr round 5 (radius: 25)
[00:00:22 -4216.634498] Model parameter optimization (eps = 0.100000)

[00:00:22] [worker #0] ML tree search #9, logLikelihood: -4216.619622

[00:00:22 -5834.688039] Initial branch length optimization
[00:00:22 -4398.945154] Model parameter optimization (eps = 10.000000)
[00:00:23 -4253.200507] AUTODETECT spr round 1 (radius: 5)
[00:00:23 -4235.635193] AUTODETECT spr round 2 (radius: 10)
[00:00:23] [worker #1] ML tree search #10, logLikelihood: -4222.788515
[00:00:23 -4226.631694] AUTODETECT spr round 3 (radius: 15)
[00:00:23 -4225.972878] AUTODETECT spr round 4 (radius: 20)
[00:00:24 -4224.575735] AUTODETECT spr round 5 (radius: 25)
[00:00:24 -4224.569107] SPR radius for FAST iterations: 20 (autodetect)
[00:00:24 -4224.569107] Model parameter optimization (eps = 3.000000)
[00:00:24 -4224.411693] FAST spr round 1 (radius: 20)
[00:00:24 -4222.448000] Model parameter optimization (eps = 1.000000)
[00:00:24 -4222.446760] SLOW spr round 1 (radius: 5)
[00:00:25 -4222.128974] SLOW spr round 2 (radius: 10)
[00:00:26 -4221.590514] SLOW spr round 3 (radius: 15)
[00:00:27] [worker #2] ML tree search #15, logLikelihood: -4217.268457
[00:00:27] [worker #3] ML tree search #16, logLikelihood: -4219.407633
[00:00:27 -4221.590510] SLOW spr round 4 (radius: 20)
[00:00:28 -4221.590510] SLOW spr round 5 (radius: 25)
[00:00:28 -4221.590510] Model parameter optimization (eps = 0.100000)

[00:00:28] [worker #0] ML tree search #13, logLikelihood: -4221.574717

[00:00:28 -5844.897109] Initial branch length optimization
[00:00:28 -4431.139829] Model parameter optimization (eps = 10.000000)
[00:00:29 -4283.689905] AUTODETECT spr round 1 (radius: 5)
[00:00:29] [worker #1] ML tree search #14, logLikelihood: -4219.307553
[00:00:29 -4234.833433] AUTODETECT spr round 2 (radius: 10)
[00:00:30 -4230.575907] AUTODETECT spr round 3 (radius: 15)
[00:00:30 -4230.575307] SPR radius for FAST iterations: 10 (autodetect)
[00:00:30 -4230.575307] Model parameter optimization (eps = 3.000000)
[00:00:30 -4230.505074] FAST spr round 1 (radius: 10)
[00:00:30 -4221.563232] Model parameter optimization (eps = 1.000000)
[00:00:30 -4221.499513] SLOW spr round 1 (radius: 5)
[00:00:31 -4221.499222] SLOW spr round 2 (radius: 10)
[00:00:32 -4221.499222] SLOW spr round 3 (radius: 15)
[00:00:33 -4221.177646] SLOW spr round 4 (radius: 20)
[00:00:34] [worker #2] ML tree search #19, logLikelihood: -4221.156651
[00:00:34] [worker #3] ML tree search #20, logLikelihood: -4217.139977
[00:00:34 -4221.177646] SLOW spr round 5 (radius: 25)
[00:00:35 -4221.177646] Model parameter optimization (eps = 0.100000)

[00:00:35] [worker #0] ML tree search #17, logLikelihood: -4221.158274

[00:00:36] [worker #1] ML tree search #18, logLikelihood: -4219.317016

Optimized model parameters:

   Partition 0: noname
   Rate heterogeneity: GAMMA (4 cats, mean),  alpha: 1.945015 (ML),  weights&rates: (0.250000,0.286622) (0.250000,0.649036) (0.250000,1.068551) (0.250000,1.995791) 
   Base frequencies (empirical): 0.310841 0.198236 0.184451 0.306473 
   Substitution rates (ML): 0.924578 3.278898 0.583647 1.140560 3.632456 1.000000 


Final LogLikelihood: -4216.619491

AIC score: 8833.238983 / AICc score: 9094.277944 / BIC score: 9679.728586
Free parameters (model + branch lengths): 200

WARNING: Best ML tree contains 40 near-zero branches!

Best ML tree with collapsed near-zero branches saved to: /data/jeremias/eucs/roadies/output/genes/gene_93_filtered.fa.aln.raxml.bestTreeCollapsed
Best ML tree saved to: /data/jeremias/eucs/roadies/output/genes/gene_93_filtered.fa.aln.raxml.bestTree
All ML trees saved to: /data/jeremias/eucs/roadies/output/genes/gene_93_filtered.fa.aln.raxml.mlTrees
Optimized model saved to: /data/jeremias/eucs/roadies/output/genes/gene_93_filtered.fa.aln.raxml.bestModel

Execution log saved to: /data/jeremias/eucs/roadies/output/genes/gene_93_filtered.fa.aln.raxml.log

Analysis started: 03-Jul-2024 19:02:08 / finished: 03-Jul-2024 19:02:44

Elapsed time: 36.326 seconds

