
RAxML-NG v. 1.2.2 released on 11.04.2024 by The Exelixis Lab.
Developed by: Alexey M. Kozlov and Alexandros Stamatakis.
Contributors: Diego Darriba, Tomas Flouri, Benoit Morel, Sarah Lutteropp, Ben Bettisworth, Julia Haag, Anastasis Togkousidis.
Latest version: https://github.com/amkozlov/raxml-ng
Questions/problems/suggestions? Please visit: https://groups.google.com/forum/#!forum/raxml

System: AMD EPYC 7742 64-Core Processor, 128 cores, 1007 GB RAM

RAxML-NG was called at 03-Jul-2024 19:52:26 as follows:

raxml-ng --msa /data/jeremias/eucs/roadies/output/genes/gene_9_filtered.fa.aln --model GTR+G+F --redo --threads auto{4} --blopt nr_safe

Analysis options:
  run mode: ML tree search
  start tree(s): random (10) + parsimony (10)
  random seed: 1720000346
  tip-inner: OFF
  pattern compression: ON
  per-rate scalers: OFF
  site repeats: ON
  logLH epsilon: general: 10.000000, brlen-triplet: 1000.000000
  fast spr radius: AUTO
  spr subtree cutoff: 1.000000
  fast CLV updates: ON
  branch lengths: proportional (ML estimate, algorithm: NR-SAFE)
  SIMD kernels: AVX2
  parallelization: coarse-grained (auto), PTHREADS (auto)

WARNING: Running in REDO mode: existing checkpoints are ignored, and all result files will be overwritten!

[00:00:00] Reading alignment from file: /data/jeremias/eucs/roadies/output/genes/gene_9_filtered.fa.aln
[00:00:00] Loaded alignment with 329 taxa and 570 sites

WARNING: Sequences GCA_014182405.1_8 and GCA_016097485.1_9 are exactly identical!
WARNING: Sequences GCA_017140255.1_1 and GCA_014182885.2_0 are exactly identical!
WARNING: Sequences GCA_016097615.1_0 and GCA_017140185.1_0 are exactly identical!
WARNING: Sequences GCA_014182375.1_1 and GCA_014182375.1_2 are exactly identical!
WARNING: Duplicate sequences found: 4

NOTE: Reduced alignment (with duplicates and gap-only sites/taxa removed) 
NOTE: was saved to: /data/jeremias/eucs/roadies/output/genes/gene_9_filtered.fa.aln.raxml.reduced.phy

Alignment comprises 1 partitions and 551 patterns

Partition 0: noname
Model: GTR+FC+G4m
Alignment sites / patterns: 570 / 551
Gaps: 13.15 %
Invariant sites: 5.61 %


NOTE: Binary MSA file created: /data/jeremias/eucs/roadies/output/genes/gene_9_filtered.fa.aln.raxml.rba

Parallelization scheme autoconfig: 4 worker(s) x 1 thread(s)

[00:00:00] Generating 10 random starting tree(s) with 329 taxa
[00:00:00] Generating 10 parsimony starting tree(s) with 329 taxa
Parallel parsimony with 4 threads
Parallel reduction/worker buffer size: 1 KB  / 0 KB

[00:00:00] Data distribution: max. partitions/sites/weight per thread: 1 / 551 / 8816
[00:00:00] Data distribution: max. searches per worker: 5

Starting ML tree search with 20 distinct starting trees

[00:00:00 -127119.751970] Initial branch length optimization
[00:00:00 -101425.232707] Model parameter optimization (eps = 10.000000)
[00:00:03 -95654.564904] AUTODETECT spr round 1 (radius: 5)
[00:00:05 -65260.541049] AUTODETECT spr round 2 (radius: 10)
[00:00:08 -43681.850637] AUTODETECT spr round 3 (radius: 15)
[00:00:14 -38885.478929] AUTODETECT spr round 4 (radius: 20)
[00:00:22 -38510.974776] AUTODETECT spr round 5 (radius: 25)
[00:00:28 -38506.262560] SPR radius for FAST iterations: 25 (autodetect)
[00:00:28 -38506.262560] Model parameter optimization (eps = 3.000000)
[00:00:29 -38097.232878] FAST spr round 1 (radius: 25)
[00:00:32 -34210.516705] FAST spr round 2 (radius: 25)
[00:00:35 -33937.197881] FAST spr round 3 (radius: 25)
[00:00:36 -33921.287924] FAST spr round 4 (radius: 25)
[00:00:38 -33920.672517] Model parameter optimization (eps = 1.000000)
[00:00:38 -33916.682854] SLOW spr round 1 (radius: 5)
[00:00:43 -33905.448297] SLOW spr round 2 (radius: 5)
[00:00:48 -33904.310084] SLOW spr round 3 (radius: 10)
[00:00:53 -33904.310030] SLOW spr round 4 (radius: 15)
[00:01:02 -33904.310025] SLOW spr round 5 (radius: 20)
[00:01:15 -33904.310025] SLOW spr round 6 (radius: 25)
[00:01:17] [worker #2] ML tree search #3, logLikelihood: -33911.394476
[00:01:21] [worker #3] ML tree search #4, logLikelihood: -33912.345747
[00:01:32 -33904.310025] Model parameter optimization (eps = 0.100000)

[00:01:33] [worker #0] ML tree search #1, logLikelihood: -33904.304721

[00:01:33 -125303.313160] Initial branch length optimization
[00:01:33 -100370.246635] Model parameter optimization (eps = 10.000000)
[00:01:33] [worker #1] ML tree search #2, logLikelihood: -33903.633048
[00:01:37 -94617.343142] AUTODETECT spr round 1 (radius: 5)
[00:01:38 -65523.415604] AUTODETECT spr round 2 (radius: 10)
[00:01:42 -45962.962997] AUTODETECT spr round 3 (radius: 15)
[00:01:48 -40702.556624] AUTODETECT spr round 4 (radius: 20)
[00:01:53 -39084.066734] AUTODETECT spr round 5 (radius: 25)
[00:01:58 -38989.045714] SPR radius for FAST iterations: 25 (autodetect)
[00:01:58 -38989.045714] Model parameter optimization (eps = 3.000000)
[00:02:00 -38576.576471] FAST spr round 1 (radius: 25)
[00:02:03 -34098.014610] FAST spr round 2 (radius: 25)
[00:02:06 -33952.495607] FAST spr round 3 (radius: 25)
[00:02:08 -33924.501240] FAST spr round 4 (radius: 25)
[00:02:10 -33924.498522] Model parameter optimization (eps = 1.000000)
[00:02:10 -33919.362314] SLOW spr round 1 (radius: 5)
[00:02:16 -33911.472862] SLOW spr round 2 (radius: 10)
[00:02:21 -33911.457738] SLOW spr round 3 (radius: 15)
[00:02:31 -33911.453097] SLOW spr round 4 (radius: 20)
[00:02:41] [worker #2] ML tree search #7, logLikelihood: -33905.349681
[00:02:46 -33911.453094] SLOW spr round 5 (radius: 25)
[00:02:50] [worker #3] ML tree search #8, logLikelihood: -33909.997716
[00:02:56] [worker #1] ML tree search #6, logLikelihood: -33905.940704
[00:03:03 -33911.453094] Model parameter optimization (eps = 0.100000)

[00:03:03] [worker #0] ML tree search #5, logLikelihood: -33911.444132

[00:03:03 -126884.120240] Initial branch length optimization
[00:03:03 -101374.489519] Model parameter optimization (eps = 10.000000)
[00:03:08 -95532.094920] AUTODETECT spr round 1 (radius: 5)
[00:03:10 -66059.117131] AUTODETECT spr round 2 (radius: 10)
[00:03:13 -47437.397712] AUTODETECT spr round 3 (radius: 15)
[00:03:18 -41634.833071] AUTODETECT spr round 4 (radius: 20)
[00:03:23 -40693.531649] AUTODETECT spr round 5 (radius: 25)
[00:03:28 -40691.174056] SPR radius for FAST iterations: 25 (autodetect)
[00:03:28 -40691.174056] Model parameter optimization (eps = 3.000000)
[00:03:30 -40259.503042] FAST spr round 1 (radius: 25)
[00:03:33 -34396.565155] FAST spr round 2 (radius: 25)
[00:03:36 -33981.598465] FAST spr round 3 (radius: 25)
[00:03:38 -33928.244654] FAST spr round 4 (radius: 25)
[00:03:39 -33926.211017] Model parameter optimization (eps = 1.000000)
[00:03:40 -33914.237520] SLOW spr round 1 (radius: 5)
[00:03:45 -33909.525504] SLOW spr round 2 (radius: 10)
[00:03:50 -33909.525487] SLOW spr round 3 (radius: 15)
[00:03:59 -33909.525487] SLOW spr round 4 (radius: 20)
[00:04:01] [worker #2] ML tree search #11, logLikelihood: -33905.369576
[00:04:10] [worker #3] ML tree search #12, logLikelihood: -33903.609976
[00:04:12 -33909.525487] SLOW spr round 5 (radius: 25)
[00:04:27 -33909.525487] Model parameter optimization (eps = 0.100000)

[00:04:27] [worker #0] ML tree search #9, logLikelihood: -33909.519178

[00:04:28 -40735.374169] Initial branch length optimization
[00:04:28 -36566.138056] Model parameter optimization (eps = 10.000000)
[00:04:29 -34242.336922] AUTODETECT spr round 1 (radius: 5)
[00:04:30] [worker #1] ML tree search #10, logLikelihood: -33909.837428
[00:04:30 -33930.412747] AUTODETECT spr round 2 (radius: 10)
[00:04:34 -33929.566721] AUTODETECT spr round 3 (radius: 15)
[00:04:40 -33929.148799] AUTODETECT spr round 4 (radius: 20)
[00:04:47 -33928.913190] AUTODETECT spr round 5 (radius: 25)
[00:04:55 -33928.804254] SPR radius for FAST iterations: 25 (autodetect)
[00:04:55 -33928.804254] Model parameter optimization (eps = 3.000000)
[00:04:55 -33928.537405] FAST spr round 1 (radius: 25)
[00:04:57 -33921.302529] Model parameter optimization (eps = 1.000000)
[00:04:57 -33921.290504] SLOW spr round 1 (radius: 5)
[00:05:03 -33912.099509] SLOW spr round 2 (radius: 10)
[00:05:08 -33912.098973] SLOW spr round 3 (radius: 15)
[00:05:16] [worker #2] ML tree search #15, logLikelihood: -33911.149322
[00:05:17 -33912.098925] SLOW spr round 4 (radius: 20)
[00:05:25] [worker #3] ML tree search #16, logLikelihood: -33904.396871
[00:05:31 -33912.098920] SLOW spr round 5 (radius: 25)
[00:05:44] [worker #1] ML tree search #14, logLikelihood: -33909.892987
[00:05:48 -33912.098920] Model parameter optimization (eps = 0.100000)

[00:05:48] [worker #0] ML tree search #13, logLikelihood: -33912.089801

[00:05:48 -40866.564725] Initial branch length optimization
[00:05:48 -36573.565847] Model parameter optimization (eps = 10.000000)
[00:05:49 -34260.734750] AUTODETECT spr round 1 (radius: 5)
[00:05:50 -33998.773478] AUTODETECT spr round 2 (radius: 10)
[00:05:54 -33927.259104] AUTODETECT spr round 3 (radius: 15)
[00:06:01 -33926.273517] AUTODETECT spr round 4 (radius: 20)
[00:06:09 -33925.836049] AUTODETECT spr round 5 (radius: 25)
[00:06:16 -33925.544282] SPR radius for FAST iterations: 25 (autodetect)
[00:06:16 -33925.544282] Model parameter optimization (eps = 3.000000)
[00:06:17 -33924.800505] FAST spr round 1 (radius: 25)
[00:06:19 -33915.597683] Model parameter optimization (eps = 1.000000)
[00:06:19 -33915.584978] SLOW spr round 1 (radius: 5)
[00:06:25 -33907.387703] SLOW spr round 2 (radius: 10)
[00:06:30 -33907.386426] SLOW spr round 3 (radius: 15)
[00:06:32] [worker #2] ML tree search #19, logLikelihood: -33906.136043
[00:06:36] [worker #3] ML tree search #20, logLikelihood: -33906.163746
[00:06:38 -33907.385199] SLOW spr round 4 (radius: 20)
[00:06:51 -33907.383568] SLOW spr round 5 (radius: 25)
[00:06:53] [worker #1] ML tree search #18, logLikelihood: -33906.208440
[00:07:06 -33907.381365] Model parameter optimization (eps = 0.100000)

[00:07:06] [worker #0] ML tree search #17, logLikelihood: -33907.367355


Optimized model parameters:

   Partition 0: noname
   Rate heterogeneity: GAMMA (4 cats, mean),  alpha: 1.550286 (ML),  weights&rates: (0.250000,0.232987) (0.250000,0.596718) (0.250000,1.053243) (0.250000,2.117052) 
   Base frequencies (empirical): 0.312155 0.193923 0.231430 0.262491 
   Substitution rates (ML): 1.882230 4.831545 1.231481 0.546911 8.631158 1.000000 


Final LogLikelihood: -33903.609976

AIC score: 69135.219952 / AICc score: 952255.219952 / BIC score: 72020.722496
Free parameters (model + branch lengths): 664

WARNING: Number of free parameters (K=664) is larger than alignment size (n=570).
         This might lead to overfitting and compromise tree inference results!


WARNING: Best ML tree contains 32 near-zero branches!

Best ML tree with collapsed near-zero branches saved to: /data/jeremias/eucs/roadies/output/genes/gene_9_filtered.fa.aln.raxml.bestTreeCollapsed
Best ML tree saved to: /data/jeremias/eucs/roadies/output/genes/gene_9_filtered.fa.aln.raxml.bestTree
All ML trees saved to: /data/jeremias/eucs/roadies/output/genes/gene_9_filtered.fa.aln.raxml.mlTrees
Optimized model saved to: /data/jeremias/eucs/roadies/output/genes/gene_9_filtered.fa.aln.raxml.bestModel

Execution log saved to: /data/jeremias/eucs/roadies/output/genes/gene_9_filtered.fa.aln.raxml.log

Analysis started: 03-Jul-2024 19:52:26 / finished: 03-Jul-2024 19:59:33

Elapsed time: 426.335 seconds

