
RAxML-NG v. 1.2.2 released on 11.04.2024 by The Exelixis Lab.
Developed by: Alexey M. Kozlov and Alexandros Stamatakis.
Contributors: Diego Darriba, Tomas Flouri, Benoit Morel, Sarah Lutteropp, Ben Bettisworth, Julia Haag, Anastasis Togkousidis.
Latest version: https://github.com/amkozlov/raxml-ng
Questions/problems/suggestions? Please visit: https://groups.google.com/forum/#!forum/raxml

System: AMD EPYC 7742 64-Core Processor, 128 cores, 1007 GB RAM

RAxML-NG was called at 03-Jul-2024 18:39:26 as follows:

raxml-ng --msa /data/jeremias/eucs/roadies/output/genes/gene_60_filtered.fa.aln --model GTR+G+F --redo --threads auto{4} --blopt nr_safe

Analysis options:
  run mode: ML tree search
  start tree(s): random (10) + parsimony (10)
  random seed: 1719995966
  tip-inner: OFF
  pattern compression: ON
  per-rate scalers: OFF
  site repeats: ON
  logLH epsilon: general: 10.000000, brlen-triplet: 1000.000000
  fast spr radius: AUTO
  spr subtree cutoff: 1.000000
  fast CLV updates: ON
  branch lengths: proportional (ML estimate, algorithm: NR-SAFE)
  SIMD kernels: AVX2
  parallelization: coarse-grained (auto), PTHREADS (auto)

WARNING: Running in REDO mode: existing checkpoints are ignored, and all result files will be overwritten!

[00:00:00] Reading alignment from file: /data/jeremias/eucs/roadies/output/genes/gene_60_filtered.fa.aln
[00:00:00] Loaded alignment with 37 taxa and 506 sites

WARNING: Sequences GCA_014182695.1_0 and GCA_017140185.1_0 are exactly identical!
WARNING: Duplicate sequences found: 1

NOTE: Reduced alignment (with duplicates and gap-only sites/taxa removed) 
NOTE: was saved to: /data/jeremias/eucs/roadies/output/genes/gene_60_filtered.fa.aln.raxml.reduced.phy

Alignment comprises 1 partitions and 87 patterns

Partition 0: noname
Model: GTR+FC+G4m
Alignment sites / patterns: 506 / 87
Gaps: 1.17 %
Invariant sites: 83.60 %


NOTE: Binary MSA file created: /data/jeremias/eucs/roadies/output/genes/gene_60_filtered.fa.aln.raxml.rba

Parallelization scheme autoconfig: 4 worker(s) x 1 thread(s)

[00:00:00] Generating 10 random starting tree(s) with 37 taxa
[00:00:00] Generating 10 parsimony starting tree(s) with 37 taxa
Parallel parsimony with 4 threads
Parallel reduction/worker buffer size: 1 KB  / 0 KB

[00:00:00] Data distribution: max. partitions/sites/weight per thread: 1 / 87 / 1392
[00:00:00] Data distribution: max. searches per worker: 5

Starting ML tree search with 20 distinct starting trees

[00:00:00 -2880.227133] Initial branch length optimization
[00:00:00 -2072.065419] Model parameter optimization (eps = 10.000000)
[00:00:00 -1890.688429] AUTODETECT spr round 1 (radius: 5)
[00:00:00 -1640.451211] AUTODETECT spr round 2 (radius: 10)
[00:00:00 -1580.611554] AUTODETECT spr round 3 (radius: 15)
[00:00:00 -1580.351381] AUTODETECT spr round 4 (radius: 20)
[00:00:00 -1580.312722] SPR radius for FAST iterations: 15 (autodetect)
[00:00:00 -1580.312722] Model parameter optimization (eps = 3.000000)
[00:00:00 -1568.589356] FAST spr round 1 (radius: 15)
[00:00:00 -1470.179844] FAST spr round 2 (radius: 15)
[00:00:00 -1470.179841] Model parameter optimization (eps = 1.000000)
[00:00:00 -1468.830631] SLOW spr round 1 (radius: 5)
[00:00:00] [worker #3] ML tree search #4, logLikelihood: -1468.796897
[00:00:00] [worker #2] ML tree search #3, logLikelihood: -1468.796894
[00:00:00 -1468.797646] SLOW spr round 2 (radius: 10)
[00:00:00 -1468.797629] SLOW spr round 3 (radius: 15)
[00:00:00] [worker #1] ML tree search #2, logLikelihood: -1472.279433
[00:00:00 -1468.797629] SLOW spr round 4 (radius: 20)
[00:00:00 -1468.797629] SLOW spr round 5 (radius: 25)
[00:00:00 -1468.797629] Model parameter optimization (eps = 0.100000)

[00:00:00] [worker #0] ML tree search #1, logLikelihood: -1468.796912

[00:00:00 -2836.373292] Initial branch length optimization
[00:00:00 -2025.318967] Model parameter optimization (eps = 10.000000)
[00:00:00 -1859.251878] AUTODETECT spr round 1 (radius: 5)
[00:00:00 -1582.121146] AUTODETECT spr round 2 (radius: 10)
[00:00:00 -1499.042931] AUTODETECT spr round 3 (radius: 15)
[00:00:00 -1499.003997] SPR radius for FAST iterations: 10 (autodetect)
[00:00:00 -1499.003997] Model parameter optimization (eps = 3.000000)
[00:00:00] [worker #3] ML tree search #8, logLikelihood: -1468.796906
[00:00:00 -1492.060401] FAST spr round 1 (radius: 10)
[00:00:00 -1473.342598] FAST spr round 2 (radius: 10)
[00:00:01 -1469.324618] Model parameter optimization (eps = 1.000000)
[00:00:01 -1468.832533] SLOW spr round 1 (radius: 5)
[00:00:01] [worker #2] ML tree search #7, logLikelihood: -1468.796897
[00:00:01] [worker #1] ML tree search #6, logLikelihood: -1468.796894
[00:00:01 -1468.799967] SLOW spr round 2 (radius: 10)
[00:00:01 -1468.799966] SLOW spr round 3 (radius: 15)
[00:00:01] [worker #3] ML tree search #12, logLikelihood: -1468.796896
[00:00:01 -1468.799966] SLOW spr round 4 (radius: 20)
[00:00:01 -1468.799966] SLOW spr round 5 (radius: 25)
[00:00:01 -1468.799966] Model parameter optimization (eps = 0.100000)

[00:00:01] [worker #0] ML tree search #5, logLikelihood: -1468.796892

[00:00:01 -2852.709436] Initial branch length optimization
[00:00:01 -2043.491864] Model parameter optimization (eps = 10.000000)
[00:00:01 -1872.476287] AUTODETECT spr round 1 (radius: 5)
[00:00:01 -1634.328571] AUTODETECT spr round 2 (radius: 10)
[00:00:01 -1540.162210] AUTODETECT spr round 3 (radius: 15)
[00:00:01 -1539.992615] AUTODETECT spr round 4 (radius: 20)
[00:00:01 -1539.987579] SPR radius for FAST iterations: 15 (autodetect)
[00:00:01 -1539.987579] Model parameter optimization (eps = 3.000000)
[00:00:01] [worker #2] ML tree search #11, logLikelihood: -1468.796944
[00:00:01 -1531.535611] FAST spr round 1 (radius: 15)
[00:00:01] [worker #1] ML tree search #10, logLikelihood: -1468.796912
[00:00:01 -1471.698532] FAST spr round 2 (radius: 15)
[00:00:01 -1470.188363] Model parameter optimization (eps = 1.000000)
[00:00:01] [worker #3] ML tree search #16, logLikelihood: -1468.796918
[00:00:01 -1468.797213] SLOW spr round 1 (radius: 5)
[00:00:01 -1468.796942] SLOW spr round 2 (radius: 10)
[00:00:01 -1468.796942] SLOW spr round 3 (radius: 15)
[00:00:01 -1468.796942] SLOW spr round 4 (radius: 20)
[00:00:01] [worker #1] ML tree search #14, logLikelihood: -1468.796917
[00:00:01] [worker #2] ML tree search #15, logLikelihood: -1468.796909
[00:00:01 -1468.796942] SLOW spr round 5 (radius: 25)
[00:00:01 -1468.796942] Model parameter optimization (eps = 0.100000)

[00:00:01] [worker #0] ML tree search #9, logLikelihood: -1468.796893

[00:00:01 -2428.782622] Initial branch length optimization
[00:00:01 -1525.310699] Model parameter optimization (eps = 10.000000)
[00:00:01] [worker #3] ML tree search #20, logLikelihood: -1468.796893
[00:00:01 -1476.686243] AUTODETECT spr round 1 (radius: 5)
[00:00:02 -1468.916277] AUTODETECT spr round 2 (radius: 10)
[00:00:02 -1468.914268] SPR radius for FAST iterations: 5 (autodetect)
[00:00:02 -1468.914268] Model parameter optimization (eps = 3.000000)
[00:00:02 -1468.797312] FAST spr round 1 (radius: 5)
[00:00:02 -1468.797234] Model parameter optimization (eps = 1.000000)
[00:00:02 -1468.796900] SLOW spr round 1 (radius: 5)
[00:00:02 -1468.796894] SLOW spr round 2 (radius: 10)
[00:00:02 -1468.796894] SLOW spr round 3 (radius: 15)
[00:00:02 -1468.796894] SLOW spr round 4 (radius: 20)
[00:00:02 -1468.796894] SLOW spr round 5 (radius: 25)
[00:00:02 -1468.796894] Model parameter optimization (eps = 0.100000)

[00:00:02] [worker #0] ML tree search #13, logLikelihood: -1468.796894

[00:00:02] [worker #2] ML tree search #19, logLikelihood: -1468.796893
[00:00:02] [worker #1] ML tree search #18, logLikelihood: -1468.796973
[00:00:02 -2419.932516] Initial branch length optimization
[00:00:02 -1516.401485] Model parameter optimization (eps = 10.000000)
[00:00:02 -1468.797206] AUTODETECT spr round 1 (radius: 5)
[00:00:02 -1468.796962] SPR radius for FAST iterations: 5 (autodetect)
[00:00:02 -1468.796962] Model parameter optimization (eps = 3.000000)
[00:00:02 -1468.796909] FAST spr round 1 (radius: 5)
[00:00:02 -1468.796908] Model parameter optimization (eps = 1.000000)
[00:00:02 -1468.796908] SLOW spr round 1 (radius: 5)
[00:00:02 -1468.796907] SLOW spr round 2 (radius: 10)
[00:00:02 -1468.796897] SLOW spr round 3 (radius: 15)
[00:00:02 -1468.796897] SLOW spr round 4 (radius: 20)
[00:00:02 -1468.796897] SLOW spr round 5 (radius: 25)
[00:00:02 -1468.796897] Model parameter optimization (eps = 0.100000)

[00:00:02] [worker #0] ML tree search #17, logLikelihood: -1468.796897


Optimized model parameters:

   Partition 0: noname
   Rate heterogeneity: GAMMA (4 cats, mean),  alpha: 0.208886 (ML),  weights&rates: (0.250000,0.000713) (0.250000,0.039054) (0.250000,0.406450) (0.250000,3.553784) 
   Base frequencies (empirical): 0.283143 0.229044 0.283684 0.204129 
   Substitution rates (ML): 0.426820 4.039081 0.783863 1.041128 5.113509 1.000000 


Final LogLikelihood: -1468.796892

AIC score: 3097.593783 / AICc score: 3128.087901 / BIC score: 3435.716717
Free parameters (model + branch lengths): 80

WARNING: Best ML tree contains 17 near-zero branches!

Best ML tree with collapsed near-zero branches saved to: /data/jeremias/eucs/roadies/output/genes/gene_60_filtered.fa.aln.raxml.bestTreeCollapsed
Best ML tree saved to: /data/jeremias/eucs/roadies/output/genes/gene_60_filtered.fa.aln.raxml.bestTree
All ML trees saved to: /data/jeremias/eucs/roadies/output/genes/gene_60_filtered.fa.aln.raxml.mlTrees
Optimized model saved to: /data/jeremias/eucs/roadies/output/genes/gene_60_filtered.fa.aln.raxml.bestModel

Execution log saved to: /data/jeremias/eucs/roadies/output/genes/gene_60_filtered.fa.aln.raxml.log

Analysis started: 03-Jul-2024 18:39:26 / finished: 03-Jul-2024 18:39:28

Elapsed time: 2.855 seconds

