
RAxML-NG v. 1.2.2 released on 11.04.2024 by The Exelixis Lab.
Developed by: Alexey M. Kozlov and Alexandros Stamatakis.
Contributors: Diego Darriba, Tomas Flouri, Benoit Morel, Sarah Lutteropp, Ben Bettisworth, Julia Haag, Anastasis Togkousidis.
Latest version: https://github.com/amkozlov/raxml-ng
Questions/problems/suggestions? Please visit: https://groups.google.com/forum/#!forum/raxml

System: AMD EPYC 7742 64-Core Processor, 128 cores, 1007 GB RAM

RAxML-NG was called at 03-Jul-2024 18:29:27 as follows:

raxml-ng --msa /data/jeremias/eucs/roadies/output/genes/gene_248_filtered.fa.aln --model GTR+G+F --redo --threads auto{4} --blopt nr_safe

Analysis options:
  run mode: ML tree search
  start tree(s): random (10) + parsimony (10)
  random seed: 1719995367
  tip-inner: OFF
  pattern compression: ON
  per-rate scalers: OFF
  site repeats: ON
  logLH epsilon: general: 10.000000, brlen-triplet: 1000.000000
  fast spr radius: AUTO
  spr subtree cutoff: 1.000000
  fast CLV updates: ON
  branch lengths: proportional (ML estimate, algorithm: NR-SAFE)
  SIMD kernels: AVX2
  parallelization: coarse-grained (auto), PTHREADS (auto)

WARNING: Running in REDO mode: existing checkpoints are ignored, and all result files will be overwritten!

[00:00:00] Reading alignment from file: /data/jeremias/eucs/roadies/output/genes/gene_248_filtered.fa.aln
[00:00:00] Loaded alignment with 34 taxa and 606 sites

Alignment comprises 1 partitions and 368 patterns

Partition 0: noname
Model: GTR+FC+G4m
Alignment sites / patterns: 606 / 368
Gaps: 18.13 %
Invariant sites: 41.58 %


NOTE: Binary MSA file created: /data/jeremias/eucs/roadies/output/genes/gene_248_filtered.fa.aln.raxml.rba

Parallelization scheme autoconfig: 4 worker(s) x 1 thread(s)

[00:00:00] Generating 10 random starting tree(s) with 34 taxa
[00:00:00] Generating 10 parsimony starting tree(s) with 34 taxa
Parallel parsimony with 4 threads
Parallel reduction/worker buffer size: 1 KB  / 0 KB

[00:00:00] Data distribution: max. partitions/sites/weight per thread: 1 / 368 / 5888
[00:00:00] Data distribution: max. searches per worker: 5

Starting ML tree search with 20 distinct starting trees

[00:00:00 -7619.930014] Initial branch length optimization
[00:00:00 -6052.321722] Model parameter optimization (eps = 10.000000)
[00:00:00 -5783.108811] AUTODETECT spr round 1 (radius: 5)
[00:00:00 -3967.968971] AUTODETECT spr round 2 (radius: 10)
[00:00:00 -3964.578136] AUTODETECT spr round 3 (radius: 15)
[00:00:00 -3963.595531] AUTODETECT spr round 4 (radius: 20)
[00:00:00 -3963.343953] AUTODETECT spr round 5 (radius: 25)
[00:00:00 -3963.282748] SPR radius for FAST iterations: 20 (autodetect)
[00:00:00 -3963.282748] Model parameter optimization (eps = 3.000000)
[00:00:00 -3902.990159] FAST spr round 1 (radius: 20)
[00:00:00 -3637.867530] FAST spr round 2 (radius: 20)
[00:00:00 -3637.787824] Model parameter optimization (eps = 1.000000)
[00:00:00 -3629.770499] SLOW spr round 1 (radius: 5)
[00:00:00 -3629.768342] SLOW spr round 2 (radius: 10)
[00:00:01 -3629.768340] SLOW spr round 3 (radius: 15)
[00:00:01 -3629.768340] SLOW spr round 4 (radius: 20)
[00:00:01 -3629.768340] SLOW spr round 5 (radius: 25)
[00:00:01 -3629.768340] Model parameter optimization (eps = 0.100000)

[00:00:01] [worker #0] ML tree search #1, logLikelihood: -3629.766359

[00:00:01 -7762.767724] Initial branch length optimization
[00:00:01] [worker #1] ML tree search #2, logLikelihood: -3629.766381
[00:00:01 -6080.977806] Model parameter optimization (eps = 10.000000)
[00:00:01] [worker #3] ML tree search #4, logLikelihood: -3629.766409
[00:00:01 -5810.682154] AUTODETECT spr round 1 (radius: 5)
[00:00:01 -3780.476331] AUTODETECT spr round 2 (radius: 10)
[00:00:01 -3775.276731] AUTODETECT spr round 3 (radius: 15)
[00:00:01 -3774.833126] AUTODETECT spr round 4 (radius: 20)
[00:00:01 -3774.710396] AUTODETECT spr round 5 (radius: 25)
[00:00:01 -3774.678204] SPR radius for FAST iterations: 20 (autodetect)
[00:00:01 -3774.678204] Model parameter optimization (eps = 3.000000)
[00:00:01 -3691.051862] FAST spr round 1 (radius: 20)
[00:00:01] [worker #2] ML tree search #3, logLikelihood: -3629.766416
[00:00:01 -3631.704085] FAST spr round 2 (radius: 20)
[00:00:01 -3631.450061] Model parameter optimization (eps = 1.000000)
[00:00:01 -3629.767070] SLOW spr round 1 (radius: 5)
[00:00:01 -3629.766799] SLOW spr round 2 (radius: 10)
[00:00:02 -3629.766799] SLOW spr round 3 (radius: 15)
[00:00:02 -3629.766799] SLOW spr round 4 (radius: 20)
[00:00:02 -3629.766799] SLOW spr round 5 (radius: 25)
[00:00:02 -3629.766799] Model parameter optimization (eps = 0.100000)

[00:00:02] [worker #0] ML tree search #5, logLikelihood: -3629.766348

[00:00:02 -7516.284006] Initial branch length optimization
[00:00:02 -5844.043996] Model parameter optimization (eps = 10.000000)
[00:00:02] [worker #1] ML tree search #6, logLikelihood: -3629.766378
[00:00:02 -5603.383386] AUTODETECT spr round 1 (radius: 5)
[00:00:02] [worker #3] ML tree search #8, logLikelihood: -3629.767141
[00:00:02 -3753.743921] AUTODETECT spr round 2 (radius: 10)
[00:00:02 -3727.402230] AUTODETECT spr round 3 (radius: 15)
[00:00:02 -3726.598226] AUTODETECT spr round 4 (radius: 20)
[00:00:02 -3726.497424] AUTODETECT spr round 5 (radius: 25)
[00:00:02 -3726.482315] SPR radius for FAST iterations: 20 (autodetect)
[00:00:02 -3726.482315] Model parameter optimization (eps = 3.000000)
[00:00:02 -3651.634896] FAST spr round 1 (radius: 20)
[00:00:02 -3630.443776] FAST spr round 2 (radius: 20)
[00:00:02 -3630.443328] Model parameter optimization (eps = 1.000000)
[00:00:02 -3629.776934] SLOW spr round 1 (radius: 5)
[00:00:02] [worker #2] ML tree search #7, logLikelihood: -3629.766745
[00:00:02 -3629.775285] SLOW spr round 2 (radius: 10)
[00:00:03 -3629.775284] SLOW spr round 3 (radius: 15)
[00:00:03] [worker #3] ML tree search #12, logLikelihood: -3629.766337
[00:00:03 -3629.775284] SLOW spr round 4 (radius: 20)
[00:00:03 -3629.775284] SLOW spr round 5 (radius: 25)
[00:00:03 -3629.775284] Model parameter optimization (eps = 0.100000)

[00:00:03] [worker #0] ML tree search #9, logLikelihood: -3629.766436

[00:00:03 -4664.050121] Initial branch length optimization
[00:00:03 -3743.412037] Model parameter optimization (eps = 10.000000)
[00:00:03 -3638.243736] AUTODETECT spr round 1 (radius: 5)
[00:00:03 -3629.924978] AUTODETECT spr round 2 (radius: 10)
[00:00:03 -3629.900054] SPR radius for FAST iterations: 5 (autodetect)
[00:00:03 -3629.900054] Model parameter optimization (eps = 3.000000)
[00:00:03 -3629.832238] FAST spr round 1 (radius: 5)
[00:00:03] [worker #1] ML tree search #10, logLikelihood: -3629.766344
[00:00:03 -3629.831760] Model parameter optimization (eps = 1.000000)
[00:00:03 -3629.830531] SLOW spr round 1 (radius: 5)
[00:00:03 -3629.770329] SLOW spr round 2 (radius: 10)
[00:00:03] [worker #3] ML tree search #16, logLikelihood: -3629.766334
[00:00:03] [worker #2] ML tree search #11, logLikelihood: -3629.766332
[00:00:03 -3629.770108] SLOW spr round 3 (radius: 15)
[00:00:04 -3629.770108] SLOW spr round 4 (radius: 20)
[00:00:04 -3629.770108] SLOW spr round 5 (radius: 25)
[00:00:04 -3629.770108] Model parameter optimization (eps = 0.100000)

[00:00:04] [worker #0] ML tree search #13, logLikelihood: -3629.766332

[00:00:04 -4655.757294] Initial branch length optimization
[00:00:04 -3737.534237] Model parameter optimization (eps = 10.000000)
[00:00:04 -3632.186101] AUTODETECT spr round 1 (radius: 5)
[00:00:04 -3630.359560] AUTODETECT spr round 2 (radius: 10)
[00:00:04 -3629.990313] AUTODETECT spr round 3 (radius: 15)
[00:00:04 -3629.851694] AUTODETECT spr round 4 (radius: 20)
[00:00:04 -3629.846708] SPR radius for FAST iterations: 15 (autodetect)
[00:00:04 -3629.846708] Model parameter optimization (eps = 3.000000)
[00:00:04 -3629.830544] FAST spr round 1 (radius: 15)
[00:00:04] [worker #1] ML tree search #14, logLikelihood: -3629.766334
[00:00:04 -3629.830456] Model parameter optimization (eps = 1.000000)
[00:00:04 -3629.830247] SLOW spr round 1 (radius: 5)
[00:00:04 -3629.770497] SLOW spr round 2 (radius: 10)
[00:00:04] [worker #3] ML tree search #20, logLikelihood: -3629.766341
[00:00:04 -3629.770266] SLOW spr round 3 (radius: 15)
[00:00:04 -3629.770266] SLOW spr round 4 (radius: 20)
[00:00:04] [worker #2] ML tree search #15, logLikelihood: -3629.766334
[00:00:04 -3629.770266] SLOW spr round 5 (radius: 25)
[00:00:04 -3629.770266] Model parameter optimization (eps = 0.100000)

[00:00:04] [worker #0] ML tree search #17, logLikelihood: -3629.766334

[00:00:05] [worker #1] ML tree search #18, logLikelihood: -3629.766334
[00:00:05] [worker #2] ML tree search #19, logLikelihood: -3629.766336

Optimized model parameters:

   Partition 0: noname
   Rate heterogeneity: GAMMA (4 cats, mean),  alpha: 4.459203 (ML),  weights&rates: (0.250000,0.477938) (0.250000,0.789728) (0.250000,1.084091) (0.250000,1.648243) 
   Base frequencies (empirical): 0.309106 0.208679 0.221484 0.260730 
   Substitution rates (ML): 0.723799 2.797702 1.061118 0.793394 2.909920 1.000000 


Final LogLikelihood: -3629.766332

AIC score: 7407.532663 / AICc score: 7428.436618 / BIC score: 7733.641782
Free parameters (model + branch lengths): 74

WARNING: Best ML tree contains 5 near-zero branches!

Best ML tree with collapsed near-zero branches saved to: /data/jeremias/eucs/roadies/output/genes/gene_248_filtered.fa.aln.raxml.bestTreeCollapsed
Best ML tree saved to: /data/jeremias/eucs/roadies/output/genes/gene_248_filtered.fa.aln.raxml.bestTree
All ML trees saved to: /data/jeremias/eucs/roadies/output/genes/gene_248_filtered.fa.aln.raxml.mlTrees
Optimized model saved to: /data/jeremias/eucs/roadies/output/genes/gene_248_filtered.fa.aln.raxml.bestModel

Execution log saved to: /data/jeremias/eucs/roadies/output/genes/gene_248_filtered.fa.aln.raxml.log

Analysis started: 03-Jul-2024 18:29:27 / finished: 03-Jul-2024 18:29:33

Elapsed time: 5.990 seconds

