
RAxML-NG v. 1.2.2 released on 11.04.2024 by The Exelixis Lab.
Developed by: Alexey M. Kozlov and Alexandros Stamatakis.
Contributors: Diego Darriba, Tomas Flouri, Benoit Morel, Sarah Lutteropp, Ben Bettisworth, Julia Haag, Anastasis Togkousidis.
Latest version: https://github.com/amkozlov/raxml-ng
Questions/problems/suggestions? Please visit: https://groups.google.com/forum/#!forum/raxml

System: AMD EPYC 7742 64-Core Processor, 128 cores, 1007 GB RAM

RAxML-NG was called at 03-Jul-2024 18:19:34 as follows:

raxml-ng --msa /data/jeremias/eucs/roadies/output/genes/gene_191_filtered.fa.aln --model GTR+G+F --redo --threads auto{4} --blopt nr_safe

Analysis options:
  run mode: ML tree search
  start tree(s): random (10) + parsimony (10)
  random seed: 1719994774
  tip-inner: OFF
  pattern compression: ON
  per-rate scalers: OFF
  site repeats: ON
  logLH epsilon: general: 10.000000, brlen-triplet: 1000.000000
  fast spr radius: AUTO
  spr subtree cutoff: 1.000000
  fast CLV updates: ON
  branch lengths: proportional (ML estimate, algorithm: NR-SAFE)
  SIMD kernels: AVX2
  parallelization: coarse-grained (auto), PTHREADS (auto)

WARNING: Running in REDO mode: existing checkpoints are ignored, and all result files will be overwritten!

[00:00:00] Reading alignment from file: /data/jeremias/eucs/roadies/output/genes/gene_191_filtered.fa.aln
[00:00:00] Loaded alignment with 341 taxa and 555 sites

WARNING: Sequences GCA_014182405.1_6 and GCA_014182405.1_4 are exactly identical!
WARNING: Sequences GCA_014182695.1_1 and GCA_016097485.1_3 are exactly identical!
WARNING: Duplicate sequences found: 2

NOTE: Reduced alignment (with duplicates and gap-only sites/taxa removed) 
NOTE: was saved to: /data/jeremias/eucs/roadies/output/genes/gene_191_filtered.fa.aln.raxml.reduced.phy

Alignment comprises 1 partitions and 512 patterns

Partition 0: noname
Model: GTR+FC+G4m
Alignment sites / patterns: 555 / 512
Gaps: 10.14 %
Invariant sites: 9.55 %


NOTE: Binary MSA file created: /data/jeremias/eucs/roadies/output/genes/gene_191_filtered.fa.aln.raxml.rba

Parallelization scheme autoconfig: 4 worker(s) x 1 thread(s)

[00:00:00] Generating 10 random starting tree(s) with 341 taxa
[00:00:00] Generating 10 parsimony starting tree(s) with 341 taxa
Parallel parsimony with 4 threads
Parallel reduction/worker buffer size: 1 KB  / 0 KB

[00:00:00] Data distribution: max. partitions/sites/weight per thread: 1 / 512 / 8192
[00:00:00] Data distribution: max. searches per worker: 5

Starting ML tree search with 20 distinct starting trees

[00:00:00 -94835.519524] Initial branch length optimization
[00:00:00 -71932.703933] Model parameter optimization (eps = 10.000000)
[00:00:02 -67322.430220] AUTODETECT spr round 1 (radius: 5)
[00:00:03 -46501.751939] AUTODETECT spr round 2 (radius: 10)
[00:00:07 -30815.551484] AUTODETECT spr round 3 (radius: 15)
[00:00:13 -27365.600707] AUTODETECT spr round 4 (radius: 20)
[00:00:20 -26687.437447] AUTODETECT spr round 5 (radius: 25)
[00:00:27 -26677.200744] SPR radius for FAST iterations: 25 (autodetect)
[00:00:27 -26677.200744] Model parameter optimization (eps = 3.000000)
[00:00:29 -26436.723945] FAST spr round 1 (radius: 25)
[00:00:32 -24039.868861] FAST spr round 2 (radius: 25)
[00:00:35 -23945.333403] FAST spr round 3 (radius: 25)
[00:00:37 -23931.127455] FAST spr round 4 (radius: 25)
[00:00:38 -23931.121916] Model parameter optimization (eps = 1.000000)
[00:00:39 -23930.067830] SLOW spr round 1 (radius: 5)
[00:00:45 -23904.276327] SLOW spr round 2 (radius: 5)
[00:00:52 -23901.656653] SLOW spr round 3 (radius: 10)
[00:00:58 -23901.104003] SLOW spr round 4 (radius: 15)
[00:01:10 -23893.080851] SLOW spr round 5 (radius: 20)
[00:01:22] [worker #2] ML tree search #3, logLikelihood: -23912.008815
[00:01:24] [worker #3] ML tree search #4, logLikelihood: -23898.929001
[00:01:25 -23893.075078] SLOW spr round 6 (radius: 25)
[00:01:39 -23893.074403] Model parameter optimization (eps = 0.100000)

[00:01:40] [worker #0] ML tree search #1, logLikelihood: -23892.982089

[00:01:40 -97382.142728] Initial branch length optimization
[00:01:40 -72823.803608] Model parameter optimization (eps = 10.000000)
[00:01:43 -68043.658078] AUTODETECT spr round 1 (radius: 5)
[00:01:44 -47349.153978] AUTODETECT spr round 2 (radius: 10)
[00:01:46] [worker #1] ML tree search #2, logLikelihood: -23880.254925
[00:01:48 -32096.907663] AUTODETECT spr round 3 (radius: 15)
[00:01:54 -28414.415917] AUTODETECT spr round 4 (radius: 20)
[00:02:02 -26961.195225] AUTODETECT spr round 5 (radius: 25)
[00:02:09 -26953.563771] SPR radius for FAST iterations: 25 (autodetect)
[00:02:09 -26953.563771] Model parameter optimization (eps = 3.000000)
[00:02:10 -26675.552690] FAST spr round 1 (radius: 25)
[00:02:14 -23998.577894] FAST spr round 2 (radius: 25)
[00:02:16 -23900.734730] FAST spr round 3 (radius: 25)
[00:02:19 -23894.687945] Model parameter optimization (eps = 1.000000)
[00:02:19 -23893.472812] SLOW spr round 1 (radius: 5)
[00:02:27 -23890.404470] SLOW spr round 2 (radius: 10)
[00:02:32 -23889.712324] SLOW spr round 3 (radius: 15)
[00:02:43] [worker #2] ML tree search #7, logLikelihood: -23903.108249
[00:02:44 -23889.710024] SLOW spr round 4 (radius: 20)
[00:03:00 -23889.709973] SLOW spr round 5 (radius: 25)
[00:03:18 -23889.709957] Model parameter optimization (eps = 0.100000)

[00:03:18] [worker #0] ML tree search #5, logLikelihood: -23889.696182

[00:03:18 -96780.895523] Initial branch length optimization
[00:03:18 -72798.710741] Model parameter optimization (eps = 10.000000)
[00:03:21 -68018.600333] AUTODETECT spr round 1 (radius: 5)
[00:03:22 -49830.444357] AUTODETECT spr round 2 (radius: 10)
[00:03:26 -32445.977577] AUTODETECT spr round 3 (radius: 15)
[00:03:30] [worker #3] ML tree search #8, logLikelihood: -23877.789350
[00:03:32 -29121.499043] AUTODETECT spr round 4 (radius: 20)
[00:03:40 -27674.942044] AUTODETECT spr round 5 (radius: 25)
[00:03:48 -27673.443651] SPR radius for FAST iterations: 25 (autodetect)
[00:03:48 -27673.443651] Model parameter optimization (eps = 3.000000)
[00:03:50 -27402.900401] FAST spr round 1 (radius: 25)
[00:03:53 -24042.192165] FAST spr round 2 (radius: 25)
[00:03:56 -23921.494617] FAST spr round 3 (radius: 25)
[00:03:57] [worker #2] ML tree search #11, logLikelihood: -23880.520430
[00:03:58 -23915.891218] Model parameter optimization (eps = 1.000000)
[00:03:59 -23914.030952] SLOW spr round 1 (radius: 5)
[00:04:06 -23911.140190] SLOW spr round 2 (radius: 10)
[00:04:11 -23907.949653] SLOW spr round 3 (radius: 15)
[00:04:24 -23888.257042] SLOW spr round 4 (radius: 5)
[00:04:28] [worker #1] ML tree search #6, logLikelihood: -23883.212392
[00:04:35 -23880.939862] SLOW spr round 5 (radius: 10)
[00:04:43 -23878.089223] SLOW spr round 6 (radius: 15)
[00:04:44] [worker #3] ML tree search #12, logLikelihood: -23886.954465
[00:04:54 -23878.089189] SLOW spr round 7 (radius: 20)
[00:05:08 -23878.089171] SLOW spr round 8 (radius: 25)
[00:05:09] [worker #2] ML tree search #15, logLikelihood: -23886.401508
[00:05:22 -23878.089154] Model parameter optimization (eps = 0.100000)

[00:05:22] [worker #0] ML tree search #9, logLikelihood: -23878.038602

[00:05:22 -29515.599060] Initial branch length optimization
[00:05:23 -25562.215282] Model parameter optimization (eps = 10.000000)
[00:05:24 -24265.154727] AUTODETECT spr round 1 (radius: 5)
[00:05:25 -23934.233408] AUTODETECT spr round 2 (radius: 10)
[00:05:29 -23904.542842] AUTODETECT spr round 3 (radius: 15)
[00:05:36 -23904.265062] AUTODETECT spr round 4 (radius: 20)
[00:05:45 -23903.752949] AUTODETECT spr round 5 (radius: 25)
[00:05:52 -23903.658288] SPR radius for FAST iterations: 20 (autodetect)
[00:05:52 -23903.658288] Model parameter optimization (eps = 3.000000)
[00:05:53 -23903.512633] FAST spr round 1 (radius: 20)
[00:05:55 -23888.849084] FAST spr round 2 (radius: 20)
[00:05:57 -23888.832282] Model parameter optimization (eps = 1.000000)
[00:05:57 -23888.796118] SLOW spr round 1 (radius: 5)
[00:06:04] [worker #3] ML tree search #16, logLikelihood: -23886.883437
[00:06:05 -23882.769579] SLOW spr round 2 (radius: 10)
[00:06:10 -23881.415331] SLOW spr round 3 (radius: 15)
[00:06:17] [worker #1] ML tree search #10, logLikelihood: -23869.783219
[00:06:22] [worker #2] ML tree search #19, logLikelihood: -23889.791908
[00:06:22 -23879.638328] SLOW spr round 4 (radius: 20)
[00:06:37 -23879.635329] SLOW spr round 5 (radius: 25)
[00:06:51 -23879.634805] Model parameter optimization (eps = 0.100000)

[00:06:51] [worker #0] ML tree search #13, logLikelihood: -23879.618866

[00:06:51 -29373.020524] Initial branch length optimization
[00:06:51 -25438.654875] Model parameter optimization (eps = 10.000000)
[00:06:52 -24148.584437] AUTODETECT spr round 1 (radius: 5)
[00:06:54 -23994.908717] AUTODETECT spr round 2 (radius: 10)
[00:06:58 -23986.639981] AUTODETECT spr round 3 (radius: 15)
[00:07:05 -23976.332225] AUTODETECT spr round 4 (radius: 20)
[00:07:14 -23976.065850] AUTODETECT spr round 5 (radius: 25)
[00:07:19 -23975.968183] SPR radius for FAST iterations: 20 (autodetect)
[00:07:19 -23975.968183] Model parameter optimization (eps = 3.000000)
[00:07:19 -23975.567655] FAST spr round 1 (radius: 20)
[00:07:22] [worker #3] ML tree search #20, logLikelihood: -23898.367881
[00:07:22 -23929.461951] FAST spr round 2 (radius: 20)
[00:07:24 -23929.175243] Model parameter optimization (eps = 1.000000)
[00:07:24 -23929.143005] SLOW spr round 1 (radius: 5)
[00:07:32 -23918.485632] SLOW spr round 2 (radius: 5)
[00:07:38 -23914.675864] SLOW spr round 3 (radius: 10)
[00:07:44 -23914.673938] SLOW spr round 4 (radius: 15)
[00:07:44] [worker #1] ML tree search #14, logLikelihood: -23893.522742
[00:07:56 -23907.054421] SLOW spr round 5 (radius: 20)
[00:08:10 -23907.052579] SLOW spr round 6 (radius: 25)
[00:08:22 -23907.052364] Model parameter optimization (eps = 0.100000)

[00:08:23] [worker #0] ML tree search #17, logLikelihood: -23906.995975

[00:09:22] [worker #1] ML tree search #18, logLikelihood: -23892.426053

Optimized model parameters:

   Partition 0: noname
   Rate heterogeneity: GAMMA (4 cats, mean),  alpha: 1.134968 (ML),  weights&rates: (0.250000,0.163070) (0.250000,0.513873) (0.250000,1.019202) (0.250000,2.303855) 
   Base frequencies (empirical): 0.295923 0.226221 0.162682 0.315174 
   Substitution rates (ML): 0.810314 6.604581 0.920032 1.345461 3.602865 1.000000 


Final LogLikelihood: -23869.783219

AIC score: 49115.566439 / AICc score: 997179.566439 / BIC score: 52087.016501
Free parameters (model + branch lengths): 688

WARNING: Number of free parameters (K=688) is larger than alignment size (n=555).
         This might lead to overfitting and compromise tree inference results!


WARNING: Best ML tree contains 38 near-zero branches!

Best ML tree with collapsed near-zero branches saved to: /data/jeremias/eucs/roadies/output/genes/gene_191_filtered.fa.aln.raxml.bestTreeCollapsed
Best ML tree saved to: /data/jeremias/eucs/roadies/output/genes/gene_191_filtered.fa.aln.raxml.bestTree
All ML trees saved to: /data/jeremias/eucs/roadies/output/genes/gene_191_filtered.fa.aln.raxml.mlTrees
Optimized model saved to: /data/jeremias/eucs/roadies/output/genes/gene_191_filtered.fa.aln.raxml.bestModel

Execution log saved to: /data/jeremias/eucs/roadies/output/genes/gene_191_filtered.fa.aln.raxml.log

Analysis started: 03-Jul-2024 18:19:34 / finished: 03-Jul-2024 18:28:57

Elapsed time: 562.656 seconds

