
RAxML-NG v. 1.2.2 released on 11.04.2024 by The Exelixis Lab.
Developed by: Alexey M. Kozlov and Alexandros Stamatakis.
Contributors: Diego Darriba, Tomas Flouri, Benoit Morel, Sarah Lutteropp, Ben Bettisworth, Julia Haag, Anastasis Togkousidis.
Latest version: https://github.com/amkozlov/raxml-ng
Questions/problems/suggestions? Please visit: https://groups.google.com/forum/#!forum/raxml

System: AMD EPYC 7742 64-Core Processor, 128 cores, 1007 GB RAM

RAxML-NG was called at 03-Jul-2024 20:26:44 as follows:

raxml-ng --msa /data/jeremias/eucs/roadies/output/genes/gene_6_filtered.fa.aln --model GTR+G+F --redo --threads auto{4} --blopt nr_safe

Analysis options:
  run mode: ML tree search
  start tree(s): random (10) + parsimony (10)
  random seed: 1720002404
  tip-inner: OFF
  pattern compression: ON
  per-rate scalers: OFF
  site repeats: ON
  logLH epsilon: general: 10.000000, brlen-triplet: 1000.000000
  fast spr radius: AUTO
  spr subtree cutoff: 1.000000
  fast CLV updates: ON
  branch lengths: proportional (ML estimate, algorithm: NR-SAFE)
  SIMD kernels: AVX2
  parallelization: coarse-grained (auto), PTHREADS (auto)

WARNING: Running in REDO mode: existing checkpoints are ignored, and all result files will be overwritten!

[00:00:00] Reading alignment from file: /data/jeremias/eucs/roadies/output/genes/gene_6_filtered.fa.aln
[00:00:00] Loaded alignment with 288 taxa and 542 sites

WARNING: Sequences GCA_014182385.1_3 and GCA_017140255.1_2 are exactly identical!
WARNING: Sequences GCA_014182385.1_3 and GCA_017140165.1_6 are exactly identical!
WARNING: Sequences GCA_014182385.1_3 and GCA_014182575.1_1 are exactly identical!
WARNING: Sequences GCA_014182385.1_3 and GCF_016545825.1_6 are exactly identical!
WARNING: Sequences GCA_014182385.1_3 and GCA_014182545.1_4 are exactly identical!
WARNING: Sequences GCA_014182385.1_3 and GCA_014182695.1_2 are exactly identical!
WARNING: Sequences GCA_017140395.1_9 and GCA_017140395.1_8 are exactly identical!
WARNING: Duplicate sequences found: 7

NOTE: Reduced alignment (with duplicates and gap-only sites/taxa removed) 
NOTE: was saved to: /data/jeremias/eucs/roadies/output/genes/gene_6_filtered.fa.aln.raxml.reduced.phy

Alignment comprises 1 partitions and 529 patterns

Partition 0: noname
Model: GTR+FC+G4m
Alignment sites / patterns: 542 / 529
Gaps: 8.10 %
Invariant sites: 8.12 %


NOTE: Binary MSA file created: /data/jeremias/eucs/roadies/output/genes/gene_6_filtered.fa.aln.raxml.rba

Parallelization scheme autoconfig: 4 worker(s) x 1 thread(s)

[00:00:00] Generating 10 random starting tree(s) with 288 taxa
[00:00:00] Generating 10 parsimony starting tree(s) with 288 taxa
Parallel parsimony with 4 threads
Parallel reduction/worker buffer size: 1 KB  / 0 KB

[00:00:00] Data distribution: max. partitions/sites/weight per thread: 1 / 529 / 8464
[00:00:00] Data distribution: max. searches per worker: 5

Starting ML tree search with 20 distinct starting trees

[00:00:00 -50860.671619] Initial branch length optimization
[00:00:00 -44179.659697] Model parameter optimization (eps = 10.000000)
[00:00:01 -41993.805154] AUTODETECT spr round 1 (radius: 5)
[00:00:02 -26571.931016] AUTODETECT spr round 2 (radius: 10)
[00:00:05 -19667.205267] AUTODETECT spr round 3 (radius: 15)
[00:00:08 -18470.518800] AUTODETECT spr round 4 (radius: 20)
[00:00:12 -18372.441279] AUTODETECT spr round 5 (radius: 25)
[00:00:17 -18371.121048] SPR radius for FAST iterations: 25 (autodetect)
[00:00:17 -18371.121048] Model parameter optimization (eps = 3.000000)
[00:00:17 -18231.345800] FAST spr round 1 (radius: 25)
[00:00:20 -17210.381859] FAST spr round 2 (radius: 25)
[00:00:22 -17184.083640] FAST spr round 3 (radius: 25)
[00:00:23 -17181.818176] Model parameter optimization (eps = 1.000000)
[00:00:24 -17181.125172] SLOW spr round 1 (radius: 5)
[00:00:29 -17148.790321] SLOW spr round 2 (radius: 5)
[00:00:33 -17137.411127] SLOW spr round 3 (radius: 5)
[00:00:37 -17130.259931] SLOW spr round 4 (radius: 10)
[00:00:41 -17130.259913] SLOW spr round 5 (radius: 15)
[00:00:46 -17128.899309] SLOW spr round 6 (radius: 20)
[00:00:54 -17128.899290] SLOW spr round 7 (radius: 25)
[00:00:55] [worker #1] ML tree search #2, logLikelihood: -17130.767256
[00:00:59] [worker #3] ML tree search #4, logLikelihood: -17121.234414
[00:01:00] [worker #2] ML tree search #3, logLikelihood: -17130.464330
[00:01:03 -17128.899289] Model parameter optimization (eps = 0.100000)

[00:01:03] [worker #0] ML tree search #1, logLikelihood: -17128.810138

[00:01:03 -51155.258021] Initial branch length optimization
[00:01:03 -44087.463674] Model parameter optimization (eps = 10.000000)
[00:01:05 -41924.193848] AUTODETECT spr round 1 (radius: 5)
[00:01:06 -27642.170791] AUTODETECT spr round 2 (radius: 10)
[00:01:09 -19961.312928] AUTODETECT spr round 3 (radius: 15)
[00:01:12 -18964.450322] AUTODETECT spr round 4 (radius: 20)
[00:01:17 -18947.446125] AUTODETECT spr round 5 (radius: 25)
[00:01:23 -18916.201533] SPR radius for FAST iterations: 25 (autodetect)
[00:01:23 -18916.201533] Model parameter optimization (eps = 3.000000)
[00:01:24 -18741.844173] FAST spr round 1 (radius: 25)
[00:01:26 -17189.932590] FAST spr round 2 (radius: 25)
[00:01:29 -17129.158108] FAST spr round 3 (radius: 25)
[00:01:30 -17127.798269] Model parameter optimization (eps = 1.000000)
[00:01:31 -17126.244389] SLOW spr round 1 (radius: 5)
[00:01:35 -17121.837487] SLOW spr round 2 (radius: 10)
[00:01:38 -17121.835881] SLOW spr round 3 (radius: 15)
[00:01:44 -17121.835789] SLOW spr round 4 (radius: 20)
[00:01:52] [worker #1] ML tree search #6, logLikelihood: -17129.116740
[00:01:53 -17121.835783] SLOW spr round 5 (radius: 25)
[00:01:56] [worker #3] ML tree search #8, logLikelihood: -17126.942788
[00:01:59] [worker #2] ML tree search #7, logLikelihood: -17122.616937
[00:02:02 -17121.835783] Model parameter optimization (eps = 0.100000)

[00:02:02] [worker #0] ML tree search #5, logLikelihood: -17121.816497

[00:02:02 -50959.227503] Initial branch length optimization
[00:02:02 -43872.141425] Model parameter optimization (eps = 10.000000)
[00:02:03 -41723.670251] AUTODETECT spr round 1 (radius: 5)
[00:02:05 -28554.297209] AUTODETECT spr round 2 (radius: 10)
[00:02:07 -20530.959080] AUTODETECT spr round 3 (radius: 15)
[00:02:11 -19275.558646] AUTODETECT spr round 4 (radius: 20)
[00:02:16 -18832.190589] AUTODETECT spr round 5 (radius: 25)
[00:02:20 -18799.907672] SPR radius for FAST iterations: 25 (autodetect)
[00:02:20 -18799.907672] Model parameter optimization (eps = 3.000000)
[00:02:21 -18615.893881] FAST spr round 1 (radius: 25)
[00:02:24 -17372.682026] FAST spr round 2 (radius: 25)
[00:02:26 -17132.759587] FAST spr round 3 (radius: 25)
[00:02:27 -17127.906088] Model parameter optimization (eps = 1.000000)
[00:02:28 -17126.221171] SLOW spr round 1 (radius: 5)
[00:02:32 -17122.026932] SLOW spr round 2 (radius: 10)
[00:02:36 -17122.026830] SLOW spr round 3 (radius: 15)
[00:02:38] [worker #3] ML tree search #12, logLikelihood: -17119.672231
[00:02:40] [worker #2] ML tree search #11, logLikelihood: -17120.324068
[00:02:42 -17121.111109] SLOW spr round 4 (radius: 20)
[00:02:49] [worker #1] ML tree search #10, logLikelihood: -17120.315935
[00:02:49 -17121.051260] SLOW spr round 5 (radius: 25)
[00:02:58 -17120.581437] Model parameter optimization (eps = 0.100000)

[00:02:58] [worker #0] ML tree search #9, logLikelihood: -17120.574465

[00:02:58 -20963.860470] Initial branch length optimization
[00:02:58 -18198.981800] Model parameter optimization (eps = 10.000000)
[00:02:59 -17262.128846] AUTODETECT spr round 1 (radius: 5)
[00:03:00 -17154.042975] AUTODETECT spr round 2 (radius: 10)
[00:03:02 -17140.674908] AUTODETECT spr round 3 (radius: 15)
[00:03:05 -17140.593576] SPR radius for FAST iterations: 10 (autodetect)
[00:03:05 -17140.593576] Model parameter optimization (eps = 3.000000)
[00:03:06 -17140.408489] FAST spr round 1 (radius: 10)
[00:03:08 -17126.593879] FAST spr round 2 (radius: 10)
[00:03:09 -17125.286027] Model parameter optimization (eps = 1.000000)
[00:03:09 -17125.280346] SLOW spr round 1 (radius: 5)
[00:03:14 -17119.519340] SLOW spr round 2 (radius: 10)
[00:03:18 -17119.519164] SLOW spr round 3 (radius: 15)
[00:03:22] [worker #2] ML tree search #15, logLikelihood: -17133.958106
[00:03:23 -17118.044328] SLOW spr round 4 (radius: 20)
[00:03:31] [worker #3] ML tree search #16, logLikelihood: -17125.658616
[00:03:31 -17118.044314] SLOW spr round 5 (radius: 25)
[00:03:34] [worker #1] ML tree search #14, logLikelihood: -17125.650741
[00:03:39 -17118.044313] Model parameter optimization (eps = 0.100000)

[00:03:39] [worker #0] ML tree search #13, logLikelihood: -17118.031142

[00:03:39 -21033.321814] Initial branch length optimization
[00:03:40 -18275.151727] Model parameter optimization (eps = 10.000000)
[00:03:41 -17348.095545] AUTODETECT spr round 1 (radius: 5)
[00:03:42 -17160.132628] AUTODETECT spr round 2 (radius: 10)
[00:03:44 -17145.682856] AUTODETECT spr round 3 (radius: 15)
[00:03:47 -17145.662420] SPR radius for FAST iterations: 10 (autodetect)
[00:03:47 -17145.662420] Model parameter optimization (eps = 3.000000)
[00:03:48 -17145.418537] FAST spr round 1 (radius: 10)
[00:03:50 -17127.916189] FAST spr round 2 (radius: 10)
[00:03:51 -17124.649152] Model parameter optimization (eps = 1.000000)
[00:03:51 -17124.623163] SLOW spr round 1 (radius: 5)
[00:03:56 -17121.794058] SLOW spr round 2 (radius: 10)
[00:04:00 -17121.793912] SLOW spr round 3 (radius: 15)
[00:04:05] [worker #2] ML tree search #19, logLikelihood: -17124.195409
[00:04:06 -17120.311594] SLOW spr round 4 (radius: 20)
[00:04:14 -17120.311585] SLOW spr round 5 (radius: 25)
[00:04:22 -17120.311584] Model parameter optimization (eps = 0.100000)

[00:04:22] [worker #0] ML tree search #17, logLikelihood: -17120.286999

[00:04:23] [worker #3] ML tree search #20, logLikelihood: -17121.000062
[00:04:27] [worker #1] ML tree search #18, logLikelihood: -17124.107372

Optimized model parameters:

   Partition 0: noname
   Rate heterogeneity: GAMMA (4 cats, mean),  alpha: 1.691118 (ML),  weights&rates: (0.250000,0.253394) (0.250000,0.617558) (0.250000,1.059919) (0.250000,2.069128) 
   Base frequencies (empirical): 0.382538 0.207326 0.168171 0.241964 
   Substitution rates (ML): 0.728495 3.502451 0.619912 0.788436 4.458832 1.000000 


Final LogLikelihood: -17118.031142

AIC score: 35400.062284 / AICc score: 714012.062284 / BIC score: 37899.907097
Free parameters (model + branch lengths): 582

WARNING: Number of free parameters (K=582) is larger than alignment size (n=542).
         This might lead to overfitting and compromise tree inference results!


WARNING: Best ML tree contains 80 near-zero branches!

Best ML tree with collapsed near-zero branches saved to: /data/jeremias/eucs/roadies/output/genes/gene_6_filtered.fa.aln.raxml.bestTreeCollapsed
Best ML tree saved to: /data/jeremias/eucs/roadies/output/genes/gene_6_filtered.fa.aln.raxml.bestTree
All ML trees saved to: /data/jeremias/eucs/roadies/output/genes/gene_6_filtered.fa.aln.raxml.mlTrees
Optimized model saved to: /data/jeremias/eucs/roadies/output/genes/gene_6_filtered.fa.aln.raxml.bestModel

Execution log saved to: /data/jeremias/eucs/roadies/output/genes/gene_6_filtered.fa.aln.raxml.log

Analysis started: 03-Jul-2024 20:26:44 / finished: 03-Jul-2024 20:31:11

Elapsed time: 267.603 seconds

