
RAxML-NG v. 1.2.2 released on 11.04.2024 by The Exelixis Lab.
Developed by: Alexey M. Kozlov and Alexandros Stamatakis.
Contributors: Diego Darriba, Tomas Flouri, Benoit Morel, Sarah Lutteropp, Ben Bettisworth, Julia Haag, Anastasis Togkousidis.
Latest version: https://github.com/amkozlov/raxml-ng
Questions/problems/suggestions? Please visit: https://groups.google.com/forum/#!forum/raxml

System: AMD EPYC 7742 64-Core Processor, 128 cores, 1007 GB RAM

RAxML-NG was called at 03-Jul-2024 18:36:12 as follows:

raxml-ng --msa /data/jeremias/eucs/roadies/output/genes/gene_114_filtered.fa.aln --model GTR+G+F --redo --threads auto{4} --blopt nr_safe

Analysis options:
  run mode: ML tree search
  start tree(s): random (10) + parsimony (10)
  random seed: 1719995772
  tip-inner: OFF
  pattern compression: ON
  per-rate scalers: OFF
  site repeats: ON
  logLH epsilon: general: 10.000000, brlen-triplet: 1000.000000
  fast spr radius: AUTO
  spr subtree cutoff: 1.000000
  fast CLV updates: ON
  branch lengths: proportional (ML estimate, algorithm: NR-SAFE)
  SIMD kernels: AVX2
  parallelization: coarse-grained (auto), PTHREADS (auto)

WARNING: Running in REDO mode: existing checkpoints are ignored, and all result files will be overwritten!

[00:00:00] Reading alignment from file: /data/jeremias/eucs/roadies/output/genes/gene_114_filtered.fa.aln
[00:00:00] Loaded alignment with 37 taxa and 501 sites

Alignment comprises 1 partitions and 100 patterns

Partition 0: noname
Model: GTR+FC+G4m
Alignment sites / patterns: 501 / 100
Gaps: 0.78 %
Invariant sites: 81.64 %


NOTE: Binary MSA file created: /data/jeremias/eucs/roadies/output/genes/gene_114_filtered.fa.aln.raxml.rba

Parallelization scheme autoconfig: 4 worker(s) x 1 thread(s)

[00:00:00] Generating 10 random starting tree(s) with 37 taxa
[00:00:00] Generating 10 parsimony starting tree(s) with 37 taxa
Parallel parsimony with 4 threads
Parallel reduction/worker buffer size: 1 KB  / 0 KB

[00:00:00] Data distribution: max. partitions/sites/weight per thread: 1 / 100 / 1600
[00:00:00] Data distribution: max. searches per worker: 5

Starting ML tree search with 20 distinct starting trees

[00:00:00 -2992.167041] Initial branch length optimization
[00:00:00 -2149.651662] Model parameter optimization (eps = 10.000000)
[00:00:00 -1908.131413] AUTODETECT spr round 1 (radius: 5)
[00:00:00 -1665.533956] AUTODETECT spr round 2 (radius: 10)
[00:00:00 -1648.859120] AUTODETECT spr round 3 (radius: 15)
[00:00:00 -1618.961915] AUTODETECT spr round 4 (radius: 20)
[00:00:00 -1616.872613] AUTODETECT spr round 5 (radius: 25)
[00:00:00 -1615.354287] SPR radius for FAST iterations: 25 (autodetect)
[00:00:00 -1615.354287] Model parameter optimization (eps = 3.000000)
[00:00:00 -1606.901784] FAST spr round 1 (radius: 25)
[00:00:00 -1544.937613] FAST spr round 2 (radius: 25)
[00:00:00 -1542.600688] Model parameter optimization (eps = 1.000000)
[00:00:00 -1540.736833] SLOW spr round 1 (radius: 5)
[00:00:00 -1540.500095] SLOW spr round 2 (radius: 10)
[00:00:00 -1540.500068] SLOW spr round 3 (radius: 15)
[00:00:00] [worker #1] ML tree search #2, logLikelihood: -1540.495261
[00:00:00] [worker #2] ML tree search #3, logLikelihood: -1540.495266
[00:00:00 -1540.500068] SLOW spr round 4 (radius: 20)
[00:00:00 -1540.500068] SLOW spr round 5 (radius: 25)
[00:00:00 -1540.500068] Model parameter optimization (eps = 0.100000)
[00:00:00] [worker #3] ML tree search #4, logLikelihood: -1540.495321

[00:00:00] [worker #0] ML tree search #1, logLikelihood: -1540.495306

[00:00:00 -2950.950478] Initial branch length optimization
[00:00:00 -2117.593902] Model parameter optimization (eps = 10.000000)
[00:00:00 -1891.502647] AUTODETECT spr round 1 (radius: 5)
[00:00:00 -1733.272801] AUTODETECT spr round 2 (radius: 10)
[00:00:00 -1639.957643] AUTODETECT spr round 3 (radius: 15)
[00:00:00 -1639.909849] SPR radius for FAST iterations: 10 (autodetect)
[00:00:00 -1639.909849] Model parameter optimization (eps = 3.000000)
[00:00:00 -1636.923112] FAST spr round 1 (radius: 10)
[00:00:00 -1553.157680] FAST spr round 2 (radius: 10)
[00:00:00 -1542.731293] FAST spr round 3 (radius: 10)
[00:00:01 -1542.731250] Model parameter optimization (eps = 1.000000)
[00:00:01 -1540.495840] SLOW spr round 1 (radius: 5)
[00:00:01 -1540.495498] SLOW spr round 2 (radius: 10)
[00:00:01] [worker #1] ML tree search #6, logLikelihood: -1540.495264
[00:00:01] [worker #2] ML tree search #7, logLikelihood: -1540.495264
[00:00:01 -1540.495498] SLOW spr round 3 (radius: 15)
[00:00:01] [worker #3] ML tree search #8, logLikelihood: -1540.495257
[00:00:01 -1540.495498] SLOW spr round 4 (radius: 20)
[00:00:01 -1540.495498] SLOW spr round 5 (radius: 25)
[00:00:01 -1540.495498] Model parameter optimization (eps = 0.100000)

[00:00:01] [worker #0] ML tree search #5, logLikelihood: -1540.495273

[00:00:01 -2930.976694] Initial branch length optimization
[00:00:01 -2097.627831] Model parameter optimization (eps = 10.000000)
[00:00:01 -1885.331687] AUTODETECT spr round 1 (radius: 5)
[00:00:01 -1630.696461] AUTODETECT spr round 2 (radius: 10)
[00:00:01 -1572.347001] AUTODETECT spr round 3 (radius: 15)
[00:00:01 -1568.034283] AUTODETECT spr round 4 (radius: 20)
[00:00:01 -1567.994253] SPR radius for FAST iterations: 15 (autodetect)
[00:00:01 -1567.994253] Model parameter optimization (eps = 3.000000)
[00:00:01 -1566.126544] FAST spr round 1 (radius: 15)
[00:00:01 -1549.950014] FAST spr round 2 (radius: 15)
[00:00:01] [worker #3] ML tree search #12, logLikelihood: -1540.495323
[00:00:01] [worker #2] ML tree search #11, logLikelihood: -1540.495343
[00:00:01 -1541.192173] Model parameter optimization (eps = 1.000000)
[00:00:01 -1540.499383] SLOW spr round 1 (radius: 5)
[00:00:01] [worker #1] ML tree search #10, logLikelihood: -1540.495265
[00:00:01 -1540.497477] SLOW spr round 2 (radius: 10)
[00:00:01 -1540.497477] SLOW spr round 3 (radius: 15)
[00:00:02 -1540.497477] SLOW spr round 4 (radius: 20)
[00:00:02 -1540.497477] SLOW spr round 5 (radius: 25)
[00:00:02 -1540.497477] Model parameter optimization (eps = 0.100000)

[00:00:02] [worker #0] ML tree search #9, logLikelihood: -1540.495275

[00:00:02 -2483.767559] Initial branch length optimization
[00:00:02 -1620.052935] Model parameter optimization (eps = 10.000000)
[00:00:02 -1556.928926] AUTODETECT spr round 1 (radius: 5)
[00:00:02] [worker #2] ML tree search #15, logLikelihood: -1540.495278
[00:00:02 -1543.131773] AUTODETECT spr round 2 (radius: 10)
[00:00:02 -1542.919096] AUTODETECT spr round 3 (radius: 15)
[00:00:02] [worker #3] ML tree search #16, logLikelihood: -1540.495262
[00:00:02 -1542.919020] SPR radius for FAST iterations: 10 (autodetect)
[00:00:02 -1542.919020] Model parameter optimization (eps = 3.000000)
[00:00:02 -1542.649327] FAST spr round 1 (radius: 10)
[00:00:02 -1540.500418] Model parameter optimization (eps = 1.000000)
[00:00:02] [worker #1] ML tree search #14, logLikelihood: -1540.495367
[00:00:02 -1540.495394] SLOW spr round 1 (radius: 5)
[00:00:02 -1540.495268] SLOW spr round 2 (radius: 10)
[00:00:02 -1540.495268] SLOW spr round 3 (radius: 15)
[00:00:02 -1540.495268] SLOW spr round 4 (radius: 20)
[00:00:02 -1540.495268] SLOW spr round 5 (radius: 25)
[00:00:02 -1540.495268] Model parameter optimization (eps = 0.100000)

[00:00:02] [worker #0] ML tree search #13, logLikelihood: -1540.495267

[00:00:02 -2483.187371] Initial branch length optimization
[00:00:02 -1616.342011] Model parameter optimization (eps = 10.000000)
[00:00:02 -1553.392020] AUTODETECT spr round 1 (radius: 5)
[00:00:02 -1542.438611] AUTODETECT spr round 2 (radius: 10)
[00:00:02] [worker #2] ML tree search #19, logLikelihood: -1540.495290
[00:00:02 -1540.846209] AUTODETECT spr round 3 (radius: 15)
[00:00:03 -1540.846190] SPR radius for FAST iterations: 10 (autodetect)
[00:00:03 -1540.846190] Model parameter optimization (eps = 3.000000)
[00:00:03 -1540.495689] FAST spr round 1 (radius: 10)
[00:00:03 -1540.495493] Model parameter optimization (eps = 1.000000)
[00:00:03 -1540.495408] SLOW spr round 1 (radius: 5)
[00:00:03] [worker #1] ML tree search #18, logLikelihood: -1540.495255
[00:00:03] [worker #3] ML tree search #20, logLikelihood: -1540.495304
[00:00:03 -1540.495376] SLOW spr round 2 (radius: 10)
[00:00:03 -1540.495376] SLOW spr round 3 (radius: 15)
[00:00:03 -1540.495376] SLOW spr round 4 (radius: 20)
[00:00:03 -1540.495376] SLOW spr round 5 (radius: 25)
[00:00:03 -1540.495376] Model parameter optimization (eps = 0.100000)

[00:00:03] [worker #0] ML tree search #17, logLikelihood: -1540.495375


Optimized model parameters:

   Partition 0: noname
   Rate heterogeneity: GAMMA (4 cats, mean),  alpha: 0.206611 (ML),  weights&rates: (0.250000,0.000663) (0.250000,0.037675) (0.250000,0.400691) (0.250000,3.560972) 
   Base frequencies (empirical): 0.323673 0.218519 0.185189 0.272619 
   Substitution rates (ML): 1.689445 16.736601 2.002562 5.299557 13.661140 1.000000 


Final LogLikelihood: -1540.495255

AIC score: 3240.990510 / AICc score: 3271.847653 / BIC score: 3578.318998
Free parameters (model + branch lengths): 80

WARNING: Best ML tree contains 13 near-zero branches!

Best ML tree with collapsed near-zero branches saved to: /data/jeremias/eucs/roadies/output/genes/gene_114_filtered.fa.aln.raxml.bestTreeCollapsed
Best ML tree saved to: /data/jeremias/eucs/roadies/output/genes/gene_114_filtered.fa.aln.raxml.bestTree
All ML trees saved to: /data/jeremias/eucs/roadies/output/genes/gene_114_filtered.fa.aln.raxml.mlTrees
Optimized model saved to: /data/jeremias/eucs/roadies/output/genes/gene_114_filtered.fa.aln.raxml.bestModel

Execution log saved to: /data/jeremias/eucs/roadies/output/genes/gene_114_filtered.fa.aln.raxml.log

Analysis started: 03-Jul-2024 18:36:12 / finished: 03-Jul-2024 18:36:16

Elapsed time: 3.378 seconds

