
RAxML-NG v. 1.2.2 released on 11.04.2024 by The Exelixis Lab.
Developed by: Alexey M. Kozlov and Alexandros Stamatakis.
Contributors: Diego Darriba, Tomas Flouri, Benoit Morel, Sarah Lutteropp, Ben Bettisworth, Julia Haag, Anastasis Togkousidis.
Latest version: https://github.com/amkozlov/raxml-ng
Questions/problems/suggestions? Please visit: https://groups.google.com/forum/#!forum/raxml

System: AMD EPYC 7742 64-Core Processor, 128 cores, 1007 GB RAM

RAxML-NG was called at 03-Jul-2024 19:04:52 as follows:

raxml-ng --msa /data/jeremias/eucs/roadies/output/genes/gene_208_filtered.fa.aln --model GTR+G+F --redo --threads auto{4} --blopt nr_safe

Analysis options:
  run mode: ML tree search
  start tree(s): random (10) + parsimony (10)
  random seed: 1719997492
  tip-inner: OFF
  pattern compression: ON
  per-rate scalers: OFF
  site repeats: ON
  logLH epsilon: general: 10.000000, brlen-triplet: 1000.000000
  fast spr radius: AUTO
  spr subtree cutoff: 1.000000
  fast CLV updates: ON
  branch lengths: proportional (ML estimate, algorithm: NR-SAFE)
  SIMD kernels: AVX2
  parallelization: coarse-grained (auto), PTHREADS (auto)

WARNING: Running in REDO mode: existing checkpoints are ignored, and all result files will be overwritten!

[00:00:00] Reading alignment from file: /data/jeremias/eucs/roadies/output/genes/gene_208_filtered.fa.aln
[00:00:00] Loaded alignment with 343 taxa and 680 sites

WARNING: Sequences GCA_014182405.1_6 and GCA_016097485.1_7 are exactly identical!
WARNING: Sequences GCA_016097615.1_5 and GCA_017140185.1_3 are exactly identical!
WARNING: Sequences GCA_016097615.1_6 and GCA_016097615.1_7 are exactly identical!
WARNING: Sequences GCA_014182885.2_0 and GCA_017140475.1_0 are exactly identical!
WARNING: Duplicate sequences found: 4

NOTE: Reduced alignment (with duplicates and gap-only sites/taxa removed) 
NOTE: was saved to: /data/jeremias/eucs/roadies/output/genes/gene_208_filtered.fa.aln.raxml.reduced.phy

Alignment comprises 1 partitions and 601 patterns

Partition 0: noname
Model: GTR+FC+G4m
Alignment sites / patterns: 680 / 601
Gaps: 27.47 %
Invariant sites: 16.03 %


NOTE: Binary MSA file created: /data/jeremias/eucs/roadies/output/genes/gene_208_filtered.fa.aln.raxml.rba

Parallelization scheme autoconfig: 4 worker(s) x 1 thread(s)

[00:00:00] Generating 10 random starting tree(s) with 343 taxa
[00:00:00] Generating 10 parsimony starting tree(s) with 343 taxa
Parallel parsimony with 4 threads
Parallel reduction/worker buffer size: 1 KB  / 0 KB

[00:00:00] Data distribution: max. partitions/sites/weight per thread: 1 / 601 / 9616
[00:00:00] Data distribution: max. searches per worker: 5

Starting ML tree search with 20 distinct starting trees

[00:00:00 -117119.753449] Initial branch length optimization
[00:00:00 -103263.878788] Model parameter optimization (eps = 10.000000)
[00:00:02 -95876.108001] AUTODETECT spr round 1 (radius: 5)
[00:00:05 -61563.445649] AUTODETECT spr round 2 (radius: 10)
[00:00:09 -37712.545324] AUTODETECT spr round 3 (radius: 15)
[00:00:15 -33477.866201] AUTODETECT spr round 4 (radius: 20)
[00:00:23 -33471.021119] AUTODETECT spr round 5 (radius: 25)
[00:00:33 -33466.681785] SPR radius for FAST iterations: 25 (autodetect)
[00:00:33 -33466.681785] Model parameter optimization (eps = 3.000000)
[00:00:34 -33200.251525] FAST spr round 1 (radius: 25)
[00:00:37 -29594.448403] FAST spr round 2 (radius: 25)
[00:00:40 -29499.466490] FAST spr round 3 (radius: 25)
[00:00:42 -29495.387126] Model parameter optimization (eps = 1.000000)
[00:00:42 -29488.119188] SLOW spr round 1 (radius: 5)
[00:00:49 -29483.479776] SLOW spr round 2 (radius: 10)
[00:00:54 -29482.510164] SLOW spr round 3 (radius: 15)
[00:01:07 -29482.459338] SLOW spr round 4 (radius: 20)
[00:01:26 -29482.458917] SLOW spr round 5 (radius: 25)
[00:01:38] [worker #2] ML tree search #3, logLikelihood: -29474.050391
[00:01:42 -29482.458914] Model parameter optimization (eps = 0.100000)

[00:01:42] [worker #0] ML tree search #1, logLikelihood: -29482.453534

[00:01:42 -117807.817751] Initial branch length optimization
[00:01:42 -104287.263102] Model parameter optimization (eps = 10.000000)
[00:01:45 -96923.788153] AUTODETECT spr round 1 (radius: 5)
[00:01:45] [worker #1] ML tree search #2, logLikelihood: -29473.153322
[00:01:47 -63888.030962] AUTODETECT spr round 2 (radius: 10)
[00:01:51 -39659.198207] AUTODETECT spr round 3 (radius: 15)
[00:01:51] [worker #3] ML tree search #4, logLikelihood: -29483.170395
[00:02:00 -33661.062219] AUTODETECT spr round 4 (radius: 20)
[00:02:12 -33057.941912] AUTODETECT spr round 5 (radius: 25)
[00:02:23 -32930.780425] SPR radius for FAST iterations: 25 (autodetect)
[00:02:23 -32930.780425] Model parameter optimization (eps = 3.000000)
[00:02:24 -32678.209306] FAST spr round 1 (radius: 25)
[00:02:28 -29730.373923] FAST spr round 2 (radius: 25)
[00:02:31 -29518.766276] FAST spr round 3 (radius: 25)
[00:02:33 -29492.578470] FAST spr round 4 (radius: 25)
[00:02:35 -29487.735289] Model parameter optimization (eps = 1.000000)
[00:02:36 -29482.956564] SLOW spr round 1 (radius: 5)
[00:02:43 -29475.247560] SLOW spr round 2 (radius: 10)
[00:02:48 -29475.243628] SLOW spr round 3 (radius: 15)
[00:03:03 -29475.243624] SLOW spr round 4 (radius: 20)
[00:03:24 -29475.243624] SLOW spr round 5 (radius: 25)
[00:03:24] [worker #2] ML tree search #7, logLikelihood: -29470.484763
[00:03:31] [worker #1] ML tree search #6, logLikelihood: -29475.722511
[00:03:38 -29475.243624] Model parameter optimization (eps = 0.100000)

[00:03:38] [worker #0] ML tree search #5, logLikelihood: -29475.234758

[00:03:38 -117803.998899] Initial branch length optimization
[00:03:39 -103336.169262] Model parameter optimization (eps = 10.000000)
[00:03:41 -95966.143181] AUTODETECT spr round 1 (radius: 5)
[00:03:42] [worker #3] ML tree search #8, logLikelihood: -29476.921302
[00:03:43 -60603.356039] AUTODETECT spr round 2 (radius: 10)
[00:03:48 -37533.419809] AUTODETECT spr round 3 (radius: 15)
[00:03:54 -33738.843574] AUTODETECT spr round 4 (radius: 20)
[00:04:03 -33637.168201] AUTODETECT spr round 5 (radius: 25)
[00:04:10 -33630.095178] SPR radius for FAST iterations: 25 (autodetect)
[00:04:10 -33630.095178] Model parameter optimization (eps = 3.000000)
[00:04:11 -33345.336422] FAST spr round 1 (radius: 25)
[00:04:15 -30046.453777] FAST spr round 2 (radius: 25)
[00:04:17 -29507.805723] FAST spr round 3 (radius: 25)
[00:04:19 -29494.929777] FAST spr round 4 (radius: 25)
[00:04:21 -29494.922310] Model parameter optimization (eps = 1.000000)
[00:04:21 -29490.803988] SLOW spr round 1 (radius: 5)
[00:04:28 -29482.015122] SLOW spr round 2 (radius: 10)
[00:04:33 -29475.639945] SLOW spr round 3 (radius: 15)
[00:04:43] [worker #2] ML tree search #11, logLikelihood: -29485.489856
[00:04:46 -29475.638897] SLOW spr round 4 (radius: 20)
[00:05:04 -29475.638869] SLOW spr round 5 (radius: 25)
[00:05:06] [worker #3] ML tree search #12, logLikelihood: -29469.196819
[00:05:17] [worker #1] ML tree search #10, logLikelihood: -29473.684040
[00:05:20 -29475.638863] Model parameter optimization (eps = 0.100000)

[00:05:20] [worker #0] ML tree search #9, logLikelihood: -29475.594143

[00:05:20 -37021.327393] Initial branch length optimization
[00:05:21 -31665.465225] Model parameter optimization (eps = 10.000000)
[00:05:22 -29680.813473] AUTODETECT spr round 1 (radius: 5)
[00:05:23 -29520.238110] AUTODETECT spr round 2 (radius: 10)
[00:05:28 -29514.482233] AUTODETECT spr round 3 (radius: 15)
[00:05:37 -29514.395590] SPR radius for FAST iterations: 10 (autodetect)
[00:05:37 -29514.395590] Model parameter optimization (eps = 3.000000)
[00:05:37 -29514.186758] FAST spr round 1 (radius: 10)
[00:05:39 -29489.296559] FAST spr round 2 (radius: 10)
[00:05:41 -29485.193479] Model parameter optimization (eps = 1.000000)
[00:05:41 -29485.175132] SLOW spr round 1 (radius: 5)
[00:05:47 -29483.705880] SLOW spr round 2 (radius: 10)
[00:05:53 -29483.371311] SLOW spr round 3 (radius: 15)
[00:06:03] [worker #2] ML tree search #15, logLikelihood: -29481.037062
[00:06:06 -29483.371283] SLOW spr round 4 (radius: 20)
[00:06:25 -29483.371283] SLOW spr round 5 (radius: 25)
[00:06:29] [worker #3] ML tree search #16, logLikelihood: -29475.894519
[00:06:39] [worker #1] ML tree search #14, logLikelihood: -29481.703584
[00:06:40 -29483.371283] Model parameter optimization (eps = 0.100000)

[00:06:40] [worker #0] ML tree search #13, logLikelihood: -29483.368067

[00:06:40 -37101.819403] Initial branch length optimization
[00:06:41 -31702.744707] Model parameter optimization (eps = 10.000000)
[00:06:42 -29726.329634] AUTODETECT spr round 1 (radius: 5)
[00:06:44 -29518.185182] AUTODETECT spr round 2 (radius: 10)
[00:06:49 -29515.261120] AUTODETECT spr round 3 (radius: 15)
[00:06:59 -29515.083630] AUTODETECT spr round 4 (radius: 20)
[00:07:11 -29515.051363] SPR radius for FAST iterations: 15 (autodetect)
[00:07:11 -29515.051363] Model parameter optimization (eps = 3.000000)
[00:07:11 -29514.763079] FAST spr round 1 (radius: 15)
[00:07:13 -29489.741194] FAST spr round 2 (radius: 15)
[00:07:15 -29489.741032] Model parameter optimization (eps = 1.000000)
[00:07:15 -29489.732841] SLOW spr round 1 (radius: 5)
[00:07:22 -29483.485350] SLOW spr round 2 (radius: 10)
[00:07:23] [worker #2] ML tree search #19, logLikelihood: -29473.961822
[00:07:26 -29483.484830] SLOW spr round 3 (radius: 15)
[00:07:40 -29483.484809] SLOW spr round 4 (radius: 20)
[00:07:46] [worker #3] ML tree search #20, logLikelihood: -29482.974249
[00:07:58 -29483.484808] SLOW spr round 5 (radius: 25)
[00:08:06] [worker #1] ML tree search #18, logLikelihood: -29473.501087
[00:08:14 -29483.484808] Model parameter optimization (eps = 0.100000)

[00:08:14] [worker #0] ML tree search #17, logLikelihood: -29483.481737


Optimized model parameters:

   Partition 0: noname
   Rate heterogeneity: GAMMA (4 cats, mean),  alpha: 3.097943 (ML),  weights&rates: (0.250000,0.396700) (0.250000,0.736811) (0.250000,1.082959) (0.250000,1.783531) 
   Base frequencies (empirical): 0.351438 0.160423 0.175320 0.312819 
   Substitution rates (ML): 0.995738 4.683263 0.932356 0.884188 5.664034 1.000000 


Final LogLikelihood: -29469.196819

AIC score: 60322.393638 / AICc score: 1019434.393638 / BIC score: 63451.681854
Free parameters (model + branch lengths): 692

WARNING: Number of free parameters (K=692) is larger than alignment size (n=680).
         This might lead to overfitting and compromise tree inference results!


WARNING: Best ML tree contains 55 near-zero branches!

Best ML tree with collapsed near-zero branches saved to: /data/jeremias/eucs/roadies/output/genes/gene_208_filtered.fa.aln.raxml.bestTreeCollapsed
Best ML tree saved to: /data/jeremias/eucs/roadies/output/genes/gene_208_filtered.fa.aln.raxml.bestTree
All ML trees saved to: /data/jeremias/eucs/roadies/output/genes/gene_208_filtered.fa.aln.raxml.mlTrees
Optimized model saved to: /data/jeremias/eucs/roadies/output/genes/gene_208_filtered.fa.aln.raxml.bestModel

Execution log saved to: /data/jeremias/eucs/roadies/output/genes/gene_208_filtered.fa.aln.raxml.log

Analysis started: 03-Jul-2024 19:04:52 / finished: 03-Jul-2024 19:13:07

Elapsed time: 494.373 seconds

