
RAxML-NG v. 1.2.2 released on 11.04.2024 by The Exelixis Lab.
Developed by: Alexey M. Kozlov and Alexandros Stamatakis.
Contributors: Diego Darriba, Tomas Flouri, Benoit Morel, Sarah Lutteropp, Ben Bettisworth, Julia Haag, Anastasis Togkousidis.
Latest version: https://github.com/amkozlov/raxml-ng
Questions/problems/suggestions? Please visit: https://groups.google.com/forum/#!forum/raxml

System: AMD EPYC 7742 64-Core Processor, 128 cores, 1007 GB RAM

RAxML-NG was called at 03-Jul-2024 18:24:02 as follows:

raxml-ng --msa /data/jeremias/eucs/roadies/output/genes/gene_26_filtered.fa.aln --model GTR+G+F --redo --threads auto{4} --blopt nr_safe

Analysis options:
  run mode: ML tree search
  start tree(s): random (10) + parsimony (10)
  random seed: 1719995042
  tip-inner: OFF
  pattern compression: ON
  per-rate scalers: OFF
  site repeats: ON
  logLH epsilon: general: 10.000000, brlen-triplet: 1000.000000
  fast spr radius: AUTO
  spr subtree cutoff: 1.000000
  fast CLV updates: ON
  branch lengths: proportional (ML estimate, algorithm: NR-SAFE)
  SIMD kernels: AVX2
  parallelization: coarse-grained (auto), PTHREADS (auto)

WARNING: Running in REDO mode: existing checkpoints are ignored, and all result files will be overwritten!

[00:00:00] Reading alignment from file: /data/jeremias/eucs/roadies/output/genes/gene_26_filtered.fa.aln
[00:00:00] Loaded alignment with 32 taxa and 577 sites

Alignment comprises 1 partitions and 246 patterns

Partition 0: noname
Model: GTR+FC+G4m
Alignment sites / patterns: 577 / 246
Gaps: 14.04 %
Invariant sites: 56.15 %


NOTE: Binary MSA file created: /data/jeremias/eucs/roadies/output/genes/gene_26_filtered.fa.aln.raxml.rba

Parallelization scheme autoconfig: 4 worker(s) x 1 thread(s)

[00:00:00] Generating 10 random starting tree(s) with 32 taxa
[00:00:00] Generating 10 parsimony starting tree(s) with 32 taxa
Parallel parsimony with 4 threads
Parallel reduction/worker buffer size: 1 KB  / 0 KB

[00:00:00] Data distribution: max. partitions/sites/weight per thread: 1 / 246 / 3936
[00:00:00] Data distribution: max. searches per worker: 5

Starting ML tree search with 20 distinct starting trees

[00:00:00 -4574.176101] Initial branch length optimization
[00:00:00 -3752.080050] Model parameter optimization (eps = 10.000000)
[00:00:00 -3562.731361] AUTODETECT spr round 1 (radius: 5)
[00:00:00 -2779.493160] AUTODETECT spr round 2 (radius: 10)
[00:00:00 -2777.877928] AUTODETECT spr round 3 (radius: 15)
[00:00:00 -2777.683722] AUTODETECT spr round 4 (radius: 20)
[00:00:00 -2777.666299] SPR radius for FAST iterations: 15 (autodetect)
[00:00:00 -2777.666299] Model parameter optimization (eps = 3.000000)
[00:00:00 -2720.919775] FAST spr round 1 (radius: 15)
[00:00:00 -2613.339088] FAST spr round 2 (radius: 15)
[00:00:00 -2613.047480] Model parameter optimization (eps = 1.000000)
[00:00:00 -2609.862152] SLOW spr round 1 (radius: 5)
[00:00:00 -2609.860649] SLOW spr round 2 (radius: 10)
[00:00:00 -2609.860647] SLOW spr round 3 (radius: 15)
[00:00:00] [worker #3] ML tree search #4, logLikelihood: -2609.859686
[00:00:00 -2609.860647] SLOW spr round 4 (radius: 20)
[00:00:00 -2609.860647] SLOW spr round 5 (radius: 25)
[00:00:00 -2609.860647] Model parameter optimization (eps = 0.100000)

[00:00:00] [worker #0] ML tree search #1, logLikelihood: -2609.859708

[00:00:00 -4534.675046] Initial branch length optimization
[00:00:00 -3739.916188] Model parameter optimization (eps = 10.000000)
[00:00:00] [worker #1] ML tree search #2, logLikelihood: -2609.859980
[00:00:00 -3567.478354] AUTODETECT spr round 1 (radius: 5)
[00:00:00 -2684.242422] AUTODETECT spr round 2 (radius: 10)
[00:00:00] [worker #2] ML tree search #3, logLikelihood: -2609.859671
[00:00:00 -2683.974754] AUTODETECT spr round 3 (radius: 15)
[00:00:00 -2683.955943] SPR radius for FAST iterations: 10 (autodetect)
[00:00:00 -2683.955943] Model parameter optimization (eps = 3.000000)
[00:00:01 -2626.373825] FAST spr round 1 (radius: 10)
[00:00:01 -2610.185835] FAST spr round 2 (radius: 10)
[00:00:01 -2609.917164] Model parameter optimization (eps = 1.000000)
[00:00:01 -2609.860646] SLOW spr round 1 (radius: 5)
[00:00:01 -2609.860258] SLOW spr round 2 (radius: 10)
[00:00:01 -2609.860257] SLOW spr round 3 (radius: 15)
[00:00:01] [worker #3] ML tree search #8, logLikelihood: -2609.859687
[00:00:01 -2609.860257] SLOW spr round 4 (radius: 20)
[00:00:01 -2609.860257] SLOW spr round 5 (radius: 25)
[00:00:01 -2609.860257] Model parameter optimization (eps = 0.100000)

[00:00:01] [worker #0] ML tree search #5, logLikelihood: -2609.859666

[00:00:01 -4514.693385] Initial branch length optimization
[00:00:01 -3702.480056] Model parameter optimization (eps = 10.000000)
[00:00:01] [worker #1] ML tree search #6, logLikelihood: -2609.859748
[00:00:01 -3540.986280] AUTODETECT spr round 1 (radius: 5)
[00:00:01 -2790.846320] AUTODETECT spr round 2 (radius: 10)
[00:00:01 -2697.573092] AUTODETECT spr round 3 (radius: 15)
[00:00:01 -2696.926059] AUTODETECT spr round 4 (radius: 20)
[00:00:01 -2696.877355] SPR radius for FAST iterations: 15 (autodetect)
[00:00:01 -2696.877355] Model parameter optimization (eps = 3.000000)
[00:00:01 -2647.394874] FAST spr round 1 (radius: 15)
[00:00:01 -2612.765352] FAST spr round 2 (radius: 15)
[00:00:01 -2610.318706] Model parameter optimization (eps = 1.000000)
[00:00:01] [worker #2] ML tree search #7, logLikelihood: -2609.859717
[00:00:01 -2609.866965] SLOW spr round 1 (radius: 5)
[00:00:02] [worker #3] ML tree search #12, logLikelihood: -2609.859647
[00:00:02 -2609.865107] SLOW spr round 2 (radius: 10)
[00:00:02 -2609.865105] SLOW spr round 3 (radius: 15)
[00:00:02 -2609.865105] SLOW spr round 4 (radius: 20)
[00:00:02 -2609.865105] SLOW spr round 5 (radius: 25)
[00:00:02 -2609.865105] Model parameter optimization (eps = 0.100000)

[00:00:02] [worker #0] ML tree search #9, logLikelihood: -2609.859719

[00:00:02 -3545.255159] Initial branch length optimization
[00:00:02 -2681.890982] Model parameter optimization (eps = 10.000000)
[00:00:02 -2609.862115] AUTODETECT spr round 1 (radius: 5)
[00:00:02] [worker #1] ML tree search #10, logLikelihood: -2609.859774
[00:00:02 -2609.860736] SPR radius for FAST iterations: 5 (autodetect)
[00:00:02 -2609.860736] Model parameter optimization (eps = 3.000000)
[00:00:02 -2609.859769] FAST spr round 1 (radius: 5)
[00:00:02 -2609.859759] Model parameter optimization (eps = 1.000000)
[00:00:02 -2609.859735] SLOW spr round 1 (radius: 5)
[00:00:02 -2609.859661] SLOW spr round 2 (radius: 10)
[00:00:02] [worker #2] ML tree search #11, logLikelihood: -2609.859648
[00:00:02] [worker #3] ML tree search #16, logLikelihood: -2609.859647
[00:00:02 -2609.859661] SLOW spr round 3 (radius: 15)
[00:00:02 -2609.859661] SLOW spr round 4 (radius: 20)
[00:00:02 -2609.859661] SLOW spr round 5 (radius: 25)
[00:00:02 -2609.859661] Model parameter optimization (eps = 0.100000)

[00:00:02] [worker #0] ML tree search #13, logLikelihood: -2609.859656

[00:00:02 -3549.416901] Initial branch length optimization
[00:00:02 -2686.913903] Model parameter optimization (eps = 10.000000)
[00:00:02 -2614.376265] AUTODETECT spr round 1 (radius: 5)
[00:00:02] [worker #1] ML tree search #14, logLikelihood: -2609.859646
[00:00:02 -2609.883603] AUTODETECT spr round 2 (radius: 10)
[00:00:02 -2609.883078] SPR radius for FAST iterations: 5 (autodetect)
[00:00:02 -2609.883078] Model parameter optimization (eps = 3.000000)
[00:00:02 -2609.859872] FAST spr round 1 (radius: 5)
[00:00:02 -2609.859843] Model parameter optimization (eps = 1.000000)
[00:00:02 -2609.859777] SLOW spr round 1 (radius: 5)
[00:00:03 -2609.859647] SLOW spr round 2 (radius: 10)
[00:00:03] [worker #3] ML tree search #20, logLikelihood: -2609.859647
[00:00:03 -2609.859647] SLOW spr round 3 (radius: 15)
[00:00:03] [worker #2] ML tree search #15, logLikelihood: -2609.859658
[00:00:03 -2609.859647] SLOW spr round 4 (radius: 20)
[00:00:03 -2609.859647] SLOW spr round 5 (radius: 25)
[00:00:03 -2609.859647] Model parameter optimization (eps = 0.100000)

[00:00:03] [worker #0] ML tree search #17, logLikelihood: -2609.859646

[00:00:03] [worker #1] ML tree search #18, logLikelihood: -2609.859653
[00:00:03] [worker #2] ML tree search #19, logLikelihood: -2609.859647

Optimized model parameters:

   Partition 0: noname
   Rate heterogeneity: GAMMA (4 cats, mean),  alpha: 2.047672 (ML),  weights&rates: (0.250000,0.298900) (0.250000,0.659989) (0.250000,1.071138) (0.250000,1.969973) 
   Base frequencies (empirical): 0.323022 0.214214 0.221459 0.241305 
   Substitution rates (ML): 0.946706 3.539745 0.824867 0.957309 3.501186 1.000000 


Final LogLikelihood: -2609.859646

AIC score: 5359.719293 / AICc score: 5379.363562 / BIC score: 5664.768252
Free parameters (model + branch lengths): 70

WARNING: Best ML tree contains 5 near-zero branches!

Best ML tree with collapsed near-zero branches saved to: /data/jeremias/eucs/roadies/output/genes/gene_26_filtered.fa.aln.raxml.bestTreeCollapsed
Best ML tree saved to: /data/jeremias/eucs/roadies/output/genes/gene_26_filtered.fa.aln.raxml.bestTree
All ML trees saved to: /data/jeremias/eucs/roadies/output/genes/gene_26_filtered.fa.aln.raxml.mlTrees
Optimized model saved to: /data/jeremias/eucs/roadies/output/genes/gene_26_filtered.fa.aln.raxml.bestModel

Execution log saved to: /data/jeremias/eucs/roadies/output/genes/gene_26_filtered.fa.aln.raxml.log

Analysis started: 03-Jul-2024 18:24:02 / finished: 03-Jul-2024 18:24:06

Elapsed time: 3.784 seconds

