
RAxML-NG v. 1.2.2 released on 11.04.2024 by The Exelixis Lab.
Developed by: Alexey M. Kozlov and Alexandros Stamatakis.
Contributors: Diego Darriba, Tomas Flouri, Benoit Morel, Sarah Lutteropp, Ben Bettisworth, Julia Haag, Anastasis Togkousidis.
Latest version: https://github.com/amkozlov/raxml-ng
Questions/problems/suggestions? Please visit: https://groups.google.com/forum/#!forum/raxml

System: AMD EPYC 7742 64-Core Processor, 128 cores, 1007 GB RAM

RAxML-NG was called at 03-Jul-2024 18:14:53 as follows:

raxml-ng --msa /data/jeremias/eucs/roadies/output/genes/gene_188_filtered.fa.aln --model GTR+G+F --redo --threads auto{4} --blopt nr_safe

Analysis options:
  run mode: ML tree search
  start tree(s): random (10) + parsimony (10)
  random seed: 1719994493
  tip-inner: OFF
  pattern compression: ON
  per-rate scalers: OFF
  site repeats: ON
  logLH epsilon: general: 10.000000, brlen-triplet: 1000.000000
  fast spr radius: AUTO
  spr subtree cutoff: 1.000000
  fast CLV updates: ON
  branch lengths: proportional (ML estimate, algorithm: NR-SAFE)
  SIMD kernels: AVX2
  parallelization: coarse-grained (auto), PTHREADS (auto)

WARNING: Running in REDO mode: existing checkpoints are ignored, and all result files will be overwritten!

[00:00:00] Reading alignment from file: /data/jeremias/eucs/roadies/output/genes/gene_188_filtered.fa.aln
[00:00:00] Loaded alignment with 101 taxa and 568 sites

Alignment comprises 1 partitions and 459 patterns

Partition 0: noname
Model: GTR+FC+G4m
Alignment sites / patterns: 568 / 459
Gaps: 13.66 %
Invariant sites: 27.11 %


NOTE: Binary MSA file created: /data/jeremias/eucs/roadies/output/genes/gene_188_filtered.fa.aln.raxml.rba

Parallelization scheme autoconfig: 4 worker(s) x 1 thread(s)

[00:00:00] Generating 10 random starting tree(s) with 101 taxa
[00:00:00] Generating 10 parsimony starting tree(s) with 101 taxa
Parallel parsimony with 4 threads
Parallel reduction/worker buffer size: 1 KB  / 0 KB

[00:00:00] Data distribution: max. partitions/sites/weight per thread: 1 / 459 / 7344
[00:00:00] Data distribution: max. searches per worker: 5

Starting ML tree search with 20 distinct starting trees

[00:00:00 -19893.224950] Initial branch length optimization
[00:00:00 -15717.054080] Model parameter optimization (eps = 10.000000)
[00:00:00 -14824.668597] AUTODETECT spr round 1 (radius: 5)
[00:00:00 -10080.871653] AUTODETECT spr round 2 (radius: 10)
[00:00:01 -7321.739248] AUTODETECT spr round 3 (radius: 15)
[00:00:02 -7232.444144] AUTODETECT spr round 4 (radius: 20)
[00:00:02 -7226.132476] AUTODETECT spr round 5 (radius: 25)
[00:00:03 -7218.161752] SPR radius for FAST iterations: 25 (autodetect)
[00:00:03 -7218.161752] Model parameter optimization (eps = 3.000000)
[00:00:03 -7039.507554] FAST spr round 1 (radius: 25)
[00:00:04 -6636.139448] FAST spr round 2 (radius: 25)
[00:00:04 -6592.698016] FAST spr round 3 (radius: 25)
[00:00:05 -6591.764674] Model parameter optimization (eps = 1.000000)
[00:00:05 -6588.751400] SLOW spr round 1 (radius: 5)
[00:00:06 -6588.750624] SLOW spr round 2 (radius: 10)
[00:00:07 -6588.750624] SLOW spr round 3 (radius: 15)
[00:00:10] [worker #3] ML tree search #4, logLikelihood: -6600.213509
[00:00:10 -6588.750624] SLOW spr round 4 (radius: 20)
[00:00:11 -6588.750624] SLOW spr round 5 (radius: 25)
[00:00:11] [worker #2] ML tree search #3, logLikelihood: -6588.286748
[00:00:11 -6588.750624] Model parameter optimization (eps = 0.100000)

[00:00:11] [worker #0] ML tree search #1, logLikelihood: -6588.750623

[00:00:11 -20472.861271] Initial branch length optimization
[00:00:12 -15495.219058] Model parameter optimization (eps = 10.000000)
[00:00:12] [worker #1] ML tree search #2, logLikelihood: -6593.612849
[00:00:12 -14637.194525] AUTODETECT spr round 1 (radius: 5)
[00:00:12 -9600.513306] AUTODETECT spr round 2 (radius: 10)
[00:00:13 -7525.656496] AUTODETECT spr round 3 (radius: 15)
[00:00:14 -7454.720344] AUTODETECT spr round 4 (radius: 20)
[00:00:14 -7431.340175] AUTODETECT spr round 5 (radius: 25)
[00:00:15 -7424.906136] SPR radius for FAST iterations: 25 (autodetect)
[00:00:15 -7424.906136] Model parameter optimization (eps = 3.000000)
[00:00:15 -7252.319697] FAST spr round 1 (radius: 25)
[00:00:16 -6613.303299] FAST spr round 2 (radius: 25)
[00:00:16 -6593.850286] FAST spr round 3 (radius: 25)
[00:00:17 -6593.850264] Model parameter optimization (eps = 1.000000)
[00:00:17 -6588.893285] SLOW spr round 1 (radius: 5)
[00:00:18 -6588.751249] SLOW spr round 2 (radius: 10)
[00:00:19 -6588.751249] SLOW spr round 3 (radius: 15)
[00:00:20] [worker #3] ML tree search #8, logLikelihood: -6588.286798
[00:00:22 -6588.751249] SLOW spr round 4 (radius: 20)
[00:00:23] [worker #2] ML tree search #7, logLikelihood: -6588.750713
[00:00:23 -6588.751249] SLOW spr round 5 (radius: 25)
[00:00:24 -6588.751249] Model parameter optimization (eps = 0.100000)

[00:00:24] [worker #0] ML tree search #5, logLikelihood: -6588.750630

[00:00:24 -20850.669787] Initial branch length optimization
[00:00:24] [worker #1] ML tree search #6, logLikelihood: -6596.725918
[00:00:24 -16045.076328] Model parameter optimization (eps = 10.000000)
[00:00:24 -15002.544408] AUTODETECT spr round 1 (radius: 5)
[00:00:25 -9586.338229] AUTODETECT spr round 2 (radius: 10)
[00:00:26 -7357.234051] AUTODETECT spr round 3 (radius: 15)
[00:00:27 -7170.914315] AUTODETECT spr round 4 (radius: 20)
[00:00:27] [worker #3] ML tree search #12, logLikelihood: -6594.604005
[00:00:27 -7163.828495] AUTODETECT spr round 5 (radius: 25)
[00:00:27 -7158.363674] SPR radius for FAST iterations: 25 (autodetect)
[00:00:27 -7158.363674] Model parameter optimization (eps = 3.000000)
[00:00:27 -6966.447883] FAST spr round 1 (radius: 25)
[00:00:28 -6647.012997] FAST spr round 2 (radius: 25)
[00:00:29 -6593.565962] FAST spr round 3 (radius: 25)
[00:00:29 -6593.555123] Model parameter optimization (eps = 1.000000)
[00:00:29 -6590.282324] SLOW spr round 1 (radius: 5)
[00:00:31 -6589.145805] SLOW spr round 2 (radius: 10)
[00:00:32 -6589.145804] SLOW spr round 3 (radius: 15)
[00:00:33] [worker #2] ML tree search #11, logLikelihood: -6588.750849
[00:00:34] [worker #3] ML tree search #16, logLikelihood: -6604.707083
[00:00:34 -6589.145804] SLOW spr round 4 (radius: 20)
[00:00:36 -6589.145804] SLOW spr round 5 (radius: 25)
[00:00:37 -6589.145804] Model parameter optimization (eps = 0.100000)

[00:00:37] [worker #0] ML tree search #9, logLikelihood: -6589.144638

[00:00:37 -8352.309669] Initial branch length optimization
[00:00:37 -6898.404319] Model parameter optimization (eps = 10.000000)
[00:00:37 -6624.134372] AUTODETECT spr round 1 (radius: 5)
[00:00:37] [worker #1] ML tree search #10, logLikelihood: -6597.196011
[00:00:37 -6604.186640] AUTODETECT spr round 2 (radius: 10)
[00:00:38 -6603.964696] AUTODETECT spr round 3 (radius: 15)
[00:00:39 -6603.939928] SPR radius for FAST iterations: 10 (autodetect)
[00:00:39 -6603.939928] Model parameter optimization (eps = 3.000000)
[00:00:39 -6603.908450] FAST spr round 1 (radius: 10)
[00:00:39 -6599.210326] Model parameter optimization (eps = 1.000000)
[00:00:39 -6599.206366] SLOW spr round 1 (radius: 5)
[00:00:41 -6596.965684] SLOW spr round 2 (radius: 10)
[00:00:41] [worker #2] ML tree search #15, logLikelihood: -6591.663169
[00:00:42 -6596.965680] SLOW spr round 3 (radius: 15)
[00:00:42] [worker #3] ML tree search #20, logLikelihood: -6593.305173
[00:00:44 -6596.965680] SLOW spr round 4 (radius: 20)
[00:00:46 -6596.965680] SLOW spr round 5 (radius: 25)
[00:00:46] [worker #1] ML tree search #14, logLikelihood: -6589.610212
[00:00:46 -6596.965680] Model parameter optimization (eps = 0.100000)

[00:00:46] [worker #0] ML tree search #13, logLikelihood: -6596.944301

[00:00:46 -8365.453091] Initial branch length optimization
[00:00:47 -6903.119319] Model parameter optimization (eps = 10.000000)
[00:00:47 -6637.955564] AUTODETECT spr round 1 (radius: 5)
[00:00:47 -6607.542393] AUTODETECT spr round 2 (radius: 10)
[00:00:48 -6599.056689] AUTODETECT spr round 3 (radius: 15)
[00:00:49 -6599.022918] SPR radius for FAST iterations: 10 (autodetect)
[00:00:49 -6599.022918] Model parameter optimization (eps = 3.000000)
[00:00:49 -6598.817780] FAST spr round 1 (radius: 10)
[00:00:49 -6598.812043] Model parameter optimization (eps = 1.000000)
[00:00:49 -6598.812009] SLOW spr round 1 (radius: 5)
[00:00:50] [worker #2] ML tree search #19, logLikelihood: -6593.107195
[00:00:51 -6593.322240] SLOW spr round 2 (radius: 10)
[00:00:52 -6593.322230] SLOW spr round 3 (radius: 15)
[00:00:54 -6593.322230] SLOW spr round 4 (radius: 20)
[00:00:55] [worker #1] ML tree search #18, logLikelihood: -6588.286886
[00:00:56 -6593.322230] SLOW spr round 5 (radius: 25)
[00:00:56 -6593.322230] Model parameter optimization (eps = 0.100000)

[00:00:56] [worker #0] ML tree search #17, logLikelihood: -6593.305335


Optimized model parameters:

   Partition 0: noname
   Rate heterogeneity: GAMMA (4 cats, mean),  alpha: 2.785864 (ML),  weights&rates: (0.250000,0.371986) (0.250000,0.718938) (0.250000,1.081233) (0.250000,1.827844) 
   Base frequencies (empirical): 0.236443 0.195538 0.188472 0.379548 
   Substitution rates (ML): 1.131081 5.816238 1.091402 1.367180 3.689488 1.000000 


Final LogLikelihood: -6588.286748

AIC score: 13592.573497 / AICc score: 13834.757341 / BIC score: 14495.734752
Free parameters (model + branch lengths): 208

WARNING: Best ML tree contains 19 near-zero branches!

Best ML tree with collapsed near-zero branches saved to: /data/jeremias/eucs/roadies/output/genes/gene_188_filtered.fa.aln.raxml.bestTreeCollapsed
Best ML tree saved to: /data/jeremias/eucs/roadies/output/genes/gene_188_filtered.fa.aln.raxml.bestTree
All ML trees saved to: /data/jeremias/eucs/roadies/output/genes/gene_188_filtered.fa.aln.raxml.mlTrees
Optimized model saved to: /data/jeremias/eucs/roadies/output/genes/gene_188_filtered.fa.aln.raxml.bestModel

Execution log saved to: /data/jeremias/eucs/roadies/output/genes/gene_188_filtered.fa.aln.raxml.log

Analysis started: 03-Jul-2024 18:14:53 / finished: 03-Jul-2024 18:15:50

Elapsed time: 56.862 seconds

