
RAxML-NG v. 1.2.2 released on 11.04.2024 by The Exelixis Lab.
Developed by: Alexey M. Kozlov and Alexandros Stamatakis.
Contributors: Diego Darriba, Tomas Flouri, Benoit Morel, Sarah Lutteropp, Ben Bettisworth, Julia Haag, Anastasis Togkousidis.
Latest version: https://github.com/amkozlov/raxml-ng
Questions/problems/suggestions? Please visit: https://groups.google.com/forum/#!forum/raxml

System: AMD EPYC 7742 64-Core Processor, 128 cores, 1007 GB RAM

RAxML-NG was called at 03-Jul-2024 20:56:37 as follows:

raxml-ng --msa /data/jeremias/eucs/roadies/output/genes/gene_110_filtered.fa.aln --model GTR+G+F --redo --threads auto{4} --blopt nr_safe

Analysis options:
  run mode: ML tree search
  start tree(s): random (10) + parsimony (10)
  random seed: 1720004197
  tip-inner: OFF
  pattern compression: ON
  per-rate scalers: OFF
  site repeats: ON
  logLH epsilon: general: 10.000000, brlen-triplet: 1000.000000
  fast spr radius: AUTO
  spr subtree cutoff: 1.000000
  fast CLV updates: ON
  branch lengths: proportional (ML estimate, algorithm: NR-SAFE)
  SIMD kernels: AVX2
  parallelization: coarse-grained (auto), PTHREADS (auto)

WARNING: Running in REDO mode: existing checkpoints are ignored, and all result files will be overwritten!

[00:00:00] Reading alignment from file: /data/jeremias/eucs/roadies/output/genes/gene_110_filtered.fa.aln
[00:00:00] Loaded alignment with 140 taxa and 551 sites

WARNING: Sequences GCA_014182405.1_1 and GCA_016097485.1_1 are exactly identical!
WARNING: Sequences GCA_014182585.1_1 and GCA_017140255.1_1 are exactly identical!
WARNING: Sequences GCA_014182585.1_1 and GCA_014182695.1_1 are exactly identical!
WARNING: Sequences GCA_016097615.1_3 and GCA_016097485.1_2 are exactly identical!
WARNING: Sequences GCA_014182715.1_1 and GCA_014182855.1_1 are exactly identical!
WARNING: Sequences GCA_017140395.1_4 and GCA_014182695.1_4 are exactly identical!
WARNING: Duplicate sequences found: 6

NOTE: Reduced alignment (with duplicates and gap-only sites/taxa removed) 
NOTE: was saved to: /data/jeremias/eucs/roadies/output/genes/gene_110_filtered.fa.aln.raxml.reduced.phy

Alignment comprises 1 partitions and 433 patterns

Partition 0: noname
Model: GTR+FC+G4m
Alignment sites / patterns: 551 / 433
Gaps: 11.64 %
Invariant sites: 28.68 %


NOTE: Binary MSA file created: /data/jeremias/eucs/roadies/output/genes/gene_110_filtered.fa.aln.raxml.rba

Parallelization scheme autoconfig: 4 worker(s) x 1 thread(s)

[00:00:00] Generating 10 random starting tree(s) with 140 taxa
[00:00:00] Generating 10 parsimony starting tree(s) with 140 taxa
Parallel parsimony with 4 threads
Parallel reduction/worker buffer size: 1 KB  / 0 KB

[00:00:00] Data distribution: max. partitions/sites/weight per thread: 1 / 433 / 6928
[00:00:00] Data distribution: max. searches per worker: 5

Starting ML tree search with 20 distinct starting trees

[00:00:00 -33458.033740] Initial branch length optimization
[00:00:00 -26353.451345] Model parameter optimization (eps = 10.000000)
[00:00:01 -23655.604744] AUTODETECT spr round 1 (radius: 5)
[00:00:02 -12588.375854] AUTODETECT spr round 2 (radius: 10)
[00:00:02 -7649.261039] AUTODETECT spr round 3 (radius: 15)
[00:00:04 -7039.587706] AUTODETECT spr round 4 (radius: 20)
[00:00:05 -7036.759310] AUTODETECT spr round 5 (radius: 25)
[00:00:05 -7034.986468] SPR radius for FAST iterations: 25 (autodetect)
[00:00:05 -7034.986468] Model parameter optimization (eps = 3.000000)
[00:00:06 -6727.206568] FAST spr round 1 (radius: 25)
[00:00:07 -6154.088175] FAST spr round 2 (radius: 25)
[00:00:07 -6132.461756] FAST spr round 3 (radius: 25)
[00:00:08 -6132.460651] Model parameter optimization (eps = 1.000000)
[00:00:08 -6127.712027] SLOW spr round 1 (radius: 5)
[00:00:09 -6125.969100] SLOW spr round 2 (radius: 10)
[00:00:11 -6125.969094] SLOW spr round 3 (radius: 15)
[00:00:13 -6125.969094] SLOW spr round 4 (radius: 20)
[00:00:15 -6125.969094] SLOW spr round 5 (radius: 25)
[00:00:16] [worker #2] ML tree search #3, logLikelihood: -6126.885903
[00:00:16] [worker #1] ML tree search #2, logLikelihood: -6130.865732
[00:00:16 -6125.969094] Model parameter optimization (eps = 0.100000)
[00:00:16] [worker #3] ML tree search #4, logLikelihood: -6124.704868

[00:00:16] [worker #0] ML tree search #1, logLikelihood: -6125.962187

[00:00:16 -33699.311377] Initial branch length optimization
[00:00:16 -26078.118878] Model parameter optimization (eps = 10.000000)
[00:00:17 -23592.653325] AUTODETECT spr round 1 (radius: 5)
[00:00:18 -12346.579809] AUTODETECT spr round 2 (radius: 10)
[00:00:19 -7518.732636] AUTODETECT spr round 3 (radius: 15)
[00:00:19 -6984.699977] AUTODETECT spr round 4 (radius: 20)
[00:00:20 -6917.779300] AUTODETECT spr round 5 (radius: 25)
[00:00:21 -6913.477493] SPR radius for FAST iterations: 25 (autodetect)
[00:00:21 -6913.477493] Model parameter optimization (eps = 3.000000)
[00:00:21 -6729.446415] FAST spr round 1 (radius: 25)
[00:00:22 -6178.387341] FAST spr round 2 (radius: 25)
[00:00:23 -6151.546091] FAST spr round 3 (radius: 25)
[00:00:23 -6134.490814] FAST spr round 4 (radius: 25)
[00:00:23 -6134.490764] Model parameter optimization (eps = 1.000000)
[00:00:24 -6129.937353] SLOW spr round 1 (radius: 5)
[00:00:25 -6128.282482] SLOW spr round 2 (radius: 10)
[00:00:26 -6128.282430] SLOW spr round 3 (radius: 15)
[00:00:29 -6128.282430] SLOW spr round 4 (radius: 20)
[00:00:31 -6128.282430] SLOW spr round 5 (radius: 25)
[00:00:31] [worker #2] ML tree search #7, logLikelihood: -6126.637210
[00:00:32 -6128.282430] Model parameter optimization (eps = 0.100000)
[00:00:32] [worker #3] ML tree search #8, logLikelihood: -6129.127087
[00:00:32] [worker #1] ML tree search #6, logLikelihood: -6129.889919

[00:00:32] [worker #0] ML tree search #5, logLikelihood: -6128.256393

[00:00:32 -34145.897761] Initial branch length optimization
[00:00:32 -25962.180896] Model parameter optimization (eps = 10.000000)
[00:00:34 -23350.138761] AUTODETECT spr round 1 (radius: 5)
[00:00:34 -10902.697100] AUTODETECT spr round 2 (radius: 10)
[00:00:35 -7982.796652] AUTODETECT spr round 3 (radius: 15)
[00:00:36 -7102.986746] AUTODETECT spr round 4 (radius: 20)
[00:00:37 -6946.402269] AUTODETECT spr round 5 (radius: 25)
[00:00:37 -6938.332174] SPR radius for FAST iterations: 25 (autodetect)
[00:00:37 -6938.332174] Model parameter optimization (eps = 3.000000)
[00:00:38 -6661.953456] FAST spr round 1 (radius: 25)
[00:00:38 -6186.293597] FAST spr round 2 (radius: 25)
[00:00:39 -6151.868528] FAST spr round 3 (radius: 25)
[00:00:40 -6136.192094] FAST spr round 4 (radius: 25)
[00:00:40 -6136.191555] Model parameter optimization (eps = 1.000000)
[00:00:40 -6130.852676] SLOW spr round 1 (radius: 5)
[00:00:42 -6129.122698] SLOW spr round 2 (radius: 10)
[00:00:43] [worker #2] ML tree search #11, logLikelihood: -6125.795399
[00:00:43 -6129.122697] SLOW spr round 3 (radius: 15)
[00:00:43] [worker #3] ML tree search #12, logLikelihood: -6125.807174
[00:00:45 -6129.122697] SLOW spr round 4 (radius: 20)
[00:00:47 -6129.122697] SLOW spr round 5 (radius: 25)
[00:00:48 -6129.122697] Model parameter optimization (eps = 0.100000)

[00:00:48] [worker #0] ML tree search #9, logLikelihood: -6129.115967

[00:00:48 -8268.018967] Initial branch length optimization
[00:00:49 -6369.017179] Model parameter optimization (eps = 10.000000)
[00:00:49] [worker #1] ML tree search #10, logLikelihood: -6128.718715
[00:00:49 -6156.047130] AUTODETECT spr round 1 (radius: 5)
[00:00:49 -6140.120094] AUTODETECT spr round 2 (radius: 10)
[00:00:50 -6133.830408] AUTODETECT spr round 3 (radius: 15)
[00:00:51 -6133.819700] SPR radius for FAST iterations: 10 (autodetect)
[00:00:51 -6133.819700] Model parameter optimization (eps = 3.000000)
[00:00:51 -6133.592040] FAST spr round 1 (radius: 10)
[00:00:51 -6133.550041] Model parameter optimization (eps = 1.000000)
[00:00:51 -6133.539568] SLOW spr round 1 (radius: 5)
[00:00:53 -6130.402747] SLOW spr round 2 (radius: 10)
[00:00:54 -6130.402742] SLOW spr round 3 (radius: 15)
[00:00:55] [worker #3] ML tree search #16, logLikelihood: -6123.633847
[00:00:56] [worker #2] ML tree search #15, logLikelihood: -6131.357047
[00:00:57 -6130.402742] SLOW spr round 4 (radius: 20)
[00:00:58 -6130.402742] SLOW spr round 5 (radius: 25)
[00:01:00 -6130.402742] Model parameter optimization (eps = 0.100000)

[00:01:00] [worker #0] ML tree search #13, logLikelihood: -6130.366341

[00:01:00 -8307.754304] Initial branch length optimization
[00:01:00 -6403.526720] Model parameter optimization (eps = 10.000000)
[00:01:00 -6190.982310] AUTODETECT spr round 1 (radius: 5)
[00:01:00] [worker #1] ML tree search #14, logLikelihood: -6128.552303
[00:01:01 -6129.716516] AUTODETECT spr round 2 (radius: 10)
[00:01:01 -6129.621763] SPR radius for FAST iterations: 5 (autodetect)
[00:01:01 -6129.621763] Model parameter optimization (eps = 3.000000)
[00:01:02 -6129.415718] FAST spr round 1 (radius: 5)
[00:01:02 -6125.414749] Model parameter optimization (eps = 1.000000)
[00:01:02 -6125.369318] SLOW spr round 1 (radius: 5)
[00:01:03 -6124.368303] SLOW spr round 2 (radius: 10)
[00:01:05 -6124.368296] SLOW spr round 3 (radius: 15)
[00:01:07 -6124.368296] SLOW spr round 4 (radius: 20)
[00:01:07] [worker #3] ML tree search #20, logLikelihood: -6127.020529
[00:01:08] [worker #2] ML tree search #19, logLikelihood: -6126.670363
[00:01:09 -6124.368296] SLOW spr round 5 (radius: 25)
[00:01:10 -6124.368296] Model parameter optimization (eps = 0.100000)

[00:01:10] [worker #0] ML tree search #17, logLikelihood: -6124.363221

[00:01:12] [worker #1] ML tree search #18, logLikelihood: -6125.931843

Optimized model parameters:

   Partition 0: noname
   Rate heterogeneity: GAMMA (4 cats, mean),  alpha: 1.785271 (ML),  weights&rates: (0.250000,0.266222) (0.250000,0.630048) (0.250000,1.063555) (0.250000,2.040176) 
   Base frequencies (empirical): 0.341256 0.208436 0.211312 0.238996 
   Substitution rates (ML): 0.805354 3.704204 0.830540 1.049941 3.589363 1.000000 


Final LogLikelihood: -6123.633847

AIC score: 12819.267694 / AICc score: 13441.101027 / BIC score: 14052.423849
Free parameters (model + branch lengths): 286

WARNING: Best ML tree contains 50 near-zero branches!

Best ML tree with collapsed near-zero branches saved to: /data/jeremias/eucs/roadies/output/genes/gene_110_filtered.fa.aln.raxml.bestTreeCollapsed
Best ML tree saved to: /data/jeremias/eucs/roadies/output/genes/gene_110_filtered.fa.aln.raxml.bestTree
All ML trees saved to: /data/jeremias/eucs/roadies/output/genes/gene_110_filtered.fa.aln.raxml.mlTrees
Optimized model saved to: /data/jeremias/eucs/roadies/output/genes/gene_110_filtered.fa.aln.raxml.bestModel

Execution log saved to: /data/jeremias/eucs/roadies/output/genes/gene_110_filtered.fa.aln.raxml.log

Analysis started: 03-Jul-2024 20:56:37 / finished: 03-Jul-2024 20:57:50

Elapsed time: 72.781 seconds

