
RAxML-NG v. 1.2.2 released on 11.04.2024 by The Exelixis Lab.
Developed by: Alexey M. Kozlov and Alexandros Stamatakis.
Contributors: Diego Darriba, Tomas Flouri, Benoit Morel, Sarah Lutteropp, Ben Bettisworth, Julia Haag, Anastasis Togkousidis.
Latest version: https://github.com/amkozlov/raxml-ng
Questions/problems/suggestions? Please visit: https://groups.google.com/forum/#!forum/raxml

System: AMD EPYC 7742 64-Core Processor, 128 cores, 1007 GB RAM

RAxML-NG was called at 03-Jul-2024 19:39:02 as follows:

raxml-ng --msa /data/jeremias/eucs/roadies/output/genes/gene_199_filtered.fa.aln --model GTR+G+F --redo --threads auto{4} --blopt nr_safe

Analysis options:
  run mode: ML tree search
  start tree(s): random (10) + parsimony (10)
  random seed: 1719999542
  tip-inner: OFF
  pattern compression: ON
  per-rate scalers: OFF
  site repeats: ON
  logLH epsilon: general: 10.000000, brlen-triplet: 1000.000000
  fast spr radius: AUTO
  spr subtree cutoff: 1.000000
  fast CLV updates: ON
  branch lengths: proportional (ML estimate, algorithm: NR-SAFE)
  SIMD kernels: AVX2
  parallelization: coarse-grained (auto), PTHREADS (auto)

WARNING: Running in REDO mode: existing checkpoints are ignored, and all result files will be overwritten!

[00:00:00] Reading alignment from file: /data/jeremias/eucs/roadies/output/genes/gene_199_filtered.fa.aln
[00:00:00] Loaded alignment with 147 taxa and 580 sites

Alignment comprises 1 partitions and 506 patterns

Partition 0: noname
Model: GTR+FC+G4m
Alignment sites / patterns: 580 / 506
Gaps: 14.15 %
Invariant sites: 17.24 %


NOTE: Binary MSA file created: /data/jeremias/eucs/roadies/output/genes/gene_199_filtered.fa.aln.raxml.rba

Parallelization scheme autoconfig: 4 worker(s) x 1 thread(s)

[00:00:00] Generating 10 random starting tree(s) with 147 taxa
[00:00:00] Generating 10 parsimony starting tree(s) with 147 taxa
Parallel parsimony with 4 threads
Parallel reduction/worker buffer size: 1 KB  / 0 KB

[00:00:00] Data distribution: max. partitions/sites/weight per thread: 1 / 506 / 8096
[00:00:00] Data distribution: max. searches per worker: 5

Starting ML tree search with 20 distinct starting trees

[00:00:00 -56066.896915] Initial branch length optimization
[00:00:00 -42444.146755] Model parameter optimization (eps = 10.000000)
[00:00:01 -39087.861558] AUTODETECT spr round 1 (radius: 5)
[00:00:01 -23839.104969] AUTODETECT spr round 2 (radius: 10)
[00:00:03 -18395.148859] AUTODETECT spr round 3 (radius: 15)
[00:00:04 -17410.794797] AUTODETECT spr round 4 (radius: 20)
[00:00:06 -17408.610929] AUTODETECT spr round 5 (radius: 25)
[00:00:07 -17408.065961] SPR radius for FAST iterations: 25 (autodetect)
[00:00:07 -17408.065961] Model parameter optimization (eps = 3.000000)
[00:00:07 -17195.831418] FAST spr round 1 (radius: 25)
[00:00:09 -16040.718837] FAST spr round 2 (radius: 25)
[00:00:10 -15812.298287] FAST spr round 3 (radius: 25)
[00:00:10 -15805.712939] Model parameter optimization (eps = 1.000000)
[00:00:11 -15804.059085] SLOW spr round 1 (radius: 5)
[00:00:13 -15801.291407] SLOW spr round 2 (radius: 10)
[00:00:15 -15801.290959] SLOW spr round 3 (radius: 15)
[00:00:18 -15801.290750] SLOW spr round 4 (radius: 20)
[00:00:20 -15801.290609] SLOW spr round 5 (radius: 25)
[00:00:21] [worker #2] ML tree search #3, logLikelihood: -15801.214779
[00:00:21] [worker #3] ML tree search #4, logLikelihood: -15801.522239
[00:00:21 -15801.290510] Model parameter optimization (eps = 0.100000)

[00:00:21] [worker #0] ML tree search #1, logLikelihood: -15801.264017

[00:00:21 -57146.695732] Initial branch length optimization
[00:00:21] [worker #1] ML tree search #2, logLikelihood: -15800.703163
[00:00:21 -43605.699885] Model parameter optimization (eps = 10.000000)
[00:00:22 -40125.281609] AUTODETECT spr round 1 (radius: 5)
[00:00:23 -26516.094096] AUTODETECT spr round 2 (radius: 10)
[00:00:24 -17949.662335] AUTODETECT spr round 3 (radius: 15)
[00:00:26 -17614.536593] AUTODETECT spr round 4 (radius: 20)
[00:00:27 -17613.128533] AUTODETECT spr round 5 (radius: 25)
[00:00:28 -17612.685795] SPR radius for FAST iterations: 25 (autodetect)
[00:00:28 -17612.685795] Model parameter optimization (eps = 3.000000)
[00:00:28 -17411.273314] FAST spr round 1 (radius: 25)
[00:00:30 -15880.708171] FAST spr round 2 (radius: 25)
[00:00:31 -15804.823803] FAST spr round 3 (radius: 25)
[00:00:31 -15803.935260] Model parameter optimization (eps = 1.000000)
[00:00:32 -15802.702285] SLOW spr round 1 (radius: 5)
[00:00:34 -15800.439071] SLOW spr round 2 (radius: 10)
[00:00:36 -15800.437481] SLOW spr round 3 (radius: 15)
[00:00:39 -15800.437299] SLOW spr round 4 (radius: 20)
[00:00:41 -15800.437206] SLOW spr round 5 (radius: 25)
[00:00:41] [worker #2] ML tree search #7, logLikelihood: -15800.943066
[00:00:42 -15800.437134] Model parameter optimization (eps = 0.100000)

[00:00:42] [worker #0] ML tree search #5, logLikelihood: -15800.402901

[00:00:42 -54227.520762] Initial branch length optimization
[00:00:43 -41142.639624] Model parameter optimization (eps = 10.000000)
[00:00:43] [worker #1] ML tree search #6, logLikelihood: -15800.803783
[00:00:43 -37978.768865] AUTODETECT spr round 1 (radius: 5)
[00:00:44 -23827.059690] AUTODETECT spr round 2 (radius: 10)
[00:00:44] [worker #3] ML tree search #8, logLikelihood: -15800.199380
[00:00:45 -17538.207121] AUTODETECT spr round 3 (radius: 15)
[00:00:47 -17374.639521] AUTODETECT spr round 4 (radius: 20)
[00:00:48 -17374.119683] AUTODETECT spr round 5 (radius: 25)
[00:00:49 -17373.795833] SPR radius for FAST iterations: 25 (autodetect)
[00:00:49 -17373.795833] Model parameter optimization (eps = 3.000000)
[00:00:50 -17189.320917] FAST spr round 1 (radius: 25)
[00:00:51 -15848.799384] FAST spr round 2 (radius: 25)
[00:00:52 -15815.697837] FAST spr round 3 (radius: 25)
[00:00:52 -15814.299731] Model parameter optimization (eps = 1.000000)
[00:00:52 -15813.107451] SLOW spr round 1 (radius: 5)
[00:00:55 -15800.446411] SLOW spr round 2 (radius: 5)
[00:00:57 -15800.446295] SLOW spr round 3 (radius: 10)
[00:00:59 -15800.446280] SLOW spr round 4 (radius: 15)
[00:01:00] [worker #2] ML tree search #11, logLikelihood: -15800.110537
[00:01:02 -15800.446271] SLOW spr round 5 (radius: 20)
[00:01:02] [worker #3] ML tree search #12, logLikelihood: -15800.420923
[00:01:04 -15800.446265] SLOW spr round 6 (radius: 25)
[00:01:04] [worker #1] ML tree search #10, logLikelihood: -15801.284414
[00:01:05 -15800.446261] Model parameter optimization (eps = 0.100000)

[00:01:05] [worker #0] ML tree search #9, logLikelihood: -15800.402203

[00:01:05 -19604.892605] Initial branch length optimization
[00:01:06 -17392.337775] Model parameter optimization (eps = 10.000000)
[00:01:06 -16023.487633] AUTODETECT spr round 1 (radius: 5)
[00:01:06 -15815.935484] AUTODETECT spr round 2 (radius: 10)
[00:01:08 -15814.851384] AUTODETECT spr round 3 (radius: 15)
[00:01:09 -15814.681577] AUTODETECT spr round 4 (radius: 20)
[00:01:10 -15814.664611] SPR radius for FAST iterations: 15 (autodetect)
[00:01:10 -15814.664611] Model parameter optimization (eps = 3.000000)
[00:01:11 -15814.191434] FAST spr round 1 (radius: 15)
[00:01:11 -15809.140876] Model parameter optimization (eps = 1.000000)
[00:01:11 -15809.120545] SLOW spr round 1 (radius: 5)
[00:01:14 -15807.681772] SLOW spr round 2 (radius: 10)
[00:01:16 -15807.678247] SLOW spr round 3 (radius: 15)
[00:01:17] [worker #2] ML tree search #15, logLikelihood: -15800.442277
[00:01:19 -15807.678221] SLOW spr round 4 (radius: 20)
[00:01:20] [worker #3] ML tree search #16, logLikelihood: -15800.416780
[00:01:21] [worker #1] ML tree search #14, logLikelihood: -15800.845428
[00:01:21 -15807.678203] SLOW spr round 5 (radius: 25)
[00:01:23 -15807.678191] Model parameter optimization (eps = 0.100000)

[00:01:23] [worker #0] ML tree search #13, logLikelihood: -15807.676725

[00:01:23 -19544.009465] Initial branch length optimization
[00:01:23 -17333.950759] Model parameter optimization (eps = 10.000000)
[00:01:23 -15949.622921] AUTODETECT spr round 1 (radius: 5)
[00:01:24 -15833.225235] AUTODETECT spr round 2 (radius: 10)
[00:01:25 -15832.712519] AUTODETECT spr round 3 (radius: 15)
[00:01:27 -15832.348002] AUTODETECT spr round 4 (radius: 20)
[00:01:28 -15832.311177] SPR radius for FAST iterations: 15 (autodetect)
[00:01:28 -15832.311177] Model parameter optimization (eps = 3.000000)
[00:01:28 -15832.113998] FAST spr round 1 (radius: 15)
[00:01:29 -15804.803527] FAST spr round 2 (radius: 15)
[00:01:30 -15804.181417] Model parameter optimization (eps = 1.000000)
[00:01:30 -15804.158654] SLOW spr round 1 (radius: 5)
[00:01:32 -15801.353343] SLOW spr round 2 (radius: 10)
[00:01:33] [worker #2] ML tree search #19, logLikelihood: -15801.971858
[00:01:34 -15801.223975] SLOW spr round 3 (radius: 15)
[00:01:37] [worker #3] ML tree search #20, logLikelihood: -15801.215436
[00:01:37 -15801.131978] SLOW spr round 4 (radius: 20)
[00:01:38] [worker #1] ML tree search #18, logLikelihood: -15801.556879
[00:01:39 -15801.131974] SLOW spr round 5 (radius: 25)
[00:01:41 -15801.131971] Model parameter optimization (eps = 0.100000)

[00:01:41] [worker #0] ML tree search #17, logLikelihood: -15801.081500


Optimized model parameters:

   Partition 0: noname
   Rate heterogeneity: GAMMA (4 cats, mean),  alpha: 1.141877 (ML),  weights&rates: (0.250000,0.164362) (0.250000,0.515604) (0.250000,1.020037) (0.250000,2.299997) 
   Base frequencies (empirical): 0.322404 0.193942 0.196729 0.286924 
   Substitution rates (ML): 0.904371 7.444934 0.915856 0.620063 6.802182 1.000000 


Final LogLikelihood: -15800.110537

AIC score: 32200.221074 / AICc score: 32847.532902 / BIC score: 33509.129505
Free parameters (model + branch lengths): 300

WARNING: Best ML tree contains 11 near-zero branches!

Best ML tree with collapsed near-zero branches saved to: /data/jeremias/eucs/roadies/output/genes/gene_199_filtered.fa.aln.raxml.bestTreeCollapsed
Best ML tree saved to: /data/jeremias/eucs/roadies/output/genes/gene_199_filtered.fa.aln.raxml.bestTree
All ML trees saved to: /data/jeremias/eucs/roadies/output/genes/gene_199_filtered.fa.aln.raxml.mlTrees
Optimized model saved to: /data/jeremias/eucs/roadies/output/genes/gene_199_filtered.fa.aln.raxml.bestModel

Execution log saved to: /data/jeremias/eucs/roadies/output/genes/gene_199_filtered.fa.aln.raxml.log

Analysis started: 03-Jul-2024 19:39:02 / finished: 03-Jul-2024 19:40:44

Elapsed time: 101.981 seconds

