
RAxML-NG v. 1.2.2 released on 11.04.2024 by The Exelixis Lab.
Developed by: Alexey M. Kozlov and Alexandros Stamatakis.
Contributors: Diego Darriba, Tomas Flouri, Benoit Morel, Sarah Lutteropp, Ben Bettisworth, Julia Haag, Anastasis Togkousidis.
Latest version: https://github.com/amkozlov/raxml-ng
Questions/problems/suggestions? Please visit: https://groups.google.com/forum/#!forum/raxml

System: AMD EPYC 7742 64-Core Processor, 128 cores, 1007 GB RAM

RAxML-NG was called at 03-Jul-2024 19:35:51 as follows:

raxml-ng --msa /data/jeremias/eucs/roadies/output/genes/gene_80_filtered.fa.aln --model GTR+G+F --redo --threads auto{4} --blopt nr_safe

Analysis options:
  run mode: ML tree search
  start tree(s): random (10) + parsimony (10)
  random seed: 1719999351
  tip-inner: OFF
  pattern compression: ON
  per-rate scalers: OFF
  site repeats: ON
  logLH epsilon: general: 10.000000, brlen-triplet: 1000.000000
  fast spr radius: AUTO
  spr subtree cutoff: 1.000000
  fast CLV updates: ON
  branch lengths: proportional (ML estimate, algorithm: NR-SAFE)
  SIMD kernels: AVX2
  parallelization: coarse-grained (auto), PTHREADS (auto)

WARNING: Running in REDO mode: existing checkpoints are ignored, and all result files will be overwritten!

[00:00:00] Reading alignment from file: /data/jeremias/eucs/roadies/output/genes/gene_80_filtered.fa.aln
[00:00:00] Loaded alignment with 34 taxa and 522 sites

Alignment comprises 1 partitions and 180 patterns

Partition 0: noname
Model: GTR+FC+G4m
Alignment sites / patterns: 522 / 180
Gaps: 7.14 %
Invariant sites: 68.20 %


NOTE: Binary MSA file created: /data/jeremias/eucs/roadies/output/genes/gene_80_filtered.fa.aln.raxml.rba

Parallelization scheme autoconfig: 4 worker(s) x 1 thread(s)

[00:00:00] Generating 10 random starting tree(s) with 34 taxa
[00:00:00] Generating 10 parsimony starting tree(s) with 34 taxa
Parallel parsimony with 4 threads
Parallel reduction/worker buffer size: 1 KB  / 0 KB

[00:00:00] Data distribution: max. partitions/sites/weight per thread: 1 / 180 / 2880
[00:00:00] Data distribution: max. searches per worker: 5

Starting ML tree search with 20 distinct starting trees

[00:00:00 -3784.115114] Initial branch length optimization
[00:00:00 -2947.819924] Model parameter optimization (eps = 10.000000)
[00:00:00 -2756.471875] AUTODETECT spr round 1 (radius: 5)
[00:00:00 -2271.055052] AUTODETECT spr round 2 (radius: 10)
[00:00:00 -2249.153432] AUTODETECT spr round 3 (radius: 15)
[00:00:00 -2249.127450] SPR radius for FAST iterations: 10 (autodetect)
[00:00:00 -2249.127450] Model parameter optimization (eps = 3.000000)
[00:00:00 -2239.240545] FAST spr round 1 (radius: 10)
[00:00:00 -2056.445568] FAST spr round 2 (radius: 10)
[00:00:00 -2056.442959] Model parameter optimization (eps = 1.000000)
[00:00:00 -2046.482556] SLOW spr round 1 (radius: 5)
[00:00:00 -2046.475292] SLOW spr round 2 (radius: 10)
[00:00:00 -2046.182510] SLOW spr round 3 (radius: 15)
[00:00:00 -2046.182509] SLOW spr round 4 (radius: 20)
[00:00:00 -2046.182509] SLOW spr round 5 (radius: 25)
[00:00:00 -2046.182509] Model parameter optimization (eps = 0.100000)

[00:00:00] [worker #0] ML tree search #1, logLikelihood: -2046.043047

[00:00:00 -3778.419120] Initial branch length optimization
[00:00:00] [worker #2] ML tree search #3, logLikelihood: -2046.043058
[00:00:00 -2969.164123] Model parameter optimization (eps = 10.000000)
[00:00:00] [worker #3] ML tree search #4, logLikelihood: -2044.327153
[00:00:00 -2777.305734] AUTODETECT spr round 1 (radius: 5)
[00:00:00 -2169.529521] AUTODETECT spr round 2 (radius: 10)
[00:00:00] [worker #1] ML tree search #2, logLikelihood: -2046.043053
[00:00:00 -2123.930835] AUTODETECT spr round 3 (radius: 15)
[00:00:00 -2123.920316] SPR radius for FAST iterations: 10 (autodetect)
[00:00:00 -2123.920316] Model parameter optimization (eps = 3.000000)
[00:00:00 -2100.246175] FAST spr round 1 (radius: 10)
[00:00:01 -2047.234722] FAST spr round 2 (radius: 10)
[00:00:01 -2047.234712] Model parameter optimization (eps = 1.000000)
[00:00:01 -2045.742867] SLOW spr round 1 (radius: 5)
[00:00:01 -2045.700574] SLOW spr round 2 (radius: 10)
[00:00:01 -2045.700571] SLOW spr round 3 (radius: 15)
[00:00:01 -2045.700571] SLOW spr round 4 (radius: 20)
[00:00:01 -2045.700571] SLOW spr round 5 (radius: 25)
[00:00:01 -2045.700571] Model parameter optimization (eps = 0.100000)

[00:00:01] [worker #0] ML tree search #5, logLikelihood: -2045.695443

[00:00:01 -3717.529609] Initial branch length optimization
[00:00:01 -2866.414226] Model parameter optimization (eps = 10.000000)
[00:00:01 -2699.949096] AUTODETECT spr round 1 (radius: 5)
[00:00:01] [worker #2] ML tree search #7, logLikelihood: -2046.473030
[00:00:01 -2298.042386] AUTODETECT spr round 2 (radius: 10)
[00:00:01 -2115.787565] AUTODETECT spr round 3 (radius: 15)
[00:00:01] [worker #3] ML tree search #8, logLikelihood: -2046.653123
[00:00:01] [worker #1] ML tree search #6, logLikelihood: -2046.043082
[00:00:01 -2115.646105] AUTODETECT spr round 4 (radius: 20)
[00:00:01 -2115.641919] SPR radius for FAST iterations: 15 (autodetect)
[00:00:01 -2115.641919] Model parameter optimization (eps = 3.000000)
[00:00:01 -2093.100435] FAST spr round 1 (radius: 15)
[00:00:01 -2049.400001] FAST spr round 2 (radius: 15)
[00:00:01 -2046.503330] Model parameter optimization (eps = 1.000000)
[00:00:01 -2045.707251] SLOW spr round 1 (radius: 5)
[00:00:02 -2045.700687] SLOW spr round 2 (radius: 10)
[00:00:02] [worker #2] ML tree search #11, logLikelihood: -2046.653425
[00:00:02 -2045.700362] SLOW spr round 3 (radius: 15)
[00:00:02] [worker #3] ML tree search #12, logLikelihood: -2044.327127
[00:00:02 -2045.700347] SLOW spr round 4 (radius: 20)
[00:00:02 -2045.700346] SLOW spr round 5 (radius: 25)
[00:00:02 -2045.700346] Model parameter optimization (eps = 0.100000)

[00:00:02] [worker #0] ML tree search #9, logLikelihood: -2045.695337

[00:00:02 -2862.903518] Initial branch length optimization
[00:00:02 -2092.718176] Model parameter optimization (eps = 10.000000)
[00:00:02 -2045.670551] AUTODETECT spr round 1 (radius: 5)
[00:00:02] [worker #1] ML tree search #10, logLikelihood: -2045.599501
[00:00:02 -2045.638420] SPR radius for FAST iterations: 5 (autodetect)
[00:00:02 -2045.638420] Model parameter optimization (eps = 3.000000)
[00:00:02 -2045.609895] FAST spr round 1 (radius: 5)
[00:00:02 -2045.601015] Model parameter optimization (eps = 1.000000)
[00:00:02 -2045.598438] SLOW spr round 1 (radius: 5)
[00:00:02 -2045.598170] SLOW spr round 2 (radius: 10)
[00:00:02 -2045.598159] SLOW spr round 3 (radius: 15)
[00:00:02] [worker #2] ML tree search #15, logLikelihood: -2046.043045
[00:00:02 -2045.598159] SLOW spr round 4 (radius: 20)
[00:00:02] [worker #3] ML tree search #16, logLikelihood: -2044.333201
[00:00:02 -2045.598159] SLOW spr round 5 (radius: 25)
[00:00:02 -2045.598159] Model parameter optimization (eps = 0.100000)

[00:00:02] [worker #0] ML tree search #13, logLikelihood: -2045.598080

[00:00:02 -2866.331390] Initial branch length optimization
[00:00:02 -2094.161095] Model parameter optimization (eps = 10.000000)
[00:00:02 -2047.646355] AUTODETECT spr round 1 (radius: 5)
[00:00:02 -2046.065206] AUTODETECT spr round 2 (radius: 10)
[00:00:02] [worker #1] ML tree search #14, logLikelihood: -2044.327135
[00:00:02 -2046.064972] SPR radius for FAST iterations: 5 (autodetect)
[00:00:02 -2046.064972] Model parameter optimization (eps = 3.000000)
[00:00:02 -2046.043097] FAST spr round 1 (radius: 5)
[00:00:03 -2046.043091] Model parameter optimization (eps = 1.000000)
[00:00:03 -2046.043089] SLOW spr round 1 (radius: 5)
[00:00:03 -2046.043043] SLOW spr round 2 (radius: 10)
[00:00:03] [worker #2] ML tree search #19, logLikelihood: -2045.599155
[00:00:03 -2046.043043] SLOW spr round 3 (radius: 15)
[00:00:03 -2046.043043] SLOW spr round 4 (radius: 20)
[00:00:03] [worker #3] ML tree search #20, logLikelihood: -2044.327148
[00:00:03 -2046.043043] SLOW spr round 5 (radius: 25)
[00:00:03 -2046.043043] Model parameter optimization (eps = 0.100000)

[00:00:03] [worker #0] ML tree search #17, logLikelihood: -2046.043042

[00:00:03] [worker #1] ML tree search #18, logLikelihood: -2044.327112

Optimized model parameters:

   Partition 0: noname
   Rate heterogeneity: GAMMA (4 cats, mean),  alpha: 1.025315 (ML),  weights&rates: (0.250000,0.141977) (0.250000,0.484231) (0.250000,1.004071) (0.250000,2.369721) 
   Base frequencies (empirical): 0.381189 0.236529 0.153762 0.228519 
   Substitution rates (ML): 0.821950 3.783050 0.851335 0.766126 2.333509 1.000000 


Final LogLikelihood: -2044.327112

AIC score: 4236.654225 / AICc score: 4261.486439 / BIC score: 4551.721626
Free parameters (model + branch lengths): 74

WARNING: Best ML tree contains 11 near-zero branches!

Best ML tree with collapsed near-zero branches saved to: /data/jeremias/eucs/roadies/output/genes/gene_80_filtered.fa.aln.raxml.bestTreeCollapsed
Best ML tree saved to: /data/jeremias/eucs/roadies/output/genes/gene_80_filtered.fa.aln.raxml.bestTree
All ML trees saved to: /data/jeremias/eucs/roadies/output/genes/gene_80_filtered.fa.aln.raxml.mlTrees
Optimized model saved to: /data/jeremias/eucs/roadies/output/genes/gene_80_filtered.fa.aln.raxml.bestModel

Execution log saved to: /data/jeremias/eucs/roadies/output/genes/gene_80_filtered.fa.aln.raxml.log

Analysis started: 03-Jul-2024 19:35:51 / finished: 03-Jul-2024 19:35:55

Elapsed time: 3.642 seconds

