
RAxML-NG v. 1.2.2 released on 11.04.2024 by The Exelixis Lab.
Developed by: Alexey M. Kozlov and Alexandros Stamatakis.
Contributors: Diego Darriba, Tomas Flouri, Benoit Morel, Sarah Lutteropp, Ben Bettisworth, Julia Haag, Anastasis Togkousidis.
Latest version: https://github.com/amkozlov/raxml-ng
Questions/problems/suggestions? Please visit: https://groups.google.com/forum/#!forum/raxml

System: AMD EPYC 7742 64-Core Processor, 128 cores, 1007 GB RAM

RAxML-NG was called at 03-Jul-2024 20:26:30 as follows:

raxml-ng --msa /data/jeremias/eucs/roadies/output/genes/gene_125_filtered.fa.aln --model GTR+G+F --redo --threads auto{4} --blopt nr_safe

Analysis options:
  run mode: ML tree search
  start tree(s): random (10) + parsimony (10)
  random seed: 1720002390
  tip-inner: OFF
  pattern compression: ON
  per-rate scalers: OFF
  site repeats: ON
  logLH epsilon: general: 10.000000, brlen-triplet: 1000.000000
  fast spr radius: AUTO
  spr subtree cutoff: 1.000000
  fast CLV updates: ON
  branch lengths: proportional (ML estimate, algorithm: NR-SAFE)
  SIMD kernels: AVX2
  parallelization: coarse-grained (auto), PTHREADS (auto)

WARNING: Running in REDO mode: existing checkpoints are ignored, and all result files will be overwritten!

[00:00:00] Reading alignment from file: /data/jeremias/eucs/roadies/output/genes/gene_125_filtered.fa.aln
[00:00:00] Loaded alignment with 41 taxa and 673 sites

Alignment comprises 1 partitions and 219 patterns

Partition 0: noname
Model: GTR+FC+G4m
Alignment sites / patterns: 673 / 219
Gaps: 25.64 %
Invariant sites: 72.36 %


NOTE: Binary MSA file created: /data/jeremias/eucs/roadies/output/genes/gene_125_filtered.fa.aln.raxml.rba

Parallelization scheme autoconfig: 4 worker(s) x 1 thread(s)

[00:00:00] Generating 10 random starting tree(s) with 41 taxa
[00:00:00] Generating 10 parsimony starting tree(s) with 41 taxa
Parallel parsimony with 4 threads
Parallel reduction/worker buffer size: 1 KB  / 0 KB

[00:00:00] Data distribution: max. partitions/sites/weight per thread: 1 / 219 / 3504
[00:00:00] Data distribution: max. searches per worker: 5

Starting ML tree search with 20 distinct starting trees

[00:00:00 -5024.715295] Initial branch length optimization
[00:00:00 -4146.689427] Model parameter optimization (eps = 10.000000)
[00:00:00 -3812.923625] AUTODETECT spr round 1 (radius: 5)
[00:00:00 -2976.159653] AUTODETECT spr round 2 (radius: 10)
[00:00:00 -2588.529274] AUTODETECT spr round 3 (radius: 15)
[00:00:00 -2587.873055] AUTODETECT spr round 4 (radius: 20)
[00:00:00 -2587.835702] SPR radius for FAST iterations: 15 (autodetect)
[00:00:00 -2587.835702] Model parameter optimization (eps = 3.000000)
[00:00:00 -2562.192180] FAST spr round 1 (radius: 15)
[00:00:00 -2527.261152] FAST spr round 2 (radius: 15)
[00:00:00 -2506.864369] FAST spr round 3 (radius: 15)
[00:00:00 -2503.626272] Model parameter optimization (eps = 1.000000)
[00:00:00 -2502.461154] SLOW spr round 1 (radius: 5)
[00:00:00 -2502.460046] SLOW spr round 2 (radius: 10)
[00:00:01] [worker #1] ML tree search #2, logLikelihood: -2503.580387
[00:00:01 -2502.460046] SLOW spr round 3 (radius: 15)
[00:00:01] [worker #2] ML tree search #3, logLikelihood: -2502.722980
[00:00:01 -2502.460046] SLOW spr round 4 (radius: 20)
[00:00:01] [worker #3] ML tree search #4, logLikelihood: -2502.460024
[00:00:01 -2502.460046] SLOW spr round 5 (radius: 25)
[00:00:01 -2502.460046] Model parameter optimization (eps = 0.100000)

[00:00:01] [worker #0] ML tree search #1, logLikelihood: -2502.460033

[00:00:01 -5046.824533] Initial branch length optimization
[00:00:01 -4147.466191] Model parameter optimization (eps = 10.000000)
[00:00:01 -3804.866621] AUTODETECT spr round 1 (radius: 5)
[00:00:01 -2740.268989] AUTODETECT spr round 2 (radius: 10)
[00:00:01 -2630.647359] AUTODETECT spr round 3 (radius: 15)
[00:00:01 -2630.508026] AUTODETECT spr round 4 (radius: 20)
[00:00:01 -2630.446452] SPR radius for FAST iterations: 15 (autodetect)
[00:00:01 -2630.446452] Model parameter optimization (eps = 3.000000)
[00:00:01 -2611.033324] FAST spr round 1 (radius: 15)
[00:00:01 -2548.539442] FAST spr round 2 (radius: 15)
[00:00:02 -2511.620071] FAST spr round 3 (radius: 15)
[00:00:02 -2506.727557] Model parameter optimization (eps = 1.000000)
[00:00:02 -2503.346367] SLOW spr round 1 (radius: 5)
[00:00:02 -2502.463499] SLOW spr round 2 (radius: 10)
[00:00:02] [worker #2] ML tree search #7, logLikelihood: -2502.460029
[00:00:02] [worker #1] ML tree search #6, logLikelihood: -2502.690671
[00:00:02 -2502.463498] SLOW spr round 3 (radius: 15)
[00:00:02] [worker #3] ML tree search #8, logLikelihood: -2502.691254
[00:00:02 -2502.463498] SLOW spr round 4 (radius: 20)
[00:00:02 -2502.463498] SLOW spr round 5 (radius: 25)
[00:00:02 -2502.463498] Model parameter optimization (eps = 0.100000)

[00:00:02] [worker #0] ML tree search #5, logLikelihood: -2502.460027

[00:00:02 -4716.966693] Initial branch length optimization
[00:00:02 -3856.080372] Model parameter optimization (eps = 10.000000)
[00:00:02 -3605.387869] AUTODETECT spr round 1 (radius: 5)
[00:00:02 -2688.890172] AUTODETECT spr round 2 (radius: 10)
[00:00:03 -2554.891721] AUTODETECT spr round 3 (radius: 15)
[00:00:03 -2554.792875] SPR radius for FAST iterations: 10 (autodetect)
[00:00:03 -2554.792875] Model parameter optimization (eps = 3.000000)
[00:00:03 -2531.639045] FAST spr round 1 (radius: 10)
[00:00:03 -2509.094182] FAST spr round 2 (radius: 10)
[00:00:03] [worker #2] ML tree search #11, logLikelihood: -2507.168578
[00:00:03 -2509.093901] Model parameter optimization (eps = 1.000000)
[00:00:03 -2508.461076] SLOW spr round 1 (radius: 5)
[00:00:03] [worker #3] ML tree search #12, logLikelihood: -2502.460476
[00:00:03 -2502.507089] SLOW spr round 2 (radius: 10)
[00:00:03] [worker #1] ML tree search #10, logLikelihood: -2503.579958
[00:00:04 -2502.506454] SLOW spr round 3 (radius: 15)
[00:00:04 -2502.506426] SLOW spr round 4 (radius: 20)
[00:00:04 -2502.506424] SLOW spr round 5 (radius: 25)
[00:00:04 -2502.506424] Model parameter optimization (eps = 0.100000)

[00:00:04] [worker #0] ML tree search #9, logLikelihood: -2502.460408

[00:00:04 -3468.752375] Initial branch length optimization
[00:00:04 -2577.389881] Model parameter optimization (eps = 10.000000)
[00:00:04] [worker #2] ML tree search #15, logLikelihood: -2502.460499
[00:00:04 -2518.118823] AUTODETECT spr round 1 (radius: 5)
[00:00:04 -2507.032436] AUTODETECT spr round 2 (radius: 10)
[00:00:04 -2507.016061] SPR radius for FAST iterations: 5 (autodetect)
[00:00:04 -2507.016061] Model parameter optimization (eps = 3.000000)
[00:00:04 -2506.910087] FAST spr round 1 (radius: 5)
[00:00:04] [worker #3] ML tree search #16, logLikelihood: -2502.460032
[00:00:04 -2502.506546] Model parameter optimization (eps = 1.000000)
[00:00:04 -2502.461743] SLOW spr round 1 (radius: 5)
[00:00:04] [worker #1] ML tree search #14, logLikelihood: -2506.772613
[00:00:04 -2502.460048] SLOW spr round 2 (radius: 10)
[00:00:05 -2502.460036] SLOW spr round 3 (radius: 15)
[00:00:05 -2502.460035] SLOW spr round 4 (radius: 20)
[00:00:05 -2502.460035] SLOW spr round 5 (radius: 25)
[00:00:05 -2502.460035] Model parameter optimization (eps = 0.100000)

[00:00:05] [worker #0] ML tree search #13, logLikelihood: -2502.460023

[00:00:05 -3460.492971] Initial branch length optimization
[00:00:05 -2571.214914] Model parameter optimization (eps = 10.000000)
[00:00:05] [worker #2] ML tree search #19, logLikelihood: -2503.393359
[00:00:05 -2512.770122] AUTODETECT spr round 1 (radius: 5)
[00:00:05 -2508.320804] AUTODETECT spr round 2 (radius: 10)
[00:00:05 -2508.295134] SPR radius for FAST iterations: 5 (autodetect)
[00:00:05 -2508.295134] Model parameter optimization (eps = 3.000000)
[00:00:05 -2508.243245] FAST spr round 1 (radius: 5)
[00:00:05 -2508.237505] Model parameter optimization (eps = 1.000000)
[00:00:05 -2508.234574] SLOW spr round 1 (radius: 5)
[00:00:05] [worker #3] ML tree search #20, logLikelihood: -2502.460032
[00:00:05 -2504.664410] SLOW spr round 2 (radius: 10)
[00:00:05] [worker #1] ML tree search #18, logLikelihood: -2503.035191
[00:00:05 -2504.664164] SLOW spr round 3 (radius: 15)
[00:00:06 -2504.664115] SLOW spr round 4 (radius: 20)
[00:00:06 -2504.664104] SLOW spr round 5 (radius: 25)
[00:00:06 -2504.664101] Model parameter optimization (eps = 0.100000)

[00:00:06] [worker #0] ML tree search #17, logLikelihood: -2504.598532


Optimized model parameters:

   Partition 0: noname
   Rate heterogeneity: GAMMA (4 cats, mean),  alpha: 1.144729 (ML),  weights&rates: (0.250000,0.164894) (0.250000,0.516314) (0.250000,1.020378) (0.250000,2.298414) 
   Base frequencies (empirical): 0.225401 0.177738 0.284468 0.312393 
   Substitution rates (ML): 1.417126 4.898655 1.203382 1.431357 4.753800 1.000000 


Final LogLikelihood: -2502.460023

AIC score: 5180.920046 / AICc score: 5207.741964 / BIC score: 5577.953635
Free parameters (model + branch lengths): 88

WARNING: Best ML tree contains 12 near-zero branches!

Best ML tree with collapsed near-zero branches saved to: /data/jeremias/eucs/roadies/output/genes/gene_125_filtered.fa.aln.raxml.bestTreeCollapsed
Best ML tree saved to: /data/jeremias/eucs/roadies/output/genes/gene_125_filtered.fa.aln.raxml.bestTree
All ML trees saved to: /data/jeremias/eucs/roadies/output/genes/gene_125_filtered.fa.aln.raxml.mlTrees
Optimized model saved to: /data/jeremias/eucs/roadies/output/genes/gene_125_filtered.fa.aln.raxml.bestModel

Execution log saved to: /data/jeremias/eucs/roadies/output/genes/gene_125_filtered.fa.aln.raxml.log

Analysis started: 03-Jul-2024 20:26:30 / finished: 03-Jul-2024 20:26:36

Elapsed time: 6.212 seconds

