
RAxML-NG v. 1.2.2 released on 11.04.2024 by The Exelixis Lab.
Developed by: Alexey M. Kozlov and Alexandros Stamatakis.
Contributors: Diego Darriba, Tomas Flouri, Benoit Morel, Sarah Lutteropp, Ben Bettisworth, Julia Haag, Anastasis Togkousidis.
Latest version: https://github.com/amkozlov/raxml-ng
Questions/problems/suggestions? Please visit: https://groups.google.com/forum/#!forum/raxml

System: AMD EPYC 7742 64-Core Processor, 128 cores, 1007 GB RAM

RAxML-NG was called at 03-Jul-2024 19:00:16 as follows:

raxml-ng --msa /data/jeremias/eucs/roadies/output/genes/gene_145_filtered.fa.aln --model GTR+G+F --redo --threads auto{4} --blopt nr_safe

Analysis options:
  run mode: ML tree search
  start tree(s): random (10) + parsimony (10)
  random seed: 1719997216
  tip-inner: OFF
  pattern compression: ON
  per-rate scalers: OFF
  site repeats: ON
  logLH epsilon: general: 10.000000, brlen-triplet: 1000.000000
  fast spr radius: AUTO
  spr subtree cutoff: 1.000000
  fast CLV updates: ON
  branch lengths: proportional (ML estimate, algorithm: NR-SAFE)
  SIMD kernels: AVX2
  parallelization: coarse-grained (auto), PTHREADS (auto)

WARNING: Running in REDO mode: existing checkpoints are ignored, and all result files will be overwritten!

[00:00:00] Reading alignment from file: /data/jeremias/eucs/roadies/output/genes/gene_145_filtered.fa.aln
[00:00:00] Loaded alignment with 36 taxa and 512 sites

Alignment comprises 1 partitions and 134 patterns

Partition 0: noname
Model: GTR+FC+G4m
Alignment sites / patterns: 512 / 134
Gaps: 7.22 %
Invariant sites: 78.32 %


NOTE: Binary MSA file created: /data/jeremias/eucs/roadies/output/genes/gene_145_filtered.fa.aln.raxml.rba

Parallelization scheme autoconfig: 4 worker(s) x 1 thread(s)

[00:00:00] Generating 10 random starting tree(s) with 36 taxa
[00:00:00] Generating 10 parsimony starting tree(s) with 36 taxa
Parallel parsimony with 4 threads
Parallel reduction/worker buffer size: 1 KB  / 0 KB

[00:00:00] Data distribution: max. partitions/sites/weight per thread: 1 / 134 / 2144
[00:00:00] Data distribution: max. searches per worker: 5

Starting ML tree search with 20 distinct starting trees

[00:00:00 -3263.770265] Initial branch length optimization
[00:00:00 -2556.490223] Model parameter optimization (eps = 10.000000)
[00:00:00 -2287.348390] AUTODETECT spr round 1 (radius: 5)
[00:00:00 -1846.890166] AUTODETECT spr round 2 (radius: 10)
[00:00:00 -1769.633363] AUTODETECT spr round 3 (radius: 15)
[00:00:00 -1769.590880] SPR radius for FAST iterations: 10 (autodetect)
[00:00:00 -1769.590880] Model parameter optimization (eps = 3.000000)
[00:00:00 -1765.514318] FAST spr round 1 (radius: 10)
[00:00:00 -1745.695173] FAST spr round 2 (radius: 10)
[00:00:00 -1745.695145] Model parameter optimization (eps = 1.000000)
[00:00:00 -1745.350672] SLOW spr round 1 (radius: 5)
[00:00:00 -1745.350329] SLOW spr round 2 (radius: 10)
[00:00:00 -1745.350329] SLOW spr round 3 (radius: 15)
[00:00:00] [worker #2] ML tree search #3, logLikelihood: -1745.350230
[00:00:00] [worker #3] ML tree search #4, logLikelihood: -1745.350174
[00:00:00 -1745.350329] SLOW spr round 4 (radius: 20)
[00:00:00 -1745.350329] SLOW spr round 5 (radius: 25)
[00:00:00 -1745.350329] Model parameter optimization (eps = 0.100000)

[00:00:00] [worker #0] ML tree search #1, logLikelihood: -1745.349770

[00:00:00] [worker #1] ML tree search #2, logLikelihood: -1745.120982
[00:00:00 -3218.865967] Initial branch length optimization
[00:00:00 -2514.953819] Model parameter optimization (eps = 10.000000)
[00:00:00 -2254.138634] AUTODETECT spr round 1 (radius: 5)
[00:00:00 -1849.622268] AUTODETECT spr round 2 (radius: 10)
[00:00:00 -1836.693918] AUTODETECT spr round 3 (radius: 15)
[00:00:00 -1836.601717] SPR radius for FAST iterations: 10 (autodetect)
[00:00:00 -1836.601717] Model parameter optimization (eps = 3.000000)
[00:00:00 -1834.046960] FAST spr round 1 (radius: 10)
[00:00:00 -1753.322533] FAST spr round 2 (radius: 10)
[00:00:00 -1747.769131] Model parameter optimization (eps = 1.000000)
[00:00:00 -1746.184074] SLOW spr round 1 (radius: 5)
[00:00:01 -1745.136333] SLOW spr round 2 (radius: 10)
[00:00:01 -1745.136332] SLOW spr round 3 (radius: 15)
[00:00:01] [worker #3] ML tree search #8, logLikelihood: -1745.349771
[00:00:01 -1745.136332] SLOW spr round 4 (radius: 20)
[00:00:01 -1745.136332] SLOW spr round 5 (radius: 25)
[00:00:01 -1745.136332] Model parameter optimization (eps = 0.100000)

[00:00:01] [worker #0] ML tree search #5, logLikelihood: -1745.121325

[00:00:01 -3327.403351] Initial branch length optimization
[00:00:01 -2614.051942] Model parameter optimization (eps = 10.000000)
[00:00:01] [worker #2] ML tree search #7, logLikelihood: -1745.350163
[00:00:01] [worker #1] ML tree search #6, logLikelihood: -1745.120870
[00:00:01 -2317.558443] AUTODETECT spr round 1 (radius: 5)
[00:00:01 -1856.335162] AUTODETECT spr round 2 (radius: 10)
[00:00:01 -1835.410563] AUTODETECT spr round 3 (radius: 15)
[00:00:01 -1835.334577] SPR radius for FAST iterations: 10 (autodetect)
[00:00:01 -1835.334577] Model parameter optimization (eps = 3.000000)
[00:00:01 -1833.932960] FAST spr round 1 (radius: 10)
[00:00:01 -1751.217205] FAST spr round 2 (radius: 10)
[00:00:01 -1750.002387] Model parameter optimization (eps = 1.000000)
[00:00:01 -1747.822366] SLOW spr round 1 (radius: 5)
[00:00:01 -1745.424827] SLOW spr round 2 (radius: 10)
[00:00:01] [worker #3] ML tree search #12, logLikelihood: -1745.349776
[00:00:02 -1745.424760] SLOW spr round 3 (radius: 15)
[00:00:02] [worker #2] ML tree search #11, logLikelihood: -1745.349773
[00:00:02 -1745.424760] SLOW spr round 4 (radius: 20)
[00:00:02 -1745.424760] SLOW spr round 5 (radius: 25)
[00:00:02 -1745.424760] Model parameter optimization (eps = 0.100000)
[00:00:02] [worker #1] ML tree search #10, logLikelihood: -1745.121269

[00:00:02] [worker #0] ML tree search #9, logLikelihood: -1745.350159

[00:00:02 -2610.891726] Initial branch length optimization
[00:00:02 -1843.350206] Model parameter optimization (eps = 10.000000)
[00:00:02 -1764.860648] AUTODETECT spr round 1 (radius: 5)
[00:00:02 -1748.290551] AUTODETECT spr round 2 (radius: 10)
[00:00:02 -1748.277226] SPR radius for FAST iterations: 5 (autodetect)
[00:00:02 -1748.277226] Model parameter optimization (eps = 3.000000)
[00:00:02 -1747.653872] FAST spr round 1 (radius: 5)
[00:00:02 -1747.653830] Model parameter optimization (eps = 1.000000)
[00:00:02 -1747.653768] SLOW spr round 1 (radius: 5)
[00:00:02] [worker #3] ML tree search #16, logLikelihood: -1746.710169
[00:00:02 -1745.201451] SLOW spr round 2 (radius: 10)
[00:00:03 -1745.201426] SLOW spr round 3 (radius: 15)
[00:00:03] [worker #2] ML tree search #15, logLikelihood: -1746.710171
[00:00:03 -1745.201426] SLOW spr round 4 (radius: 20)
[00:00:03 -1745.201426] SLOW spr round 5 (radius: 25)
[00:00:03 -1745.201426] Model parameter optimization (eps = 0.100000)

[00:00:03] [worker #0] ML tree search #13, logLikelihood: -1745.121290

[00:00:03 -2600.809127] Initial branch length optimization
[00:00:03 -1835.379888] Model parameter optimization (eps = 10.000000)
[00:00:03] [worker #1] ML tree search #14, logLikelihood: -1746.710172
[00:00:03 -1762.315424] AUTODETECT spr round 1 (radius: 5)
[00:00:03 -1755.129944] AUTODETECT spr round 2 (radius: 10)
[00:00:03 -1755.128347] SPR radius for FAST iterations: 5 (autodetect)
[00:00:03 -1755.128347] Model parameter optimization (eps = 3.000000)
[00:00:03 -1754.655610] FAST spr round 1 (radius: 5)
[00:00:03 -1754.655600] Model parameter optimization (eps = 1.000000)
[00:00:03 -1754.655596] SLOW spr round 1 (radius: 5)
[00:00:03] [worker #3] ML tree search #20, logLikelihood: -1746.710509
[00:00:03] [worker #2] ML tree search #19, logLikelihood: -1745.349777
[00:00:03 -1751.789312] SLOW spr round 2 (radius: 10)
[00:00:04 -1748.130337] SLOW spr round 3 (radius: 15)
[00:00:04 -1748.130335] SLOW spr round 4 (radius: 20)
[00:00:04 -1748.130335] SLOW spr round 5 (radius: 25)
[00:00:04 -1748.130335] Model parameter optimization (eps = 0.100000)

[00:00:04] [worker #0] ML tree search #17, logLikelihood: -1748.048993

[00:00:04] [worker #1] ML tree search #18, logLikelihood: -1746.710515

Optimized model parameters:

   Partition 0: noname
   Rate heterogeneity: GAMMA (4 cats, mean),  alpha: 0.293557 (ML),  weights&rates: (0.250000,0.004787) (0.250000,0.099493) (0.250000,0.584822) (0.250000,3.310898) 
   Base frequencies (empirical): 0.267996 0.183732 0.213028 0.335244 
   Substitution rates (ML): 0.839084 8.125163 1.190807 1.788438 8.063082 1.000000 


Final LogLikelihood: -1745.120870

AIC score: 3646.241740 / AICc score: 3674.703634 / BIC score: 3976.831061
Free parameters (model + branch lengths): 78

WARNING: Best ML tree contains 9 near-zero branches!

Best ML tree with collapsed near-zero branches saved to: /data/jeremias/eucs/roadies/output/genes/gene_145_filtered.fa.aln.raxml.bestTreeCollapsed
Best ML tree saved to: /data/jeremias/eucs/roadies/output/genes/gene_145_filtered.fa.aln.raxml.bestTree
All ML trees saved to: /data/jeremias/eucs/roadies/output/genes/gene_145_filtered.fa.aln.raxml.mlTrees
Optimized model saved to: /data/jeremias/eucs/roadies/output/genes/gene_145_filtered.fa.aln.raxml.bestModel

Execution log saved to: /data/jeremias/eucs/roadies/output/genes/gene_145_filtered.fa.aln.raxml.log

Analysis started: 03-Jul-2024 19:00:16 / finished: 03-Jul-2024 19:00:20

Elapsed time: 4.231 seconds

