
RAxML-NG v. 1.2.2 released on 11.04.2024 by The Exelixis Lab.
Developed by: Alexey M. Kozlov and Alexandros Stamatakis.
Contributors: Diego Darriba, Tomas Flouri, Benoit Morel, Sarah Lutteropp, Ben Bettisworth, Julia Haag, Anastasis Togkousidis.
Latest version: https://github.com/amkozlov/raxml-ng
Questions/problems/suggestions? Please visit: https://groups.google.com/forum/#!forum/raxml

System: AMD EPYC 7742 64-Core Processor, 128 cores, 1007 GB RAM

RAxML-NG was called at 03-Jul-2024 18:18:41 as follows:

raxml-ng --msa /data/jeremias/eucs/roadies/output/genes/gene_86_filtered.fa.aln --model GTR+G+F --redo --threads auto{4} --blopt nr_safe

Analysis options:
  run mode: ML tree search
  start tree(s): random (10) + parsimony (10)
  random seed: 1719994721
  tip-inner: OFF
  pattern compression: ON
  per-rate scalers: OFF
  site repeats: ON
  logLH epsilon: general: 10.000000, brlen-triplet: 1000.000000
  fast spr radius: AUTO
  spr subtree cutoff: 1.000000
  fast CLV updates: ON
  branch lengths: proportional (ML estimate, algorithm: NR-SAFE)
  SIMD kernels: AVX2
  parallelization: coarse-grained (auto), PTHREADS (auto)

WARNING: Running in REDO mode: existing checkpoints are ignored, and all result files will be overwritten!

[00:00:00] Reading alignment from file: /data/jeremias/eucs/roadies/output/genes/gene_86_filtered.fa.aln
[00:00:00] Loaded alignment with 36 taxa and 613 sites

WARNING: Sequences GCA_014182695.1_0 and GCA_004368105.3_0 are exactly identical!
WARNING: Sequences GCA_014182695.1_0 and GCA_016097485.1_0 are exactly identical!
WARNING: Sequences GCA_014182695.1_0 and GCA_017140395.1_0 are exactly identical!
WARNING: Sequences GCA_014182695.1_0 and GCA_017140165.1_0 are exactly identical!
WARNING: Sequences GCA_014182695.1_0 and GCA_017140165.1_1 are exactly identical!
WARNING: Duplicate sequences found: 5

NOTE: Reduced alignment (with duplicates and gap-only sites/taxa removed) 
NOTE: was saved to: /data/jeremias/eucs/roadies/output/genes/gene_86_filtered.fa.aln.raxml.reduced.phy

Alignment comprises 1 partitions and 143 patterns

Partition 0: noname
Model: GTR+FC+G4m
Alignment sites / patterns: 613 / 143
Gaps: 19.82 %
Invariant sites: 80.42 %


NOTE: Binary MSA file created: /data/jeremias/eucs/roadies/output/genes/gene_86_filtered.fa.aln.raxml.rba

Parallelization scheme autoconfig: 4 worker(s) x 1 thread(s)

[00:00:00] Generating 10 random starting tree(s) with 36 taxa
[00:00:00] Generating 10 parsimony starting tree(s) with 36 taxa
Parallel parsimony with 4 threads
Parallel reduction/worker buffer size: 1 KB  / 0 KB

[00:00:00] Data distribution: max. partitions/sites/weight per thread: 1 / 143 / 2288
[00:00:00] Data distribution: max. searches per worker: 5

Starting ML tree search with 20 distinct starting trees

[00:00:00 -3367.762035] Initial branch length optimization
[00:00:00 -2491.763021] Model parameter optimization (eps = 10.000000)
[00:00:00 -2296.591376] AUTODETECT spr round 1 (radius: 5)
[00:00:00 -1852.562860] AUTODETECT spr round 2 (radius: 10)
[00:00:00 -1750.722701] AUTODETECT spr round 3 (radius: 15)
[00:00:00 -1750.673198] SPR radius for FAST iterations: 10 (autodetect)
[00:00:00 -1750.673198] Model parameter optimization (eps = 3.000000)
[00:00:00 -1738.062462] FAST spr round 1 (radius: 10)
[00:00:00 -1724.879172] FAST spr round 2 (radius: 10)
[00:00:00 -1722.556975] Model parameter optimization (eps = 1.000000)
[00:00:00 -1722.285295] SLOW spr round 1 (radius: 5)
[00:00:00 -1722.284895] SLOW spr round 2 (radius: 10)
[00:00:00 -1722.284895] SLOW spr round 3 (radius: 15)
[00:00:00 -1722.284895] SLOW spr round 4 (radius: 20)
[00:00:00] [worker #1] ML tree search #2, logLikelihood: -1722.675944
[00:00:00 -1722.284895] SLOW spr round 5 (radius: 25)
[00:00:00 -1722.284895] Model parameter optimization (eps = 0.100000)

[00:00:00] [worker #0] ML tree search #1, logLikelihood: -1722.284220

[00:00:00 -3310.813970] Initial branch length optimization
[00:00:00 -2497.910451] Model parameter optimization (eps = 10.000000)
[00:00:00 -2293.246384] AUTODETECT spr round 1 (radius: 5)
[00:00:00 -1904.810708] AUTODETECT spr round 2 (radius: 10)
[00:00:00] [worker #2] ML tree search #3, logLikelihood: -1722.675928
[00:00:00 -1777.749428] AUTODETECT spr round 3 (radius: 15)
[00:00:00 -1777.709010] SPR radius for FAST iterations: 10 (autodetect)
[00:00:00 -1777.709010] Model parameter optimization (eps = 3.000000)
[00:00:00] [worker #3] ML tree search #4, logLikelihood: -1722.675928
[00:00:00 -1766.443160] FAST spr round 1 (radius: 10)
[00:00:00 -1726.428734] FAST spr round 2 (radius: 10)
[00:00:00 -1725.086758] Model parameter optimization (eps = 1.000000)
[00:00:00 -1723.919499] SLOW spr round 1 (radius: 5)
[00:00:00 -1722.730036] SLOW spr round 2 (radius: 10)
[00:00:01 -1722.730024] SLOW spr round 3 (radius: 15)
[00:00:01 -1722.730024] SLOW spr round 4 (radius: 20)
[00:00:01 -1722.730024] SLOW spr round 5 (radius: 25)
[00:00:01 -1722.730024] Model parameter optimization (eps = 0.100000)

[00:00:01] [worker #0] ML tree search #5, logLikelihood: -1722.675963

[00:00:01 -3355.932526] Initial branch length optimization
[00:00:01 -2524.542793] Model parameter optimization (eps = 10.000000)
[00:00:01] [worker #1] ML tree search #6, logLikelihood: -1722.675929
[00:00:01 -2306.998818] AUTODETECT spr round 1 (radius: 5)
[00:00:01 -1753.637287] AUTODETECT spr round 2 (radius: 10)
[00:00:01 -1751.892045] AUTODETECT spr round 3 (radius: 15)
[00:00:01 -1751.628922] AUTODETECT spr round 4 (radius: 20)
[00:00:01 -1751.625589] SPR radius for FAST iterations: 15 (autodetect)
[00:00:01 -1751.625589] Model parameter optimization (eps = 3.000000)
[00:00:01 -1735.271377] FAST spr round 1 (radius: 15)
[00:00:01] [worker #2] ML tree search #7, logLikelihood: -1722.284221
[00:00:01 -1723.619597] FAST spr round 2 (radius: 15)
[00:00:01 -1723.619486] Model parameter optimization (eps = 1.000000)
[00:00:01 -1723.450535] SLOW spr round 1 (radius: 5)
[00:00:01] [worker #3] ML tree search #8, logLikelihood: -1722.675938
[00:00:01 -1722.705407] SLOW spr round 2 (radius: 10)
[00:00:01 -1722.705407] SLOW spr round 3 (radius: 15)
[00:00:01 -1722.705407] SLOW spr round 4 (radius: 20)
[00:00:01 -1722.705407] SLOW spr round 5 (radius: 25)
[00:00:01 -1722.705407] Model parameter optimization (eps = 0.100000)

[00:00:01] [worker #0] ML tree search #9, logLikelihood: -1722.675929

[00:00:01] [worker #1] ML tree search #10, logLikelihood: -1722.675951
[00:00:01 -2656.537519] Initial branch length optimization
[00:00:01 -1767.961855] Model parameter optimization (eps = 10.000000)
[00:00:01 -1732.590286] AUTODETECT spr round 1 (radius: 5)
[00:00:01 -1723.619727] AUTODETECT spr round 2 (radius: 10)
[00:00:01 -1723.613466] SPR radius for FAST iterations: 5 (autodetect)
[00:00:01 -1723.613466] Model parameter optimization (eps = 3.000000)
[00:00:01 -1723.450694] FAST spr round 1 (radius: 5)
[00:00:01 -1723.450680] Model parameter optimization (eps = 1.000000)
[00:00:01] [worker #2] ML tree search #11, logLikelihood: -1722.675936
[00:00:01 -1723.450461] SLOW spr round 1 (radius: 5)
[00:00:01 -1722.702330] SLOW spr round 2 (radius: 10)
[00:00:01 -1722.702330] SLOW spr round 3 (radius: 15)
[00:00:02 -1722.702330] SLOW spr round 4 (radius: 20)
[00:00:02] [worker #3] ML tree search #12, logLikelihood: -1722.675928
[00:00:02 -1722.702330] SLOW spr round 5 (radius: 25)
[00:00:02 -1722.702330] Model parameter optimization (eps = 0.100000)

[00:00:02] [worker #0] ML tree search #13, logLikelihood: -1722.675931

[00:00:02 -2657.618880] Initial branch length optimization
[00:00:02 -1776.372013] Model parameter optimization (eps = 10.000000)
[00:00:02] [worker #1] ML tree search #14, logLikelihood: -1722.675951
[00:00:02 -1739.649191] AUTODETECT spr round 1 (radius: 5)
[00:00:02 -1724.242011] AUTODETECT spr round 2 (radius: 10)
[00:00:02 -1724.224488] SPR radius for FAST iterations: 5 (autodetect)
[00:00:02 -1724.224488] Model parameter optimization (eps = 3.000000)
[00:00:02 -1723.937045] FAST spr round 1 (radius: 5)
[00:00:02 -1722.698745] Model parameter optimization (eps = 1.000000)
[00:00:02] [worker #2] ML tree search #15, logLikelihood: -1722.675935
[00:00:02 -1722.675961] SLOW spr round 1 (radius: 5)
[00:00:02 -1722.675947] SLOW spr round 2 (radius: 10)
[00:00:02 -1722.675947] SLOW spr round 3 (radius: 15)
[00:00:02] [worker #3] ML tree search #16, logLikelihood: -1722.675934
[00:00:02 -1722.675947] SLOW spr round 4 (radius: 20)
[00:00:02 -1722.675947] SLOW spr round 5 (radius: 25)
[00:00:02 -1722.675947] Model parameter optimization (eps = 0.100000)

[00:00:02] [worker #0] ML tree search #17, logLikelihood: -1722.675944

[00:00:02] [worker #1] ML tree search #18, logLikelihood: -1722.675929
[00:00:03] [worker #2] ML tree search #19, logLikelihood: -1722.675929
[00:00:03] [worker #3] ML tree search #20, logLikelihood: -1722.675931

Optimized model parameters:

   Partition 0: noname
   Rate heterogeneity: GAMMA (4 cats, mean),  alpha: 0.736999 (ML),  weights&rates: (0.250000,0.082102) (0.250000,0.380476) (0.250000,0.937844) (0.250000,2.599578) 
   Base frequencies (empirical): 0.259749 0.144173 0.211936 0.384142 
   Substitution rates (ML): 0.955290 4.621997 1.755744 1.564311 5.898193 1.000000 


Final LogLikelihood: -1722.284220

AIC score: 3600.568440 / AICc score: 3623.647091 / BIC score: 3945.200905
Free parameters (model + branch lengths): 78

WARNING: Best ML tree contains 14 near-zero branches!

Best ML tree with collapsed near-zero branches saved to: /data/jeremias/eucs/roadies/output/genes/gene_86_filtered.fa.aln.raxml.bestTreeCollapsed
Best ML tree saved to: /data/jeremias/eucs/roadies/output/genes/gene_86_filtered.fa.aln.raxml.bestTree
All ML trees saved to: /data/jeremias/eucs/roadies/output/genes/gene_86_filtered.fa.aln.raxml.mlTrees
Optimized model saved to: /data/jeremias/eucs/roadies/output/genes/gene_86_filtered.fa.aln.raxml.bestModel

Execution log saved to: /data/jeremias/eucs/roadies/output/genes/gene_86_filtered.fa.aln.raxml.log

Analysis started: 03-Jul-2024 18:18:41 / finished: 03-Jul-2024 18:18:44

Elapsed time: 3.339 seconds

