
RAxML-NG v. 1.2.2 released on 11.04.2024 by The Exelixis Lab.
Developed by: Alexey M. Kozlov and Alexandros Stamatakis.
Contributors: Diego Darriba, Tomas Flouri, Benoit Morel, Sarah Lutteropp, Ben Bettisworth, Julia Haag, Anastasis Togkousidis.
Latest version: https://github.com/amkozlov/raxml-ng
Questions/problems/suggestions? Please visit: https://groups.google.com/forum/#!forum/raxml

System: AMD EPYC 7742 64-Core Processor, 128 cores, 1007 GB RAM

RAxML-NG was called at 03-Jul-2024 20:12:06 as follows:

raxml-ng --msa /data/jeremias/eucs/roadies/output/genes/gene_182_filtered.fa.aln --model GTR+G+F --redo --threads auto{4} --blopt nr_safe

Analysis options:
  run mode: ML tree search
  start tree(s): random (10) + parsimony (10)
  random seed: 1720001526
  tip-inner: OFF
  pattern compression: ON
  per-rate scalers: OFF
  site repeats: ON
  logLH epsilon: general: 10.000000, brlen-triplet: 1000.000000
  fast spr radius: AUTO
  spr subtree cutoff: 1.000000
  fast CLV updates: ON
  branch lengths: proportional (ML estimate, algorithm: NR-SAFE)
  SIMD kernels: AVX2
  parallelization: coarse-grained (auto), PTHREADS (auto)

WARNING: Running in REDO mode: existing checkpoints are ignored, and all result files will be overwritten!

[00:00:00] Reading alignment from file: /data/jeremias/eucs/roadies/output/genes/gene_182_filtered.fa.aln
[00:00:00] Loaded alignment with 37 taxa and 512 sites

WARNING: Sequences GCA_016097615.1_0 and GCA_017140185.1_0 are exactly identical!
WARNING: Duplicate sequences found: 1

NOTE: Reduced alignment (with duplicates and gap-only sites/taxa removed) 
NOTE: was saved to: /data/jeremias/eucs/roadies/output/genes/gene_182_filtered.fa.aln.raxml.reduced.phy

Alignment comprises 1 partitions and 156 patterns

Partition 0: noname
Model: GTR+FC+G4m
Alignment sites / patterns: 512 / 156
Gaps: 3.06 %
Invariant sites: 68.75 %


NOTE: Binary MSA file created: /data/jeremias/eucs/roadies/output/genes/gene_182_filtered.fa.aln.raxml.rba

Parallelization scheme autoconfig: 4 worker(s) x 1 thread(s)

[00:00:00] Generating 10 random starting tree(s) with 37 taxa
[00:00:00] Generating 10 parsimony starting tree(s) with 37 taxa
Parallel parsimony with 4 threads
Parallel reduction/worker buffer size: 1 KB  / 0 KB

[00:00:00] Data distribution: max. partitions/sites/weight per thread: 1 / 156 / 2496
[00:00:00] Data distribution: max. searches per worker: 5

Starting ML tree search with 20 distinct starting trees

[00:00:00 -4205.912956] Initial branch length optimization
[00:00:00 -3255.808975] Model parameter optimization (eps = 10.000000)
[00:00:00 -2981.142395] AUTODETECT spr round 1 (radius: 5)
[00:00:00 -2270.436888] AUTODETECT spr round 2 (radius: 10)
[00:00:00 -2041.579805] AUTODETECT spr round 3 (radius: 15)
[00:00:00 -2041.354529] AUTODETECT spr round 4 (radius: 20)
[00:00:00 -2041.352015] SPR radius for FAST iterations: 15 (autodetect)
[00:00:00 -2041.352015] Model parameter optimization (eps = 3.000000)
[00:00:00 -2012.413890] FAST spr round 1 (radius: 15)
[00:00:00 -1939.214495] FAST spr round 2 (radius: 15)
[00:00:00 -1936.693632] Model parameter optimization (eps = 1.000000)
[00:00:00 -1934.736985] SLOW spr round 1 (radius: 5)
[00:00:00 -1934.736760] SLOW spr round 2 (radius: 10)
[00:00:00 -1934.736760] SLOW spr round 3 (radius: 15)
[00:00:00 -1934.736760] SLOW spr round 4 (radius: 20)
[00:00:00] [worker #1] ML tree search #2, logLikelihood: -1934.736728
[00:00:00] [worker #2] ML tree search #3, logLikelihood: -1934.736728
[00:00:00] [worker #3] ML tree search #4, logLikelihood: -1934.736754
[00:00:00 -1934.736760] SLOW spr round 5 (radius: 25)
[00:00:01 -1934.736760] Model parameter optimization (eps = 0.100000)

[00:00:01] [worker #0] ML tree search #1, logLikelihood: -1934.736728

[00:00:01 -4227.148719] Initial branch length optimization
[00:00:01 -3294.262547] Model parameter optimization (eps = 10.000000)
[00:00:01 -3008.974549] AUTODETECT spr round 1 (radius: 5)
[00:00:01 -2452.887132] AUTODETECT spr round 2 (radius: 10)
[00:00:01 -2323.578404] AUTODETECT spr round 3 (radius: 15)
[00:00:01 -2321.255121] AUTODETECT spr round 4 (radius: 20)
[00:00:01 -2321.247712] SPR radius for FAST iterations: 15 (autodetect)
[00:00:01 -2321.247712] Model parameter optimization (eps = 3.000000)
[00:00:01 -2310.754856] FAST spr round 1 (radius: 15)
[00:00:01 -1970.985453] FAST spr round 2 (radius: 15)
[00:00:01 -1961.492929] Model parameter optimization (eps = 1.000000)
[00:00:01 -1934.737101] SLOW spr round 1 (radius: 5)
[00:00:01 -1934.736878] SLOW spr round 2 (radius: 10)
[00:00:01] [worker #2] ML tree search #7, logLikelihood: -1934.736727
[00:00:01 -1934.736878] SLOW spr round 3 (radius: 15)
[00:00:01] [worker #1] ML tree search #6, logLikelihood: -1934.736727
[00:00:01 -1934.736878] SLOW spr round 4 (radius: 20)
[00:00:01 -1934.736878] SLOW spr round 5 (radius: 25)
[00:00:01 -1934.736878] Model parameter optimization (eps = 0.100000)

[00:00:01] [worker #0] ML tree search #5, logLikelihood: -1934.736731

[00:00:01] [worker #3] ML tree search #8, logLikelihood: -1934.736911
[00:00:01 -4139.854191] Initial branch length optimization
[00:00:01 -3269.496620] Model parameter optimization (eps = 10.000000)
[00:00:01 -2996.915286] AUTODETECT spr round 1 (radius: 5)
[00:00:01 -2159.240485] AUTODETECT spr round 2 (radius: 10)
[00:00:01 -2130.950254] AUTODETECT spr round 3 (radius: 15)
[00:00:01 -2130.539993] AUTODETECT spr round 4 (radius: 20)
[00:00:01 -2130.530183] SPR radius for FAST iterations: 15 (autodetect)
[00:00:01 -2130.530183] Model parameter optimization (eps = 3.000000)
[00:00:01 -2116.478772] FAST spr round 1 (radius: 15)
[00:00:02 -1960.515673] FAST spr round 2 (radius: 15)
[00:00:02 -1950.163170] FAST spr round 3 (radius: 15)
[00:00:02] [worker #2] ML tree search #11, logLikelihood: -1934.736730
[00:00:02 -1946.959949] Model parameter optimization (eps = 1.000000)
[00:00:02] [worker #3] ML tree search #12, logLikelihood: -1934.736728
[00:00:02 -1934.907276] SLOW spr round 1 (radius: 5)
[00:00:02] [worker #1] ML tree search #10, logLikelihood: -1934.736728
[00:00:02 -1934.740250] SLOW spr round 2 (radius: 10)
[00:00:02 -1934.740244] SLOW spr round 3 (radius: 15)
[00:00:02 -1934.740244] SLOW spr round 4 (radius: 20)
[00:00:02 -1934.740244] SLOW spr round 5 (radius: 25)
[00:00:02] [worker #2] ML tree search #15, logLikelihood: -1934.736729
[00:00:02 -1934.740244] Model parameter optimization (eps = 0.100000)

[00:00:02] [worker #0] ML tree search #9, logLikelihood: -1934.736749

[00:00:02 -2842.578802] Initial branch length optimization
[00:00:02 -1967.175986] Model parameter optimization (eps = 10.000000)
[00:00:02 -1936.641404] AUTODETECT spr round 1 (radius: 5)
[00:00:02] [worker #3] ML tree search #16, logLikelihood: -1934.736726
[00:00:02 -1934.759054] AUTODETECT spr round 2 (radius: 10)
[00:00:02 -1934.758423] SPR radius for FAST iterations: 5 (autodetect)
[00:00:02 -1934.758423] Model parameter optimization (eps = 3.000000)
[00:00:02] [worker #1] ML tree search #14, logLikelihood: -1934.736731
[00:00:02 -1934.737066] FAST spr round 1 (radius: 5)
[00:00:03 -1934.737060] Model parameter optimization (eps = 1.000000)
[00:00:03 -1934.736915] SLOW spr round 1 (radius: 5)
[00:00:03 -1934.736732] SLOW spr round 2 (radius: 10)
[00:00:03 -1934.736732] SLOW spr round 3 (radius: 15)
[00:00:03 -1934.736732] SLOW spr round 4 (radius: 20)
[00:00:03 -1934.736732] SLOW spr round 5 (radius: 25)
[00:00:03 -1934.736732] Model parameter optimization (eps = 0.100000)

[00:00:03] [worker #0] ML tree search #13, logLikelihood: -1934.736731

[00:00:03 -2843.610000] Initial branch length optimization
[00:00:03] [worker #2] ML tree search #19, logLikelihood: -1934.736730
[00:00:03 -1965.185102] Model parameter optimization (eps = 10.000000)
[00:00:03 -1934.907085] AUTODETECT spr round 1 (radius: 5)
[00:00:03 -1934.907075] SPR radius for FAST iterations: 5 (autodetect)
[00:00:03 -1934.907075] Model parameter optimization (eps = 3.000000)
[00:00:03] [worker #3] ML tree search #20, logLikelihood: -1934.736738
[00:00:03 -1934.907058] FAST spr round 1 (radius: 5)
[00:00:03] [worker #1] ML tree search #18, logLikelihood: -1934.736727
[00:00:03 -1934.740019] Model parameter optimization (eps = 1.000000)
[00:00:03 -1934.736809] SLOW spr round 1 (radius: 5)
[00:00:03 -1934.736746] SLOW spr round 2 (radius: 10)
[00:00:03 -1934.736746] SLOW spr round 3 (radius: 15)
[00:00:03 -1934.736746] SLOW spr round 4 (radius: 20)
[00:00:03 -1934.736746] SLOW spr round 5 (radius: 25)
[00:00:03 -1934.736746] Model parameter optimization (eps = 0.100000)

[00:00:03] [worker #0] ML tree search #17, logLikelihood: -1934.736728


Optimized model parameters:

   Partition 0: noname
   Rate heterogeneity: GAMMA (4 cats, mean),  alpha: 1.880613 (ML),  weights&rates: (0.250000,0.278594) (0.250000,0.641687) (0.250000,1.066693) (0.250000,2.013026) 
   Base frequencies (empirical): 0.301116 0.225265 0.194827 0.278791 
   Substitution rates (ML): 0.985619 2.321776 0.649293 0.697504 2.523159 1.000000 


Final LogLikelihood: -1934.736726

AIC score: 4029.473453 / AICc score: 4059.543058 / BIC score: 4368.539423
Free parameters (model + branch lengths): 80

WARNING: Best ML tree contains 10 near-zero branches!

Best ML tree with collapsed near-zero branches saved to: /data/jeremias/eucs/roadies/output/genes/gene_182_filtered.fa.aln.raxml.bestTreeCollapsed
Best ML tree saved to: /data/jeremias/eucs/roadies/output/genes/gene_182_filtered.fa.aln.raxml.bestTree
All ML trees saved to: /data/jeremias/eucs/roadies/output/genes/gene_182_filtered.fa.aln.raxml.mlTrees
Optimized model saved to: /data/jeremias/eucs/roadies/output/genes/gene_182_filtered.fa.aln.raxml.bestModel

Execution log saved to: /data/jeremias/eucs/roadies/output/genes/gene_182_filtered.fa.aln.raxml.log

Analysis started: 03-Jul-2024 20:12:06 / finished: 03-Jul-2024 20:12:10

Elapsed time: 3.962 seconds

