
RAxML-NG v. 1.2.2 released on 11.04.2024 by The Exelixis Lab.
Developed by: Alexey M. Kozlov and Alexandros Stamatakis.
Contributors: Diego Darriba, Tomas Flouri, Benoit Morel, Sarah Lutteropp, Ben Bettisworth, Julia Haag, Anastasis Togkousidis.
Latest version: https://github.com/amkozlov/raxml-ng
Questions/problems/suggestions? Please visit: https://groups.google.com/forum/#!forum/raxml

System: AMD EPYC 7742 64-Core Processor, 128 cores, 1007 GB RAM

RAxML-NG was called at 03-Jul-2024 19:38:35 as follows:

raxml-ng --msa /data/jeremias/eucs/roadies/output/genes/gene_79_filtered.fa.aln --model GTR+G+F --redo --threads auto{4} --blopt nr_safe

Analysis options:
  run mode: ML tree search
  start tree(s): random (10) + parsimony (10)
  random seed: 1719999515
  tip-inner: OFF
  pattern compression: ON
  per-rate scalers: OFF
  site repeats: ON
  logLH epsilon: general: 10.000000, brlen-triplet: 1000.000000
  fast spr radius: AUTO
  spr subtree cutoff: 1.000000
  fast CLV updates: ON
  branch lengths: proportional (ML estimate, algorithm: NR-SAFE)
  SIMD kernels: AVX2
  parallelization: coarse-grained (auto), PTHREADS (auto)

WARNING: Running in REDO mode: existing checkpoints are ignored, and all result files will be overwritten!

[00:00:00] Reading alignment from file: /data/jeremias/eucs/roadies/output/genes/gene_79_filtered.fa.aln
[00:00:00] Loaded alignment with 149 taxa and 531 sites

WARNING: Sequences GCA_014182705.1_0 and GCF_016545825.1_0 are exactly identical!
WARNING: Sequences GCA_014182515.1_5 and GCA_014182515.1_6 are exactly identical!
WARNING: Duplicate sequences found: 2

NOTE: Reduced alignment (with duplicates and gap-only sites/taxa removed) 
NOTE: was saved to: /data/jeremias/eucs/roadies/output/genes/gene_79_filtered.fa.aln.raxml.reduced.phy

Alignment comprises 1 partitions and 515 patterns

Partition 0: noname
Model: GTR+FC+G4m
Alignment sites / patterns: 531 / 515
Gaps: 10.02 %
Invariant sites: 10.55 %


NOTE: Binary MSA file created: /data/jeremias/eucs/roadies/output/genes/gene_79_filtered.fa.aln.raxml.rba

Parallelization scheme autoconfig: 4 worker(s) x 1 thread(s)

[00:00:00] Generating 10 random starting tree(s) with 149 taxa
[00:00:00] Generating 10 parsimony starting tree(s) with 149 taxa
Parallel parsimony with 4 threads
Parallel reduction/worker buffer size: 1 KB  / 0 KB

[00:00:00] Data distribution: max. partitions/sites/weight per thread: 1 / 515 / 8240
[00:00:00] Data distribution: max. searches per worker: 5

Starting ML tree search with 20 distinct starting trees

[00:00:00 -38665.502198] Initial branch length optimization
[00:00:00 -32930.046238] Model parameter optimization (eps = 10.000000)
[00:00:00 -31784.109460] AUTODETECT spr round 1 (radius: 5)
[00:00:01 -20373.018662] AUTODETECT spr round 2 (radius: 10)
[00:00:02 -14548.303937] AUTODETECT spr round 3 (radius: 15)
[00:00:04 -13802.349831] AUTODETECT spr round 4 (radius: 20)
[00:00:05 -13740.679844] AUTODETECT spr round 5 (radius: 25)
[00:00:06 -13673.279602] SPR radius for FAST iterations: 25 (autodetect)
[00:00:06 -13673.279602] Model parameter optimization (eps = 3.000000)
[00:00:07 -13519.024815] FAST spr round 1 (radius: 25)
[00:00:08 -12451.602231] FAST spr round 2 (radius: 25)
[00:00:09 -12413.099673] FAST spr round 3 (radius: 25)
[00:00:09 -12410.850903] Model parameter optimization (eps = 1.000000)
[00:00:10 -12406.560035] SLOW spr round 1 (radius: 5)
[00:00:12 -12402.570674] SLOW spr round 2 (radius: 10)
[00:00:13 -12400.567686] SLOW spr round 3 (radius: 15)
[00:00:16 -12400.567384] SLOW spr round 4 (radius: 20)
[00:00:19 -12400.567382] SLOW spr round 5 (radius: 25)
[00:00:21] [worker #3] ML tree search #4, logLikelihood: -12408.736576
[00:00:21 -12400.567382] Model parameter optimization (eps = 0.100000)

[00:00:21] [worker #0] ML tree search #1, logLikelihood: -12400.552162

[00:00:21 -38458.856775] Initial branch length optimization
[00:00:22 -32473.390031] Model parameter optimization (eps = 10.000000)
[00:00:22] [worker #2] ML tree search #3, logLikelihood: -12414.366338
[00:00:22 -31528.505817] AUTODETECT spr round 1 (radius: 5)
[00:00:22] [worker #1] ML tree search #2, logLikelihood: -12396.718402
[00:00:23 -17768.900783] AUTODETECT spr round 2 (radius: 10)
[00:00:24 -14392.993010] AUTODETECT spr round 3 (radius: 15)
[00:00:26 -13604.172052] AUTODETECT spr round 4 (radius: 20)
[00:00:28 -13600.107303] AUTODETECT spr round 5 (radius: 25)
[00:00:29 -13597.968035] SPR radius for FAST iterations: 25 (autodetect)
[00:00:29 -13597.968035] Model parameter optimization (eps = 3.000000)
[00:00:29 -13476.695800] FAST spr round 1 (radius: 25)
[00:00:30 -12474.524845] FAST spr round 2 (radius: 25)
[00:00:31 -12435.677250] FAST spr round 3 (radius: 25)
[00:00:31 -12433.644149] Model parameter optimization (eps = 1.000000)
[00:00:32 -12431.592682] SLOW spr round 1 (radius: 5)
[00:00:34 -12415.188675] SLOW spr round 2 (radius: 5)
[00:00:36 -12415.187789] SLOW spr round 3 (radius: 10)
[00:00:38 -12415.187783] SLOW spr round 4 (radius: 15)
[00:00:41 -12415.187783] SLOW spr round 5 (radius: 20)
[00:00:43] [worker #3] ML tree search #8, logLikelihood: -12415.406678
[00:00:43] [worker #2] ML tree search #7, logLikelihood: -12399.515650
[00:00:44 -12415.187783] SLOW spr round 6 (radius: 25)
[00:00:46 -12415.187783] Model parameter optimization (eps = 0.100000)

[00:00:46] [worker #0] ML tree search #5, logLikelihood: -12415.160457

[00:00:46 -38360.990486] Initial branch length optimization
[00:00:46 -32307.723008] Model parameter optimization (eps = 10.000000)
[00:00:46] [worker #1] ML tree search #6, logLikelihood: -12405.341319
[00:00:46 -31375.846368] AUTODETECT spr round 1 (radius: 5)
[00:00:47 -17672.086015] AUTODETECT spr round 2 (radius: 10)
[00:00:48 -13336.366958] AUTODETECT spr round 3 (radius: 15)
[00:00:50 -13234.750468] AUTODETECT spr round 4 (radius: 20)
[00:00:52 -13153.032499] AUTODETECT spr round 5 (radius: 25)
[00:00:52 -13150.004058] SPR radius for FAST iterations: 25 (autodetect)
[00:00:52 -13150.004058] Model parameter optimization (eps = 3.000000)
[00:00:53 -13045.868858] FAST spr round 1 (radius: 25)
[00:00:54 -12454.172071] FAST spr round 2 (radius: 25)
[00:00:54 -12405.865980] FAST spr round 3 (radius: 25)
[00:00:55 -12403.175380] Model parameter optimization (eps = 1.000000)
[00:00:55 -12400.970161] SLOW spr round 1 (radius: 5)
[00:00:57 -12397.090728] SLOW spr round 2 (radius: 10)
[00:00:59 -12397.090682] SLOW spr round 3 (radius: 15)
[00:01:00] [worker #2] ML tree search #11, logLikelihood: -12402.705061
[00:01:01] [worker #3] ML tree search #12, logLikelihood: -12403.330600
[00:01:02 -12397.090679] SLOW spr round 4 (radius: 20)
[00:01:05 -12397.090679] SLOW spr round 5 (radius: 25)
[00:01:07 -12397.090679] Model parameter optimization (eps = 0.100000)

[00:01:07] [worker #0] ML tree search #9, logLikelihood: -12397.070298

[00:01:07 -14887.455157] Initial branch length optimization
[00:01:07 -12781.165571] Model parameter optimization (eps = 10.000000)
[00:01:08 -12522.264073] AUTODETECT spr round 1 (radius: 5)
[00:01:08 -12426.422789] AUTODETECT spr round 2 (radius: 10)
[00:01:08] [worker #1] ML tree search #10, logLikelihood: -12398.522607
[00:01:09 -12411.472616] AUTODETECT spr round 3 (radius: 15)
[00:01:11 -12411.400796] SPR radius for FAST iterations: 10 (autodetect)
[00:01:11 -12411.400796] Model parameter optimization (eps = 3.000000)
[00:01:11 -12411.152262] FAST spr round 1 (radius: 10)
[00:01:12 -12408.044112] Model parameter optimization (eps = 1.000000)
[00:01:12 -12408.033466] SLOW spr round 1 (radius: 5)
[00:01:14 -12406.323182] SLOW spr round 2 (radius: 10)
[00:01:16 -12405.677975] SLOW spr round 3 (radius: 15)
[00:01:16] [worker #2] ML tree search #15, logLikelihood: -12404.912429
[00:01:18 -12405.677958] SLOW spr round 4 (radius: 20)
[00:01:21] [worker #3] ML tree search #16, logLikelihood: -12401.771384
[00:01:22 -12405.677958] SLOW spr round 5 (radius: 25)
[00:01:24 -12405.677958] Model parameter optimization (eps = 0.100000)

[00:01:24] [worker #0] ML tree search #13, logLikelihood: -12405.661765

[00:01:24 -14828.981529] Initial branch length optimization
[00:01:24 -12772.475037] Model parameter optimization (eps = 10.000000)
[00:01:24 -12508.095030] AUTODETECT spr round 1 (radius: 5)
[00:01:24] [worker #1] ML tree search #14, logLikelihood: -12401.390264
[00:01:25 -12417.928575] AUTODETECT spr round 2 (radius: 10)
[00:01:26 -12403.421101] AUTODETECT spr round 3 (radius: 15)
[00:01:28 -12403.197585] AUTODETECT spr round 4 (radius: 20)
[00:01:29 -12403.182368] SPR radius for FAST iterations: 15 (autodetect)
[00:01:29 -12403.182368] Model parameter optimization (eps = 3.000000)
[00:01:29 -12402.883346] FAST spr round 1 (radius: 15)
[00:01:30 -12402.883187] Model parameter optimization (eps = 1.000000)
[00:01:30 -12402.883135] SLOW spr round 1 (radius: 5)
[00:01:30] [worker #2] ML tree search #19, logLikelihood: -12401.114913
[00:01:32 -12401.064304] SLOW spr round 2 (radius: 10)
[00:01:33 -12401.063814] SLOW spr round 3 (radius: 15)
[00:01:36 -12401.063777] SLOW spr round 4 (radius: 20)
[00:01:39] [worker #3] ML tree search #20, logLikelihood: -12399.897133
[00:01:40 -12401.063774] SLOW spr round 5 (radius: 25)
[00:01:41 -12401.063774] Model parameter optimization (eps = 0.100000)

[00:01:41] [worker #0] ML tree search #17, logLikelihood: -12401.047807

[00:01:42] [worker #1] ML tree search #18, logLikelihood: -12401.164178

Optimized model parameters:

   Partition 0: noname
   Rate heterogeneity: GAMMA (4 cats, mean),  alpha: 1.867813 (ML),  weights&rates: (0.250000,0.276968) (0.250000,0.640178) (0.250000,1.066300) (0.250000,2.016553) 
   Base frequencies (empirical): 0.327485 0.242225 0.218600 0.211689 
   Substitution rates (ML): 0.980624 2.194415 0.739455 1.074629 2.807160 1.000000 


Final LogLikelihood: -12396.718402

AIC score: 25401.436804 / AICc score: 26221.967777 / BIC score: 26700.964458
Free parameters (model + branch lengths): 304

WARNING: Best ML tree contains 25 near-zero branches!

Best ML tree with collapsed near-zero branches saved to: /data/jeremias/eucs/roadies/output/genes/gene_79_filtered.fa.aln.raxml.bestTreeCollapsed
Best ML tree saved to: /data/jeremias/eucs/roadies/output/genes/gene_79_filtered.fa.aln.raxml.bestTree
All ML trees saved to: /data/jeremias/eucs/roadies/output/genes/gene_79_filtered.fa.aln.raxml.mlTrees
Optimized model saved to: /data/jeremias/eucs/roadies/output/genes/gene_79_filtered.fa.aln.raxml.bestModel

Execution log saved to: /data/jeremias/eucs/roadies/output/genes/gene_79_filtered.fa.aln.raxml.log

Analysis started: 03-Jul-2024 19:38:35 / finished: 03-Jul-2024 19:40:17

Elapsed time: 102.745 seconds

