
RAxML-NG v. 1.2.2 released on 11.04.2024 by The Exelixis Lab.
Developed by: Alexey M. Kozlov and Alexandros Stamatakis.
Contributors: Diego Darriba, Tomas Flouri, Benoit Morel, Sarah Lutteropp, Ben Bettisworth, Julia Haag, Anastasis Togkousidis.
Latest version: https://github.com/amkozlov/raxml-ng
Questions/problems/suggestions? Please visit: https://groups.google.com/forum/#!forum/raxml

System: AMD EPYC 7742 64-Core Processor, 128 cores, 1007 GB RAM

RAxML-NG was called at 03-Jul-2024 20:52:15 as follows:

raxml-ng --msa /data/jeremias/eucs/roadies/output/genes/gene_49_filtered.fa.aln --model GTR+G+F --redo --threads auto{4} --blopt nr_safe

Analysis options:
  run mode: ML tree search
  start tree(s): random (10) + parsimony (10)
  random seed: 1720003935
  tip-inner: OFF
  pattern compression: ON
  per-rate scalers: OFF
  site repeats: ON
  logLH epsilon: general: 10.000000, brlen-triplet: 1000.000000
  fast spr radius: AUTO
  spr subtree cutoff: 1.000000
  fast CLV updates: ON
  branch lengths: proportional (ML estimate, algorithm: NR-SAFE)
  SIMD kernels: AVX2
  parallelization: coarse-grained (auto), PTHREADS (auto)

WARNING: Running in REDO mode: existing checkpoints are ignored, and all result files will be overwritten!

[00:00:00] Reading alignment from file: /data/jeremias/eucs/roadies/output/genes/gene_49_filtered.fa.aln
[00:00:00] Loaded alignment with 121 taxa and 500 sites

WARNING: Sequences GCA_014182385.1_2 and GCA_014182545.1_2 are exactly identical!
WARNING: Sequences GCA_014182385.1_2 and GCA_014182545.1_3 are exactly identical!
WARNING: Duplicate sequences found: 2

NOTE: Reduced alignment (with duplicates and gap-only sites/taxa removed) 
NOTE: was saved to: /data/jeremias/eucs/roadies/output/genes/gene_49_filtered.fa.aln.raxml.reduced.phy

Alignment comprises 1 partitions and 416 patterns

Partition 0: noname
Model: GTR+FC+G4m
Alignment sites / patterns: 500 / 416
Gaps: 1.25 %
Invariant sites: 18.00 %


NOTE: Binary MSA file created: /data/jeremias/eucs/roadies/output/genes/gene_49_filtered.fa.aln.raxml.rba

Parallelization scheme autoconfig: 4 worker(s) x 1 thread(s)

[00:00:00] Generating 10 random starting tree(s) with 121 taxa
[00:00:00] Generating 10 parsimony starting tree(s) with 121 taxa
Parallel parsimony with 4 threads
Parallel reduction/worker buffer size: 1 KB  / 0 KB

[00:00:00] Data distribution: max. partitions/sites/weight per thread: 1 / 416 / 6656
[00:00:00] Data distribution: max. searches per worker: 5

Starting ML tree search with 20 distinct starting trees

[00:00:00 -39884.822980] Initial branch length optimization
[00:00:00 -28516.472187] Model parameter optimization (eps = 10.000000)
[00:00:01 -25951.212277] AUTODETECT spr round 1 (radius: 5)
[00:00:02 -12407.328969] AUTODETECT spr round 2 (radius: 10)
[00:00:02 -8964.460463] AUTODETECT spr round 3 (radius: 15)
[00:00:03 -8061.280048] AUTODETECT spr round 4 (radius: 20)
[00:00:04 -7607.049087] AUTODETECT spr round 5 (radius: 25)
[00:00:04 -7605.572683] SPR radius for FAST iterations: 25 (autodetect)
[00:00:04 -7605.572683] Model parameter optimization (eps = 3.000000)
[00:00:05 -7142.968054] FAST spr round 1 (radius: 25)
[00:00:06 -6706.284163] FAST spr round 2 (radius: 25)
[00:00:06 -6633.012216] FAST spr round 3 (radius: 25)
[00:00:07 -6625.230909] Model parameter optimization (eps = 1.000000)
[00:00:07 -6619.332034] SLOW spr round 1 (radius: 5)
[00:00:08 -6618.813290] SLOW spr round 2 (radius: 10)
[00:00:09 -6618.813282] SLOW spr round 3 (radius: 15)
[00:00:11 -6618.813282] SLOW spr round 4 (radius: 20)
[00:00:12 -6618.813282] SLOW spr round 5 (radius: 25)
[00:00:13] [worker #2] ML tree search #3, logLikelihood: -6617.374260
[00:00:13 -6618.813282] Model parameter optimization (eps = 0.100000)

[00:00:13] [worker #0] ML tree search #1, logLikelihood: -6618.792853

[00:00:13 -38747.468808] Initial branch length optimization
[00:00:13 -27407.697448] Model parameter optimization (eps = 10.000000)
[00:00:14] [worker #3] ML tree search #4, logLikelihood: -6616.482347
[00:00:15] [worker #1] ML tree search #2, logLikelihood: -6619.101594
[00:00:15 -24918.540110] AUTODETECT spr round 1 (radius: 5)
[00:00:15 -12620.431655] AUTODETECT spr round 2 (radius: 10)
[00:00:16 -8780.744637] AUTODETECT spr round 3 (radius: 15)
[00:00:17 -7290.581895] AUTODETECT spr round 4 (radius: 20)
[00:00:17 -7287.680362] AUTODETECT spr round 5 (radius: 25)
[00:00:18 -7286.075985] SPR radius for FAST iterations: 25 (autodetect)
[00:00:18 -7286.075985] Model parameter optimization (eps = 3.000000)
[00:00:18 -6862.930994] FAST spr round 1 (radius: 25)
[00:00:19 -6637.504143] FAST spr round 2 (radius: 25)
[00:00:20 -6623.585486] FAST spr round 3 (radius: 25)
[00:00:20 -6620.468214] Model parameter optimization (eps = 1.000000)
[00:00:20 -6618.080827] SLOW spr round 1 (radius: 5)
[00:00:22 -6616.187334] SLOW spr round 2 (radius: 10)
[00:00:23 -6616.185160] SLOW spr round 3 (radius: 15)
[00:00:24 -6616.185160] SLOW spr round 4 (radius: 20)
[00:00:26 -6616.185160] SLOW spr round 5 (radius: 25)
[00:00:27 -6616.185160] Model parameter optimization (eps = 0.100000)

[00:00:27] [worker #0] ML tree search #5, logLikelihood: -6616.124775

[00:00:27 -39636.331244] Initial branch length optimization
[00:00:27 -28618.478680] Model parameter optimization (eps = 10.000000)
[00:00:27] [worker #2] ML tree search #7, logLikelihood: -6619.489275
[00:00:28] [worker #3] ML tree search #8, logLikelihood: -6619.969746
[00:00:28] [worker #1] ML tree search #6, logLikelihood: -6614.839754
[00:00:29 -25824.001360] AUTODETECT spr round 1 (radius: 5)
[00:00:29 -12718.131993] AUTODETECT spr round 2 (radius: 10)
[00:00:30 -8190.732303] AUTODETECT spr round 3 (radius: 15)
[00:00:30 -7773.580256] AUTODETECT spr round 4 (radius: 20)
[00:00:31 -7771.512460] AUTODETECT spr round 5 (radius: 25)
[00:00:31 -7770.658951] SPR radius for FAST iterations: 25 (autodetect)
[00:00:31 -7770.658951] Model parameter optimization (eps = 3.000000)
[00:00:32 -7315.203258] FAST spr round 1 (radius: 25)
[00:00:32 -6659.566270] FAST spr round 2 (radius: 25)
[00:00:33 -6626.500589] FAST spr round 3 (radius: 25)
[00:00:34 -6626.435363] Model parameter optimization (eps = 1.000000)
[00:00:34 -6619.296113] SLOW spr round 1 (radius: 5)
[00:00:35 -6618.823788] SLOW spr round 2 (radius: 10)
[00:00:36] [worker #2] ML tree search #11, logLikelihood: -6615.996079
[00:00:36 -6618.665519] SLOW spr round 3 (radius: 15)
[00:00:38 -6618.665519] SLOW spr round 4 (radius: 20)
[00:00:38] [worker #3] ML tree search #12, logLikelihood: -6616.123689
[00:00:39 -6618.665519] SLOW spr round 5 (radius: 25)
[00:00:40 -6618.665519] Model parameter optimization (eps = 0.100000)

[00:00:40] [worker #0] ML tree search #9, logLikelihood: -6618.640589

[00:00:40 -9217.470912] Initial branch length optimization
[00:00:40 -6859.587754] Model parameter optimization (eps = 10.000000)
[00:00:41 -6670.918277] AUTODETECT spr round 1 (radius: 5)
[00:00:41 -6645.205151] AUTODETECT spr round 2 (radius: 10)
[00:00:41 -6622.897051] AUTODETECT spr round 3 (radius: 15)
[00:00:41] [worker #1] ML tree search #10, logLikelihood: -6618.793261
[00:00:42 -6622.726928] AUTODETECT spr round 4 (radius: 20)
[00:00:43 -6622.726109] SPR radius for FAST iterations: 15 (autodetect)
[00:00:43 -6622.726109] Model parameter optimization (eps = 3.000000)
[00:00:43 -6622.582535] FAST spr round 1 (radius: 15)
[00:00:43 -6617.812705] Model parameter optimization (eps = 1.000000)
[00:00:44 -6617.802662] SLOW spr round 1 (radius: 5)
[00:00:45] [worker #2] ML tree search #15, logLikelihood: -6615.943126
[00:00:45 -6616.368220] SLOW spr round 2 (radius: 10)
[00:00:46 -6616.368202] SLOW spr round 3 (radius: 15)
[00:00:47] [worker #3] ML tree search #16, logLikelihood: -6616.147411
[00:00:48 -6616.368202] SLOW spr round 4 (radius: 20)
[00:00:49 -6616.368202] SLOW spr round 5 (radius: 25)
[00:00:50 -6616.368202] Model parameter optimization (eps = 0.100000)

[00:00:50] [worker #0] ML tree search #13, logLikelihood: -6616.306293

[00:00:50 -9237.192001] Initial branch length optimization
[00:00:50 -6865.621671] Model parameter optimization (eps = 10.000000)
[00:00:51 -6667.387438] AUTODETECT spr round 1 (radius: 5)
[00:00:51 -6627.622524] AUTODETECT spr round 2 (radius: 10)
[00:00:52 -6623.883103] AUTODETECT spr round 3 (radius: 15)
[00:00:52] [worker #1] ML tree search #14, logLikelihood: -6616.306281
[00:00:53 -6623.882859] SPR radius for FAST iterations: 10 (autodetect)
[00:00:53 -6623.882859] Model parameter optimization (eps = 3.000000)
[00:00:53 -6623.799802] FAST spr round 1 (radius: 10)
[00:00:53 -6615.918955] Model parameter optimization (eps = 1.000000)
[00:00:53 -6615.908210] SLOW spr round 1 (radius: 5)
[00:00:54] [worker #2] ML tree search #19, logLikelihood: -6617.387671
[00:00:54 -6614.845190] SLOW spr round 2 (radius: 10)
[00:00:55 -6614.840503] SLOW spr round 3 (radius: 15)
[00:00:56] [worker #3] ML tree search #20, logLikelihood: -6616.287921
[00:00:57 -6614.840502] SLOW spr round 4 (radius: 20)
[00:00:58 -6614.840502] SLOW spr round 5 (radius: 25)
[00:00:59 -6614.840502] Model parameter optimization (eps = 0.100000)

[00:00:59] [worker #0] ML tree search #17, logLikelihood: -6614.823575

[00:01:01] [worker #1] ML tree search #18, logLikelihood: -6619.966114

Optimized model parameters:

   Partition 0: noname
   Rate heterogeneity: GAMMA (4 cats, mean),  alpha: 1.581566 (ML),  weights&rates: (0.250000,0.237652) (0.250000,0.601593) (0.250000,1.054873) (0.250000,2.105882) 
   Base frequencies (empirical): 0.222014 0.296398 0.234952 0.246636 
   Substitution rates (ML): 0.786343 3.259699 0.752979 0.970257 2.859514 1.000000 


Final LogLikelihood: -6614.823575

AIC score: 13725.647149 / AICc score: 14217.694958 / BIC score: 14770.869958
Free parameters (model + branch lengths): 248

WARNING: Best ML tree contains 45 near-zero branches!

Best ML tree with collapsed near-zero branches saved to: /data/jeremias/eucs/roadies/output/genes/gene_49_filtered.fa.aln.raxml.bestTreeCollapsed
Best ML tree saved to: /data/jeremias/eucs/roadies/output/genes/gene_49_filtered.fa.aln.raxml.bestTree
All ML trees saved to: /data/jeremias/eucs/roadies/output/genes/gene_49_filtered.fa.aln.raxml.mlTrees
Optimized model saved to: /data/jeremias/eucs/roadies/output/genes/gene_49_filtered.fa.aln.raxml.bestModel

Execution log saved to: /data/jeremias/eucs/roadies/output/genes/gene_49_filtered.fa.aln.raxml.log

Analysis started: 03-Jul-2024 20:52:15 / finished: 03-Jul-2024 20:53:16

Elapsed time: 61.041 seconds

