
RAxML-NG v. 1.2.2 released on 11.04.2024 by The Exelixis Lab.
Developed by: Alexey M. Kozlov and Alexandros Stamatakis.
Contributors: Diego Darriba, Tomas Flouri, Benoit Morel, Sarah Lutteropp, Ben Bettisworth, Julia Haag, Anastasis Togkousidis.
Latest version: https://github.com/amkozlov/raxml-ng
Questions/problems/suggestions? Please visit: https://groups.google.com/forum/#!forum/raxml

System: AMD EPYC 7742 64-Core Processor, 128 cores, 1007 GB RAM

RAxML-NG was called at 03-Jul-2024 18:23:59 as follows:

raxml-ng --msa /data/jeremias/eucs/roadies/output/genes/gene_239_filtered.fa.aln --model GTR+G+F --redo --threads auto{4} --blopt nr_safe

Analysis options:
  run mode: ML tree search
  start tree(s): random (10) + parsimony (10)
  random seed: 1719995039
  tip-inner: OFF
  pattern compression: ON
  per-rate scalers: OFF
  site repeats: ON
  logLH epsilon: general: 10.000000, brlen-triplet: 1000.000000
  fast spr radius: AUTO
  spr subtree cutoff: 1.000000
  fast CLV updates: ON
  branch lengths: proportional (ML estimate, algorithm: NR-SAFE)
  SIMD kernels: AVX2
  parallelization: coarse-grained (auto), PTHREADS (auto)

WARNING: Running in REDO mode: existing checkpoints are ignored, and all result files will be overwritten!

[00:00:00] Reading alignment from file: /data/jeremias/eucs/roadies/output/genes/gene_239_filtered.fa.aln
[00:00:00] Loaded alignment with 36 taxa and 500 sites

Alignment comprises 1 partitions and 97 patterns

Partition 0: noname
Model: GTR+FC+G4m
Alignment sites / patterns: 500 / 97
Gaps: 0.21 %
Invariant sites: 79.80 %


NOTE: Binary MSA file created: /data/jeremias/eucs/roadies/output/genes/gene_239_filtered.fa.aln.raxml.rba

Parallelization scheme autoconfig: 4 worker(s) x 1 thread(s)

[00:00:00] Generating 10 random starting tree(s) with 36 taxa
[00:00:00] Generating 10 parsimony starting tree(s) with 36 taxa
Parallel parsimony with 4 threads
Parallel reduction/worker buffer size: 1 KB  / 0 KB

[00:00:00] Data distribution: max. partitions/sites/weight per thread: 1 / 97 / 1552
[00:00:00] Data distribution: max. searches per worker: 5

Starting ML tree search with 20 distinct starting trees

[00:00:00 -3241.479624] Initial branch length optimization
[00:00:00 -2394.011051] Model parameter optimization (eps = 10.000000)
[00:00:00 -2103.648795] AUTODETECT spr round 1 (radius: 5)
[00:00:00 -1788.538963] AUTODETECT spr round 2 (radius: 10)
[00:00:00 -1666.163967] AUTODETECT spr round 3 (radius: 15)
[00:00:00 -1666.070225] SPR radius for FAST iterations: 10 (autodetect)
[00:00:00 -1666.070225] Model parameter optimization (eps = 3.000000)
[00:00:00 -1661.810054] FAST spr round 1 (radius: 10)
[00:00:00 -1656.664423] Model parameter optimization (eps = 1.000000)
[00:00:00 -1656.577160] SLOW spr round 1 (radius: 5)
[00:00:00 -1652.169549] SLOW spr round 2 (radius: 10)
[00:00:00 -1652.169532] SLOW spr round 3 (radius: 15)
[00:00:00 -1652.169532] SLOW spr round 4 (radius: 20)
[00:00:00 -1652.169532] SLOW spr round 5 (radius: 25)
[00:00:00 -1652.169532] Model parameter optimization (eps = 0.100000)
[00:00:00] [worker #3] ML tree search #4, logLikelihood: -1649.313973

[00:00:00] [worker #0] ML tree search #1, logLikelihood: -1652.098636

[00:00:00 -3276.824562] Initial branch length optimization
[00:00:00 -2422.171151] Model parameter optimization (eps = 10.000000)
[00:00:00 -2118.413830] AUTODETECT spr round 1 (radius: 5)
[00:00:00] [worker #2] ML tree search #3, logLikelihood: -1651.654588
[00:00:00 -1679.119538] AUTODETECT spr round 2 (radius: 10)
[00:00:00 -1662.970344] AUTODETECT spr round 3 (radius: 15)
[00:00:00] [worker #1] ML tree search #2, logLikelihood: -1649.655003
[00:00:00 -1662.921435] SPR radius for FAST iterations: 10 (autodetect)
[00:00:00 -1662.921435] Model parameter optimization (eps = 3.000000)
[00:00:00 -1658.147692] FAST spr round 1 (radius: 10)
[00:00:00 -1655.606618] Model parameter optimization (eps = 1.000000)
[00:00:00 -1655.592553] SLOW spr round 1 (radius: 5)
[00:00:00 -1655.592353] SLOW spr round 2 (radius: 10)
[00:00:00 -1654.894495] SLOW spr round 3 (radius: 15)
[00:00:00] [worker #3] ML tree search #8, logLikelihood: -1651.708324
[00:00:00 -1654.894494] SLOW spr round 4 (radius: 20)
[00:00:00 -1654.894494] SLOW spr round 5 (radius: 25)
[00:00:00 -1654.894494] Model parameter optimization (eps = 0.100000)

[00:00:00] [worker #0] ML tree search #5, logLikelihood: -1654.794176

[00:00:00 -3299.726934] Initial branch length optimization
[00:00:00 -2454.367698] Model parameter optimization (eps = 10.000000)
[00:00:00 -2122.937963] AUTODETECT spr round 1 (radius: 5)
[00:00:00] [worker #2] ML tree search #7, logLikelihood: -1654.051139
[00:00:00 -1795.109329] AUTODETECT spr round 2 (radius: 10)
[00:00:01 -1764.297131] AUTODETECT spr round 3 (radius: 15)
[00:00:01 -1764.044151] AUTODETECT spr round 4 (radius: 20)
[00:00:01 -1763.970163] SPR radius for FAST iterations: 15 (autodetect)
[00:00:01 -1763.970163] Model parameter optimization (eps = 3.000000)
[00:00:01 -1758.779763] FAST spr round 1 (radius: 15)
[00:00:01 -1739.850253] FAST spr round 2 (radius: 15)
[00:00:01 -1656.484925] FAST spr round 3 (radius: 15)
[00:00:01 -1654.597211] Model parameter optimization (eps = 1.000000)
[00:00:01] [worker #1] ML tree search #6, logLikelihood: -1651.270028
[00:00:01 -1652.022370] SLOW spr round 1 (radius: 5)
[00:00:01] [worker #3] ML tree search #12, logLikelihood: -1653.695741
[00:00:01 -1651.726451] SLOW spr round 2 (radius: 10)
[00:00:01 -1651.726215] SLOW spr round 3 (radius: 15)
[00:00:01 -1651.726210] SLOW spr round 4 (radius: 20)
[00:00:01 -1651.726210] SLOW spr round 5 (radius: 25)
[00:00:01 -1651.726210] Model parameter optimization (eps = 0.100000)

[00:00:01] [worker #0] ML tree search #9, logLikelihood: -1651.713873

[00:00:01 -2617.315372] Initial branch length optimization
[00:00:01 -1751.892839] Model parameter optimization (eps = 10.000000)
[00:00:01 -1664.647387] AUTODETECT spr round 1 (radius: 5)
[00:00:01 -1652.839594] AUTODETECT spr round 2 (radius: 10)
[00:00:01 -1650.916146] AUTODETECT spr round 3 (radius: 15)
[00:00:01 -1650.912111] SPR radius for FAST iterations: 10 (autodetect)
[00:00:01 -1650.912111] Model parameter optimization (eps = 3.000000)
[00:00:01] [worker #2] ML tree search #11, logLikelihood: -1651.053161
[00:00:01 -1650.727209] FAST spr round 1 (radius: 10)
[00:00:01 -1650.726790] Model parameter optimization (eps = 1.000000)
[00:00:01 -1650.726502] SLOW spr round 1 (radius: 5)
[00:00:01] [worker #3] ML tree search #16, logLikelihood: -1651.711632
[00:00:01 -1649.351232] SLOW spr round 2 (radius: 10)
[00:00:01 -1649.351181] SLOW spr round 3 (radius: 15)
[00:00:01] [worker #1] ML tree search #10, logLikelihood: -1650.080640
[00:00:01 -1649.351181] SLOW spr round 4 (radius: 20)
[00:00:01 -1649.351181] SLOW spr round 5 (radius: 25)
[00:00:01 -1649.351181] Model parameter optimization (eps = 0.100000)

[00:00:01] [worker #0] ML tree search #13, logLikelihood: -1649.314229

[00:00:01 -2617.003630] Initial branch length optimization
[00:00:01 -1753.384275] Model parameter optimization (eps = 10.000000)
[00:00:01 -1661.764649] AUTODETECT spr round 1 (radius: 5)
[00:00:01 -1650.841325] AUTODETECT spr round 2 (radius: 10)
[00:00:01 -1650.750122] SPR radius for FAST iterations: 5 (autodetect)
[00:00:01 -1650.750122] Model parameter optimization (eps = 3.000000)
[00:00:01 -1650.564243] FAST spr round 1 (radius: 5)
[00:00:01 -1649.608496] Model parameter optimization (eps = 1.000000)
[00:00:01 -1649.603022] SLOW spr round 1 (radius: 5)
[00:00:02 -1649.317665] SLOW spr round 2 (radius: 10)
[00:00:02] [worker #2] ML tree search #15, logLikelihood: -1651.708277
[00:00:02 -1649.317662] SLOW spr round 3 (radius: 15)
[00:00:02] [worker #3] ML tree search #20, logLikelihood: -1652.784386
[00:00:02 -1649.317662] SLOW spr round 4 (radius: 20)
[00:00:02 -1649.317662] SLOW spr round 5 (radius: 25)
[00:00:02 -1649.317662] Model parameter optimization (eps = 0.100000)

[00:00:02] [worker #0] ML tree search #17, logLikelihood: -1649.314059

[00:00:02] [worker #1] ML tree search #14, logLikelihood: -1650.382741
[00:00:02] [worker #2] ML tree search #19, logLikelihood: -1652.068705
[00:00:02] [worker #1] ML tree search #18, logLikelihood: -1651.269926

Optimized model parameters:

   Partition 0: noname
   Rate heterogeneity: GAMMA (4 cats, mean),  alpha: 0.176764 (ML),  weights&rates: (0.250000,0.000214) (0.250000,0.021537) (0.250000,0.320369) (0.250000,3.657880) 
   Base frequencies (empirical): 0.249304 0.191237 0.258713 0.300746 
   Substitution rates (ML): 0.268281 3.173241 0.639891 0.865490 6.743558 1.000000 


Final LogLikelihood: -1649.313973

AIC score: 3454.627946 / AICc score: 3483.901105 / BIC score: 3783.367377
Free parameters (model + branch lengths): 78

WARNING: Best ML tree contains 11 near-zero branches!

Best ML tree with collapsed near-zero branches saved to: /data/jeremias/eucs/roadies/output/genes/gene_239_filtered.fa.aln.raxml.bestTreeCollapsed
Best ML tree saved to: /data/jeremias/eucs/roadies/output/genes/gene_239_filtered.fa.aln.raxml.bestTree
All ML trees saved to: /data/jeremias/eucs/roadies/output/genes/gene_239_filtered.fa.aln.raxml.mlTrees
Optimized model saved to: /data/jeremias/eucs/roadies/output/genes/gene_239_filtered.fa.aln.raxml.bestModel

Execution log saved to: /data/jeremias/eucs/roadies/output/genes/gene_239_filtered.fa.aln.raxml.log

Analysis started: 03-Jul-2024 18:23:59 / finished: 03-Jul-2024 18:24:02

Elapsed time: 2.843 seconds

