
RAxML-NG v. 1.2.2 released on 11.04.2024 by The Exelixis Lab.
Developed by: Alexey M. Kozlov and Alexandros Stamatakis.
Contributors: Diego Darriba, Tomas Flouri, Benoit Morel, Sarah Lutteropp, Ben Bettisworth, Julia Haag, Anastasis Togkousidis.
Latest version: https://github.com/amkozlov/raxml-ng
Questions/problems/suggestions? Please visit: https://groups.google.com/forum/#!forum/raxml

System: AMD EPYC 7742 64-Core Processor, 128 cores, 1007 GB RAM

RAxML-NG was called at 03-Jul-2024 18:05:37 as follows:

raxml-ng --msa /data/jeremias/eucs/roadies/output/genes/gene_206_filtered.fa.aln --model GTR+G+F --redo --threads auto{4} --blopt nr_safe

Analysis options:
  run mode: ML tree search
  start tree(s): random (10) + parsimony (10)
  random seed: 1719993937
  tip-inner: OFF
  pattern compression: ON
  per-rate scalers: OFF
  site repeats: ON
  logLH epsilon: general: 10.000000, brlen-triplet: 1000.000000
  fast spr radius: AUTO
  spr subtree cutoff: 1.000000
  fast CLV updates: ON
  branch lengths: proportional (ML estimate, algorithm: NR-SAFE)
  SIMD kernels: AVX2
  parallelization: coarse-grained (auto), PTHREADS (auto)

WARNING: Running in REDO mode: existing checkpoints are ignored, and all result files will be overwritten!

[00:00:00] Reading alignment from file: /data/jeremias/eucs/roadies/output/genes/gene_206_filtered.fa.aln
[00:00:00] Loaded alignment with 103 taxa and 537 sites

WARNING: Sequences GCA_017140255.1_4 and GCA_017140475.1_4 are exactly identical!
WARNING: Sequences GCA_014182545.1_3 and GCA_016097595.1_1 are exactly identical!
WARNING: Sequences GCA_016097615.1_0 and GCA_017140475.1_1 are exactly identical!
WARNING: Sequences GCA_017140595.1_1 and GCA_017140595.1_0 are exactly identical!
WARNING: Duplicate sequences found: 4

NOTE: Reduced alignment (with duplicates and gap-only sites/taxa removed) 
NOTE: was saved to: /data/jeremias/eucs/roadies/output/genes/gene_206_filtered.fa.aln.raxml.reduced.phy

Alignment comprises 1 partitions and 361 patterns

Partition 0: noname
Model: GTR+FC+G4m
Alignment sites / patterns: 537 / 361
Gaps: 3.44 %
Invariant sites: 45.07 %


NOTE: Binary MSA file created: /data/jeremias/eucs/roadies/output/genes/gene_206_filtered.fa.aln.raxml.rba

Parallelization scheme autoconfig: 4 worker(s) x 1 thread(s)

[00:00:00] Generating 10 random starting tree(s) with 103 taxa
[00:00:00] Generating 10 parsimony starting tree(s) with 103 taxa
Parallel parsimony with 4 threads
Parallel reduction/worker buffer size: 1 KB  / 0 KB

[00:00:00] Data distribution: max. partitions/sites/weight per thread: 1 / 361 / 5776
[00:00:00] Data distribution: max. searches per worker: 5

Starting ML tree search with 20 distinct starting trees

[00:00:00 -9234.372520] Initial branch length optimization
[00:00:00 -7797.358019] Model parameter optimization (eps = 10.000000)
[00:00:00 -7372.604697] AUTODETECT spr round 1 (radius: 5)
[00:00:00 -5735.827973] AUTODETECT spr round 2 (radius: 10)
[00:00:01 -5107.255650] AUTODETECT spr round 3 (radius: 15)
[00:00:01 -5012.563248] AUTODETECT spr round 4 (radius: 20)
[00:00:02 -5010.201088] AUTODETECT spr round 5 (radius: 25)
[00:00:02 -5009.514942] SPR radius for FAST iterations: 25 (autodetect)
[00:00:02 -5009.514942] Model parameter optimization (eps = 3.000000)
[00:00:02 -4945.484075] FAST spr round 1 (radius: 25)
[00:00:02 -4639.072752] FAST spr round 2 (radius: 25)
[00:00:03 -4569.059448] FAST spr round 3 (radius: 25)
[00:00:03 -4569.059207] Model parameter optimization (eps = 1.000000)
[00:00:03 -4567.046164] SLOW spr round 1 (radius: 5)
[00:00:04 -4566.603557] SLOW spr round 2 (radius: 10)
[00:00:05 -4565.533974] SLOW spr round 3 (radius: 15)
[00:00:06 -4565.533962] SLOW spr round 4 (radius: 20)
[00:00:07] [worker #2] ML tree search #3, logLikelihood: -4577.291317
[00:00:07] [worker #3] ML tree search #4, logLikelihood: -4575.778367
[00:00:07 -4565.533962] SLOW spr round 5 (radius: 25)
[00:00:08 -4565.533962] Model parameter optimization (eps = 0.100000)

[00:00:08] [worker #0] ML tree search #1, logLikelihood: -4565.395195

[00:00:08 -9300.229559] Initial branch length optimization
[00:00:08 -7828.974285] Model parameter optimization (eps = 10.000000)
[00:00:08 -7380.598067] AUTODETECT spr round 1 (radius: 5)
[00:00:08 -5639.778839] AUTODETECT spr round 2 (radius: 10)
[00:00:09 -4896.054363] AUTODETECT spr round 3 (radius: 15)
[00:00:09 -4878.333740] AUTODETECT spr round 4 (radius: 20)
[00:00:10 -4874.136706] AUTODETECT spr round 5 (radius: 25)
[00:00:10 -4872.161329] SPR radius for FAST iterations: 25 (autodetect)
[00:00:10 -4872.161329] Model parameter optimization (eps = 3.000000)
[00:00:10] [worker #1] ML tree search #2, logLikelihood: -4591.155936
[00:00:10 -4798.285072] FAST spr round 1 (radius: 25)
[00:00:10 -4614.334679] FAST spr round 2 (radius: 25)
[00:00:11 -4596.542425] FAST spr round 3 (radius: 25)
[00:00:11 -4594.878043] Model parameter optimization (eps = 1.000000)
[00:00:11 -4593.507666] SLOW spr round 1 (radius: 5)
[00:00:12 -4592.210068] SLOW spr round 2 (radius: 10)
[00:00:13 -4585.315836] SLOW spr round 3 (radius: 15)
[00:00:14] [worker #2] ML tree search #7, logLikelihood: -4568.223008
[00:00:14 -4585.312609] SLOW spr round 4 (radius: 20)
[00:00:14] [worker #3] ML tree search #8, logLikelihood: -4567.394022
[00:00:15 -4585.312603] SLOW spr round 5 (radius: 25)
[00:00:15 -4585.312603] Model parameter optimization (eps = 0.100000)

[00:00:15] [worker #0] ML tree search #5, logLikelihood: -4585.221103

[00:00:15 -9306.760887] Initial branch length optimization
[00:00:15 -7891.069554] Model parameter optimization (eps = 10.000000)
[00:00:16 -7445.909724] AUTODETECT spr round 1 (radius: 5)
[00:00:16 -6055.651305] AUTODETECT spr round 2 (radius: 10)
[00:00:16 -5073.307284] AUTODETECT spr round 3 (radius: 15)
[00:00:17 -5051.693540] AUTODETECT spr round 4 (radius: 20)
[00:00:17 -5047.269732] AUTODETECT spr round 5 (radius: 25)
[00:00:17 -5043.352002] SPR radius for FAST iterations: 25 (autodetect)
[00:00:17 -5043.352002] Model parameter optimization (eps = 3.000000)
[00:00:17 -4968.784420] FAST spr round 1 (radius: 25)
[00:00:18 -4595.684736] FAST spr round 2 (radius: 25)
[00:00:18 -4578.306520] FAST spr round 3 (radius: 25)
[00:00:18 -4572.548670] Model parameter optimization (eps = 1.000000)
[00:00:19 -4569.516019] SLOW spr round 1 (radius: 5)
[00:00:20 -4569.160903] SLOW spr round 2 (radius: 10)
[00:00:20] [worker #3] ML tree search #12, logLikelihood: -4567.393782
[00:00:20] [worker #1] ML tree search #6, logLikelihood: -4572.665374
[00:00:20 -4569.160873] SLOW spr round 3 (radius: 15)
[00:00:21] [worker #2] ML tree search #11, logLikelihood: -4565.946300
[00:00:21 -4569.160872] SLOW spr round 4 (radius: 20)
[00:00:22 -4569.160872] SLOW spr round 5 (radius: 25)
[00:00:23 -4569.160872] Model parameter optimization (eps = 0.100000)

[00:00:23] [worker #0] ML tree search #9, logLikelihood: -4569.113846

[00:00:23 -6120.577644] Initial branch length optimization
[00:00:23 -4727.332465] Model parameter optimization (eps = 10.000000)
[00:00:23 -4648.049868] AUTODETECT spr round 1 (radius: 5)
[00:00:23 -4605.377870] AUTODETECT spr round 2 (radius: 10)
[00:00:24 -4593.886203] AUTODETECT spr round 3 (radius: 15)
[00:00:25 -4593.702879] AUTODETECT spr round 4 (radius: 20)
[00:00:25 -4593.151865] AUTODETECT spr round 5 (radius: 25)
[00:00:25 -4593.095721] SPR radius for FAST iterations: 20 (autodetect)
[00:00:25 -4593.095721] Model parameter optimization (eps = 3.000000)
[00:00:25 -4592.830587] FAST spr round 1 (radius: 20)
[00:00:25] [worker #3] ML tree search #16, logLikelihood: -4577.817020
[00:00:25 -4573.503269] FAST spr round 2 (radius: 20)
[00:00:25 -4573.502529] Model parameter optimization (eps = 1.000000)
[00:00:26 -4573.445203] SLOW spr round 1 (radius: 5)
[00:00:26 -4573.263789] SLOW spr round 2 (radius: 10)
[00:00:26] [worker #2] ML tree search #15, logLikelihood: -4567.251734
[00:00:27 -4572.617937] SLOW spr round 3 (radius: 15)
[00:00:28 -4572.617930] SLOW spr round 4 (radius: 20)
[00:00:29 -4572.617930] SLOW spr round 5 (radius: 25)
[00:00:30] [worker #1] ML tree search #10, logLikelihood: -4567.393826
[00:00:30 -4572.617930] Model parameter optimization (eps = 0.100000)

[00:00:30] [worker #0] ML tree search #13, logLikelihood: -4572.582102

[00:00:30 -6084.859103] Initial branch length optimization
[00:00:30 -4690.276931] Model parameter optimization (eps = 10.000000)
[00:00:30 -4612.930790] AUTODETECT spr round 1 (radius: 5)
[00:00:30 -4572.988542] AUTODETECT spr round 2 (radius: 10)
[00:00:30] [worker #3] ML tree search #20, logLikelihood: -4565.900992
[00:00:31 -4572.383952] AUTODETECT spr round 3 (radius: 15)
[00:00:31 -4572.364565] SPR radius for FAST iterations: 10 (autodetect)
[00:00:31 -4572.364565] Model parameter optimization (eps = 3.000000)
[00:00:31 -4572.301614] FAST spr round 1 (radius: 10)
[00:00:32 -4572.301592] Model parameter optimization (eps = 1.000000)
[00:00:32 -4572.301178] SLOW spr round 1 (radius: 5)
[00:00:32 -4572.212742] SLOW spr round 2 (radius: 10)
[00:00:33] [worker #2] ML tree search #19, logLikelihood: -4573.047387
[00:00:33 -4572.211937] SLOW spr round 3 (radius: 15)
[00:00:34 -4572.211856] SLOW spr round 4 (radius: 20)
[00:00:35 -4572.211848] SLOW spr round 5 (radius: 25)
[00:00:36 -4572.211848] Model parameter optimization (eps = 0.100000)

[00:00:36] [worker #0] ML tree search #17, logLikelihood: -4572.201429

[00:00:36] [worker #1] ML tree search #14, logLikelihood: -4569.132406
[00:00:42] [worker #1] ML tree search #18, logLikelihood: -4571.069498

Optimized model parameters:

   Partition 0: noname
   Rate heterogeneity: GAMMA (4 cats, mean),  alpha: 1.114833 (ML),  weights&rates: (0.250000,0.159280) (0.250000,0.508741) (0.250000,1.016696) (0.250000,2.315283) 
   Base frequencies (empirical): 0.306753 0.195447 0.212634 0.285166 
   Substitution rates (ML): 0.870750 2.338836 0.783142 1.403587 3.052903 1.000000 


Final LogLikelihood: -4565.395195

AIC score: 9554.790391 / AICc score: 9833.531131 / BIC score: 10463.421987
Free parameters (model + branch lengths): 212

WARNING: Best ML tree contains 27 near-zero branches!

Best ML tree with collapsed near-zero branches saved to: /data/jeremias/eucs/roadies/output/genes/gene_206_filtered.fa.aln.raxml.bestTreeCollapsed
Best ML tree saved to: /data/jeremias/eucs/roadies/output/genes/gene_206_filtered.fa.aln.raxml.bestTree
All ML trees saved to: /data/jeremias/eucs/roadies/output/genes/gene_206_filtered.fa.aln.raxml.mlTrees
Optimized model saved to: /data/jeremias/eucs/roadies/output/genes/gene_206_filtered.fa.aln.raxml.bestModel

Execution log saved to: /data/jeremias/eucs/roadies/output/genes/gene_206_filtered.fa.aln.raxml.log

Analysis started: 03-Jul-2024 18:05:37 / finished: 03-Jul-2024 18:06:20

Elapsed time: 42.296 seconds

