
RAxML-NG v. 1.2.2 released on 11.04.2024 by The Exelixis Lab.
Developed by: Alexey M. Kozlov and Alexandros Stamatakis.
Contributors: Diego Darriba, Tomas Flouri, Benoit Morel, Sarah Lutteropp, Ben Bettisworth, Julia Haag, Anastasis Togkousidis.
Latest version: https://github.com/amkozlov/raxml-ng
Questions/problems/suggestions? Please visit: https://groups.google.com/forum/#!forum/raxml

System: AMD EPYC 7742 64-Core Processor, 128 cores, 1007 GB RAM

RAxML-NG was called at 03-Jul-2024 20:32:21 as follows:

raxml-ng --msa /data/jeremias/eucs/roadies/output/genes/gene_105_filtered.fa.aln --model GTR+G+F --redo --threads auto{4} --blopt nr_safe

Analysis options:
  run mode: ML tree search
  start tree(s): random (10) + parsimony (10)
  random seed: 1720002741
  tip-inner: OFF
  pattern compression: ON
  per-rate scalers: OFF
  site repeats: ON
  logLH epsilon: general: 10.000000, brlen-triplet: 1000.000000
  fast spr radius: AUTO
  spr subtree cutoff: 1.000000
  fast CLV updates: ON
  branch lengths: proportional (ML estimate, algorithm: NR-SAFE)
  SIMD kernels: AVX2
  parallelization: coarse-grained (auto), PTHREADS (auto)

WARNING: Running in REDO mode: existing checkpoints are ignored, and all result files will be overwritten!

[00:00:00] Reading alignment from file: /data/jeremias/eucs/roadies/output/genes/gene_105_filtered.fa.aln
[00:00:00] Loaded alignment with 36 taxa and 511 sites

WARNING: Sequences GCA_014182385.1_0 and GCF_016545825.1_0 are exactly identical!
WARNING: Sequences GCA_014182385.1_0 and GCA_014182545.1_0 are exactly identical!
WARNING: Duplicate sequences found: 2

NOTE: Reduced alignment (with duplicates and gap-only sites/taxa removed) 
NOTE: was saved to: /data/jeremias/eucs/roadies/output/genes/gene_105_filtered.fa.aln.raxml.reduced.phy

Alignment comprises 1 partitions and 144 patterns

Partition 0: noname
Model: GTR+FC+G4m
Alignment sites / patterns: 511 / 144
Gaps: 3.32 %
Invariant sites: 74.76 %


NOTE: Binary MSA file created: /data/jeremias/eucs/roadies/output/genes/gene_105_filtered.fa.aln.raxml.rba

Parallelization scheme autoconfig: 4 worker(s) x 1 thread(s)

[00:00:00] Generating 10 random starting tree(s) with 36 taxa
[00:00:00] Generating 10 parsimony starting tree(s) with 36 taxa
Parallel parsimony with 4 threads
Parallel reduction/worker buffer size: 1 KB  / 0 KB

[00:00:00] Data distribution: max. partitions/sites/weight per thread: 1 / 144 / 2304
[00:00:00] Data distribution: max. searches per worker: 5

Starting ML tree search with 20 distinct starting trees

[00:00:00 -3241.211290] Initial branch length optimization
[00:00:00 -2359.123536] Model parameter optimization (eps = 10.000000)
[00:00:00 -2163.069992] AUTODETECT spr round 1 (radius: 5)
[00:00:00 -1902.738559] AUTODETECT spr round 2 (radius: 10)
[00:00:00 -1745.470171] AUTODETECT spr round 3 (radius: 15)
[00:00:00 -1745.460950] SPR radius for FAST iterations: 10 (autodetect)
[00:00:00 -1745.460950] Model parameter optimization (eps = 3.000000)
[00:00:00 -1730.823276] FAST spr round 1 (radius: 10)
[00:00:00 -1723.997694] Model parameter optimization (eps = 1.000000)
[00:00:00 -1723.923730] SLOW spr round 1 (radius: 5)
[00:00:00 -1721.652962] SLOW spr round 2 (radius: 10)
[00:00:00 -1721.652962] SLOW spr round 3 (radius: 15)
[00:00:00] [worker #1] ML tree search #2, logLikelihood: -1720.678650
[00:00:00] [worker #3] ML tree search #4, logLikelihood: -1720.678717
[00:00:00 -1721.652962] SLOW spr round 4 (radius: 20)
[00:00:01 -1721.652962] SLOW spr round 5 (radius: 25)
[00:00:01 -1721.652962] Model parameter optimization (eps = 0.100000)

[00:00:01] [worker #0] ML tree search #1, logLikelihood: -1721.638173

[00:00:01] [worker #2] ML tree search #3, logLikelihood: -1720.678824
[00:00:01 -3270.525577] Initial branch length optimization
[00:00:01 -2407.793667] Model parameter optimization (eps = 10.000000)
[00:00:01 -2201.661757] AUTODETECT spr round 1 (radius: 5)
[00:00:01 -1755.630101] AUTODETECT spr round 2 (radius: 10)
[00:00:01 -1751.402816] AUTODETECT spr round 3 (radius: 15)
[00:00:01 -1751.401278] SPR radius for FAST iterations: 10 (autodetect)
[00:00:01 -1751.401278] Model parameter optimization (eps = 3.000000)
[00:00:01 -1736.311248] FAST spr round 1 (radius: 10)
[00:00:01 -1726.130875] FAST spr round 2 (radius: 10)
[00:00:01 -1721.233806] Model parameter optimization (eps = 1.000000)
[00:00:01 -1720.857889] SLOW spr round 1 (radius: 5)
[00:00:01] [worker #3] ML tree search #8, logLikelihood: -1722.569132
[00:00:01] [worker #1] ML tree search #6, logLikelihood: -1721.493655
[00:00:01 -1720.679536] SLOW spr round 2 (radius: 10)
[00:00:01 -1720.679536] SLOW spr round 3 (radius: 15)
[00:00:01 -1720.679536] SLOW spr round 4 (radius: 20)
[00:00:01] [worker #2] ML tree search #7, logLikelihood: -1720.678674
[00:00:01 -1720.679536] SLOW spr round 5 (radius: 25)
[00:00:01 -1720.679536] Model parameter optimization (eps = 0.100000)

[00:00:01] [worker #0] ML tree search #5, logLikelihood: -1720.678599

[00:00:01 -3321.466610] Initial branch length optimization
[00:00:02 -2469.535870] Model parameter optimization (eps = 10.000000)
[00:00:02 -2233.918321] AUTODETECT spr round 1 (radius: 5)
[00:00:02 -1881.793900] AUTODETECT spr round 2 (radius: 10)
[00:00:02 -1751.357338] AUTODETECT spr round 3 (radius: 15)
[00:00:02 -1751.268683] SPR radius for FAST iterations: 10 (autodetect)
[00:00:02 -1751.268683] Model parameter optimization (eps = 3.000000)
[00:00:02 -1735.132426] FAST spr round 1 (radius: 10)
[00:00:02 -1726.644815] Model parameter optimization (eps = 1.000000)
[00:00:02] [worker #3] ML tree search #12, logLikelihood: -1721.183094
[00:00:02] [worker #1] ML tree search #10, logLikelihood: -1720.678680
[00:00:02 -1726.551151] SLOW spr round 1 (radius: 5)
[00:00:02] [worker #2] ML tree search #11, logLikelihood: -1720.678571
[00:00:02 -1723.390377] SLOW spr round 2 (radius: 10)
[00:00:02 -1722.620323] SLOW spr round 3 (radius: 15)
[00:00:02 -1722.620323] SLOW spr round 4 (radius: 20)
[00:00:02 -1722.620323] SLOW spr round 5 (radius: 25)
[00:00:02 -1722.620323] Model parameter optimization (eps = 0.100000)

[00:00:02] [worker #0] ML tree search #9, logLikelihood: -1722.569146

[00:00:02 -2654.600379] Initial branch length optimization
[00:00:02 -1784.765095] Model parameter optimization (eps = 10.000000)
[00:00:02 -1728.809604] AUTODETECT spr round 1 (radius: 5)
[00:00:02] [worker #3] ML tree search #16, logLikelihood: -1720.678609
[00:00:02 -1722.888970] AUTODETECT spr round 2 (radius: 10)
[00:00:03 -1722.706006] AUTODETECT spr round 3 (radius: 15)
[00:00:03] [worker #1] ML tree search #14, logLikelihood: -1720.678624
[00:00:03 -1722.705996] SPR radius for FAST iterations: 10 (autodetect)
[00:00:03 -1722.705996] Model parameter optimization (eps = 3.000000)
[00:00:03 -1722.650237] FAST spr round 1 (radius: 10)
[00:00:03 -1722.650027] Model parameter optimization (eps = 1.000000)
[00:00:03 -1722.649993] SLOW spr round 1 (radius: 5)
[00:00:03] [worker #2] ML tree search #15, logLikelihood: -1720.678642
[00:00:03 -1720.695347] SLOW spr round 2 (radius: 10)
[00:00:03 -1720.695272] SLOW spr round 3 (radius: 15)
[00:00:03] [worker #3] ML tree search #20, logLikelihood: -1720.678579
[00:00:03 -1720.695272] SLOW spr round 4 (radius: 20)
[00:00:03 -1720.695272] SLOW spr round 5 (radius: 25)
[00:00:03 -1720.695272] Model parameter optimization (eps = 0.100000)
[00:00:03] [worker #1] ML tree search #18, logLikelihood: -1720.678594

[00:00:03] [worker #0] ML tree search #13, logLikelihood: -1720.678685

[00:00:03 -2654.837338] Initial branch length optimization
[00:00:03 -1783.398756] Model parameter optimization (eps = 10.000000)
[00:00:03 -1726.789608] AUTODETECT spr round 1 (radius: 5)
[00:00:03 -1723.837951] AUTODETECT spr round 2 (radius: 10)
[00:00:03] [worker #2] ML tree search #19, logLikelihood: -1720.678585
[00:00:03 -1722.350589] AUTODETECT spr round 3 (radius: 15)
[00:00:03 -1722.343021] SPR radius for FAST iterations: 10 (autodetect)
[00:00:03 -1722.343021] Model parameter optimization (eps = 3.000000)
[00:00:03 -1722.278502] FAST spr round 1 (radius: 10)
[00:00:03 -1720.982747] Model parameter optimization (eps = 1.000000)
[00:00:03 -1720.961944] SLOW spr round 1 (radius: 5)
[00:00:04 -1720.692674] SLOW spr round 2 (radius: 10)
[00:00:04 -1720.692611] SLOW spr round 3 (radius: 15)
[00:00:04 -1720.692611] SLOW spr round 4 (radius: 20)
[00:00:04 -1720.692611] SLOW spr round 5 (radius: 25)
[00:00:04 -1720.692611] Model parameter optimization (eps = 0.100000)

[00:00:04] [worker #0] ML tree search #17, logLikelihood: -1720.678661


Optimized model parameters:

   Partition 0: noname
   Rate heterogeneity: GAMMA (4 cats, mean),  alpha: 0.746544 (ML),  weights&rates: (0.250000,0.084145) (0.250000,0.384688) (0.250000,0.940966) (0.250000,2.590201) 
   Base frequencies (empirical): 0.258518 0.202912 0.187732 0.350838 
   Substitution rates (ML): 1.100835 4.866040 0.426676 2.094407 5.015589 1.000000 


Final LogLikelihood: -1720.678571

AIC score: 3597.357142 / AICc score: 3625.884920 / BIC score: 3927.793970
Free parameters (model + branch lengths): 78

WARNING: Best ML tree contains 14 near-zero branches!

Best ML tree with collapsed near-zero branches saved to: /data/jeremias/eucs/roadies/output/genes/gene_105_filtered.fa.aln.raxml.bestTreeCollapsed
Best ML tree saved to: /data/jeremias/eucs/roadies/output/genes/gene_105_filtered.fa.aln.raxml.bestTree
All ML trees saved to: /data/jeremias/eucs/roadies/output/genes/gene_105_filtered.fa.aln.raxml.mlTrees
Optimized model saved to: /data/jeremias/eucs/roadies/output/genes/gene_105_filtered.fa.aln.raxml.bestModel

Execution log saved to: /data/jeremias/eucs/roadies/output/genes/gene_105_filtered.fa.aln.raxml.log

Analysis started: 03-Jul-2024 20:32:21 / finished: 03-Jul-2024 20:32:25

Elapsed time: 4.264 seconds

