
RAxML-NG v. 1.2.2 released on 11.04.2024 by The Exelixis Lab.
Developed by: Alexey M. Kozlov and Alexandros Stamatakis.
Contributors: Diego Darriba, Tomas Flouri, Benoit Morel, Sarah Lutteropp, Ben Bettisworth, Julia Haag, Anastasis Togkousidis.
Latest version: https://github.com/amkozlov/raxml-ng
Questions/problems/suggestions? Please visit: https://groups.google.com/forum/#!forum/raxml

System: AMD EPYC 7742 64-Core Processor, 128 cores, 1007 GB RAM

RAxML-NG was called at 03-Jul-2024 20:41:23 as follows:

raxml-ng --msa /data/jeremias/eucs/roadies/output/genes/gene_183_filtered.fa.aln --model GTR+G+F --redo --threads auto{4} --blopt nr_safe

Analysis options:
  run mode: ML tree search
  start tree(s): random (10) + parsimony (10)
  random seed: 1720003283
  tip-inner: OFF
  pattern compression: ON
  per-rate scalers: OFF
  site repeats: ON
  logLH epsilon: general: 10.000000, brlen-triplet: 1000.000000
  fast spr radius: AUTO
  spr subtree cutoff: 1.000000
  fast CLV updates: ON
  branch lengths: proportional (ML estimate, algorithm: NR-SAFE)
  SIMD kernels: AVX2
  parallelization: coarse-grained (auto), PTHREADS (auto)

WARNING: Running in REDO mode: existing checkpoints are ignored, and all result files will be overwritten!

[00:00:00] Reading alignment from file: /data/jeremias/eucs/roadies/output/genes/gene_183_filtered.fa.aln
[00:00:00] Loaded alignment with 37 taxa and 508 sites

WARNING: Sequences GCF_016545825.1_0 and GCA_014182545.1_0 are exactly identical!
WARNING: Sequences GCA_016097615.1_0 and GCA_004368105.3_0 are exactly identical!
WARNING: Sequences GCA_016097615.1_0 and GCA_017140255.1_0 are exactly identical!
WARNING: Sequences GCA_016097615.1_0 and GCA_017140185.1_0 are exactly identical!
WARNING: Sequences GCA_017140475.1_0 and GCA_016097485.1_0 are exactly identical!
WARNING: Duplicate sequences found: 5

NOTE: Reduced alignment (with duplicates and gap-only sites/taxa removed) 
NOTE: was saved to: /data/jeremias/eucs/roadies/output/genes/gene_183_filtered.fa.aln.raxml.reduced.phy

Alignment comprises 1 partitions and 88 patterns

Partition 0: noname
Model: GTR+FC+G4m
Alignment sites / patterns: 508 / 88
Gaps: 1.55 %
Invariant sites: 81.89 %


NOTE: Binary MSA file created: /data/jeremias/eucs/roadies/output/genes/gene_183_filtered.fa.aln.raxml.rba

Parallelization scheme autoconfig: 4 worker(s) x 1 thread(s)

[00:00:00] Generating 10 random starting tree(s) with 37 taxa
[00:00:00] Generating 10 parsimony starting tree(s) with 37 taxa
Parallel parsimony with 4 threads
Parallel reduction/worker buffer size: 1 KB  / 0 KB

[00:00:00] Data distribution: max. partitions/sites/weight per thread: 1 / 88 / 1408
[00:00:00] Data distribution: max. searches per worker: 5

Starting ML tree search with 20 distinct starting trees

[00:00:00 -2873.152094] Initial branch length optimization
[00:00:00 -2002.096047] Model parameter optimization (eps = 10.000000)
[00:00:00 -1828.662150] AUTODETECT spr round 1 (radius: 5)
[00:00:00 -1538.287842] AUTODETECT spr round 2 (radius: 10)
[00:00:00 -1440.352755] AUTODETECT spr round 3 (radius: 15)
[00:00:00 -1440.178487] AUTODETECT spr round 4 (radius: 20)
[00:00:00 -1440.178371] SPR radius for FAST iterations: 15 (autodetect)
[00:00:00 -1440.178371] Model parameter optimization (eps = 3.000000)
[00:00:00 -1433.533459] FAST spr round 1 (radius: 15)
[00:00:00 -1398.966489] FAST spr round 2 (radius: 15)
[00:00:00 -1398.088793] Model parameter optimization (eps = 1.000000)
[00:00:00 -1397.287009] SLOW spr round 1 (radius: 5)
[00:00:00 -1397.286999] SLOW spr round 2 (radius: 10)
[00:00:00 -1397.286999] SLOW spr round 3 (radius: 15)
[00:00:00] [worker #1] ML tree search #2, logLikelihood: -1397.243851
[00:00:00 -1397.286999] SLOW spr round 4 (radius: 20)
[00:00:00 -1397.286999] SLOW spr round 5 (radius: 25)
[00:00:00 -1397.286999] Model parameter optimization (eps = 0.100000)

[00:00:00] [worker #0] ML tree search #1, logLikelihood: -1397.283066

[00:00:00 -2878.535701] Initial branch length optimization
[00:00:00 -2013.695404] Model parameter optimization (eps = 10.000000)
[00:00:00] [worker #2] ML tree search #3, logLikelihood: -1397.243897
[00:00:00 -1834.925581] AUTODETECT spr round 1 (radius: 5)
[00:00:00] [worker #3] ML tree search #4, logLikelihood: -1397.283194
[00:00:00 -1487.778443] AUTODETECT spr round 2 (radius: 10)
[00:00:00 -1422.783201] AUTODETECT spr round 3 (radius: 15)
[00:00:00 -1422.762336] SPR radius for FAST iterations: 10 (autodetect)
[00:00:00 -1422.762336] Model parameter optimization (eps = 3.000000)
[00:00:00 -1413.844399] FAST spr round 1 (radius: 10)
[00:00:00 -1397.497889] FAST spr round 2 (radius: 10)
[00:00:00 -1397.497672] Model parameter optimization (eps = 1.000000)
[00:00:00 -1397.245532] SLOW spr round 1 (radius: 5)
[00:00:00 -1397.245527] SLOW spr round 2 (radius: 10)
[00:00:00 -1397.245527] SLOW spr round 3 (radius: 15)
[00:00:01 -1397.245527] SLOW spr round 4 (radius: 20)
[00:00:01 -1397.245527] SLOW spr round 5 (radius: 25)
[00:00:01 -1397.245527] Model parameter optimization (eps = 0.100000)

[00:00:01] [worker #0] ML tree search #5, logLikelihood: -1397.243892

[00:00:01 -2873.502696] Initial branch length optimization
[00:00:01 -2016.091124] Model parameter optimization (eps = 10.000000)
[00:00:01] [worker #2] ML tree search #7, logLikelihood: -1397.243850
[00:00:01] [worker #1] ML tree search #6, logLikelihood: -1397.283066
[00:00:01 -1844.154429] AUTODETECT spr round 1 (radius: 5)
[00:00:01 -1497.013566] AUTODETECT spr round 2 (radius: 10)
[00:00:01 -1496.678053] AUTODETECT spr round 3 (radius: 15)
[00:00:01 -1435.373137] AUTODETECT spr round 4 (radius: 20)
[00:00:01 -1435.356064] SPR radius for FAST iterations: 15 (autodetect)
[00:00:01 -1435.356064] Model parameter optimization (eps = 3.000000)
[00:00:01 -1428.802955] FAST spr round 1 (radius: 15)
[00:00:01] [worker #3] ML tree search #8, logLikelihood: -1397.243877
[00:00:01 -1398.011605] FAST spr round 2 (radius: 15)
[00:00:01 -1398.011438] Model parameter optimization (eps = 1.000000)
[00:00:01 -1397.287578] SLOW spr round 1 (radius: 5)
[00:00:01 -1397.287570] SLOW spr round 2 (radius: 10)
[00:00:01] [worker #2] ML tree search #11, logLikelihood: -1397.243856
[00:00:01 -1397.287570] SLOW spr round 3 (radius: 15)
[00:00:01] [worker #1] ML tree search #10, logLikelihood: -1397.283191
[00:00:01] [worker #3] ML tree search #12, logLikelihood: -1397.283195
[00:00:01 -1397.287570] SLOW spr round 4 (radius: 20)
[00:00:01 -1397.287570] SLOW spr round 5 (radius: 25)
[00:00:01 -1397.287570] Model parameter optimization (eps = 0.100000)

[00:00:01] [worker #0] ML tree search #9, logLikelihood: -1397.283032

[00:00:01 -2383.081817] Initial branch length optimization
[00:00:01 -1431.520647] Model parameter optimization (eps = 10.000000)
[00:00:01 -1405.221045] AUTODETECT spr round 1 (radius: 5)
[00:00:01 -1397.605816] AUTODETECT spr round 2 (radius: 10)
[00:00:01 -1397.604652] SPR radius for FAST iterations: 5 (autodetect)
[00:00:01 -1397.604652] Model parameter optimization (eps = 3.000000)
[00:00:01 -1397.243925] FAST spr round 1 (radius: 5)
[00:00:01 -1397.243873] Model parameter optimization (eps = 1.000000)
[00:00:01 -1397.243857] SLOW spr round 1 (radius: 5)
[00:00:01] [worker #2] ML tree search #15, logLikelihood: -1397.243876
[00:00:01] [worker #1] ML tree search #14, logLikelihood: -1397.243863
[00:00:01 -1397.243856] SLOW spr round 2 (radius: 10)
[00:00:01] [worker #3] ML tree search #16, logLikelihood: -1397.243853
[00:00:01 -1397.243856] SLOW spr round 3 (radius: 15)
[00:00:02 -1397.243856] SLOW spr round 4 (radius: 20)
[00:00:02 -1397.243856] SLOW spr round 5 (radius: 25)
[00:00:02 -1397.243856] Model parameter optimization (eps = 0.100000)

[00:00:02] [worker #0] ML tree search #13, logLikelihood: -1397.243855

[00:00:02 -2387.347341] Initial branch length optimization
[00:00:02 -1440.860513] Model parameter optimization (eps = 10.000000)
[00:00:02 -1412.715403] AUTODETECT spr round 1 (radius: 5)
[00:00:02 -1397.328085] AUTODETECT spr round 2 (radius: 10)
[00:00:02 -1397.327359] SPR radius for FAST iterations: 5 (autodetect)
[00:00:02 -1397.327359] Model parameter optimization (eps = 3.000000)
[00:00:02 -1397.244153] FAST spr round 1 (radius: 5)
[00:00:02] [worker #2] ML tree search #19, logLikelihood: -1397.243862
[00:00:02 -1397.244057] Model parameter optimization (eps = 1.000000)
[00:00:02 -1397.243853] SLOW spr round 1 (radius: 5)
[00:00:02] [worker #1] ML tree search #18, logLikelihood: -1397.243862
[00:00:02 -1397.243853] SLOW spr round 2 (radius: 10)
[00:00:02] [worker #3] ML tree search #20, logLikelihood: -1397.243859
[00:00:02 -1397.243853] SLOW spr round 3 (radius: 15)
[00:00:02 -1397.243853] SLOW spr round 4 (radius: 20)
[00:00:02 -1397.243853] SLOW spr round 5 (radius: 25)
[00:00:02 -1397.243853] Model parameter optimization (eps = 0.100000)

[00:00:02] [worker #0] ML tree search #17, logLikelihood: -1397.243853


Optimized model parameters:

   Partition 0: noname
   Rate heterogeneity: GAMMA (4 cats, mean),  alpha: 0.588821 (ML),  weights&rates: (0.250000,0.050811) (0.250000,0.306001) (0.250000,0.875507) (0.250000,2.767681) 
   Base frequencies (empirical): 0.359544 0.180988 0.194282 0.265186 
   Substitution rates (ML): 1.422023 6.288944 2.137726 2.700168 8.575981 1.000000 


Final LogLikelihood: -1397.243850

AIC score: 2954.487701 / AICc score: 2984.838989 / BIC score: 3292.926216
Free parameters (model + branch lengths): 80

WARNING: Best ML tree contains 23 near-zero branches!

Best ML tree with collapsed near-zero branches saved to: /data/jeremias/eucs/roadies/output/genes/gene_183_filtered.fa.aln.raxml.bestTreeCollapsed
Best ML tree saved to: /data/jeremias/eucs/roadies/output/genes/gene_183_filtered.fa.aln.raxml.bestTree
All ML trees saved to: /data/jeremias/eucs/roadies/output/genes/gene_183_filtered.fa.aln.raxml.mlTrees
Optimized model saved to: /data/jeremias/eucs/roadies/output/genes/gene_183_filtered.fa.aln.raxml.bestModel

Execution log saved to: /data/jeremias/eucs/roadies/output/genes/gene_183_filtered.fa.aln.raxml.log

Analysis started: 03-Jul-2024 20:41:23 / finished: 03-Jul-2024 20:41:26

Elapsed time: 2.453 seconds

