
RAxML-NG v. 1.2.2 released on 11.04.2024 by The Exelixis Lab.
Developed by: Alexey M. Kozlov and Alexandros Stamatakis.
Contributors: Diego Darriba, Tomas Flouri, Benoit Morel, Sarah Lutteropp, Ben Bettisworth, Julia Haag, Anastasis Togkousidis.
Latest version: https://github.com/amkozlov/raxml-ng
Questions/problems/suggestions? Please visit: https://groups.google.com/forum/#!forum/raxml

System: AMD EPYC 7742 64-Core Processor, 128 cores, 1007 GB RAM

RAxML-NG was called at 03-Jul-2024 19:24:33 as follows:

raxml-ng --msa /data/jeremias/eucs/roadies/output/genes/gene_192_filtered.fa.aln --model GTR+G+F --redo --threads auto{4} --blopt nr_safe

Analysis options:
  run mode: ML tree search
  start tree(s): random (10) + parsimony (10)
  random seed: 1719998673
  tip-inner: OFF
  pattern compression: ON
  per-rate scalers: OFF
  site repeats: ON
  logLH epsilon: general: 10.000000, brlen-triplet: 1000.000000
  fast spr radius: AUTO
  spr subtree cutoff: 1.000000
  fast CLV updates: ON
  branch lengths: proportional (ML estimate, algorithm: NR-SAFE)
  SIMD kernels: AVX2
  parallelization: coarse-grained (auto), PTHREADS (auto)

WARNING: Running in REDO mode: existing checkpoints are ignored, and all result files will be overwritten!

[00:00:00] Reading alignment from file: /data/jeremias/eucs/roadies/output/genes/gene_192_filtered.fa.aln
[00:00:00] Loaded alignment with 26 taxa and 596 sites

Alignment comprises 1 partitions and 296 patterns

Partition 0: noname
Model: GTR+FC+G4m
Alignment sites / patterns: 596 / 296
Gaps: 14.00 %
Invariant sites: 56.71 %


NOTE: Binary MSA file created: /data/jeremias/eucs/roadies/output/genes/gene_192_filtered.fa.aln.raxml.rba

Parallelization scheme autoconfig: 4 worker(s) x 1 thread(s)

[00:00:00] Generating 10 random starting tree(s) with 26 taxa
[00:00:00] Generating 10 parsimony starting tree(s) with 26 taxa
Parallel parsimony with 4 threads
Parallel reduction/worker buffer size: 1 KB  / 0 KB

[00:00:00] Data distribution: max. partitions/sites/weight per thread: 1 / 296 / 4736
[00:00:00] Data distribution: max. searches per worker: 5

Starting ML tree search with 20 distinct starting trees

[00:00:00 -4266.193783] Initial branch length optimization
[00:00:00 -3647.265811] Model parameter optimization (eps = 10.000000)
[00:00:00 -3436.606989] AUTODETECT spr round 1 (radius: 5)
[00:00:00 -3026.844033] AUTODETECT spr round 2 (radius: 10)
[00:00:00 -3025.419083] AUTODETECT spr round 3 (radius: 15)
[00:00:00 -3025.274468] AUTODETECT spr round 4 (radius: 20)
[00:00:00 -3025.261881] SPR radius for FAST iterations: 15 (autodetect)
[00:00:00 -3025.261881] Model parameter optimization (eps = 3.000000)
[00:00:00 -3009.280105] FAST spr round 1 (radius: 15)
[00:00:00 -2998.431790] FAST spr round 2 (radius: 15)
[00:00:00 -2994.671232] Model parameter optimization (eps = 1.000000)
[00:00:00 -2994.479704] SLOW spr round 1 (radius: 5)
[00:00:00 -2994.479513] SLOW spr round 2 (radius: 10)
[00:00:00 -2994.479513] SLOW spr round 3 (radius: 15)
[00:00:00 -2994.479513] SLOW spr round 4 (radius: 20)
[00:00:00 -2994.479513] SLOW spr round 5 (radius: 25)
[00:00:00 -2994.479513] Model parameter optimization (eps = 0.100000)

[00:00:00] [worker #0] ML tree search #1, logLikelihood: -2994.478831

[00:00:00 -4389.382703] Initial branch length optimization
[00:00:00 -3772.589239] Model parameter optimization (eps = 10.000000)
[00:00:00] [worker #2] ML tree search #3, logLikelihood: -2994.478948
[00:00:00] [worker #1] ML tree search #2, logLikelihood: -2994.478828
[00:00:00] [worker #3] ML tree search #4, logLikelihood: -2994.721165
[00:00:00 -3498.352803] AUTODETECT spr round 1 (radius: 5)
[00:00:00 -3164.108204] AUTODETECT spr round 2 (radius: 10)
[00:00:00 -3059.782442] AUTODETECT spr round 3 (radius: 15)
[00:00:01 -3059.395817] AUTODETECT spr round 4 (radius: 20)
[00:00:01 -3059.347069] SPR radius for FAST iterations: 15 (autodetect)
[00:00:01 -3059.347069] Model parameter optimization (eps = 3.000000)
[00:00:01 -3033.065925] FAST spr round 1 (radius: 15)
[00:00:01 -2996.110138] FAST spr round 2 (radius: 15)
[00:00:01 -2995.204047] Model parameter optimization (eps = 1.000000)
[00:00:01 -2994.838615] SLOW spr round 1 (radius: 5)
[00:00:01 -2994.487918] SLOW spr round 2 (radius: 10)
[00:00:01 -2994.487909] SLOW spr round 3 (radius: 15)
[00:00:01 -2994.487909] SLOW spr round 4 (radius: 20)
[00:00:01 -2994.487909] SLOW spr round 5 (radius: 25)
[00:00:01 -2994.487909] Model parameter optimization (eps = 0.100000)

[00:00:01] [worker #0] ML tree search #5, logLikelihood: -2994.478962

[00:00:01 -4406.831174] Initial branch length optimization
[00:00:01 -3744.611277] Model parameter optimization (eps = 10.000000)
[00:00:01] [worker #3] ML tree search #8, logLikelihood: -2995.965920
[00:00:01 -3484.678158] AUTODETECT spr round 1 (radius: 5)
[00:00:01] [worker #2] ML tree search #7, logLikelihood: -2995.965934
[00:00:01 -3094.024832] AUTODETECT spr round 2 (radius: 10)
[00:00:02 -3078.143772] AUTODETECT spr round 3 (radius: 15)
[00:00:02] [worker #1] ML tree search #6, logLikelihood: -2994.478835
[00:00:02 -3078.020862] AUTODETECT spr round 4 (radius: 20)
[00:00:02 -3078.008812] SPR radius for FAST iterations: 15 (autodetect)
[00:00:02 -3078.008812] Model parameter optimization (eps = 3.000000)
[00:00:02 -3056.270413] FAST spr round 1 (radius: 15)
[00:00:02 -2999.719273] FAST spr round 2 (radius: 15)
[00:00:02 -2996.989345] Model parameter optimization (eps = 1.000000)
[00:00:02 -2996.032748] SLOW spr round 1 (radius: 5)
[00:00:02] [worker #3] ML tree search #12, logLikelihood: -2994.478812
[00:00:02 -2994.487846] SLOW spr round 2 (radius: 10)
[00:00:02] [worker #2] ML tree search #11, logLikelihood: -2994.478827
[00:00:02 -2994.487846] SLOW spr round 3 (radius: 15)
[00:00:02 -2994.487846] SLOW spr round 4 (radius: 20)
[00:00:02 -2994.487846] SLOW spr round 5 (radius: 25)
[00:00:02 -2994.487846] Model parameter optimization (eps = 0.100000)

[00:00:02] [worker #0] ML tree search #9, logLikelihood: -2994.478866

[00:00:02 -3712.901582] Initial branch length optimization
[00:00:02 -3124.090190] Model parameter optimization (eps = 10.000000)
[00:00:02 -3008.130063] AUTODETECT spr round 1 (radius: 5)
[00:00:02 -2995.876111] AUTODETECT spr round 2 (radius: 10)
[00:00:02 -2995.871524] SPR radius for FAST iterations: 5 (autodetect)
[00:00:02 -2995.871524] Model parameter optimization (eps = 3.000000)
[00:00:02 -2995.656604] FAST spr round 1 (radius: 5)
[00:00:03 -2994.749635] Model parameter optimization (eps = 1.000000)
[00:00:03] [worker #1] ML tree search #10, logLikelihood: -2994.478941
[00:00:03 -2994.720978] SLOW spr round 1 (radius: 5)
[00:00:03] [worker #3] ML tree search #16, logLikelihood: -2994.721121
[00:00:03] [worker #2] ML tree search #15, logLikelihood: -2994.478936
[00:00:03 -2994.486466] SLOW spr round 2 (radius: 10)
[00:00:03 -2994.486465] SLOW spr round 3 (radius: 15)
[00:00:03 -2994.486465] SLOW spr round 4 (radius: 20)
[00:00:03 -2994.486465] SLOW spr round 5 (radius: 25)
[00:00:03 -2994.486465] Model parameter optimization (eps = 0.100000)

[00:00:03] [worker #0] ML tree search #13, logLikelihood: -2994.478806

[00:00:03 -3718.520190] Initial branch length optimization
[00:00:03 -3140.955378] Model parameter optimization (eps = 10.000000)
[00:00:03 -3022.849105] AUTODETECT spr round 1 (radius: 5)
[00:00:03 -2994.844913] AUTODETECT spr round 2 (radius: 10)
[00:00:03] [worker #1] ML tree search #14, logLikelihood: -2994.478807
[00:00:03 -2994.813843] SPR radius for FAST iterations: 5 (autodetect)
[00:00:03 -2994.813843] Model parameter optimization (eps = 3.000000)
[00:00:03 -2994.590421] FAST spr round 1 (radius: 5)
[00:00:03] [worker #3] ML tree search #20, logLikelihood: -2994.478908
[00:00:03 -2994.590290] Model parameter optimization (eps = 1.000000)
[00:00:03 -2994.590111] SLOW spr round 1 (radius: 5)
[00:00:03] [worker #2] ML tree search #19, logLikelihood: -2994.478942
[00:00:03 -2994.482650] SLOW spr round 2 (radius: 10)
[00:00:04 -2994.482640] SLOW spr round 3 (radius: 15)
[00:00:04 -2994.482640] SLOW spr round 4 (radius: 20)
[00:00:04 -2994.482640] SLOW spr round 5 (radius: 25)
[00:00:04 -2994.482640] Model parameter optimization (eps = 0.100000)

[00:00:04] [worker #0] ML tree search #17, logLikelihood: -2994.478872

[00:00:04] [worker #1] ML tree search #18, logLikelihood: -2996.641741

Optimized model parameters:

   Partition 0: noname
   Rate heterogeneity: GAMMA (4 cats, mean),  alpha: 0.967418 (ML),  weights&rates: (0.250000,0.130408) (0.250000,0.466735) (0.250000,0.994384) (0.250000,2.408473) 
   Base frequencies (empirical): 0.321327 0.170419 0.203437 0.304818 
   Substitution rates (ML): 0.763733 3.928322 0.678198 0.936015 4.243190 1.000000 


Final LogLikelihood: -2994.478806

AIC score: 6104.957612 / AICc score: 6117.702491 / BIC score: 6359.591571
Free parameters (model + branch lengths): 58

WARNING: Best ML tree contains 5 near-zero branches!

Best ML tree with collapsed near-zero branches saved to: /data/jeremias/eucs/roadies/output/genes/gene_192_filtered.fa.aln.raxml.bestTreeCollapsed
Best ML tree saved to: /data/jeremias/eucs/roadies/output/genes/gene_192_filtered.fa.aln.raxml.bestTree
All ML trees saved to: /data/jeremias/eucs/roadies/output/genes/gene_192_filtered.fa.aln.raxml.mlTrees
Optimized model saved to: /data/jeremias/eucs/roadies/output/genes/gene_192_filtered.fa.aln.raxml.bestModel

Execution log saved to: /data/jeremias/eucs/roadies/output/genes/gene_192_filtered.fa.aln.raxml.log

Analysis started: 03-Jul-2024 19:24:33 / finished: 03-Jul-2024 19:24:37

Elapsed time: 4.187 seconds

