
RAxML-NG v. 1.2.2 released on 11.04.2024 by The Exelixis Lab.
Developed by: Alexey M. Kozlov and Alexandros Stamatakis.
Contributors: Diego Darriba, Tomas Flouri, Benoit Morel, Sarah Lutteropp, Ben Bettisworth, Julia Haag, Anastasis Togkousidis.
Latest version: https://github.com/amkozlov/raxml-ng
Questions/problems/suggestions? Please visit: https://groups.google.com/forum/#!forum/raxml

System: AMD EPYC 7742 64-Core Processor, 128 cores, 1007 GB RAM

RAxML-NG was called at 03-Jul-2024 20:53:35 as follows:

raxml-ng --msa /data/jeremias/eucs/roadies/output/genes/gene_185_filtered.fa.aln --model GTR+G+F --redo --threads auto{4} --blopt nr_safe

Analysis options:
  run mode: ML tree search
  start tree(s): random (10) + parsimony (10)
  random seed: 1720004015
  tip-inner: OFF
  pattern compression: ON
  per-rate scalers: OFF
  site repeats: ON
  logLH epsilon: general: 10.000000, brlen-triplet: 1000.000000
  fast spr radius: AUTO
  spr subtree cutoff: 1.000000
  fast CLV updates: ON
  branch lengths: proportional (ML estimate, algorithm: NR-SAFE)
  SIMD kernels: AVX2
  parallelization: coarse-grained (auto), PTHREADS (auto)

WARNING: Running in REDO mode: existing checkpoints are ignored, and all result files will be overwritten!

[00:00:00] Reading alignment from file: /data/jeremias/eucs/roadies/output/genes/gene_185_filtered.fa.aln
[00:00:00] Loaded alignment with 194 taxa and 581 sites

WARNING: Sequences GCA_014182405.1_2 and GCA_014182405.1_3 are exactly identical!
WARNING: Sequences GCA_014182405.1_2 and GCA_016097485.1_2 are exactly identical!
WARNING: Sequences GCA_014182585.1_0 and GCA_017140615.1_0 are exactly identical!
WARNING: Sequences GCA_014182585.1_5 and GCA_016097545.1_4 are exactly identical!
WARNING: Sequences GCA_017140255.1_0 and GCA_017140185.1_0 are exactly identical!
WARNING: Sequences GCA_017140255.1_0 and GCA_016097615.1_0 are exactly identical!
WARNING: Sequences GCA_014182405.1_5 and GCA_004368105.3_4 are exactly identical!
WARNING: Sequences GCA_014182405.1_5 and GCA_016097485.1_4 are exactly identical!
WARNING: Sequences GCF_016545825.1_0 and GCA_016097595.1_1 are exactly identical!
WARNING: Sequences GCF_016545825.1_0 and GCA_016097595.1_0 are exactly identical!
WARNING: Sequences GCA_017140395.1_4 and GCA_017140615.1_6 are exactly identical!
WARNING: Sequences GCA_004368105.3_3 and GCA_016097485.1_3 are exactly identical!
WARNING: Duplicate sequences found: 12

NOTE: Reduced alignment (with duplicates and gap-only sites/taxa removed) 
NOTE: was saved to: /data/jeremias/eucs/roadies/output/genes/gene_185_filtered.fa.aln.raxml.reduced.phy

Alignment comprises 1 partitions and 497 patterns

Partition 0: noname
Model: GTR+FC+G4m
Alignment sites / patterns: 581 / 497
Gaps: 14.17 %
Invariant sites: 19.97 %


NOTE: Binary MSA file created: /data/jeremias/eucs/roadies/output/genes/gene_185_filtered.fa.aln.raxml.rba

Parallelization scheme autoconfig: 4 worker(s) x 1 thread(s)

[00:00:00] Generating 10 random starting tree(s) with 194 taxa
[00:00:00] Generating 10 parsimony starting tree(s) with 194 taxa
Parallel parsimony with 4 threads
Parallel reduction/worker buffer size: 1 KB  / 0 KB

[00:00:00] Data distribution: max. partitions/sites/weight per thread: 1 / 497 / 7952
[00:00:00] Data distribution: max. searches per worker: 5

Starting ML tree search with 20 distinct starting trees

[00:00:00 -55968.910468] Initial branch length optimization
[00:00:00 -39860.876685] Model parameter optimization (eps = 10.000000)
[00:00:01 -34923.736621] AUTODETECT spr round 1 (radius: 5)
[00:00:02 -18743.110287] AUTODETECT spr round 2 (radius: 10)
[00:00:03 -11362.450299] AUTODETECT spr round 3 (radius: 15)
[00:00:05 -9308.133734] AUTODETECT spr round 4 (radius: 20)
[00:00:07 -9303.557082] AUTODETECT spr round 5 (radius: 25)
[00:00:09 -9302.508206] SPR radius for FAST iterations: 25 (autodetect)
[00:00:09 -9302.508206] Model parameter optimization (eps = 3.000000)
[00:00:10 -9014.217609] FAST spr round 1 (radius: 25)
[00:00:11 -8234.790338] FAST spr round 2 (radius: 25)
[00:00:12 -8184.109734] FAST spr round 3 (radius: 25)
[00:00:13 -8180.866701] Model parameter optimization (eps = 1.000000)
[00:00:13 -8175.079939] SLOW spr round 1 (radius: 5)
[00:00:16 -8173.045418] SLOW spr round 2 (radius: 10)
[00:00:19 -8172.743533] SLOW spr round 3 (radius: 15)
[00:00:22 -8171.401959] SLOW spr round 4 (radius: 20)
[00:00:26 -8171.401933] SLOW spr round 5 (radius: 25)
[00:00:30 -8171.401932] Model parameter optimization (eps = 0.100000)

[00:00:30] [worker #0] ML tree search #1, logLikelihood: -8171.326814

[00:00:30 -55453.116812] Initial branch length optimization
[00:00:31 -38845.371401] Model parameter optimization (eps = 10.000000)
[00:00:32] [worker #2] ML tree search #3, logLikelihood: -8151.468520
[00:00:33] [worker #1] ML tree search #2, logLikelihood: -8159.431025
[00:00:33 -33772.599978] AUTODETECT spr round 1 (radius: 5)
[00:00:34 -19016.119479] AUTODETECT spr round 2 (radius: 10)
[00:00:35] [worker #3] ML tree search #4, logLikelihood: -8159.642834
[00:00:35 -10912.516769] AUTODETECT spr round 3 (radius: 15)
[00:00:37 -9175.817481] AUTODETECT spr round 4 (radius: 20)
[00:00:39 -9056.835123] AUTODETECT spr round 5 (radius: 25)
[00:00:41 -9055.261429] SPR radius for FAST iterations: 25 (autodetect)
[00:00:41 -9055.261429] Model parameter optimization (eps = 3.000000)
[00:00:42 -8744.306250] FAST spr round 1 (radius: 25)
[00:00:43 -8231.470675] FAST spr round 2 (radius: 25)
[00:00:44 -8174.261398] FAST spr round 3 (radius: 25)
[00:00:45 -8173.909776] Model parameter optimization (eps = 1.000000)
[00:00:45 -8170.517851] SLOW spr round 1 (radius: 5)
[00:00:48 -8168.389428] SLOW spr round 2 (radius: 10)
[00:00:51 -8166.189306] SLOW spr round 3 (radius: 15)
[00:00:54 -8163.741231] SLOW spr round 4 (radius: 20)
[00:00:57 -8163.739695] SLOW spr round 5 (radius: 25)
[00:01:02 -8163.739630] Model parameter optimization (eps = 0.100000)

[00:01:02] [worker #0] ML tree search #5, logLikelihood: -8163.703973

[00:01:02 -55689.852899] Initial branch length optimization
[00:01:02 -40086.684879] Model parameter optimization (eps = 10.000000)
[00:01:02] [worker #2] ML tree search #7, logLikelihood: -8156.027823
[00:01:04 -35156.801428] AUTODETECT spr round 1 (radius: 5)
[00:01:04 -17075.135828] AUTODETECT spr round 2 (radius: 10)
[00:01:06 -12039.935663] AUTODETECT spr round 3 (radius: 15)
[00:01:07] [worker #3] ML tree search #8, logLikelihood: -8159.367111
[00:01:07 -8946.536395] AUTODETECT spr round 4 (radius: 20)
[00:01:09 -8920.237110] AUTODETECT spr round 5 (radius: 25)
[00:01:09] [worker #1] ML tree search #6, logLikelihood: -8150.748279
[00:01:11 -8915.532798] SPR radius for FAST iterations: 25 (autodetect)
[00:01:11 -8915.532798] Model parameter optimization (eps = 3.000000)
[00:01:12 -8618.978554] FAST spr round 1 (radius: 25)
[00:01:13 -8222.372339] FAST spr round 2 (radius: 25)
[00:01:14 -8180.884897] FAST spr round 3 (radius: 25)
[00:01:15 -8171.366598] Model parameter optimization (eps = 1.000000)
[00:01:15 -8169.073284] SLOW spr round 1 (radius: 5)
[00:01:18 -8162.894382] SLOW spr round 2 (radius: 10)
[00:01:20 -8160.417604] SLOW spr round 3 (radius: 15)
[00:01:23 -8160.082715] SLOW spr round 4 (radius: 20)
[00:01:27 -8158.757409] SLOW spr round 5 (radius: 25)
[00:01:30] [worker #2] ML tree search #11, logLikelihood: -8159.778017
[00:01:31 -8158.757385] Model parameter optimization (eps = 0.100000)

[00:01:32] [worker #0] ML tree search #9, logLikelihood: -8158.699138

[00:01:32 -11435.554359] Initial branch length optimization
[00:01:32 -8522.792837] Model parameter optimization (eps = 10.000000)
[00:01:32 -8263.534361] AUTODETECT spr round 1 (radius: 5)
[00:01:33 -8182.949698] AUTODETECT spr round 2 (radius: 10)
[00:01:34 -8171.833775] AUTODETECT spr round 3 (radius: 15)
[00:01:36] [worker #3] ML tree search #12, logLikelihood: -8157.246056
[00:01:36 -8171.349698] AUTODETECT spr round 4 (radius: 20)
[00:01:39 -8171.319852] SPR radius for FAST iterations: 15 (autodetect)
[00:01:39 -8171.319852] Model parameter optimization (eps = 3.000000)
[00:01:39 -8171.095882] FAST spr round 1 (radius: 15)
[00:01:40 -8162.590817] Model parameter optimization (eps = 1.000000)
[00:01:40 -8162.459697] SLOW spr round 1 (radius: 5)
[00:01:41] [worker #1] ML tree search #10, logLikelihood: -8158.919101
[00:01:43 -8155.851967] SLOW spr round 2 (radius: 10)
[00:01:45 -8155.849330] SLOW spr round 3 (radius: 15)
[00:01:48 -8155.847892] SLOW spr round 4 (radius: 20)
[00:01:53 -8155.847109] SLOW spr round 5 (radius: 25)
[00:01:56] [worker #2] ML tree search #15, logLikelihood: -8155.481318
[00:01:59 -8155.846688] Model parameter optimization (eps = 0.100000)

[00:02:00] [worker #0] ML tree search #13, logLikelihood: -8155.843348

[00:02:00 -11438.585323] Initial branch length optimization
[00:02:00 -8515.962308] Model parameter optimization (eps = 10.000000)
[00:02:00 -8265.977536] AUTODETECT spr round 1 (radius: 5)
[00:02:01 -8206.296165] AUTODETECT spr round 2 (radius: 10)
[00:02:02 -8184.029582] AUTODETECT spr round 3 (radius: 15)
[00:02:03] [worker #3] ML tree search #16, logLikelihood: -8159.643156
[00:02:04 -8183.792845] AUTODETECT spr round 4 (radius: 20)
[00:02:06 -8183.791549] SPR radius for FAST iterations: 15 (autodetect)
[00:02:06 -8183.791549] Model parameter optimization (eps = 3.000000)
[00:02:06 -8183.553609] FAST spr round 1 (radius: 15)
[00:02:07 -8164.508654] FAST spr round 2 (radius: 15)
[00:02:07 -8164.507466] Model parameter optimization (eps = 1.000000)
[00:02:08 -8164.470577] SLOW spr round 1 (radius: 5)
[00:02:10] [worker #1] ML tree search #14, logLikelihood: -8161.469841
[00:02:10 -8162.569434] SLOW spr round 2 (radius: 10)
[00:02:13 -8160.541719] SLOW spr round 3 (radius: 15)
[00:02:16 -8159.328204] SLOW spr round 4 (radius: 20)
[00:02:20 -8159.328195] SLOW spr round 5 (radius: 25)
[00:02:21] [worker #2] ML tree search #19, logLikelihood: -8157.929906
[00:02:28 -8159.328195] Model parameter optimization (eps = 0.100000)

[00:02:28] [worker #0] ML tree search #17, logLikelihood: -8159.300469

[00:02:30] [worker #3] ML tree search #20, logLikelihood: -8156.997257
[00:02:33] [worker #1] ML tree search #18, logLikelihood: -8170.809808

Optimized model parameters:

   Partition 0: noname
   Rate heterogeneity: GAMMA (4 cats, mean),  alpha: 1.317097 (ML),  weights&rates: (0.250000,0.195636) (0.250000,0.554982) (0.250000,1.037595) (0.250000,2.211788) 
   Base frequencies (empirical): 0.178356 0.360640 0.264671 0.196332 
   Substitution rates (ML): 1.490437 5.459794 1.389892 1.250282 4.706778 1.000000 


Final LogLikelihood: -8150.748279

AIC score: 17089.496559 / AICc score: 18762.937419 / BIC score: 18809.208357
Free parameters (model + branch lengths): 394

WARNING: Best ML tree contains 58 near-zero branches!

Best ML tree with collapsed near-zero branches saved to: /data/jeremias/eucs/roadies/output/genes/gene_185_filtered.fa.aln.raxml.bestTreeCollapsed
Best ML tree saved to: /data/jeremias/eucs/roadies/output/genes/gene_185_filtered.fa.aln.raxml.bestTree
All ML trees saved to: /data/jeremias/eucs/roadies/output/genes/gene_185_filtered.fa.aln.raxml.mlTrees
Optimized model saved to: /data/jeremias/eucs/roadies/output/genes/gene_185_filtered.fa.aln.raxml.bestModel

Execution log saved to: /data/jeremias/eucs/roadies/output/genes/gene_185_filtered.fa.aln.raxml.log

Analysis started: 03-Jul-2024 20:53:35 / finished: 03-Jul-2024 20:56:08

Elapsed time: 153.563 seconds

