
RAxML-NG v. 1.2.2 released on 11.04.2024 by The Exelixis Lab.
Developed by: Alexey M. Kozlov and Alexandros Stamatakis.
Contributors: Diego Darriba, Tomas Flouri, Benoit Morel, Sarah Lutteropp, Ben Bettisworth, Julia Haag, Anastasis Togkousidis.
Latest version: https://github.com/amkozlov/raxml-ng
Questions/problems/suggestions? Please visit: https://groups.google.com/forum/#!forum/raxml

System: AMD EPYC 7742 64-Core Processor, 128 cores, 1007 GB RAM

RAxML-NG was called at 03-Jul-2024 18:32:17 as follows:

raxml-ng --msa /data/jeremias/eucs/roadies/output/genes/gene_166_filtered.fa.aln --model GTR+G+F --redo --threads auto{4} --blopt nr_safe

Analysis options:
  run mode: ML tree search
  start tree(s): random (10) + parsimony (10)
  random seed: 1719995537
  tip-inner: OFF
  pattern compression: ON
  per-rate scalers: OFF
  site repeats: ON
  logLH epsilon: general: 10.000000, brlen-triplet: 1000.000000
  fast spr radius: AUTO
  spr subtree cutoff: 1.000000
  fast CLV updates: ON
  branch lengths: proportional (ML estimate, algorithm: NR-SAFE)
  SIMD kernels: AVX2
  parallelization: coarse-grained (auto), PTHREADS (auto)

WARNING: Running in REDO mode: existing checkpoints are ignored, and all result files will be overwritten!

[00:00:00] Reading alignment from file: /data/jeremias/eucs/roadies/output/genes/gene_166_filtered.fa.aln
[00:00:00] Loaded alignment with 37 taxa and 548 sites

Alignment comprises 1 partitions and 216 patterns

Partition 0: noname
Model: GTR+FC+G4m
Alignment sites / patterns: 548 / 216
Gaps: 7.53 %
Invariant sites: 63.50 %


NOTE: Binary MSA file created: /data/jeremias/eucs/roadies/output/genes/gene_166_filtered.fa.aln.raxml.rba

Parallelization scheme autoconfig: 4 worker(s) x 1 thread(s)

[00:00:00] Generating 10 random starting tree(s) with 37 taxa
[00:00:00] Generating 10 parsimony starting tree(s) with 37 taxa
Parallel parsimony with 4 threads
Parallel reduction/worker buffer size: 1 KB  / 0 KB

[00:00:00] Data distribution: max. partitions/sites/weight per thread: 1 / 216 / 3456
[00:00:00] Data distribution: max. searches per worker: 5

Starting ML tree search with 20 distinct starting trees

[00:00:00 -4607.018956] Initial branch length optimization
[00:00:00 -3671.283169] Model parameter optimization (eps = 10.000000)
[00:00:00 -3360.101929] AUTODETECT spr round 1 (radius: 5)
[00:00:00 -2635.627897] AUTODETECT spr round 2 (radius: 10)
[00:00:00 -2498.363373] AUTODETECT spr round 3 (radius: 15)
[00:00:00 -2498.323432] SPR radius for FAST iterations: 10 (autodetect)
[00:00:00 -2498.323432] Model parameter optimization (eps = 3.000000)
[00:00:00 -2472.425795] FAST spr round 1 (radius: 10)
[00:00:00 -2391.929968] FAST spr round 2 (radius: 10)
[00:00:00 -2388.402709] Model parameter optimization (eps = 1.000000)
[00:00:00 -2387.154423] SLOW spr round 1 (radius: 5)
[00:00:01 -2385.451752] SLOW spr round 2 (radius: 10)
[00:00:01 -2385.451746] SLOW spr round 3 (radius: 15)
[00:00:01 -2385.451746] SLOW spr round 4 (radius: 20)
[00:00:01] [worker #2] ML tree search #3, logLikelihood: -2385.384182
[00:00:01] [worker #3] ML tree search #4, logLikelihood: -2385.384161
[00:00:01 -2385.451746] SLOW spr round 5 (radius: 25)
[00:00:01 -2385.451746] Model parameter optimization (eps = 0.100000)

[00:00:01] [worker #0] ML tree search #1, logLikelihood: -2385.384262

[00:00:01 -4544.968239] Initial branch length optimization
[00:00:01 -3616.621288] Model parameter optimization (eps = 10.000000)
[00:00:01 -3330.182906] AUTODETECT spr round 1 (radius: 5)
[00:00:01 -2589.220185] AUTODETECT spr round 2 (radius: 10)
[00:00:01] [worker #1] ML tree search #2, logLikelihood: -2385.384177
[00:00:01 -2500.082432] AUTODETECT spr round 3 (radius: 15)
[00:00:01 -2456.294966] AUTODETECT spr round 4 (radius: 20)
[00:00:01 -2455.847960] AUTODETECT spr round 5 (radius: 25)
[00:00:01 -2455.825318] SPR radius for FAST iterations: 20 (autodetect)
[00:00:01 -2455.825318] Model parameter optimization (eps = 3.000000)
[00:00:01 -2427.979232] FAST spr round 1 (radius: 20)
[00:00:01 -2389.168219] FAST spr round 2 (radius: 20)
[00:00:02 -2386.404130] Model parameter optimization (eps = 1.000000)
[00:00:02 -2385.502772] SLOW spr round 1 (radius: 5)
[00:00:02 -2385.433177] SLOW spr round 2 (radius: 10)
[00:00:02 -2385.433177] SLOW spr round 3 (radius: 15)
[00:00:02 -2385.433177] SLOW spr round 4 (radius: 20)
[00:00:02] [worker #3] ML tree search #8, logLikelihood: -2385.384357
[00:00:02 -2385.433177] SLOW spr round 5 (radius: 25)
[00:00:02 -2385.433177] Model parameter optimization (eps = 0.100000)

[00:00:02] [worker #0] ML tree search #5, logLikelihood: -2385.384226

[00:00:02 -4530.621217] Initial branch length optimization
[00:00:02 -3562.050720] Model parameter optimization (eps = 10.000000)
[00:00:02] [worker #2] ML tree search #7, logLikelihood: -2385.500721
[00:00:02 -3282.422736] AUTODETECT spr round 1 (radius: 5)
[00:00:02 -2766.246358] AUTODETECT spr round 2 (radius: 10)
[00:00:03 -2581.693757] AUTODETECT spr round 3 (radius: 15)
[00:00:03 -2460.827642] AUTODETECT spr round 4 (radius: 20)
[00:00:03 -2460.725370] AUTODETECT spr round 5 (radius: 25)
[00:00:03 -2460.720097] SPR radius for FAST iterations: 20 (autodetect)
[00:00:03 -2460.720097] Model parameter optimization (eps = 3.000000)
[00:00:03] [worker #1] ML tree search #6, logLikelihood: -2385.384321
[00:00:03 -2434.233690] FAST spr round 1 (radius: 20)
[00:00:03 -2395.895572] FAST spr round 2 (radius: 20)
[00:00:03 -2386.785026] Model parameter optimization (eps = 1.000000)
[00:00:03 -2385.624834] SLOW spr round 1 (radius: 5)
[00:00:03] [worker #3] ML tree search #12, logLikelihood: -2385.384151
[00:00:03 -2385.386105] SLOW spr round 2 (radius: 10)
[00:00:03] [worker #2] ML tree search #11, logLikelihood: -2385.384147
[00:00:03 -2385.386101] SLOW spr round 3 (radius: 15)
[00:00:04 -2385.386101] SLOW spr round 4 (radius: 20)
[00:00:04 -2385.386101] SLOW spr round 5 (radius: 25)
[00:00:04 -2385.386101] Model parameter optimization (eps = 0.100000)

[00:00:04] [worker #0] ML tree search #9, logLikelihood: -2385.384152

[00:00:04 -3305.392829] Initial branch length optimization
[00:00:04 -2486.066947] Model parameter optimization (eps = 10.000000)
[00:00:04 -2393.916374] AUTODETECT spr round 1 (radius: 5)
[00:00:04 -2388.563599] AUTODETECT spr round 2 (radius: 10)
[00:00:04 -2385.724092] AUTODETECT spr round 3 (radius: 15)
[00:00:04 -2385.724056] SPR radius for FAST iterations: 10 (autodetect)
[00:00:04 -2385.724056] Model parameter optimization (eps = 3.000000)
[00:00:04 -2385.614920] FAST spr round 1 (radius: 10)
[00:00:04] [worker #1] ML tree search #10, logLikelihood: -2385.500854
[00:00:04 -2385.614842] Model parameter optimization (eps = 1.000000)
[00:00:04 -2385.614832] SLOW spr round 1 (radius: 5)
[00:00:04] [worker #3] ML tree search #16, logLikelihood: -2385.384292
[00:00:04 -2385.394532] SLOW spr round 2 (radius: 10)
[00:00:04] [worker #2] ML tree search #15, logLikelihood: -2385.384408
[00:00:04 -2385.394500] SLOW spr round 3 (radius: 15)
[00:00:05 -2385.394500] SLOW spr round 4 (radius: 20)
[00:00:05 -2385.394500] SLOW spr round 5 (radius: 25)
[00:00:05 -2385.394500] Model parameter optimization (eps = 0.100000)

[00:00:05] [worker #0] ML tree search #13, logLikelihood: -2385.384315

[00:00:05 -3314.803394] Initial branch length optimization
[00:00:05 -2493.995863] Model parameter optimization (eps = 10.000000)
[00:00:05 -2402.454592] AUTODETECT spr round 1 (radius: 5)
[00:00:05 -2397.169953] AUTODETECT spr round 2 (radius: 10)
[00:00:05 -2393.677669] AUTODETECT spr round 3 (radius: 15)
[00:00:05 -2393.662629] SPR radius for FAST iterations: 10 (autodetect)
[00:00:05 -2393.662629] Model parameter optimization (eps = 3.000000)
[00:00:05 -2393.590797] FAST spr round 1 (radius: 10)
[00:00:05] [worker #1] ML tree search #14, logLikelihood: -2385.384147
[00:00:05 -2392.953016] Model parameter optimization (eps = 1.000000)
[00:00:05 -2392.942497] SLOW spr round 1 (radius: 5)
[00:00:05] [worker #3] ML tree search #20, logLikelihood: -2385.384192
[00:00:05 -2392.941981] SLOW spr round 2 (radius: 10)
[00:00:05 -2392.941981] SLOW spr round 3 (radius: 15)
[00:00:05] [worker #2] ML tree search #19, logLikelihood: -2385.384309
[00:00:05 -2392.941981] SLOW spr round 4 (radius: 20)
[00:00:06 -2392.941981] SLOW spr round 5 (radius: 25)
[00:00:06 -2392.941981] Model parameter optimization (eps = 0.100000)

[00:00:06] [worker #0] ML tree search #17, logLikelihood: -2392.941981

[00:00:06] [worker #1] ML tree search #18, logLikelihood: -2385.384375

Optimized model parameters:

   Partition 0: noname
   Rate heterogeneity: GAMMA (4 cats, mean),  alpha: 1.472958 (ML),  weights&rates: (0.250000,0.221115) (0.250000,0.583993) (0.250000,1.048793) (0.250000,2.146099) 
   Base frequencies (empirical): 0.295962 0.199957 0.200491 0.303590 
   Substitution rates (ML): 1.372631 7.770968 1.126897 1.830160 6.340370 1.000000 


Final LogLikelihood: -2385.384147

AIC score: 4930.768294 / AICc score: 4958.519900 / BIC score: 5275.270317
Free parameters (model + branch lengths): 80

WARNING: Best ML tree contains 9 near-zero branches!

Best ML tree with collapsed near-zero branches saved to: /data/jeremias/eucs/roadies/output/genes/gene_166_filtered.fa.aln.raxml.bestTreeCollapsed
Best ML tree saved to: /data/jeremias/eucs/roadies/output/genes/gene_166_filtered.fa.aln.raxml.bestTree
All ML trees saved to: /data/jeremias/eucs/roadies/output/genes/gene_166_filtered.fa.aln.raxml.mlTrees
Optimized model saved to: /data/jeremias/eucs/roadies/output/genes/gene_166_filtered.fa.aln.raxml.bestModel

Execution log saved to: /data/jeremias/eucs/roadies/output/genes/gene_166_filtered.fa.aln.raxml.log

Analysis started: 03-Jul-2024 18:32:17 / finished: 03-Jul-2024 18:32:24

Elapsed time: 6.411 seconds

